[2023-03-14T14:02:35.620+0000] {processor.py:153} INFO - Started process (PID=336) to work on /home/airflow/.local/lib/python3.7/site-packages/airflow/example_dags/example_python_operator.py
[2023-03-14T14:02:35.632+0000] {processor.py:743} INFO - Processing file /home/airflow/.local/lib/python3.7/site-packages/airflow/example_dags/example_python_operator.py for tasks to queue
[2023-03-14T14:02:35.633+0000] {logging_mixin.py:137} INFO - [2023-03-14T14:02:35.633+0000] {dagbag.py:538} INFO - Filling up the DagBag from /home/airflow/.local/lib/python3.7/site-packages/airflow/example_dags/example_python_operator.py
[2023-03-14T14:02:35.740+0000] {logging_mixin.py:137} INFO - [2023-03-14T14:02:35.740+0000] {taskmixin.py:205} WARNING - Dependency <Task(_PythonDecoratedOperator): print_the_context>, log_sql_query already registered for DAG: example_python_operator
[2023-03-14T14:02:35.743+0000] {logging_mixin.py:137} INFO - [2023-03-14T14:02:35.743+0000] {taskmixin.py:205} WARNING - Dependency <Task(_PythonDecoratedOperator): log_sql_query>, print_the_context already registered for DAG: example_python_operator
[2023-03-14T14:02:35.744+0000] {logging_mixin.py:137} INFO - [2023-03-14T14:02:35.744+0000] {taskmixin.py:205} WARNING - Dependency <Task(_PythonDecoratedOperator): print_the_context>, log_sql_query already registered for DAG: example_python_operator
[2023-03-14T14:02:35.745+0000] {logging_mixin.py:137} INFO - [2023-03-14T14:02:35.744+0000] {taskmixin.py:205} WARNING - Dependency <Task(_PythonDecoratedOperator): log_sql_query>, print_the_context already registered for DAG: example_python_operator
[2023-03-14T14:02:35.746+0000] {logging_mixin.py:137} INFO - [2023-03-14T14:02:35.746+0000] {taskmixin.py:205} WARNING - Dependency <Task(_PythonDecoratedOperator): print_the_context>, log_sql_query already registered for DAG: example_python_operator
[2023-03-14T14:02:35.746+0000] {logging_mixin.py:137} INFO - [2023-03-14T14:02:35.746+0000] {taskmixin.py:205} WARNING - Dependency <Task(_PythonDecoratedOperator): log_sql_query>, print_the_context already registered for DAG: example_python_operator
[2023-03-14T14:02:35.747+0000] {logging_mixin.py:137} INFO - [2023-03-14T14:02:35.747+0000] {taskmixin.py:205} WARNING - Dependency <Task(_PythonDecoratedOperator): print_the_context>, log_sql_query already registered for DAG: example_python_operator
[2023-03-14T14:02:35.748+0000] {logging_mixin.py:137} INFO - [2023-03-14T14:02:35.748+0000] {taskmixin.py:205} WARNING - Dependency <Task(_PythonDecoratedOperator): log_sql_query>, print_the_context already registered for DAG: example_python_operator
[2023-03-14T14:02:35.779+0000] {processor.py:753} INFO - DAG(s) dict_keys(['example_python_operator']) retrieved from /home/airflow/.local/lib/python3.7/site-packages/airflow/example_dags/example_python_operator.py
[2023-03-14T14:02:36.106+0000] {logging_mixin.py:137} INFO - [2023-03-14T14:02:36.105+0000] {dag.py:2690} INFO - Sync 1 DAGs
[2023-03-14T14:02:36.214+0000] {logging_mixin.py:137} INFO - [2023-03-14T14:02:36.214+0000] {dag.py:3441} INFO - Setting next_dagrun for example_python_operator to None, run_after=None
[2023-03-14T14:02:36.300+0000] {processor.py:175} INFO - Processing /home/airflow/.local/lib/python3.7/site-packages/airflow/example_dags/example_python_operator.py took 0.708 seconds
[2023-03-14T14:03:08.022+0000] {processor.py:153} INFO - Started process (PID=551) to work on /home/airflow/.local/lib/python3.7/site-packages/airflow/example_dags/example_python_operator.py
[2023-03-14T14:03:08.026+0000] {processor.py:743} INFO - Processing file /home/airflow/.local/lib/python3.7/site-packages/airflow/example_dags/example_python_operator.py for tasks to queue
[2023-03-14T14:03:08.026+0000] {logging_mixin.py:137} INFO - [2023-03-14T14:03:08.026+0000] {dagbag.py:538} INFO - Filling up the DagBag from /home/airflow/.local/lib/python3.7/site-packages/airflow/example_dags/example_python_operator.py
[2023-03-14T14:03:08.242+0000] {logging_mixin.py:137} INFO - [2023-03-14T14:03:08.242+0000] {taskmixin.py:205} WARNING - Dependency <Task(_PythonDecoratedOperator): print_the_context>, log_sql_query already registered for DAG: example_python_operator
[2023-03-14T14:03:08.243+0000] {logging_mixin.py:137} INFO - [2023-03-14T14:03:08.243+0000] {taskmixin.py:205} WARNING - Dependency <Task(_PythonDecoratedOperator): log_sql_query>, print_the_context already registered for DAG: example_python_operator
[2023-03-14T14:03:08.249+0000] {logging_mixin.py:137} INFO - [2023-03-14T14:03:08.249+0000] {taskmixin.py:205} WARNING - Dependency <Task(_PythonDecoratedOperator): print_the_context>, log_sql_query already registered for DAG: example_python_operator
[2023-03-14T14:03:08.262+0000] {logging_mixin.py:137} INFO - [2023-03-14T14:03:08.262+0000] {taskmixin.py:205} WARNING - Dependency <Task(_PythonDecoratedOperator): log_sql_query>, print_the_context already registered for DAG: example_python_operator
[2023-03-14T14:03:08.266+0000] {logging_mixin.py:137} INFO - [2023-03-14T14:03:08.266+0000] {taskmixin.py:205} WARNING - Dependency <Task(_PythonDecoratedOperator): print_the_context>, log_sql_query already registered for DAG: example_python_operator
[2023-03-14T14:03:08.266+0000] {logging_mixin.py:137} INFO - [2023-03-14T14:03:08.266+0000] {taskmixin.py:205} WARNING - Dependency <Task(_PythonDecoratedOperator): log_sql_query>, print_the_context already registered for DAG: example_python_operator
[2023-03-14T14:03:08.268+0000] {logging_mixin.py:137} INFO - [2023-03-14T14:03:08.268+0000] {taskmixin.py:205} WARNING - Dependency <Task(_PythonDecoratedOperator): print_the_context>, log_sql_query already registered for DAG: example_python_operator
[2023-03-14T14:03:08.275+0000] {logging_mixin.py:137} INFO - [2023-03-14T14:03:08.275+0000] {taskmixin.py:205} WARNING - Dependency <Task(_PythonDecoratedOperator): log_sql_query>, print_the_context already registered for DAG: example_python_operator
[2023-03-14T14:03:08.361+0000] {processor.py:753} INFO - DAG(s) dict_keys(['example_python_operator']) retrieved from /home/airflow/.local/lib/python3.7/site-packages/airflow/example_dags/example_python_operator.py
[2023-03-14T14:03:08.451+0000] {logging_mixin.py:137} INFO - [2023-03-14T14:03:08.451+0000] {dag.py:2690} INFO - Sync 1 DAGs
[2023-03-14T14:03:08.533+0000] {logging_mixin.py:137} INFO - [2023-03-14T14:03:08.533+0000] {dag.py:3441} INFO - Setting next_dagrun for example_python_operator to None, run_after=None
[2023-03-14T14:03:08.598+0000] {processor.py:175} INFO - Processing /home/airflow/.local/lib/python3.7/site-packages/airflow/example_dags/example_python_operator.py took 0.588 seconds
[2023-03-14T14:03:38.762+0000] {processor.py:153} INFO - Started process (PID=766) to work on /home/airflow/.local/lib/python3.7/site-packages/airflow/example_dags/example_python_operator.py
[2023-03-14T14:03:38.763+0000] {processor.py:743} INFO - Processing file /home/airflow/.local/lib/python3.7/site-packages/airflow/example_dags/example_python_operator.py for tasks to queue
[2023-03-14T14:03:38.764+0000] {logging_mixin.py:137} INFO - [2023-03-14T14:03:38.764+0000] {dagbag.py:538} INFO - Filling up the DagBag from /home/airflow/.local/lib/python3.7/site-packages/airflow/example_dags/example_python_operator.py
[2023-03-14T14:03:38.791+0000] {logging_mixin.py:137} INFO - [2023-03-14T14:03:38.791+0000] {taskmixin.py:205} WARNING - Dependency <Task(_PythonDecoratedOperator): print_the_context>, log_sql_query already registered for DAG: example_python_operator
[2023-03-14T14:03:38.791+0000] {logging_mixin.py:137} INFO - [2023-03-14T14:03:38.791+0000] {taskmixin.py:205} WARNING - Dependency <Task(_PythonDecoratedOperator): log_sql_query>, print_the_context already registered for DAG: example_python_operator
[2023-03-14T14:03:38.794+0000] {logging_mixin.py:137} INFO - [2023-03-14T14:03:38.794+0000] {taskmixin.py:205} WARNING - Dependency <Task(_PythonDecoratedOperator): print_the_context>, log_sql_query already registered for DAG: example_python_operator
[2023-03-14T14:03:38.795+0000] {logging_mixin.py:137} INFO - [2023-03-14T14:03:38.795+0000] {taskmixin.py:205} WARNING - Dependency <Task(_PythonDecoratedOperator): log_sql_query>, print_the_context already registered for DAG: example_python_operator
[2023-03-14T14:03:38.797+0000] {logging_mixin.py:137} INFO - [2023-03-14T14:03:38.796+0000] {taskmixin.py:205} WARNING - Dependency <Task(_PythonDecoratedOperator): print_the_context>, log_sql_query already registered for DAG: example_python_operator
[2023-03-14T14:03:38.797+0000] {logging_mixin.py:137} INFO - [2023-03-14T14:03:38.797+0000] {taskmixin.py:205} WARNING - Dependency <Task(_PythonDecoratedOperator): log_sql_query>, print_the_context already registered for DAG: example_python_operator
[2023-03-14T14:03:38.798+0000] {logging_mixin.py:137} INFO - [2023-03-14T14:03:38.798+0000] {taskmixin.py:205} WARNING - Dependency <Task(_PythonDecoratedOperator): print_the_context>, log_sql_query already registered for DAG: example_python_operator
[2023-03-14T14:03:38.799+0000] {logging_mixin.py:137} INFO - [2023-03-14T14:03:38.798+0000] {taskmixin.py:205} WARNING - Dependency <Task(_PythonDecoratedOperator): log_sql_query>, print_the_context already registered for DAG: example_python_operator
[2023-03-14T14:03:38.809+0000] {processor.py:753} INFO - DAG(s) dict_keys(['example_python_operator']) retrieved from /home/airflow/.local/lib/python3.7/site-packages/airflow/example_dags/example_python_operator.py
[2023-03-14T14:03:38.852+0000] {logging_mixin.py:137} INFO - [2023-03-14T14:03:38.851+0000] {dag.py:2690} INFO - Sync 1 DAGs
[2023-03-14T14:03:38.891+0000] {logging_mixin.py:137} INFO - [2023-03-14T14:03:38.889+0000] {dag.py:3441} INFO - Setting next_dagrun for example_python_operator to None, run_after=None
[2023-03-14T14:03:38.921+0000] {processor.py:175} INFO - Processing /home/airflow/.local/lib/python3.7/site-packages/airflow/example_dags/example_python_operator.py took 0.164 seconds
[2023-03-14T14:04:09.677+0000] {processor.py:153} INFO - Started process (PID=980) to work on /home/airflow/.local/lib/python3.7/site-packages/airflow/example_dags/example_python_operator.py
[2023-03-14T14:04:09.678+0000] {processor.py:743} INFO - Processing file /home/airflow/.local/lib/python3.7/site-packages/airflow/example_dags/example_python_operator.py for tasks to queue
[2023-03-14T14:04:09.679+0000] {logging_mixin.py:137} INFO - [2023-03-14T14:04:09.679+0000] {dagbag.py:538} INFO - Filling up the DagBag from /home/airflow/.local/lib/python3.7/site-packages/airflow/example_dags/example_python_operator.py
[2023-03-14T14:04:09.739+0000] {logging_mixin.py:137} INFO - [2023-03-14T14:04:09.739+0000] {taskmixin.py:205} WARNING - Dependency <Task(_PythonDecoratedOperator): print_the_context>, log_sql_query already registered for DAG: example_python_operator
[2023-03-14T14:04:09.740+0000] {logging_mixin.py:137} INFO - [2023-03-14T14:04:09.740+0000] {taskmixin.py:205} WARNING - Dependency <Task(_PythonDecoratedOperator): log_sql_query>, print_the_context already registered for DAG: example_python_operator
[2023-03-14T14:04:09.749+0000] {logging_mixin.py:137} INFO - [2023-03-14T14:04:09.749+0000] {taskmixin.py:205} WARNING - Dependency <Task(_PythonDecoratedOperator): print_the_context>, log_sql_query already registered for DAG: example_python_operator
[2023-03-14T14:04:09.749+0000] {logging_mixin.py:137} INFO - [2023-03-14T14:04:09.749+0000] {taskmixin.py:205} WARNING - Dependency <Task(_PythonDecoratedOperator): log_sql_query>, print_the_context already registered for DAG: example_python_operator
[2023-03-14T14:04:09.750+0000] {logging_mixin.py:137} INFO - [2023-03-14T14:04:09.750+0000] {taskmixin.py:205} WARNING - Dependency <Task(_PythonDecoratedOperator): print_the_context>, log_sql_query already registered for DAG: example_python_operator
[2023-03-14T14:04:09.750+0000] {logging_mixin.py:137} INFO - [2023-03-14T14:04:09.750+0000] {taskmixin.py:205} WARNING - Dependency <Task(_PythonDecoratedOperator): log_sql_query>, print_the_context already registered for DAG: example_python_operator
[2023-03-14T14:04:09.751+0000] {logging_mixin.py:137} INFO - [2023-03-14T14:04:09.751+0000] {taskmixin.py:205} WARNING - Dependency <Task(_PythonDecoratedOperator): print_the_context>, log_sql_query already registered for DAG: example_python_operator
[2023-03-14T14:04:09.752+0000] {logging_mixin.py:137} INFO - [2023-03-14T14:04:09.752+0000] {taskmixin.py:205} WARNING - Dependency <Task(_PythonDecoratedOperator): log_sql_query>, print_the_context already registered for DAG: example_python_operator
[2023-03-14T14:04:09.782+0000] {processor.py:753} INFO - DAG(s) dict_keys(['example_python_operator']) retrieved from /home/airflow/.local/lib/python3.7/site-packages/airflow/example_dags/example_python_operator.py
[2023-03-14T14:04:09.848+0000] {logging_mixin.py:137} INFO - [2023-03-14T14:04:09.848+0000] {dag.py:2690} INFO - Sync 1 DAGs
[2023-03-14T14:04:09.886+0000] {logging_mixin.py:137} INFO - [2023-03-14T14:04:09.886+0000] {dag.py:3441} INFO - Setting next_dagrun for example_python_operator to None, run_after=None
[2023-03-14T14:04:09.953+0000] {processor.py:175} INFO - Processing /home/airflow/.local/lib/python3.7/site-packages/airflow/example_dags/example_python_operator.py took 0.282 seconds
[2023-03-14T14:04:40.723+0000] {processor.py:153} INFO - Started process (PID=1194) to work on /home/airflow/.local/lib/python3.7/site-packages/airflow/example_dags/example_python_operator.py
[2023-03-14T14:04:40.725+0000] {processor.py:743} INFO - Processing file /home/airflow/.local/lib/python3.7/site-packages/airflow/example_dags/example_python_operator.py for tasks to queue
[2023-03-14T14:04:40.726+0000] {logging_mixin.py:137} INFO - [2023-03-14T14:04:40.726+0000] {dagbag.py:538} INFO - Filling up the DagBag from /home/airflow/.local/lib/python3.7/site-packages/airflow/example_dags/example_python_operator.py
[2023-03-14T14:04:40.753+0000] {logging_mixin.py:137} INFO - [2023-03-14T14:04:40.752+0000] {taskmixin.py:205} WARNING - Dependency <Task(_PythonDecoratedOperator): print_the_context>, log_sql_query already registered for DAG: example_python_operator
[2023-03-14T14:04:40.753+0000] {logging_mixin.py:137} INFO - [2023-03-14T14:04:40.753+0000] {taskmixin.py:205} WARNING - Dependency <Task(_PythonDecoratedOperator): log_sql_query>, print_the_context already registered for DAG: example_python_operator
[2023-03-14T14:04:40.755+0000] {logging_mixin.py:137} INFO - [2023-03-14T14:04:40.754+0000] {taskmixin.py:205} WARNING - Dependency <Task(_PythonDecoratedOperator): print_the_context>, log_sql_query already registered for DAG: example_python_operator
[2023-03-14T14:04:40.755+0000] {logging_mixin.py:137} INFO - [2023-03-14T14:04:40.755+0000] {taskmixin.py:205} WARNING - Dependency <Task(_PythonDecoratedOperator): log_sql_query>, print_the_context already registered for DAG: example_python_operator
[2023-03-14T14:04:40.756+0000] {logging_mixin.py:137} INFO - [2023-03-14T14:04:40.756+0000] {taskmixin.py:205} WARNING - Dependency <Task(_PythonDecoratedOperator): print_the_context>, log_sql_query already registered for DAG: example_python_operator
[2023-03-14T14:04:40.757+0000] {logging_mixin.py:137} INFO - [2023-03-14T14:04:40.757+0000] {taskmixin.py:205} WARNING - Dependency <Task(_PythonDecoratedOperator): log_sql_query>, print_the_context already registered for DAG: example_python_operator
[2023-03-14T14:04:40.758+0000] {logging_mixin.py:137} INFO - [2023-03-14T14:04:40.758+0000] {taskmixin.py:205} WARNING - Dependency <Task(_PythonDecoratedOperator): print_the_context>, log_sql_query already registered for DAG: example_python_operator
[2023-03-14T14:04:40.759+0000] {logging_mixin.py:137} INFO - [2023-03-14T14:04:40.759+0000] {taskmixin.py:205} WARNING - Dependency <Task(_PythonDecoratedOperator): log_sql_query>, print_the_context already registered for DAG: example_python_operator
[2023-03-14T14:04:40.770+0000] {processor.py:753} INFO - DAG(s) dict_keys(['example_python_operator']) retrieved from /home/airflow/.local/lib/python3.7/site-packages/airflow/example_dags/example_python_operator.py
[2023-03-14T14:04:40.844+0000] {logging_mixin.py:137} INFO - [2023-03-14T14:04:40.843+0000] {dag.py:2690} INFO - Sync 1 DAGs
[2023-03-14T14:04:40.883+0000] {logging_mixin.py:137} INFO - [2023-03-14T14:04:40.883+0000] {dag.py:3441} INFO - Setting next_dagrun for example_python_operator to None, run_after=None
[2023-03-14T14:04:40.913+0000] {processor.py:175} INFO - Processing /home/airflow/.local/lib/python3.7/site-packages/airflow/example_dags/example_python_operator.py took 0.195 seconds
[2023-03-14T14:05:11.574+0000] {processor.py:153} INFO - Started process (PID=1408) to work on /home/airflow/.local/lib/python3.7/site-packages/airflow/example_dags/example_python_operator.py
[2023-03-14T14:05:11.600+0000] {processor.py:743} INFO - Processing file /home/airflow/.local/lib/python3.7/site-packages/airflow/example_dags/example_python_operator.py for tasks to queue
[2023-03-14T14:05:11.601+0000] {logging_mixin.py:137} INFO - [2023-03-14T14:05:11.601+0000] {dagbag.py:538} INFO - Filling up the DagBag from /home/airflow/.local/lib/python3.7/site-packages/airflow/example_dags/example_python_operator.py
[2023-03-14T14:05:11.632+0000] {logging_mixin.py:137} INFO - [2023-03-14T14:05:11.632+0000] {taskmixin.py:205} WARNING - Dependency <Task(_PythonDecoratedOperator): print_the_context>, log_sql_query already registered for DAG: example_python_operator
[2023-03-14T14:05:11.633+0000] {logging_mixin.py:137} INFO - [2023-03-14T14:05:11.633+0000] {taskmixin.py:205} WARNING - Dependency <Task(_PythonDecoratedOperator): log_sql_query>, print_the_context already registered for DAG: example_python_operator
[2023-03-14T14:05:11.634+0000] {logging_mixin.py:137} INFO - [2023-03-14T14:05:11.634+0000] {taskmixin.py:205} WARNING - Dependency <Task(_PythonDecoratedOperator): print_the_context>, log_sql_query already registered for DAG: example_python_operator
[2023-03-14T14:05:11.635+0000] {logging_mixin.py:137} INFO - [2023-03-14T14:05:11.635+0000] {taskmixin.py:205} WARNING - Dependency <Task(_PythonDecoratedOperator): log_sql_query>, print_the_context already registered for DAG: example_python_operator
[2023-03-14T14:05:11.637+0000] {logging_mixin.py:137} INFO - [2023-03-14T14:05:11.637+0000] {taskmixin.py:205} WARNING - Dependency <Task(_PythonDecoratedOperator): print_the_context>, log_sql_query already registered for DAG: example_python_operator
[2023-03-14T14:05:11.640+0000] {logging_mixin.py:137} INFO - [2023-03-14T14:05:11.640+0000] {taskmixin.py:205} WARNING - Dependency <Task(_PythonDecoratedOperator): log_sql_query>, print_the_context already registered for DAG: example_python_operator
[2023-03-14T14:05:11.642+0000] {logging_mixin.py:137} INFO - [2023-03-14T14:05:11.642+0000] {taskmixin.py:205} WARNING - Dependency <Task(_PythonDecoratedOperator): print_the_context>, log_sql_query already registered for DAG: example_python_operator
[2023-03-14T14:05:11.643+0000] {logging_mixin.py:137} INFO - [2023-03-14T14:05:11.643+0000] {taskmixin.py:205} WARNING - Dependency <Task(_PythonDecoratedOperator): log_sql_query>, print_the_context already registered for DAG: example_python_operator
[2023-03-14T14:05:11.656+0000] {processor.py:753} INFO - DAG(s) dict_keys(['example_python_operator']) retrieved from /home/airflow/.local/lib/python3.7/site-packages/airflow/example_dags/example_python_operator.py
[2023-03-14T14:05:11.712+0000] {logging_mixin.py:137} INFO - [2023-03-14T14:05:11.712+0000] {dag.py:2690} INFO - Sync 1 DAGs
[2023-03-14T14:05:11.772+0000] {logging_mixin.py:137} INFO - [2023-03-14T14:05:11.772+0000] {dag.py:3441} INFO - Setting next_dagrun for example_python_operator to None, run_after=None
[2023-03-14T14:05:11.806+0000] {processor.py:175} INFO - Processing /home/airflow/.local/lib/python3.7/site-packages/airflow/example_dags/example_python_operator.py took 0.238 seconds
[2023-03-14T14:05:42.699+0000] {processor.py:153} INFO - Started process (PID=1633) to work on /home/airflow/.local/lib/python3.7/site-packages/airflow/example_dags/example_python_operator.py
[2023-03-14T14:05:42.710+0000] {processor.py:743} INFO - Processing file /home/airflow/.local/lib/python3.7/site-packages/airflow/example_dags/example_python_operator.py for tasks to queue
[2023-03-14T14:05:42.715+0000] {logging_mixin.py:137} INFO - [2023-03-14T14:05:42.715+0000] {dagbag.py:538} INFO - Filling up the DagBag from /home/airflow/.local/lib/python3.7/site-packages/airflow/example_dags/example_python_operator.py
[2023-03-14T14:05:42.802+0000] {logging_mixin.py:137} INFO - [2023-03-14T14:05:42.802+0000] {taskmixin.py:205} WARNING - Dependency <Task(_PythonDecoratedOperator): print_the_context>, log_sql_query already registered for DAG: example_python_operator
[2023-03-14T14:05:42.803+0000] {logging_mixin.py:137} INFO - [2023-03-14T14:05:42.803+0000] {taskmixin.py:205} WARNING - Dependency <Task(_PythonDecoratedOperator): log_sql_query>, print_the_context already registered for DAG: example_python_operator
[2023-03-14T14:05:42.804+0000] {logging_mixin.py:137} INFO - [2023-03-14T14:05:42.803+0000] {taskmixin.py:205} WARNING - Dependency <Task(_PythonDecoratedOperator): print_the_context>, log_sql_query already registered for DAG: example_python_operator
[2023-03-14T14:05:42.804+0000] {logging_mixin.py:137} INFO - [2023-03-14T14:05:42.804+0000] {taskmixin.py:205} WARNING - Dependency <Task(_PythonDecoratedOperator): log_sql_query>, print_the_context already registered for DAG: example_python_operator
[2023-03-14T14:05:42.815+0000] {logging_mixin.py:137} INFO - [2023-03-14T14:05:42.812+0000] {taskmixin.py:205} WARNING - Dependency <Task(_PythonDecoratedOperator): print_the_context>, log_sql_query already registered for DAG: example_python_operator
[2023-03-14T14:05:42.815+0000] {logging_mixin.py:137} INFO - [2023-03-14T14:05:42.815+0000] {taskmixin.py:205} WARNING - Dependency <Task(_PythonDecoratedOperator): log_sql_query>, print_the_context already registered for DAG: example_python_operator
[2023-03-14T14:05:42.816+0000] {logging_mixin.py:137} INFO - [2023-03-14T14:05:42.816+0000] {taskmixin.py:205} WARNING - Dependency <Task(_PythonDecoratedOperator): print_the_context>, log_sql_query already registered for DAG: example_python_operator
[2023-03-14T14:05:42.816+0000] {logging_mixin.py:137} INFO - [2023-03-14T14:05:42.816+0000] {taskmixin.py:205} WARNING - Dependency <Task(_PythonDecoratedOperator): log_sql_query>, print_the_context already registered for DAG: example_python_operator
[2023-03-14T14:05:42.843+0000] {processor.py:753} INFO - DAG(s) dict_keys(['example_python_operator']) retrieved from /home/airflow/.local/lib/python3.7/site-packages/airflow/example_dags/example_python_operator.py
[2023-03-14T14:05:42.932+0000] {logging_mixin.py:137} INFO - [2023-03-14T14:05:42.932+0000] {dag.py:2690} INFO - Sync 1 DAGs
[2023-03-14T14:05:42.973+0000] {logging_mixin.py:137} INFO - [2023-03-14T14:05:42.973+0000] {dag.py:3441} INFO - Setting next_dagrun for example_python_operator to None, run_after=None
[2023-03-14T14:05:43.027+0000] {processor.py:175} INFO - Processing /home/airflow/.local/lib/python3.7/site-packages/airflow/example_dags/example_python_operator.py took 0.333 seconds
[2023-03-14T14:06:13.678+0000] {processor.py:153} INFO - Started process (PID=1848) to work on /home/airflow/.local/lib/python3.7/site-packages/airflow/example_dags/example_python_operator.py
[2023-03-14T14:06:13.683+0000] {processor.py:743} INFO - Processing file /home/airflow/.local/lib/python3.7/site-packages/airflow/example_dags/example_python_operator.py for tasks to queue
[2023-03-14T14:06:13.684+0000] {logging_mixin.py:137} INFO - [2023-03-14T14:06:13.684+0000] {dagbag.py:538} INFO - Filling up the DagBag from /home/airflow/.local/lib/python3.7/site-packages/airflow/example_dags/example_python_operator.py
[2023-03-14T14:06:13.731+0000] {logging_mixin.py:137} INFO - [2023-03-14T14:06:13.731+0000] {taskmixin.py:205} WARNING - Dependency <Task(_PythonDecoratedOperator): print_the_context>, log_sql_query already registered for DAG: example_python_operator
[2023-03-14T14:06:13.731+0000] {logging_mixin.py:137} INFO - [2023-03-14T14:06:13.731+0000] {taskmixin.py:205} WARNING - Dependency <Task(_PythonDecoratedOperator): log_sql_query>, print_the_context already registered for DAG: example_python_operator
[2023-03-14T14:06:13.732+0000] {logging_mixin.py:137} INFO - [2023-03-14T14:06:13.732+0000] {taskmixin.py:205} WARNING - Dependency <Task(_PythonDecoratedOperator): print_the_context>, log_sql_query already registered for DAG: example_python_operator
[2023-03-14T14:06:13.733+0000] {logging_mixin.py:137} INFO - [2023-03-14T14:06:13.733+0000] {taskmixin.py:205} WARNING - Dependency <Task(_PythonDecoratedOperator): log_sql_query>, print_the_context already registered for DAG: example_python_operator
[2023-03-14T14:06:13.734+0000] {logging_mixin.py:137} INFO - [2023-03-14T14:06:13.734+0000] {taskmixin.py:205} WARNING - Dependency <Task(_PythonDecoratedOperator): print_the_context>, log_sql_query already registered for DAG: example_python_operator
[2023-03-14T14:06:13.734+0000] {logging_mixin.py:137} INFO - [2023-03-14T14:06:13.734+0000] {taskmixin.py:205} WARNING - Dependency <Task(_PythonDecoratedOperator): log_sql_query>, print_the_context already registered for DAG: example_python_operator
[2023-03-14T14:06:13.735+0000] {logging_mixin.py:137} INFO - [2023-03-14T14:06:13.735+0000] {taskmixin.py:205} WARNING - Dependency <Task(_PythonDecoratedOperator): print_the_context>, log_sql_query already registered for DAG: example_python_operator
[2023-03-14T14:06:13.736+0000] {logging_mixin.py:137} INFO - [2023-03-14T14:06:13.736+0000] {taskmixin.py:205} WARNING - Dependency <Task(_PythonDecoratedOperator): log_sql_query>, print_the_context already registered for DAG: example_python_operator
[2023-03-14T14:06:13.747+0000] {processor.py:753} INFO - DAG(s) dict_keys(['example_python_operator']) retrieved from /home/airflow/.local/lib/python3.7/site-packages/airflow/example_dags/example_python_operator.py
[2023-03-14T14:06:13.795+0000] {logging_mixin.py:137} INFO - [2023-03-14T14:06:13.794+0000] {dag.py:2690} INFO - Sync 1 DAGs
[2023-03-14T14:06:13.835+0000] {logging_mixin.py:137} INFO - [2023-03-14T14:06:13.835+0000] {dag.py:3441} INFO - Setting next_dagrun for example_python_operator to None, run_after=None
[2023-03-14T14:06:13.881+0000] {processor.py:175} INFO - Processing /home/airflow/.local/lib/python3.7/site-packages/airflow/example_dags/example_python_operator.py took 0.209 seconds
[2023-03-14T14:06:44.151+0000] {processor.py:153} INFO - Started process (PID=2063) to work on /home/airflow/.local/lib/python3.7/site-packages/airflow/example_dags/example_python_operator.py
[2023-03-14T14:06:44.157+0000] {processor.py:743} INFO - Processing file /home/airflow/.local/lib/python3.7/site-packages/airflow/example_dags/example_python_operator.py for tasks to queue
[2023-03-14T14:06:44.158+0000] {logging_mixin.py:137} INFO - [2023-03-14T14:06:44.158+0000] {dagbag.py:538} INFO - Filling up the DagBag from /home/airflow/.local/lib/python3.7/site-packages/airflow/example_dags/example_python_operator.py
[2023-03-14T14:06:44.206+0000] {logging_mixin.py:137} INFO - [2023-03-14T14:06:44.204+0000] {taskmixin.py:205} WARNING - Dependency <Task(_PythonDecoratedOperator): print_the_context>, log_sql_query already registered for DAG: example_python_operator
[2023-03-14T14:06:44.206+0000] {logging_mixin.py:137} INFO - [2023-03-14T14:06:44.206+0000] {taskmixin.py:205} WARNING - Dependency <Task(_PythonDecoratedOperator): log_sql_query>, print_the_context already registered for DAG: example_python_operator
[2023-03-14T14:06:44.207+0000] {logging_mixin.py:137} INFO - [2023-03-14T14:06:44.207+0000] {taskmixin.py:205} WARNING - Dependency <Task(_PythonDecoratedOperator): print_the_context>, log_sql_query already registered for DAG: example_python_operator
[2023-03-14T14:06:44.208+0000] {logging_mixin.py:137} INFO - [2023-03-14T14:06:44.208+0000] {taskmixin.py:205} WARNING - Dependency <Task(_PythonDecoratedOperator): log_sql_query>, print_the_context already registered for DAG: example_python_operator
[2023-03-14T14:06:44.209+0000] {logging_mixin.py:137} INFO - [2023-03-14T14:06:44.209+0000] {taskmixin.py:205} WARNING - Dependency <Task(_PythonDecoratedOperator): print_the_context>, log_sql_query already registered for DAG: example_python_operator
[2023-03-14T14:06:44.209+0000] {logging_mixin.py:137} INFO - [2023-03-14T14:06:44.209+0000] {taskmixin.py:205} WARNING - Dependency <Task(_PythonDecoratedOperator): log_sql_query>, print_the_context already registered for DAG: example_python_operator
[2023-03-14T14:06:44.210+0000] {logging_mixin.py:137} INFO - [2023-03-14T14:06:44.210+0000] {taskmixin.py:205} WARNING - Dependency <Task(_PythonDecoratedOperator): print_the_context>, log_sql_query already registered for DAG: example_python_operator
[2023-03-14T14:06:44.210+0000] {logging_mixin.py:137} INFO - [2023-03-14T14:06:44.210+0000] {taskmixin.py:205} WARNING - Dependency <Task(_PythonDecoratedOperator): log_sql_query>, print_the_context already registered for DAG: example_python_operator
[2023-03-14T14:06:44.230+0000] {processor.py:753} INFO - DAG(s) dict_keys(['example_python_operator']) retrieved from /home/airflow/.local/lib/python3.7/site-packages/airflow/example_dags/example_python_operator.py
[2023-03-14T14:06:44.276+0000] {logging_mixin.py:137} INFO - [2023-03-14T14:06:44.276+0000] {dag.py:2690} INFO - Sync 1 DAGs
[2023-03-14T14:06:44.314+0000] {logging_mixin.py:137} INFO - [2023-03-14T14:06:44.314+0000] {dag.py:3441} INFO - Setting next_dagrun for example_python_operator to None, run_after=None
[2023-03-14T14:06:44.373+0000] {processor.py:175} INFO - Processing /home/airflow/.local/lib/python3.7/site-packages/airflow/example_dags/example_python_operator.py took 0.234 seconds
[2023-03-14T14:07:15.178+0000] {processor.py:153} INFO - Started process (PID=2278) to work on /home/airflow/.local/lib/python3.7/site-packages/airflow/example_dags/example_python_operator.py
[2023-03-14T14:07:15.189+0000] {processor.py:743} INFO - Processing file /home/airflow/.local/lib/python3.7/site-packages/airflow/example_dags/example_python_operator.py for tasks to queue
[2023-03-14T14:07:15.192+0000] {logging_mixin.py:137} INFO - [2023-03-14T14:07:15.190+0000] {dagbag.py:538} INFO - Filling up the DagBag from /home/airflow/.local/lib/python3.7/site-packages/airflow/example_dags/example_python_operator.py
[2023-03-14T14:07:15.274+0000] {logging_mixin.py:137} INFO - [2023-03-14T14:07:15.273+0000] {taskmixin.py:205} WARNING - Dependency <Task(_PythonDecoratedOperator): print_the_context>, log_sql_query already registered for DAG: example_python_operator
[2023-03-14T14:07:15.274+0000] {logging_mixin.py:137} INFO - [2023-03-14T14:07:15.274+0000] {taskmixin.py:205} WARNING - Dependency <Task(_PythonDecoratedOperator): log_sql_query>, print_the_context already registered for DAG: example_python_operator
[2023-03-14T14:07:15.278+0000] {logging_mixin.py:137} INFO - [2023-03-14T14:07:15.278+0000] {taskmixin.py:205} WARNING - Dependency <Task(_PythonDecoratedOperator): print_the_context>, log_sql_query already registered for DAG: example_python_operator
[2023-03-14T14:07:15.278+0000] {logging_mixin.py:137} INFO - [2023-03-14T14:07:15.278+0000] {taskmixin.py:205} WARNING - Dependency <Task(_PythonDecoratedOperator): log_sql_query>, print_the_context already registered for DAG: example_python_operator
[2023-03-14T14:07:15.279+0000] {logging_mixin.py:137} INFO - [2023-03-14T14:07:15.279+0000] {taskmixin.py:205} WARNING - Dependency <Task(_PythonDecoratedOperator): print_the_context>, log_sql_query already registered for DAG: example_python_operator
[2023-03-14T14:07:15.280+0000] {logging_mixin.py:137} INFO - [2023-03-14T14:07:15.280+0000] {taskmixin.py:205} WARNING - Dependency <Task(_PythonDecoratedOperator): log_sql_query>, print_the_context already registered for DAG: example_python_operator
[2023-03-14T14:07:15.282+0000] {logging_mixin.py:137} INFO - [2023-03-14T14:07:15.282+0000] {taskmixin.py:205} WARNING - Dependency <Task(_PythonDecoratedOperator): print_the_context>, log_sql_query already registered for DAG: example_python_operator
[2023-03-14T14:07:15.283+0000] {logging_mixin.py:137} INFO - [2023-03-14T14:07:15.283+0000] {taskmixin.py:205} WARNING - Dependency <Task(_PythonDecoratedOperator): log_sql_query>, print_the_context already registered for DAG: example_python_operator
[2023-03-14T14:07:15.301+0000] {processor.py:753} INFO - DAG(s) dict_keys(['example_python_operator']) retrieved from /home/airflow/.local/lib/python3.7/site-packages/airflow/example_dags/example_python_operator.py
[2023-03-14T14:07:15.395+0000] {logging_mixin.py:137} INFO - [2023-03-14T14:07:15.395+0000] {dag.py:2690} INFO - Sync 1 DAGs
[2023-03-14T14:07:15.466+0000] {logging_mixin.py:137} INFO - [2023-03-14T14:07:15.465+0000] {dag.py:3441} INFO - Setting next_dagrun for example_python_operator to None, run_after=None
[2023-03-14T14:07:15.543+0000] {processor.py:175} INFO - Processing /home/airflow/.local/lib/python3.7/site-packages/airflow/example_dags/example_python_operator.py took 0.374 seconds
[2023-03-14T14:07:46.005+0000] {processor.py:153} INFO - Started process (PID=2502) to work on /home/airflow/.local/lib/python3.7/site-packages/airflow/example_dags/example_python_operator.py
[2023-03-14T14:07:46.008+0000] {processor.py:743} INFO - Processing file /home/airflow/.local/lib/python3.7/site-packages/airflow/example_dags/example_python_operator.py for tasks to queue
[2023-03-14T14:07:46.010+0000] {logging_mixin.py:137} INFO - [2023-03-14T14:07:46.009+0000] {dagbag.py:538} INFO - Filling up the DagBag from /home/airflow/.local/lib/python3.7/site-packages/airflow/example_dags/example_python_operator.py
[2023-03-14T14:07:46.056+0000] {logging_mixin.py:137} INFO - [2023-03-14T14:07:46.055+0000] {taskmixin.py:205} WARNING - Dependency <Task(_PythonDecoratedOperator): print_the_context>, log_sql_query already registered for DAG: example_python_operator
[2023-03-14T14:07:46.056+0000] {logging_mixin.py:137} INFO - [2023-03-14T14:07:46.056+0000] {taskmixin.py:205} WARNING - Dependency <Task(_PythonDecoratedOperator): log_sql_query>, print_the_context already registered for DAG: example_python_operator
[2023-03-14T14:07:46.057+0000] {logging_mixin.py:137} INFO - [2023-03-14T14:07:46.057+0000] {taskmixin.py:205} WARNING - Dependency <Task(_PythonDecoratedOperator): print_the_context>, log_sql_query already registered for DAG: example_python_operator
[2023-03-14T14:07:46.057+0000] {logging_mixin.py:137} INFO - [2023-03-14T14:07:46.057+0000] {taskmixin.py:205} WARNING - Dependency <Task(_PythonDecoratedOperator): log_sql_query>, print_the_context already registered for DAG: example_python_operator
[2023-03-14T14:07:46.058+0000] {logging_mixin.py:137} INFO - [2023-03-14T14:07:46.058+0000] {taskmixin.py:205} WARNING - Dependency <Task(_PythonDecoratedOperator): print_the_context>, log_sql_query already registered for DAG: example_python_operator
[2023-03-14T14:07:46.059+0000] {logging_mixin.py:137} INFO - [2023-03-14T14:07:46.058+0000] {taskmixin.py:205} WARNING - Dependency <Task(_PythonDecoratedOperator): log_sql_query>, print_the_context already registered for DAG: example_python_operator
[2023-03-14T14:07:46.060+0000] {logging_mixin.py:137} INFO - [2023-03-14T14:07:46.059+0000] {taskmixin.py:205} WARNING - Dependency <Task(_PythonDecoratedOperator): print_the_context>, log_sql_query already registered for DAG: example_python_operator
[2023-03-14T14:07:46.060+0000] {logging_mixin.py:137} INFO - [2023-03-14T14:07:46.060+0000] {taskmixin.py:205} WARNING - Dependency <Task(_PythonDecoratedOperator): log_sql_query>, print_the_context already registered for DAG: example_python_operator
[2023-03-14T14:07:46.070+0000] {processor.py:753} INFO - DAG(s) dict_keys(['example_python_operator']) retrieved from /home/airflow/.local/lib/python3.7/site-packages/airflow/example_dags/example_python_operator.py
[2023-03-14T14:07:46.111+0000] {logging_mixin.py:137} INFO - [2023-03-14T14:07:46.111+0000] {dag.py:2690} INFO - Sync 1 DAGs
[2023-03-14T14:07:46.154+0000] {logging_mixin.py:137} INFO - [2023-03-14T14:07:46.154+0000] {dag.py:3441} INFO - Setting next_dagrun for example_python_operator to None, run_after=None
[2023-03-14T14:07:46.187+0000] {processor.py:175} INFO - Processing /home/airflow/.local/lib/python3.7/site-packages/airflow/example_dags/example_python_operator.py took 0.191 seconds
[2023-03-14T14:08:16.926+0000] {processor.py:153} INFO - Started process (PID=2718) to work on /home/airflow/.local/lib/python3.7/site-packages/airflow/example_dags/example_python_operator.py
[2023-03-14T14:08:16.936+0000] {processor.py:743} INFO - Processing file /home/airflow/.local/lib/python3.7/site-packages/airflow/example_dags/example_python_operator.py for tasks to queue
[2023-03-14T14:08:16.937+0000] {logging_mixin.py:137} INFO - [2023-03-14T14:08:16.937+0000] {dagbag.py:538} INFO - Filling up the DagBag from /home/airflow/.local/lib/python3.7/site-packages/airflow/example_dags/example_python_operator.py
[2023-03-14T14:08:16.965+0000] {logging_mixin.py:137} INFO - [2023-03-14T14:08:16.965+0000] {taskmixin.py:205} WARNING - Dependency <Task(_PythonDecoratedOperator): print_the_context>, log_sql_query already registered for DAG: example_python_operator
[2023-03-14T14:08:16.966+0000] {logging_mixin.py:137} INFO - [2023-03-14T14:08:16.966+0000] {taskmixin.py:205} WARNING - Dependency <Task(_PythonDecoratedOperator): log_sql_query>, print_the_context already registered for DAG: example_python_operator
[2023-03-14T14:08:16.967+0000] {logging_mixin.py:137} INFO - [2023-03-14T14:08:16.967+0000] {taskmixin.py:205} WARNING - Dependency <Task(_PythonDecoratedOperator): print_the_context>, log_sql_query already registered for DAG: example_python_operator
[2023-03-14T14:08:16.968+0000] {logging_mixin.py:137} INFO - [2023-03-14T14:08:16.968+0000] {taskmixin.py:205} WARNING - Dependency <Task(_PythonDecoratedOperator): log_sql_query>, print_the_context already registered for DAG: example_python_operator
[2023-03-14T14:08:16.969+0000] {logging_mixin.py:137} INFO - [2023-03-14T14:08:16.969+0000] {taskmixin.py:205} WARNING - Dependency <Task(_PythonDecoratedOperator): print_the_context>, log_sql_query already registered for DAG: example_python_operator
[2023-03-14T14:08:16.969+0000] {logging_mixin.py:137} INFO - [2023-03-14T14:08:16.969+0000] {taskmixin.py:205} WARNING - Dependency <Task(_PythonDecoratedOperator): log_sql_query>, print_the_context already registered for DAG: example_python_operator
[2023-03-14T14:08:16.970+0000] {logging_mixin.py:137} INFO - [2023-03-14T14:08:16.970+0000] {taskmixin.py:205} WARNING - Dependency <Task(_PythonDecoratedOperator): print_the_context>, log_sql_query already registered for DAG: example_python_operator
[2023-03-14T14:08:16.970+0000] {logging_mixin.py:137} INFO - [2023-03-14T14:08:16.970+0000] {taskmixin.py:205} WARNING - Dependency <Task(_PythonDecoratedOperator): log_sql_query>, print_the_context already registered for DAG: example_python_operator
[2023-03-14T14:08:16.980+0000] {processor.py:753} INFO - DAG(s) dict_keys(['example_python_operator']) retrieved from /home/airflow/.local/lib/python3.7/site-packages/airflow/example_dags/example_python_operator.py
[2023-03-14T14:08:17.024+0000] {logging_mixin.py:137} INFO - [2023-03-14T14:08:17.024+0000] {dag.py:2690} INFO - Sync 1 DAGs
[2023-03-14T14:08:17.105+0000] {logging_mixin.py:137} INFO - [2023-03-14T14:08:17.105+0000] {dag.py:3441} INFO - Setting next_dagrun for example_python_operator to None, run_after=None
[2023-03-14T14:08:17.152+0000] {processor.py:175} INFO - Processing /home/airflow/.local/lib/python3.7/site-packages/airflow/example_dags/example_python_operator.py took 0.230 seconds
[2023-03-14T14:08:50.124+0000] {processor.py:153} INFO - Started process (PID=2946) to work on /home/airflow/.local/lib/python3.7/site-packages/airflow/example_dags/example_python_operator.py
[2023-03-14T14:08:50.134+0000] {processor.py:743} INFO - Processing file /home/airflow/.local/lib/python3.7/site-packages/airflow/example_dags/example_python_operator.py for tasks to queue
[2023-03-14T14:08:50.144+0000] {logging_mixin.py:137} INFO - [2023-03-14T14:08:50.140+0000] {dagbag.py:538} INFO - Filling up the DagBag from /home/airflow/.local/lib/python3.7/site-packages/airflow/example_dags/example_python_operator.py
[2023-03-14T14:08:50.350+0000] {logging_mixin.py:137} INFO - [2023-03-14T14:08:50.350+0000] {taskmixin.py:205} WARNING - Dependency <Task(_PythonDecoratedOperator): print_the_context>, log_sql_query already registered for DAG: example_python_operator
[2023-03-14T14:08:50.351+0000] {logging_mixin.py:137} INFO - [2023-03-14T14:08:50.351+0000] {taskmixin.py:205} WARNING - Dependency <Task(_PythonDecoratedOperator): log_sql_query>, print_the_context already registered for DAG: example_python_operator
[2023-03-14T14:08:50.352+0000] {logging_mixin.py:137} INFO - [2023-03-14T14:08:50.352+0000] {taskmixin.py:205} WARNING - Dependency <Task(_PythonDecoratedOperator): print_the_context>, log_sql_query already registered for DAG: example_python_operator
[2023-03-14T14:08:50.353+0000] {logging_mixin.py:137} INFO - [2023-03-14T14:08:50.353+0000] {taskmixin.py:205} WARNING - Dependency <Task(_PythonDecoratedOperator): log_sql_query>, print_the_context already registered for DAG: example_python_operator
[2023-03-14T14:08:50.354+0000] {logging_mixin.py:137} INFO - [2023-03-14T14:08:50.354+0000] {taskmixin.py:205} WARNING - Dependency <Task(_PythonDecoratedOperator): print_the_context>, log_sql_query already registered for DAG: example_python_operator
[2023-03-14T14:08:50.355+0000] {logging_mixin.py:137} INFO - [2023-03-14T14:08:50.355+0000] {taskmixin.py:205} WARNING - Dependency <Task(_PythonDecoratedOperator): log_sql_query>, print_the_context already registered for DAG: example_python_operator
[2023-03-14T14:08:50.356+0000] {logging_mixin.py:137} INFO - [2023-03-14T14:08:50.356+0000] {taskmixin.py:205} WARNING - Dependency <Task(_PythonDecoratedOperator): print_the_context>, log_sql_query already registered for DAG: example_python_operator
[2023-03-14T14:08:50.405+0000] {logging_mixin.py:137} INFO - [2023-03-14T14:08:50.404+0000] {taskmixin.py:205} WARNING - Dependency <Task(_PythonDecoratedOperator): log_sql_query>, print_the_context already registered for DAG: example_python_operator
[2023-03-14T14:08:50.458+0000] {processor.py:753} INFO - DAG(s) dict_keys(['example_python_operator']) retrieved from /home/airflow/.local/lib/python3.7/site-packages/airflow/example_dags/example_python_operator.py
[2023-03-14T14:08:50.694+0000] {logging_mixin.py:137} INFO - [2023-03-14T14:08:50.694+0000] {dag.py:2690} INFO - Sync 1 DAGs
[2023-03-14T14:08:50.960+0000] {logging_mixin.py:137} INFO - [2023-03-14T14:08:50.959+0000] {dag.py:3441} INFO - Setting next_dagrun for example_python_operator to None, run_after=None
[2023-03-14T14:08:51.101+0000] {processor.py:175} INFO - Processing /home/airflow/.local/lib/python3.7/site-packages/airflow/example_dags/example_python_operator.py took 1.030 seconds
[2023-03-14T14:09:21.365+0000] {processor.py:153} INFO - Started process (PID=3191) to work on /home/airflow/.local/lib/python3.7/site-packages/airflow/example_dags/example_python_operator.py
[2023-03-14T14:09:21.368+0000] {processor.py:743} INFO - Processing file /home/airflow/.local/lib/python3.7/site-packages/airflow/example_dags/example_python_operator.py for tasks to queue
[2023-03-14T14:09:21.369+0000] {logging_mixin.py:137} INFO - [2023-03-14T14:09:21.369+0000] {dagbag.py:538} INFO - Filling up the DagBag from /home/airflow/.local/lib/python3.7/site-packages/airflow/example_dags/example_python_operator.py
[2023-03-14T14:09:21.409+0000] {logging_mixin.py:137} INFO - [2023-03-14T14:09:21.409+0000] {taskmixin.py:205} WARNING - Dependency <Task(_PythonDecoratedOperator): print_the_context>, log_sql_query already registered for DAG: example_python_operator
[2023-03-14T14:09:21.410+0000] {logging_mixin.py:137} INFO - [2023-03-14T14:09:21.410+0000] {taskmixin.py:205} WARNING - Dependency <Task(_PythonDecoratedOperator): log_sql_query>, print_the_context already registered for DAG: example_python_operator
[2023-03-14T14:09:21.412+0000] {logging_mixin.py:137} INFO - [2023-03-14T14:09:21.411+0000] {taskmixin.py:205} WARNING - Dependency <Task(_PythonDecoratedOperator): print_the_context>, log_sql_query already registered for DAG: example_python_operator
[2023-03-14T14:09:21.412+0000] {logging_mixin.py:137} INFO - [2023-03-14T14:09:21.412+0000] {taskmixin.py:205} WARNING - Dependency <Task(_PythonDecoratedOperator): log_sql_query>, print_the_context already registered for DAG: example_python_operator
[2023-03-14T14:09:21.414+0000] {logging_mixin.py:137} INFO - [2023-03-14T14:09:21.413+0000] {taskmixin.py:205} WARNING - Dependency <Task(_PythonDecoratedOperator): print_the_context>, log_sql_query already registered for DAG: example_python_operator
[2023-03-14T14:09:21.414+0000] {logging_mixin.py:137} INFO - [2023-03-14T14:09:21.414+0000] {taskmixin.py:205} WARNING - Dependency <Task(_PythonDecoratedOperator): log_sql_query>, print_the_context already registered for DAG: example_python_operator
[2023-03-14T14:09:21.415+0000] {logging_mixin.py:137} INFO - [2023-03-14T14:09:21.415+0000] {taskmixin.py:205} WARNING - Dependency <Task(_PythonDecoratedOperator): print_the_context>, log_sql_query already registered for DAG: example_python_operator
[2023-03-14T14:09:21.416+0000] {logging_mixin.py:137} INFO - [2023-03-14T14:09:21.416+0000] {taskmixin.py:205} WARNING - Dependency <Task(_PythonDecoratedOperator): log_sql_query>, print_the_context already registered for DAG: example_python_operator
[2023-03-14T14:09:21.432+0000] {processor.py:753} INFO - DAG(s) dict_keys(['example_python_operator']) retrieved from /home/airflow/.local/lib/python3.7/site-packages/airflow/example_dags/example_python_operator.py
[2023-03-14T14:09:21.486+0000] {logging_mixin.py:137} INFO - [2023-03-14T14:09:21.486+0000] {dag.py:2690} INFO - Sync 1 DAGs
[2023-03-14T14:09:21.536+0000] {logging_mixin.py:137} INFO - [2023-03-14T14:09:21.535+0000] {dag.py:3441} INFO - Setting next_dagrun for example_python_operator to None, run_after=None
[2023-03-14T14:09:21.573+0000] {processor.py:175} INFO - Processing /home/airflow/.local/lib/python3.7/site-packages/airflow/example_dags/example_python_operator.py took 0.214 seconds
[2023-03-14T14:09:52.083+0000] {processor.py:153} INFO - Started process (PID=3407) to work on /home/airflow/.local/lib/python3.7/site-packages/airflow/example_dags/example_python_operator.py
[2023-03-14T14:09:52.088+0000] {processor.py:743} INFO - Processing file /home/airflow/.local/lib/python3.7/site-packages/airflow/example_dags/example_python_operator.py for tasks to queue
[2023-03-14T14:09:52.090+0000] {logging_mixin.py:137} INFO - [2023-03-14T14:09:52.090+0000] {dagbag.py:538} INFO - Filling up the DagBag from /home/airflow/.local/lib/python3.7/site-packages/airflow/example_dags/example_python_operator.py
[2023-03-14T14:09:52.152+0000] {logging_mixin.py:137} INFO - [2023-03-14T14:09:52.152+0000] {taskmixin.py:205} WARNING - Dependency <Task(_PythonDecoratedOperator): print_the_context>, log_sql_query already registered for DAG: example_python_operator
[2023-03-14T14:09:52.154+0000] {logging_mixin.py:137} INFO - [2023-03-14T14:09:52.154+0000] {taskmixin.py:205} WARNING - Dependency <Task(_PythonDecoratedOperator): log_sql_query>, print_the_context already registered for DAG: example_python_operator
[2023-03-14T14:09:52.156+0000] {logging_mixin.py:137} INFO - [2023-03-14T14:09:52.156+0000] {taskmixin.py:205} WARNING - Dependency <Task(_PythonDecoratedOperator): print_the_context>, log_sql_query already registered for DAG: example_python_operator
[2023-03-14T14:09:52.157+0000] {logging_mixin.py:137} INFO - [2023-03-14T14:09:52.157+0000] {taskmixin.py:205} WARNING - Dependency <Task(_PythonDecoratedOperator): log_sql_query>, print_the_context already registered for DAG: example_python_operator
[2023-03-14T14:09:52.160+0000] {logging_mixin.py:137} INFO - [2023-03-14T14:09:52.159+0000] {taskmixin.py:205} WARNING - Dependency <Task(_PythonDecoratedOperator): print_the_context>, log_sql_query already registered for DAG: example_python_operator
[2023-03-14T14:09:52.164+0000] {logging_mixin.py:137} INFO - [2023-03-14T14:09:52.164+0000] {taskmixin.py:205} WARNING - Dependency <Task(_PythonDecoratedOperator): log_sql_query>, print_the_context already registered for DAG: example_python_operator
[2023-03-14T14:09:52.166+0000] {logging_mixin.py:137} INFO - [2023-03-14T14:09:52.166+0000] {taskmixin.py:205} WARNING - Dependency <Task(_PythonDecoratedOperator): print_the_context>, log_sql_query already registered for DAG: example_python_operator
[2023-03-14T14:09:52.166+0000] {logging_mixin.py:137} INFO - [2023-03-14T14:09:52.166+0000] {taskmixin.py:205} WARNING - Dependency <Task(_PythonDecoratedOperator): log_sql_query>, print_the_context already registered for DAG: example_python_operator
[2023-03-14T14:09:52.185+0000] {processor.py:753} INFO - DAG(s) dict_keys(['example_python_operator']) retrieved from /home/airflow/.local/lib/python3.7/site-packages/airflow/example_dags/example_python_operator.py
[2023-03-14T14:09:52.296+0000] {logging_mixin.py:137} INFO - [2023-03-14T14:09:52.295+0000] {dag.py:2690} INFO - Sync 1 DAGs
[2023-03-14T14:09:52.386+0000] {logging_mixin.py:137} INFO - [2023-03-14T14:09:52.386+0000] {dag.py:3441} INFO - Setting next_dagrun for example_python_operator to None, run_after=None
[2023-03-14T14:09:52.574+0000] {processor.py:175} INFO - Processing /home/airflow/.local/lib/python3.7/site-packages/airflow/example_dags/example_python_operator.py took 0.496 seconds
[2023-03-14T14:10:22.921+0000] {processor.py:153} INFO - Started process (PID=3617) to work on /home/airflow/.local/lib/python3.7/site-packages/airflow/example_dags/example_python_operator.py
[2023-03-14T14:10:22.924+0000] {processor.py:743} INFO - Processing file /home/airflow/.local/lib/python3.7/site-packages/airflow/example_dags/example_python_operator.py for tasks to queue
[2023-03-14T14:10:22.925+0000] {logging_mixin.py:137} INFO - [2023-03-14T14:10:22.925+0000] {dagbag.py:538} INFO - Filling up the DagBag from /home/airflow/.local/lib/python3.7/site-packages/airflow/example_dags/example_python_operator.py
[2023-03-14T14:10:22.948+0000] {logging_mixin.py:137} INFO - [2023-03-14T14:10:22.948+0000] {taskmixin.py:205} WARNING - Dependency <Task(_PythonDecoratedOperator): print_the_context>, log_sql_query already registered for DAG: example_python_operator
[2023-03-14T14:10:22.948+0000] {logging_mixin.py:137} INFO - [2023-03-14T14:10:22.948+0000] {taskmixin.py:205} WARNING - Dependency <Task(_PythonDecoratedOperator): log_sql_query>, print_the_context already registered for DAG: example_python_operator
[2023-03-14T14:10:22.949+0000] {logging_mixin.py:137} INFO - [2023-03-14T14:10:22.949+0000] {taskmixin.py:205} WARNING - Dependency <Task(_PythonDecoratedOperator): print_the_context>, log_sql_query already registered for DAG: example_python_operator
[2023-03-14T14:10:22.950+0000] {logging_mixin.py:137} INFO - [2023-03-14T14:10:22.950+0000] {taskmixin.py:205} WARNING - Dependency <Task(_PythonDecoratedOperator): log_sql_query>, print_the_context already registered for DAG: example_python_operator
[2023-03-14T14:10:22.950+0000] {logging_mixin.py:137} INFO - [2023-03-14T14:10:22.950+0000] {taskmixin.py:205} WARNING - Dependency <Task(_PythonDecoratedOperator): print_the_context>, log_sql_query already registered for DAG: example_python_operator
[2023-03-14T14:10:22.951+0000] {logging_mixin.py:137} INFO - [2023-03-14T14:10:22.951+0000] {taskmixin.py:205} WARNING - Dependency <Task(_PythonDecoratedOperator): log_sql_query>, print_the_context already registered for DAG: example_python_operator
[2023-03-14T14:10:22.951+0000] {logging_mixin.py:137} INFO - [2023-03-14T14:10:22.951+0000] {taskmixin.py:205} WARNING - Dependency <Task(_PythonDecoratedOperator): print_the_context>, log_sql_query already registered for DAG: example_python_operator
[2023-03-14T14:10:22.952+0000] {logging_mixin.py:137} INFO - [2023-03-14T14:10:22.952+0000] {taskmixin.py:205} WARNING - Dependency <Task(_PythonDecoratedOperator): log_sql_query>, print_the_context already registered for DAG: example_python_operator
[2023-03-14T14:10:22.964+0000] {processor.py:753} INFO - DAG(s) dict_keys(['example_python_operator']) retrieved from /home/airflow/.local/lib/python3.7/site-packages/airflow/example_dags/example_python_operator.py
[2023-03-14T14:10:23.009+0000] {logging_mixin.py:137} INFO - [2023-03-14T14:10:23.009+0000] {dag.py:2690} INFO - Sync 1 DAGs
[2023-03-14T14:10:23.034+0000] {logging_mixin.py:137} INFO - [2023-03-14T14:10:23.033+0000] {dag.py:3441} INFO - Setting next_dagrun for example_python_operator to None, run_after=None
[2023-03-14T14:10:23.059+0000] {processor.py:175} INFO - Processing /home/airflow/.local/lib/python3.7/site-packages/airflow/example_dags/example_python_operator.py took 0.142 seconds
[2023-03-14T14:10:54.340+0000] {processor.py:153} INFO - Started process (PID=3830) to work on /home/airflow/.local/lib/python3.7/site-packages/airflow/example_dags/example_python_operator.py
[2023-03-14T14:10:54.346+0000] {processor.py:743} INFO - Processing file /home/airflow/.local/lib/python3.7/site-packages/airflow/example_dags/example_python_operator.py for tasks to queue
[2023-03-14T14:10:54.348+0000] {logging_mixin.py:137} INFO - [2023-03-14T14:10:54.347+0000] {dagbag.py:538} INFO - Filling up the DagBag from /home/airflow/.local/lib/python3.7/site-packages/airflow/example_dags/example_python_operator.py
[2023-03-14T14:10:54.382+0000] {logging_mixin.py:137} INFO - [2023-03-14T14:10:54.382+0000] {taskmixin.py:205} WARNING - Dependency <Task(_PythonDecoratedOperator): print_the_context>, log_sql_query already registered for DAG: example_python_operator
[2023-03-14T14:10:54.383+0000] {logging_mixin.py:137} INFO - [2023-03-14T14:10:54.383+0000] {taskmixin.py:205} WARNING - Dependency <Task(_PythonDecoratedOperator): log_sql_query>, print_the_context already registered for DAG: example_python_operator
[2023-03-14T14:10:54.384+0000] {logging_mixin.py:137} INFO - [2023-03-14T14:10:54.384+0000] {taskmixin.py:205} WARNING - Dependency <Task(_PythonDecoratedOperator): print_the_context>, log_sql_query already registered for DAG: example_python_operator
[2023-03-14T14:10:54.385+0000] {logging_mixin.py:137} INFO - [2023-03-14T14:10:54.384+0000] {taskmixin.py:205} WARNING - Dependency <Task(_PythonDecoratedOperator): log_sql_query>, print_the_context already registered for DAG: example_python_operator
[2023-03-14T14:10:54.386+0000] {logging_mixin.py:137} INFO - [2023-03-14T14:10:54.386+0000] {taskmixin.py:205} WARNING - Dependency <Task(_PythonDecoratedOperator): print_the_context>, log_sql_query already registered for DAG: example_python_operator
[2023-03-14T14:10:54.386+0000] {logging_mixin.py:137} INFO - [2023-03-14T14:10:54.386+0000] {taskmixin.py:205} WARNING - Dependency <Task(_PythonDecoratedOperator): log_sql_query>, print_the_context already registered for DAG: example_python_operator
[2023-03-14T14:10:54.387+0000] {logging_mixin.py:137} INFO - [2023-03-14T14:10:54.387+0000] {taskmixin.py:205} WARNING - Dependency <Task(_PythonDecoratedOperator): print_the_context>, log_sql_query already registered for DAG: example_python_operator
[2023-03-14T14:10:54.388+0000] {logging_mixin.py:137} INFO - [2023-03-14T14:10:54.388+0000] {taskmixin.py:205} WARNING - Dependency <Task(_PythonDecoratedOperator): log_sql_query>, print_the_context already registered for DAG: example_python_operator
[2023-03-14T14:10:54.408+0000] {processor.py:753} INFO - DAG(s) dict_keys(['example_python_operator']) retrieved from /home/airflow/.local/lib/python3.7/site-packages/airflow/example_dags/example_python_operator.py
[2023-03-14T14:10:54.515+0000] {logging_mixin.py:137} INFO - [2023-03-14T14:10:54.515+0000] {dag.py:2690} INFO - Sync 1 DAGs
[2023-03-14T14:10:54.775+0000] {logging_mixin.py:137} INFO - [2023-03-14T14:10:54.772+0000] {dag.py:3441} INFO - Setting next_dagrun for example_python_operator to None, run_after=None
[2023-03-14T14:10:55.002+0000] {processor.py:175} INFO - Processing /home/airflow/.local/lib/python3.7/site-packages/airflow/example_dags/example_python_operator.py took 0.676 seconds
[2023-03-14T14:11:25.518+0000] {processor.py:153} INFO - Started process (PID=4045) to work on /home/airflow/.local/lib/python3.7/site-packages/airflow/example_dags/example_python_operator.py
[2023-03-14T14:11:25.525+0000] {processor.py:743} INFO - Processing file /home/airflow/.local/lib/python3.7/site-packages/airflow/example_dags/example_python_operator.py for tasks to queue
[2023-03-14T14:11:25.526+0000] {logging_mixin.py:137} INFO - [2023-03-14T14:11:25.525+0000] {dagbag.py:538} INFO - Filling up the DagBag from /home/airflow/.local/lib/python3.7/site-packages/airflow/example_dags/example_python_operator.py
[2023-03-14T14:11:25.575+0000] {logging_mixin.py:137} INFO - [2023-03-14T14:11:25.575+0000] {taskmixin.py:205} WARNING - Dependency <Task(_PythonDecoratedOperator): print_the_context>, log_sql_query already registered for DAG: example_python_operator
[2023-03-14T14:11:25.576+0000] {logging_mixin.py:137} INFO - [2023-03-14T14:11:25.576+0000] {taskmixin.py:205} WARNING - Dependency <Task(_PythonDecoratedOperator): log_sql_query>, print_the_context already registered for DAG: example_python_operator
[2023-03-14T14:11:25.577+0000] {logging_mixin.py:137} INFO - [2023-03-14T14:11:25.577+0000] {taskmixin.py:205} WARNING - Dependency <Task(_PythonDecoratedOperator): print_the_context>, log_sql_query already registered for DAG: example_python_operator
[2023-03-14T14:11:25.577+0000] {logging_mixin.py:137} INFO - [2023-03-14T14:11:25.577+0000] {taskmixin.py:205} WARNING - Dependency <Task(_PythonDecoratedOperator): log_sql_query>, print_the_context already registered for DAG: example_python_operator
[2023-03-14T14:11:25.578+0000] {logging_mixin.py:137} INFO - [2023-03-14T14:11:25.578+0000] {taskmixin.py:205} WARNING - Dependency <Task(_PythonDecoratedOperator): print_the_context>, log_sql_query already registered for DAG: example_python_operator
[2023-03-14T14:11:25.579+0000] {logging_mixin.py:137} INFO - [2023-03-14T14:11:25.578+0000] {taskmixin.py:205} WARNING - Dependency <Task(_PythonDecoratedOperator): log_sql_query>, print_the_context already registered for DAG: example_python_operator
[2023-03-14T14:11:25.580+0000] {logging_mixin.py:137} INFO - [2023-03-14T14:11:25.580+0000] {taskmixin.py:205} WARNING - Dependency <Task(_PythonDecoratedOperator): print_the_context>, log_sql_query already registered for DAG: example_python_operator
[2023-03-14T14:11:25.580+0000] {logging_mixin.py:137} INFO - [2023-03-14T14:11:25.580+0000] {taskmixin.py:205} WARNING - Dependency <Task(_PythonDecoratedOperator): log_sql_query>, print_the_context already registered for DAG: example_python_operator
[2023-03-14T14:11:25.607+0000] {processor.py:753} INFO - DAG(s) dict_keys(['example_python_operator']) retrieved from /home/airflow/.local/lib/python3.7/site-packages/airflow/example_dags/example_python_operator.py
[2023-03-14T14:11:25.708+0000] {logging_mixin.py:137} INFO - [2023-03-14T14:11:25.707+0000] {dag.py:2690} INFO - Sync 1 DAGs
[2023-03-14T14:11:25.803+0000] {logging_mixin.py:137} INFO - [2023-03-14T14:11:25.803+0000] {dag.py:3441} INFO - Setting next_dagrun for example_python_operator to None, run_after=None
[2023-03-14T14:11:25.860+0000] {processor.py:175} INFO - Processing /home/airflow/.local/lib/python3.7/site-packages/airflow/example_dags/example_python_operator.py took 0.347 seconds
[2023-03-14T14:11:56.313+0000] {processor.py:153} INFO - Started process (PID=4257) to work on /home/airflow/.local/lib/python3.7/site-packages/airflow/example_dags/example_python_operator.py
[2023-03-14T14:11:56.316+0000] {processor.py:743} INFO - Processing file /home/airflow/.local/lib/python3.7/site-packages/airflow/example_dags/example_python_operator.py for tasks to queue
[2023-03-14T14:11:56.317+0000] {logging_mixin.py:137} INFO - [2023-03-14T14:11:56.317+0000] {dagbag.py:538} INFO - Filling up the DagBag from /home/airflow/.local/lib/python3.7/site-packages/airflow/example_dags/example_python_operator.py
[2023-03-14T14:11:56.411+0000] {logging_mixin.py:137} INFO - [2023-03-14T14:11:56.411+0000] {taskmixin.py:205} WARNING - Dependency <Task(_PythonDecoratedOperator): print_the_context>, log_sql_query already registered for DAG: example_python_operator
[2023-03-14T14:11:56.411+0000] {logging_mixin.py:137} INFO - [2023-03-14T14:11:56.411+0000] {taskmixin.py:205} WARNING - Dependency <Task(_PythonDecoratedOperator): log_sql_query>, print_the_context already registered for DAG: example_python_operator
[2023-03-14T14:11:56.413+0000] {logging_mixin.py:137} INFO - [2023-03-14T14:11:56.412+0000] {taskmixin.py:205} WARNING - Dependency <Task(_PythonDecoratedOperator): print_the_context>, log_sql_query already registered for DAG: example_python_operator
[2023-03-14T14:11:56.416+0000] {logging_mixin.py:137} INFO - [2023-03-14T14:11:56.415+0000] {taskmixin.py:205} WARNING - Dependency <Task(_PythonDecoratedOperator): log_sql_query>, print_the_context already registered for DAG: example_python_operator
[2023-03-14T14:11:56.418+0000] {logging_mixin.py:137} INFO - [2023-03-14T14:11:56.417+0000] {taskmixin.py:205} WARNING - Dependency <Task(_PythonDecoratedOperator): print_the_context>, log_sql_query already registered for DAG: example_python_operator
[2023-03-14T14:11:56.418+0000] {logging_mixin.py:137} INFO - [2023-03-14T14:11:56.418+0000] {taskmixin.py:205} WARNING - Dependency <Task(_PythonDecoratedOperator): log_sql_query>, print_the_context already registered for DAG: example_python_operator
[2023-03-14T14:11:56.419+0000] {logging_mixin.py:137} INFO - [2023-03-14T14:11:56.419+0000] {taskmixin.py:205} WARNING - Dependency <Task(_PythonDecoratedOperator): print_the_context>, log_sql_query already registered for DAG: example_python_operator
[2023-03-14T14:11:56.420+0000] {logging_mixin.py:137} INFO - [2023-03-14T14:11:56.419+0000] {taskmixin.py:205} WARNING - Dependency <Task(_PythonDecoratedOperator): log_sql_query>, print_the_context already registered for DAG: example_python_operator
[2023-03-14T14:11:56.435+0000] {processor.py:753} INFO - DAG(s) dict_keys(['example_python_operator']) retrieved from /home/airflow/.local/lib/python3.7/site-packages/airflow/example_dags/example_python_operator.py
[2023-03-14T14:11:56.706+0000] {logging_mixin.py:137} INFO - [2023-03-14T14:11:56.706+0000] {dag.py:2690} INFO - Sync 1 DAGs
[2023-03-14T14:11:56.814+0000] {logging_mixin.py:137} INFO - [2023-03-14T14:11:56.814+0000] {dag.py:3441} INFO - Setting next_dagrun for example_python_operator to None, run_after=None
[2023-03-14T14:11:56.873+0000] {processor.py:175} INFO - Processing /home/airflow/.local/lib/python3.7/site-packages/airflow/example_dags/example_python_operator.py took 0.586 seconds
[2023-03-14T14:12:27.097+0000] {processor.py:153} INFO - Started process (PID=4474) to work on /home/airflow/.local/lib/python3.7/site-packages/airflow/example_dags/example_python_operator.py
[2023-03-14T14:12:27.102+0000] {processor.py:743} INFO - Processing file /home/airflow/.local/lib/python3.7/site-packages/airflow/example_dags/example_python_operator.py for tasks to queue
[2023-03-14T14:12:27.104+0000] {logging_mixin.py:137} INFO - [2023-03-14T14:12:27.104+0000] {dagbag.py:538} INFO - Filling up the DagBag from /home/airflow/.local/lib/python3.7/site-packages/airflow/example_dags/example_python_operator.py
[2023-03-14T14:12:27.214+0000] {logging_mixin.py:137} INFO - [2023-03-14T14:12:27.214+0000] {taskmixin.py:205} WARNING - Dependency <Task(_PythonDecoratedOperator): print_the_context>, log_sql_query already registered for DAG: example_python_operator
[2023-03-14T14:12:27.225+0000] {logging_mixin.py:137} INFO - [2023-03-14T14:12:27.224+0000] {taskmixin.py:205} WARNING - Dependency <Task(_PythonDecoratedOperator): log_sql_query>, print_the_context already registered for DAG: example_python_operator
[2023-03-14T14:12:27.226+0000] {logging_mixin.py:137} INFO - [2023-03-14T14:12:27.226+0000] {taskmixin.py:205} WARNING - Dependency <Task(_PythonDecoratedOperator): print_the_context>, log_sql_query already registered for DAG: example_python_operator
[2023-03-14T14:12:27.226+0000] {logging_mixin.py:137} INFO - [2023-03-14T14:12:27.226+0000] {taskmixin.py:205} WARNING - Dependency <Task(_PythonDecoratedOperator): log_sql_query>, print_the_context already registered for DAG: example_python_operator
[2023-03-14T14:12:27.233+0000] {logging_mixin.py:137} INFO - [2023-03-14T14:12:27.233+0000] {taskmixin.py:205} WARNING - Dependency <Task(_PythonDecoratedOperator): print_the_context>, log_sql_query already registered for DAG: example_python_operator
[2023-03-14T14:12:27.233+0000] {logging_mixin.py:137} INFO - [2023-03-14T14:12:27.233+0000] {taskmixin.py:205} WARNING - Dependency <Task(_PythonDecoratedOperator): log_sql_query>, print_the_context already registered for DAG: example_python_operator
[2023-03-14T14:12:27.234+0000] {logging_mixin.py:137} INFO - [2023-03-14T14:12:27.234+0000] {taskmixin.py:205} WARNING - Dependency <Task(_PythonDecoratedOperator): print_the_context>, log_sql_query already registered for DAG: example_python_operator
[2023-03-14T14:12:27.235+0000] {logging_mixin.py:137} INFO - [2023-03-14T14:12:27.235+0000] {taskmixin.py:205} WARNING - Dependency <Task(_PythonDecoratedOperator): log_sql_query>, print_the_context already registered for DAG: example_python_operator
[2023-03-14T14:12:27.251+0000] {processor.py:753} INFO - DAG(s) dict_keys(['example_python_operator']) retrieved from /home/airflow/.local/lib/python3.7/site-packages/airflow/example_dags/example_python_operator.py
[2023-03-14T14:12:27.356+0000] {logging_mixin.py:137} INFO - [2023-03-14T14:12:27.356+0000] {dag.py:2690} INFO - Sync 1 DAGs
[2023-03-14T14:12:27.443+0000] {logging_mixin.py:137} INFO - [2023-03-14T14:12:27.442+0000] {dag.py:3441} INFO - Setting next_dagrun for example_python_operator to None, run_after=None
[2023-03-14T14:12:27.501+0000] {processor.py:175} INFO - Processing /home/airflow/.local/lib/python3.7/site-packages/airflow/example_dags/example_python_operator.py took 0.430 seconds
[2023-03-14T14:12:57.963+0000] {processor.py:153} INFO - Started process (PID=4695) to work on /home/airflow/.local/lib/python3.7/site-packages/airflow/example_dags/example_python_operator.py
[2023-03-14T14:12:57.990+0000] {processor.py:743} INFO - Processing file /home/airflow/.local/lib/python3.7/site-packages/airflow/example_dags/example_python_operator.py for tasks to queue
[2023-03-14T14:12:57.991+0000] {logging_mixin.py:137} INFO - [2023-03-14T14:12:57.991+0000] {dagbag.py:538} INFO - Filling up the DagBag from /home/airflow/.local/lib/python3.7/site-packages/airflow/example_dags/example_python_operator.py
[2023-03-14T14:12:58.364+0000] {logging_mixin.py:137} INFO - [2023-03-14T14:12:58.358+0000] {taskmixin.py:205} WARNING - Dependency <Task(_PythonDecoratedOperator): print_the_context>, log_sql_query already registered for DAG: example_python_operator
[2023-03-14T14:12:58.364+0000] {logging_mixin.py:137} INFO - [2023-03-14T14:12:58.364+0000] {taskmixin.py:205} WARNING - Dependency <Task(_PythonDecoratedOperator): log_sql_query>, print_the_context already registered for DAG: example_python_operator
[2023-03-14T14:12:58.371+0000] {logging_mixin.py:137} INFO - [2023-03-14T14:12:58.371+0000] {taskmixin.py:205} WARNING - Dependency <Task(_PythonDecoratedOperator): print_the_context>, log_sql_query already registered for DAG: example_python_operator
[2023-03-14T14:12:58.384+0000] {logging_mixin.py:137} INFO - [2023-03-14T14:12:58.384+0000] {taskmixin.py:205} WARNING - Dependency <Task(_PythonDecoratedOperator): log_sql_query>, print_the_context already registered for DAG: example_python_operator
[2023-03-14T14:12:58.386+0000] {logging_mixin.py:137} INFO - [2023-03-14T14:12:58.385+0000] {taskmixin.py:205} WARNING - Dependency <Task(_PythonDecoratedOperator): print_the_context>, log_sql_query already registered for DAG: example_python_operator
[2023-03-14T14:12:58.404+0000] {logging_mixin.py:137} INFO - [2023-03-14T14:12:58.404+0000] {taskmixin.py:205} WARNING - Dependency <Task(_PythonDecoratedOperator): log_sql_query>, print_the_context already registered for DAG: example_python_operator
[2023-03-14T14:12:58.406+0000] {logging_mixin.py:137} INFO - [2023-03-14T14:12:58.406+0000] {taskmixin.py:205} WARNING - Dependency <Task(_PythonDecoratedOperator): print_the_context>, log_sql_query already registered for DAG: example_python_operator
[2023-03-14T14:12:58.406+0000] {logging_mixin.py:137} INFO - [2023-03-14T14:12:58.406+0000] {taskmixin.py:205} WARNING - Dependency <Task(_PythonDecoratedOperator): log_sql_query>, print_the_context already registered for DAG: example_python_operator
[2023-03-14T14:12:58.525+0000] {processor.py:753} INFO - DAG(s) dict_keys(['example_python_operator']) retrieved from /home/airflow/.local/lib/python3.7/site-packages/airflow/example_dags/example_python_operator.py
[2023-03-14T14:12:58.840+0000] {logging_mixin.py:137} INFO - [2023-03-14T14:12:58.840+0000] {dag.py:2690} INFO - Sync 1 DAGs
[2023-03-14T14:12:59.145+0000] {logging_mixin.py:137} INFO - [2023-03-14T14:12:59.145+0000] {dag.py:3441} INFO - Setting next_dagrun for example_python_operator to None, run_after=None
[2023-03-14T14:12:59.274+0000] {processor.py:175} INFO - Processing /home/airflow/.local/lib/python3.7/site-packages/airflow/example_dags/example_python_operator.py took 1.339 seconds
[2023-03-14T14:13:30.255+0000] {processor.py:153} INFO - Started process (PID=4911) to work on /home/airflow/.local/lib/python3.7/site-packages/airflow/example_dags/example_python_operator.py
[2023-03-14T14:13:30.256+0000] {processor.py:743} INFO - Processing file /home/airflow/.local/lib/python3.7/site-packages/airflow/example_dags/example_python_operator.py for tasks to queue
[2023-03-14T14:13:30.257+0000] {logging_mixin.py:137} INFO - [2023-03-14T14:13:30.257+0000] {dagbag.py:538} INFO - Filling up the DagBag from /home/airflow/.local/lib/python3.7/site-packages/airflow/example_dags/example_python_operator.py
[2023-03-14T14:13:30.309+0000] {logging_mixin.py:137} INFO - [2023-03-14T14:13:30.309+0000] {taskmixin.py:205} WARNING - Dependency <Task(_PythonDecoratedOperator): print_the_context>, log_sql_query already registered for DAG: example_python_operator
[2023-03-14T14:13:30.310+0000] {logging_mixin.py:137} INFO - [2023-03-14T14:13:30.310+0000] {taskmixin.py:205} WARNING - Dependency <Task(_PythonDecoratedOperator): log_sql_query>, print_the_context already registered for DAG: example_python_operator
[2023-03-14T14:13:30.311+0000] {logging_mixin.py:137} INFO - [2023-03-14T14:13:30.311+0000] {taskmixin.py:205} WARNING - Dependency <Task(_PythonDecoratedOperator): print_the_context>, log_sql_query already registered for DAG: example_python_operator
[2023-03-14T14:13:30.320+0000] {logging_mixin.py:137} INFO - [2023-03-14T14:13:30.319+0000] {taskmixin.py:205} WARNING - Dependency <Task(_PythonDecoratedOperator): log_sql_query>, print_the_context already registered for DAG: example_python_operator
[2023-03-14T14:13:30.322+0000] {logging_mixin.py:137} INFO - [2023-03-14T14:13:30.322+0000] {taskmixin.py:205} WARNING - Dependency <Task(_PythonDecoratedOperator): print_the_context>, log_sql_query already registered for DAG: example_python_operator
[2023-03-14T14:13:30.323+0000] {logging_mixin.py:137} INFO - [2023-03-14T14:13:30.322+0000] {taskmixin.py:205} WARNING - Dependency <Task(_PythonDecoratedOperator): log_sql_query>, print_the_context already registered for DAG: example_python_operator
[2023-03-14T14:13:30.324+0000] {logging_mixin.py:137} INFO - [2023-03-14T14:13:30.324+0000] {taskmixin.py:205} WARNING - Dependency <Task(_PythonDecoratedOperator): print_the_context>, log_sql_query already registered for DAG: example_python_operator
[2023-03-14T14:13:30.324+0000] {logging_mixin.py:137} INFO - [2023-03-14T14:13:30.324+0000] {taskmixin.py:205} WARNING - Dependency <Task(_PythonDecoratedOperator): log_sql_query>, print_the_context already registered for DAG: example_python_operator
[2023-03-14T14:13:30.339+0000] {processor.py:753} INFO - DAG(s) dict_keys(['example_python_operator']) retrieved from /home/airflow/.local/lib/python3.7/site-packages/airflow/example_dags/example_python_operator.py
[2023-03-14T14:13:30.415+0000] {logging_mixin.py:137} INFO - [2023-03-14T14:13:30.415+0000] {dag.py:2690} INFO - Sync 1 DAGs
[2023-03-14T14:13:30.486+0000] {logging_mixin.py:137} INFO - [2023-03-14T14:13:30.486+0000] {dag.py:3441} INFO - Setting next_dagrun for example_python_operator to None, run_after=None
[2023-03-14T14:13:30.543+0000] {processor.py:175} INFO - Processing /home/airflow/.local/lib/python3.7/site-packages/airflow/example_dags/example_python_operator.py took 0.292 seconds
[2023-03-14T14:14:01.012+0000] {processor.py:153} INFO - Started process (PID=5127) to work on /home/airflow/.local/lib/python3.7/site-packages/airflow/example_dags/example_python_operator.py
[2023-03-14T14:14:01.017+0000] {processor.py:743} INFO - Processing file /home/airflow/.local/lib/python3.7/site-packages/airflow/example_dags/example_python_operator.py for tasks to queue
[2023-03-14T14:14:01.018+0000] {logging_mixin.py:137} INFO - [2023-03-14T14:14:01.018+0000] {dagbag.py:538} INFO - Filling up the DagBag from /home/airflow/.local/lib/python3.7/site-packages/airflow/example_dags/example_python_operator.py
[2023-03-14T14:14:01.136+0000] {logging_mixin.py:137} INFO - [2023-03-14T14:14:01.135+0000] {taskmixin.py:205} WARNING - Dependency <Task(_PythonDecoratedOperator): print_the_context>, log_sql_query already registered for DAG: example_python_operator
[2023-03-14T14:14:01.140+0000] {logging_mixin.py:137} INFO - [2023-03-14T14:14:01.140+0000] {taskmixin.py:205} WARNING - Dependency <Task(_PythonDecoratedOperator): log_sql_query>, print_the_context already registered for DAG: example_python_operator
[2023-03-14T14:14:01.142+0000] {logging_mixin.py:137} INFO - [2023-03-14T14:14:01.142+0000] {taskmixin.py:205} WARNING - Dependency <Task(_PythonDecoratedOperator): print_the_context>, log_sql_query already registered for DAG: example_python_operator
[2023-03-14T14:14:01.142+0000] {logging_mixin.py:137} INFO - [2023-03-14T14:14:01.142+0000] {taskmixin.py:205} WARNING - Dependency <Task(_PythonDecoratedOperator): log_sql_query>, print_the_context already registered for DAG: example_python_operator
[2023-03-14T14:14:01.145+0000] {logging_mixin.py:137} INFO - [2023-03-14T14:14:01.145+0000] {taskmixin.py:205} WARNING - Dependency <Task(_PythonDecoratedOperator): print_the_context>, log_sql_query already registered for DAG: example_python_operator
[2023-03-14T14:14:01.146+0000] {logging_mixin.py:137} INFO - [2023-03-14T14:14:01.146+0000] {taskmixin.py:205} WARNING - Dependency <Task(_PythonDecoratedOperator): log_sql_query>, print_the_context already registered for DAG: example_python_operator
[2023-03-14T14:14:01.147+0000] {logging_mixin.py:137} INFO - [2023-03-14T14:14:01.147+0000] {taskmixin.py:205} WARNING - Dependency <Task(_PythonDecoratedOperator): print_the_context>, log_sql_query already registered for DAG: example_python_operator
[2023-03-14T14:14:01.177+0000] {logging_mixin.py:137} INFO - [2023-03-14T14:14:01.176+0000] {taskmixin.py:205} WARNING - Dependency <Task(_PythonDecoratedOperator): log_sql_query>, print_the_context already registered for DAG: example_python_operator
[2023-03-14T14:14:01.304+0000] {processor.py:753} INFO - DAG(s) dict_keys(['example_python_operator']) retrieved from /home/airflow/.local/lib/python3.7/site-packages/airflow/example_dags/example_python_operator.py
[2023-03-14T14:14:01.445+0000] {logging_mixin.py:137} INFO - [2023-03-14T14:14:01.445+0000] {dag.py:2690} INFO - Sync 1 DAGs
[2023-03-14T14:14:01.536+0000] {logging_mixin.py:137} INFO - [2023-03-14T14:14:01.536+0000] {dag.py:3441} INFO - Setting next_dagrun for example_python_operator to None, run_after=None
[2023-03-14T14:14:01.624+0000] {processor.py:175} INFO - Processing /home/airflow/.local/lib/python3.7/site-packages/airflow/example_dags/example_python_operator.py took 0.621 seconds
[2023-03-14T14:14:31.822+0000] {processor.py:153} INFO - Started process (PID=5346) to work on /home/airflow/.local/lib/python3.7/site-packages/airflow/example_dags/example_python_operator.py
[2023-03-14T14:14:31.823+0000] {processor.py:743} INFO - Processing file /home/airflow/.local/lib/python3.7/site-packages/airflow/example_dags/example_python_operator.py for tasks to queue
[2023-03-14T14:14:31.824+0000] {logging_mixin.py:137} INFO - [2023-03-14T14:14:31.824+0000] {dagbag.py:538} INFO - Filling up the DagBag from /home/airflow/.local/lib/python3.7/site-packages/airflow/example_dags/example_python_operator.py
[2023-03-14T14:14:31.874+0000] {logging_mixin.py:137} INFO - [2023-03-14T14:14:31.874+0000] {taskmixin.py:205} WARNING - Dependency <Task(_PythonDecoratedOperator): print_the_context>, log_sql_query already registered for DAG: example_python_operator
[2023-03-14T14:14:31.874+0000] {logging_mixin.py:137} INFO - [2023-03-14T14:14:31.874+0000] {taskmixin.py:205} WARNING - Dependency <Task(_PythonDecoratedOperator): log_sql_query>, print_the_context already registered for DAG: example_python_operator
[2023-03-14T14:14:31.875+0000] {logging_mixin.py:137} INFO - [2023-03-14T14:14:31.875+0000] {taskmixin.py:205} WARNING - Dependency <Task(_PythonDecoratedOperator): print_the_context>, log_sql_query already registered for DAG: example_python_operator
[2023-03-14T14:14:31.875+0000] {logging_mixin.py:137} INFO - [2023-03-14T14:14:31.875+0000] {taskmixin.py:205} WARNING - Dependency <Task(_PythonDecoratedOperator): log_sql_query>, print_the_context already registered for DAG: example_python_operator
[2023-03-14T14:14:31.876+0000] {logging_mixin.py:137} INFO - [2023-03-14T14:14:31.876+0000] {taskmixin.py:205} WARNING - Dependency <Task(_PythonDecoratedOperator): print_the_context>, log_sql_query already registered for DAG: example_python_operator
[2023-03-14T14:14:31.876+0000] {logging_mixin.py:137} INFO - [2023-03-14T14:14:31.876+0000] {taskmixin.py:205} WARNING - Dependency <Task(_PythonDecoratedOperator): log_sql_query>, print_the_context already registered for DAG: example_python_operator
[2023-03-14T14:14:31.877+0000] {logging_mixin.py:137} INFO - [2023-03-14T14:14:31.877+0000] {taskmixin.py:205} WARNING - Dependency <Task(_PythonDecoratedOperator): print_the_context>, log_sql_query already registered for DAG: example_python_operator
[2023-03-14T14:14:31.877+0000] {logging_mixin.py:137} INFO - [2023-03-14T14:14:31.877+0000] {taskmixin.py:205} WARNING - Dependency <Task(_PythonDecoratedOperator): log_sql_query>, print_the_context already registered for DAG: example_python_operator
[2023-03-14T14:14:31.884+0000] {processor.py:753} INFO - DAG(s) dict_keys(['example_python_operator']) retrieved from /home/airflow/.local/lib/python3.7/site-packages/airflow/example_dags/example_python_operator.py
[2023-03-14T14:14:31.913+0000] {logging_mixin.py:137} INFO - [2023-03-14T14:14:31.913+0000] {dag.py:2690} INFO - Sync 1 DAGs
[2023-03-14T14:14:31.937+0000] {logging_mixin.py:137} INFO - [2023-03-14T14:14:31.937+0000] {dag.py:3441} INFO - Setting next_dagrun for example_python_operator to None, run_after=None
[2023-03-14T14:14:31.963+0000] {processor.py:175} INFO - Processing /home/airflow/.local/lib/python3.7/site-packages/airflow/example_dags/example_python_operator.py took 0.145 seconds
[2023-03-14T14:15:02.273+0000] {processor.py:153} INFO - Started process (PID=5561) to work on /home/airflow/.local/lib/python3.7/site-packages/airflow/example_dags/example_python_operator.py
[2023-03-14T14:15:02.283+0000] {processor.py:743} INFO - Processing file /home/airflow/.local/lib/python3.7/site-packages/airflow/example_dags/example_python_operator.py for tasks to queue
[2023-03-14T14:15:02.284+0000] {logging_mixin.py:137} INFO - [2023-03-14T14:15:02.284+0000] {dagbag.py:538} INFO - Filling up the DagBag from /home/airflow/.local/lib/python3.7/site-packages/airflow/example_dags/example_python_operator.py
[2023-03-14T14:15:02.362+0000] {logging_mixin.py:137} INFO - [2023-03-14T14:15:02.362+0000] {taskmixin.py:205} WARNING - Dependency <Task(_PythonDecoratedOperator): print_the_context>, log_sql_query already registered for DAG: example_python_operator
[2023-03-14T14:15:02.363+0000] {logging_mixin.py:137} INFO - [2023-03-14T14:15:02.362+0000] {taskmixin.py:205} WARNING - Dependency <Task(_PythonDecoratedOperator): log_sql_query>, print_the_context already registered for DAG: example_python_operator
[2023-03-14T14:15:02.364+0000] {logging_mixin.py:137} INFO - [2023-03-14T14:15:02.363+0000] {taskmixin.py:205} WARNING - Dependency <Task(_PythonDecoratedOperator): print_the_context>, log_sql_query already registered for DAG: example_python_operator
[2023-03-14T14:15:02.364+0000] {logging_mixin.py:137} INFO - [2023-03-14T14:15:02.364+0000] {taskmixin.py:205} WARNING - Dependency <Task(_PythonDecoratedOperator): log_sql_query>, print_the_context already registered for DAG: example_python_operator
[2023-03-14T14:15:02.377+0000] {logging_mixin.py:137} INFO - [2023-03-14T14:15:02.377+0000] {taskmixin.py:205} WARNING - Dependency <Task(_PythonDecoratedOperator): print_the_context>, log_sql_query already registered for DAG: example_python_operator
[2023-03-14T14:15:02.377+0000] {logging_mixin.py:137} INFO - [2023-03-14T14:15:02.377+0000] {taskmixin.py:205} WARNING - Dependency <Task(_PythonDecoratedOperator): log_sql_query>, print_the_context already registered for DAG: example_python_operator
[2023-03-14T14:15:02.378+0000] {logging_mixin.py:137} INFO - [2023-03-14T14:15:02.378+0000] {taskmixin.py:205} WARNING - Dependency <Task(_PythonDecoratedOperator): print_the_context>, log_sql_query already registered for DAG: example_python_operator
[2023-03-14T14:15:02.379+0000] {logging_mixin.py:137} INFO - [2023-03-14T14:15:02.378+0000] {taskmixin.py:205} WARNING - Dependency <Task(_PythonDecoratedOperator): log_sql_query>, print_the_context already registered for DAG: example_python_operator
[2023-03-14T14:15:02.424+0000] {processor.py:753} INFO - DAG(s) dict_keys(['example_python_operator']) retrieved from /home/airflow/.local/lib/python3.7/site-packages/airflow/example_dags/example_python_operator.py
[2023-03-14T14:15:02.533+0000] {logging_mixin.py:137} INFO - [2023-03-14T14:15:02.533+0000] {dag.py:2690} INFO - Sync 1 DAGs
[2023-03-14T14:15:02.609+0000] {logging_mixin.py:137} INFO - [2023-03-14T14:15:02.609+0000] {dag.py:3441} INFO - Setting next_dagrun for example_python_operator to None, run_after=None
[2023-03-14T14:15:02.658+0000] {processor.py:175} INFO - Processing /home/airflow/.local/lib/python3.7/site-packages/airflow/example_dags/example_python_operator.py took 0.390 seconds
[2023-03-14T14:15:32.778+0000] {processor.py:153} INFO - Started process (PID=5774) to work on /home/airflow/.local/lib/python3.7/site-packages/airflow/example_dags/example_python_operator.py
[2023-03-14T14:15:32.779+0000] {processor.py:743} INFO - Processing file /home/airflow/.local/lib/python3.7/site-packages/airflow/example_dags/example_python_operator.py for tasks to queue
[2023-03-14T14:15:32.780+0000] {logging_mixin.py:137} INFO - [2023-03-14T14:15:32.780+0000] {dagbag.py:538} INFO - Filling up the DagBag from /home/airflow/.local/lib/python3.7/site-packages/airflow/example_dags/example_python_operator.py
[2023-03-14T14:15:32.799+0000] {logging_mixin.py:137} INFO - [2023-03-14T14:15:32.798+0000] {taskmixin.py:205} WARNING - Dependency <Task(_PythonDecoratedOperator): print_the_context>, log_sql_query already registered for DAG: example_python_operator
[2023-03-14T14:15:32.799+0000] {logging_mixin.py:137} INFO - [2023-03-14T14:15:32.799+0000] {taskmixin.py:205} WARNING - Dependency <Task(_PythonDecoratedOperator): log_sql_query>, print_the_context already registered for DAG: example_python_operator
[2023-03-14T14:15:32.800+0000] {logging_mixin.py:137} INFO - [2023-03-14T14:15:32.799+0000] {taskmixin.py:205} WARNING - Dependency <Task(_PythonDecoratedOperator): print_the_context>, log_sql_query already registered for DAG: example_python_operator
[2023-03-14T14:15:32.800+0000] {logging_mixin.py:137} INFO - [2023-03-14T14:15:32.800+0000] {taskmixin.py:205} WARNING - Dependency <Task(_PythonDecoratedOperator): log_sql_query>, print_the_context already registered for DAG: example_python_operator
[2023-03-14T14:15:32.801+0000] {logging_mixin.py:137} INFO - [2023-03-14T14:15:32.800+0000] {taskmixin.py:205} WARNING - Dependency <Task(_PythonDecoratedOperator): print_the_context>, log_sql_query already registered for DAG: example_python_operator
[2023-03-14T14:15:32.801+0000] {logging_mixin.py:137} INFO - [2023-03-14T14:15:32.801+0000] {taskmixin.py:205} WARNING - Dependency <Task(_PythonDecoratedOperator): log_sql_query>, print_the_context already registered for DAG: example_python_operator
[2023-03-14T14:15:32.801+0000] {logging_mixin.py:137} INFO - [2023-03-14T14:15:32.801+0000] {taskmixin.py:205} WARNING - Dependency <Task(_PythonDecoratedOperator): print_the_context>, log_sql_query already registered for DAG: example_python_operator
[2023-03-14T14:15:32.802+0000] {logging_mixin.py:137} INFO - [2023-03-14T14:15:32.802+0000] {taskmixin.py:205} WARNING - Dependency <Task(_PythonDecoratedOperator): log_sql_query>, print_the_context already registered for DAG: example_python_operator
[2023-03-14T14:15:32.808+0000] {processor.py:753} INFO - DAG(s) dict_keys(['example_python_operator']) retrieved from /home/airflow/.local/lib/python3.7/site-packages/airflow/example_dags/example_python_operator.py
[2023-03-14T14:15:32.836+0000] {logging_mixin.py:137} INFO - [2023-03-14T14:15:32.836+0000] {dag.py:2690} INFO - Sync 1 DAGs
[2023-03-14T14:15:32.861+0000] {logging_mixin.py:137} INFO - [2023-03-14T14:15:32.861+0000] {dag.py:3441} INFO - Setting next_dagrun for example_python_operator to None, run_after=None
[2023-03-14T14:15:32.885+0000] {processor.py:175} INFO - Processing /home/airflow/.local/lib/python3.7/site-packages/airflow/example_dags/example_python_operator.py took 0.111 seconds
