[2023-03-14T14:02:30.916+0000] {processor.py:153} INFO - Started process (PID=275) to work on /home/airflow/.local/lib/python3.7/site-packages/airflow/example_dags/example_bash_operator.py
[2023-03-14T14:02:30.922+0000] {processor.py:743} INFO - Processing file /home/airflow/.local/lib/python3.7/site-packages/airflow/example_dags/example_bash_operator.py for tasks to queue
[2023-03-14T14:02:30.925+0000] {logging_mixin.py:137} INFO - [2023-03-14T14:02:30.925+0000] {dagbag.py:538} INFO - Filling up the DagBag from /home/airflow/.local/lib/python3.7/site-packages/airflow/example_dags/example_bash_operator.py
[2023-03-14T14:02:31.105+0000] {processor.py:753} INFO - DAG(s) dict_keys(['example_bash_operator']) retrieved from /home/airflow/.local/lib/python3.7/site-packages/airflow/example_dags/example_bash_operator.py
[2023-03-14T14:02:31.392+0000] {logging_mixin.py:137} INFO - [2023-03-14T14:02:31.392+0000] {dag.py:2690} INFO - Sync 1 DAGs
[2023-03-14T14:02:31.441+0000] {logging_mixin.py:137} INFO - [2023-03-14T14:02:31.441+0000] {dag.py:3441} INFO - Setting next_dagrun for example_bash_operator to 2023-03-13T00:00:00+00:00, run_after=2023-03-14T00:00:00+00:00
[2023-03-14T14:02:31.508+0000] {processor.py:175} INFO - Processing /home/airflow/.local/lib/python3.7/site-packages/airflow/example_dags/example_bash_operator.py took 0.616 seconds
[2023-03-14T14:03:03.633+0000] {processor.py:153} INFO - Started process (PID=490) to work on /home/airflow/.local/lib/python3.7/site-packages/airflow/example_dags/example_bash_operator.py
[2023-03-14T14:03:03.641+0000] {processor.py:743} INFO - Processing file /home/airflow/.local/lib/python3.7/site-packages/airflow/example_dags/example_bash_operator.py for tasks to queue
[2023-03-14T14:03:03.642+0000] {logging_mixin.py:137} INFO - [2023-03-14T14:03:03.642+0000] {dagbag.py:538} INFO - Filling up the DagBag from /home/airflow/.local/lib/python3.7/site-packages/airflow/example_dags/example_bash_operator.py
[2023-03-14T14:03:03.811+0000] {processor.py:753} INFO - DAG(s) dict_keys(['example_bash_operator']) retrieved from /home/airflow/.local/lib/python3.7/site-packages/airflow/example_dags/example_bash_operator.py
[2023-03-14T14:03:03.987+0000] {logging_mixin.py:137} INFO - [2023-03-14T14:03:03.987+0000] {dag.py:2690} INFO - Sync 1 DAGs
[2023-03-14T14:03:04.167+0000] {logging_mixin.py:137} INFO - [2023-03-14T14:03:04.167+0000] {dag.py:3441} INFO - Setting next_dagrun for example_bash_operator to 2023-03-13T00:00:00+00:00, run_after=2023-03-14T00:00:00+00:00
[2023-03-14T14:03:04.300+0000] {processor.py:175} INFO - Processing /home/airflow/.local/lib/python3.7/site-packages/airflow/example_dags/example_bash_operator.py took 0.686 seconds
[2023-03-14T14:03:34.756+0000] {processor.py:153} INFO - Started process (PID=708) to work on /home/airflow/.local/lib/python3.7/site-packages/airflow/example_dags/example_bash_operator.py
[2023-03-14T14:03:34.757+0000] {processor.py:743} INFO - Processing file /home/airflow/.local/lib/python3.7/site-packages/airflow/example_dags/example_bash_operator.py for tasks to queue
[2023-03-14T14:03:34.758+0000] {logging_mixin.py:137} INFO - [2023-03-14T14:03:34.758+0000] {dagbag.py:538} INFO - Filling up the DagBag from /home/airflow/.local/lib/python3.7/site-packages/airflow/example_dags/example_bash_operator.py
[2023-03-14T14:03:34.790+0000] {processor.py:753} INFO - DAG(s) dict_keys(['example_bash_operator']) retrieved from /home/airflow/.local/lib/python3.7/site-packages/airflow/example_dags/example_bash_operator.py
[2023-03-14T14:03:34.846+0000] {logging_mixin.py:137} INFO - [2023-03-14T14:03:34.846+0000] {dag.py:2690} INFO - Sync 1 DAGs
[2023-03-14T14:03:34.892+0000] {logging_mixin.py:137} INFO - [2023-03-14T14:03:34.892+0000] {dag.py:3441} INFO - Setting next_dagrun for example_bash_operator to 2023-03-13T00:00:00+00:00, run_after=2023-03-14T00:00:00+00:00
[2023-03-14T14:03:34.923+0000] {processor.py:175} INFO - Processing /home/airflow/.local/lib/python3.7/site-packages/airflow/example_dags/example_bash_operator.py took 0.172 seconds
[2023-03-14T14:04:06.171+0000] {processor.py:153} INFO - Started process (PID=920) to work on /home/airflow/.local/lib/python3.7/site-packages/airflow/example_dags/example_bash_operator.py
[2023-03-14T14:04:06.176+0000] {processor.py:743} INFO - Processing file /home/airflow/.local/lib/python3.7/site-packages/airflow/example_dags/example_bash_operator.py for tasks to queue
[2023-03-14T14:04:06.188+0000] {logging_mixin.py:137} INFO - [2023-03-14T14:04:06.183+0000] {dagbag.py:538} INFO - Filling up the DagBag from /home/airflow/.local/lib/python3.7/site-packages/airflow/example_dags/example_bash_operator.py
[2023-03-14T14:04:06.298+0000] {processor.py:753} INFO - DAG(s) dict_keys(['example_bash_operator']) retrieved from /home/airflow/.local/lib/python3.7/site-packages/airflow/example_dags/example_bash_operator.py
[2023-03-14T14:04:06.466+0000] {logging_mixin.py:137} INFO - [2023-03-14T14:04:06.466+0000] {dag.py:2690} INFO - Sync 1 DAGs
[2023-03-14T14:04:06.581+0000] {logging_mixin.py:137} INFO - [2023-03-14T14:04:06.580+0000] {dag.py:3441} INFO - Setting next_dagrun for example_bash_operator to 2023-03-13T00:00:00+00:00, run_after=2023-03-14T00:00:00+00:00
[2023-03-14T14:04:06.679+0000] {processor.py:175} INFO - Processing /home/airflow/.local/lib/python3.7/site-packages/airflow/example_dags/example_bash_operator.py took 0.513 seconds
[2023-03-14T14:04:37.102+0000] {processor.py:153} INFO - Started process (PID=1134) to work on /home/airflow/.local/lib/python3.7/site-packages/airflow/example_dags/example_bash_operator.py
[2023-03-14T14:04:37.109+0000] {processor.py:743} INFO - Processing file /home/airflow/.local/lib/python3.7/site-packages/airflow/example_dags/example_bash_operator.py for tasks to queue
[2023-03-14T14:04:37.113+0000] {logging_mixin.py:137} INFO - [2023-03-14T14:04:37.113+0000] {dagbag.py:538} INFO - Filling up the DagBag from /home/airflow/.local/lib/python3.7/site-packages/airflow/example_dags/example_bash_operator.py
[2023-03-14T14:04:37.206+0000] {processor.py:753} INFO - DAG(s) dict_keys(['example_bash_operator']) retrieved from /home/airflow/.local/lib/python3.7/site-packages/airflow/example_dags/example_bash_operator.py
[2023-03-14T14:04:37.301+0000] {logging_mixin.py:137} INFO - [2023-03-14T14:04:37.301+0000] {dag.py:2690} INFO - Sync 1 DAGs
[2023-03-14T14:04:37.345+0000] {logging_mixin.py:137} INFO - [2023-03-14T14:04:37.344+0000] {dag.py:3441} INFO - Setting next_dagrun for example_bash_operator to 2023-03-13T00:00:00+00:00, run_after=2023-03-14T00:00:00+00:00
[2023-03-14T14:04:37.401+0000] {processor.py:175} INFO - Processing /home/airflow/.local/lib/python3.7/site-packages/airflow/example_dags/example_bash_operator.py took 0.331 seconds
[2023-03-14T14:05:08.494+0000] {processor.py:153} INFO - Started process (PID=1348) to work on /home/airflow/.local/lib/python3.7/site-packages/airflow/example_dags/example_bash_operator.py
[2023-03-14T14:05:08.498+0000] {processor.py:743} INFO - Processing file /home/airflow/.local/lib/python3.7/site-packages/airflow/example_dags/example_bash_operator.py for tasks to queue
[2023-03-14T14:05:08.499+0000] {logging_mixin.py:137} INFO - [2023-03-14T14:05:08.499+0000] {dagbag.py:538} INFO - Filling up the DagBag from /home/airflow/.local/lib/python3.7/site-packages/airflow/example_dags/example_bash_operator.py
[2023-03-14T14:05:08.564+0000] {processor.py:753} INFO - DAG(s) dict_keys(['example_bash_operator']) retrieved from /home/airflow/.local/lib/python3.7/site-packages/airflow/example_dags/example_bash_operator.py
[2023-03-14T14:05:08.834+0000] {logging_mixin.py:137} INFO - [2023-03-14T14:05:08.833+0000] {dag.py:2690} INFO - Sync 1 DAGs
[2023-03-14T14:05:08.949+0000] {logging_mixin.py:137} INFO - [2023-03-14T14:05:08.948+0000] {dag.py:3441} INFO - Setting next_dagrun for example_bash_operator to 2023-03-13T00:00:00+00:00, run_after=2023-03-14T00:00:00+00:00
[2023-03-14T14:05:09.010+0000] {processor.py:175} INFO - Processing /home/airflow/.local/lib/python3.7/site-packages/airflow/example_dags/example_bash_operator.py took 0.547 seconds
[2023-03-14T14:05:39.142+0000] {processor.py:153} INFO - Started process (PID=1565) to work on /home/airflow/.local/lib/python3.7/site-packages/airflow/example_dags/example_bash_operator.py
[2023-03-14T14:05:39.143+0000] {processor.py:743} INFO - Processing file /home/airflow/.local/lib/python3.7/site-packages/airflow/example_dags/example_bash_operator.py for tasks to queue
[2023-03-14T14:05:39.144+0000] {logging_mixin.py:137} INFO - [2023-03-14T14:05:39.143+0000] {dagbag.py:538} INFO - Filling up the DagBag from /home/airflow/.local/lib/python3.7/site-packages/airflow/example_dags/example_bash_operator.py
[2023-03-14T14:05:39.178+0000] {processor.py:753} INFO - DAG(s) dict_keys(['example_bash_operator']) retrieved from /home/airflow/.local/lib/python3.7/site-packages/airflow/example_dags/example_bash_operator.py
[2023-03-14T14:05:39.235+0000] {logging_mixin.py:137} INFO - [2023-03-14T14:05:39.235+0000] {dag.py:2690} INFO - Sync 1 DAGs
[2023-03-14T14:05:39.278+0000] {logging_mixin.py:137} INFO - [2023-03-14T14:05:39.278+0000] {dag.py:3441} INFO - Setting next_dagrun for example_bash_operator to 2023-03-13T00:00:00+00:00, run_after=2023-03-14T00:00:00+00:00
[2023-03-14T14:05:39.312+0000] {processor.py:175} INFO - Processing /home/airflow/.local/lib/python3.7/site-packages/airflow/example_dags/example_bash_operator.py took 0.174 seconds
[2023-03-14T14:06:10.405+0000] {processor.py:153} INFO - Started process (PID=1779) to work on /home/airflow/.local/lib/python3.7/site-packages/airflow/example_dags/example_bash_operator.py
[2023-03-14T14:06:10.408+0000] {processor.py:743} INFO - Processing file /home/airflow/.local/lib/python3.7/site-packages/airflow/example_dags/example_bash_operator.py for tasks to queue
[2023-03-14T14:06:10.409+0000] {logging_mixin.py:137} INFO - [2023-03-14T14:06:10.409+0000] {dagbag.py:538} INFO - Filling up the DagBag from /home/airflow/.local/lib/python3.7/site-packages/airflow/example_dags/example_bash_operator.py
[2023-03-14T14:06:10.469+0000] {processor.py:753} INFO - DAG(s) dict_keys(['example_bash_operator']) retrieved from /home/airflow/.local/lib/python3.7/site-packages/airflow/example_dags/example_bash_operator.py
[2023-03-14T14:06:10.631+0000] {logging_mixin.py:137} INFO - [2023-03-14T14:06:10.631+0000] {dag.py:2690} INFO - Sync 1 DAGs
[2023-03-14T14:06:10.728+0000] {logging_mixin.py:137} INFO - [2023-03-14T14:06:10.727+0000] {dag.py:3441} INFO - Setting next_dagrun for example_bash_operator to 2023-03-13T00:00:00+00:00, run_after=2023-03-14T00:00:00+00:00
[2023-03-14T14:06:10.769+0000] {processor.py:175} INFO - Processing /home/airflow/.local/lib/python3.7/site-packages/airflow/example_dags/example_bash_operator.py took 0.374 seconds
[2023-03-14T14:06:41.479+0000] {processor.py:153} INFO - Started process (PID=2004) to work on /home/airflow/.local/lib/python3.7/site-packages/airflow/example_dags/example_bash_operator.py
[2023-03-14T14:06:41.480+0000] {processor.py:743} INFO - Processing file /home/airflow/.local/lib/python3.7/site-packages/airflow/example_dags/example_bash_operator.py for tasks to queue
[2023-03-14T14:06:41.481+0000] {logging_mixin.py:137} INFO - [2023-03-14T14:06:41.481+0000] {dagbag.py:538} INFO - Filling up the DagBag from /home/airflow/.local/lib/python3.7/site-packages/airflow/example_dags/example_bash_operator.py
[2023-03-14T14:06:41.529+0000] {processor.py:753} INFO - DAG(s) dict_keys(['example_bash_operator']) retrieved from /home/airflow/.local/lib/python3.7/site-packages/airflow/example_dags/example_bash_operator.py
[2023-03-14T14:06:41.637+0000] {logging_mixin.py:137} INFO - [2023-03-14T14:06:41.637+0000] {dag.py:2690} INFO - Sync 1 DAGs
[2023-03-14T14:06:41.690+0000] {logging_mixin.py:137} INFO - [2023-03-14T14:06:41.690+0000] {dag.py:3441} INFO - Setting next_dagrun for example_bash_operator to 2023-03-13T00:00:00+00:00, run_after=2023-03-14T00:00:00+00:00
[2023-03-14T14:06:41.744+0000] {processor.py:175} INFO - Processing /home/airflow/.local/lib/python3.7/site-packages/airflow/example_dags/example_bash_operator.py took 0.269 seconds
[2023-03-14T14:07:12.800+0000] {processor.py:153} INFO - Started process (PID=2220) to work on /home/airflow/.local/lib/python3.7/site-packages/airflow/example_dags/example_bash_operator.py
[2023-03-14T14:07:12.803+0000] {processor.py:743} INFO - Processing file /home/airflow/.local/lib/python3.7/site-packages/airflow/example_dags/example_bash_operator.py for tasks to queue
[2023-03-14T14:07:12.805+0000] {logging_mixin.py:137} INFO - [2023-03-14T14:07:12.805+0000] {dagbag.py:538} INFO - Filling up the DagBag from /home/airflow/.local/lib/python3.7/site-packages/airflow/example_dags/example_bash_operator.py
[2023-03-14T14:07:12.874+0000] {processor.py:753} INFO - DAG(s) dict_keys(['example_bash_operator']) retrieved from /home/airflow/.local/lib/python3.7/site-packages/airflow/example_dags/example_bash_operator.py
[2023-03-14T14:07:13.001+0000] {logging_mixin.py:137} INFO - [2023-03-14T14:07:13.001+0000] {dag.py:2690} INFO - Sync 1 DAGs
[2023-03-14T14:07:13.050+0000] {logging_mixin.py:137} INFO - [2023-03-14T14:07:13.050+0000] {dag.py:3441} INFO - Setting next_dagrun for example_bash_operator to 2023-03-13T00:00:00+00:00, run_after=2023-03-14T00:00:00+00:00
[2023-03-14T14:07:13.118+0000] {processor.py:175} INFO - Processing /home/airflow/.local/lib/python3.7/site-packages/airflow/example_dags/example_bash_operator.py took 0.322 seconds
[2023-03-14T14:07:43.271+0000] {processor.py:153} INFO - Started process (PID=2435) to work on /home/airflow/.local/lib/python3.7/site-packages/airflow/example_dags/example_bash_operator.py
[2023-03-14T14:07:43.273+0000] {processor.py:743} INFO - Processing file /home/airflow/.local/lib/python3.7/site-packages/airflow/example_dags/example_bash_operator.py for tasks to queue
[2023-03-14T14:07:43.274+0000] {logging_mixin.py:137} INFO - [2023-03-14T14:07:43.274+0000] {dagbag.py:538} INFO - Filling up the DagBag from /home/airflow/.local/lib/python3.7/site-packages/airflow/example_dags/example_bash_operator.py
[2023-03-14T14:07:43.311+0000] {processor.py:753} INFO - DAG(s) dict_keys(['example_bash_operator']) retrieved from /home/airflow/.local/lib/python3.7/site-packages/airflow/example_dags/example_bash_operator.py
[2023-03-14T14:07:43.406+0000] {logging_mixin.py:137} INFO - [2023-03-14T14:07:43.405+0000] {dag.py:2690} INFO - Sync 1 DAGs
[2023-03-14T14:07:43.451+0000] {logging_mixin.py:137} INFO - [2023-03-14T14:07:43.450+0000] {dag.py:3441} INFO - Setting next_dagrun for example_bash_operator to 2023-03-13T00:00:00+00:00, run_after=2023-03-14T00:00:00+00:00
[2023-03-14T14:07:43.493+0000] {processor.py:175} INFO - Processing /home/airflow/.local/lib/python3.7/site-packages/airflow/example_dags/example_bash_operator.py took 0.227 seconds
[2023-03-14T14:08:14.146+0000] {processor.py:153} INFO - Started process (PID=2659) to work on /home/airflow/.local/lib/python3.7/site-packages/airflow/example_dags/example_bash_operator.py
[2023-03-14T14:08:14.147+0000] {processor.py:743} INFO - Processing file /home/airflow/.local/lib/python3.7/site-packages/airflow/example_dags/example_bash_operator.py for tasks to queue
[2023-03-14T14:08:14.148+0000] {logging_mixin.py:137} INFO - [2023-03-14T14:08:14.148+0000] {dagbag.py:538} INFO - Filling up the DagBag from /home/airflow/.local/lib/python3.7/site-packages/airflow/example_dags/example_bash_operator.py
[2023-03-14T14:08:14.202+0000] {processor.py:753} INFO - DAG(s) dict_keys(['example_bash_operator']) retrieved from /home/airflow/.local/lib/python3.7/site-packages/airflow/example_dags/example_bash_operator.py
[2023-03-14T14:08:14.333+0000] {logging_mixin.py:137} INFO - [2023-03-14T14:08:14.333+0000] {dag.py:2690} INFO - Sync 1 DAGs
[2023-03-14T14:08:14.408+0000] {logging_mixin.py:137} INFO - [2023-03-14T14:08:14.407+0000] {dag.py:3441} INFO - Setting next_dagrun for example_bash_operator to 2023-03-13T00:00:00+00:00, run_after=2023-03-14T00:00:00+00:00
[2023-03-14T14:08:14.454+0000] {processor.py:175} INFO - Processing /home/airflow/.local/lib/python3.7/site-packages/airflow/example_dags/example_bash_operator.py took 0.314 seconds
[2023-03-14T14:08:45.088+0000] {processor.py:153} INFO - Started process (PID=2876) to work on /home/airflow/.local/lib/python3.7/site-packages/airflow/example_dags/example_bash_operator.py
[2023-03-14T14:08:45.090+0000] {processor.py:743} INFO - Processing file /home/airflow/.local/lib/python3.7/site-packages/airflow/example_dags/example_bash_operator.py for tasks to queue
[2023-03-14T14:08:45.091+0000] {logging_mixin.py:137} INFO - [2023-03-14T14:08:45.091+0000] {dagbag.py:538} INFO - Filling up the DagBag from /home/airflow/.local/lib/python3.7/site-packages/airflow/example_dags/example_bash_operator.py
[2023-03-14T14:08:45.146+0000] {processor.py:753} INFO - DAG(s) dict_keys(['example_bash_operator']) retrieved from /home/airflow/.local/lib/python3.7/site-packages/airflow/example_dags/example_bash_operator.py
[2023-03-14T14:08:45.237+0000] {logging_mixin.py:137} INFO - [2023-03-14T14:08:45.237+0000] {dag.py:2690} INFO - Sync 1 DAGs
[2023-03-14T14:08:45.289+0000] {logging_mixin.py:137} INFO - [2023-03-14T14:08:45.289+0000] {dag.py:3441} INFO - Setting next_dagrun for example_bash_operator to 2023-03-13T00:00:00+00:00, run_after=2023-03-14T00:00:00+00:00
[2023-03-14T14:08:45.325+0000] {processor.py:175} INFO - Processing /home/airflow/.local/lib/python3.7/site-packages/airflow/example_dags/example_bash_operator.py took 0.244 seconds
[2023-03-14T14:09:15.627+0000] {processor.py:153} INFO - Started process (PID=3111) to work on /home/airflow/.local/lib/python3.7/site-packages/airflow/example_dags/example_bash_operator.py
[2023-03-14T14:09:15.652+0000] {processor.py:743} INFO - Processing file /home/airflow/.local/lib/python3.7/site-packages/airflow/example_dags/example_bash_operator.py for tasks to queue
[2023-03-14T14:09:15.653+0000] {logging_mixin.py:137} INFO - [2023-03-14T14:09:15.653+0000] {dagbag.py:538} INFO - Filling up the DagBag from /home/airflow/.local/lib/python3.7/site-packages/airflow/example_dags/example_bash_operator.py
[2023-03-14T14:09:15.806+0000] {processor.py:753} INFO - DAG(s) dict_keys(['example_bash_operator']) retrieved from /home/airflow/.local/lib/python3.7/site-packages/airflow/example_dags/example_bash_operator.py
[2023-03-14T14:09:16.367+0000] {logging_mixin.py:137} INFO - [2023-03-14T14:09:16.367+0000] {dag.py:2690} INFO - Sync 1 DAGs
[2023-03-14T14:09:16.642+0000] {logging_mixin.py:137} INFO - [2023-03-14T14:09:16.642+0000] {dag.py:3441} INFO - Setting next_dagrun for example_bash_operator to 2023-03-14T00:00:00+00:00, run_after=2023-03-15T00:00:00+00:00
[2023-03-14T14:09:16.853+0000] {processor.py:175} INFO - Processing /home/airflow/.local/lib/python3.7/site-packages/airflow/example_dags/example_bash_operator.py took 1.253 seconds
[2023-03-14T14:09:47.257+0000] {processor.py:153} INFO - Started process (PID=3338) to work on /home/airflow/.local/lib/python3.7/site-packages/airflow/example_dags/example_bash_operator.py
[2023-03-14T14:09:47.260+0000] {processor.py:743} INFO - Processing file /home/airflow/.local/lib/python3.7/site-packages/airflow/example_dags/example_bash_operator.py for tasks to queue
[2023-03-14T14:09:47.261+0000] {logging_mixin.py:137} INFO - [2023-03-14T14:09:47.260+0000] {dagbag.py:538} INFO - Filling up the DagBag from /home/airflow/.local/lib/python3.7/site-packages/airflow/example_dags/example_bash_operator.py
[2023-03-14T14:09:47.391+0000] {processor.py:753} INFO - DAG(s) dict_keys(['example_bash_operator']) retrieved from /home/airflow/.local/lib/python3.7/site-packages/airflow/example_dags/example_bash_operator.py
[2023-03-14T14:09:47.526+0000] {logging_mixin.py:137} INFO - [2023-03-14T14:09:47.526+0000] {dag.py:2690} INFO - Sync 1 DAGs
[2023-03-14T14:09:47.612+0000] {logging_mixin.py:137} INFO - [2023-03-14T14:09:47.611+0000] {dag.py:3441} INFO - Setting next_dagrun for example_bash_operator to 2023-03-14T00:00:00+00:00, run_after=2023-03-15T00:00:00+00:00
[2023-03-14T14:09:47.685+0000] {processor.py:175} INFO - Processing /home/airflow/.local/lib/python3.7/site-packages/airflow/example_dags/example_bash_operator.py took 0.436 seconds
[2023-03-14T14:10:17.906+0000] {processor.py:153} INFO - Started process (PID=3552) to work on /home/airflow/.local/lib/python3.7/site-packages/airflow/example_dags/example_bash_operator.py
[2023-03-14T14:10:17.925+0000] {processor.py:743} INFO - Processing file /home/airflow/.local/lib/python3.7/site-packages/airflow/example_dags/example_bash_operator.py for tasks to queue
[2023-03-14T14:10:17.927+0000] {logging_mixin.py:137} INFO - [2023-03-14T14:10:17.926+0000] {dagbag.py:538} INFO - Filling up the DagBag from /home/airflow/.local/lib/python3.7/site-packages/airflow/example_dags/example_bash_operator.py
[2023-03-14T14:10:18.002+0000] {processor.py:753} INFO - DAG(s) dict_keys(['example_bash_operator']) retrieved from /home/airflow/.local/lib/python3.7/site-packages/airflow/example_dags/example_bash_operator.py
[2023-03-14T14:10:18.120+0000] {logging_mixin.py:137} INFO - [2023-03-14T14:10:18.120+0000] {dag.py:2690} INFO - Sync 1 DAGs
[2023-03-14T14:10:18.200+0000] {logging_mixin.py:137} INFO - [2023-03-14T14:10:18.200+0000] {dag.py:3441} INFO - Setting next_dagrun for example_bash_operator to 2023-03-14T00:00:00+00:00, run_after=2023-03-15T00:00:00+00:00
[2023-03-14T14:10:18.249+0000] {processor.py:175} INFO - Processing /home/airflow/.local/lib/python3.7/site-packages/airflow/example_dags/example_bash_operator.py took 0.349 seconds
[2023-03-14T14:10:48.433+0000] {processor.py:153} INFO - Started process (PID=3770) to work on /home/airflow/.local/lib/python3.7/site-packages/airflow/example_dags/example_bash_operator.py
[2023-03-14T14:10:48.434+0000] {processor.py:743} INFO - Processing file /home/airflow/.local/lib/python3.7/site-packages/airflow/example_dags/example_bash_operator.py for tasks to queue
[2023-03-14T14:10:48.435+0000] {logging_mixin.py:137} INFO - [2023-03-14T14:10:48.435+0000] {dagbag.py:538} INFO - Filling up the DagBag from /home/airflow/.local/lib/python3.7/site-packages/airflow/example_dags/example_bash_operator.py
[2023-03-14T14:10:48.474+0000] {processor.py:753} INFO - DAG(s) dict_keys(['example_bash_operator']) retrieved from /home/airflow/.local/lib/python3.7/site-packages/airflow/example_dags/example_bash_operator.py
[2023-03-14T14:10:48.543+0000] {logging_mixin.py:137} INFO - [2023-03-14T14:10:48.543+0000] {dag.py:2690} INFO - Sync 1 DAGs
[2023-03-14T14:10:48.587+0000] {logging_mixin.py:137} INFO - [2023-03-14T14:10:48.587+0000] {dag.py:3441} INFO - Setting next_dagrun for example_bash_operator to 2023-03-14T00:00:00+00:00, run_after=2023-03-15T00:00:00+00:00
[2023-03-14T14:10:48.634+0000] {processor.py:175} INFO - Processing /home/airflow/.local/lib/python3.7/site-packages/airflow/example_dags/example_bash_operator.py took 0.207 seconds
[2023-03-14T14:11:18.934+0000] {processor.py:153} INFO - Started process (PID=3982) to work on /home/airflow/.local/lib/python3.7/site-packages/airflow/example_dags/example_bash_operator.py
[2023-03-14T14:11:18.938+0000] {processor.py:743} INFO - Processing file /home/airflow/.local/lib/python3.7/site-packages/airflow/example_dags/example_bash_operator.py for tasks to queue
[2023-03-14T14:11:18.938+0000] {logging_mixin.py:137} INFO - [2023-03-14T14:11:18.938+0000] {dagbag.py:538} INFO - Filling up the DagBag from /home/airflow/.local/lib/python3.7/site-packages/airflow/example_dags/example_bash_operator.py
[2023-03-14T14:11:19.005+0000] {processor.py:753} INFO - DAG(s) dict_keys(['example_bash_operator']) retrieved from /home/airflow/.local/lib/python3.7/site-packages/airflow/example_dags/example_bash_operator.py
[2023-03-14T14:11:19.216+0000] {logging_mixin.py:137} INFO - [2023-03-14T14:11:19.216+0000] {dag.py:2690} INFO - Sync 1 DAGs
[2023-03-14T14:11:19.303+0000] {logging_mixin.py:137} INFO - [2023-03-14T14:11:19.303+0000] {dag.py:3441} INFO - Setting next_dagrun for example_bash_operator to 2023-03-14T00:00:00+00:00, run_after=2023-03-15T00:00:00+00:00
[2023-03-14T14:11:19.369+0000] {processor.py:175} INFO - Processing /home/airflow/.local/lib/python3.7/site-packages/airflow/example_dags/example_bash_operator.py took 0.442 seconds
[2023-03-14T14:11:49.524+0000] {processor.py:153} INFO - Started process (PID=4198) to work on /home/airflow/.local/lib/python3.7/site-packages/airflow/example_dags/example_bash_operator.py
[2023-03-14T14:11:49.525+0000] {processor.py:743} INFO - Processing file /home/airflow/.local/lib/python3.7/site-packages/airflow/example_dags/example_bash_operator.py for tasks to queue
[2023-03-14T14:11:49.526+0000] {logging_mixin.py:137} INFO - [2023-03-14T14:11:49.526+0000] {dagbag.py:538} INFO - Filling up the DagBag from /home/airflow/.local/lib/python3.7/site-packages/airflow/example_dags/example_bash_operator.py
[2023-03-14T14:11:49.563+0000] {processor.py:753} INFO - DAG(s) dict_keys(['example_bash_operator']) retrieved from /home/airflow/.local/lib/python3.7/site-packages/airflow/example_dags/example_bash_operator.py
[2023-03-14T14:11:49.630+0000] {logging_mixin.py:137} INFO - [2023-03-14T14:11:49.629+0000] {dag.py:2690} INFO - Sync 1 DAGs
[2023-03-14T14:11:49.679+0000] {logging_mixin.py:137} INFO - [2023-03-14T14:11:49.679+0000] {dag.py:3441} INFO - Setting next_dagrun for example_bash_operator to 2023-03-14T00:00:00+00:00, run_after=2023-03-15T00:00:00+00:00
[2023-03-14T14:11:49.729+0000] {processor.py:175} INFO - Processing /home/airflow/.local/lib/python3.7/site-packages/airflow/example_dags/example_bash_operator.py took 0.209 seconds
[2023-03-14T14:12:20.394+0000] {processor.py:153} INFO - Started process (PID=4414) to work on /home/airflow/.local/lib/python3.7/site-packages/airflow/example_dags/example_bash_operator.py
[2023-03-14T14:12:20.395+0000] {processor.py:743} INFO - Processing file /home/airflow/.local/lib/python3.7/site-packages/airflow/example_dags/example_bash_operator.py for tasks to queue
[2023-03-14T14:12:20.396+0000] {logging_mixin.py:137} INFO - [2023-03-14T14:12:20.396+0000] {dagbag.py:538} INFO - Filling up the DagBag from /home/airflow/.local/lib/python3.7/site-packages/airflow/example_dags/example_bash_operator.py
[2023-03-14T14:12:20.439+0000] {processor.py:753} INFO - DAG(s) dict_keys(['example_bash_operator']) retrieved from /home/airflow/.local/lib/python3.7/site-packages/airflow/example_dags/example_bash_operator.py
[2023-03-14T14:12:20.499+0000] {logging_mixin.py:137} INFO - [2023-03-14T14:12:20.499+0000] {dag.py:2690} INFO - Sync 1 DAGs
[2023-03-14T14:12:20.541+0000] {logging_mixin.py:137} INFO - [2023-03-14T14:12:20.541+0000] {dag.py:3441} INFO - Setting next_dagrun for example_bash_operator to 2023-03-14T00:00:00+00:00, run_after=2023-03-15T00:00:00+00:00
[2023-03-14T14:12:20.576+0000] {processor.py:175} INFO - Processing /home/airflow/.local/lib/python3.7/site-packages/airflow/example_dags/example_bash_operator.py took 0.187 seconds
[2023-03-14T14:12:50.667+0000] {processor.py:153} INFO - Started process (PID=4628) to work on /home/airflow/.local/lib/python3.7/site-packages/airflow/example_dags/example_bash_operator.py
[2023-03-14T14:12:50.669+0000] {processor.py:743} INFO - Processing file /home/airflow/.local/lib/python3.7/site-packages/airflow/example_dags/example_bash_operator.py for tasks to queue
[2023-03-14T14:12:50.670+0000] {logging_mixin.py:137} INFO - [2023-03-14T14:12:50.670+0000] {dagbag.py:538} INFO - Filling up the DagBag from /home/airflow/.local/lib/python3.7/site-packages/airflow/example_dags/example_bash_operator.py
[2023-03-14T14:12:50.707+0000] {processor.py:753} INFO - DAG(s) dict_keys(['example_bash_operator']) retrieved from /home/airflow/.local/lib/python3.7/site-packages/airflow/example_dags/example_bash_operator.py
[2023-03-14T14:12:50.771+0000] {logging_mixin.py:137} INFO - [2023-03-14T14:12:50.771+0000] {dag.py:2690} INFO - Sync 1 DAGs
[2023-03-14T14:12:50.819+0000] {logging_mixin.py:137} INFO - [2023-03-14T14:12:50.818+0000] {dag.py:3441} INFO - Setting next_dagrun for example_bash_operator to 2023-03-14T00:00:00+00:00, run_after=2023-03-15T00:00:00+00:00
[2023-03-14T14:12:50.851+0000] {processor.py:175} INFO - Processing /home/airflow/.local/lib/python3.7/site-packages/airflow/example_dags/example_bash_operator.py took 0.190 seconds
[2023-03-14T14:13:21.523+0000] {processor.py:153} INFO - Started process (PID=4844) to work on /home/airflow/.local/lib/python3.7/site-packages/airflow/example_dags/example_bash_operator.py
[2023-03-14T14:13:21.524+0000] {processor.py:743} INFO - Processing file /home/airflow/.local/lib/python3.7/site-packages/airflow/example_dags/example_bash_operator.py for tasks to queue
[2023-03-14T14:13:21.525+0000] {logging_mixin.py:137} INFO - [2023-03-14T14:13:21.525+0000] {dagbag.py:538} INFO - Filling up the DagBag from /home/airflow/.local/lib/python3.7/site-packages/airflow/example_dags/example_bash_operator.py
[2023-03-14T14:13:21.559+0000] {processor.py:753} INFO - DAG(s) dict_keys(['example_bash_operator']) retrieved from /home/airflow/.local/lib/python3.7/site-packages/airflow/example_dags/example_bash_operator.py
[2023-03-14T14:13:21.619+0000] {logging_mixin.py:137} INFO - [2023-03-14T14:13:21.619+0000] {dag.py:2690} INFO - Sync 1 DAGs
[2023-03-14T14:13:21.663+0000] {logging_mixin.py:137} INFO - [2023-03-14T14:13:21.663+0000] {dag.py:3441} INFO - Setting next_dagrun for example_bash_operator to 2023-03-14T00:00:00+00:00, run_after=2023-03-15T00:00:00+00:00
[2023-03-14T14:13:21.704+0000] {processor.py:175} INFO - Processing /home/airflow/.local/lib/python3.7/site-packages/airflow/example_dags/example_bash_operator.py took 0.187 seconds
[2023-03-14T14:13:51.789+0000] {processor.py:153} INFO - Started process (PID=5056) to work on /home/airflow/.local/lib/python3.7/site-packages/airflow/example_dags/example_bash_operator.py
[2023-03-14T14:13:51.790+0000] {processor.py:743} INFO - Processing file /home/airflow/.local/lib/python3.7/site-packages/airflow/example_dags/example_bash_operator.py for tasks to queue
[2023-03-14T14:13:51.791+0000] {logging_mixin.py:137} INFO - [2023-03-14T14:13:51.791+0000] {dagbag.py:538} INFO - Filling up the DagBag from /home/airflow/.local/lib/python3.7/site-packages/airflow/example_dags/example_bash_operator.py
[2023-03-14T14:13:51.840+0000] {processor.py:753} INFO - DAG(s) dict_keys(['example_bash_operator']) retrieved from /home/airflow/.local/lib/python3.7/site-packages/airflow/example_dags/example_bash_operator.py
[2023-03-14T14:13:51.917+0000] {logging_mixin.py:137} INFO - [2023-03-14T14:13:51.916+0000] {dag.py:2690} INFO - Sync 1 DAGs
[2023-03-14T14:13:52.037+0000] {logging_mixin.py:137} INFO - [2023-03-14T14:13:52.037+0000] {dag.py:3441} INFO - Setting next_dagrun for example_bash_operator to 2023-03-14T00:00:00+00:00, run_after=2023-03-15T00:00:00+00:00
[2023-03-14T14:13:52.143+0000] {processor.py:175} INFO - Processing /home/airflow/.local/lib/python3.7/site-packages/airflow/example_dags/example_bash_operator.py took 0.360 seconds
[2023-03-14T14:14:22.261+0000] {processor.py:153} INFO - Started process (PID=5274) to work on /home/airflow/.local/lib/python3.7/site-packages/airflow/example_dags/example_bash_operator.py
[2023-03-14T14:14:22.264+0000] {processor.py:743} INFO - Processing file /home/airflow/.local/lib/python3.7/site-packages/airflow/example_dags/example_bash_operator.py for tasks to queue
[2023-03-14T14:14:22.265+0000] {logging_mixin.py:137} INFO - [2023-03-14T14:14:22.265+0000] {dagbag.py:538} INFO - Filling up the DagBag from /home/airflow/.local/lib/python3.7/site-packages/airflow/example_dags/example_bash_operator.py
[2023-03-14T14:14:22.299+0000] {processor.py:753} INFO - DAG(s) dict_keys(['example_bash_operator']) retrieved from /home/airflow/.local/lib/python3.7/site-packages/airflow/example_dags/example_bash_operator.py
[2023-03-14T14:14:22.371+0000] {logging_mixin.py:137} INFO - [2023-03-14T14:14:22.370+0000] {dag.py:2690} INFO - Sync 1 DAGs
[2023-03-14T14:14:22.420+0000] {logging_mixin.py:137} INFO - [2023-03-14T14:14:22.420+0000] {dag.py:3441} INFO - Setting next_dagrun for example_bash_operator to 2023-03-14T00:00:00+00:00, run_after=2023-03-15T00:00:00+00:00
[2023-03-14T14:14:22.460+0000] {processor.py:175} INFO - Processing /home/airflow/.local/lib/python3.7/site-packages/airflow/example_dags/example_bash_operator.py took 0.204 seconds
[2023-03-14T14:14:53.246+0000] {processor.py:153} INFO - Started process (PID=5488) to work on /home/airflow/.local/lib/python3.7/site-packages/airflow/example_dags/example_bash_operator.py
[2023-03-14T14:14:53.256+0000] {processor.py:743} INFO - Processing file /home/airflow/.local/lib/python3.7/site-packages/airflow/example_dags/example_bash_operator.py for tasks to queue
[2023-03-14T14:14:53.257+0000] {logging_mixin.py:137} INFO - [2023-03-14T14:14:53.257+0000] {dagbag.py:538} INFO - Filling up the DagBag from /home/airflow/.local/lib/python3.7/site-packages/airflow/example_dags/example_bash_operator.py
[2023-03-14T14:14:53.291+0000] {processor.py:753} INFO - DAG(s) dict_keys(['example_bash_operator']) retrieved from /home/airflow/.local/lib/python3.7/site-packages/airflow/example_dags/example_bash_operator.py
[2023-03-14T14:14:53.564+0000] {logging_mixin.py:137} INFO - [2023-03-14T14:14:53.564+0000] {dag.py:2690} INFO - Sync 1 DAGs
[2023-03-14T14:14:53.729+0000] {logging_mixin.py:137} INFO - [2023-03-14T14:14:53.729+0000] {dag.py:3441} INFO - Setting next_dagrun for example_bash_operator to 2023-03-14T00:00:00+00:00, run_after=2023-03-15T00:00:00+00:00
[2023-03-14T14:14:53.833+0000] {processor.py:175} INFO - Processing /home/airflow/.local/lib/python3.7/site-packages/airflow/example_dags/example_bash_operator.py took 0.594 seconds
[2023-03-14T14:15:23.932+0000] {processor.py:153} INFO - Started process (PID=5714) to work on /home/airflow/.local/lib/python3.7/site-packages/airflow/example_dags/example_bash_operator.py
[2023-03-14T14:15:23.934+0000] {processor.py:743} INFO - Processing file /home/airflow/.local/lib/python3.7/site-packages/airflow/example_dags/example_bash_operator.py for tasks to queue
[2023-03-14T14:15:23.935+0000] {logging_mixin.py:137} INFO - [2023-03-14T14:15:23.935+0000] {dagbag.py:538} INFO - Filling up the DagBag from /home/airflow/.local/lib/python3.7/site-packages/airflow/example_dags/example_bash_operator.py
[2023-03-14T14:15:24.004+0000] {processor.py:753} INFO - DAG(s) dict_keys(['example_bash_operator']) retrieved from /home/airflow/.local/lib/python3.7/site-packages/airflow/example_dags/example_bash_operator.py
[2023-03-14T14:15:24.068+0000] {logging_mixin.py:137} INFO - [2023-03-14T14:15:24.068+0000] {dag.py:2690} INFO - Sync 1 DAGs
[2023-03-14T14:15:24.125+0000] {logging_mixin.py:137} INFO - [2023-03-14T14:15:24.125+0000] {dag.py:3441} INFO - Setting next_dagrun for example_bash_operator to 2023-03-14T00:00:00+00:00, run_after=2023-03-15T00:00:00+00:00
[2023-03-14T14:15:24.158+0000] {processor.py:175} INFO - Processing /home/airflow/.local/lib/python3.7/site-packages/airflow/example_dags/example_bash_operator.py took 0.231 seconds
