[2023-03-14T14:02:25.305+0000] {processor.py:153} INFO - Started process (PID=184) to work on /home/airflow/.local/lib/python3.7/site-packages/airflow/example_dags/example_branch_operator_decorator.py
[2023-03-14T14:02:25.306+0000] {processor.py:743} INFO - Processing file /home/airflow/.local/lib/python3.7/site-packages/airflow/example_dags/example_branch_operator_decorator.py for tasks to queue
[2023-03-14T14:02:25.307+0000] {logging_mixin.py:137} INFO - [2023-03-14T14:02:25.306+0000] {dagbag.py:538} INFO - Filling up the DagBag from /home/airflow/.local/lib/python3.7/site-packages/airflow/example_dags/example_branch_operator_decorator.py
[2023-03-14T14:02:25.444+0000] {processor.py:753} INFO - DAG(s) dict_keys(['example_branch_python_operator_decorator']) retrieved from /home/airflow/.local/lib/python3.7/site-packages/airflow/example_dags/example_branch_operator_decorator.py
[2023-03-14T14:02:25.497+0000] {logging_mixin.py:137} INFO - [2023-03-14T14:02:25.497+0000] {dag.py:2690} INFO - Sync 1 DAGs
[2023-03-14T14:02:25.549+0000] {logging_mixin.py:137} INFO - [2023-03-14T14:02:25.549+0000] {dag.py:3441} INFO - Setting next_dagrun for example_branch_python_operator_decorator to 2023-03-13T00:00:00+00:00, run_after=2023-03-14T00:00:00+00:00
[2023-03-14T14:02:25.600+0000] {processor.py:175} INFO - Processing /home/airflow/.local/lib/python3.7/site-packages/airflow/example_dags/example_branch_operator_decorator.py took 0.314 seconds
[2023-03-14T14:02:55.903+0000] {processor.py:153} INFO - Started process (PID=400) to work on /home/airflow/.local/lib/python3.7/site-packages/airflow/example_dags/example_branch_operator_decorator.py
[2023-03-14T14:02:55.912+0000] {processor.py:743} INFO - Processing file /home/airflow/.local/lib/python3.7/site-packages/airflow/example_dags/example_branch_operator_decorator.py for tasks to queue
[2023-03-14T14:02:55.913+0000] {logging_mixin.py:137} INFO - [2023-03-14T14:02:55.913+0000] {dagbag.py:538} INFO - Filling up the DagBag from /home/airflow/.local/lib/python3.7/site-packages/airflow/example_dags/example_branch_operator_decorator.py
[2023-03-14T14:02:56.000+0000] {processor.py:753} INFO - DAG(s) dict_keys(['example_branch_python_operator_decorator']) retrieved from /home/airflow/.local/lib/python3.7/site-packages/airflow/example_dags/example_branch_operator_decorator.py
[2023-03-14T14:02:56.129+0000] {logging_mixin.py:137} INFO - [2023-03-14T14:02:56.129+0000] {dag.py:2690} INFO - Sync 1 DAGs
[2023-03-14T14:02:56.185+0000] {logging_mixin.py:137} INFO - [2023-03-14T14:02:56.185+0000] {dag.py:3441} INFO - Setting next_dagrun for example_branch_python_operator_decorator to 2023-03-13T00:00:00+00:00, run_after=2023-03-14T00:00:00+00:00
[2023-03-14T14:02:56.256+0000] {processor.py:175} INFO - Processing /home/airflow/.local/lib/python3.7/site-packages/airflow/example_dags/example_branch_operator_decorator.py took 0.359 seconds
[2023-03-14T14:03:26.953+0000] {processor.py:153} INFO - Started process (PID=616) to work on /home/airflow/.local/lib/python3.7/site-packages/airflow/example_dags/example_branch_operator_decorator.py
[2023-03-14T14:03:26.956+0000] {processor.py:743} INFO - Processing file /home/airflow/.local/lib/python3.7/site-packages/airflow/example_dags/example_branch_operator_decorator.py for tasks to queue
[2023-03-14T14:03:26.957+0000] {logging_mixin.py:137} INFO - [2023-03-14T14:03:26.957+0000] {dagbag.py:538} INFO - Filling up the DagBag from /home/airflow/.local/lib/python3.7/site-packages/airflow/example_dags/example_branch_operator_decorator.py
[2023-03-14T14:03:27.004+0000] {processor.py:753} INFO - DAG(s) dict_keys(['example_branch_python_operator_decorator']) retrieved from /home/airflow/.local/lib/python3.7/site-packages/airflow/example_dags/example_branch_operator_decorator.py
[2023-03-14T14:03:27.057+0000] {logging_mixin.py:137} INFO - [2023-03-14T14:03:27.057+0000] {dag.py:2690} INFO - Sync 1 DAGs
[2023-03-14T14:03:27.153+0000] {logging_mixin.py:137} INFO - [2023-03-14T14:03:27.153+0000] {dag.py:3441} INFO - Setting next_dagrun for example_branch_python_operator_decorator to 2023-03-13T00:00:00+00:00, run_after=2023-03-14T00:00:00+00:00
[2023-03-14T14:03:27.191+0000] {processor.py:175} INFO - Processing /home/airflow/.local/lib/python3.7/site-packages/airflow/example_dags/example_branch_operator_decorator.py took 0.244 seconds
[2023-03-14T14:03:58.144+0000] {processor.py:153} INFO - Started process (PID=837) to work on /home/airflow/.local/lib/python3.7/site-packages/airflow/example_dags/example_branch_operator_decorator.py
[2023-03-14T14:03:58.169+0000] {processor.py:743} INFO - Processing file /home/airflow/.local/lib/python3.7/site-packages/airflow/example_dags/example_branch_operator_decorator.py for tasks to queue
[2023-03-14T14:03:58.174+0000] {logging_mixin.py:137} INFO - [2023-03-14T14:03:58.174+0000] {dagbag.py:538} INFO - Filling up the DagBag from /home/airflow/.local/lib/python3.7/site-packages/airflow/example_dags/example_branch_operator_decorator.py
[2023-03-14T14:03:58.427+0000] {processor.py:753} INFO - DAG(s) dict_keys(['example_branch_python_operator_decorator']) retrieved from /home/airflow/.local/lib/python3.7/site-packages/airflow/example_dags/example_branch_operator_decorator.py
[2023-03-14T14:03:58.538+0000] {logging_mixin.py:137} INFO - [2023-03-14T14:03:58.538+0000] {dag.py:2690} INFO - Sync 1 DAGs
[2023-03-14T14:03:58.675+0000] {logging_mixin.py:137} INFO - [2023-03-14T14:03:58.675+0000] {dag.py:3441} INFO - Setting next_dagrun for example_branch_python_operator_decorator to 2023-03-13T00:00:00+00:00, run_after=2023-03-14T00:00:00+00:00
[2023-03-14T14:03:58.784+0000] {processor.py:175} INFO - Processing /home/airflow/.local/lib/python3.7/site-packages/airflow/example_dags/example_branch_operator_decorator.py took 0.652 seconds
[2023-03-14T14:04:29.579+0000] {processor.py:153} INFO - Started process (PID=1049) to work on /home/airflow/.local/lib/python3.7/site-packages/airflow/example_dags/example_branch_operator_decorator.py
[2023-03-14T14:04:29.581+0000] {processor.py:743} INFO - Processing file /home/airflow/.local/lib/python3.7/site-packages/airflow/example_dags/example_branch_operator_decorator.py for tasks to queue
[2023-03-14T14:04:29.583+0000] {logging_mixin.py:137} INFO - [2023-03-14T14:04:29.583+0000] {dagbag.py:538} INFO - Filling up the DagBag from /home/airflow/.local/lib/python3.7/site-packages/airflow/example_dags/example_branch_operator_decorator.py
[2023-03-14T14:04:29.639+0000] {processor.py:753} INFO - DAG(s) dict_keys(['example_branch_python_operator_decorator']) retrieved from /home/airflow/.local/lib/python3.7/site-packages/airflow/example_dags/example_branch_operator_decorator.py
[2023-03-14T14:04:29.690+0000] {logging_mixin.py:137} INFO - [2023-03-14T14:04:29.690+0000] {dag.py:2690} INFO - Sync 1 DAGs
[2023-03-14T14:04:29.747+0000] {logging_mixin.py:137} INFO - [2023-03-14T14:04:29.746+0000] {dag.py:3441} INFO - Setting next_dagrun for example_branch_python_operator_decorator to 2023-03-13T00:00:00+00:00, run_after=2023-03-14T00:00:00+00:00
[2023-03-14T14:04:29.781+0000] {processor.py:175} INFO - Processing /home/airflow/.local/lib/python3.7/site-packages/airflow/example_dags/example_branch_operator_decorator.py took 0.259 seconds
[2023-03-14T14:04:59.924+0000] {processor.py:153} INFO - Started process (PID=1267) to work on /home/airflow/.local/lib/python3.7/site-packages/airflow/example_dags/example_branch_operator_decorator.py
[2023-03-14T14:04:59.934+0000] {processor.py:743} INFO - Processing file /home/airflow/.local/lib/python3.7/site-packages/airflow/example_dags/example_branch_operator_decorator.py for tasks to queue
[2023-03-14T14:04:59.935+0000] {logging_mixin.py:137} INFO - [2023-03-14T14:04:59.935+0000] {dagbag.py:538} INFO - Filling up the DagBag from /home/airflow/.local/lib/python3.7/site-packages/airflow/example_dags/example_branch_operator_decorator.py
[2023-03-14T14:05:00.145+0000] {processor.py:753} INFO - DAG(s) dict_keys(['example_branch_python_operator_decorator']) retrieved from /home/airflow/.local/lib/python3.7/site-packages/airflow/example_dags/example_branch_operator_decorator.py
[2023-03-14T14:05:00.301+0000] {logging_mixin.py:137} INFO - [2023-03-14T14:05:00.301+0000] {dag.py:2690} INFO - Sync 1 DAGs
[2023-03-14T14:05:00.419+0000] {logging_mixin.py:137} INFO - [2023-03-14T14:05:00.418+0000] {dag.py:3441} INFO - Setting next_dagrun for example_branch_python_operator_decorator to 2023-03-13T00:00:00+00:00, run_after=2023-03-14T00:00:00+00:00
[2023-03-14T14:05:00.498+0000] {processor.py:175} INFO - Processing /home/airflow/.local/lib/python3.7/site-packages/airflow/example_dags/example_branch_operator_decorator.py took 0.582 seconds
[2023-03-14T14:05:30.830+0000] {processor.py:153} INFO - Started process (PID=1483) to work on /home/airflow/.local/lib/python3.7/site-packages/airflow/example_dags/example_branch_operator_decorator.py
[2023-03-14T14:05:30.831+0000] {processor.py:743} INFO - Processing file /home/airflow/.local/lib/python3.7/site-packages/airflow/example_dags/example_branch_operator_decorator.py for tasks to queue
[2023-03-14T14:05:30.832+0000] {logging_mixin.py:137} INFO - [2023-03-14T14:05:30.832+0000] {dagbag.py:538} INFO - Filling up the DagBag from /home/airflow/.local/lib/python3.7/site-packages/airflow/example_dags/example_branch_operator_decorator.py
[2023-03-14T14:05:30.871+0000] {processor.py:753} INFO - DAG(s) dict_keys(['example_branch_python_operator_decorator']) retrieved from /home/airflow/.local/lib/python3.7/site-packages/airflow/example_dags/example_branch_operator_decorator.py
[2023-03-14T14:05:30.908+0000] {logging_mixin.py:137} INFO - [2023-03-14T14:05:30.908+0000] {dag.py:2690} INFO - Sync 1 DAGs
[2023-03-14T14:05:30.949+0000] {logging_mixin.py:137} INFO - [2023-03-14T14:05:30.949+0000] {dag.py:3441} INFO - Setting next_dagrun for example_branch_python_operator_decorator to 2023-03-13T00:00:00+00:00, run_after=2023-03-14T00:00:00+00:00
[2023-03-14T14:05:30.978+0000] {processor.py:175} INFO - Processing /home/airflow/.local/lib/python3.7/site-packages/airflow/example_dags/example_branch_operator_decorator.py took 0.153 seconds
[2023-03-14T14:06:01.862+0000] {processor.py:153} INFO - Started process (PID=1697) to work on /home/airflow/.local/lib/python3.7/site-packages/airflow/example_dags/example_branch_operator_decorator.py
[2023-03-14T14:06:01.868+0000] {processor.py:743} INFO - Processing file /home/airflow/.local/lib/python3.7/site-packages/airflow/example_dags/example_branch_operator_decorator.py for tasks to queue
[2023-03-14T14:06:01.870+0000] {logging_mixin.py:137} INFO - [2023-03-14T14:06:01.869+0000] {dagbag.py:538} INFO - Filling up the DagBag from /home/airflow/.local/lib/python3.7/site-packages/airflow/example_dags/example_branch_operator_decorator.py
[2023-03-14T14:06:02.043+0000] {processor.py:753} INFO - DAG(s) dict_keys(['example_branch_python_operator_decorator']) retrieved from /home/airflow/.local/lib/python3.7/site-packages/airflow/example_dags/example_branch_operator_decorator.py
[2023-03-14T14:06:02.290+0000] {logging_mixin.py:137} INFO - [2023-03-14T14:06:02.290+0000] {dag.py:2690} INFO - Sync 1 DAGs
[2023-03-14T14:06:02.376+0000] {logging_mixin.py:137} INFO - [2023-03-14T14:06:02.376+0000] {dag.py:3441} INFO - Setting next_dagrun for example_branch_python_operator_decorator to 2023-03-13T00:00:00+00:00, run_after=2023-03-14T00:00:00+00:00
[2023-03-14T14:06:02.457+0000] {processor.py:175} INFO - Processing /home/airflow/.local/lib/python3.7/site-packages/airflow/example_dags/example_branch_operator_decorator.py took 0.617 seconds
[2023-03-14T14:06:33.217+0000] {processor.py:153} INFO - Started process (PID=1911) to work on /home/airflow/.local/lib/python3.7/site-packages/airflow/example_dags/example_branch_operator_decorator.py
[2023-03-14T14:06:33.225+0000] {processor.py:743} INFO - Processing file /home/airflow/.local/lib/python3.7/site-packages/airflow/example_dags/example_branch_operator_decorator.py for tasks to queue
[2023-03-14T14:06:33.226+0000] {logging_mixin.py:137} INFO - [2023-03-14T14:06:33.226+0000] {dagbag.py:538} INFO - Filling up the DagBag from /home/airflow/.local/lib/python3.7/site-packages/airflow/example_dags/example_branch_operator_decorator.py
[2023-03-14T14:06:33.293+0000] {processor.py:753} INFO - DAG(s) dict_keys(['example_branch_python_operator_decorator']) retrieved from /home/airflow/.local/lib/python3.7/site-packages/airflow/example_dags/example_branch_operator_decorator.py
[2023-03-14T14:06:33.390+0000] {logging_mixin.py:137} INFO - [2023-03-14T14:06:33.389+0000] {dag.py:2690} INFO - Sync 1 DAGs
[2023-03-14T14:06:33.464+0000] {logging_mixin.py:137} INFO - [2023-03-14T14:06:33.463+0000] {dag.py:3441} INFO - Setting next_dagrun for example_branch_python_operator_decorator to 2023-03-13T00:00:00+00:00, run_after=2023-03-14T00:00:00+00:00
[2023-03-14T14:06:33.529+0000] {processor.py:175} INFO - Processing /home/airflow/.local/lib/python3.7/site-packages/airflow/example_dags/example_branch_operator_decorator.py took 0.317 seconds
[2023-03-14T14:07:04.210+0000] {processor.py:153} INFO - Started process (PID=2127) to work on /home/airflow/.local/lib/python3.7/site-packages/airflow/example_dags/example_branch_operator_decorator.py
[2023-03-14T14:07:04.212+0000] {processor.py:743} INFO - Processing file /home/airflow/.local/lib/python3.7/site-packages/airflow/example_dags/example_branch_operator_decorator.py for tasks to queue
[2023-03-14T14:07:04.220+0000] {logging_mixin.py:137} INFO - [2023-03-14T14:07:04.220+0000] {dagbag.py:538} INFO - Filling up the DagBag from /home/airflow/.local/lib/python3.7/site-packages/airflow/example_dags/example_branch_operator_decorator.py
[2023-03-14T14:07:04.292+0000] {processor.py:753} INFO - DAG(s) dict_keys(['example_branch_python_operator_decorator']) retrieved from /home/airflow/.local/lib/python3.7/site-packages/airflow/example_dags/example_branch_operator_decorator.py
[2023-03-14T14:07:04.395+0000] {logging_mixin.py:137} INFO - [2023-03-14T14:07:04.395+0000] {dag.py:2690} INFO - Sync 1 DAGs
[2023-03-14T14:07:04.498+0000] {logging_mixin.py:137} INFO - [2023-03-14T14:07:04.498+0000] {dag.py:3441} INFO - Setting next_dagrun for example_branch_python_operator_decorator to 2023-03-13T00:00:00+00:00, run_after=2023-03-14T00:00:00+00:00
[2023-03-14T14:07:04.554+0000] {processor.py:175} INFO - Processing /home/airflow/.local/lib/python3.7/site-packages/airflow/example_dags/example_branch_operator_decorator.py took 0.350 seconds
[2023-03-14T14:07:34.858+0000] {processor.py:153} INFO - Started process (PID=2353) to work on /home/airflow/.local/lib/python3.7/site-packages/airflow/example_dags/example_branch_operator_decorator.py
[2023-03-14T14:07:34.859+0000] {processor.py:743} INFO - Processing file /home/airflow/.local/lib/python3.7/site-packages/airflow/example_dags/example_branch_operator_decorator.py for tasks to queue
[2023-03-14T14:07:34.860+0000] {logging_mixin.py:137} INFO - [2023-03-14T14:07:34.860+0000] {dagbag.py:538} INFO - Filling up the DagBag from /home/airflow/.local/lib/python3.7/site-packages/airflow/example_dags/example_branch_operator_decorator.py
[2023-03-14T14:07:34.910+0000] {processor.py:753} INFO - DAG(s) dict_keys(['example_branch_python_operator_decorator']) retrieved from /home/airflow/.local/lib/python3.7/site-packages/airflow/example_dags/example_branch_operator_decorator.py
[2023-03-14T14:07:34.949+0000] {logging_mixin.py:137} INFO - [2023-03-14T14:07:34.949+0000] {dag.py:2690} INFO - Sync 1 DAGs
[2023-03-14T14:07:34.996+0000] {logging_mixin.py:137} INFO - [2023-03-14T14:07:34.995+0000] {dag.py:3441} INFO - Setting next_dagrun for example_branch_python_operator_decorator to 2023-03-13T00:00:00+00:00, run_after=2023-03-14T00:00:00+00:00
[2023-03-14T14:07:35.025+0000] {processor.py:175} INFO - Processing /home/airflow/.local/lib/python3.7/site-packages/airflow/example_dags/example_branch_operator_decorator.py took 0.172 seconds
[2023-03-14T14:08:06.076+0000] {processor.py:153} INFO - Started process (PID=2567) to work on /home/airflow/.local/lib/python3.7/site-packages/airflow/example_dags/example_branch_operator_decorator.py
[2023-03-14T14:08:06.091+0000] {processor.py:743} INFO - Processing file /home/airflow/.local/lib/python3.7/site-packages/airflow/example_dags/example_branch_operator_decorator.py for tasks to queue
[2023-03-14T14:08:06.092+0000] {logging_mixin.py:137} INFO - [2023-03-14T14:08:06.092+0000] {dagbag.py:538} INFO - Filling up the DagBag from /home/airflow/.local/lib/python3.7/site-packages/airflow/example_dags/example_branch_operator_decorator.py
[2023-03-14T14:08:06.260+0000] {processor.py:753} INFO - DAG(s) dict_keys(['example_branch_python_operator_decorator']) retrieved from /home/airflow/.local/lib/python3.7/site-packages/airflow/example_dags/example_branch_operator_decorator.py
[2023-03-14T14:08:06.356+0000] {logging_mixin.py:137} INFO - [2023-03-14T14:08:06.356+0000] {dag.py:2690} INFO - Sync 1 DAGs
[2023-03-14T14:08:06.404+0000] {logging_mixin.py:137} INFO - [2023-03-14T14:08:06.404+0000] {dag.py:3441} INFO - Setting next_dagrun for example_branch_python_operator_decorator to 2023-03-13T00:00:00+00:00, run_after=2023-03-14T00:00:00+00:00
[2023-03-14T14:08:06.455+0000] {processor.py:175} INFO - Processing /home/airflow/.local/lib/python3.7/site-packages/airflow/example_dags/example_branch_operator_decorator.py took 0.408 seconds
[2023-03-14T14:08:36.878+0000] {processor.py:153} INFO - Started process (PID=2784) to work on /home/airflow/.local/lib/python3.7/site-packages/airflow/example_dags/example_branch_operator_decorator.py
[2023-03-14T14:08:36.882+0000] {processor.py:743} INFO - Processing file /home/airflow/.local/lib/python3.7/site-packages/airflow/example_dags/example_branch_operator_decorator.py for tasks to queue
[2023-03-14T14:08:36.883+0000] {logging_mixin.py:137} INFO - [2023-03-14T14:08:36.883+0000] {dagbag.py:538} INFO - Filling up the DagBag from /home/airflow/.local/lib/python3.7/site-packages/airflow/example_dags/example_branch_operator_decorator.py
[2023-03-14T14:08:36.945+0000] {processor.py:753} INFO - DAG(s) dict_keys(['example_branch_python_operator_decorator']) retrieved from /home/airflow/.local/lib/python3.7/site-packages/airflow/example_dags/example_branch_operator_decorator.py
[2023-03-14T14:08:37.003+0000] {logging_mixin.py:137} INFO - [2023-03-14T14:08:37.002+0000] {dag.py:2690} INFO - Sync 1 DAGs
[2023-03-14T14:08:37.043+0000] {logging_mixin.py:137} INFO - [2023-03-14T14:08:37.043+0000] {dag.py:3441} INFO - Setting next_dagrun for example_branch_python_operator_decorator to 2023-03-13T00:00:00+00:00, run_after=2023-03-14T00:00:00+00:00
[2023-03-14T14:08:37.078+0000] {processor.py:175} INFO - Processing /home/airflow/.local/lib/python3.7/site-packages/airflow/example_dags/example_branch_operator_decorator.py took 0.211 seconds
[2023-03-14T14:09:08.158+0000] {processor.py:153} INFO - Started process (PID=3017) to work on /home/airflow/.local/lib/python3.7/site-packages/airflow/example_dags/example_branch_operator_decorator.py
[2023-03-14T14:09:08.168+0000] {processor.py:743} INFO - Processing file /home/airflow/.local/lib/python3.7/site-packages/airflow/example_dags/example_branch_operator_decorator.py for tasks to queue
[2023-03-14T14:09:08.172+0000] {logging_mixin.py:137} INFO - [2023-03-14T14:09:08.171+0000] {dagbag.py:538} INFO - Filling up the DagBag from /home/airflow/.local/lib/python3.7/site-packages/airflow/example_dags/example_branch_operator_decorator.py
[2023-03-14T14:09:08.304+0000] {processor.py:753} INFO - DAG(s) dict_keys(['example_branch_python_operator_decorator']) retrieved from /home/airflow/.local/lib/python3.7/site-packages/airflow/example_dags/example_branch_operator_decorator.py
[2023-03-14T14:09:08.590+0000] {logging_mixin.py:137} INFO - [2023-03-14T14:09:08.590+0000] {dag.py:2690} INFO - Sync 1 DAGs
[2023-03-14T14:09:08.842+0000] {logging_mixin.py:137} INFO - [2023-03-14T14:09:08.839+0000] {dag.py:3441} INFO - Setting next_dagrun for example_branch_python_operator_decorator to 2023-03-13T00:00:00+00:00, run_after=2023-03-14T00:00:00+00:00
[2023-03-14T14:09:08.978+0000] {processor.py:175} INFO - Processing /home/airflow/.local/lib/python3.7/site-packages/airflow/example_dags/example_branch_operator_decorator.py took 0.830 seconds
[2023-03-14T14:09:39.353+0000] {processor.py:153} INFO - Started process (PID=3249) to work on /home/airflow/.local/lib/python3.7/site-packages/airflow/example_dags/example_branch_operator_decorator.py
[2023-03-14T14:09:39.357+0000] {processor.py:743} INFO - Processing file /home/airflow/.local/lib/python3.7/site-packages/airflow/example_dags/example_branch_operator_decorator.py for tasks to queue
[2023-03-14T14:09:39.359+0000] {logging_mixin.py:137} INFO - [2023-03-14T14:09:39.359+0000] {dagbag.py:538} INFO - Filling up the DagBag from /home/airflow/.local/lib/python3.7/site-packages/airflow/example_dags/example_branch_operator_decorator.py
[2023-03-14T14:09:39.423+0000] {processor.py:753} INFO - DAG(s) dict_keys(['example_branch_python_operator_decorator']) retrieved from /home/airflow/.local/lib/python3.7/site-packages/airflow/example_dags/example_branch_operator_decorator.py
[2023-03-14T14:09:39.524+0000] {logging_mixin.py:137} INFO - [2023-03-14T14:09:39.524+0000] {dag.py:2690} INFO - Sync 1 DAGs
[2023-03-14T14:09:39.599+0000] {logging_mixin.py:137} INFO - [2023-03-14T14:09:39.599+0000] {dag.py:3441} INFO - Setting next_dagrun for example_branch_python_operator_decorator to 2023-03-13T00:00:00+00:00, run_after=2023-03-14T00:00:00+00:00
[2023-03-14T14:09:39.635+0000] {processor.py:175} INFO - Processing /home/airflow/.local/lib/python3.7/site-packages/airflow/example_dags/example_branch_operator_decorator.py took 0.291 seconds
[2023-03-14T14:10:09.881+0000] {processor.py:153} INFO - Started process (PID=3465) to work on /home/airflow/.local/lib/python3.7/site-packages/airflow/example_dags/example_branch_operator_decorator.py
[2023-03-14T14:10:09.977+0000] {processor.py:743} INFO - Processing file /home/airflow/.local/lib/python3.7/site-packages/airflow/example_dags/example_branch_operator_decorator.py for tasks to queue
[2023-03-14T14:10:09.979+0000] {logging_mixin.py:137} INFO - [2023-03-14T14:10:09.979+0000] {dagbag.py:538} INFO - Filling up the DagBag from /home/airflow/.local/lib/python3.7/site-packages/airflow/example_dags/example_branch_operator_decorator.py
[2023-03-14T14:10:10.249+0000] {processor.py:753} INFO - DAG(s) dict_keys(['example_branch_python_operator_decorator']) retrieved from /home/airflow/.local/lib/python3.7/site-packages/airflow/example_dags/example_branch_operator_decorator.py
[2023-03-14T14:10:10.357+0000] {logging_mixin.py:137} INFO - [2023-03-14T14:10:10.357+0000] {dag.py:2690} INFO - Sync 1 DAGs
[2023-03-14T14:10:10.446+0000] {logging_mixin.py:137} INFO - [2023-03-14T14:10:10.446+0000] {dag.py:3441} INFO - Setting next_dagrun for example_branch_python_operator_decorator to 2023-03-13T00:00:00+00:00, run_after=2023-03-14T00:00:00+00:00
[2023-03-14T14:10:10.606+0000] {processor.py:175} INFO - Processing /home/airflow/.local/lib/python3.7/site-packages/airflow/example_dags/example_branch_operator_decorator.py took 0.733 seconds
[2023-03-14T14:10:40.694+0000] {processor.py:153} INFO - Started process (PID=3677) to work on /home/airflow/.local/lib/python3.7/site-packages/airflow/example_dags/example_branch_operator_decorator.py
[2023-03-14T14:10:40.695+0000] {processor.py:743} INFO - Processing file /home/airflow/.local/lib/python3.7/site-packages/airflow/example_dags/example_branch_operator_decorator.py for tasks to queue
[2023-03-14T14:10:40.696+0000] {logging_mixin.py:137} INFO - [2023-03-14T14:10:40.696+0000] {dagbag.py:538} INFO - Filling up the DagBag from /home/airflow/.local/lib/python3.7/site-packages/airflow/example_dags/example_branch_operator_decorator.py
[2023-03-14T14:10:40.722+0000] {processor.py:753} INFO - DAG(s) dict_keys(['example_branch_python_operator_decorator']) retrieved from /home/airflow/.local/lib/python3.7/site-packages/airflow/example_dags/example_branch_operator_decorator.py
[2023-03-14T14:10:40.760+0000] {logging_mixin.py:137} INFO - [2023-03-14T14:10:40.760+0000] {dag.py:2690} INFO - Sync 1 DAGs
[2023-03-14T14:10:40.792+0000] {logging_mixin.py:137} INFO - [2023-03-14T14:10:40.792+0000] {dag.py:3441} INFO - Setting next_dagrun for example_branch_python_operator_decorator to 2023-03-13T00:00:00+00:00, run_after=2023-03-14T00:00:00+00:00
[2023-03-14T14:10:40.817+0000] {processor.py:175} INFO - Processing /home/airflow/.local/lib/python3.7/site-packages/airflow/example_dags/example_branch_operator_decorator.py took 0.127 seconds
[2023-03-14T14:11:11.405+0000] {processor.py:153} INFO - Started process (PID=3893) to work on /home/airflow/.local/lib/python3.7/site-packages/airflow/example_dags/example_branch_operator_decorator.py
[2023-03-14T14:11:11.420+0000] {processor.py:743} INFO - Processing file /home/airflow/.local/lib/python3.7/site-packages/airflow/example_dags/example_branch_operator_decorator.py for tasks to queue
[2023-03-14T14:11:11.423+0000] {logging_mixin.py:137} INFO - [2023-03-14T14:11:11.423+0000] {dagbag.py:538} INFO - Filling up the DagBag from /home/airflow/.local/lib/python3.7/site-packages/airflow/example_dags/example_branch_operator_decorator.py
[2023-03-14T14:11:11.671+0000] {processor.py:753} INFO - DAG(s) dict_keys(['example_branch_python_operator_decorator']) retrieved from /home/airflow/.local/lib/python3.7/site-packages/airflow/example_dags/example_branch_operator_decorator.py
[2023-03-14T14:11:11.923+0000] {logging_mixin.py:137} INFO - [2023-03-14T14:11:11.922+0000] {dag.py:2690} INFO - Sync 1 DAGs
[2023-03-14T14:11:11.988+0000] {logging_mixin.py:137} INFO - [2023-03-14T14:11:11.988+0000] {dag.py:3441} INFO - Setting next_dagrun for example_branch_python_operator_decorator to 2023-03-13T00:00:00+00:00, run_after=2023-03-14T00:00:00+00:00
[2023-03-14T14:11:12.048+0000] {processor.py:175} INFO - Processing /home/airflow/.local/lib/python3.7/site-packages/airflow/example_dags/example_branch_operator_decorator.py took 0.664 seconds
[2023-03-14T14:11:42.565+0000] {processor.py:153} INFO - Started process (PID=4108) to work on /home/airflow/.local/lib/python3.7/site-packages/airflow/example_dags/example_branch_operator_decorator.py
[2023-03-14T14:11:42.566+0000] {processor.py:743} INFO - Processing file /home/airflow/.local/lib/python3.7/site-packages/airflow/example_dags/example_branch_operator_decorator.py for tasks to queue
[2023-03-14T14:11:42.567+0000] {logging_mixin.py:137} INFO - [2023-03-14T14:11:42.567+0000] {dagbag.py:538} INFO - Filling up the DagBag from /home/airflow/.local/lib/python3.7/site-packages/airflow/example_dags/example_branch_operator_decorator.py
[2023-03-14T14:11:42.632+0000] {processor.py:753} INFO - DAG(s) dict_keys(['example_branch_python_operator_decorator']) retrieved from /home/airflow/.local/lib/python3.7/site-packages/airflow/example_dags/example_branch_operator_decorator.py
[2023-03-14T14:11:42.672+0000] {logging_mixin.py:137} INFO - [2023-03-14T14:11:42.672+0000] {dag.py:2690} INFO - Sync 1 DAGs
[2023-03-14T14:11:42.714+0000] {logging_mixin.py:137} INFO - [2023-03-14T14:11:42.713+0000] {dag.py:3441} INFO - Setting next_dagrun for example_branch_python_operator_decorator to 2023-03-13T00:00:00+00:00, run_after=2023-03-14T00:00:00+00:00
[2023-03-14T14:11:42.753+0000] {processor.py:175} INFO - Processing /home/airflow/.local/lib/python3.7/site-packages/airflow/example_dags/example_branch_operator_decorator.py took 0.205 seconds
[2023-03-14T14:12:13.705+0000] {processor.py:153} INFO - Started process (PID=4323) to work on /home/airflow/.local/lib/python3.7/site-packages/airflow/example_dags/example_branch_operator_decorator.py
[2023-03-14T14:12:13.711+0000] {processor.py:743} INFO - Processing file /home/airflow/.local/lib/python3.7/site-packages/airflow/example_dags/example_branch_operator_decorator.py for tasks to queue
[2023-03-14T14:12:13.712+0000] {logging_mixin.py:137} INFO - [2023-03-14T14:12:13.712+0000] {dagbag.py:538} INFO - Filling up the DagBag from /home/airflow/.local/lib/python3.7/site-packages/airflow/example_dags/example_branch_operator_decorator.py
[2023-03-14T14:12:13.815+0000] {processor.py:753} INFO - DAG(s) dict_keys(['example_branch_python_operator_decorator']) retrieved from /home/airflow/.local/lib/python3.7/site-packages/airflow/example_dags/example_branch_operator_decorator.py
[2023-03-14T14:12:13.901+0000] {logging_mixin.py:137} INFO - [2023-03-14T14:12:13.901+0000] {dag.py:2690} INFO - Sync 1 DAGs
[2023-03-14T14:12:13.943+0000] {logging_mixin.py:137} INFO - [2023-03-14T14:12:13.943+0000] {dag.py:3441} INFO - Setting next_dagrun for example_branch_python_operator_decorator to 2023-03-13T00:00:00+00:00, run_after=2023-03-14T00:00:00+00:00
[2023-03-14T14:12:13.982+0000] {processor.py:175} INFO - Processing /home/airflow/.local/lib/python3.7/site-packages/airflow/example_dags/example_branch_operator_decorator.py took 0.299 seconds
[2023-03-14T14:12:44.137+0000] {processor.py:153} INFO - Started process (PID=4545) to work on /home/airflow/.local/lib/python3.7/site-packages/airflow/example_dags/example_branch_operator_decorator.py
[2023-03-14T14:12:44.138+0000] {processor.py:743} INFO - Processing file /home/airflow/.local/lib/python3.7/site-packages/airflow/example_dags/example_branch_operator_decorator.py for tasks to queue
[2023-03-14T14:12:44.139+0000] {logging_mixin.py:137} INFO - [2023-03-14T14:12:44.139+0000] {dagbag.py:538} INFO - Filling up the DagBag from /home/airflow/.local/lib/python3.7/site-packages/airflow/example_dags/example_branch_operator_decorator.py
[2023-03-14T14:12:44.223+0000] {processor.py:753} INFO - DAG(s) dict_keys(['example_branch_python_operator_decorator']) retrieved from /home/airflow/.local/lib/python3.7/site-packages/airflow/example_dags/example_branch_operator_decorator.py
[2023-03-14T14:12:44.292+0000] {logging_mixin.py:137} INFO - [2023-03-14T14:12:44.291+0000] {dag.py:2690} INFO - Sync 1 DAGs
[2023-03-14T14:12:44.355+0000] {logging_mixin.py:137} INFO - [2023-03-14T14:12:44.355+0000] {dag.py:3441} INFO - Setting next_dagrun for example_branch_python_operator_decorator to 2023-03-13T00:00:00+00:00, run_after=2023-03-14T00:00:00+00:00
[2023-03-14T14:12:44.405+0000] {processor.py:175} INFO - Processing /home/airflow/.local/lib/python3.7/site-packages/airflow/example_dags/example_branch_operator_decorator.py took 0.284 seconds
[2023-03-14T14:13:14.510+0000] {processor.py:153} INFO - Started process (PID=4753) to work on /home/airflow/.local/lib/python3.7/site-packages/airflow/example_dags/example_branch_operator_decorator.py
[2023-03-14T14:13:14.513+0000] {processor.py:743} INFO - Processing file /home/airflow/.local/lib/python3.7/site-packages/airflow/example_dags/example_branch_operator_decorator.py for tasks to queue
[2023-03-14T14:13:14.514+0000] {logging_mixin.py:137} INFO - [2023-03-14T14:13:14.514+0000] {dagbag.py:538} INFO - Filling up the DagBag from /home/airflow/.local/lib/python3.7/site-packages/airflow/example_dags/example_branch_operator_decorator.py
[2023-03-14T14:13:14.561+0000] {processor.py:753} INFO - DAG(s) dict_keys(['example_branch_python_operator_decorator']) retrieved from /home/airflow/.local/lib/python3.7/site-packages/airflow/example_dags/example_branch_operator_decorator.py
[2023-03-14T14:13:14.602+0000] {logging_mixin.py:137} INFO - [2023-03-14T14:13:14.602+0000] {dag.py:2690} INFO - Sync 1 DAGs
[2023-03-14T14:13:14.644+0000] {logging_mixin.py:137} INFO - [2023-03-14T14:13:14.644+0000] {dag.py:3441} INFO - Setting next_dagrun for example_branch_python_operator_decorator to 2023-03-13T00:00:00+00:00, run_after=2023-03-14T00:00:00+00:00
[2023-03-14T14:13:14.677+0000] {processor.py:175} INFO - Processing /home/airflow/.local/lib/python3.7/site-packages/airflow/example_dags/example_branch_operator_decorator.py took 0.171 seconds
[2023-03-14T14:13:44.904+0000] {processor.py:153} INFO - Started process (PID=4976) to work on /home/airflow/.local/lib/python3.7/site-packages/airflow/example_dags/example_branch_operator_decorator.py
[2023-03-14T14:13:44.913+0000] {processor.py:743} INFO - Processing file /home/airflow/.local/lib/python3.7/site-packages/airflow/example_dags/example_branch_operator_decorator.py for tasks to queue
[2023-03-14T14:13:44.914+0000] {logging_mixin.py:137} INFO - [2023-03-14T14:13:44.914+0000] {dagbag.py:538} INFO - Filling up the DagBag from /home/airflow/.local/lib/python3.7/site-packages/airflow/example_dags/example_branch_operator_decorator.py
[2023-03-14T14:13:44.998+0000] {processor.py:753} INFO - DAG(s) dict_keys(['example_branch_python_operator_decorator']) retrieved from /home/airflow/.local/lib/python3.7/site-packages/airflow/example_dags/example_branch_operator_decorator.py
[2023-03-14T14:13:45.100+0000] {logging_mixin.py:137} INFO - [2023-03-14T14:13:45.097+0000] {dag.py:2690} INFO - Sync 1 DAGs
[2023-03-14T14:13:45.235+0000] {logging_mixin.py:137} INFO - [2023-03-14T14:13:45.235+0000] {dag.py:3441} INFO - Setting next_dagrun for example_branch_python_operator_decorator to 2023-03-13T00:00:00+00:00, run_after=2023-03-14T00:00:00+00:00
[2023-03-14T14:13:45.284+0000] {processor.py:175} INFO - Processing /home/airflow/.local/lib/python3.7/site-packages/airflow/example_dags/example_branch_operator_decorator.py took 0.385 seconds
[2023-03-14T14:14:15.465+0000] {processor.py:153} INFO - Started process (PID=5193) to work on /home/airflow/.local/lib/python3.7/site-packages/airflow/example_dags/example_branch_operator_decorator.py
[2023-03-14T14:14:15.478+0000] {processor.py:743} INFO - Processing file /home/airflow/.local/lib/python3.7/site-packages/airflow/example_dags/example_branch_operator_decorator.py for tasks to queue
[2023-03-14T14:14:15.483+0000] {logging_mixin.py:137} INFO - [2023-03-14T14:14:15.479+0000] {dagbag.py:538} INFO - Filling up the DagBag from /home/airflow/.local/lib/python3.7/site-packages/airflow/example_dags/example_branch_operator_decorator.py
[2023-03-14T14:14:15.587+0000] {processor.py:753} INFO - DAG(s) dict_keys(['example_branch_python_operator_decorator']) retrieved from /home/airflow/.local/lib/python3.7/site-packages/airflow/example_dags/example_branch_operator_decorator.py
[2023-03-14T14:14:15.689+0000] {logging_mixin.py:137} INFO - [2023-03-14T14:14:15.688+0000] {dag.py:2690} INFO - Sync 1 DAGs
[2023-03-14T14:14:15.751+0000] {logging_mixin.py:137} INFO - [2023-03-14T14:14:15.751+0000] {dag.py:3441} INFO - Setting next_dagrun for example_branch_python_operator_decorator to 2023-03-13T00:00:00+00:00, run_after=2023-03-14T00:00:00+00:00
[2023-03-14T14:14:15.792+0000] {processor.py:175} INFO - Processing /home/airflow/.local/lib/python3.7/site-packages/airflow/example_dags/example_branch_operator_decorator.py took 0.355 seconds
[2023-03-14T14:14:46.386+0000] {processor.py:153} INFO - Started process (PID=5407) to work on /home/airflow/.local/lib/python3.7/site-packages/airflow/example_dags/example_branch_operator_decorator.py
[2023-03-14T14:14:46.388+0000] {processor.py:743} INFO - Processing file /home/airflow/.local/lib/python3.7/site-packages/airflow/example_dags/example_branch_operator_decorator.py for tasks to queue
[2023-03-14T14:14:46.389+0000] {logging_mixin.py:137} INFO - [2023-03-14T14:14:46.389+0000] {dagbag.py:538} INFO - Filling up the DagBag from /home/airflow/.local/lib/python3.7/site-packages/airflow/example_dags/example_branch_operator_decorator.py
[2023-03-14T14:14:46.487+0000] {processor.py:753} INFO - DAG(s) dict_keys(['example_branch_python_operator_decorator']) retrieved from /home/airflow/.local/lib/python3.7/site-packages/airflow/example_dags/example_branch_operator_decorator.py
[2023-03-14T14:14:46.585+0000] {logging_mixin.py:137} INFO - [2023-03-14T14:14:46.585+0000] {dag.py:2690} INFO - Sync 1 DAGs
[2023-03-14T14:14:46.671+0000] {logging_mixin.py:137} INFO - [2023-03-14T14:14:46.671+0000] {dag.py:3441} INFO - Setting next_dagrun for example_branch_python_operator_decorator to 2023-03-13T00:00:00+00:00, run_after=2023-03-14T00:00:00+00:00
[2023-03-14T14:14:46.710+0000] {processor.py:175} INFO - Processing /home/airflow/.local/lib/python3.7/site-packages/airflow/example_dags/example_branch_operator_decorator.py took 0.329 seconds
[2023-03-14T14:15:17.294+0000] {processor.py:153} INFO - Started process (PID=5622) to work on /home/airflow/.local/lib/python3.7/site-packages/airflow/example_dags/example_branch_operator_decorator.py
[2023-03-14T14:15:17.295+0000] {processor.py:743} INFO - Processing file /home/airflow/.local/lib/python3.7/site-packages/airflow/example_dags/example_branch_operator_decorator.py for tasks to queue
[2023-03-14T14:15:17.297+0000] {logging_mixin.py:137} INFO - [2023-03-14T14:15:17.297+0000] {dagbag.py:538} INFO - Filling up the DagBag from /home/airflow/.local/lib/python3.7/site-packages/airflow/example_dags/example_branch_operator_decorator.py
[2023-03-14T14:15:17.335+0000] {processor.py:753} INFO - DAG(s) dict_keys(['example_branch_python_operator_decorator']) retrieved from /home/airflow/.local/lib/python3.7/site-packages/airflow/example_dags/example_branch_operator_decorator.py
[2023-03-14T14:15:17.386+0000] {logging_mixin.py:137} INFO - [2023-03-14T14:15:17.382+0000] {dag.py:2690} INFO - Sync 1 DAGs
[2023-03-14T14:15:17.433+0000] {logging_mixin.py:137} INFO - [2023-03-14T14:15:17.433+0000] {dag.py:3441} INFO - Setting next_dagrun for example_branch_python_operator_decorator to 2023-03-13T00:00:00+00:00, run_after=2023-03-14T00:00:00+00:00
[2023-03-14T14:15:17.470+0000] {processor.py:175} INFO - Processing /home/airflow/.local/lib/python3.7/site-packages/airflow/example_dags/example_branch_operator_decorator.py took 0.182 seconds
