[2023-03-14T14:02:29.509+0000] {processor.py:153} INFO - Started process (PID=255) to work on /home/airflow/.local/lib/python3.7/site-packages/airflow/example_dags/example_sensor_decorator.py
[2023-03-14T14:02:29.525+0000] {processor.py:743} INFO - Processing file /home/airflow/.local/lib/python3.7/site-packages/airflow/example_dags/example_sensor_decorator.py for tasks to queue
[2023-03-14T14:02:29.526+0000] {logging_mixin.py:137} INFO - [2023-03-14T14:02:29.526+0000] {dagbag.py:538} INFO - Filling up the DagBag from /home/airflow/.local/lib/python3.7/site-packages/airflow/example_dags/example_sensor_decorator.py
[2023-03-14T14:02:29.654+0000] {processor.py:753} INFO - DAG(s) dict_keys(['example_sensor_decorator']) retrieved from /home/airflow/.local/lib/python3.7/site-packages/airflow/example_dags/example_sensor_decorator.py
[2023-03-14T14:02:29.746+0000] {logging_mixin.py:137} INFO - [2023-03-14T14:02:29.746+0000] {dag.py:2690} INFO - Sync 1 DAGs
[2023-03-14T14:02:29.888+0000] {logging_mixin.py:137} INFO - [2023-03-14T14:02:29.888+0000] {dag.py:3441} INFO - Setting next_dagrun for example_sensor_decorator to None, run_after=None
[2023-03-14T14:02:30.007+0000] {processor.py:175} INFO - Processing /home/airflow/.local/lib/python3.7/site-packages/airflow/example_dags/example_sensor_decorator.py took 0.511 seconds
[2023-03-14T14:03:01.568+0000] {processor.py:153} INFO - Started process (PID=468) to work on /home/airflow/.local/lib/python3.7/site-packages/airflow/example_dags/example_sensor_decorator.py
[2023-03-14T14:03:01.573+0000] {processor.py:743} INFO - Processing file /home/airflow/.local/lib/python3.7/site-packages/airflow/example_dags/example_sensor_decorator.py for tasks to queue
[2023-03-14T14:03:01.595+0000] {logging_mixin.py:137} INFO - [2023-03-14T14:03:01.595+0000] {dagbag.py:538} INFO - Filling up the DagBag from /home/airflow/.local/lib/python3.7/site-packages/airflow/example_dags/example_sensor_decorator.py
[2023-03-14T14:03:01.842+0000] {processor.py:753} INFO - DAG(s) dict_keys(['example_sensor_decorator']) retrieved from /home/airflow/.local/lib/python3.7/site-packages/airflow/example_dags/example_sensor_decorator.py
[2023-03-14T14:03:02.070+0000] {logging_mixin.py:137} INFO - [2023-03-14T14:03:02.069+0000] {dag.py:2690} INFO - Sync 1 DAGs
[2023-03-14T14:03:02.324+0000] {logging_mixin.py:137} INFO - [2023-03-14T14:03:02.324+0000] {dag.py:3441} INFO - Setting next_dagrun for example_sensor_decorator to None, run_after=None
[2023-03-14T14:03:02.461+0000] {processor.py:175} INFO - Processing /home/airflow/.local/lib/python3.7/site-packages/airflow/example_dags/example_sensor_decorator.py took 0.958 seconds
[2023-03-14T14:03:33.101+0000] {processor.py:153} INFO - Started process (PID=688) to work on /home/airflow/.local/lib/python3.7/site-packages/airflow/example_dags/example_sensor_decorator.py
[2023-03-14T14:03:33.102+0000] {processor.py:743} INFO - Processing file /home/airflow/.local/lib/python3.7/site-packages/airflow/example_dags/example_sensor_decorator.py for tasks to queue
[2023-03-14T14:03:33.104+0000] {logging_mixin.py:137} INFO - [2023-03-14T14:03:33.104+0000] {dagbag.py:538} INFO - Filling up the DagBag from /home/airflow/.local/lib/python3.7/site-packages/airflow/example_dags/example_sensor_decorator.py
[2023-03-14T14:03:33.208+0000] {processor.py:753} INFO - DAG(s) dict_keys(['example_sensor_decorator']) retrieved from /home/airflow/.local/lib/python3.7/site-packages/airflow/example_dags/example_sensor_decorator.py
[2023-03-14T14:03:33.281+0000] {logging_mixin.py:137} INFO - [2023-03-14T14:03:33.281+0000] {dag.py:2690} INFO - Sync 1 DAGs
[2023-03-14T14:03:33.382+0000] {logging_mixin.py:137} INFO - [2023-03-14T14:03:33.381+0000] {dag.py:3441} INFO - Setting next_dagrun for example_sensor_decorator to None, run_after=None
[2023-03-14T14:03:33.427+0000] {processor.py:175} INFO - Processing /home/airflow/.local/lib/python3.7/site-packages/airflow/example_dags/example_sensor_decorator.py took 0.331 seconds
[2023-03-14T14:04:03.738+0000] {processor.py:153} INFO - Started process (PID=902) to work on /home/airflow/.local/lib/python3.7/site-packages/airflow/example_dags/example_sensor_decorator.py
[2023-03-14T14:04:03.740+0000] {processor.py:743} INFO - Processing file /home/airflow/.local/lib/python3.7/site-packages/airflow/example_dags/example_sensor_decorator.py for tasks to queue
[2023-03-14T14:04:03.753+0000] {logging_mixin.py:137} INFO - [2023-03-14T14:04:03.753+0000] {dagbag.py:538} INFO - Filling up the DagBag from /home/airflow/.local/lib/python3.7/site-packages/airflow/example_dags/example_sensor_decorator.py
[2023-03-14T14:04:03.864+0000] {processor.py:753} INFO - DAG(s) dict_keys(['example_sensor_decorator']) retrieved from /home/airflow/.local/lib/python3.7/site-packages/airflow/example_dags/example_sensor_decorator.py
[2023-03-14T14:04:04.041+0000] {logging_mixin.py:137} INFO - [2023-03-14T14:04:04.041+0000] {dag.py:2690} INFO - Sync 1 DAGs
[2023-03-14T14:04:04.190+0000] {logging_mixin.py:137} INFO - [2023-03-14T14:04:04.189+0000] {dag.py:3441} INFO - Setting next_dagrun for example_sensor_decorator to None, run_after=None
[2023-03-14T14:04:04.243+0000] {processor.py:175} INFO - Processing /home/airflow/.local/lib/python3.7/site-packages/airflow/example_dags/example_sensor_decorator.py took 0.521 seconds
[2023-03-14T14:04:34.306+0000] {processor.py:153} INFO - Started process (PID=1114) to work on /home/airflow/.local/lib/python3.7/site-packages/airflow/example_dags/example_sensor_decorator.py
[2023-03-14T14:04:34.307+0000] {processor.py:743} INFO - Processing file /home/airflow/.local/lib/python3.7/site-packages/airflow/example_dags/example_sensor_decorator.py for tasks to queue
[2023-03-14T14:04:34.308+0000] {logging_mixin.py:137} INFO - [2023-03-14T14:04:34.308+0000] {dagbag.py:538} INFO - Filling up the DagBag from /home/airflow/.local/lib/python3.7/site-packages/airflow/example_dags/example_sensor_decorator.py
[2023-03-14T14:04:34.345+0000] {processor.py:753} INFO - DAG(s) dict_keys(['example_sensor_decorator']) retrieved from /home/airflow/.local/lib/python3.7/site-packages/airflow/example_dags/example_sensor_decorator.py
[2023-03-14T14:04:34.382+0000] {logging_mixin.py:137} INFO - [2023-03-14T14:04:34.382+0000] {dag.py:2690} INFO - Sync 1 DAGs
[2023-03-14T14:04:34.425+0000] {logging_mixin.py:137} INFO - [2023-03-14T14:04:34.424+0000] {dag.py:3441} INFO - Setting next_dagrun for example_sensor_decorator to None, run_after=None
[2023-03-14T14:04:34.460+0000] {processor.py:175} INFO - Processing /home/airflow/.local/lib/python3.7/site-packages/airflow/example_dags/example_sensor_decorator.py took 0.161 seconds
[2023-03-14T14:05:06.028+0000] {processor.py:153} INFO - Started process (PID=1328) to work on /home/airflow/.local/lib/python3.7/site-packages/airflow/example_dags/example_sensor_decorator.py
[2023-03-14T14:05:06.051+0000] {processor.py:743} INFO - Processing file /home/airflow/.local/lib/python3.7/site-packages/airflow/example_dags/example_sensor_decorator.py for tasks to queue
[2023-03-14T14:05:06.052+0000] {logging_mixin.py:137} INFO - [2023-03-14T14:05:06.052+0000] {dagbag.py:538} INFO - Filling up the DagBag from /home/airflow/.local/lib/python3.7/site-packages/airflow/example_dags/example_sensor_decorator.py
[2023-03-14T14:05:06.139+0000] {processor.py:753} INFO - DAG(s) dict_keys(['example_sensor_decorator']) retrieved from /home/airflow/.local/lib/python3.7/site-packages/airflow/example_dags/example_sensor_decorator.py
[2023-03-14T14:05:06.251+0000] {logging_mixin.py:137} INFO - [2023-03-14T14:05:06.251+0000] {dag.py:2690} INFO - Sync 1 DAGs
[2023-03-14T14:05:06.356+0000] {logging_mixin.py:137} INFO - [2023-03-14T14:05:06.356+0000] {dag.py:3441} INFO - Setting next_dagrun for example_sensor_decorator to None, run_after=None
[2023-03-14T14:05:06.473+0000] {processor.py:175} INFO - Processing /home/airflow/.local/lib/python3.7/site-packages/airflow/example_dags/example_sensor_decorator.py took 0.462 seconds
[2023-03-14T14:05:37.426+0000] {processor.py:153} INFO - Started process (PID=1545) to work on /home/airflow/.local/lib/python3.7/site-packages/airflow/example_dags/example_sensor_decorator.py
[2023-03-14T14:05:37.431+0000] {processor.py:743} INFO - Processing file /home/airflow/.local/lib/python3.7/site-packages/airflow/example_dags/example_sensor_decorator.py for tasks to queue
[2023-03-14T14:05:37.431+0000] {logging_mixin.py:137} INFO - [2023-03-14T14:05:37.431+0000] {dagbag.py:538} INFO - Filling up the DagBag from /home/airflow/.local/lib/python3.7/site-packages/airflow/example_dags/example_sensor_decorator.py
[2023-03-14T14:05:37.570+0000] {processor.py:753} INFO - DAG(s) dict_keys(['example_sensor_decorator']) retrieved from /home/airflow/.local/lib/python3.7/site-packages/airflow/example_dags/example_sensor_decorator.py
[2023-03-14T14:05:37.658+0000] {logging_mixin.py:137} INFO - [2023-03-14T14:05:37.657+0000] {dag.py:2690} INFO - Sync 1 DAGs
[2023-03-14T14:05:37.788+0000] {logging_mixin.py:137} INFO - [2023-03-14T14:05:37.787+0000] {dag.py:3441} INFO - Setting next_dagrun for example_sensor_decorator to None, run_after=None
[2023-03-14T14:05:37.880+0000] {processor.py:175} INFO - Processing /home/airflow/.local/lib/python3.7/site-packages/airflow/example_dags/example_sensor_decorator.py took 0.482 seconds
[2023-03-14T14:06:08.478+0000] {processor.py:153} INFO - Started process (PID=1758) to work on /home/airflow/.local/lib/python3.7/site-packages/airflow/example_dags/example_sensor_decorator.py
[2023-03-14T14:06:08.513+0000] {processor.py:743} INFO - Processing file /home/airflow/.local/lib/python3.7/site-packages/airflow/example_dags/example_sensor_decorator.py for tasks to queue
[2023-03-14T14:06:08.517+0000] {logging_mixin.py:137} INFO - [2023-03-14T14:06:08.517+0000] {dagbag.py:538} INFO - Filling up the DagBag from /home/airflow/.local/lib/python3.7/site-packages/airflow/example_dags/example_sensor_decorator.py
[2023-03-14T14:06:08.703+0000] {processor.py:753} INFO - DAG(s) dict_keys(['example_sensor_decorator']) retrieved from /home/airflow/.local/lib/python3.7/site-packages/airflow/example_dags/example_sensor_decorator.py
[2023-03-14T14:06:08.865+0000] {logging_mixin.py:137} INFO - [2023-03-14T14:06:08.865+0000] {dag.py:2690} INFO - Sync 1 DAGs
[2023-03-14T14:06:08.997+0000] {logging_mixin.py:137} INFO - [2023-03-14T14:06:08.997+0000] {dag.py:3441} INFO - Setting next_dagrun for example_sensor_decorator to None, run_after=None
[2023-03-14T14:06:09.026+0000] {processor.py:175} INFO - Processing /home/airflow/.local/lib/python3.7/site-packages/airflow/example_dags/example_sensor_decorator.py took 0.576 seconds
[2023-03-14T14:06:39.721+0000] {processor.py:153} INFO - Started process (PID=1985) to work on /home/airflow/.local/lib/python3.7/site-packages/airflow/example_dags/example_sensor_decorator.py
[2023-03-14T14:06:39.723+0000] {processor.py:743} INFO - Processing file /home/airflow/.local/lib/python3.7/site-packages/airflow/example_dags/example_sensor_decorator.py for tasks to queue
[2023-03-14T14:06:39.724+0000] {logging_mixin.py:137} INFO - [2023-03-14T14:06:39.724+0000] {dagbag.py:538} INFO - Filling up the DagBag from /home/airflow/.local/lib/python3.7/site-packages/airflow/example_dags/example_sensor_decorator.py
[2023-03-14T14:06:39.791+0000] {processor.py:753} INFO - DAG(s) dict_keys(['example_sensor_decorator']) retrieved from /home/airflow/.local/lib/python3.7/site-packages/airflow/example_dags/example_sensor_decorator.py
[2023-03-14T14:06:39.867+0000] {logging_mixin.py:137} INFO - [2023-03-14T14:06:39.866+0000] {dag.py:2690} INFO - Sync 1 DAGs
[2023-03-14T14:06:39.969+0000] {logging_mixin.py:137} INFO - [2023-03-14T14:06:39.969+0000] {dag.py:3441} INFO - Setting next_dagrun for example_sensor_decorator to None, run_after=None
[2023-03-14T14:06:40.038+0000] {processor.py:175} INFO - Processing /home/airflow/.local/lib/python3.7/site-packages/airflow/example_dags/example_sensor_decorator.py took 0.323 seconds
[2023-03-14T14:07:10.336+0000] {processor.py:153} INFO - Started process (PID=2200) to work on /home/airflow/.local/lib/python3.7/site-packages/airflow/example_dags/example_sensor_decorator.py
[2023-03-14T14:07:10.338+0000] {processor.py:743} INFO - Processing file /home/airflow/.local/lib/python3.7/site-packages/airflow/example_dags/example_sensor_decorator.py for tasks to queue
[2023-03-14T14:07:10.339+0000] {logging_mixin.py:137} INFO - [2023-03-14T14:07:10.339+0000] {dagbag.py:538} INFO - Filling up the DagBag from /home/airflow/.local/lib/python3.7/site-packages/airflow/example_dags/example_sensor_decorator.py
[2023-03-14T14:07:10.381+0000] {processor.py:753} INFO - DAG(s) dict_keys(['example_sensor_decorator']) retrieved from /home/airflow/.local/lib/python3.7/site-packages/airflow/example_dags/example_sensor_decorator.py
[2023-03-14T14:07:10.418+0000] {logging_mixin.py:137} INFO - [2023-03-14T14:07:10.418+0000] {dag.py:2690} INFO - Sync 1 DAGs
[2023-03-14T14:07:10.458+0000] {logging_mixin.py:137} INFO - [2023-03-14T14:07:10.458+0000] {dag.py:3441} INFO - Setting next_dagrun for example_sensor_decorator to None, run_after=None
[2023-03-14T14:07:10.489+0000] {processor.py:175} INFO - Processing /home/airflow/.local/lib/python3.7/site-packages/airflow/example_dags/example_sensor_decorator.py took 0.159 seconds
[2023-03-14T14:07:40.641+0000] {processor.py:153} INFO - Started process (PID=2415) to work on /home/airflow/.local/lib/python3.7/site-packages/airflow/example_dags/example_sensor_decorator.py
[2023-03-14T14:07:40.658+0000] {processor.py:743} INFO - Processing file /home/airflow/.local/lib/python3.7/site-packages/airflow/example_dags/example_sensor_decorator.py for tasks to queue
[2023-03-14T14:07:40.660+0000] {logging_mixin.py:137} INFO - [2023-03-14T14:07:40.659+0000] {dagbag.py:538} INFO - Filling up the DagBag from /home/airflow/.local/lib/python3.7/site-packages/airflow/example_dags/example_sensor_decorator.py
[2023-03-14T14:07:40.708+0000] {processor.py:753} INFO - DAG(s) dict_keys(['example_sensor_decorator']) retrieved from /home/airflow/.local/lib/python3.7/site-packages/airflow/example_dags/example_sensor_decorator.py
[2023-03-14T14:07:40.774+0000] {logging_mixin.py:137} INFO - [2023-03-14T14:07:40.774+0000] {dag.py:2690} INFO - Sync 1 DAGs
[2023-03-14T14:07:40.857+0000] {logging_mixin.py:137} INFO - [2023-03-14T14:07:40.857+0000] {dag.py:3441} INFO - Setting next_dagrun for example_sensor_decorator to None, run_after=None
[2023-03-14T14:07:40.912+0000] {processor.py:175} INFO - Processing /home/airflow/.local/lib/python3.7/site-packages/airflow/example_dags/example_sensor_decorator.py took 0.280 seconds
[2023-03-14T14:08:11.715+0000] {processor.py:153} INFO - Started process (PID=2630) to work on /home/airflow/.local/lib/python3.7/site-packages/airflow/example_dags/example_sensor_decorator.py
[2023-03-14T14:08:11.716+0000] {processor.py:743} INFO - Processing file /home/airflow/.local/lib/python3.7/site-packages/airflow/example_dags/example_sensor_decorator.py for tasks to queue
[2023-03-14T14:08:11.717+0000] {logging_mixin.py:137} INFO - [2023-03-14T14:08:11.717+0000] {dagbag.py:538} INFO - Filling up the DagBag from /home/airflow/.local/lib/python3.7/site-packages/airflow/example_dags/example_sensor_decorator.py
[2023-03-14T14:08:11.750+0000] {processor.py:753} INFO - DAG(s) dict_keys(['example_sensor_decorator']) retrieved from /home/airflow/.local/lib/python3.7/site-packages/airflow/example_dags/example_sensor_decorator.py
[2023-03-14T14:08:11.791+0000] {logging_mixin.py:137} INFO - [2023-03-14T14:08:11.791+0000] {dag.py:2690} INFO - Sync 1 DAGs
[2023-03-14T14:08:11.835+0000] {logging_mixin.py:137} INFO - [2023-03-14T14:08:11.834+0000] {dag.py:3441} INFO - Setting next_dagrun for example_sensor_decorator to None, run_after=None
[2023-03-14T14:08:11.873+0000] {processor.py:175} INFO - Processing /home/airflow/.local/lib/python3.7/site-packages/airflow/example_dags/example_sensor_decorator.py took 0.166 seconds
[2023-03-14T14:08:42.404+0000] {processor.py:153} INFO - Started process (PID=2855) to work on /home/airflow/.local/lib/python3.7/site-packages/airflow/example_dags/example_sensor_decorator.py
[2023-03-14T14:08:42.411+0000] {processor.py:743} INFO - Processing file /home/airflow/.local/lib/python3.7/site-packages/airflow/example_dags/example_sensor_decorator.py for tasks to queue
[2023-03-14T14:08:42.413+0000] {logging_mixin.py:137} INFO - [2023-03-14T14:08:42.412+0000] {dagbag.py:538} INFO - Filling up the DagBag from /home/airflow/.local/lib/python3.7/site-packages/airflow/example_dags/example_sensor_decorator.py
[2023-03-14T14:08:42.480+0000] {processor.py:753} INFO - DAG(s) dict_keys(['example_sensor_decorator']) retrieved from /home/airflow/.local/lib/python3.7/site-packages/airflow/example_dags/example_sensor_decorator.py
[2023-03-14T14:08:42.541+0000] {logging_mixin.py:137} INFO - [2023-03-14T14:08:42.541+0000] {dag.py:2690} INFO - Sync 1 DAGs
[2023-03-14T14:08:42.603+0000] {logging_mixin.py:137} INFO - [2023-03-14T14:08:42.603+0000] {dag.py:3441} INFO - Setting next_dagrun for example_sensor_decorator to None, run_after=None
[2023-03-14T14:08:42.644+0000] {processor.py:175} INFO - Processing /home/airflow/.local/lib/python3.7/site-packages/airflow/example_dags/example_sensor_decorator.py took 0.252 seconds
[2023-03-14T14:09:13.144+0000] {processor.py:153} INFO - Started process (PID=3088) to work on /home/airflow/.local/lib/python3.7/site-packages/airflow/example_dags/example_sensor_decorator.py
[2023-03-14T14:09:13.181+0000] {processor.py:743} INFO - Processing file /home/airflow/.local/lib/python3.7/site-packages/airflow/example_dags/example_sensor_decorator.py for tasks to queue
[2023-03-14T14:09:13.182+0000] {logging_mixin.py:137} INFO - [2023-03-14T14:09:13.182+0000] {dagbag.py:538} INFO - Filling up the DagBag from /home/airflow/.local/lib/python3.7/site-packages/airflow/example_dags/example_sensor_decorator.py
[2023-03-14T14:09:13.502+0000] {processor.py:753} INFO - DAG(s) dict_keys(['example_sensor_decorator']) retrieved from /home/airflow/.local/lib/python3.7/site-packages/airflow/example_dags/example_sensor_decorator.py
[2023-03-14T14:09:14.192+0000] {logging_mixin.py:137} INFO - [2023-03-14T14:09:14.192+0000] {dag.py:2690} INFO - Sync 1 DAGs
[2023-03-14T14:09:14.634+0000] {logging_mixin.py:137} INFO - [2023-03-14T14:09:14.634+0000] {dag.py:3441} INFO - Setting next_dagrun for example_sensor_decorator to None, run_after=None
[2023-03-14T14:09:14.834+0000] {processor.py:175} INFO - Processing /home/airflow/.local/lib/python3.7/site-packages/airflow/example_dags/example_sensor_decorator.py took 1.697 seconds
[2023-03-14T14:09:44.972+0000] {processor.py:153} INFO - Started process (PID=3315) to work on /home/airflow/.local/lib/python3.7/site-packages/airflow/example_dags/example_sensor_decorator.py
[2023-03-14T14:09:44.981+0000] {processor.py:743} INFO - Processing file /home/airflow/.local/lib/python3.7/site-packages/airflow/example_dags/example_sensor_decorator.py for tasks to queue
[2023-03-14T14:09:44.981+0000] {logging_mixin.py:137} INFO - [2023-03-14T14:09:44.981+0000] {dagbag.py:538} INFO - Filling up the DagBag from /home/airflow/.local/lib/python3.7/site-packages/airflow/example_dags/example_sensor_decorator.py
[2023-03-14T14:09:45.017+0000] {processor.py:753} INFO - DAG(s) dict_keys(['example_sensor_decorator']) retrieved from /home/airflow/.local/lib/python3.7/site-packages/airflow/example_dags/example_sensor_decorator.py
[2023-03-14T14:09:45.045+0000] {logging_mixin.py:137} INFO - [2023-03-14T14:09:45.045+0000] {dag.py:2690} INFO - Sync 1 DAGs
[2023-03-14T14:09:45.080+0000] {logging_mixin.py:137} INFO - [2023-03-14T14:09:45.080+0000] {dag.py:3441} INFO - Setting next_dagrun for example_sensor_decorator to None, run_after=None
[2023-03-14T14:09:45.109+0000] {processor.py:175} INFO - Processing /home/airflow/.local/lib/python3.7/site-packages/airflow/example_dags/example_sensor_decorator.py took 0.146 seconds
[2023-03-14T14:10:15.690+0000] {processor.py:153} INFO - Started process (PID=3527) to work on /home/airflow/.local/lib/python3.7/site-packages/airflow/example_dags/example_sensor_decorator.py
[2023-03-14T14:10:15.692+0000] {processor.py:743} INFO - Processing file /home/airflow/.local/lib/python3.7/site-packages/airflow/example_dags/example_sensor_decorator.py for tasks to queue
[2023-03-14T14:10:15.693+0000] {logging_mixin.py:137} INFO - [2023-03-14T14:10:15.692+0000] {dagbag.py:538} INFO - Filling up the DagBag from /home/airflow/.local/lib/python3.7/site-packages/airflow/example_dags/example_sensor_decorator.py
[2023-03-14T14:10:15.737+0000] {processor.py:753} INFO - DAG(s) dict_keys(['example_sensor_decorator']) retrieved from /home/airflow/.local/lib/python3.7/site-packages/airflow/example_dags/example_sensor_decorator.py
[2023-03-14T14:10:15.814+0000] {logging_mixin.py:137} INFO - [2023-03-14T14:10:15.813+0000] {dag.py:2690} INFO - Sync 1 DAGs
[2023-03-14T14:10:15.912+0000] {logging_mixin.py:137} INFO - [2023-03-14T14:10:15.912+0000] {dag.py:3441} INFO - Setting next_dagrun for example_sensor_decorator to None, run_after=None
[2023-03-14T14:10:15.943+0000] {processor.py:175} INFO - Processing /home/airflow/.local/lib/python3.7/site-packages/airflow/example_dags/example_sensor_decorator.py took 0.258 seconds
[2023-03-14T14:10:46.110+0000] {processor.py:153} INFO - Started process (PID=3751) to work on /home/airflow/.local/lib/python3.7/site-packages/airflow/example_dags/example_sensor_decorator.py
[2023-03-14T14:10:46.113+0000] {processor.py:743} INFO - Processing file /home/airflow/.local/lib/python3.7/site-packages/airflow/example_dags/example_sensor_decorator.py for tasks to queue
[2023-03-14T14:10:46.121+0000] {logging_mixin.py:137} INFO - [2023-03-14T14:10:46.121+0000] {dagbag.py:538} INFO - Filling up the DagBag from /home/airflow/.local/lib/python3.7/site-packages/airflow/example_dags/example_sensor_decorator.py
[2023-03-14T14:10:46.167+0000] {processor.py:753} INFO - DAG(s) dict_keys(['example_sensor_decorator']) retrieved from /home/airflow/.local/lib/python3.7/site-packages/airflow/example_dags/example_sensor_decorator.py
[2023-03-14T14:10:46.208+0000] {logging_mixin.py:137} INFO - [2023-03-14T14:10:46.208+0000] {dag.py:2690} INFO - Sync 1 DAGs
[2023-03-14T14:10:46.254+0000] {logging_mixin.py:137} INFO - [2023-03-14T14:10:46.254+0000] {dag.py:3441} INFO - Setting next_dagrun for example_sensor_decorator to None, run_after=None
[2023-03-14T14:10:46.313+0000] {processor.py:175} INFO - Processing /home/airflow/.local/lib/python3.7/site-packages/airflow/example_dags/example_sensor_decorator.py took 0.208 seconds
[2023-03-14T14:11:16.562+0000] {processor.py:153} INFO - Started process (PID=3957) to work on /home/airflow/.local/lib/python3.7/site-packages/airflow/example_dags/example_sensor_decorator.py
[2023-03-14T14:11:16.566+0000] {processor.py:743} INFO - Processing file /home/airflow/.local/lib/python3.7/site-packages/airflow/example_dags/example_sensor_decorator.py for tasks to queue
[2023-03-14T14:11:16.567+0000] {logging_mixin.py:137} INFO - [2023-03-14T14:11:16.567+0000] {dagbag.py:538} INFO - Filling up the DagBag from /home/airflow/.local/lib/python3.7/site-packages/airflow/example_dags/example_sensor_decorator.py
[2023-03-14T14:11:16.638+0000] {processor.py:753} INFO - DAG(s) dict_keys(['example_sensor_decorator']) retrieved from /home/airflow/.local/lib/python3.7/site-packages/airflow/example_dags/example_sensor_decorator.py
[2023-03-14T14:11:16.733+0000] {logging_mixin.py:137} INFO - [2023-03-14T14:11:16.733+0000] {dag.py:2690} INFO - Sync 1 DAGs
[2023-03-14T14:11:16.779+0000] {logging_mixin.py:137} INFO - [2023-03-14T14:11:16.779+0000] {dag.py:3441} INFO - Setting next_dagrun for example_sensor_decorator to None, run_after=None
[2023-03-14T14:11:16.821+0000] {processor.py:175} INFO - Processing /home/airflow/.local/lib/python3.7/site-packages/airflow/example_dags/example_sensor_decorator.py took 0.270 seconds
[2023-03-14T14:11:47.071+0000] {processor.py:153} INFO - Started process (PID=4181) to work on /home/airflow/.local/lib/python3.7/site-packages/airflow/example_dags/example_sensor_decorator.py
[2023-03-14T14:11:47.072+0000] {processor.py:743} INFO - Processing file /home/airflow/.local/lib/python3.7/site-packages/airflow/example_dags/example_sensor_decorator.py for tasks to queue
[2023-03-14T14:11:47.073+0000] {logging_mixin.py:137} INFO - [2023-03-14T14:11:47.073+0000] {dagbag.py:538} INFO - Filling up the DagBag from /home/airflow/.local/lib/python3.7/site-packages/airflow/example_dags/example_sensor_decorator.py
[2023-03-14T14:11:47.151+0000] {processor.py:753} INFO - DAG(s) dict_keys(['example_sensor_decorator']) retrieved from /home/airflow/.local/lib/python3.7/site-packages/airflow/example_dags/example_sensor_decorator.py
[2023-03-14T14:11:47.230+0000] {logging_mixin.py:137} INFO - [2023-03-14T14:11:47.230+0000] {dag.py:2690} INFO - Sync 1 DAGs
[2023-03-14T14:11:47.329+0000] {logging_mixin.py:137} INFO - [2023-03-14T14:11:47.328+0000] {dag.py:3441} INFO - Setting next_dagrun for example_sensor_decorator to None, run_after=None
[2023-03-14T14:11:47.417+0000] {processor.py:175} INFO - Processing /home/airflow/.local/lib/python3.7/site-packages/airflow/example_dags/example_sensor_decorator.py took 0.352 seconds
[2023-03-14T14:12:18.043+0000] {processor.py:153} INFO - Started process (PID=4396) to work on /home/airflow/.local/lib/python3.7/site-packages/airflow/example_dags/example_sensor_decorator.py
[2023-03-14T14:12:18.051+0000] {processor.py:743} INFO - Processing file /home/airflow/.local/lib/python3.7/site-packages/airflow/example_dags/example_sensor_decorator.py for tasks to queue
[2023-03-14T14:12:18.056+0000] {logging_mixin.py:137} INFO - [2023-03-14T14:12:18.056+0000] {dagbag.py:538} INFO - Filling up the DagBag from /home/airflow/.local/lib/python3.7/site-packages/airflow/example_dags/example_sensor_decorator.py
[2023-03-14T14:12:18.132+0000] {processor.py:753} INFO - DAG(s) dict_keys(['example_sensor_decorator']) retrieved from /home/airflow/.local/lib/python3.7/site-packages/airflow/example_dags/example_sensor_decorator.py
[2023-03-14T14:12:18.205+0000] {logging_mixin.py:137} INFO - [2023-03-14T14:12:18.204+0000] {dag.py:2690} INFO - Sync 1 DAGs
[2023-03-14T14:12:18.266+0000] {logging_mixin.py:137} INFO - [2023-03-14T14:12:18.265+0000] {dag.py:3441} INFO - Setting next_dagrun for example_sensor_decorator to None, run_after=None
[2023-03-14T14:12:18.307+0000] {processor.py:175} INFO - Processing /home/airflow/.local/lib/python3.7/site-packages/airflow/example_dags/example_sensor_decorator.py took 0.271 seconds
[2023-03-14T14:12:48.587+0000] {processor.py:153} INFO - Started process (PID=4611) to work on /home/airflow/.local/lib/python3.7/site-packages/airflow/example_dags/example_sensor_decorator.py
[2023-03-14T14:12:48.588+0000] {processor.py:743} INFO - Processing file /home/airflow/.local/lib/python3.7/site-packages/airflow/example_dags/example_sensor_decorator.py for tasks to queue
[2023-03-14T14:12:48.590+0000] {logging_mixin.py:137} INFO - [2023-03-14T14:12:48.589+0000] {dagbag.py:538} INFO - Filling up the DagBag from /home/airflow/.local/lib/python3.7/site-packages/airflow/example_dags/example_sensor_decorator.py
[2023-03-14T14:12:48.634+0000] {processor.py:753} INFO - DAG(s) dict_keys(['example_sensor_decorator']) retrieved from /home/airflow/.local/lib/python3.7/site-packages/airflow/example_dags/example_sensor_decorator.py
[2023-03-14T14:12:48.685+0000] {logging_mixin.py:137} INFO - [2023-03-14T14:12:48.685+0000] {dag.py:2690} INFO - Sync 1 DAGs
[2023-03-14T14:12:48.725+0000] {logging_mixin.py:137} INFO - [2023-03-14T14:12:48.725+0000] {dag.py:3441} INFO - Setting next_dagrun for example_sensor_decorator to None, run_after=None
[2023-03-14T14:12:48.764+0000] {processor.py:175} INFO - Processing /home/airflow/.local/lib/python3.7/site-packages/airflow/example_dags/example_sensor_decorator.py took 0.183 seconds
[2023-03-14T14:13:19.108+0000] {processor.py:153} INFO - Started process (PID=4826) to work on /home/airflow/.local/lib/python3.7/site-packages/airflow/example_dags/example_sensor_decorator.py
[2023-03-14T14:13:19.126+0000] {processor.py:743} INFO - Processing file /home/airflow/.local/lib/python3.7/site-packages/airflow/example_dags/example_sensor_decorator.py for tasks to queue
[2023-03-14T14:13:19.127+0000] {logging_mixin.py:137} INFO - [2023-03-14T14:13:19.127+0000] {dagbag.py:538} INFO - Filling up the DagBag from /home/airflow/.local/lib/python3.7/site-packages/airflow/example_dags/example_sensor_decorator.py
[2023-03-14T14:13:19.252+0000] {processor.py:753} INFO - DAG(s) dict_keys(['example_sensor_decorator']) retrieved from /home/airflow/.local/lib/python3.7/site-packages/airflow/example_dags/example_sensor_decorator.py
[2023-03-14T14:13:19.329+0000] {logging_mixin.py:137} INFO - [2023-03-14T14:13:19.329+0000] {dag.py:2690} INFO - Sync 1 DAGs
[2023-03-14T14:13:19.408+0000] {logging_mixin.py:137} INFO - [2023-03-14T14:13:19.407+0000] {dag.py:3441} INFO - Setting next_dagrun for example_sensor_decorator to None, run_after=None
[2023-03-14T14:13:19.448+0000] {processor.py:175} INFO - Processing /home/airflow/.local/lib/python3.7/site-packages/airflow/example_dags/example_sensor_decorator.py took 0.367 seconds
[2023-03-14T14:13:49.601+0000] {processor.py:153} INFO - Started process (PID=5045) to work on /home/airflow/.local/lib/python3.7/site-packages/airflow/example_dags/example_sensor_decorator.py
[2023-03-14T14:13:49.602+0000] {processor.py:743} INFO - Processing file /home/airflow/.local/lib/python3.7/site-packages/airflow/example_dags/example_sensor_decorator.py for tasks to queue
[2023-03-14T14:13:49.603+0000] {logging_mixin.py:137} INFO - [2023-03-14T14:13:49.603+0000] {dagbag.py:538} INFO - Filling up the DagBag from /home/airflow/.local/lib/python3.7/site-packages/airflow/example_dags/example_sensor_decorator.py
[2023-03-14T14:13:49.627+0000] {processor.py:753} INFO - DAG(s) dict_keys(['example_sensor_decorator']) retrieved from /home/airflow/.local/lib/python3.7/site-packages/airflow/example_dags/example_sensor_decorator.py
[2023-03-14T14:13:49.652+0000] {logging_mixin.py:137} INFO - [2023-03-14T14:13:49.652+0000] {dag.py:2690} INFO - Sync 1 DAGs
[2023-03-14T14:13:49.677+0000] {logging_mixin.py:137} INFO - [2023-03-14T14:13:49.677+0000] {dag.py:3441} INFO - Setting next_dagrun for example_sensor_decorator to None, run_after=None
[2023-03-14T14:13:49.700+0000] {processor.py:175} INFO - Processing /home/airflow/.local/lib/python3.7/site-packages/airflow/example_dags/example_sensor_decorator.py took 0.105 seconds
[2023-03-14T14:14:20.037+0000] {processor.py:153} INFO - Started process (PID=5261) to work on /home/airflow/.local/lib/python3.7/site-packages/airflow/example_dags/example_sensor_decorator.py
[2023-03-14T14:14:20.040+0000] {processor.py:743} INFO - Processing file /home/airflow/.local/lib/python3.7/site-packages/airflow/example_dags/example_sensor_decorator.py for tasks to queue
[2023-03-14T14:14:20.041+0000] {logging_mixin.py:137} INFO - [2023-03-14T14:14:20.041+0000] {dagbag.py:538} INFO - Filling up the DagBag from /home/airflow/.local/lib/python3.7/site-packages/airflow/example_dags/example_sensor_decorator.py
[2023-03-14T14:14:20.078+0000] {processor.py:753} INFO - DAG(s) dict_keys(['example_sensor_decorator']) retrieved from /home/airflow/.local/lib/python3.7/site-packages/airflow/example_dags/example_sensor_decorator.py
[2023-03-14T14:14:20.116+0000] {logging_mixin.py:137} INFO - [2023-03-14T14:14:20.116+0000] {dag.py:2690} INFO - Sync 1 DAGs
[2023-03-14T14:14:20.154+0000] {logging_mixin.py:137} INFO - [2023-03-14T14:14:20.154+0000] {dag.py:3441} INFO - Setting next_dagrun for example_sensor_decorator to None, run_after=None
[2023-03-14T14:14:20.186+0000] {processor.py:175} INFO - Processing /home/airflow/.local/lib/python3.7/site-packages/airflow/example_dags/example_sensor_decorator.py took 0.154 seconds
[2023-03-14T14:14:50.854+0000] {processor.py:153} INFO - Started process (PID=5469) to work on /home/airflow/.local/lib/python3.7/site-packages/airflow/example_dags/example_sensor_decorator.py
[2023-03-14T14:14:50.861+0000] {processor.py:743} INFO - Processing file /home/airflow/.local/lib/python3.7/site-packages/airflow/example_dags/example_sensor_decorator.py for tasks to queue
[2023-03-14T14:14:50.862+0000] {logging_mixin.py:137} INFO - [2023-03-14T14:14:50.862+0000] {dagbag.py:538} INFO - Filling up the DagBag from /home/airflow/.local/lib/python3.7/site-packages/airflow/example_dags/example_sensor_decorator.py
[2023-03-14T14:14:50.906+0000] {processor.py:753} INFO - DAG(s) dict_keys(['example_sensor_decorator']) retrieved from /home/airflow/.local/lib/python3.7/site-packages/airflow/example_dags/example_sensor_decorator.py
[2023-03-14T14:14:50.951+0000] {logging_mixin.py:137} INFO - [2023-03-14T14:14:50.951+0000] {dag.py:2690} INFO - Sync 1 DAGs
[2023-03-14T14:14:50.990+0000] {logging_mixin.py:137} INFO - [2023-03-14T14:14:50.990+0000] {dag.py:3441} INFO - Setting next_dagrun for example_sensor_decorator to None, run_after=None
[2023-03-14T14:14:51.022+0000] {processor.py:175} INFO - Processing /home/airflow/.local/lib/python3.7/site-packages/airflow/example_dags/example_sensor_decorator.py took 0.173 seconds
[2023-03-14T14:15:21.343+0000] {processor.py:153} INFO - Started process (PID=5683) to work on /home/airflow/.local/lib/python3.7/site-packages/airflow/example_dags/example_sensor_decorator.py
[2023-03-14T14:15:21.345+0000] {processor.py:743} INFO - Processing file /home/airflow/.local/lib/python3.7/site-packages/airflow/example_dags/example_sensor_decorator.py for tasks to queue
[2023-03-14T14:15:21.346+0000] {logging_mixin.py:137} INFO - [2023-03-14T14:15:21.345+0000] {dagbag.py:538} INFO - Filling up the DagBag from /home/airflow/.local/lib/python3.7/site-packages/airflow/example_dags/example_sensor_decorator.py
[2023-03-14T14:15:21.380+0000] {processor.py:753} INFO - DAG(s) dict_keys(['example_sensor_decorator']) retrieved from /home/airflow/.local/lib/python3.7/site-packages/airflow/example_dags/example_sensor_decorator.py
[2023-03-14T14:15:21.420+0000] {logging_mixin.py:137} INFO - [2023-03-14T14:15:21.420+0000] {dag.py:2690} INFO - Sync 1 DAGs
[2023-03-14T14:15:21.458+0000] {logging_mixin.py:137} INFO - [2023-03-14T14:15:21.458+0000] {dag.py:3441} INFO - Setting next_dagrun for example_sensor_decorator to None, run_after=None
[2023-03-14T14:15:21.490+0000] {processor.py:175} INFO - Processing /home/airflow/.local/lib/python3.7/site-packages/airflow/example_dags/example_sensor_decorator.py took 0.153 seconds
