[2023-03-14T14:02:31.596+0000] {processor.py:153} INFO - Started process (PID=282) to work on /home/airflow/.local/lib/python3.7/site-packages/airflow/example_dags/example_xcom.py
[2023-03-14T14:02:31.601+0000] {processor.py:743} INFO - Processing file /home/airflow/.local/lib/python3.7/site-packages/airflow/example_dags/example_xcom.py for tasks to queue
[2023-03-14T14:02:31.603+0000] {logging_mixin.py:137} INFO - [2023-03-14T14:02:31.602+0000] {dagbag.py:538} INFO - Filling up the DagBag from /home/airflow/.local/lib/python3.7/site-packages/airflow/example_dags/example_xcom.py
[2023-03-14T14:02:31.690+0000] {processor.py:753} INFO - DAG(s) dict_keys(['example_xcom']) retrieved from /home/airflow/.local/lib/python3.7/site-packages/airflow/example_dags/example_xcom.py
[2023-03-14T14:02:31.793+0000] {logging_mixin.py:137} INFO - [2023-03-14T14:02:31.793+0000] {dag.py:2690} INFO - Sync 1 DAGs
[2023-03-14T14:02:31.905+0000] {logging_mixin.py:137} INFO - [2023-03-14T14:02:31.905+0000] {dag.py:3441} INFO - Setting next_dagrun for example_xcom to 2021-01-01T00:00:00+00:00, run_after=2021-01-01T00:00:00+00:00
[2023-03-14T14:02:31.970+0000] {processor.py:175} INFO - Processing /home/airflow/.local/lib/python3.7/site-packages/airflow/example_dags/example_xcom.py took 0.389 seconds
[2023-03-14T14:03:03.985+0000] {processor.py:153} INFO - Started process (PID=495) to work on /home/airflow/.local/lib/python3.7/site-packages/airflow/example_dags/example_xcom.py
[2023-03-14T14:03:03.989+0000] {processor.py:743} INFO - Processing file /home/airflow/.local/lib/python3.7/site-packages/airflow/example_dags/example_xcom.py for tasks to queue
[2023-03-14T14:03:03.992+0000] {logging_mixin.py:137} INFO - [2023-03-14T14:03:03.992+0000] {dagbag.py:538} INFO - Filling up the DagBag from /home/airflow/.local/lib/python3.7/site-packages/airflow/example_dags/example_xcom.py
[2023-03-14T14:03:04.234+0000] {processor.py:753} INFO - DAG(s) dict_keys(['example_xcom']) retrieved from /home/airflow/.local/lib/python3.7/site-packages/airflow/example_dags/example_xcom.py
[2023-03-14T14:03:04.500+0000] {logging_mixin.py:137} INFO - [2023-03-14T14:03:04.500+0000] {dag.py:2690} INFO - Sync 1 DAGs
[2023-03-14T14:03:04.674+0000] {logging_mixin.py:137} INFO - [2023-03-14T14:03:04.674+0000] {dag.py:3441} INFO - Setting next_dagrun for example_xcom to 2021-01-01T00:00:00+00:00, run_after=2021-01-01T00:00:00+00:00
[2023-03-14T14:03:04.889+0000] {processor.py:175} INFO - Processing /home/airflow/.local/lib/python3.7/site-packages/airflow/example_dags/example_xcom.py took 0.923 seconds
[2023-03-14T14:03:35.766+0000] {processor.py:153} INFO - Started process (PID=713) to work on /home/airflow/.local/lib/python3.7/site-packages/airflow/example_dags/example_xcom.py
[2023-03-14T14:03:35.768+0000] {processor.py:743} INFO - Processing file /home/airflow/.local/lib/python3.7/site-packages/airflow/example_dags/example_xcom.py for tasks to queue
[2023-03-14T14:03:35.769+0000] {logging_mixin.py:137} INFO - [2023-03-14T14:03:35.769+0000] {dagbag.py:538} INFO - Filling up the DagBag from /home/airflow/.local/lib/python3.7/site-packages/airflow/example_dags/example_xcom.py
[2023-03-14T14:03:35.805+0000] {processor.py:753} INFO - DAG(s) dict_keys(['example_xcom']) retrieved from /home/airflow/.local/lib/python3.7/site-packages/airflow/example_dags/example_xcom.py
[2023-03-14T14:03:35.849+0000] {logging_mixin.py:137} INFO - [2023-03-14T14:03:35.849+0000] {dag.py:2690} INFO - Sync 1 DAGs
[2023-03-14T14:03:35.895+0000] {logging_mixin.py:137} INFO - [2023-03-14T14:03:35.895+0000] {dag.py:3441} INFO - Setting next_dagrun for example_xcom to 2021-01-01T00:00:00+00:00, run_after=2021-01-01T00:00:00+00:00
[2023-03-14T14:03:35.933+0000] {processor.py:175} INFO - Processing /home/airflow/.local/lib/python3.7/site-packages/airflow/example_dags/example_xcom.py took 0.173 seconds
[2023-03-14T14:04:06.337+0000] {processor.py:153} INFO - Started process (PID=925) to work on /home/airflow/.local/lib/python3.7/site-packages/airflow/example_dags/example_xcom.py
[2023-03-14T14:04:06.385+0000] {processor.py:743} INFO - Processing file /home/airflow/.local/lib/python3.7/site-packages/airflow/example_dags/example_xcom.py for tasks to queue
[2023-03-14T14:04:06.387+0000] {logging_mixin.py:137} INFO - [2023-03-14T14:04:06.387+0000] {dagbag.py:538} INFO - Filling up the DagBag from /home/airflow/.local/lib/python3.7/site-packages/airflow/example_dags/example_xcom.py
[2023-03-14T14:04:06.483+0000] {processor.py:753} INFO - DAG(s) dict_keys(['example_xcom']) retrieved from /home/airflow/.local/lib/python3.7/site-packages/airflow/example_dags/example_xcom.py
[2023-03-14T14:04:06.541+0000] {logging_mixin.py:137} INFO - [2023-03-14T14:04:06.541+0000] {dag.py:2690} INFO - Sync 1 DAGs
[2023-03-14T14:04:06.609+0000] {logging_mixin.py:137} INFO - [2023-03-14T14:04:06.608+0000] {dag.py:3441} INFO - Setting next_dagrun for example_xcom to 2021-01-01T00:00:00+00:00, run_after=2021-01-01T00:00:00+00:00
[2023-03-14T14:04:06.680+0000] {processor.py:175} INFO - Processing /home/airflow/.local/lib/python3.7/site-packages/airflow/example_dags/example_xcom.py took 0.350 seconds
[2023-03-14T14:04:37.133+0000] {processor.py:153} INFO - Started process (PID=1139) to work on /home/airflow/.local/lib/python3.7/site-packages/airflow/example_dags/example_xcom.py
[2023-03-14T14:04:37.141+0000] {processor.py:743} INFO - Processing file /home/airflow/.local/lib/python3.7/site-packages/airflow/example_dags/example_xcom.py for tasks to queue
[2023-03-14T14:04:37.142+0000] {logging_mixin.py:137} INFO - [2023-03-14T14:04:37.142+0000] {dagbag.py:538} INFO - Filling up the DagBag from /home/airflow/.local/lib/python3.7/site-packages/airflow/example_dags/example_xcom.py
[2023-03-14T14:04:37.256+0000] {processor.py:753} INFO - DAG(s) dict_keys(['example_xcom']) retrieved from /home/airflow/.local/lib/python3.7/site-packages/airflow/example_dags/example_xcom.py
[2023-03-14T14:04:37.354+0000] {logging_mixin.py:137} INFO - [2023-03-14T14:04:37.354+0000] {dag.py:2690} INFO - Sync 1 DAGs
[2023-03-14T14:04:37.429+0000] {logging_mixin.py:137} INFO - [2023-03-14T14:04:37.428+0000] {dag.py:3441} INFO - Setting next_dagrun for example_xcom to 2021-01-01T00:00:00+00:00, run_after=2021-01-01T00:00:00+00:00
[2023-03-14T14:04:37.523+0000] {processor.py:175} INFO - Processing /home/airflow/.local/lib/python3.7/site-packages/airflow/example_dags/example_xcom.py took 0.407 seconds
[2023-03-14T14:05:08.547+0000] {processor.py:153} INFO - Started process (PID=1353) to work on /home/airflow/.local/lib/python3.7/site-packages/airflow/example_dags/example_xcom.py
[2023-03-14T14:05:08.560+0000] {processor.py:743} INFO - Processing file /home/airflow/.local/lib/python3.7/site-packages/airflow/example_dags/example_xcom.py for tasks to queue
[2023-03-14T14:05:08.569+0000] {logging_mixin.py:137} INFO - [2023-03-14T14:05:08.562+0000] {dagbag.py:538} INFO - Filling up the DagBag from /home/airflow/.local/lib/python3.7/site-packages/airflow/example_dags/example_xcom.py
[2023-03-14T14:05:08.650+0000] {processor.py:753} INFO - DAG(s) dict_keys(['example_xcom']) retrieved from /home/airflow/.local/lib/python3.7/site-packages/airflow/example_dags/example_xcom.py
[2023-03-14T14:05:08.727+0000] {logging_mixin.py:137} INFO - [2023-03-14T14:05:08.727+0000] {dag.py:2690} INFO - Sync 1 DAGs
[2023-03-14T14:05:08.915+0000] {logging_mixin.py:137} INFO - [2023-03-14T14:05:08.914+0000] {dag.py:3441} INFO - Setting next_dagrun for example_xcom to 2021-01-01T00:00:00+00:00, run_after=2021-01-01T00:00:00+00:00
[2023-03-14T14:05:08.985+0000] {processor.py:175} INFO - Processing /home/airflow/.local/lib/python3.7/site-packages/airflow/example_dags/example_xcom.py took 0.444 seconds
[2023-03-14T14:05:39.160+0000] {processor.py:153} INFO - Started process (PID=1568) to work on /home/airflow/.local/lib/python3.7/site-packages/airflow/example_dags/example_xcom.py
[2023-03-14T14:05:39.162+0000] {processor.py:743} INFO - Processing file /home/airflow/.local/lib/python3.7/site-packages/airflow/example_dags/example_xcom.py for tasks to queue
[2023-03-14T14:05:39.163+0000] {logging_mixin.py:137} INFO - [2023-03-14T14:05:39.163+0000] {dagbag.py:538} INFO - Filling up the DagBag from /home/airflow/.local/lib/python3.7/site-packages/airflow/example_dags/example_xcom.py
[2023-03-14T14:05:39.200+0000] {processor.py:753} INFO - DAG(s) dict_keys(['example_xcom']) retrieved from /home/airflow/.local/lib/python3.7/site-packages/airflow/example_dags/example_xcom.py
[2023-03-14T14:05:39.238+0000] {logging_mixin.py:137} INFO - [2023-03-14T14:05:39.238+0000] {dag.py:2690} INFO - Sync 1 DAGs
[2023-03-14T14:05:39.279+0000] {logging_mixin.py:137} INFO - [2023-03-14T14:05:39.278+0000] {dag.py:3441} INFO - Setting next_dagrun for example_xcom to 2021-01-01T00:00:00+00:00, run_after=2021-01-01T00:00:00+00:00
[2023-03-14T14:05:39.318+0000] {processor.py:175} INFO - Processing /home/airflow/.local/lib/python3.7/site-packages/airflow/example_dags/example_xcom.py took 0.164 seconds
[2023-03-14T14:06:10.455+0000] {processor.py:153} INFO - Started process (PID=1789) to work on /home/airflow/.local/lib/python3.7/site-packages/airflow/example_dags/example_xcom.py
[2023-03-14T14:06:10.476+0000] {processor.py:743} INFO - Processing file /home/airflow/.local/lib/python3.7/site-packages/airflow/example_dags/example_xcom.py for tasks to queue
[2023-03-14T14:06:10.477+0000] {logging_mixin.py:137} INFO - [2023-03-14T14:06:10.477+0000] {dagbag.py:538} INFO - Filling up the DagBag from /home/airflow/.local/lib/python3.7/site-packages/airflow/example_dags/example_xcom.py
[2023-03-14T14:06:10.608+0000] {processor.py:753} INFO - DAG(s) dict_keys(['example_xcom']) retrieved from /home/airflow/.local/lib/python3.7/site-packages/airflow/example_dags/example_xcom.py
[2023-03-14T14:06:10.652+0000] {logging_mixin.py:137} INFO - [2023-03-14T14:06:10.652+0000] {dag.py:2690} INFO - Sync 1 DAGs
[2023-03-14T14:06:10.708+0000] {logging_mixin.py:137} INFO - [2023-03-14T14:06:10.707+0000] {dag.py:3441} INFO - Setting next_dagrun for example_xcom to 2021-01-01T00:00:00+00:00, run_after=2021-01-01T00:00:00+00:00
[2023-03-14T14:06:10.790+0000] {processor.py:175} INFO - Processing /home/airflow/.local/lib/python3.7/site-packages/airflow/example_dags/example_xcom.py took 0.341 seconds
[2023-03-14T14:06:41.530+0000] {processor.py:153} INFO - Started process (PID=2009) to work on /home/airflow/.local/lib/python3.7/site-packages/airflow/example_dags/example_xcom.py
[2023-03-14T14:06:41.531+0000] {processor.py:743} INFO - Processing file /home/airflow/.local/lib/python3.7/site-packages/airflow/example_dags/example_xcom.py for tasks to queue
[2023-03-14T14:06:41.532+0000] {logging_mixin.py:137} INFO - [2023-03-14T14:06:41.532+0000] {dagbag.py:538} INFO - Filling up the DagBag from /home/airflow/.local/lib/python3.7/site-packages/airflow/example_dags/example_xcom.py
[2023-03-14T14:06:41.596+0000] {processor.py:753} INFO - DAG(s) dict_keys(['example_xcom']) retrieved from /home/airflow/.local/lib/python3.7/site-packages/airflow/example_dags/example_xcom.py
[2023-03-14T14:06:41.653+0000] {logging_mixin.py:137} INFO - [2023-03-14T14:06:41.653+0000] {dag.py:2690} INFO - Sync 1 DAGs
[2023-03-14T14:06:41.710+0000] {logging_mixin.py:137} INFO - [2023-03-14T14:06:41.709+0000] {dag.py:3441} INFO - Setting next_dagrun for example_xcom to 2021-01-01T00:00:00+00:00, run_after=2021-01-01T00:00:00+00:00
[2023-03-14T14:06:41.760+0000] {processor.py:175} INFO - Processing /home/airflow/.local/lib/python3.7/site-packages/airflow/example_dags/example_xcom.py took 0.239 seconds
[2023-03-14T14:07:12.792+0000] {processor.py:153} INFO - Started process (PID=2221) to work on /home/airflow/.local/lib/python3.7/site-packages/airflow/example_dags/example_xcom.py
[2023-03-14T14:07:12.802+0000] {processor.py:743} INFO - Processing file /home/airflow/.local/lib/python3.7/site-packages/airflow/example_dags/example_xcom.py for tasks to queue
[2023-03-14T14:07:12.804+0000] {logging_mixin.py:137} INFO - [2023-03-14T14:07:12.804+0000] {dagbag.py:538} INFO - Filling up the DagBag from /home/airflow/.local/lib/python3.7/site-packages/airflow/example_dags/example_xcom.py
[2023-03-14T14:07:12.879+0000] {processor.py:753} INFO - DAG(s) dict_keys(['example_xcom']) retrieved from /home/airflow/.local/lib/python3.7/site-packages/airflow/example_dags/example_xcom.py
[2023-03-14T14:07:12.956+0000] {logging_mixin.py:137} INFO - [2023-03-14T14:07:12.956+0000] {dag.py:2690} INFO - Sync 1 DAGs
[2023-03-14T14:07:13.025+0000] {logging_mixin.py:137} INFO - [2023-03-14T14:07:13.025+0000] {dag.py:3441} INFO - Setting next_dagrun for example_xcom to 2021-01-01T00:00:00+00:00, run_after=2021-01-01T00:00:00+00:00
[2023-03-14T14:07:13.076+0000] {processor.py:175} INFO - Processing /home/airflow/.local/lib/python3.7/site-packages/airflow/example_dags/example_xcom.py took 0.290 seconds
[2023-03-14T14:07:43.286+0000] {processor.py:153} INFO - Started process (PID=2438) to work on /home/airflow/.local/lib/python3.7/site-packages/airflow/example_dags/example_xcom.py
[2023-03-14T14:07:43.287+0000] {processor.py:743} INFO - Processing file /home/airflow/.local/lib/python3.7/site-packages/airflow/example_dags/example_xcom.py for tasks to queue
[2023-03-14T14:07:43.288+0000] {logging_mixin.py:137} INFO - [2023-03-14T14:07:43.288+0000] {dagbag.py:538} INFO - Filling up the DagBag from /home/airflow/.local/lib/python3.7/site-packages/airflow/example_dags/example_xcom.py
[2023-03-14T14:07:43.330+0000] {processor.py:753} INFO - DAG(s) dict_keys(['example_xcom']) retrieved from /home/airflow/.local/lib/python3.7/site-packages/airflow/example_dags/example_xcom.py
[2023-03-14T14:07:43.370+0000] {logging_mixin.py:137} INFO - [2023-03-14T14:07:43.370+0000] {dag.py:2690} INFO - Sync 1 DAGs
[2023-03-14T14:07:43.421+0000] {logging_mixin.py:137} INFO - [2023-03-14T14:07:43.421+0000] {dag.py:3441} INFO - Setting next_dagrun for example_xcom to 2021-01-01T00:00:00+00:00, run_after=2021-01-01T00:00:00+00:00
[2023-03-14T14:07:43.457+0000] {processor.py:175} INFO - Processing /home/airflow/.local/lib/python3.7/site-packages/airflow/example_dags/example_xcom.py took 0.177 seconds
[2023-03-14T14:08:14.180+0000] {processor.py:153} INFO - Started process (PID=2662) to work on /home/airflow/.local/lib/python3.7/site-packages/airflow/example_dags/example_xcom.py
[2023-03-14T14:08:14.185+0000] {processor.py:743} INFO - Processing file /home/airflow/.local/lib/python3.7/site-packages/airflow/example_dags/example_xcom.py for tasks to queue
[2023-03-14T14:08:14.186+0000] {logging_mixin.py:137} INFO - [2023-03-14T14:08:14.186+0000] {dagbag.py:538} INFO - Filling up the DagBag from /home/airflow/.local/lib/python3.7/site-packages/airflow/example_dags/example_xcom.py
[2023-03-14T14:08:14.261+0000] {processor.py:753} INFO - DAG(s) dict_keys(['example_xcom']) retrieved from /home/airflow/.local/lib/python3.7/site-packages/airflow/example_dags/example_xcom.py
[2023-03-14T14:08:14.300+0000] {logging_mixin.py:137} INFO - [2023-03-14T14:08:14.300+0000] {dag.py:2690} INFO - Sync 1 DAGs
[2023-03-14T14:08:14.357+0000] {logging_mixin.py:137} INFO - [2023-03-14T14:08:14.357+0000] {dag.py:3441} INFO - Setting next_dagrun for example_xcom to 2021-01-01T00:00:00+00:00, run_after=2021-01-01T00:00:00+00:00
[2023-03-14T14:08:14.401+0000] {processor.py:175} INFO - Processing /home/airflow/.local/lib/python3.7/site-packages/airflow/example_dags/example_xcom.py took 0.226 seconds
[2023-03-14T14:08:45.106+0000] {processor.py:153} INFO - Started process (PID=2879) to work on /home/airflow/.local/lib/python3.7/site-packages/airflow/example_dags/example_xcom.py
[2023-03-14T14:08:45.111+0000] {processor.py:743} INFO - Processing file /home/airflow/.local/lib/python3.7/site-packages/airflow/example_dags/example_xcom.py for tasks to queue
[2023-03-14T14:08:45.112+0000] {logging_mixin.py:137} INFO - [2023-03-14T14:08:45.112+0000] {dagbag.py:538} INFO - Filling up the DagBag from /home/airflow/.local/lib/python3.7/site-packages/airflow/example_dags/example_xcom.py
[2023-03-14T14:08:45.167+0000] {processor.py:753} INFO - DAG(s) dict_keys(['example_xcom']) retrieved from /home/airflow/.local/lib/python3.7/site-packages/airflow/example_dags/example_xcom.py
[2023-03-14T14:08:45.217+0000] {logging_mixin.py:137} INFO - [2023-03-14T14:08:45.217+0000] {dag.py:2690} INFO - Sync 1 DAGs
[2023-03-14T14:08:45.259+0000] {logging_mixin.py:137} INFO - [2023-03-14T14:08:45.258+0000] {dag.py:3441} INFO - Setting next_dagrun for example_xcom to 2021-01-01T00:00:00+00:00, run_after=2021-01-01T00:00:00+00:00
[2023-03-14T14:08:45.292+0000] {processor.py:175} INFO - Processing /home/airflow/.local/lib/python3.7/site-packages/airflow/example_dags/example_xcom.py took 0.195 seconds
[2023-03-14T14:09:16.456+0000] {processor.py:153} INFO - Started process (PID=3116) to work on /home/airflow/.local/lib/python3.7/site-packages/airflow/example_dags/example_xcom.py
[2023-03-14T14:09:16.470+0000] {processor.py:743} INFO - Processing file /home/airflow/.local/lib/python3.7/site-packages/airflow/example_dags/example_xcom.py for tasks to queue
[2023-03-14T14:09:16.475+0000] {logging_mixin.py:137} INFO - [2023-03-14T14:09:16.475+0000] {dagbag.py:538} INFO - Filling up the DagBag from /home/airflow/.local/lib/python3.7/site-packages/airflow/example_dags/example_xcom.py
[2023-03-14T14:09:16.670+0000] {processor.py:753} INFO - DAG(s) dict_keys(['example_xcom']) retrieved from /home/airflow/.local/lib/python3.7/site-packages/airflow/example_dags/example_xcom.py
[2023-03-14T14:09:16.889+0000] {logging_mixin.py:137} INFO - [2023-03-14T14:09:16.889+0000] {dag.py:2690} INFO - Sync 1 DAGs
[2023-03-14T14:09:17.112+0000] {logging_mixin.py:137} INFO - [2023-03-14T14:09:17.111+0000] {dag.py:3441} INFO - Setting next_dagrun for example_xcom to 2021-01-01T00:00:00+00:00, run_after=2021-01-01T00:00:00+00:00
[2023-03-14T14:09:17.343+0000] {processor.py:175} INFO - Processing /home/airflow/.local/lib/python3.7/site-packages/airflow/example_dags/example_xcom.py took 0.892 seconds
[2023-03-14T14:09:47.701+0000] {processor.py:153} INFO - Started process (PID=3344) to work on /home/airflow/.local/lib/python3.7/site-packages/airflow/example_dags/example_xcom.py
[2023-03-14T14:09:47.708+0000] {processor.py:743} INFO - Processing file /home/airflow/.local/lib/python3.7/site-packages/airflow/example_dags/example_xcom.py for tasks to queue
[2023-03-14T14:09:47.710+0000] {logging_mixin.py:137} INFO - [2023-03-14T14:09:47.709+0000] {dagbag.py:538} INFO - Filling up the DagBag from /home/airflow/.local/lib/python3.7/site-packages/airflow/example_dags/example_xcom.py
[2023-03-14T14:09:47.767+0000] {processor.py:753} INFO - DAG(s) dict_keys(['example_xcom']) retrieved from /home/airflow/.local/lib/python3.7/site-packages/airflow/example_dags/example_xcom.py
[2023-03-14T14:09:47.830+0000] {logging_mixin.py:137} INFO - [2023-03-14T14:09:47.830+0000] {dag.py:2690} INFO - Sync 1 DAGs
[2023-03-14T14:09:47.870+0000] {logging_mixin.py:137} INFO - [2023-03-14T14:09:47.870+0000] {dag.py:3441} INFO - Setting next_dagrun for example_xcom to 2021-01-01T00:00:00+00:00, run_after=2021-01-01T00:00:00+00:00
[2023-03-14T14:09:47.905+0000] {processor.py:175} INFO - Processing /home/airflow/.local/lib/python3.7/site-packages/airflow/example_dags/example_xcom.py took 0.210 seconds
[2023-03-14T14:10:18.073+0000] {processor.py:153} INFO - Started process (PID=3557) to work on /home/airflow/.local/lib/python3.7/site-packages/airflow/example_dags/example_xcom.py
[2023-03-14T14:10:18.074+0000] {processor.py:743} INFO - Processing file /home/airflow/.local/lib/python3.7/site-packages/airflow/example_dags/example_xcom.py for tasks to queue
[2023-03-14T14:10:18.075+0000] {logging_mixin.py:137} INFO - [2023-03-14T14:10:18.074+0000] {dagbag.py:538} INFO - Filling up the DagBag from /home/airflow/.local/lib/python3.7/site-packages/airflow/example_dags/example_xcom.py
[2023-03-14T14:10:18.111+0000] {processor.py:753} INFO - DAG(s) dict_keys(['example_xcom']) retrieved from /home/airflow/.local/lib/python3.7/site-packages/airflow/example_dags/example_xcom.py
[2023-03-14T14:10:18.158+0000] {logging_mixin.py:137} INFO - [2023-03-14T14:10:18.157+0000] {dag.py:2690} INFO - Sync 1 DAGs
[2023-03-14T14:10:18.200+0000] {logging_mixin.py:137} INFO - [2023-03-14T14:10:18.199+0000] {dag.py:3441} INFO - Setting next_dagrun for example_xcom to 2021-01-01T00:00:00+00:00, run_after=2021-01-01T00:00:00+00:00
[2023-03-14T14:10:18.241+0000] {processor.py:175} INFO - Processing /home/airflow/.local/lib/python3.7/site-packages/airflow/example_dags/example_xcom.py took 0.174 seconds
[2023-03-14T14:10:48.676+0000] {processor.py:153} INFO - Started process (PID=3777) to work on /home/airflow/.local/lib/python3.7/site-packages/airflow/example_dags/example_xcom.py
[2023-03-14T14:10:48.682+0000] {processor.py:743} INFO - Processing file /home/airflow/.local/lib/python3.7/site-packages/airflow/example_dags/example_xcom.py for tasks to queue
[2023-03-14T14:10:48.683+0000] {logging_mixin.py:137} INFO - [2023-03-14T14:10:48.683+0000] {dagbag.py:538} INFO - Filling up the DagBag from /home/airflow/.local/lib/python3.7/site-packages/airflow/example_dags/example_xcom.py
[2023-03-14T14:10:48.710+0000] {processor.py:753} INFO - DAG(s) dict_keys(['example_xcom']) retrieved from /home/airflow/.local/lib/python3.7/site-packages/airflow/example_dags/example_xcom.py
[2023-03-14T14:10:48.736+0000] {logging_mixin.py:137} INFO - [2023-03-14T14:10:48.735+0000] {dag.py:2690} INFO - Sync 1 DAGs
[2023-03-14T14:10:48.764+0000] {logging_mixin.py:137} INFO - [2023-03-14T14:10:48.764+0000] {dag.py:3441} INFO - Setting next_dagrun for example_xcom to 2021-01-01T00:00:00+00:00, run_after=2021-01-01T00:00:00+00:00
[2023-03-14T14:10:48.789+0000] {processor.py:175} INFO - Processing /home/airflow/.local/lib/python3.7/site-packages/airflow/example_dags/example_xcom.py took 0.123 seconds
[2023-03-14T14:11:19.290+0000] {processor.py:153} INFO - Started process (PID=3989) to work on /home/airflow/.local/lib/python3.7/site-packages/airflow/example_dags/example_xcom.py
[2023-03-14T14:11:19.293+0000] {processor.py:743} INFO - Processing file /home/airflow/.local/lib/python3.7/site-packages/airflow/example_dags/example_xcom.py for tasks to queue
[2023-03-14T14:11:19.294+0000] {logging_mixin.py:137} INFO - [2023-03-14T14:11:19.294+0000] {dagbag.py:538} INFO - Filling up the DagBag from /home/airflow/.local/lib/python3.7/site-packages/airflow/example_dags/example_xcom.py
[2023-03-14T14:11:19.333+0000] {processor.py:753} INFO - DAG(s) dict_keys(['example_xcom']) retrieved from /home/airflow/.local/lib/python3.7/site-packages/airflow/example_dags/example_xcom.py
[2023-03-14T14:11:19.375+0000] {logging_mixin.py:137} INFO - [2023-03-14T14:11:19.375+0000] {dag.py:2690} INFO - Sync 1 DAGs
[2023-03-14T14:11:19.446+0000] {logging_mixin.py:137} INFO - [2023-03-14T14:11:19.446+0000] {dag.py:3441} INFO - Setting next_dagrun for example_xcom to 2021-01-01T00:00:00+00:00, run_after=2021-01-01T00:00:00+00:00
[2023-03-14T14:11:19.482+0000] {processor.py:175} INFO - Processing /home/airflow/.local/lib/python3.7/site-packages/airflow/example_dags/example_xcom.py took 0.199 seconds
[2023-03-14T14:11:49.776+0000] {processor.py:153} INFO - Started process (PID=4206) to work on /home/airflow/.local/lib/python3.7/site-packages/airflow/example_dags/example_xcom.py
[2023-03-14T14:11:49.778+0000] {processor.py:743} INFO - Processing file /home/airflow/.local/lib/python3.7/site-packages/airflow/example_dags/example_xcom.py for tasks to queue
[2023-03-14T14:11:49.791+0000] {logging_mixin.py:137} INFO - [2023-03-14T14:11:49.790+0000] {dagbag.py:538} INFO - Filling up the DagBag from /home/airflow/.local/lib/python3.7/site-packages/airflow/example_dags/example_xcom.py
[2023-03-14T14:11:49.836+0000] {processor.py:753} INFO - DAG(s) dict_keys(['example_xcom']) retrieved from /home/airflow/.local/lib/python3.7/site-packages/airflow/example_dags/example_xcom.py
[2023-03-14T14:11:49.873+0000] {logging_mixin.py:137} INFO - [2023-03-14T14:11:49.872+0000] {dag.py:2690} INFO - Sync 1 DAGs
[2023-03-14T14:11:49.901+0000] {logging_mixin.py:137} INFO - [2023-03-14T14:11:49.900+0000] {dag.py:3441} INFO - Setting next_dagrun for example_xcom to 2021-01-01T00:00:00+00:00, run_after=2021-01-01T00:00:00+00:00
[2023-03-14T14:11:49.930+0000] {processor.py:175} INFO - Processing /home/airflow/.local/lib/python3.7/site-packages/airflow/example_dags/example_xcom.py took 0.159 seconds
[2023-03-14T14:12:20.619+0000] {processor.py:153} INFO - Started process (PID=4421) to work on /home/airflow/.local/lib/python3.7/site-packages/airflow/example_dags/example_xcom.py
[2023-03-14T14:12:20.620+0000] {processor.py:743} INFO - Processing file /home/airflow/.local/lib/python3.7/site-packages/airflow/example_dags/example_xcom.py for tasks to queue
[2023-03-14T14:12:20.621+0000] {logging_mixin.py:137} INFO - [2023-03-14T14:12:20.621+0000] {dagbag.py:538} INFO - Filling up the DagBag from /home/airflow/.local/lib/python3.7/site-packages/airflow/example_dags/example_xcom.py
[2023-03-14T14:12:20.646+0000] {processor.py:753} INFO - DAG(s) dict_keys(['example_xcom']) retrieved from /home/airflow/.local/lib/python3.7/site-packages/airflow/example_dags/example_xcom.py
[2023-03-14T14:12:20.683+0000] {logging_mixin.py:137} INFO - [2023-03-14T14:12:20.683+0000] {dag.py:2690} INFO - Sync 1 DAGs
[2023-03-14T14:12:20.708+0000] {logging_mixin.py:137} INFO - [2023-03-14T14:12:20.708+0000] {dag.py:3441} INFO - Setting next_dagrun for example_xcom to 2021-01-01T00:00:00+00:00, run_after=2021-01-01T00:00:00+00:00
[2023-03-14T14:12:20.733+0000] {processor.py:175} INFO - Processing /home/airflow/.local/lib/python3.7/site-packages/airflow/example_dags/example_xcom.py took 0.118 seconds
[2023-03-14T14:12:50.860+0000] {processor.py:153} INFO - Started process (PID=4634) to work on /home/airflow/.local/lib/python3.7/site-packages/airflow/example_dags/example_xcom.py
[2023-03-14T14:12:50.861+0000] {processor.py:743} INFO - Processing file /home/airflow/.local/lib/python3.7/site-packages/airflow/example_dags/example_xcom.py for tasks to queue
[2023-03-14T14:12:50.862+0000] {logging_mixin.py:137} INFO - [2023-03-14T14:12:50.862+0000] {dagbag.py:538} INFO - Filling up the DagBag from /home/airflow/.local/lib/python3.7/site-packages/airflow/example_dags/example_xcom.py
[2023-03-14T14:12:50.897+0000] {processor.py:753} INFO - DAG(s) dict_keys(['example_xcom']) retrieved from /home/airflow/.local/lib/python3.7/site-packages/airflow/example_dags/example_xcom.py
[2023-03-14T14:12:50.923+0000] {logging_mixin.py:137} INFO - [2023-03-14T14:12:50.923+0000] {dag.py:2690} INFO - Sync 1 DAGs
[2023-03-14T14:12:50.948+0000] {logging_mixin.py:137} INFO - [2023-03-14T14:12:50.948+0000] {dag.py:3441} INFO - Setting next_dagrun for example_xcom to 2021-01-01T00:00:00+00:00, run_after=2021-01-01T00:00:00+00:00
[2023-03-14T14:12:50.975+0000] {processor.py:175} INFO - Processing /home/airflow/.local/lib/python3.7/site-packages/airflow/example_dags/example_xcom.py took 0.119 seconds
[2023-03-14T14:13:21.735+0000] {processor.py:153} INFO - Started process (PID=4851) to work on /home/airflow/.local/lib/python3.7/site-packages/airflow/example_dags/example_xcom.py
[2023-03-14T14:13:21.736+0000] {processor.py:743} INFO - Processing file /home/airflow/.local/lib/python3.7/site-packages/airflow/example_dags/example_xcom.py for tasks to queue
[2023-03-14T14:13:21.737+0000] {logging_mixin.py:137} INFO - [2023-03-14T14:13:21.737+0000] {dagbag.py:538} INFO - Filling up the DagBag from /home/airflow/.local/lib/python3.7/site-packages/airflow/example_dags/example_xcom.py
[2023-03-14T14:13:21.768+0000] {processor.py:753} INFO - DAG(s) dict_keys(['example_xcom']) retrieved from /home/airflow/.local/lib/python3.7/site-packages/airflow/example_dags/example_xcom.py
[2023-03-14T14:13:21.798+0000] {logging_mixin.py:137} INFO - [2023-03-14T14:13:21.797+0000] {dag.py:2690} INFO - Sync 1 DAGs
[2023-03-14T14:13:21.823+0000] {logging_mixin.py:137} INFO - [2023-03-14T14:13:21.823+0000] {dag.py:3441} INFO - Setting next_dagrun for example_xcom to 2021-01-01T00:00:00+00:00, run_after=2021-01-01T00:00:00+00:00
[2023-03-14T14:13:21.848+0000] {processor.py:175} INFO - Processing /home/airflow/.local/lib/python3.7/site-packages/airflow/example_dags/example_xcom.py took 0.117 seconds
[2023-03-14T14:13:52.200+0000] {processor.py:153} INFO - Started process (PID=5063) to work on /home/airflow/.local/lib/python3.7/site-packages/airflow/example_dags/example_xcom.py
[2023-03-14T14:13:52.202+0000] {processor.py:743} INFO - Processing file /home/airflow/.local/lib/python3.7/site-packages/airflow/example_dags/example_xcom.py for tasks to queue
[2023-03-14T14:13:52.203+0000] {logging_mixin.py:137} INFO - [2023-03-14T14:13:52.202+0000] {dagbag.py:538} INFO - Filling up the DagBag from /home/airflow/.local/lib/python3.7/site-packages/airflow/example_dags/example_xcom.py
[2023-03-14T14:13:52.330+0000] {processor.py:753} INFO - DAG(s) dict_keys(['example_xcom']) retrieved from /home/airflow/.local/lib/python3.7/site-packages/airflow/example_dags/example_xcom.py
[2023-03-14T14:13:52.382+0000] {logging_mixin.py:137} INFO - [2023-03-14T14:13:52.382+0000] {dag.py:2690} INFO - Sync 1 DAGs
[2023-03-14T14:13:52.422+0000] {logging_mixin.py:137} INFO - [2023-03-14T14:13:52.422+0000] {dag.py:3441} INFO - Setting next_dagrun for example_xcom to 2021-01-01T00:00:00+00:00, run_after=2021-01-01T00:00:00+00:00
[2023-03-14T14:13:52.452+0000] {processor.py:175} INFO - Processing /home/airflow/.local/lib/python3.7/site-packages/airflow/example_dags/example_xcom.py took 0.258 seconds
[2023-03-14T14:14:22.489+0000] {processor.py:153} INFO - Started process (PID=5281) to work on /home/airflow/.local/lib/python3.7/site-packages/airflow/example_dags/example_xcom.py
[2023-03-14T14:14:22.490+0000] {processor.py:743} INFO - Processing file /home/airflow/.local/lib/python3.7/site-packages/airflow/example_dags/example_xcom.py for tasks to queue
[2023-03-14T14:14:22.491+0000] {logging_mixin.py:137} INFO - [2023-03-14T14:14:22.491+0000] {dagbag.py:538} INFO - Filling up the DagBag from /home/airflow/.local/lib/python3.7/site-packages/airflow/example_dags/example_xcom.py
[2023-03-14T14:14:22.523+0000] {processor.py:753} INFO - DAG(s) dict_keys(['example_xcom']) retrieved from /home/airflow/.local/lib/python3.7/site-packages/airflow/example_dags/example_xcom.py
[2023-03-14T14:14:22.551+0000] {logging_mixin.py:137} INFO - [2023-03-14T14:14:22.551+0000] {dag.py:2690} INFO - Sync 1 DAGs
[2023-03-14T14:14:22.575+0000] {logging_mixin.py:137} INFO - [2023-03-14T14:14:22.575+0000] {dag.py:3441} INFO - Setting next_dagrun for example_xcom to 2021-01-01T00:00:00+00:00, run_after=2021-01-01T00:00:00+00:00
[2023-03-14T14:14:22.598+0000] {processor.py:175} INFO - Processing /home/airflow/.local/lib/python3.7/site-packages/airflow/example_dags/example_xcom.py took 0.113 seconds
[2023-03-14T14:14:53.628+0000] {processor.py:153} INFO - Started process (PID=5501) to work on /home/airflow/.local/lib/python3.7/site-packages/airflow/example_dags/example_xcom.py
[2023-03-14T14:14:53.647+0000] {processor.py:743} INFO - Processing file /home/airflow/.local/lib/python3.7/site-packages/airflow/example_dags/example_xcom.py for tasks to queue
[2023-03-14T14:14:53.651+0000] {logging_mixin.py:137} INFO - [2023-03-14T14:14:53.651+0000] {dagbag.py:538} INFO - Filling up the DagBag from /home/airflow/.local/lib/python3.7/site-packages/airflow/example_dags/example_xcom.py
[2023-03-14T14:14:53.786+0000] {processor.py:753} INFO - DAG(s) dict_keys(['example_xcom']) retrieved from /home/airflow/.local/lib/python3.7/site-packages/airflow/example_dags/example_xcom.py
[2023-03-14T14:14:53.912+0000] {logging_mixin.py:137} INFO - [2023-03-14T14:14:53.911+0000] {dag.py:2690} INFO - Sync 1 DAGs
[2023-03-14T14:14:54.046+0000] {logging_mixin.py:137} INFO - [2023-03-14T14:14:54.046+0000] {dag.py:3441} INFO - Setting next_dagrun for example_xcom to 2021-01-01T00:00:00+00:00, run_after=2021-01-01T00:00:00+00:00
[2023-03-14T14:14:54.182+0000] {processor.py:175} INFO - Processing /home/airflow/.local/lib/python3.7/site-packages/airflow/example_dags/example_xcom.py took 0.573 seconds
[2023-03-14T14:15:24.952+0000] {processor.py:153} INFO - Started process (PID=5719) to work on /home/airflow/.local/lib/python3.7/site-packages/airflow/example_dags/example_xcom.py
[2023-03-14T14:15:24.954+0000] {processor.py:743} INFO - Processing file /home/airflow/.local/lib/python3.7/site-packages/airflow/example_dags/example_xcom.py for tasks to queue
[2023-03-14T14:15:24.955+0000] {logging_mixin.py:137} INFO - [2023-03-14T14:15:24.955+0000] {dagbag.py:538} INFO - Filling up the DagBag from /home/airflow/.local/lib/python3.7/site-packages/airflow/example_dags/example_xcom.py
[2023-03-14T14:15:24.992+0000] {processor.py:753} INFO - DAG(s) dict_keys(['example_xcom']) retrieved from /home/airflow/.local/lib/python3.7/site-packages/airflow/example_dags/example_xcom.py
[2023-03-14T14:15:25.073+0000] {logging_mixin.py:137} INFO - [2023-03-14T14:15:25.072+0000] {dag.py:2690} INFO - Sync 1 DAGs
[2023-03-14T14:15:25.124+0000] {logging_mixin.py:137} INFO - [2023-03-14T14:15:25.124+0000] {dag.py:3441} INFO - Setting next_dagrun for example_xcom to 2021-01-01T00:00:00+00:00, run_after=2021-01-01T00:00:00+00:00
[2023-03-14T14:15:25.158+0000] {processor.py:175} INFO - Processing /home/airflow/.local/lib/python3.7/site-packages/airflow/example_dags/example_xcom.py took 0.211 seconds
