[2023-03-14T14:02:37.061+0000] {processor.py:153} INFO - Started process (PID=358) to work on /home/airflow/.local/lib/python3.7/site-packages/airflow/example_dags/example_trigger_target_dag.py
[2023-03-14T14:02:37.069+0000] {processor.py:743} INFO - Processing file /home/airflow/.local/lib/python3.7/site-packages/airflow/example_dags/example_trigger_target_dag.py for tasks to queue
[2023-03-14T14:02:37.070+0000] {logging_mixin.py:137} INFO - [2023-03-14T14:02:37.070+0000] {dagbag.py:538} INFO - Filling up the DagBag from /home/airflow/.local/lib/python3.7/site-packages/airflow/example_dags/example_trigger_target_dag.py
[2023-03-14T14:02:37.134+0000] {processor.py:753} INFO - DAG(s) dict_keys(['example_trigger_target_dag']) retrieved from /home/airflow/.local/lib/python3.7/site-packages/airflow/example_dags/example_trigger_target_dag.py
[2023-03-14T14:02:37.205+0000] {logging_mixin.py:137} INFO - [2023-03-14T14:02:37.205+0000] {dag.py:2690} INFO - Sync 1 DAGs
[2023-03-14T14:02:37.297+0000] {logging_mixin.py:137} INFO - [2023-03-14T14:02:37.297+0000] {dag.py:3441} INFO - Setting next_dagrun for example_trigger_target_dag to None, run_after=None
[2023-03-14T14:02:37.344+0000] {processor.py:175} INFO - Processing /home/airflow/.local/lib/python3.7/site-packages/airflow/example_dags/example_trigger_target_dag.py took 0.289 seconds
[2023-03-14T14:03:09.093+0000] {processor.py:153} INFO - Started process (PID=571) to work on /home/airflow/.local/lib/python3.7/site-packages/airflow/example_dags/example_trigger_target_dag.py
[2023-03-14T14:03:09.100+0000] {processor.py:743} INFO - Processing file /home/airflow/.local/lib/python3.7/site-packages/airflow/example_dags/example_trigger_target_dag.py for tasks to queue
[2023-03-14T14:03:09.101+0000] {logging_mixin.py:137} INFO - [2023-03-14T14:03:09.101+0000] {dagbag.py:538} INFO - Filling up the DagBag from /home/airflow/.local/lib/python3.7/site-packages/airflow/example_dags/example_trigger_target_dag.py
[2023-03-14T14:03:09.138+0000] {processor.py:753} INFO - DAG(s) dict_keys(['example_trigger_target_dag']) retrieved from /home/airflow/.local/lib/python3.7/site-packages/airflow/example_dags/example_trigger_target_dag.py
[2023-03-14T14:03:09.175+0000] {logging_mixin.py:137} INFO - [2023-03-14T14:03:09.175+0000] {dag.py:2690} INFO - Sync 1 DAGs
[2023-03-14T14:03:09.216+0000] {logging_mixin.py:137} INFO - [2023-03-14T14:03:09.216+0000] {dag.py:3441} INFO - Setting next_dagrun for example_trigger_target_dag to None, run_after=None
[2023-03-14T14:03:09.279+0000] {processor.py:175} INFO - Processing /home/airflow/.local/lib/python3.7/site-packages/airflow/example_dags/example_trigger_target_dag.py took 0.193 seconds
[2023-03-14T14:03:40.201+0000] {processor.py:153} INFO - Started process (PID=786) to work on /home/airflow/.local/lib/python3.7/site-packages/airflow/example_dags/example_trigger_target_dag.py
[2023-03-14T14:03:40.202+0000] {processor.py:743} INFO - Processing file /home/airflow/.local/lib/python3.7/site-packages/airflow/example_dags/example_trigger_target_dag.py for tasks to queue
[2023-03-14T14:03:40.203+0000] {logging_mixin.py:137} INFO - [2023-03-14T14:03:40.203+0000] {dagbag.py:538} INFO - Filling up the DagBag from /home/airflow/.local/lib/python3.7/site-packages/airflow/example_dags/example_trigger_target_dag.py
[2023-03-14T14:03:40.238+0000] {processor.py:753} INFO - DAG(s) dict_keys(['example_trigger_target_dag']) retrieved from /home/airflow/.local/lib/python3.7/site-packages/airflow/example_dags/example_trigger_target_dag.py
[2023-03-14T14:03:40.275+0000] {logging_mixin.py:137} INFO - [2023-03-14T14:03:40.275+0000] {dag.py:2690} INFO - Sync 1 DAGs
[2023-03-14T14:03:40.316+0000] {logging_mixin.py:137} INFO - [2023-03-14T14:03:40.316+0000] {dag.py:3441} INFO - Setting next_dagrun for example_trigger_target_dag to None, run_after=None
[2023-03-14T14:03:40.372+0000] {processor.py:175} INFO - Processing /home/airflow/.local/lib/python3.7/site-packages/airflow/example_dags/example_trigger_target_dag.py took 0.175 seconds
[2023-03-14T14:04:11.456+0000] {processor.py:153} INFO - Started process (PID=1000) to work on /home/airflow/.local/lib/python3.7/site-packages/airflow/example_dags/example_trigger_target_dag.py
[2023-03-14T14:04:11.463+0000] {processor.py:743} INFO - Processing file /home/airflow/.local/lib/python3.7/site-packages/airflow/example_dags/example_trigger_target_dag.py for tasks to queue
[2023-03-14T14:04:11.464+0000] {logging_mixin.py:137} INFO - [2023-03-14T14:04:11.463+0000] {dagbag.py:538} INFO - Filling up the DagBag from /home/airflow/.local/lib/python3.7/site-packages/airflow/example_dags/example_trigger_target_dag.py
[2023-03-14T14:04:11.516+0000] {processor.py:753} INFO - DAG(s) dict_keys(['example_trigger_target_dag']) retrieved from /home/airflow/.local/lib/python3.7/site-packages/airflow/example_dags/example_trigger_target_dag.py
[2023-03-14T14:04:11.556+0000] {logging_mixin.py:137} INFO - [2023-03-14T14:04:11.556+0000] {dag.py:2690} INFO - Sync 1 DAGs
[2023-03-14T14:04:11.646+0000] {logging_mixin.py:137} INFO - [2023-03-14T14:04:11.646+0000] {dag.py:3441} INFO - Setting next_dagrun for example_trigger_target_dag to None, run_after=None
[2023-03-14T14:04:11.695+0000] {processor.py:175} INFO - Processing /home/airflow/.local/lib/python3.7/site-packages/airflow/example_dags/example_trigger_target_dag.py took 0.246 seconds
[2023-03-14T14:04:42.154+0000] {processor.py:153} INFO - Started process (PID=1216) to work on /home/airflow/.local/lib/python3.7/site-packages/airflow/example_dags/example_trigger_target_dag.py
[2023-03-14T14:04:42.156+0000] {processor.py:743} INFO - Processing file /home/airflow/.local/lib/python3.7/site-packages/airflow/example_dags/example_trigger_target_dag.py for tasks to queue
[2023-03-14T14:04:42.157+0000] {logging_mixin.py:137} INFO - [2023-03-14T14:04:42.156+0000] {dagbag.py:538} INFO - Filling up the DagBag from /home/airflow/.local/lib/python3.7/site-packages/airflow/example_dags/example_trigger_target_dag.py
[2023-03-14T14:04:42.191+0000] {processor.py:753} INFO - DAG(s) dict_keys(['example_trigger_target_dag']) retrieved from /home/airflow/.local/lib/python3.7/site-packages/airflow/example_dags/example_trigger_target_dag.py
[2023-03-14T14:04:42.247+0000] {logging_mixin.py:137} INFO - [2023-03-14T14:04:42.247+0000] {dag.py:2690} INFO - Sync 1 DAGs
[2023-03-14T14:04:42.331+0000] {logging_mixin.py:137} INFO - [2023-03-14T14:04:42.331+0000] {dag.py:3441} INFO - Setting next_dagrun for example_trigger_target_dag to None, run_after=None
[2023-03-14T14:04:42.365+0000] {processor.py:175} INFO - Processing /home/airflow/.local/lib/python3.7/site-packages/airflow/example_dags/example_trigger_target_dag.py took 0.217 seconds
[2023-03-14T14:05:13.078+0000] {processor.py:153} INFO - Started process (PID=1430) to work on /home/airflow/.local/lib/python3.7/site-packages/airflow/example_dags/example_trigger_target_dag.py
[2023-03-14T14:05:13.085+0000] {processor.py:743} INFO - Processing file /home/airflow/.local/lib/python3.7/site-packages/airflow/example_dags/example_trigger_target_dag.py for tasks to queue
[2023-03-14T14:05:13.086+0000] {logging_mixin.py:137} INFO - [2023-03-14T14:05:13.086+0000] {dagbag.py:538} INFO - Filling up the DagBag from /home/airflow/.local/lib/python3.7/site-packages/airflow/example_dags/example_trigger_target_dag.py
[2023-03-14T14:05:13.111+0000] {processor.py:753} INFO - DAG(s) dict_keys(['example_trigger_target_dag']) retrieved from /home/airflow/.local/lib/python3.7/site-packages/airflow/example_dags/example_trigger_target_dag.py
[2023-03-14T14:05:13.138+0000] {logging_mixin.py:137} INFO - [2023-03-14T14:05:13.138+0000] {dag.py:2690} INFO - Sync 1 DAGs
[2023-03-14T14:05:13.170+0000] {logging_mixin.py:137} INFO - [2023-03-14T14:05:13.170+0000] {dag.py:3441} INFO - Setting next_dagrun for example_trigger_target_dag to None, run_after=None
[2023-03-14T14:05:13.197+0000] {processor.py:175} INFO - Processing /home/airflow/.local/lib/python3.7/site-packages/airflow/example_dags/example_trigger_target_dag.py took 0.126 seconds
[2023-03-14T14:05:43.341+0000] {processor.py:153} INFO - Started process (PID=1653) to work on /home/airflow/.local/lib/python3.7/site-packages/airflow/example_dags/example_trigger_target_dag.py
[2023-03-14T14:05:43.349+0000] {processor.py:743} INFO - Processing file /home/airflow/.local/lib/python3.7/site-packages/airflow/example_dags/example_trigger_target_dag.py for tasks to queue
[2023-03-14T14:05:43.351+0000] {logging_mixin.py:137} INFO - [2023-03-14T14:05:43.350+0000] {dagbag.py:538} INFO - Filling up the DagBag from /home/airflow/.local/lib/python3.7/site-packages/airflow/example_dags/example_trigger_target_dag.py
[2023-03-14T14:05:43.415+0000] {processor.py:753} INFO - DAG(s) dict_keys(['example_trigger_target_dag']) retrieved from /home/airflow/.local/lib/python3.7/site-packages/airflow/example_dags/example_trigger_target_dag.py
[2023-03-14T14:05:43.478+0000] {logging_mixin.py:137} INFO - [2023-03-14T14:05:43.478+0000] {dag.py:2690} INFO - Sync 1 DAGs
[2023-03-14T14:05:43.519+0000] {logging_mixin.py:137} INFO - [2023-03-14T14:05:43.518+0000] {dag.py:3441} INFO - Setting next_dagrun for example_trigger_target_dag to None, run_after=None
[2023-03-14T14:05:43.549+0000] {processor.py:175} INFO - Processing /home/airflow/.local/lib/python3.7/site-packages/airflow/example_dags/example_trigger_target_dag.py took 0.219 seconds
[2023-03-14T14:06:14.394+0000] {processor.py:153} INFO - Started process (PID=1870) to work on /home/airflow/.local/lib/python3.7/site-packages/airflow/example_dags/example_trigger_target_dag.py
[2023-03-14T14:06:14.395+0000] {processor.py:743} INFO - Processing file /home/airflow/.local/lib/python3.7/site-packages/airflow/example_dags/example_trigger_target_dag.py for tasks to queue
[2023-03-14T14:06:14.396+0000] {logging_mixin.py:137} INFO - [2023-03-14T14:06:14.395+0000] {dagbag.py:538} INFO - Filling up the DagBag from /home/airflow/.local/lib/python3.7/site-packages/airflow/example_dags/example_trigger_target_dag.py
[2023-03-14T14:06:14.424+0000] {processor.py:753} INFO - DAG(s) dict_keys(['example_trigger_target_dag']) retrieved from /home/airflow/.local/lib/python3.7/site-packages/airflow/example_dags/example_trigger_target_dag.py
[2023-03-14T14:06:14.463+0000] {logging_mixin.py:137} INFO - [2023-03-14T14:06:14.463+0000] {dag.py:2690} INFO - Sync 1 DAGs
[2023-03-14T14:06:14.495+0000] {logging_mixin.py:137} INFO - [2023-03-14T14:06:14.495+0000] {dag.py:3441} INFO - Setting next_dagrun for example_trigger_target_dag to None, run_after=None
[2023-03-14T14:06:14.526+0000] {processor.py:175} INFO - Processing /home/airflow/.local/lib/python3.7/site-packages/airflow/example_dags/example_trigger_target_dag.py took 0.137 seconds
[2023-03-14T14:06:44.917+0000] {processor.py:153} INFO - Started process (PID=2084) to work on /home/airflow/.local/lib/python3.7/site-packages/airflow/example_dags/example_trigger_target_dag.py
[2023-03-14T14:06:44.919+0000] {processor.py:743} INFO - Processing file /home/airflow/.local/lib/python3.7/site-packages/airflow/example_dags/example_trigger_target_dag.py for tasks to queue
[2023-03-14T14:06:44.920+0000] {logging_mixin.py:137} INFO - [2023-03-14T14:06:44.919+0000] {dagbag.py:538} INFO - Filling up the DagBag from /home/airflow/.local/lib/python3.7/site-packages/airflow/example_dags/example_trigger_target_dag.py
[2023-03-14T14:06:44.988+0000] {processor.py:753} INFO - DAG(s) dict_keys(['example_trigger_target_dag']) retrieved from /home/airflow/.local/lib/python3.7/site-packages/airflow/example_dags/example_trigger_target_dag.py
[2023-03-14T14:06:45.067+0000] {logging_mixin.py:137} INFO - [2023-03-14T14:06:45.067+0000] {dag.py:2690} INFO - Sync 1 DAGs
[2023-03-14T14:06:45.179+0000] {logging_mixin.py:137} INFO - [2023-03-14T14:06:45.179+0000] {dag.py:3441} INFO - Setting next_dagrun for example_trigger_target_dag to None, run_after=None
[2023-03-14T14:06:45.233+0000] {processor.py:175} INFO - Processing /home/airflow/.local/lib/python3.7/site-packages/airflow/example_dags/example_trigger_target_dag.py took 0.325 seconds
[2023-03-14T14:07:15.974+0000] {processor.py:153} INFO - Started process (PID=2298) to work on /home/airflow/.local/lib/python3.7/site-packages/airflow/example_dags/example_trigger_target_dag.py
[2023-03-14T14:07:15.982+0000] {processor.py:743} INFO - Processing file /home/airflow/.local/lib/python3.7/site-packages/airflow/example_dags/example_trigger_target_dag.py for tasks to queue
[2023-03-14T14:07:15.983+0000] {logging_mixin.py:137} INFO - [2023-03-14T14:07:15.983+0000] {dagbag.py:538} INFO - Filling up the DagBag from /home/airflow/.local/lib/python3.7/site-packages/airflow/example_dags/example_trigger_target_dag.py
[2023-03-14T14:07:16.054+0000] {processor.py:753} INFO - DAG(s) dict_keys(['example_trigger_target_dag']) retrieved from /home/airflow/.local/lib/python3.7/site-packages/airflow/example_dags/example_trigger_target_dag.py
[2023-03-14T14:07:16.144+0000] {logging_mixin.py:137} INFO - [2023-03-14T14:07:16.144+0000] {dag.py:2690} INFO - Sync 1 DAGs
[2023-03-14T14:07:16.195+0000] {logging_mixin.py:137} INFO - [2023-03-14T14:07:16.194+0000] {dag.py:3441} INFO - Setting next_dagrun for example_trigger_target_dag to None, run_after=None
[2023-03-14T14:07:16.245+0000] {processor.py:175} INFO - Processing /home/airflow/.local/lib/python3.7/site-packages/airflow/example_dags/example_trigger_target_dag.py took 0.285 seconds
[2023-03-14T14:07:47.020+0000] {processor.py:153} INFO - Started process (PID=2524) to work on /home/airflow/.local/lib/python3.7/site-packages/airflow/example_dags/example_trigger_target_dag.py
[2023-03-14T14:07:47.022+0000] {processor.py:743} INFO - Processing file /home/airflow/.local/lib/python3.7/site-packages/airflow/example_dags/example_trigger_target_dag.py for tasks to queue
[2023-03-14T14:07:47.023+0000] {logging_mixin.py:137} INFO - [2023-03-14T14:07:47.023+0000] {dagbag.py:538} INFO - Filling up the DagBag from /home/airflow/.local/lib/python3.7/site-packages/airflow/example_dags/example_trigger_target_dag.py
[2023-03-14T14:07:47.056+0000] {processor.py:753} INFO - DAG(s) dict_keys(['example_trigger_target_dag']) retrieved from /home/airflow/.local/lib/python3.7/site-packages/airflow/example_dags/example_trigger_target_dag.py
[2023-03-14T14:07:47.096+0000] {logging_mixin.py:137} INFO - [2023-03-14T14:07:47.096+0000] {dag.py:2690} INFO - Sync 1 DAGs
[2023-03-14T14:07:47.156+0000] {logging_mixin.py:137} INFO - [2023-03-14T14:07:47.156+0000] {dag.py:3441} INFO - Setting next_dagrun for example_trigger_target_dag to None, run_after=None
[2023-03-14T14:07:47.211+0000] {processor.py:175} INFO - Processing /home/airflow/.local/lib/python3.7/site-packages/airflow/example_dags/example_trigger_target_dag.py took 0.195 seconds
[2023-03-14T14:08:17.748+0000] {processor.py:153} INFO - Started process (PID=2738) to work on /home/airflow/.local/lib/python3.7/site-packages/airflow/example_dags/example_trigger_target_dag.py
[2023-03-14T14:08:17.751+0000] {processor.py:743} INFO - Processing file /home/airflow/.local/lib/python3.7/site-packages/airflow/example_dags/example_trigger_target_dag.py for tasks to queue
[2023-03-14T14:08:17.752+0000] {logging_mixin.py:137} INFO - [2023-03-14T14:08:17.752+0000] {dagbag.py:538} INFO - Filling up the DagBag from /home/airflow/.local/lib/python3.7/site-packages/airflow/example_dags/example_trigger_target_dag.py
[2023-03-14T14:08:17.808+0000] {processor.py:753} INFO - DAG(s) dict_keys(['example_trigger_target_dag']) retrieved from /home/airflow/.local/lib/python3.7/site-packages/airflow/example_dags/example_trigger_target_dag.py
[2023-03-14T14:08:17.892+0000] {logging_mixin.py:137} INFO - [2023-03-14T14:08:17.892+0000] {dag.py:2690} INFO - Sync 1 DAGs
[2023-03-14T14:08:18.000+0000] {logging_mixin.py:137} INFO - [2023-03-14T14:08:18.000+0000] {dag.py:3441} INFO - Setting next_dagrun for example_trigger_target_dag to None, run_after=None
[2023-03-14T14:08:18.078+0000] {processor.py:175} INFO - Processing /home/airflow/.local/lib/python3.7/site-packages/airflow/example_dags/example_trigger_target_dag.py took 0.336 seconds
[2023-03-14T14:08:51.557+0000] {processor.py:153} INFO - Started process (PID=2969) to work on /home/airflow/.local/lib/python3.7/site-packages/airflow/example_dags/example_trigger_target_dag.py
[2023-03-14T14:08:51.561+0000] {processor.py:743} INFO - Processing file /home/airflow/.local/lib/python3.7/site-packages/airflow/example_dags/example_trigger_target_dag.py for tasks to queue
[2023-03-14T14:08:51.563+0000] {logging_mixin.py:137} INFO - [2023-03-14T14:08:51.562+0000] {dagbag.py:538} INFO - Filling up the DagBag from /home/airflow/.local/lib/python3.7/site-packages/airflow/example_dags/example_trigger_target_dag.py
[2023-03-14T14:08:51.606+0000] {processor.py:753} INFO - DAG(s) dict_keys(['example_trigger_target_dag']) retrieved from /home/airflow/.local/lib/python3.7/site-packages/airflow/example_dags/example_trigger_target_dag.py
[2023-03-14T14:08:51.695+0000] {logging_mixin.py:137} INFO - [2023-03-14T14:08:51.694+0000] {dag.py:2690} INFO - Sync 1 DAGs
[2023-03-14T14:08:51.743+0000] {logging_mixin.py:137} INFO - [2023-03-14T14:08:51.743+0000] {dag.py:3441} INFO - Setting next_dagrun for example_trigger_target_dag to None, run_after=None
[2023-03-14T14:08:51.789+0000] {processor.py:175} INFO - Processing /home/airflow/.local/lib/python3.7/site-packages/airflow/example_dags/example_trigger_target_dag.py took 0.237 seconds
[2023-03-14T14:09:21.978+0000] {processor.py:153} INFO - Started process (PID=3205) to work on /home/airflow/.local/lib/python3.7/site-packages/airflow/example_dags/example_trigger_target_dag.py
[2023-03-14T14:09:21.982+0000] {processor.py:743} INFO - Processing file /home/airflow/.local/lib/python3.7/site-packages/airflow/example_dags/example_trigger_target_dag.py for tasks to queue
[2023-03-14T14:09:21.984+0000] {logging_mixin.py:137} INFO - [2023-03-14T14:09:21.984+0000] {dagbag.py:538} INFO - Filling up the DagBag from /home/airflow/.local/lib/python3.7/site-packages/airflow/example_dags/example_trigger_target_dag.py
[2023-03-14T14:09:22.032+0000] {processor.py:753} INFO - DAG(s) dict_keys(['example_trigger_target_dag']) retrieved from /home/airflow/.local/lib/python3.7/site-packages/airflow/example_dags/example_trigger_target_dag.py
[2023-03-14T14:09:22.103+0000] {logging_mixin.py:137} INFO - [2023-03-14T14:09:22.103+0000] {dag.py:2690} INFO - Sync 1 DAGs
[2023-03-14T14:09:22.141+0000] {logging_mixin.py:137} INFO - [2023-03-14T14:09:22.141+0000] {dag.py:3441} INFO - Setting next_dagrun for example_trigger_target_dag to None, run_after=None
[2023-03-14T14:09:22.249+0000] {processor.py:175} INFO - Processing /home/airflow/.local/lib/python3.7/site-packages/airflow/example_dags/example_trigger_target_dag.py took 0.278 seconds
[2023-03-14T14:09:52.676+0000] {processor.py:153} INFO - Started process (PID=3420) to work on /home/airflow/.local/lib/python3.7/site-packages/airflow/example_dags/example_trigger_target_dag.py
[2023-03-14T14:09:52.679+0000] {processor.py:743} INFO - Processing file /home/airflow/.local/lib/python3.7/site-packages/airflow/example_dags/example_trigger_target_dag.py for tasks to queue
[2023-03-14T14:09:52.682+0000] {logging_mixin.py:137} INFO - [2023-03-14T14:09:52.681+0000] {dagbag.py:538} INFO - Filling up the DagBag from /home/airflow/.local/lib/python3.7/site-packages/airflow/example_dags/example_trigger_target_dag.py
[2023-03-14T14:09:52.763+0000] {processor.py:753} INFO - DAG(s) dict_keys(['example_trigger_target_dag']) retrieved from /home/airflow/.local/lib/python3.7/site-packages/airflow/example_dags/example_trigger_target_dag.py
[2023-03-14T14:09:52.862+0000] {logging_mixin.py:137} INFO - [2023-03-14T14:09:52.862+0000] {dag.py:2690} INFO - Sync 1 DAGs
[2023-03-14T14:09:52.966+0000] {logging_mixin.py:137} INFO - [2023-03-14T14:09:52.965+0000] {dag.py:3441} INFO - Setting next_dagrun for example_trigger_target_dag to None, run_after=None
[2023-03-14T14:09:53.083+0000] {processor.py:175} INFO - Processing /home/airflow/.local/lib/python3.7/site-packages/airflow/example_dags/example_trigger_target_dag.py took 0.417 seconds
[2023-03-14T14:10:23.511+0000] {processor.py:153} INFO - Started process (PID=3635) to work on /home/airflow/.local/lib/python3.7/site-packages/airflow/example_dags/example_trigger_target_dag.py
[2023-03-14T14:10:23.515+0000] {processor.py:743} INFO - Processing file /home/airflow/.local/lib/python3.7/site-packages/airflow/example_dags/example_trigger_target_dag.py for tasks to queue
[2023-03-14T14:10:23.516+0000] {logging_mixin.py:137} INFO - [2023-03-14T14:10:23.515+0000] {dagbag.py:538} INFO - Filling up the DagBag from /home/airflow/.local/lib/python3.7/site-packages/airflow/example_dags/example_trigger_target_dag.py
[2023-03-14T14:10:23.555+0000] {processor.py:753} INFO - DAG(s) dict_keys(['example_trigger_target_dag']) retrieved from /home/airflow/.local/lib/python3.7/site-packages/airflow/example_dags/example_trigger_target_dag.py
[2023-03-14T14:10:23.597+0000] {logging_mixin.py:137} INFO - [2023-03-14T14:10:23.596+0000] {dag.py:2690} INFO - Sync 1 DAGs
[2023-03-14T14:10:23.636+0000] {logging_mixin.py:137} INFO - [2023-03-14T14:10:23.636+0000] {dag.py:3441} INFO - Setting next_dagrun for example_trigger_target_dag to None, run_after=None
[2023-03-14T14:10:23.671+0000] {processor.py:175} INFO - Processing /home/airflow/.local/lib/python3.7/site-packages/airflow/example_dags/example_trigger_target_dag.py took 0.172 seconds
[2023-03-14T14:10:55.507+0000] {processor.py:153} INFO - Started process (PID=3845) to work on /home/airflow/.local/lib/python3.7/site-packages/airflow/example_dags/example_trigger_target_dag.py
[2023-03-14T14:10:55.512+0000] {processor.py:743} INFO - Processing file /home/airflow/.local/lib/python3.7/site-packages/airflow/example_dags/example_trigger_target_dag.py for tasks to queue
[2023-03-14T14:10:55.513+0000] {logging_mixin.py:137} INFO - [2023-03-14T14:10:55.512+0000] {dagbag.py:538} INFO - Filling up the DagBag from /home/airflow/.local/lib/python3.7/site-packages/airflow/example_dags/example_trigger_target_dag.py
[2023-03-14T14:10:55.641+0000] {processor.py:753} INFO - DAG(s) dict_keys(['example_trigger_target_dag']) retrieved from /home/airflow/.local/lib/python3.7/site-packages/airflow/example_dags/example_trigger_target_dag.py
[2023-03-14T14:10:55.888+0000] {logging_mixin.py:137} INFO - [2023-03-14T14:10:55.887+0000] {dag.py:2690} INFO - Sync 1 DAGs
[2023-03-14T14:10:55.953+0000] {logging_mixin.py:137} INFO - [2023-03-14T14:10:55.953+0000] {dag.py:3441} INFO - Setting next_dagrun for example_trigger_target_dag to None, run_after=None
[2023-03-14T14:10:56.011+0000] {processor.py:175} INFO - Processing /home/airflow/.local/lib/python3.7/site-packages/airflow/example_dags/example_trigger_target_dag.py took 0.512 seconds
[2023-03-14T14:11:26.265+0000] {processor.py:153} INFO - Started process (PID=4061) to work on /home/airflow/.local/lib/python3.7/site-packages/airflow/example_dags/example_trigger_target_dag.py
[2023-03-14T14:11:26.268+0000] {processor.py:743} INFO - Processing file /home/airflow/.local/lib/python3.7/site-packages/airflow/example_dags/example_trigger_target_dag.py for tasks to queue
[2023-03-14T14:11:26.269+0000] {logging_mixin.py:137} INFO - [2023-03-14T14:11:26.269+0000] {dagbag.py:538} INFO - Filling up the DagBag from /home/airflow/.local/lib/python3.7/site-packages/airflow/example_dags/example_trigger_target_dag.py
[2023-03-14T14:11:26.302+0000] {processor.py:753} INFO - DAG(s) dict_keys(['example_trigger_target_dag']) retrieved from /home/airflow/.local/lib/python3.7/site-packages/airflow/example_dags/example_trigger_target_dag.py
[2023-03-14T14:11:26.368+0000] {logging_mixin.py:137} INFO - [2023-03-14T14:11:26.368+0000] {dag.py:2690} INFO - Sync 1 DAGs
[2023-03-14T14:11:26.415+0000] {logging_mixin.py:137} INFO - [2023-03-14T14:11:26.415+0000] {dag.py:3441} INFO - Setting next_dagrun for example_trigger_target_dag to None, run_after=None
[2023-03-14T14:11:26.466+0000] {processor.py:175} INFO - Processing /home/airflow/.local/lib/python3.7/site-packages/airflow/example_dags/example_trigger_target_dag.py took 0.206 seconds
[2023-03-14T14:11:57.714+0000] {processor.py:153} INFO - Started process (PID=4279) to work on /home/airflow/.local/lib/python3.7/site-packages/airflow/example_dags/example_trigger_target_dag.py
[2023-03-14T14:11:57.716+0000] {processor.py:743} INFO - Processing file /home/airflow/.local/lib/python3.7/site-packages/airflow/example_dags/example_trigger_target_dag.py for tasks to queue
[2023-03-14T14:11:57.717+0000] {logging_mixin.py:137} INFO - [2023-03-14T14:11:57.717+0000] {dagbag.py:538} INFO - Filling up the DagBag from /home/airflow/.local/lib/python3.7/site-packages/airflow/example_dags/example_trigger_target_dag.py
[2023-03-14T14:11:57.767+0000] {processor.py:753} INFO - DAG(s) dict_keys(['example_trigger_target_dag']) retrieved from /home/airflow/.local/lib/python3.7/site-packages/airflow/example_dags/example_trigger_target_dag.py
[2023-03-14T14:11:57.865+0000] {logging_mixin.py:137} INFO - [2023-03-14T14:11:57.864+0000] {dag.py:2690} INFO - Sync 1 DAGs
[2023-03-14T14:11:57.921+0000] {logging_mixin.py:137} INFO - [2023-03-14T14:11:57.921+0000] {dag.py:3441} INFO - Setting next_dagrun for example_trigger_target_dag to None, run_after=None
[2023-03-14T14:11:58.083+0000] {processor.py:175} INFO - Processing /home/airflow/.local/lib/python3.7/site-packages/airflow/example_dags/example_trigger_target_dag.py took 0.377 seconds
[2023-03-14T14:12:29.123+0000] {processor.py:153} INFO - Started process (PID=4496) to work on /home/airflow/.local/lib/python3.7/site-packages/airflow/example_dags/example_trigger_target_dag.py
[2023-03-14T14:12:29.140+0000] {processor.py:743} INFO - Processing file /home/airflow/.local/lib/python3.7/site-packages/airflow/example_dags/example_trigger_target_dag.py for tasks to queue
[2023-03-14T14:12:29.141+0000] {logging_mixin.py:137} INFO - [2023-03-14T14:12:29.141+0000] {dagbag.py:538} INFO - Filling up the DagBag from /home/airflow/.local/lib/python3.7/site-packages/airflow/example_dags/example_trigger_target_dag.py
[2023-03-14T14:12:29.201+0000] {processor.py:753} INFO - DAG(s) dict_keys(['example_trigger_target_dag']) retrieved from /home/airflow/.local/lib/python3.7/site-packages/airflow/example_dags/example_trigger_target_dag.py
[2023-03-14T14:12:29.265+0000] {logging_mixin.py:137} INFO - [2023-03-14T14:12:29.265+0000] {dag.py:2690} INFO - Sync 1 DAGs
[2023-03-14T14:12:29.514+0000] {logging_mixin.py:137} INFO - [2023-03-14T14:12:29.514+0000] {dag.py:3441} INFO - Setting next_dagrun for example_trigger_target_dag to None, run_after=None
[2023-03-14T14:12:29.697+0000] {processor.py:175} INFO - Processing /home/airflow/.local/lib/python3.7/site-packages/airflow/example_dags/example_trigger_target_dag.py took 0.577 seconds
[2023-03-14T14:13:00.821+0000] {processor.py:153} INFO - Started process (PID=4716) to work on /home/airflow/.local/lib/python3.7/site-packages/airflow/example_dags/example_trigger_target_dag.py
[2023-03-14T14:13:00.822+0000] {processor.py:743} INFO - Processing file /home/airflow/.local/lib/python3.7/site-packages/airflow/example_dags/example_trigger_target_dag.py for tasks to queue
[2023-03-14T14:13:00.823+0000] {logging_mixin.py:137} INFO - [2023-03-14T14:13:00.823+0000] {dagbag.py:538} INFO - Filling up the DagBag from /home/airflow/.local/lib/python3.7/site-packages/airflow/example_dags/example_trigger_target_dag.py
[2023-03-14T14:13:00.924+0000] {processor.py:753} INFO - DAG(s) dict_keys(['example_trigger_target_dag']) retrieved from /home/airflow/.local/lib/python3.7/site-packages/airflow/example_dags/example_trigger_target_dag.py
[2023-03-14T14:13:01.055+0000] {logging_mixin.py:137} INFO - [2023-03-14T14:13:01.055+0000] {dag.py:2690} INFO - Sync 1 DAGs
[2023-03-14T14:13:01.099+0000] {logging_mixin.py:137} INFO - [2023-03-14T14:13:01.099+0000] {dag.py:3441} INFO - Setting next_dagrun for example_trigger_target_dag to None, run_after=None
[2023-03-14T14:13:01.150+0000] {processor.py:175} INFO - Processing /home/airflow/.local/lib/python3.7/site-packages/airflow/example_dags/example_trigger_target_dag.py took 0.351 seconds
[2023-03-14T14:13:31.850+0000] {processor.py:153} INFO - Started process (PID=4932) to work on /home/airflow/.local/lib/python3.7/site-packages/airflow/example_dags/example_trigger_target_dag.py
[2023-03-14T14:13:31.853+0000] {processor.py:743} INFO - Processing file /home/airflow/.local/lib/python3.7/site-packages/airflow/example_dags/example_trigger_target_dag.py for tasks to queue
[2023-03-14T14:13:31.854+0000] {logging_mixin.py:137} INFO - [2023-03-14T14:13:31.854+0000] {dagbag.py:538} INFO - Filling up the DagBag from /home/airflow/.local/lib/python3.7/site-packages/airflow/example_dags/example_trigger_target_dag.py
[2023-03-14T14:13:31.923+0000] {processor.py:753} INFO - DAG(s) dict_keys(['example_trigger_target_dag']) retrieved from /home/airflow/.local/lib/python3.7/site-packages/airflow/example_dags/example_trigger_target_dag.py
[2023-03-14T14:13:32.047+0000] {logging_mixin.py:137} INFO - [2023-03-14T14:13:32.047+0000] {dag.py:2690} INFO - Sync 1 DAGs
[2023-03-14T14:13:32.129+0000] {logging_mixin.py:137} INFO - [2023-03-14T14:13:32.129+0000] {dag.py:3441} INFO - Setting next_dagrun for example_trigger_target_dag to None, run_after=None
[2023-03-14T14:13:32.167+0000] {processor.py:175} INFO - Processing /home/airflow/.local/lib/python3.7/site-packages/airflow/example_dags/example_trigger_target_dag.py took 0.324 seconds
[2023-03-14T14:14:02.383+0000] {processor.py:153} INFO - Started process (PID=5148) to work on /home/airflow/.local/lib/python3.7/site-packages/airflow/example_dags/example_trigger_target_dag.py
[2023-03-14T14:14:02.389+0000] {processor.py:743} INFO - Processing file /home/airflow/.local/lib/python3.7/site-packages/airflow/example_dags/example_trigger_target_dag.py for tasks to queue
[2023-03-14T14:14:02.390+0000] {logging_mixin.py:137} INFO - [2023-03-14T14:14:02.389+0000] {dagbag.py:538} INFO - Filling up the DagBag from /home/airflow/.local/lib/python3.7/site-packages/airflow/example_dags/example_trigger_target_dag.py
[2023-03-14T14:14:02.561+0000] {processor.py:753} INFO - DAG(s) dict_keys(['example_trigger_target_dag']) retrieved from /home/airflow/.local/lib/python3.7/site-packages/airflow/example_dags/example_trigger_target_dag.py
[2023-03-14T14:14:02.747+0000] {logging_mixin.py:137} INFO - [2023-03-14T14:14:02.747+0000] {dag.py:2690} INFO - Sync 1 DAGs
[2023-03-14T14:14:02.865+0000] {logging_mixin.py:137} INFO - [2023-03-14T14:14:02.865+0000] {dag.py:3441} INFO - Setting next_dagrun for example_trigger_target_dag to None, run_after=None
[2023-03-14T14:14:02.988+0000] {processor.py:175} INFO - Processing /home/airflow/.local/lib/python3.7/site-packages/airflow/example_dags/example_trigger_target_dag.py took 0.643 seconds
[2023-03-14T14:14:33.370+0000] {processor.py:153} INFO - Started process (PID=5364) to work on /home/airflow/.local/lib/python3.7/site-packages/airflow/example_dags/example_trigger_target_dag.py
[2023-03-14T14:14:33.378+0000] {processor.py:743} INFO - Processing file /home/airflow/.local/lib/python3.7/site-packages/airflow/example_dags/example_trigger_target_dag.py for tasks to queue
[2023-03-14T14:14:33.379+0000] {logging_mixin.py:137} INFO - [2023-03-14T14:14:33.379+0000] {dagbag.py:538} INFO - Filling up the DagBag from /home/airflow/.local/lib/python3.7/site-packages/airflow/example_dags/example_trigger_target_dag.py
[2023-03-14T14:14:33.443+0000] {processor.py:753} INFO - DAG(s) dict_keys(['example_trigger_target_dag']) retrieved from /home/airflow/.local/lib/python3.7/site-packages/airflow/example_dags/example_trigger_target_dag.py
[2023-03-14T14:14:33.520+0000] {logging_mixin.py:137} INFO - [2023-03-14T14:14:33.520+0000] {dag.py:2690} INFO - Sync 1 DAGs
[2023-03-14T14:14:33.576+0000] {logging_mixin.py:137} INFO - [2023-03-14T14:14:33.575+0000] {dag.py:3441} INFO - Setting next_dagrun for example_trigger_target_dag to None, run_after=None
[2023-03-14T14:14:33.631+0000] {processor.py:175} INFO - Processing /home/airflow/.local/lib/python3.7/site-packages/airflow/example_dags/example_trigger_target_dag.py took 0.270 seconds
[2023-03-14T14:15:04.436+0000] {processor.py:153} INFO - Started process (PID=5579) to work on /home/airflow/.local/lib/python3.7/site-packages/airflow/example_dags/example_trigger_target_dag.py
[2023-03-14T14:15:04.437+0000] {processor.py:743} INFO - Processing file /home/airflow/.local/lib/python3.7/site-packages/airflow/example_dags/example_trigger_target_dag.py for tasks to queue
[2023-03-14T14:15:04.438+0000] {logging_mixin.py:137} INFO - [2023-03-14T14:15:04.438+0000] {dagbag.py:538} INFO - Filling up the DagBag from /home/airflow/.local/lib/python3.7/site-packages/airflow/example_dags/example_trigger_target_dag.py
[2023-03-14T14:15:04.479+0000] {processor.py:753} INFO - DAG(s) dict_keys(['example_trigger_target_dag']) retrieved from /home/airflow/.local/lib/python3.7/site-packages/airflow/example_dags/example_trigger_target_dag.py
[2023-03-14T14:15:04.539+0000] {logging_mixin.py:137} INFO - [2023-03-14T14:15:04.538+0000] {dag.py:2690} INFO - Sync 1 DAGs
[2023-03-14T14:15:04.586+0000] {logging_mixin.py:137} INFO - [2023-03-14T14:15:04.585+0000] {dag.py:3441} INFO - Setting next_dagrun for example_trigger_target_dag to None, run_after=None
[2023-03-14T14:15:04.628+0000] {processor.py:175} INFO - Processing /home/airflow/.local/lib/python3.7/site-packages/airflow/example_dags/example_trigger_target_dag.py took 0.200 seconds
[2023-03-14T14:15:35.403+0000] {processor.py:153} INFO - Started process (PID=5803) to work on /home/airflow/.local/lib/python3.7/site-packages/airflow/example_dags/example_trigger_target_dag.py
[2023-03-14T14:15:35.412+0000] {processor.py:743} INFO - Processing file /home/airflow/.local/lib/python3.7/site-packages/airflow/example_dags/example_trigger_target_dag.py for tasks to queue
[2023-03-14T14:15:35.413+0000] {logging_mixin.py:137} INFO - [2023-03-14T14:15:35.413+0000] {dagbag.py:538} INFO - Filling up the DagBag from /home/airflow/.local/lib/python3.7/site-packages/airflow/example_dags/example_trigger_target_dag.py
[2023-03-14T14:15:35.454+0000] {processor.py:753} INFO - DAG(s) dict_keys(['example_trigger_target_dag']) retrieved from /home/airflow/.local/lib/python3.7/site-packages/airflow/example_dags/example_trigger_target_dag.py
[2023-03-14T14:15:35.492+0000] {logging_mixin.py:137} INFO - [2023-03-14T14:15:35.492+0000] {dag.py:2690} INFO - Sync 1 DAGs
[2023-03-14T14:15:35.533+0000] {logging_mixin.py:137} INFO - [2023-03-14T14:15:35.533+0000] {dag.py:3441} INFO - Setting next_dagrun for example_trigger_target_dag to None, run_after=None
[2023-03-14T14:15:35.573+0000] {processor.py:175} INFO - Processing /home/airflow/.local/lib/python3.7/site-packages/airflow/example_dags/example_trigger_target_dag.py took 0.175 seconds
