[2023-03-14T14:02:25.281+0000] {processor.py:153} INFO - Started process (PID=183) to work on /home/airflow/.local/lib/python3.7/site-packages/airflow/example_dags/example_external_task_marker_dag.py
[2023-03-14T14:02:25.285+0000] {processor.py:743} INFO - Processing file /home/airflow/.local/lib/python3.7/site-packages/airflow/example_dags/example_external_task_marker_dag.py for tasks to queue
[2023-03-14T14:02:25.286+0000] {logging_mixin.py:137} INFO - [2023-03-14T14:02:25.286+0000] {dagbag.py:538} INFO - Filling up the DagBag from /home/airflow/.local/lib/python3.7/site-packages/airflow/example_dags/example_external_task_marker_dag.py
[2023-03-14T14:02:25.376+0000] {processor.py:753} INFO - DAG(s) dict_keys(['example_external_task_marker_parent', 'example_external_task_marker_child']) retrieved from /home/airflow/.local/lib/python3.7/site-packages/airflow/example_dags/example_external_task_marker_dag.py
[2023-03-14T14:02:25.580+0000] {logging_mixin.py:137} INFO - [2023-03-14T14:02:25.580+0000] {dag.py:2690} INFO - Sync 2 DAGs
[2023-03-14T14:02:25.631+0000] {logging_mixin.py:137} INFO - [2023-03-14T14:02:25.631+0000] {dag.py:3441} INFO - Setting next_dagrun for example_external_task_marker_child to None, run_after=None
[2023-03-14T14:02:25.645+0000] {logging_mixin.py:137} INFO - [2023-03-14T14:02:25.645+0000] {dag.py:3441} INFO - Setting next_dagrun for example_external_task_marker_parent to None, run_after=None
[2023-03-14T14:02:25.699+0000] {processor.py:175} INFO - Processing /home/airflow/.local/lib/python3.7/site-packages/airflow/example_dags/example_external_task_marker_dag.py took 0.424 seconds
[2023-03-14T14:02:55.871+0000] {processor.py:153} INFO - Started process (PID=398) to work on /home/airflow/.local/lib/python3.7/site-packages/airflow/example_dags/example_external_task_marker_dag.py
[2023-03-14T14:02:55.872+0000] {processor.py:743} INFO - Processing file /home/airflow/.local/lib/python3.7/site-packages/airflow/example_dags/example_external_task_marker_dag.py for tasks to queue
[2023-03-14T14:02:55.873+0000] {logging_mixin.py:137} INFO - [2023-03-14T14:02:55.873+0000] {dagbag.py:538} INFO - Filling up the DagBag from /home/airflow/.local/lib/python3.7/site-packages/airflow/example_dags/example_external_task_marker_dag.py
[2023-03-14T14:02:55.906+0000] {processor.py:753} INFO - DAG(s) dict_keys(['example_external_task_marker_child', 'example_external_task_marker_parent']) retrieved from /home/airflow/.local/lib/python3.7/site-packages/airflow/example_dags/example_external_task_marker_dag.py
[2023-03-14T14:02:55.983+0000] {logging_mixin.py:137} INFO - [2023-03-14T14:02:55.983+0000] {dag.py:2690} INFO - Sync 2 DAGs
[2023-03-14T14:02:56.077+0000] {logging_mixin.py:137} INFO - [2023-03-14T14:02:56.077+0000] {dag.py:3441} INFO - Setting next_dagrun for example_external_task_marker_child to None, run_after=None
[2023-03-14T14:02:56.086+0000] {logging_mixin.py:137} INFO - [2023-03-14T14:02:56.086+0000] {dag.py:3441} INFO - Setting next_dagrun for example_external_task_marker_parent to None, run_after=None
[2023-03-14T14:02:56.122+0000] {processor.py:175} INFO - Processing /home/airflow/.local/lib/python3.7/site-packages/airflow/example_dags/example_external_task_marker_dag.py took 0.257 seconds
[2023-03-14T14:03:26.943+0000] {processor.py:153} INFO - Started process (PID=613) to work on /home/airflow/.local/lib/python3.7/site-packages/airflow/example_dags/example_external_task_marker_dag.py
[2023-03-14T14:03:26.947+0000] {processor.py:743} INFO - Processing file /home/airflow/.local/lib/python3.7/site-packages/airflow/example_dags/example_external_task_marker_dag.py for tasks to queue
[2023-03-14T14:03:26.949+0000] {logging_mixin.py:137} INFO - [2023-03-14T14:03:26.948+0000] {dagbag.py:538} INFO - Filling up the DagBag from /home/airflow/.local/lib/python3.7/site-packages/airflow/example_dags/example_external_task_marker_dag.py
[2023-03-14T14:03:26.973+0000] {processor.py:753} INFO - DAG(s) dict_keys(['example_external_task_marker_child', 'example_external_task_marker_parent']) retrieved from /home/airflow/.local/lib/python3.7/site-packages/airflow/example_dags/example_external_task_marker_dag.py
[2023-03-14T14:03:27.019+0000] {logging_mixin.py:137} INFO - [2023-03-14T14:03:27.019+0000] {dag.py:2690} INFO - Sync 2 DAGs
[2023-03-14T14:03:27.060+0000] {logging_mixin.py:137} INFO - [2023-03-14T14:03:27.060+0000] {dag.py:3441} INFO - Setting next_dagrun for example_external_task_marker_child to None, run_after=None
[2023-03-14T14:03:27.066+0000] {logging_mixin.py:137} INFO - [2023-03-14T14:03:27.065+0000] {dag.py:3441} INFO - Setting next_dagrun for example_external_task_marker_parent to None, run_after=None
[2023-03-14T14:03:27.098+0000] {processor.py:175} INFO - Processing /home/airflow/.local/lib/python3.7/site-packages/airflow/example_dags/example_external_task_marker_dag.py took 0.160 seconds
[2023-03-14T14:03:58.059+0000] {processor.py:153} INFO - Started process (PID=834) to work on /home/airflow/.local/lib/python3.7/site-packages/airflow/example_dags/example_external_task_marker_dag.py
[2023-03-14T14:03:58.078+0000] {processor.py:743} INFO - Processing file /home/airflow/.local/lib/python3.7/site-packages/airflow/example_dags/example_external_task_marker_dag.py for tasks to queue
[2023-03-14T14:03:58.104+0000] {logging_mixin.py:137} INFO - [2023-03-14T14:03:58.097+0000] {dagbag.py:538} INFO - Filling up the DagBag from /home/airflow/.local/lib/python3.7/site-packages/airflow/example_dags/example_external_task_marker_dag.py
[2023-03-14T14:03:58.275+0000] {processor.py:753} INFO - DAG(s) dict_keys(['example_external_task_marker_parent', 'example_external_task_marker_child']) retrieved from /home/airflow/.local/lib/python3.7/site-packages/airflow/example_dags/example_external_task_marker_dag.py
[2023-03-14T14:03:58.488+0000] {logging_mixin.py:137} INFO - [2023-03-14T14:03:58.488+0000] {dag.py:2690} INFO - Sync 2 DAGs
[2023-03-14T14:03:58.582+0000] {logging_mixin.py:137} INFO - [2023-03-14T14:03:58.582+0000] {dag.py:3441} INFO - Setting next_dagrun for example_external_task_marker_child to None, run_after=None
[2023-03-14T14:03:58.611+0000] {logging_mixin.py:137} INFO - [2023-03-14T14:03:58.610+0000] {dag.py:3441} INFO - Setting next_dagrun for example_external_task_marker_parent to None, run_after=None
[2023-03-14T14:03:58.704+0000] {processor.py:175} INFO - Processing /home/airflow/.local/lib/python3.7/site-packages/airflow/example_dags/example_external_task_marker_dag.py took 0.669 seconds
[2023-03-14T14:04:29.517+0000] {processor.py:153} INFO - Started process (PID=1048) to work on /home/airflow/.local/lib/python3.7/site-packages/airflow/example_dags/example_external_task_marker_dag.py
[2023-03-14T14:04:29.528+0000] {processor.py:743} INFO - Processing file /home/airflow/.local/lib/python3.7/site-packages/airflow/example_dags/example_external_task_marker_dag.py for tasks to queue
[2023-03-14T14:04:29.529+0000] {logging_mixin.py:137} INFO - [2023-03-14T14:04:29.529+0000] {dagbag.py:538} INFO - Filling up the DagBag from /home/airflow/.local/lib/python3.7/site-packages/airflow/example_dags/example_external_task_marker_dag.py
[2023-03-14T14:04:29.576+0000] {processor.py:753} INFO - DAG(s) dict_keys(['example_external_task_marker_parent', 'example_external_task_marker_child']) retrieved from /home/airflow/.local/lib/python3.7/site-packages/airflow/example_dags/example_external_task_marker_dag.py
[2023-03-14T14:04:29.677+0000] {logging_mixin.py:137} INFO - [2023-03-14T14:04:29.676+0000] {dag.py:2690} INFO - Sync 2 DAGs
[2023-03-14T14:04:29.743+0000] {logging_mixin.py:137} INFO - [2023-03-14T14:04:29.743+0000] {dag.py:3441} INFO - Setting next_dagrun for example_external_task_marker_child to None, run_after=None
[2023-03-14T14:04:29.759+0000] {logging_mixin.py:137} INFO - [2023-03-14T14:04:29.759+0000] {dag.py:3441} INFO - Setting next_dagrun for example_external_task_marker_parent to None, run_after=None
[2023-03-14T14:04:29.801+0000] {processor.py:175} INFO - Processing /home/airflow/.local/lib/python3.7/site-packages/airflow/example_dags/example_external_task_marker_dag.py took 0.289 seconds
[2023-03-14T14:04:59.942+0000] {processor.py:153} INFO - Started process (PID=1265) to work on /home/airflow/.local/lib/python3.7/site-packages/airflow/example_dags/example_external_task_marker_dag.py
[2023-03-14T14:04:59.943+0000] {processor.py:743} INFO - Processing file /home/airflow/.local/lib/python3.7/site-packages/airflow/example_dags/example_external_task_marker_dag.py for tasks to queue
[2023-03-14T14:04:59.945+0000] {logging_mixin.py:137} INFO - [2023-03-14T14:04:59.944+0000] {dagbag.py:538} INFO - Filling up the DagBag from /home/airflow/.local/lib/python3.7/site-packages/airflow/example_dags/example_external_task_marker_dag.py
[2023-03-14T14:05:00.015+0000] {processor.py:753} INFO - DAG(s) dict_keys(['example_external_task_marker_child', 'example_external_task_marker_parent']) retrieved from /home/airflow/.local/lib/python3.7/site-packages/airflow/example_dags/example_external_task_marker_dag.py
[2023-03-14T14:05:00.168+0000] {logging_mixin.py:137} INFO - [2023-03-14T14:05:00.168+0000] {dag.py:2690} INFO - Sync 2 DAGs
[2023-03-14T14:05:00.337+0000] {logging_mixin.py:137} INFO - [2023-03-14T14:05:00.337+0000] {dag.py:3441} INFO - Setting next_dagrun for example_external_task_marker_child to None, run_after=None
[2023-03-14T14:05:00.348+0000] {logging_mixin.py:137} INFO - [2023-03-14T14:05:00.348+0000] {dag.py:3441} INFO - Setting next_dagrun for example_external_task_marker_parent to None, run_after=None
[2023-03-14T14:05:00.402+0000] {processor.py:175} INFO - Processing /home/airflow/.local/lib/python3.7/site-packages/airflow/example_dags/example_external_task_marker_dag.py took 0.488 seconds
[2023-03-14T14:05:30.812+0000] {processor.py:153} INFO - Started process (PID=1480) to work on /home/airflow/.local/lib/python3.7/site-packages/airflow/example_dags/example_external_task_marker_dag.py
[2023-03-14T14:05:30.814+0000] {processor.py:743} INFO - Processing file /home/airflow/.local/lib/python3.7/site-packages/airflow/example_dags/example_external_task_marker_dag.py for tasks to queue
[2023-03-14T14:05:30.815+0000] {logging_mixin.py:137} INFO - [2023-03-14T14:05:30.815+0000] {dagbag.py:538} INFO - Filling up the DagBag from /home/airflow/.local/lib/python3.7/site-packages/airflow/example_dags/example_external_task_marker_dag.py
[2023-03-14T14:05:30.838+0000] {processor.py:753} INFO - DAG(s) dict_keys(['example_external_task_marker_parent', 'example_external_task_marker_child']) retrieved from /home/airflow/.local/lib/python3.7/site-packages/airflow/example_dags/example_external_task_marker_dag.py
[2023-03-14T14:05:30.881+0000] {logging_mixin.py:137} INFO - [2023-03-14T14:05:30.881+0000] {dag.py:2690} INFO - Sync 2 DAGs
[2023-03-14T14:05:30.921+0000] {logging_mixin.py:137} INFO - [2023-03-14T14:05:30.921+0000] {dag.py:3441} INFO - Setting next_dagrun for example_external_task_marker_child to None, run_after=None
[2023-03-14T14:05:30.926+0000] {logging_mixin.py:137} INFO - [2023-03-14T14:05:30.926+0000] {dag.py:3441} INFO - Setting next_dagrun for example_external_task_marker_parent to None, run_after=None
[2023-03-14T14:05:30.957+0000] {processor.py:175} INFO - Processing /home/airflow/.local/lib/python3.7/site-packages/airflow/example_dags/example_external_task_marker_dag.py took 0.151 seconds
[2023-03-14T14:06:01.835+0000] {processor.py:153} INFO - Started process (PID=1695) to work on /home/airflow/.local/lib/python3.7/site-packages/airflow/example_dags/example_external_task_marker_dag.py
[2023-03-14T14:06:01.856+0000] {processor.py:743} INFO - Processing file /home/airflow/.local/lib/python3.7/site-packages/airflow/example_dags/example_external_task_marker_dag.py for tasks to queue
[2023-03-14T14:06:01.868+0000] {logging_mixin.py:137} INFO - [2023-03-14T14:06:01.858+0000] {dagbag.py:538} INFO - Filling up the DagBag from /home/airflow/.local/lib/python3.7/site-packages/airflow/example_dags/example_external_task_marker_dag.py
[2023-03-14T14:06:02.003+0000] {processor.py:753} INFO - DAG(s) dict_keys(['example_external_task_marker_parent', 'example_external_task_marker_child']) retrieved from /home/airflow/.local/lib/python3.7/site-packages/airflow/example_dags/example_external_task_marker_dag.py
[2023-03-14T14:06:02.259+0000] {logging_mixin.py:137} INFO - [2023-03-14T14:06:02.259+0000] {dag.py:2690} INFO - Sync 2 DAGs
[2023-03-14T14:06:02.403+0000] {logging_mixin.py:137} INFO - [2023-03-14T14:06:02.403+0000] {dag.py:3441} INFO - Setting next_dagrun for example_external_task_marker_child to None, run_after=None
[2023-03-14T14:06:02.417+0000] {logging_mixin.py:137} INFO - [2023-03-14T14:06:02.417+0000] {dag.py:3441} INFO - Setting next_dagrun for example_external_task_marker_parent to None, run_after=None
[2023-03-14T14:06:02.501+0000] {processor.py:175} INFO - Processing /home/airflow/.local/lib/python3.7/site-packages/airflow/example_dags/example_external_task_marker_dag.py took 0.693 seconds
[2023-03-14T14:06:33.203+0000] {processor.py:153} INFO - Started process (PID=1910) to work on /home/airflow/.local/lib/python3.7/site-packages/airflow/example_dags/example_external_task_marker_dag.py
[2023-03-14T14:06:33.205+0000] {processor.py:743} INFO - Processing file /home/airflow/.local/lib/python3.7/site-packages/airflow/example_dags/example_external_task_marker_dag.py for tasks to queue
[2023-03-14T14:06:33.206+0000] {logging_mixin.py:137} INFO - [2023-03-14T14:06:33.206+0000] {dagbag.py:538} INFO - Filling up the DagBag from /home/airflow/.local/lib/python3.7/site-packages/airflow/example_dags/example_external_task_marker_dag.py
[2023-03-14T14:06:33.237+0000] {processor.py:753} INFO - DAG(s) dict_keys(['example_external_task_marker_child', 'example_external_task_marker_parent']) retrieved from /home/airflow/.local/lib/python3.7/site-packages/airflow/example_dags/example_external_task_marker_dag.py
[2023-03-14T14:06:33.342+0000] {logging_mixin.py:137} INFO - [2023-03-14T14:06:33.341+0000] {dag.py:2690} INFO - Sync 2 DAGs
[2023-03-14T14:06:33.414+0000] {logging_mixin.py:137} INFO - [2023-03-14T14:06:33.414+0000] {dag.py:3441} INFO - Setting next_dagrun for example_external_task_marker_child to None, run_after=None
[2023-03-14T14:06:33.423+0000] {logging_mixin.py:137} INFO - [2023-03-14T14:06:33.423+0000] {dag.py:3441} INFO - Setting next_dagrun for example_external_task_marker_parent to None, run_after=None
[2023-03-14T14:06:33.464+0000] {processor.py:175} INFO - Processing /home/airflow/.local/lib/python3.7/site-packages/airflow/example_dags/example_external_task_marker_dag.py took 0.266 seconds
[2023-03-14T14:07:04.192+0000] {processor.py:153} INFO - Started process (PID=2125) to work on /home/airflow/.local/lib/python3.7/site-packages/airflow/example_dags/example_external_task_marker_dag.py
[2023-03-14T14:07:04.193+0000] {processor.py:743} INFO - Processing file /home/airflow/.local/lib/python3.7/site-packages/airflow/example_dags/example_external_task_marker_dag.py for tasks to queue
[2023-03-14T14:07:04.194+0000] {logging_mixin.py:137} INFO - [2023-03-14T14:07:04.194+0000] {dagbag.py:538} INFO - Filling up the DagBag from /home/airflow/.local/lib/python3.7/site-packages/airflow/example_dags/example_external_task_marker_dag.py
[2023-03-14T14:07:04.233+0000] {processor.py:753} INFO - DAG(s) dict_keys(['example_external_task_marker_parent', 'example_external_task_marker_child']) retrieved from /home/airflow/.local/lib/python3.7/site-packages/airflow/example_dags/example_external_task_marker_dag.py
[2023-03-14T14:07:04.320+0000] {logging_mixin.py:137} INFO - [2023-03-14T14:07:04.320+0000] {dag.py:2690} INFO - Sync 2 DAGs
[2023-03-14T14:07:04.371+0000] {logging_mixin.py:137} INFO - [2023-03-14T14:07:04.371+0000] {dag.py:3441} INFO - Setting next_dagrun for example_external_task_marker_child to None, run_after=None
[2023-03-14T14:07:04.381+0000] {logging_mixin.py:137} INFO - [2023-03-14T14:07:04.381+0000] {dag.py:3441} INFO - Setting next_dagrun for example_external_task_marker_parent to None, run_after=None
[2023-03-14T14:07:04.447+0000] {processor.py:175} INFO - Processing /home/airflow/.local/lib/python3.7/site-packages/airflow/example_dags/example_external_task_marker_dag.py took 0.261 seconds
[2023-03-14T14:07:34.849+0000] {processor.py:153} INFO - Started process (PID=2350) to work on /home/airflow/.local/lib/python3.7/site-packages/airflow/example_dags/example_external_task_marker_dag.py
[2023-03-14T14:07:34.850+0000] {processor.py:743} INFO - Processing file /home/airflow/.local/lib/python3.7/site-packages/airflow/example_dags/example_external_task_marker_dag.py for tasks to queue
[2023-03-14T14:07:34.852+0000] {logging_mixin.py:137} INFO - [2023-03-14T14:07:34.851+0000] {dagbag.py:538} INFO - Filling up the DagBag from /home/airflow/.local/lib/python3.7/site-packages/airflow/example_dags/example_external_task_marker_dag.py
[2023-03-14T14:07:34.875+0000] {processor.py:753} INFO - DAG(s) dict_keys(['example_external_task_marker_parent', 'example_external_task_marker_child']) retrieved from /home/airflow/.local/lib/python3.7/site-packages/airflow/example_dags/example_external_task_marker_dag.py
[2023-03-14T14:07:34.935+0000] {logging_mixin.py:137} INFO - [2023-03-14T14:07:34.934+0000] {dag.py:2690} INFO - Sync 2 DAGs
[2023-03-14T14:07:34.974+0000] {logging_mixin.py:137} INFO - [2023-03-14T14:07:34.974+0000] {dag.py:3441} INFO - Setting next_dagrun for example_external_task_marker_child to None, run_after=None
[2023-03-14T14:07:34.980+0000] {logging_mixin.py:137} INFO - [2023-03-14T14:07:34.979+0000] {dag.py:3441} INFO - Setting next_dagrun for example_external_task_marker_parent to None, run_after=None
[2023-03-14T14:07:35.012+0000] {processor.py:175} INFO - Processing /home/airflow/.local/lib/python3.7/site-packages/airflow/example_dags/example_external_task_marker_dag.py took 0.170 seconds
[2023-03-14T14:08:06.002+0000] {processor.py:153} INFO - Started process (PID=2565) to work on /home/airflow/.local/lib/python3.7/site-packages/airflow/example_dags/example_external_task_marker_dag.py
[2023-03-14T14:08:06.004+0000] {processor.py:743} INFO - Processing file /home/airflow/.local/lib/python3.7/site-packages/airflow/example_dags/example_external_task_marker_dag.py for tasks to queue
[2023-03-14T14:08:06.005+0000] {logging_mixin.py:137} INFO - [2023-03-14T14:08:06.005+0000] {dagbag.py:538} INFO - Filling up the DagBag from /home/airflow/.local/lib/python3.7/site-packages/airflow/example_dags/example_external_task_marker_dag.py
[2023-03-14T14:08:06.026+0000] {processor.py:753} INFO - DAG(s) dict_keys(['example_external_task_marker_child', 'example_external_task_marker_parent']) retrieved from /home/airflow/.local/lib/python3.7/site-packages/airflow/example_dags/example_external_task_marker_dag.py
[2023-03-14T14:08:06.117+0000] {logging_mixin.py:137} INFO - [2023-03-14T14:08:06.116+0000] {dag.py:2690} INFO - Sync 2 DAGs
[2023-03-14T14:08:06.232+0000] {logging_mixin.py:137} INFO - [2023-03-14T14:08:06.232+0000] {dag.py:3441} INFO - Setting next_dagrun for example_external_task_marker_child to None, run_after=None
[2023-03-14T14:08:06.237+0000] {logging_mixin.py:137} INFO - [2023-03-14T14:08:06.237+0000] {dag.py:3441} INFO - Setting next_dagrun for example_external_task_marker_parent to None, run_after=None
[2023-03-14T14:08:06.288+0000] {processor.py:175} INFO - Processing /home/airflow/.local/lib/python3.7/site-packages/airflow/example_dags/example_external_task_marker_dag.py took 0.293 seconds
[2023-03-14T14:08:36.865+0000] {processor.py:153} INFO - Started process (PID=2781) to work on /home/airflow/.local/lib/python3.7/site-packages/airflow/example_dags/example_external_task_marker_dag.py
[2023-03-14T14:08:36.866+0000] {processor.py:743} INFO - Processing file /home/airflow/.local/lib/python3.7/site-packages/airflow/example_dags/example_external_task_marker_dag.py for tasks to queue
[2023-03-14T14:08:36.869+0000] {logging_mixin.py:137} INFO - [2023-03-14T14:08:36.868+0000] {dagbag.py:538} INFO - Filling up the DagBag from /home/airflow/.local/lib/python3.7/site-packages/airflow/example_dags/example_external_task_marker_dag.py
[2023-03-14T14:08:36.921+0000] {processor.py:753} INFO - DAG(s) dict_keys(['example_external_task_marker_parent', 'example_external_task_marker_child']) retrieved from /home/airflow/.local/lib/python3.7/site-packages/airflow/example_dags/example_external_task_marker_dag.py
[2023-03-14T14:08:37.053+0000] {logging_mixin.py:137} INFO - [2023-03-14T14:08:37.053+0000] {dag.py:2690} INFO - Sync 2 DAGs
[2023-03-14T14:08:37.112+0000] {logging_mixin.py:137} INFO - [2023-03-14T14:08:37.112+0000] {dag.py:3441} INFO - Setting next_dagrun for example_external_task_marker_child to None, run_after=None
[2023-03-14T14:08:37.119+0000] {logging_mixin.py:137} INFO - [2023-03-14T14:08:37.118+0000] {dag.py:3441} INFO - Setting next_dagrun for example_external_task_marker_parent to None, run_after=None
[2023-03-14T14:08:37.151+0000] {processor.py:175} INFO - Processing /home/airflow/.local/lib/python3.7/site-packages/airflow/example_dags/example_external_task_marker_dag.py took 0.295 seconds
[2023-03-14T14:09:08.163+0000] {processor.py:153} INFO - Started process (PID=3014) to work on /home/airflow/.local/lib/python3.7/site-packages/airflow/example_dags/example_external_task_marker_dag.py
[2023-03-14T14:09:08.176+0000] {processor.py:743} INFO - Processing file /home/airflow/.local/lib/python3.7/site-packages/airflow/example_dags/example_external_task_marker_dag.py for tasks to queue
[2023-03-14T14:09:08.177+0000] {logging_mixin.py:137} INFO - [2023-03-14T14:09:08.177+0000] {dagbag.py:538} INFO - Filling up the DagBag from /home/airflow/.local/lib/python3.7/site-packages/airflow/example_dags/example_external_task_marker_dag.py
[2023-03-14T14:09:08.285+0000] {processor.py:753} INFO - DAG(s) dict_keys(['example_external_task_marker_parent', 'example_external_task_marker_child']) retrieved from /home/airflow/.local/lib/python3.7/site-packages/airflow/example_dags/example_external_task_marker_dag.py
[2023-03-14T14:09:08.389+0000] {logging_mixin.py:137} INFO - [2023-03-14T14:09:08.388+0000] {dag.py:2690} INFO - Sync 2 DAGs
[2023-03-14T14:09:08.585+0000] {logging_mixin.py:137} INFO - [2023-03-14T14:09:08.585+0000] {dag.py:3441} INFO - Setting next_dagrun for example_external_task_marker_child to None, run_after=None
[2023-03-14T14:09:08.595+0000] {logging_mixin.py:137} INFO - [2023-03-14T14:09:08.595+0000] {dag.py:3441} INFO - Setting next_dagrun for example_external_task_marker_parent to None, run_after=None
[2023-03-14T14:09:08.714+0000] {processor.py:175} INFO - Processing /home/airflow/.local/lib/python3.7/site-packages/airflow/example_dags/example_external_task_marker_dag.py took 0.579 seconds
[2023-03-14T14:09:39.351+0000] {processor.py:153} INFO - Started process (PID=3247) to work on /home/airflow/.local/lib/python3.7/site-packages/airflow/example_dags/example_external_task_marker_dag.py
[2023-03-14T14:09:39.357+0000] {processor.py:743} INFO - Processing file /home/airflow/.local/lib/python3.7/site-packages/airflow/example_dags/example_external_task_marker_dag.py for tasks to queue
[2023-03-14T14:09:39.358+0000] {logging_mixin.py:137} INFO - [2023-03-14T14:09:39.358+0000] {dagbag.py:538} INFO - Filling up the DagBag from /home/airflow/.local/lib/python3.7/site-packages/airflow/example_dags/example_external_task_marker_dag.py
[2023-03-14T14:09:39.402+0000] {processor.py:753} INFO - DAG(s) dict_keys(['example_external_task_marker_child', 'example_external_task_marker_parent']) retrieved from /home/airflow/.local/lib/python3.7/site-packages/airflow/example_dags/example_external_task_marker_dag.py
[2023-03-14T14:09:39.451+0000] {logging_mixin.py:137} INFO - [2023-03-14T14:09:39.451+0000] {dag.py:2690} INFO - Sync 2 DAGs
[2023-03-14T14:09:39.497+0000] {logging_mixin.py:137} INFO - [2023-03-14T14:09:39.497+0000] {dag.py:3441} INFO - Setting next_dagrun for example_external_task_marker_child to None, run_after=None
[2023-03-14T14:09:39.502+0000] {logging_mixin.py:137} INFO - [2023-03-14T14:09:39.502+0000] {dag.py:3441} INFO - Setting next_dagrun for example_external_task_marker_parent to None, run_after=None
[2023-03-14T14:09:39.542+0000] {processor.py:175} INFO - Processing /home/airflow/.local/lib/python3.7/site-packages/airflow/example_dags/example_external_task_marker_dag.py took 0.200 seconds
[2023-03-14T14:10:09.849+0000] {processor.py:153} INFO - Started process (PID=3462) to work on /home/airflow/.local/lib/python3.7/site-packages/airflow/example_dags/example_external_task_marker_dag.py
[2023-03-14T14:10:09.948+0000] {processor.py:743} INFO - Processing file /home/airflow/.local/lib/python3.7/site-packages/airflow/example_dags/example_external_task_marker_dag.py for tasks to queue
[2023-03-14T14:10:09.970+0000] {logging_mixin.py:137} INFO - [2023-03-14T14:10:09.969+0000] {dagbag.py:538} INFO - Filling up the DagBag from /home/airflow/.local/lib/python3.7/site-packages/airflow/example_dags/example_external_task_marker_dag.py
[2023-03-14T14:10:10.184+0000] {processor.py:753} INFO - DAG(s) dict_keys(['example_external_task_marker_parent', 'example_external_task_marker_child']) retrieved from /home/airflow/.local/lib/python3.7/site-packages/airflow/example_dags/example_external_task_marker_dag.py
[2023-03-14T14:10:10.371+0000] {logging_mixin.py:137} INFO - [2023-03-14T14:10:10.371+0000] {dag.py:2690} INFO - Sync 2 DAGs
[2023-03-14T14:10:10.450+0000] {logging_mixin.py:137} INFO - [2023-03-14T14:10:10.446+0000] {dag.py:3441} INFO - Setting next_dagrun for example_external_task_marker_child to None, run_after=None
[2023-03-14T14:10:10.455+0000] {logging_mixin.py:137} INFO - [2023-03-14T14:10:10.455+0000] {dag.py:3441} INFO - Setting next_dagrun for example_external_task_marker_parent to None, run_after=None
[2023-03-14T14:10:10.642+0000] {processor.py:175} INFO - Processing /home/airflow/.local/lib/python3.7/site-packages/airflow/example_dags/example_external_task_marker_dag.py took 0.806 seconds
[2023-03-14T14:10:40.844+0000] {processor.py:153} INFO - Started process (PID=3682) to work on /home/airflow/.local/lib/python3.7/site-packages/airflow/example_dags/example_external_task_marker_dag.py
[2023-03-14T14:10:40.845+0000] {processor.py:743} INFO - Processing file /home/airflow/.local/lib/python3.7/site-packages/airflow/example_dags/example_external_task_marker_dag.py for tasks to queue
[2023-03-14T14:10:40.846+0000] {logging_mixin.py:137} INFO - [2023-03-14T14:10:40.846+0000] {dagbag.py:538} INFO - Filling up the DagBag from /home/airflow/.local/lib/python3.7/site-packages/airflow/example_dags/example_external_task_marker_dag.py
[2023-03-14T14:10:40.865+0000] {processor.py:753} INFO - DAG(s) dict_keys(['example_external_task_marker_parent', 'example_external_task_marker_child']) retrieved from /home/airflow/.local/lib/python3.7/site-packages/airflow/example_dags/example_external_task_marker_dag.py
[2023-03-14T14:10:40.896+0000] {logging_mixin.py:137} INFO - [2023-03-14T14:10:40.896+0000] {dag.py:2690} INFO - Sync 2 DAGs
[2023-03-14T14:10:40.920+0000] {logging_mixin.py:137} INFO - [2023-03-14T14:10:40.920+0000] {dag.py:3441} INFO - Setting next_dagrun for example_external_task_marker_child to None, run_after=None
[2023-03-14T14:10:40.924+0000] {logging_mixin.py:137} INFO - [2023-03-14T14:10:40.924+0000] {dag.py:3441} INFO - Setting next_dagrun for example_external_task_marker_parent to None, run_after=None
[2023-03-14T14:10:40.946+0000] {processor.py:175} INFO - Processing /home/airflow/.local/lib/python3.7/site-packages/airflow/example_dags/example_external_task_marker_dag.py took 0.106 seconds
[2023-03-14T14:11:11.394+0000] {processor.py:153} INFO - Started process (PID=3892) to work on /home/airflow/.local/lib/python3.7/site-packages/airflow/example_dags/example_external_task_marker_dag.py
[2023-03-14T14:11:11.401+0000] {processor.py:743} INFO - Processing file /home/airflow/.local/lib/python3.7/site-packages/airflow/example_dags/example_external_task_marker_dag.py for tasks to queue
[2023-03-14T14:11:11.403+0000] {logging_mixin.py:137} INFO - [2023-03-14T14:11:11.402+0000] {dagbag.py:538} INFO - Filling up the DagBag from /home/airflow/.local/lib/python3.7/site-packages/airflow/example_dags/example_external_task_marker_dag.py
[2023-03-14T14:11:11.582+0000] {processor.py:753} INFO - DAG(s) dict_keys(['example_external_task_marker_child', 'example_external_task_marker_parent']) retrieved from /home/airflow/.local/lib/python3.7/site-packages/airflow/example_dags/example_external_task_marker_dag.py
[2023-03-14T14:11:11.959+0000] {logging_mixin.py:137} INFO - [2023-03-14T14:11:11.959+0000] {dag.py:2690} INFO - Sync 2 DAGs
[2023-03-14T14:11:12.052+0000] {logging_mixin.py:137} INFO - [2023-03-14T14:11:12.052+0000] {dag.py:3441} INFO - Setting next_dagrun for example_external_task_marker_child to None, run_after=None
[2023-03-14T14:11:12.061+0000] {logging_mixin.py:137} INFO - [2023-03-14T14:11:12.061+0000] {dag.py:3441} INFO - Setting next_dagrun for example_external_task_marker_parent to None, run_after=None
[2023-03-14T14:11:12.217+0000] {processor.py:175} INFO - Processing /home/airflow/.local/lib/python3.7/site-packages/airflow/example_dags/example_external_task_marker_dag.py took 0.835 seconds
[2023-03-14T14:11:42.537+0000] {processor.py:153} INFO - Started process (PID=4106) to work on /home/airflow/.local/lib/python3.7/site-packages/airflow/example_dags/example_external_task_marker_dag.py
[2023-03-14T14:11:42.539+0000] {processor.py:743} INFO - Processing file /home/airflow/.local/lib/python3.7/site-packages/airflow/example_dags/example_external_task_marker_dag.py for tasks to queue
[2023-03-14T14:11:42.545+0000] {logging_mixin.py:137} INFO - [2023-03-14T14:11:42.545+0000] {dagbag.py:538} INFO - Filling up the DagBag from /home/airflow/.local/lib/python3.7/site-packages/airflow/example_dags/example_external_task_marker_dag.py
[2023-03-14T14:11:42.587+0000] {processor.py:753} INFO - DAG(s) dict_keys(['example_external_task_marker_child', 'example_external_task_marker_parent']) retrieved from /home/airflow/.local/lib/python3.7/site-packages/airflow/example_dags/example_external_task_marker_dag.py
[2023-03-14T14:11:42.639+0000] {logging_mixin.py:137} INFO - [2023-03-14T14:11:42.639+0000] {dag.py:2690} INFO - Sync 2 DAGs
[2023-03-14T14:11:42.696+0000] {logging_mixin.py:137} INFO - [2023-03-14T14:11:42.696+0000] {dag.py:3441} INFO - Setting next_dagrun for example_external_task_marker_child to None, run_after=None
[2023-03-14T14:11:42.701+0000] {logging_mixin.py:137} INFO - [2023-03-14T14:11:42.700+0000] {dag.py:3441} INFO - Setting next_dagrun for example_external_task_marker_parent to None, run_after=None
[2023-03-14T14:11:42.735+0000] {processor.py:175} INFO - Processing /home/airflow/.local/lib/python3.7/site-packages/airflow/example_dags/example_external_task_marker_dag.py took 0.204 seconds
[2023-03-14T14:12:13.689+0000] {processor.py:153} INFO - Started process (PID=4321) to work on /home/airflow/.local/lib/python3.7/site-packages/airflow/example_dags/example_external_task_marker_dag.py
[2023-03-14T14:12:13.694+0000] {processor.py:743} INFO - Processing file /home/airflow/.local/lib/python3.7/site-packages/airflow/example_dags/example_external_task_marker_dag.py for tasks to queue
[2023-03-14T14:12:13.698+0000] {logging_mixin.py:137} INFO - [2023-03-14T14:12:13.698+0000] {dagbag.py:538} INFO - Filling up the DagBag from /home/airflow/.local/lib/python3.7/site-packages/airflow/example_dags/example_external_task_marker_dag.py
[2023-03-14T14:12:13.735+0000] {processor.py:753} INFO - DAG(s) dict_keys(['example_external_task_marker_parent', 'example_external_task_marker_child']) retrieved from /home/airflow/.local/lib/python3.7/site-packages/airflow/example_dags/example_external_task_marker_dag.py
[2023-03-14T14:12:13.788+0000] {logging_mixin.py:137} INFO - [2023-03-14T14:12:13.788+0000] {dag.py:2690} INFO - Sync 2 DAGs
[2023-03-14T14:12:13.859+0000] {logging_mixin.py:137} INFO - [2023-03-14T14:12:13.859+0000] {dag.py:3441} INFO - Setting next_dagrun for example_external_task_marker_child to None, run_after=None
[2023-03-14T14:12:13.874+0000] {logging_mixin.py:137} INFO - [2023-03-14T14:12:13.873+0000] {dag.py:3441} INFO - Setting next_dagrun for example_external_task_marker_parent to None, run_after=None
[2023-03-14T14:12:13.934+0000] {processor.py:175} INFO - Processing /home/airflow/.local/lib/python3.7/site-packages/airflow/example_dags/example_external_task_marker_dag.py took 0.251 seconds
[2023-03-14T14:12:44.100+0000] {processor.py:153} INFO - Started process (PID=4543) to work on /home/airflow/.local/lib/python3.7/site-packages/airflow/example_dags/example_external_task_marker_dag.py
[2023-03-14T14:12:44.119+0000] {processor.py:743} INFO - Processing file /home/airflow/.local/lib/python3.7/site-packages/airflow/example_dags/example_external_task_marker_dag.py for tasks to queue
[2023-03-14T14:12:44.123+0000] {logging_mixin.py:137} INFO - [2023-03-14T14:12:44.123+0000] {dagbag.py:538} INFO - Filling up the DagBag from /home/airflow/.local/lib/python3.7/site-packages/airflow/example_dags/example_external_task_marker_dag.py
[2023-03-14T14:12:44.168+0000] {processor.py:753} INFO - DAG(s) dict_keys(['example_external_task_marker_parent', 'example_external_task_marker_child']) retrieved from /home/airflow/.local/lib/python3.7/site-packages/airflow/example_dags/example_external_task_marker_dag.py
[2023-03-14T14:12:44.265+0000] {logging_mixin.py:137} INFO - [2023-03-14T14:12:44.265+0000] {dag.py:2690} INFO - Sync 2 DAGs
[2023-03-14T14:12:44.346+0000] {logging_mixin.py:137} INFO - [2023-03-14T14:12:44.345+0000] {dag.py:3441} INFO - Setting next_dagrun for example_external_task_marker_child to None, run_after=None
[2023-03-14T14:12:44.356+0000] {logging_mixin.py:137} INFO - [2023-03-14T14:12:44.356+0000] {dag.py:3441} INFO - Setting next_dagrun for example_external_task_marker_parent to None, run_after=None
[2023-03-14T14:12:44.397+0000] {processor.py:175} INFO - Processing /home/airflow/.local/lib/python3.7/site-packages/airflow/example_dags/example_external_task_marker_dag.py took 0.304 seconds
[2023-03-14T14:13:14.502+0000] {processor.py:153} INFO - Started process (PID=4751) to work on /home/airflow/.local/lib/python3.7/site-packages/airflow/example_dags/example_external_task_marker_dag.py
[2023-03-14T14:13:14.503+0000] {processor.py:743} INFO - Processing file /home/airflow/.local/lib/python3.7/site-packages/airflow/example_dags/example_external_task_marker_dag.py for tasks to queue
[2023-03-14T14:13:14.504+0000] {logging_mixin.py:137} INFO - [2023-03-14T14:13:14.504+0000] {dagbag.py:538} INFO - Filling up the DagBag from /home/airflow/.local/lib/python3.7/site-packages/airflow/example_dags/example_external_task_marker_dag.py
[2023-03-14T14:13:14.530+0000] {processor.py:753} INFO - DAG(s) dict_keys(['example_external_task_marker_parent', 'example_external_task_marker_child']) retrieved from /home/airflow/.local/lib/python3.7/site-packages/airflow/example_dags/example_external_task_marker_dag.py
[2023-03-14T14:13:14.576+0000] {logging_mixin.py:137} INFO - [2023-03-14T14:13:14.576+0000] {dag.py:2690} INFO - Sync 2 DAGs
[2023-03-14T14:13:14.615+0000] {logging_mixin.py:137} INFO - [2023-03-14T14:13:14.615+0000] {dag.py:3441} INFO - Setting next_dagrun for example_external_task_marker_child to None, run_after=None
[2023-03-14T14:13:14.620+0000] {logging_mixin.py:137} INFO - [2023-03-14T14:13:14.620+0000] {dag.py:3441} INFO - Setting next_dagrun for example_external_task_marker_parent to None, run_after=None
[2023-03-14T14:13:14.653+0000] {processor.py:175} INFO - Processing /home/airflow/.local/lib/python3.7/site-packages/airflow/example_dags/example_external_task_marker_dag.py took 0.157 seconds
[2023-03-14T14:13:44.894+0000] {processor.py:153} INFO - Started process (PID=4975) to work on /home/airflow/.local/lib/python3.7/site-packages/airflow/example_dags/example_external_task_marker_dag.py
[2023-03-14T14:13:44.896+0000] {processor.py:743} INFO - Processing file /home/airflow/.local/lib/python3.7/site-packages/airflow/example_dags/example_external_task_marker_dag.py for tasks to queue
[2023-03-14T14:13:44.905+0000] {logging_mixin.py:137} INFO - [2023-03-14T14:13:44.905+0000] {dagbag.py:538} INFO - Filling up the DagBag from /home/airflow/.local/lib/python3.7/site-packages/airflow/example_dags/example_external_task_marker_dag.py
[2023-03-14T14:13:44.950+0000] {processor.py:753} INFO - DAG(s) dict_keys(['example_external_task_marker_child', 'example_external_task_marker_parent']) retrieved from /home/airflow/.local/lib/python3.7/site-packages/airflow/example_dags/example_external_task_marker_dag.py
[2023-03-14T14:13:45.045+0000] {logging_mixin.py:137} INFO - [2023-03-14T14:13:45.045+0000] {dag.py:2690} INFO - Sync 2 DAGs
[2023-03-14T14:13:45.182+0000] {logging_mixin.py:137} INFO - [2023-03-14T14:13:45.181+0000] {dag.py:3441} INFO - Setting next_dagrun for example_external_task_marker_child to None, run_after=None
[2023-03-14T14:13:45.203+0000] {logging_mixin.py:137} INFO - [2023-03-14T14:13:45.202+0000] {dag.py:3441} INFO - Setting next_dagrun for example_external_task_marker_parent to None, run_after=None
[2023-03-14T14:13:45.293+0000] {processor.py:175} INFO - Processing /home/airflow/.local/lib/python3.7/site-packages/airflow/example_dags/example_external_task_marker_dag.py took 0.405 seconds
[2023-03-14T14:14:15.372+0000] {processor.py:153} INFO - Started process (PID=5190) to work on /home/airflow/.local/lib/python3.7/site-packages/airflow/example_dags/example_external_task_marker_dag.py
[2023-03-14T14:14:15.374+0000] {processor.py:743} INFO - Processing file /home/airflow/.local/lib/python3.7/site-packages/airflow/example_dags/example_external_task_marker_dag.py for tasks to queue
[2023-03-14T14:14:15.375+0000] {logging_mixin.py:137} INFO - [2023-03-14T14:14:15.375+0000] {dagbag.py:538} INFO - Filling up the DagBag from /home/airflow/.local/lib/python3.7/site-packages/airflow/example_dags/example_external_task_marker_dag.py
[2023-03-14T14:14:15.490+0000] {processor.py:753} INFO - DAG(s) dict_keys(['example_external_task_marker_parent', 'example_external_task_marker_child']) retrieved from /home/airflow/.local/lib/python3.7/site-packages/airflow/example_dags/example_external_task_marker_dag.py
[2023-03-14T14:14:15.596+0000] {logging_mixin.py:137} INFO - [2023-03-14T14:14:15.595+0000] {dag.py:2690} INFO - Sync 2 DAGs
[2023-03-14T14:14:15.649+0000] {logging_mixin.py:137} INFO - [2023-03-14T14:14:15.649+0000] {dag.py:3441} INFO - Setting next_dagrun for example_external_task_marker_child to None, run_after=None
[2023-03-14T14:14:15.654+0000] {logging_mixin.py:137} INFO - [2023-03-14T14:14:15.654+0000] {dag.py:3441} INFO - Setting next_dagrun for example_external_task_marker_parent to None, run_after=None
[2023-03-14T14:14:15.710+0000] {processor.py:175} INFO - Processing /home/airflow/.local/lib/python3.7/site-packages/airflow/example_dags/example_external_task_marker_dag.py took 0.351 seconds
[2023-03-14T14:14:46.370+0000] {processor.py:153} INFO - Started process (PID=5406) to work on /home/airflow/.local/lib/python3.7/site-packages/airflow/example_dags/example_external_task_marker_dag.py
[2023-03-14T14:14:46.371+0000] {processor.py:743} INFO - Processing file /home/airflow/.local/lib/python3.7/site-packages/airflow/example_dags/example_external_task_marker_dag.py for tasks to queue
[2023-03-14T14:14:46.372+0000] {logging_mixin.py:137} INFO - [2023-03-14T14:14:46.372+0000] {dagbag.py:538} INFO - Filling up the DagBag from /home/airflow/.local/lib/python3.7/site-packages/airflow/example_dags/example_external_task_marker_dag.py
[2023-03-14T14:14:46.428+0000] {processor.py:753} INFO - DAG(s) dict_keys(['example_external_task_marker_parent', 'example_external_task_marker_child']) retrieved from /home/airflow/.local/lib/python3.7/site-packages/airflow/example_dags/example_external_task_marker_dag.py
[2023-03-14T14:14:46.532+0000] {logging_mixin.py:137} INFO - [2023-03-14T14:14:46.532+0000] {dag.py:2690} INFO - Sync 2 DAGs
[2023-03-14T14:14:46.596+0000] {logging_mixin.py:137} INFO - [2023-03-14T14:14:46.595+0000] {dag.py:3441} INFO - Setting next_dagrun for example_external_task_marker_child to None, run_after=None
[2023-03-14T14:14:46.600+0000] {logging_mixin.py:137} INFO - [2023-03-14T14:14:46.600+0000] {dag.py:3441} INFO - Setting next_dagrun for example_external_task_marker_parent to None, run_after=None
[2023-03-14T14:14:46.633+0000] {processor.py:175} INFO - Processing /home/airflow/.local/lib/python3.7/site-packages/airflow/example_dags/example_external_task_marker_dag.py took 0.268 seconds
[2023-03-14T14:15:17.294+0000] {processor.py:153} INFO - Started process (PID=5620) to work on /home/airflow/.local/lib/python3.7/site-packages/airflow/example_dags/example_external_task_marker_dag.py
[2023-03-14T14:15:17.295+0000] {processor.py:743} INFO - Processing file /home/airflow/.local/lib/python3.7/site-packages/airflow/example_dags/example_external_task_marker_dag.py for tasks to queue
[2023-03-14T14:15:17.296+0000] {logging_mixin.py:137} INFO - [2023-03-14T14:15:17.296+0000] {dagbag.py:538} INFO - Filling up the DagBag from /home/airflow/.local/lib/python3.7/site-packages/airflow/example_dags/example_external_task_marker_dag.py
[2023-03-14T14:15:17.317+0000] {processor.py:753} INFO - DAG(s) dict_keys(['example_external_task_marker_child', 'example_external_task_marker_parent']) retrieved from /home/airflow/.local/lib/python3.7/site-packages/airflow/example_dags/example_external_task_marker_dag.py
[2023-03-14T14:15:17.361+0000] {logging_mixin.py:137} INFO - [2023-03-14T14:15:17.360+0000] {dag.py:2690} INFO - Sync 2 DAGs
[2023-03-14T14:15:17.402+0000] {logging_mixin.py:137} INFO - [2023-03-14T14:15:17.402+0000] {dag.py:3441} INFO - Setting next_dagrun for example_external_task_marker_child to None, run_after=None
[2023-03-14T14:15:17.407+0000] {logging_mixin.py:137} INFO - [2023-03-14T14:15:17.406+0000] {dag.py:3441} INFO - Setting next_dagrun for example_external_task_marker_parent to None, run_after=None
[2023-03-14T14:15:17.435+0000] {processor.py:175} INFO - Processing /home/airflow/.local/lib/python3.7/site-packages/airflow/example_dags/example_external_task_marker_dag.py took 0.148 seconds
