[2023-03-14T14:02:37.418+0000] {processor.py:153} INFO - Started process (PID=363) to work on /home/airflow/.local/lib/python3.7/site-packages/airflow/example_dags/example_dag_decorator.py
[2023-03-14T14:02:37.420+0000] {processor.py:743} INFO - Processing file /home/airflow/.local/lib/python3.7/site-packages/airflow/example_dags/example_dag_decorator.py for tasks to queue
[2023-03-14T14:02:37.421+0000] {logging_mixin.py:137} INFO - [2023-03-14T14:02:37.421+0000] {dagbag.py:538} INFO - Filling up the DagBag from /home/airflow/.local/lib/python3.7/site-packages/airflow/example_dags/example_dag_decorator.py
[2023-03-14T14:02:37.506+0000] {logging_mixin.py:137} INFO - [2023-03-14T14:02:37.505+0000] {taskmixin.py:205} WARNING - Dependency <Task(_PythonDecoratedOperator): prepare_email>, send_email already registered for DAG: example_dag_decorator
[2023-03-14T14:02:37.516+0000] {logging_mixin.py:137} INFO - [2023-03-14T14:02:37.516+0000] {taskmixin.py:205} WARNING - Dependency <Task(EmailOperator): send_email>, prepare_email already registered for DAG: example_dag_decorator
[2023-03-14T14:02:37.670+0000] {processor.py:753} INFO - DAG(s) dict_keys(['example_dag_decorator']) retrieved from /home/airflow/.local/lib/python3.7/site-packages/airflow/example_dags/example_dag_decorator.py
[2023-03-14T14:02:38.105+0000] {logging_mixin.py:137} INFO - [2023-03-14T14:02:38.104+0000] {dag.py:2690} INFO - Sync 1 DAGs
[2023-03-14T14:02:38.221+0000] {logging_mixin.py:137} INFO - [2023-03-14T14:02:38.221+0000] {dag.py:3441} INFO - Setting next_dagrun for example_dag_decorator to None, run_after=None
[2023-03-14T14:02:38.299+0000] {processor.py:175} INFO - Processing /home/airflow/.local/lib/python3.7/site-packages/airflow/example_dags/example_dag_decorator.py took 0.895 seconds
[2023-03-14T14:03:09.160+0000] {processor.py:153} INFO - Started process (PID=576) to work on /home/airflow/.local/lib/python3.7/site-packages/airflow/example_dags/example_dag_decorator.py
[2023-03-14T14:03:09.166+0000] {processor.py:743} INFO - Processing file /home/airflow/.local/lib/python3.7/site-packages/airflow/example_dags/example_dag_decorator.py for tasks to queue
[2023-03-14T14:03:09.167+0000] {logging_mixin.py:137} INFO - [2023-03-14T14:03:09.167+0000] {dagbag.py:538} INFO - Filling up the DagBag from /home/airflow/.local/lib/python3.7/site-packages/airflow/example_dags/example_dag_decorator.py
[2023-03-14T14:03:09.223+0000] {logging_mixin.py:137} INFO - [2023-03-14T14:03:09.223+0000] {taskmixin.py:205} WARNING - Dependency <Task(_PythonDecoratedOperator): prepare_email>, send_email already registered for DAG: example_dag_decorator
[2023-03-14T14:03:09.223+0000] {logging_mixin.py:137} INFO - [2023-03-14T14:03:09.223+0000] {taskmixin.py:205} WARNING - Dependency <Task(EmailOperator): send_email>, prepare_email already registered for DAG: example_dag_decorator
[2023-03-14T14:03:09.288+0000] {processor.py:753} INFO - DAG(s) dict_keys(['example_dag_decorator']) retrieved from /home/airflow/.local/lib/python3.7/site-packages/airflow/example_dags/example_dag_decorator.py
[2023-03-14T14:03:09.430+0000] {logging_mixin.py:137} INFO - [2023-03-14T14:03:09.430+0000] {dag.py:2690} INFO - Sync 1 DAGs
[2023-03-14T14:03:09.468+0000] {logging_mixin.py:137} INFO - [2023-03-14T14:03:09.468+0000] {dag.py:3441} INFO - Setting next_dagrun for example_dag_decorator to None, run_after=None
[2023-03-14T14:03:09.511+0000] {processor.py:175} INFO - Processing /home/airflow/.local/lib/python3.7/site-packages/airflow/example_dags/example_dag_decorator.py took 0.365 seconds
[2023-03-14T14:03:40.232+0000] {processor.py:153} INFO - Started process (PID=791) to work on /home/airflow/.local/lib/python3.7/site-packages/airflow/example_dags/example_dag_decorator.py
[2023-03-14T14:03:40.234+0000] {processor.py:743} INFO - Processing file /home/airflow/.local/lib/python3.7/site-packages/airflow/example_dags/example_dag_decorator.py for tasks to queue
[2023-03-14T14:03:40.234+0000] {logging_mixin.py:137} INFO - [2023-03-14T14:03:40.234+0000] {dagbag.py:538} INFO - Filling up the DagBag from /home/airflow/.local/lib/python3.7/site-packages/airflow/example_dags/example_dag_decorator.py
[2023-03-14T14:03:40.263+0000] {logging_mixin.py:137} INFO - [2023-03-14T14:03:40.262+0000] {taskmixin.py:205} WARNING - Dependency <Task(_PythonDecoratedOperator): prepare_email>, send_email already registered for DAG: example_dag_decorator
[2023-03-14T14:03:40.263+0000] {logging_mixin.py:137} INFO - [2023-03-14T14:03:40.263+0000] {taskmixin.py:205} WARNING - Dependency <Task(EmailOperator): send_email>, prepare_email already registered for DAG: example_dag_decorator
[2023-03-14T14:03:40.281+0000] {processor.py:753} INFO - DAG(s) dict_keys(['example_dag_decorator']) retrieved from /home/airflow/.local/lib/python3.7/site-packages/airflow/example_dags/example_dag_decorator.py
[2023-03-14T14:03:40.558+0000] {logging_mixin.py:137} INFO - [2023-03-14T14:03:40.558+0000] {dag.py:2690} INFO - Sync 1 DAGs
[2023-03-14T14:03:40.595+0000] {logging_mixin.py:137} INFO - [2023-03-14T14:03:40.595+0000] {dag.py:3441} INFO - Setting next_dagrun for example_dag_decorator to None, run_after=None
[2023-03-14T14:03:40.629+0000] {processor.py:175} INFO - Processing /home/airflow/.local/lib/python3.7/site-packages/airflow/example_dags/example_dag_decorator.py took 0.401 seconds
[2023-03-14T14:04:11.579+0000] {processor.py:153} INFO - Started process (PID=1005) to work on /home/airflow/.local/lib/python3.7/site-packages/airflow/example_dags/example_dag_decorator.py
[2023-03-14T14:04:11.582+0000] {processor.py:743} INFO - Processing file /home/airflow/.local/lib/python3.7/site-packages/airflow/example_dags/example_dag_decorator.py for tasks to queue
[2023-03-14T14:04:11.584+0000] {logging_mixin.py:137} INFO - [2023-03-14T14:04:11.584+0000] {dagbag.py:538} INFO - Filling up the DagBag from /home/airflow/.local/lib/python3.7/site-packages/airflow/example_dags/example_dag_decorator.py
[2023-03-14T14:04:11.638+0000] {logging_mixin.py:137} INFO - [2023-03-14T14:04:11.638+0000] {taskmixin.py:205} WARNING - Dependency <Task(_PythonDecoratedOperator): prepare_email>, send_email already registered for DAG: example_dag_decorator
[2023-03-14T14:04:11.642+0000] {logging_mixin.py:137} INFO - [2023-03-14T14:04:11.642+0000] {taskmixin.py:205} WARNING - Dependency <Task(EmailOperator): send_email>, prepare_email already registered for DAG: example_dag_decorator
[2023-03-14T14:04:11.677+0000] {processor.py:753} INFO - DAG(s) dict_keys(['example_dag_decorator']) retrieved from /home/airflow/.local/lib/python3.7/site-packages/airflow/example_dags/example_dag_decorator.py
[2023-03-14T14:04:11.950+0000] {logging_mixin.py:137} INFO - [2023-03-14T14:04:11.950+0000] {dag.py:2690} INFO - Sync 1 DAGs
[2023-03-14T14:04:12.029+0000] {logging_mixin.py:137} INFO - [2023-03-14T14:04:12.029+0000] {dag.py:3441} INFO - Setting next_dagrun for example_dag_decorator to None, run_after=None
[2023-03-14T14:04:12.102+0000] {processor.py:175} INFO - Processing /home/airflow/.local/lib/python3.7/site-packages/airflow/example_dags/example_dag_decorator.py took 0.532 seconds
[2023-03-14T14:04:42.404+0000] {processor.py:153} INFO - Started process (PID=1221) to work on /home/airflow/.local/lib/python3.7/site-packages/airflow/example_dags/example_dag_decorator.py
[2023-03-14T14:04:42.405+0000] {processor.py:743} INFO - Processing file /home/airflow/.local/lib/python3.7/site-packages/airflow/example_dags/example_dag_decorator.py for tasks to queue
[2023-03-14T14:04:42.407+0000] {logging_mixin.py:137} INFO - [2023-03-14T14:04:42.407+0000] {dagbag.py:538} INFO - Filling up the DagBag from /home/airflow/.local/lib/python3.7/site-packages/airflow/example_dags/example_dag_decorator.py
[2023-03-14T14:04:42.434+0000] {logging_mixin.py:137} INFO - [2023-03-14T14:04:42.434+0000] {taskmixin.py:205} WARNING - Dependency <Task(_PythonDecoratedOperator): prepare_email>, send_email already registered for DAG: example_dag_decorator
[2023-03-14T14:04:42.435+0000] {logging_mixin.py:137} INFO - [2023-03-14T14:04:42.435+0000] {taskmixin.py:205} WARNING - Dependency <Task(EmailOperator): send_email>, prepare_email already registered for DAG: example_dag_decorator
[2023-03-14T14:04:42.454+0000] {processor.py:753} INFO - DAG(s) dict_keys(['example_dag_decorator']) retrieved from /home/airflow/.local/lib/python3.7/site-packages/airflow/example_dags/example_dag_decorator.py
[2023-03-14T14:04:42.560+0000] {logging_mixin.py:137} INFO - [2023-03-14T14:04:42.560+0000] {dag.py:2690} INFO - Sync 1 DAGs
[2023-03-14T14:04:42.598+0000] {logging_mixin.py:137} INFO - [2023-03-14T14:04:42.598+0000] {dag.py:3441} INFO - Setting next_dagrun for example_dag_decorator to None, run_after=None
[2023-03-14T14:04:42.633+0000] {processor.py:175} INFO - Processing /home/airflow/.local/lib/python3.7/site-packages/airflow/example_dags/example_dag_decorator.py took 0.235 seconds
[2023-03-14T14:05:13.243+0000] {processor.py:153} INFO - Started process (PID=1435) to work on /home/airflow/.local/lib/python3.7/site-packages/airflow/example_dags/example_dag_decorator.py
[2023-03-14T14:05:13.244+0000] {processor.py:743} INFO - Processing file /home/airflow/.local/lib/python3.7/site-packages/airflow/example_dags/example_dag_decorator.py for tasks to queue
[2023-03-14T14:05:13.245+0000] {logging_mixin.py:137} INFO - [2023-03-14T14:05:13.245+0000] {dagbag.py:538} INFO - Filling up the DagBag from /home/airflow/.local/lib/python3.7/site-packages/airflow/example_dags/example_dag_decorator.py
[2023-03-14T14:05:13.281+0000] {logging_mixin.py:137} INFO - [2023-03-14T14:05:13.281+0000] {taskmixin.py:205} WARNING - Dependency <Task(_PythonDecoratedOperator): prepare_email>, send_email already registered for DAG: example_dag_decorator
[2023-03-14T14:05:13.282+0000] {logging_mixin.py:137} INFO - [2023-03-14T14:05:13.281+0000] {taskmixin.py:205} WARNING - Dependency <Task(EmailOperator): send_email>, prepare_email already registered for DAG: example_dag_decorator
[2023-03-14T14:05:13.300+0000] {processor.py:753} INFO - DAG(s) dict_keys(['example_dag_decorator']) retrieved from /home/airflow/.local/lib/python3.7/site-packages/airflow/example_dags/example_dag_decorator.py
[2023-03-14T14:05:13.433+0000] {logging_mixin.py:137} INFO - [2023-03-14T14:05:13.433+0000] {dag.py:2690} INFO - Sync 1 DAGs
[2023-03-14T14:05:13.480+0000] {logging_mixin.py:137} INFO - [2023-03-14T14:05:13.480+0000] {dag.py:3441} INFO - Setting next_dagrun for example_dag_decorator to None, run_after=None
[2023-03-14T14:05:13.514+0000] {processor.py:175} INFO - Processing /home/airflow/.local/lib/python3.7/site-packages/airflow/example_dags/example_dag_decorator.py took 0.276 seconds
[2023-03-14T14:05:43.600+0000] {processor.py:153} INFO - Started process (PID=1660) to work on /home/airflow/.local/lib/python3.7/site-packages/airflow/example_dags/example_dag_decorator.py
[2023-03-14T14:05:43.601+0000] {processor.py:743} INFO - Processing file /home/airflow/.local/lib/python3.7/site-packages/airflow/example_dags/example_dag_decorator.py for tasks to queue
[2023-03-14T14:05:43.602+0000] {logging_mixin.py:137} INFO - [2023-03-14T14:05:43.602+0000] {dagbag.py:538} INFO - Filling up the DagBag from /home/airflow/.local/lib/python3.7/site-packages/airflow/example_dags/example_dag_decorator.py
[2023-03-14T14:05:43.653+0000] {logging_mixin.py:137} INFO - [2023-03-14T14:05:43.653+0000] {taskmixin.py:205} WARNING - Dependency <Task(_PythonDecoratedOperator): prepare_email>, send_email already registered for DAG: example_dag_decorator
[2023-03-14T14:05:43.653+0000] {logging_mixin.py:137} INFO - [2023-03-14T14:05:43.653+0000] {taskmixin.py:205} WARNING - Dependency <Task(EmailOperator): send_email>, prepare_email already registered for DAG: example_dag_decorator
[2023-03-14T14:05:43.701+0000] {processor.py:753} INFO - DAG(s) dict_keys(['example_dag_decorator']) retrieved from /home/airflow/.local/lib/python3.7/site-packages/airflow/example_dags/example_dag_decorator.py
[2023-03-14T14:05:44.019+0000] {logging_mixin.py:137} INFO - [2023-03-14T14:05:44.019+0000] {dag.py:2690} INFO - Sync 1 DAGs
[2023-03-14T14:05:44.059+0000] {logging_mixin.py:137} INFO - [2023-03-14T14:05:44.059+0000] {dag.py:3441} INFO - Setting next_dagrun for example_dag_decorator to None, run_after=None
[2023-03-14T14:05:44.109+0000] {processor.py:175} INFO - Processing /home/airflow/.local/lib/python3.7/site-packages/airflow/example_dags/example_dag_decorator.py took 0.515 seconds
[2023-03-14T14:06:14.585+0000] {processor.py:153} INFO - Started process (PID=1875) to work on /home/airflow/.local/lib/python3.7/site-packages/airflow/example_dags/example_dag_decorator.py
[2023-03-14T14:06:14.589+0000] {processor.py:743} INFO - Processing file /home/airflow/.local/lib/python3.7/site-packages/airflow/example_dags/example_dag_decorator.py for tasks to queue
[2023-03-14T14:06:14.590+0000] {logging_mixin.py:137} INFO - [2023-03-14T14:06:14.590+0000] {dagbag.py:538} INFO - Filling up the DagBag from /home/airflow/.local/lib/python3.7/site-packages/airflow/example_dags/example_dag_decorator.py
[2023-03-14T14:06:14.616+0000] {logging_mixin.py:137} INFO - [2023-03-14T14:06:14.616+0000] {taskmixin.py:205} WARNING - Dependency <Task(_PythonDecoratedOperator): prepare_email>, send_email already registered for DAG: example_dag_decorator
[2023-03-14T14:06:14.617+0000] {logging_mixin.py:137} INFO - [2023-03-14T14:06:14.617+0000] {taskmixin.py:205} WARNING - Dependency <Task(EmailOperator): send_email>, prepare_email already registered for DAG: example_dag_decorator
[2023-03-14T14:06:14.634+0000] {processor.py:753} INFO - DAG(s) dict_keys(['example_dag_decorator']) retrieved from /home/airflow/.local/lib/python3.7/site-packages/airflow/example_dags/example_dag_decorator.py
[2023-03-14T14:06:14.778+0000] {logging_mixin.py:137} INFO - [2023-03-14T14:06:14.778+0000] {dag.py:2690} INFO - Sync 1 DAGs
[2023-03-14T14:06:14.831+0000] {logging_mixin.py:137} INFO - [2023-03-14T14:06:14.831+0000] {dag.py:3441} INFO - Setting next_dagrun for example_dag_decorator to None, run_after=None
[2023-03-14T14:06:14.881+0000] {processor.py:175} INFO - Processing /home/airflow/.local/lib/python3.7/site-packages/airflow/example_dags/example_dag_decorator.py took 0.302 seconds
[2023-03-14T14:06:45.232+0000] {processor.py:153} INFO - Started process (PID=2089) to work on /home/airflow/.local/lib/python3.7/site-packages/airflow/example_dags/example_dag_decorator.py
[2023-03-14T14:06:45.237+0000] {processor.py:743} INFO - Processing file /home/airflow/.local/lib/python3.7/site-packages/airflow/example_dags/example_dag_decorator.py for tasks to queue
[2023-03-14T14:06:45.238+0000] {logging_mixin.py:137} INFO - [2023-03-14T14:06:45.237+0000] {dagbag.py:538} INFO - Filling up the DagBag from /home/airflow/.local/lib/python3.7/site-packages/airflow/example_dags/example_dag_decorator.py
[2023-03-14T14:06:45.303+0000] {logging_mixin.py:137} INFO - [2023-03-14T14:06:45.302+0000] {taskmixin.py:205} WARNING - Dependency <Task(_PythonDecoratedOperator): prepare_email>, send_email already registered for DAG: example_dag_decorator
[2023-03-14T14:06:45.303+0000] {logging_mixin.py:137} INFO - [2023-03-14T14:06:45.303+0000] {taskmixin.py:205} WARNING - Dependency <Task(EmailOperator): send_email>, prepare_email already registered for DAG: example_dag_decorator
[2023-03-14T14:06:45.326+0000] {processor.py:753} INFO - DAG(s) dict_keys(['example_dag_decorator']) retrieved from /home/airflow/.local/lib/python3.7/site-packages/airflow/example_dags/example_dag_decorator.py
[2023-03-14T14:06:45.564+0000] {logging_mixin.py:137} INFO - [2023-03-14T14:06:45.563+0000] {dag.py:2690} INFO - Sync 1 DAGs
[2023-03-14T14:06:45.647+0000] {logging_mixin.py:137} INFO - [2023-03-14T14:06:45.647+0000] {dag.py:3441} INFO - Setting next_dagrun for example_dag_decorator to None, run_after=None
[2023-03-14T14:06:45.713+0000] {processor.py:175} INFO - Processing /home/airflow/.local/lib/python3.7/site-packages/airflow/example_dags/example_dag_decorator.py took 0.499 seconds
[2023-03-14T14:07:16.081+0000] {processor.py:153} INFO - Started process (PID=2303) to work on /home/airflow/.local/lib/python3.7/site-packages/airflow/example_dags/example_dag_decorator.py
[2023-03-14T14:07:16.082+0000] {processor.py:743} INFO - Processing file /home/airflow/.local/lib/python3.7/site-packages/airflow/example_dags/example_dag_decorator.py for tasks to queue
[2023-03-14T14:07:16.085+0000] {logging_mixin.py:137} INFO - [2023-03-14T14:07:16.085+0000] {dagbag.py:538} INFO - Filling up the DagBag from /home/airflow/.local/lib/python3.7/site-packages/airflow/example_dags/example_dag_decorator.py
[2023-03-14T14:07:16.155+0000] {logging_mixin.py:137} INFO - [2023-03-14T14:07:16.155+0000] {taskmixin.py:205} WARNING - Dependency <Task(_PythonDecoratedOperator): prepare_email>, send_email already registered for DAG: example_dag_decorator
[2023-03-14T14:07:16.156+0000] {logging_mixin.py:137} INFO - [2023-03-14T14:07:16.156+0000] {taskmixin.py:205} WARNING - Dependency <Task(EmailOperator): send_email>, prepare_email already registered for DAG: example_dag_decorator
[2023-03-14T14:07:16.218+0000] {processor.py:753} INFO - DAG(s) dict_keys(['example_dag_decorator']) retrieved from /home/airflow/.local/lib/python3.7/site-packages/airflow/example_dags/example_dag_decorator.py
[2023-03-14T14:07:16.478+0000] {logging_mixin.py:137} INFO - [2023-03-14T14:07:16.478+0000] {dag.py:2690} INFO - Sync 1 DAGs
[2023-03-14T14:07:16.545+0000] {logging_mixin.py:137} INFO - [2023-03-14T14:07:16.545+0000] {dag.py:3441} INFO - Setting next_dagrun for example_dag_decorator to None, run_after=None
[2023-03-14T14:07:16.590+0000] {processor.py:175} INFO - Processing /home/airflow/.local/lib/python3.7/site-packages/airflow/example_dags/example_dag_decorator.py took 0.519 seconds
[2023-03-14T14:07:47.037+0000] {processor.py:153} INFO - Started process (PID=2525) to work on /home/airflow/.local/lib/python3.7/site-packages/airflow/example_dags/example_dag_decorator.py
[2023-03-14T14:07:47.038+0000] {processor.py:743} INFO - Processing file /home/airflow/.local/lib/python3.7/site-packages/airflow/example_dags/example_dag_decorator.py for tasks to queue
[2023-03-14T14:07:47.039+0000] {logging_mixin.py:137} INFO - [2023-03-14T14:07:47.039+0000] {dagbag.py:538} INFO - Filling up the DagBag from /home/airflow/.local/lib/python3.7/site-packages/airflow/example_dags/example_dag_decorator.py
[2023-03-14T14:07:47.106+0000] {logging_mixin.py:137} INFO - [2023-03-14T14:07:47.106+0000] {taskmixin.py:205} WARNING - Dependency <Task(_PythonDecoratedOperator): prepare_email>, send_email already registered for DAG: example_dag_decorator
[2023-03-14T14:07:47.106+0000] {logging_mixin.py:137} INFO - [2023-03-14T14:07:47.106+0000] {taskmixin.py:205} WARNING - Dependency <Task(EmailOperator): send_email>, prepare_email already registered for DAG: example_dag_decorator
[2023-03-14T14:07:47.133+0000] {processor.py:753} INFO - DAG(s) dict_keys(['example_dag_decorator']) retrieved from /home/airflow/.local/lib/python3.7/site-packages/airflow/example_dags/example_dag_decorator.py
[2023-03-14T14:07:47.267+0000] {logging_mixin.py:137} INFO - [2023-03-14T14:07:47.267+0000] {dag.py:2690} INFO - Sync 1 DAGs
[2023-03-14T14:07:47.305+0000] {logging_mixin.py:137} INFO - [2023-03-14T14:07:47.304+0000] {dag.py:3441} INFO - Setting next_dagrun for example_dag_decorator to None, run_after=None
[2023-03-14T14:07:47.345+0000] {processor.py:175} INFO - Processing /home/airflow/.local/lib/python3.7/site-packages/airflow/example_dags/example_dag_decorator.py took 0.314 seconds
[2023-03-14T14:08:17.861+0000] {processor.py:153} INFO - Started process (PID=2743) to work on /home/airflow/.local/lib/python3.7/site-packages/airflow/example_dags/example_dag_decorator.py
[2023-03-14T14:08:17.864+0000] {processor.py:743} INFO - Processing file /home/airflow/.local/lib/python3.7/site-packages/airflow/example_dags/example_dag_decorator.py for tasks to queue
[2023-03-14T14:08:17.866+0000] {logging_mixin.py:137} INFO - [2023-03-14T14:08:17.866+0000] {dagbag.py:538} INFO - Filling up the DagBag from /home/airflow/.local/lib/python3.7/site-packages/airflow/example_dags/example_dag_decorator.py
[2023-03-14T14:08:17.923+0000] {logging_mixin.py:137} INFO - [2023-03-14T14:08:17.923+0000] {taskmixin.py:205} WARNING - Dependency <Task(_PythonDecoratedOperator): prepare_email>, send_email already registered for DAG: example_dag_decorator
[2023-03-14T14:08:17.925+0000] {logging_mixin.py:137} INFO - [2023-03-14T14:08:17.924+0000] {taskmixin.py:205} WARNING - Dependency <Task(EmailOperator): send_email>, prepare_email already registered for DAG: example_dag_decorator
[2023-03-14T14:08:17.984+0000] {processor.py:753} INFO - DAG(s) dict_keys(['example_dag_decorator']) retrieved from /home/airflow/.local/lib/python3.7/site-packages/airflow/example_dags/example_dag_decorator.py
[2023-03-14T14:08:18.198+0000] {logging_mixin.py:137} INFO - [2023-03-14T14:08:18.197+0000] {dag.py:2690} INFO - Sync 1 DAGs
[2023-03-14T14:08:18.241+0000] {logging_mixin.py:137} INFO - [2023-03-14T14:08:18.241+0000] {dag.py:3441} INFO - Setting next_dagrun for example_dag_decorator to None, run_after=None
[2023-03-14T14:08:18.295+0000] {processor.py:175} INFO - Processing /home/airflow/.local/lib/python3.7/site-packages/airflow/example_dags/example_dag_decorator.py took 0.443 seconds
[2023-03-14T14:08:51.739+0000] {processor.py:153} INFO - Started process (PID=2974) to work on /home/airflow/.local/lib/python3.7/site-packages/airflow/example_dags/example_dag_decorator.py
[2023-03-14T14:08:51.760+0000] {processor.py:743} INFO - Processing file /home/airflow/.local/lib/python3.7/site-packages/airflow/example_dags/example_dag_decorator.py for tasks to queue
[2023-03-14T14:08:51.761+0000] {logging_mixin.py:137} INFO - [2023-03-14T14:08:51.761+0000] {dagbag.py:538} INFO - Filling up the DagBag from /home/airflow/.local/lib/python3.7/site-packages/airflow/example_dags/example_dag_decorator.py
[2023-03-14T14:08:51.803+0000] {logging_mixin.py:137} INFO - [2023-03-14T14:08:51.802+0000] {taskmixin.py:205} WARNING - Dependency <Task(_PythonDecoratedOperator): prepare_email>, send_email already registered for DAG: example_dag_decorator
[2023-03-14T14:08:51.803+0000] {logging_mixin.py:137} INFO - [2023-03-14T14:08:51.803+0000] {taskmixin.py:205} WARNING - Dependency <Task(EmailOperator): send_email>, prepare_email already registered for DAG: example_dag_decorator
[2023-03-14T14:08:51.823+0000] {processor.py:753} INFO - DAG(s) dict_keys(['example_dag_decorator']) retrieved from /home/airflow/.local/lib/python3.7/site-packages/airflow/example_dags/example_dag_decorator.py
[2023-03-14T14:08:52.000+0000] {logging_mixin.py:137} INFO - [2023-03-14T14:08:52.000+0000] {dag.py:2690} INFO - Sync 1 DAGs
[2023-03-14T14:08:52.084+0000] {logging_mixin.py:137} INFO - [2023-03-14T14:08:52.084+0000] {dag.py:3441} INFO - Setting next_dagrun for example_dag_decorator to None, run_after=None
[2023-03-14T14:08:52.151+0000] {processor.py:175} INFO - Processing /home/airflow/.local/lib/python3.7/site-packages/airflow/example_dags/example_dag_decorator.py took 0.420 seconds
[2023-03-14T14:09:22.361+0000] {processor.py:153} INFO - Started process (PID=3212) to work on /home/airflow/.local/lib/python3.7/site-packages/airflow/example_dags/example_dag_decorator.py
[2023-03-14T14:09:22.365+0000] {processor.py:743} INFO - Processing file /home/airflow/.local/lib/python3.7/site-packages/airflow/example_dags/example_dag_decorator.py for tasks to queue
[2023-03-14T14:09:22.366+0000] {logging_mixin.py:137} INFO - [2023-03-14T14:09:22.366+0000] {dagbag.py:538} INFO - Filling up the DagBag from /home/airflow/.local/lib/python3.7/site-packages/airflow/example_dags/example_dag_decorator.py
[2023-03-14T14:09:22.412+0000] {logging_mixin.py:137} INFO - [2023-03-14T14:09:22.412+0000] {taskmixin.py:205} WARNING - Dependency <Task(_PythonDecoratedOperator): prepare_email>, send_email already registered for DAG: example_dag_decorator
[2023-03-14T14:09:22.413+0000] {logging_mixin.py:137} INFO - [2023-03-14T14:09:22.413+0000] {taskmixin.py:205} WARNING - Dependency <Task(EmailOperator): send_email>, prepare_email already registered for DAG: example_dag_decorator
[2023-03-14T14:09:22.450+0000] {processor.py:753} INFO - DAG(s) dict_keys(['example_dag_decorator']) retrieved from /home/airflow/.local/lib/python3.7/site-packages/airflow/example_dags/example_dag_decorator.py
[2023-03-14T14:09:22.609+0000] {logging_mixin.py:137} INFO - [2023-03-14T14:09:22.609+0000] {dag.py:2690} INFO - Sync 1 DAGs
[2023-03-14T14:09:22.649+0000] {logging_mixin.py:137} INFO - [2023-03-14T14:09:22.649+0000] {dag.py:3441} INFO - Setting next_dagrun for example_dag_decorator to None, run_after=None
[2023-03-14T14:09:22.683+0000] {processor.py:175} INFO - Processing /home/airflow/.local/lib/python3.7/site-packages/airflow/example_dags/example_dag_decorator.py took 0.336 seconds
[2023-03-14T14:09:53.028+0000] {processor.py:153} INFO - Started process (PID=3425) to work on /home/airflow/.local/lib/python3.7/site-packages/airflow/example_dags/example_dag_decorator.py
[2023-03-14T14:09:53.031+0000] {processor.py:743} INFO - Processing file /home/airflow/.local/lib/python3.7/site-packages/airflow/example_dags/example_dag_decorator.py for tasks to queue
[2023-03-14T14:09:53.033+0000] {logging_mixin.py:137} INFO - [2023-03-14T14:09:53.033+0000] {dagbag.py:538} INFO - Filling up the DagBag from /home/airflow/.local/lib/python3.7/site-packages/airflow/example_dags/example_dag_decorator.py
[2023-03-14T14:09:53.125+0000] {logging_mixin.py:137} INFO - [2023-03-14T14:09:53.125+0000] {taskmixin.py:205} WARNING - Dependency <Task(_PythonDecoratedOperator): prepare_email>, send_email already registered for DAG: example_dag_decorator
[2023-03-14T14:09:53.125+0000] {logging_mixin.py:137} INFO - [2023-03-14T14:09:53.125+0000] {taskmixin.py:205} WARNING - Dependency <Task(EmailOperator): send_email>, prepare_email already registered for DAG: example_dag_decorator
[2023-03-14T14:09:53.229+0000] {processor.py:753} INFO - DAG(s) dict_keys(['example_dag_decorator']) retrieved from /home/airflow/.local/lib/python3.7/site-packages/airflow/example_dags/example_dag_decorator.py
[2023-03-14T14:09:53.695+0000] {logging_mixin.py:137} INFO - [2023-03-14T14:09:53.694+0000] {dag.py:2690} INFO - Sync 1 DAGs
[2023-03-14T14:09:53.996+0000] {logging_mixin.py:137} INFO - [2023-03-14T14:09:53.993+0000] {dag.py:3441} INFO - Setting next_dagrun for example_dag_decorator to None, run_after=None
[2023-03-14T14:09:54.147+0000] {processor.py:175} INFO - Processing /home/airflow/.local/lib/python3.7/site-packages/airflow/example_dags/example_dag_decorator.py took 1.128 seconds
[2023-03-14T14:10:24.740+0000] {processor.py:153} INFO - Started process (PID=3642) to work on /home/airflow/.local/lib/python3.7/site-packages/airflow/example_dags/example_dag_decorator.py
[2023-03-14T14:10:24.748+0000] {processor.py:743} INFO - Processing file /home/airflow/.local/lib/python3.7/site-packages/airflow/example_dags/example_dag_decorator.py for tasks to queue
[2023-03-14T14:10:24.750+0000] {logging_mixin.py:137} INFO - [2023-03-14T14:10:24.749+0000] {dagbag.py:538} INFO - Filling up the DagBag from /home/airflow/.local/lib/python3.7/site-packages/airflow/example_dags/example_dag_decorator.py
[2023-03-14T14:10:24.823+0000] {logging_mixin.py:137} INFO - [2023-03-14T14:10:24.823+0000] {taskmixin.py:205} WARNING - Dependency <Task(_PythonDecoratedOperator): prepare_email>, send_email already registered for DAG: example_dag_decorator
[2023-03-14T14:10:24.826+0000] {logging_mixin.py:137} INFO - [2023-03-14T14:10:24.826+0000] {taskmixin.py:205} WARNING - Dependency <Task(EmailOperator): send_email>, prepare_email already registered for DAG: example_dag_decorator
[2023-03-14T14:10:24.868+0000] {processor.py:753} INFO - DAG(s) dict_keys(['example_dag_decorator']) retrieved from /home/airflow/.local/lib/python3.7/site-packages/airflow/example_dags/example_dag_decorator.py
[2023-03-14T14:10:25.110+0000] {logging_mixin.py:137} INFO - [2023-03-14T14:10:25.110+0000] {dag.py:2690} INFO - Sync 1 DAGs
[2023-03-14T14:10:25.222+0000] {logging_mixin.py:137} INFO - [2023-03-14T14:10:25.222+0000] {dag.py:3441} INFO - Setting next_dagrun for example_dag_decorator to None, run_after=None
[2023-03-14T14:10:25.305+0000] {processor.py:175} INFO - Processing /home/airflow/.local/lib/python3.7/site-packages/airflow/example_dags/example_dag_decorator.py took 0.572 seconds
[2023-03-14T14:10:56.120+0000] {processor.py:153} INFO - Started process (PID=3855) to work on /home/airflow/.local/lib/python3.7/site-packages/airflow/example_dags/example_dag_decorator.py
[2023-03-14T14:10:56.122+0000] {processor.py:743} INFO - Processing file /home/airflow/.local/lib/python3.7/site-packages/airflow/example_dags/example_dag_decorator.py for tasks to queue
[2023-03-14T14:10:56.123+0000] {logging_mixin.py:137} INFO - [2023-03-14T14:10:56.123+0000] {dagbag.py:538} INFO - Filling up the DagBag from /home/airflow/.local/lib/python3.7/site-packages/airflow/example_dags/example_dag_decorator.py
[2023-03-14T14:10:56.168+0000] {logging_mixin.py:137} INFO - [2023-03-14T14:10:56.167+0000] {taskmixin.py:205} WARNING - Dependency <Task(_PythonDecoratedOperator): prepare_email>, send_email already registered for DAG: example_dag_decorator
[2023-03-14T14:10:56.168+0000] {logging_mixin.py:137} INFO - [2023-03-14T14:10:56.168+0000] {taskmixin.py:205} WARNING - Dependency <Task(EmailOperator): send_email>, prepare_email already registered for DAG: example_dag_decorator
[2023-03-14T14:10:56.213+0000] {processor.py:753} INFO - DAG(s) dict_keys(['example_dag_decorator']) retrieved from /home/airflow/.local/lib/python3.7/site-packages/airflow/example_dags/example_dag_decorator.py
[2023-03-14T14:10:56.430+0000] {logging_mixin.py:137} INFO - [2023-03-14T14:10:56.430+0000] {dag.py:2690} INFO - Sync 1 DAGs
[2023-03-14T14:10:56.518+0000] {logging_mixin.py:137} INFO - [2023-03-14T14:10:56.518+0000] {dag.py:3441} INFO - Setting next_dagrun for example_dag_decorator to None, run_after=None
[2023-03-14T14:10:56.580+0000] {processor.py:175} INFO - Processing /home/airflow/.local/lib/python3.7/site-packages/airflow/example_dags/example_dag_decorator.py took 0.467 seconds
[2023-03-14T14:11:26.706+0000] {processor.py:153} INFO - Started process (PID=4071) to work on /home/airflow/.local/lib/python3.7/site-packages/airflow/example_dags/example_dag_decorator.py
[2023-03-14T14:11:26.711+0000] {processor.py:743} INFO - Processing file /home/airflow/.local/lib/python3.7/site-packages/airflow/example_dags/example_dag_decorator.py for tasks to queue
[2023-03-14T14:11:26.712+0000] {logging_mixin.py:137} INFO - [2023-03-14T14:11:26.712+0000] {dagbag.py:538} INFO - Filling up the DagBag from /home/airflow/.local/lib/python3.7/site-packages/airflow/example_dags/example_dag_decorator.py
[2023-03-14T14:11:26.740+0000] {logging_mixin.py:137} INFO - [2023-03-14T14:11:26.740+0000] {taskmixin.py:205} WARNING - Dependency <Task(_PythonDecoratedOperator): prepare_email>, send_email already registered for DAG: example_dag_decorator
[2023-03-14T14:11:26.740+0000] {logging_mixin.py:137} INFO - [2023-03-14T14:11:26.740+0000] {taskmixin.py:205} WARNING - Dependency <Task(EmailOperator): send_email>, prepare_email already registered for DAG: example_dag_decorator
[2023-03-14T14:11:26.767+0000] {processor.py:753} INFO - DAG(s) dict_keys(['example_dag_decorator']) retrieved from /home/airflow/.local/lib/python3.7/site-packages/airflow/example_dags/example_dag_decorator.py
[2023-03-14T14:11:26.895+0000] {logging_mixin.py:137} INFO - [2023-03-14T14:11:26.895+0000] {dag.py:2690} INFO - Sync 1 DAGs
[2023-03-14T14:11:26.922+0000] {logging_mixin.py:137} INFO - [2023-03-14T14:11:26.922+0000] {dag.py:3441} INFO - Setting next_dagrun for example_dag_decorator to None, run_after=None
[2023-03-14T14:11:26.950+0000] {processor.py:175} INFO - Processing /home/airflow/.local/lib/python3.7/site-packages/airflow/example_dags/example_dag_decorator.py took 0.249 seconds
[2023-03-14T14:11:57.813+0000] {processor.py:153} INFO - Started process (PID=4284) to work on /home/airflow/.local/lib/python3.7/site-packages/airflow/example_dags/example_dag_decorator.py
[2023-03-14T14:11:57.817+0000] {processor.py:743} INFO - Processing file /home/airflow/.local/lib/python3.7/site-packages/airflow/example_dags/example_dag_decorator.py for tasks to queue
[2023-03-14T14:11:57.819+0000] {logging_mixin.py:137} INFO - [2023-03-14T14:11:57.818+0000] {dagbag.py:538} INFO - Filling up the DagBag from /home/airflow/.local/lib/python3.7/site-packages/airflow/example_dags/example_dag_decorator.py
[2023-03-14T14:11:57.874+0000] {logging_mixin.py:137} INFO - [2023-03-14T14:11:57.874+0000] {taskmixin.py:205} WARNING - Dependency <Task(_PythonDecoratedOperator): prepare_email>, send_email already registered for DAG: example_dag_decorator
[2023-03-14T14:11:57.874+0000] {logging_mixin.py:137} INFO - [2023-03-14T14:11:57.874+0000] {taskmixin.py:205} WARNING - Dependency <Task(EmailOperator): send_email>, prepare_email already registered for DAG: example_dag_decorator
[2023-03-14T14:11:57.996+0000] {processor.py:753} INFO - DAG(s) dict_keys(['example_dag_decorator']) retrieved from /home/airflow/.local/lib/python3.7/site-packages/airflow/example_dags/example_dag_decorator.py
[2023-03-14T14:11:58.231+0000] {logging_mixin.py:137} INFO - [2023-03-14T14:11:58.231+0000] {dag.py:2690} INFO - Sync 1 DAGs
[2023-03-14T14:11:58.440+0000] {logging_mixin.py:137} INFO - [2023-03-14T14:11:58.440+0000] {dag.py:3441} INFO - Setting next_dagrun for example_dag_decorator to None, run_after=None
[2023-03-14T14:11:58.580+0000] {processor.py:175} INFO - Processing /home/airflow/.local/lib/python3.7/site-packages/airflow/example_dags/example_dag_decorator.py took 0.774 seconds
[2023-03-14T14:12:29.201+0000] {processor.py:153} INFO - Started process (PID=4499) to work on /home/airflow/.local/lib/python3.7/site-packages/airflow/example_dags/example_dag_decorator.py
[2023-03-14T14:12:29.205+0000] {processor.py:743} INFO - Processing file /home/airflow/.local/lib/python3.7/site-packages/airflow/example_dags/example_dag_decorator.py for tasks to queue
[2023-03-14T14:12:29.206+0000] {logging_mixin.py:137} INFO - [2023-03-14T14:12:29.206+0000] {dagbag.py:538} INFO - Filling up the DagBag from /home/airflow/.local/lib/python3.7/site-packages/airflow/example_dags/example_dag_decorator.py
[2023-03-14T14:12:29.263+0000] {logging_mixin.py:137} INFO - [2023-03-14T14:12:29.263+0000] {taskmixin.py:205} WARNING - Dependency <Task(_PythonDecoratedOperator): prepare_email>, send_email already registered for DAG: example_dag_decorator
[2023-03-14T14:12:29.263+0000] {logging_mixin.py:137} INFO - [2023-03-14T14:12:29.263+0000] {taskmixin.py:205} WARNING - Dependency <Task(EmailOperator): send_email>, prepare_email already registered for DAG: example_dag_decorator
[2023-03-14T14:12:29.378+0000] {processor.py:753} INFO - DAG(s) dict_keys(['example_dag_decorator']) retrieved from /home/airflow/.local/lib/python3.7/site-packages/airflow/example_dags/example_dag_decorator.py
[2023-03-14T14:12:29.955+0000] {logging_mixin.py:137} INFO - [2023-03-14T14:12:29.955+0000] {dag.py:2690} INFO - Sync 1 DAGs
[2023-03-14T14:12:30.093+0000] {logging_mixin.py:137} INFO - [2023-03-14T14:12:30.093+0000] {dag.py:3441} INFO - Setting next_dagrun for example_dag_decorator to None, run_after=None
[2023-03-14T14:12:30.232+0000] {processor.py:175} INFO - Processing /home/airflow/.local/lib/python3.7/site-packages/airflow/example_dags/example_dag_decorator.py took 1.037 seconds
[2023-03-14T14:13:01.199+0000] {processor.py:153} INFO - Started process (PID=4723) to work on /home/airflow/.local/lib/python3.7/site-packages/airflow/example_dags/example_dag_decorator.py
[2023-03-14T14:13:01.213+0000] {processor.py:743} INFO - Processing file /home/airflow/.local/lib/python3.7/site-packages/airflow/example_dags/example_dag_decorator.py for tasks to queue
[2023-03-14T14:13:01.214+0000] {logging_mixin.py:137} INFO - [2023-03-14T14:13:01.214+0000] {dagbag.py:538} INFO - Filling up the DagBag from /home/airflow/.local/lib/python3.7/site-packages/airflow/example_dags/example_dag_decorator.py
[2023-03-14T14:13:01.294+0000] {logging_mixin.py:137} INFO - [2023-03-14T14:13:01.293+0000] {taskmixin.py:205} WARNING - Dependency <Task(_PythonDecoratedOperator): prepare_email>, send_email already registered for DAG: example_dag_decorator
[2023-03-14T14:13:01.294+0000] {logging_mixin.py:137} INFO - [2023-03-14T14:13:01.294+0000] {taskmixin.py:205} WARNING - Dependency <Task(EmailOperator): send_email>, prepare_email already registered for DAG: example_dag_decorator
[2023-03-14T14:13:01.338+0000] {processor.py:753} INFO - DAG(s) dict_keys(['example_dag_decorator']) retrieved from /home/airflow/.local/lib/python3.7/site-packages/airflow/example_dags/example_dag_decorator.py
[2023-03-14T14:13:01.737+0000] {logging_mixin.py:137} INFO - [2023-03-14T14:13:01.737+0000] {dag.py:2690} INFO - Sync 1 DAGs
[2023-03-14T14:13:01.963+0000] {logging_mixin.py:137} INFO - [2023-03-14T14:13:01.963+0000] {dag.py:3441} INFO - Setting next_dagrun for example_dag_decorator to None, run_after=None
[2023-03-14T14:13:02.074+0000] {processor.py:175} INFO - Processing /home/airflow/.local/lib/python3.7/site-packages/airflow/example_dags/example_dag_decorator.py took 0.888 seconds
[2023-03-14T14:13:32.258+0000] {processor.py:153} INFO - Started process (PID=4944) to work on /home/airflow/.local/lib/python3.7/site-packages/airflow/example_dags/example_dag_decorator.py
[2023-03-14T14:13:32.259+0000] {processor.py:743} INFO - Processing file /home/airflow/.local/lib/python3.7/site-packages/airflow/example_dags/example_dag_decorator.py for tasks to queue
[2023-03-14T14:13:32.260+0000] {logging_mixin.py:137} INFO - [2023-03-14T14:13:32.260+0000] {dagbag.py:538} INFO - Filling up the DagBag from /home/airflow/.local/lib/python3.7/site-packages/airflow/example_dags/example_dag_decorator.py
[2023-03-14T14:13:32.300+0000] {logging_mixin.py:137} INFO - [2023-03-14T14:13:32.300+0000] {taskmixin.py:205} WARNING - Dependency <Task(_PythonDecoratedOperator): prepare_email>, send_email already registered for DAG: example_dag_decorator
[2023-03-14T14:13:32.301+0000] {logging_mixin.py:137} INFO - [2023-03-14T14:13:32.301+0000] {taskmixin.py:205} WARNING - Dependency <Task(EmailOperator): send_email>, prepare_email already registered for DAG: example_dag_decorator
[2023-03-14T14:13:32.334+0000] {processor.py:753} INFO - DAG(s) dict_keys(['example_dag_decorator']) retrieved from /home/airflow/.local/lib/python3.7/site-packages/airflow/example_dags/example_dag_decorator.py
[2023-03-14T14:13:32.543+0000] {logging_mixin.py:137} INFO - [2023-03-14T14:13:32.542+0000] {dag.py:2690} INFO - Sync 1 DAGs
[2023-03-14T14:13:32.599+0000] {logging_mixin.py:137} INFO - [2023-03-14T14:13:32.599+0000] {dag.py:3441} INFO - Setting next_dagrun for example_dag_decorator to None, run_after=None
[2023-03-14T14:13:32.655+0000] {processor.py:175} INFO - Processing /home/airflow/.local/lib/python3.7/site-packages/airflow/example_dags/example_dag_decorator.py took 0.411 seconds
[2023-03-14T14:14:02.842+0000] {processor.py:153} INFO - Started process (PID=5153) to work on /home/airflow/.local/lib/python3.7/site-packages/airflow/example_dags/example_dag_decorator.py
[2023-03-14T14:14:02.903+0000] {processor.py:743} INFO - Processing file /home/airflow/.local/lib/python3.7/site-packages/airflow/example_dags/example_dag_decorator.py for tasks to queue
[2023-03-14T14:14:02.904+0000] {logging_mixin.py:137} INFO - [2023-03-14T14:14:02.904+0000] {dagbag.py:538} INFO - Filling up the DagBag from /home/airflow/.local/lib/python3.7/site-packages/airflow/example_dags/example_dag_decorator.py
[2023-03-14T14:14:03.182+0000] {logging_mixin.py:137} INFO - [2023-03-14T14:14:03.182+0000] {taskmixin.py:205} WARNING - Dependency <Task(_PythonDecoratedOperator): prepare_email>, send_email already registered for DAG: example_dag_decorator
[2023-03-14T14:14:03.192+0000] {logging_mixin.py:137} INFO - [2023-03-14T14:14:03.192+0000] {taskmixin.py:205} WARNING - Dependency <Task(EmailOperator): send_email>, prepare_email already registered for DAG: example_dag_decorator
[2023-03-14T14:14:03.211+0000] {processor.py:753} INFO - DAG(s) dict_keys(['example_dag_decorator']) retrieved from /home/airflow/.local/lib/python3.7/site-packages/airflow/example_dags/example_dag_decorator.py
[2023-03-14T14:14:03.471+0000] {logging_mixin.py:137} INFO - [2023-03-14T14:14:03.471+0000] {dag.py:2690} INFO - Sync 1 DAGs
[2023-03-14T14:14:03.506+0000] {logging_mixin.py:137} INFO - [2023-03-14T14:14:03.506+0000] {dag.py:3441} INFO - Setting next_dagrun for example_dag_decorator to None, run_after=None
[2023-03-14T14:14:03.557+0000] {processor.py:175} INFO - Processing /home/airflow/.local/lib/python3.7/site-packages/airflow/example_dags/example_dag_decorator.py took 0.720 seconds
[2023-03-14T14:14:33.673+0000] {processor.py:153} INFO - Started process (PID=5371) to work on /home/airflow/.local/lib/python3.7/site-packages/airflow/example_dags/example_dag_decorator.py
[2023-03-14T14:14:33.674+0000] {processor.py:743} INFO - Processing file /home/airflow/.local/lib/python3.7/site-packages/airflow/example_dags/example_dag_decorator.py for tasks to queue
[2023-03-14T14:14:33.675+0000] {logging_mixin.py:137} INFO - [2023-03-14T14:14:33.675+0000] {dagbag.py:538} INFO - Filling up the DagBag from /home/airflow/.local/lib/python3.7/site-packages/airflow/example_dags/example_dag_decorator.py
[2023-03-14T14:14:33.702+0000] {logging_mixin.py:137} INFO - [2023-03-14T14:14:33.701+0000] {taskmixin.py:205} WARNING - Dependency <Task(_PythonDecoratedOperator): prepare_email>, send_email already registered for DAG: example_dag_decorator
[2023-03-14T14:14:33.704+0000] {logging_mixin.py:137} INFO - [2023-03-14T14:14:33.704+0000] {taskmixin.py:205} WARNING - Dependency <Task(EmailOperator): send_email>, prepare_email already registered for DAG: example_dag_decorator
[2023-03-14T14:14:33.731+0000] {processor.py:753} INFO - DAG(s) dict_keys(['example_dag_decorator']) retrieved from /home/airflow/.local/lib/python3.7/site-packages/airflow/example_dags/example_dag_decorator.py
[2023-03-14T14:14:33.849+0000] {logging_mixin.py:137} INFO - [2023-03-14T14:14:33.849+0000] {dag.py:2690} INFO - Sync 1 DAGs
[2023-03-14T14:14:33.887+0000] {logging_mixin.py:137} INFO - [2023-03-14T14:14:33.886+0000] {dag.py:3441} INFO - Setting next_dagrun for example_dag_decorator to None, run_after=None
[2023-03-14T14:14:33.920+0000] {processor.py:175} INFO - Processing /home/airflow/.local/lib/python3.7/site-packages/airflow/example_dags/example_dag_decorator.py took 0.252 seconds
[2023-03-14T14:15:04.565+0000] {processor.py:153} INFO - Started process (PID=5584) to work on /home/airflow/.local/lib/python3.7/site-packages/airflow/example_dags/example_dag_decorator.py
[2023-03-14T14:15:04.575+0000] {processor.py:743} INFO - Processing file /home/airflow/.local/lib/python3.7/site-packages/airflow/example_dags/example_dag_decorator.py for tasks to queue
[2023-03-14T14:15:04.576+0000] {logging_mixin.py:137} INFO - [2023-03-14T14:15:04.576+0000] {dagbag.py:538} INFO - Filling up the DagBag from /home/airflow/.local/lib/python3.7/site-packages/airflow/example_dags/example_dag_decorator.py
[2023-03-14T14:15:04.627+0000] {logging_mixin.py:137} INFO - [2023-03-14T14:15:04.626+0000] {taskmixin.py:205} WARNING - Dependency <Task(_PythonDecoratedOperator): prepare_email>, send_email already registered for DAG: example_dag_decorator
[2023-03-14T14:15:04.631+0000] {logging_mixin.py:137} INFO - [2023-03-14T14:15:04.631+0000] {taskmixin.py:205} WARNING - Dependency <Task(EmailOperator): send_email>, prepare_email already registered for DAG: example_dag_decorator
[2023-03-14T14:15:04.667+0000] {processor.py:753} INFO - DAG(s) dict_keys(['example_dag_decorator']) retrieved from /home/airflow/.local/lib/python3.7/site-packages/airflow/example_dags/example_dag_decorator.py
[2023-03-14T14:15:04.911+0000] {logging_mixin.py:137} INFO - [2023-03-14T14:15:04.911+0000] {dag.py:2690} INFO - Sync 1 DAGs
[2023-03-14T14:15:04.975+0000] {logging_mixin.py:137} INFO - [2023-03-14T14:15:04.974+0000] {dag.py:3441} INFO - Setting next_dagrun for example_dag_decorator to None, run_after=None
[2023-03-14T14:15:05.035+0000] {processor.py:175} INFO - Processing /home/airflow/.local/lib/python3.7/site-packages/airflow/example_dags/example_dag_decorator.py took 0.494 seconds
[2023-03-14T14:15:35.454+0000] {processor.py:153} INFO - Started process (PID=5806) to work on /home/airflow/.local/lib/python3.7/site-packages/airflow/example_dags/example_dag_decorator.py
[2023-03-14T14:15:35.459+0000] {processor.py:743} INFO - Processing file /home/airflow/.local/lib/python3.7/site-packages/airflow/example_dags/example_dag_decorator.py for tasks to queue
[2023-03-14T14:15:35.461+0000] {logging_mixin.py:137} INFO - [2023-03-14T14:15:35.460+0000] {dagbag.py:538} INFO - Filling up the DagBag from /home/airflow/.local/lib/python3.7/site-packages/airflow/example_dags/example_dag_decorator.py
[2023-03-14T14:15:35.518+0000] {logging_mixin.py:137} INFO - [2023-03-14T14:15:35.518+0000] {taskmixin.py:205} WARNING - Dependency <Task(_PythonDecoratedOperator): prepare_email>, send_email already registered for DAG: example_dag_decorator
[2023-03-14T14:15:35.518+0000] {logging_mixin.py:137} INFO - [2023-03-14T14:15:35.518+0000] {taskmixin.py:205} WARNING - Dependency <Task(EmailOperator): send_email>, prepare_email already registered for DAG: example_dag_decorator
[2023-03-14T14:15:35.553+0000] {processor.py:753} INFO - DAG(s) dict_keys(['example_dag_decorator']) retrieved from /home/airflow/.local/lib/python3.7/site-packages/airflow/example_dags/example_dag_decorator.py
[2023-03-14T14:15:35.765+0000] {logging_mixin.py:137} INFO - [2023-03-14T14:15:35.765+0000] {dag.py:2690} INFO - Sync 1 DAGs
[2023-03-14T14:15:35.839+0000] {logging_mixin.py:137} INFO - [2023-03-14T14:15:35.838+0000] {dag.py:3441} INFO - Setting next_dagrun for example_dag_decorator to None, run_after=None
[2023-03-14T14:15:35.887+0000] {processor.py:175} INFO - Processing /home/airflow/.local/lib/python3.7/site-packages/airflow/example_dags/example_dag_decorator.py took 0.439 seconds
