[2023-03-14T14:02:37.443+0000] {processor.py:153} INFO - Started process (PID=365) to work on /home/airflow/.local/lib/python3.7/site-packages/airflow/example_dags/example_branch_python_dop_operator_3.py
[2023-03-14T14:02:37.449+0000] {processor.py:743} INFO - Processing file /home/airflow/.local/lib/python3.7/site-packages/airflow/example_dags/example_branch_python_dop_operator_3.py for tasks to queue
[2023-03-14T14:02:37.461+0000] {logging_mixin.py:137} INFO - [2023-03-14T14:02:37.461+0000] {dagbag.py:538} INFO - Filling up the DagBag from /home/airflow/.local/lib/python3.7/site-packages/airflow/example_dags/example_branch_python_dop_operator_3.py
[2023-03-14T14:02:37.619+0000] {processor.py:753} INFO - DAG(s) dict_keys(['example_branch_dop_operator_v3']) retrieved from /home/airflow/.local/lib/python3.7/site-packages/airflow/example_dags/example_branch_python_dop_operator_3.py
[2023-03-14T14:02:37.741+0000] {logging_mixin.py:137} INFO - [2023-03-14T14:02:37.741+0000] {dag.py:2690} INFO - Sync 1 DAGs
[2023-03-14T14:02:37.971+0000] {logging_mixin.py:137} INFO - [2023-03-14T14:02:37.971+0000] {dag.py:3441} INFO - Setting next_dagrun for example_branch_dop_operator_v3 to 2023-03-14T14:01:00+00:00, run_after=2023-03-14T14:02:00+00:00
[2023-03-14T14:02:38.085+0000] {processor.py:175} INFO - Processing /home/airflow/.local/lib/python3.7/site-packages/airflow/example_dags/example_branch_python_dop_operator_3.py took 0.651 seconds
[2023-03-14T14:03:09.356+0000] {processor.py:153} INFO - Started process (PID=581) to work on /home/airflow/.local/lib/python3.7/site-packages/airflow/example_dags/example_branch_python_dop_operator_3.py
[2023-03-14T14:03:09.369+0000] {processor.py:743} INFO - Processing file /home/airflow/.local/lib/python3.7/site-packages/airflow/example_dags/example_branch_python_dop_operator_3.py for tasks to queue
[2023-03-14T14:03:09.370+0000] {logging_mixin.py:137} INFO - [2023-03-14T14:03:09.369+0000] {dagbag.py:538} INFO - Filling up the DagBag from /home/airflow/.local/lib/python3.7/site-packages/airflow/example_dags/example_branch_python_dop_operator_3.py
[2023-03-14T14:03:09.471+0000] {processor.py:753} INFO - DAG(s) dict_keys(['example_branch_dop_operator_v3']) retrieved from /home/airflow/.local/lib/python3.7/site-packages/airflow/example_dags/example_branch_python_dop_operator_3.py
[2023-03-14T14:03:09.522+0000] {logging_mixin.py:137} INFO - [2023-03-14T14:03:09.522+0000] {dag.py:2690} INFO - Sync 1 DAGs
[2023-03-14T14:03:09.613+0000] {logging_mixin.py:137} INFO - [2023-03-14T14:03:09.612+0000] {dag.py:3441} INFO - Setting next_dagrun for example_branch_dop_operator_v3 to 2023-03-14T14:02:00+00:00, run_after=2023-03-14T14:03:00+00:00
[2023-03-14T14:03:09.689+0000] {processor.py:175} INFO - Processing /home/airflow/.local/lib/python3.7/site-packages/airflow/example_dags/example_branch_python_dop_operator_3.py took 0.338 seconds
[2023-03-14T14:03:40.469+0000] {processor.py:153} INFO - Started process (PID=796) to work on /home/airflow/.local/lib/python3.7/site-packages/airflow/example_dags/example_branch_python_dop_operator_3.py
[2023-03-14T14:03:40.472+0000] {processor.py:743} INFO - Processing file /home/airflow/.local/lib/python3.7/site-packages/airflow/example_dags/example_branch_python_dop_operator_3.py for tasks to queue
[2023-03-14T14:03:40.475+0000] {logging_mixin.py:137} INFO - [2023-03-14T14:03:40.475+0000] {dagbag.py:538} INFO - Filling up the DagBag from /home/airflow/.local/lib/python3.7/site-packages/airflow/example_dags/example_branch_python_dop_operator_3.py
[2023-03-14T14:03:40.538+0000] {processor.py:753} INFO - DAG(s) dict_keys(['example_branch_dop_operator_v3']) retrieved from /home/airflow/.local/lib/python3.7/site-packages/airflow/example_dags/example_branch_python_dop_operator_3.py
[2023-03-14T14:03:40.578+0000] {logging_mixin.py:137} INFO - [2023-03-14T14:03:40.578+0000] {dag.py:2690} INFO - Sync 1 DAGs
[2023-03-14T14:03:40.623+0000] {logging_mixin.py:137} INFO - [2023-03-14T14:03:40.623+0000] {dag.py:3441} INFO - Setting next_dagrun for example_branch_dop_operator_v3 to 2023-03-14T14:02:00+00:00, run_after=2023-03-14T14:03:00+00:00
[2023-03-14T14:03:40.656+0000] {processor.py:175} INFO - Processing /home/airflow/.local/lib/python3.7/site-packages/airflow/example_dags/example_branch_python_dop_operator_3.py took 0.217 seconds
[2023-03-14T14:04:11.795+0000] {processor.py:153} INFO - Started process (PID=1010) to work on /home/airflow/.local/lib/python3.7/site-packages/airflow/example_dags/example_branch_python_dop_operator_3.py
[2023-03-14T14:04:11.807+0000] {processor.py:743} INFO - Processing file /home/airflow/.local/lib/python3.7/site-packages/airflow/example_dags/example_branch_python_dop_operator_3.py for tasks to queue
[2023-03-14T14:04:11.808+0000] {logging_mixin.py:137} INFO - [2023-03-14T14:04:11.808+0000] {dagbag.py:538} INFO - Filling up the DagBag from /home/airflow/.local/lib/python3.7/site-packages/airflow/example_dags/example_branch_python_dop_operator_3.py
[2023-03-14T14:04:11.911+0000] {processor.py:753} INFO - DAG(s) dict_keys(['example_branch_dop_operator_v3']) retrieved from /home/airflow/.local/lib/python3.7/site-packages/airflow/example_dags/example_branch_python_dop_operator_3.py
[2023-03-14T14:04:12.005+0000] {logging_mixin.py:137} INFO - [2023-03-14T14:04:12.005+0000] {dag.py:2690} INFO - Sync 1 DAGs
[2023-03-14T14:04:12.080+0000] {logging_mixin.py:137} INFO - [2023-03-14T14:04:12.080+0000] {dag.py:3441} INFO - Setting next_dagrun for example_branch_dop_operator_v3 to 2023-03-14T14:03:00+00:00, run_after=2023-03-14T14:04:00+00:00
[2023-03-14T14:04:12.134+0000] {processor.py:175} INFO - Processing /home/airflow/.local/lib/python3.7/site-packages/airflow/example_dags/example_branch_python_dop_operator_3.py took 0.351 seconds
[2023-03-14T14:04:42.405+0000] {processor.py:153} INFO - Started process (PID=1223) to work on /home/airflow/.local/lib/python3.7/site-packages/airflow/example_dags/example_branch_python_dop_operator_3.py
[2023-03-14T14:04:42.406+0000] {processor.py:743} INFO - Processing file /home/airflow/.local/lib/python3.7/site-packages/airflow/example_dags/example_branch_python_dop_operator_3.py for tasks to queue
[2023-03-14T14:04:42.407+0000] {logging_mixin.py:137} INFO - [2023-03-14T14:04:42.407+0000] {dagbag.py:538} INFO - Filling up the DagBag from /home/airflow/.local/lib/python3.7/site-packages/airflow/example_dags/example_branch_python_dop_operator_3.py
[2023-03-14T14:04:42.444+0000] {processor.py:753} INFO - DAG(s) dict_keys(['example_branch_dop_operator_v3']) retrieved from /home/airflow/.local/lib/python3.7/site-packages/airflow/example_dags/example_branch_python_dop_operator_3.py
[2023-03-14T14:04:42.484+0000] {logging_mixin.py:137} INFO - [2023-03-14T14:04:42.483+0000] {dag.py:2690} INFO - Sync 1 DAGs
[2023-03-14T14:04:42.529+0000] {logging_mixin.py:137} INFO - [2023-03-14T14:04:42.529+0000] {dag.py:3441} INFO - Setting next_dagrun for example_branch_dop_operator_v3 to 2023-03-14T14:03:00+00:00, run_after=2023-03-14T14:04:00+00:00
[2023-03-14T14:04:42.562+0000] {processor.py:175} INFO - Processing /home/airflow/.local/lib/python3.7/site-packages/airflow/example_dags/example_branch_python_dop_operator_3.py took 0.162 seconds
[2023-03-14T14:05:13.254+0000] {processor.py:153} INFO - Started process (PID=1436) to work on /home/airflow/.local/lib/python3.7/site-packages/airflow/example_dags/example_branch_python_dop_operator_3.py
[2023-03-14T14:05:13.256+0000] {processor.py:743} INFO - Processing file /home/airflow/.local/lib/python3.7/site-packages/airflow/example_dags/example_branch_python_dop_operator_3.py for tasks to queue
[2023-03-14T14:05:13.257+0000] {logging_mixin.py:137} INFO - [2023-03-14T14:05:13.257+0000] {dagbag.py:538} INFO - Filling up the DagBag from /home/airflow/.local/lib/python3.7/site-packages/airflow/example_dags/example_branch_python_dop_operator_3.py
[2023-03-14T14:05:13.295+0000] {processor.py:753} INFO - DAG(s) dict_keys(['example_branch_dop_operator_v3']) retrieved from /home/airflow/.local/lib/python3.7/site-packages/airflow/example_dags/example_branch_python_dop_operator_3.py
[2023-03-14T14:05:13.360+0000] {logging_mixin.py:137} INFO - [2023-03-14T14:05:13.358+0000] {dag.py:2690} INFO - Sync 1 DAGs
[2023-03-14T14:05:13.430+0000] {logging_mixin.py:137} INFO - [2023-03-14T14:05:13.429+0000] {dag.py:3441} INFO - Setting next_dagrun for example_branch_dop_operator_v3 to 2023-03-14T14:04:00+00:00, run_after=2023-03-14T14:05:00+00:00
[2023-03-14T14:05:13.485+0000] {processor.py:175} INFO - Processing /home/airflow/.local/lib/python3.7/site-packages/airflow/example_dags/example_branch_python_dop_operator_3.py took 0.237 seconds
[2023-03-14T14:05:43.621+0000] {processor.py:153} INFO - Started process (PID=1661) to work on /home/airflow/.local/lib/python3.7/site-packages/airflow/example_dags/example_branch_python_dop_operator_3.py
[2023-03-14T14:05:43.625+0000] {processor.py:743} INFO - Processing file /home/airflow/.local/lib/python3.7/site-packages/airflow/example_dags/example_branch_python_dop_operator_3.py for tasks to queue
[2023-03-14T14:05:43.625+0000] {logging_mixin.py:137} INFO - [2023-03-14T14:05:43.625+0000] {dagbag.py:538} INFO - Filling up the DagBag from /home/airflow/.local/lib/python3.7/site-packages/airflow/example_dags/example_branch_python_dop_operator_3.py
[2023-03-14T14:05:43.707+0000] {processor.py:753} INFO - DAG(s) dict_keys(['example_branch_dop_operator_v3']) retrieved from /home/airflow/.local/lib/python3.7/site-packages/airflow/example_dags/example_branch_python_dop_operator_3.py
[2023-03-14T14:05:43.815+0000] {logging_mixin.py:137} INFO - [2023-03-14T14:05:43.815+0000] {dag.py:2690} INFO - Sync 1 DAGs
[2023-03-14T14:05:43.942+0000] {logging_mixin.py:137} INFO - [2023-03-14T14:05:43.941+0000] {dag.py:3441} INFO - Setting next_dagrun for example_branch_dop_operator_v3 to 2023-03-14T14:04:00+00:00, run_after=2023-03-14T14:05:00+00:00
[2023-03-14T14:05:44.003+0000] {processor.py:175} INFO - Processing /home/airflow/.local/lib/python3.7/site-packages/airflow/example_dags/example_branch_python_dop_operator_3.py took 0.389 seconds
[2023-03-14T14:06:14.586+0000] {processor.py:153} INFO - Started process (PID=1876) to work on /home/airflow/.local/lib/python3.7/site-packages/airflow/example_dags/example_branch_python_dop_operator_3.py
[2023-03-14T14:06:14.593+0000] {processor.py:743} INFO - Processing file /home/airflow/.local/lib/python3.7/site-packages/airflow/example_dags/example_branch_python_dop_operator_3.py for tasks to queue
[2023-03-14T14:06:14.595+0000] {logging_mixin.py:137} INFO - [2023-03-14T14:06:14.594+0000] {dagbag.py:538} INFO - Filling up the DagBag from /home/airflow/.local/lib/python3.7/site-packages/airflow/example_dags/example_branch_python_dop_operator_3.py
[2023-03-14T14:06:14.674+0000] {processor.py:753} INFO - DAG(s) dict_keys(['example_branch_dop_operator_v3']) retrieved from /home/airflow/.local/lib/python3.7/site-packages/airflow/example_dags/example_branch_python_dop_operator_3.py
[2023-03-14T14:06:14.764+0000] {logging_mixin.py:137} INFO - [2023-03-14T14:06:14.763+0000] {dag.py:2690} INFO - Sync 1 DAGs
[2023-03-14T14:06:14.823+0000] {logging_mixin.py:137} INFO - [2023-03-14T14:06:14.823+0000] {dag.py:3441} INFO - Setting next_dagrun for example_branch_dop_operator_v3 to 2023-03-14T14:05:00+00:00, run_after=2023-03-14T14:06:00+00:00
[2023-03-14T14:06:14.869+0000] {processor.py:175} INFO - Processing /home/airflow/.local/lib/python3.7/site-packages/airflow/example_dags/example_branch_python_dop_operator_3.py took 0.290 seconds
[2023-03-14T14:06:45.350+0000] {processor.py:153} INFO - Started process (PID=2094) to work on /home/airflow/.local/lib/python3.7/site-packages/airflow/example_dags/example_branch_python_dop_operator_3.py
[2023-03-14T14:06:45.361+0000] {processor.py:743} INFO - Processing file /home/airflow/.local/lib/python3.7/site-packages/airflow/example_dags/example_branch_python_dop_operator_3.py for tasks to queue
[2023-03-14T14:06:45.362+0000] {logging_mixin.py:137} INFO - [2023-03-14T14:06:45.362+0000] {dagbag.py:538} INFO - Filling up the DagBag from /home/airflow/.local/lib/python3.7/site-packages/airflow/example_dags/example_branch_python_dop_operator_3.py
[2023-03-14T14:06:45.509+0000] {processor.py:753} INFO - DAG(s) dict_keys(['example_branch_dop_operator_v3']) retrieved from /home/airflow/.local/lib/python3.7/site-packages/airflow/example_dags/example_branch_python_dop_operator_3.py
[2023-03-14T14:06:45.621+0000] {logging_mixin.py:137} INFO - [2023-03-14T14:06:45.621+0000] {dag.py:2690} INFO - Sync 1 DAGs
[2023-03-14T14:06:45.706+0000] {logging_mixin.py:137} INFO - [2023-03-14T14:06:45.706+0000] {dag.py:3441} INFO - Setting next_dagrun for example_branch_dop_operator_v3 to 2023-03-14T14:05:00+00:00, run_after=2023-03-14T14:06:00+00:00
[2023-03-14T14:06:45.746+0000] {processor.py:175} INFO - Processing /home/airflow/.local/lib/python3.7/site-packages/airflow/example_dags/example_branch_python_dop_operator_3.py took 0.414 seconds
[2023-03-14T14:07:16.339+0000] {processor.py:153} INFO - Started process (PID=2308) to work on /home/airflow/.local/lib/python3.7/site-packages/airflow/example_dags/example_branch_python_dop_operator_3.py
[2023-03-14T14:07:16.347+0000] {processor.py:743} INFO - Processing file /home/airflow/.local/lib/python3.7/site-packages/airflow/example_dags/example_branch_python_dop_operator_3.py for tasks to queue
[2023-03-14T14:07:16.348+0000] {logging_mixin.py:137} INFO - [2023-03-14T14:07:16.348+0000] {dagbag.py:538} INFO - Filling up the DagBag from /home/airflow/.local/lib/python3.7/site-packages/airflow/example_dags/example_branch_python_dop_operator_3.py
[2023-03-14T14:07:16.421+0000] {processor.py:753} INFO - DAG(s) dict_keys(['example_branch_dop_operator_v3']) retrieved from /home/airflow/.local/lib/python3.7/site-packages/airflow/example_dags/example_branch_python_dop_operator_3.py
[2023-03-14T14:07:16.493+0000] {logging_mixin.py:137} INFO - [2023-03-14T14:07:16.493+0000] {dag.py:2690} INFO - Sync 1 DAGs
[2023-03-14T14:07:16.571+0000] {logging_mixin.py:137} INFO - [2023-03-14T14:07:16.571+0000] {dag.py:3441} INFO - Setting next_dagrun for example_branch_dop_operator_v3 to 2023-03-14T14:06:00+00:00, run_after=2023-03-14T14:07:00+00:00
[2023-03-14T14:07:16.602+0000] {processor.py:175} INFO - Processing /home/airflow/.local/lib/python3.7/site-packages/airflow/example_dags/example_branch_python_dop_operator_3.py took 0.268 seconds
[2023-03-14T14:07:47.290+0000] {processor.py:153} INFO - Started process (PID=2532) to work on /home/airflow/.local/lib/python3.7/site-packages/airflow/example_dags/example_branch_python_dop_operator_3.py
[2023-03-14T14:07:47.301+0000] {processor.py:743} INFO - Processing file /home/airflow/.local/lib/python3.7/site-packages/airflow/example_dags/example_branch_python_dop_operator_3.py for tasks to queue
[2023-03-14T14:07:47.302+0000] {logging_mixin.py:137} INFO - [2023-03-14T14:07:47.302+0000] {dagbag.py:538} INFO - Filling up the DagBag from /home/airflow/.local/lib/python3.7/site-packages/airflow/example_dags/example_branch_python_dop_operator_3.py
[2023-03-14T14:07:47.360+0000] {processor.py:753} INFO - DAG(s) dict_keys(['example_branch_dop_operator_v3']) retrieved from /home/airflow/.local/lib/python3.7/site-packages/airflow/example_dags/example_branch_python_dop_operator_3.py
[2023-03-14T14:07:47.442+0000] {logging_mixin.py:137} INFO - [2023-03-14T14:07:47.442+0000] {dag.py:2690} INFO - Sync 1 DAGs
[2023-03-14T14:07:47.539+0000] {logging_mixin.py:137} INFO - [2023-03-14T14:07:47.538+0000] {dag.py:3441} INFO - Setting next_dagrun for example_branch_dop_operator_v3 to 2023-03-14T14:06:00+00:00, run_after=2023-03-14T14:07:00+00:00
[2023-03-14T14:07:47.589+0000] {processor.py:175} INFO - Processing /home/airflow/.local/lib/python3.7/site-packages/airflow/example_dags/example_branch_python_dop_operator_3.py took 0.304 seconds
[2023-03-14T14:08:18.168+0000] {processor.py:153} INFO - Started process (PID=2748) to work on /home/airflow/.local/lib/python3.7/site-packages/airflow/example_dags/example_branch_python_dop_operator_3.py
[2023-03-14T14:08:18.178+0000] {processor.py:743} INFO - Processing file /home/airflow/.local/lib/python3.7/site-packages/airflow/example_dags/example_branch_python_dop_operator_3.py for tasks to queue
[2023-03-14T14:08:18.179+0000] {logging_mixin.py:137} INFO - [2023-03-14T14:08:18.179+0000] {dagbag.py:538} INFO - Filling up the DagBag from /home/airflow/.local/lib/python3.7/site-packages/airflow/example_dags/example_branch_python_dop_operator_3.py
[2023-03-14T14:08:18.253+0000] {processor.py:753} INFO - DAG(s) dict_keys(['example_branch_dop_operator_v3']) retrieved from /home/airflow/.local/lib/python3.7/site-packages/airflow/example_dags/example_branch_python_dop_operator_3.py
[2023-03-14T14:08:18.307+0000] {logging_mixin.py:137} INFO - [2023-03-14T14:08:18.307+0000] {dag.py:2690} INFO - Sync 1 DAGs
[2023-03-14T14:08:18.388+0000] {logging_mixin.py:137} INFO - [2023-03-14T14:08:18.387+0000] {dag.py:3441} INFO - Setting next_dagrun for example_branch_dop_operator_v3 to 2023-03-14T14:07:00+00:00, run_after=2023-03-14T14:08:00+00:00
[2023-03-14T14:08:18.469+0000] {processor.py:175} INFO - Processing /home/airflow/.local/lib/python3.7/site-packages/airflow/example_dags/example_branch_python_dop_operator_3.py took 0.307 seconds
[2023-03-14T14:08:51.904+0000] {processor.py:153} INFO - Started process (PID=2979) to work on /home/airflow/.local/lib/python3.7/site-packages/airflow/example_dags/example_branch_python_dop_operator_3.py
[2023-03-14T14:08:51.917+0000] {processor.py:743} INFO - Processing file /home/airflow/.local/lib/python3.7/site-packages/airflow/example_dags/example_branch_python_dop_operator_3.py for tasks to queue
[2023-03-14T14:08:51.928+0000] {logging_mixin.py:137} INFO - [2023-03-14T14:08:51.918+0000] {dagbag.py:538} INFO - Filling up the DagBag from /home/airflow/.local/lib/python3.7/site-packages/airflow/example_dags/example_branch_python_dop_operator_3.py
[2023-03-14T14:08:52.045+0000] {processor.py:753} INFO - DAG(s) dict_keys(['example_branch_dop_operator_v3']) retrieved from /home/airflow/.local/lib/python3.7/site-packages/airflow/example_dags/example_branch_python_dop_operator_3.py
[2023-03-14T14:08:52.168+0000] {logging_mixin.py:137} INFO - [2023-03-14T14:08:52.164+0000] {dag.py:2690} INFO - Sync 1 DAGs
[2023-03-14T14:08:52.330+0000] {logging_mixin.py:137} INFO - [2023-03-14T14:08:52.330+0000] {dag.py:3441} INFO - Setting next_dagrun for example_branch_dop_operator_v3 to 2023-03-14T14:07:00+00:00, run_after=2023-03-14T14:08:00+00:00
[2023-03-14T14:08:52.615+0000] {processor.py:175} INFO - Processing /home/airflow/.local/lib/python3.7/site-packages/airflow/example_dags/example_branch_python_dop_operator_3.py took 0.720 seconds
[2023-03-14T14:09:22.719+0000] {processor.py:153} INFO - Started process (PID=3217) to work on /home/airflow/.local/lib/python3.7/site-packages/airflow/example_dags/example_branch_python_dop_operator_3.py
[2023-03-14T14:09:22.729+0000] {processor.py:743} INFO - Processing file /home/airflow/.local/lib/python3.7/site-packages/airflow/example_dags/example_branch_python_dop_operator_3.py for tasks to queue
[2023-03-14T14:09:22.730+0000] {logging_mixin.py:137} INFO - [2023-03-14T14:09:22.730+0000] {dagbag.py:538} INFO - Filling up the DagBag from /home/airflow/.local/lib/python3.7/site-packages/airflow/example_dags/example_branch_python_dop_operator_3.py
[2023-03-14T14:09:22.769+0000] {processor.py:753} INFO - DAG(s) dict_keys(['example_branch_dop_operator_v3']) retrieved from /home/airflow/.local/lib/python3.7/site-packages/airflow/example_dags/example_branch_python_dop_operator_3.py
[2023-03-14T14:09:22.802+0000] {logging_mixin.py:137} INFO - [2023-03-14T14:09:22.802+0000] {dag.py:2690} INFO - Sync 1 DAGs
[2023-03-14T14:09:22.835+0000] {logging_mixin.py:137} INFO - [2023-03-14T14:09:22.834+0000] {dag.py:3441} INFO - Setting next_dagrun for example_branch_dop_operator_v3 to 2023-03-14T14:08:00+00:00, run_after=2023-03-14T14:09:00+00:00
[2023-03-14T14:09:22.867+0000] {processor.py:175} INFO - Processing /home/airflow/.local/lib/python3.7/site-packages/airflow/example_dags/example_branch_python_dop_operator_3.py took 0.152 seconds
[2023-03-14T14:09:53.236+0000] {processor.py:153} INFO - Started process (PID=3430) to work on /home/airflow/.local/lib/python3.7/site-packages/airflow/example_dags/example_branch_python_dop_operator_3.py
[2023-03-14T14:09:53.242+0000] {processor.py:743} INFO - Processing file /home/airflow/.local/lib/python3.7/site-packages/airflow/example_dags/example_branch_python_dop_operator_3.py for tasks to queue
[2023-03-14T14:09:53.249+0000] {logging_mixin.py:137} INFO - [2023-03-14T14:09:53.246+0000] {dagbag.py:538} INFO - Filling up the DagBag from /home/airflow/.local/lib/python3.7/site-packages/airflow/example_dags/example_branch_python_dop_operator_3.py
[2023-03-14T14:09:53.429+0000] {processor.py:753} INFO - DAG(s) dict_keys(['example_branch_dop_operator_v3']) retrieved from /home/airflow/.local/lib/python3.7/site-packages/airflow/example_dags/example_branch_python_dop_operator_3.py
[2023-03-14T14:09:53.600+0000] {logging_mixin.py:137} INFO - [2023-03-14T14:09:53.599+0000] {dag.py:2690} INFO - Sync 1 DAGs
[2023-03-14T14:09:54.064+0000] {logging_mixin.py:137} INFO - [2023-03-14T14:09:54.062+0000] {dag.py:3441} INFO - Setting next_dagrun for example_branch_dop_operator_v3 to 2023-03-14T14:08:00+00:00, run_after=2023-03-14T14:09:00+00:00
[2023-03-14T14:09:54.246+0000] {processor.py:175} INFO - Processing /home/airflow/.local/lib/python3.7/site-packages/airflow/example_dags/example_branch_python_dop_operator_3.py took 1.029 seconds
[2023-03-14T14:10:24.790+0000] {processor.py:153} INFO - Started process (PID=3645) to work on /home/airflow/.local/lib/python3.7/site-packages/airflow/example_dags/example_branch_python_dop_operator_3.py
[2023-03-14T14:10:24.797+0000] {processor.py:743} INFO - Processing file /home/airflow/.local/lib/python3.7/site-packages/airflow/example_dags/example_branch_python_dop_operator_3.py for tasks to queue
[2023-03-14T14:10:24.798+0000] {logging_mixin.py:137} INFO - [2023-03-14T14:10:24.797+0000] {dagbag.py:538} INFO - Filling up the DagBag from /home/airflow/.local/lib/python3.7/site-packages/airflow/example_dags/example_branch_python_dop_operator_3.py
[2023-03-14T14:10:24.889+0000] {processor.py:753} INFO - DAG(s) dict_keys(['example_branch_dop_operator_v3']) retrieved from /home/airflow/.local/lib/python3.7/site-packages/airflow/example_dags/example_branch_python_dop_operator_3.py
[2023-03-14T14:10:24.967+0000] {logging_mixin.py:137} INFO - [2023-03-14T14:10:24.967+0000] {dag.py:2690} INFO - Sync 1 DAGs
[2023-03-14T14:10:25.083+0000] {logging_mixin.py:137} INFO - [2023-03-14T14:10:25.083+0000] {dag.py:3441} INFO - Setting next_dagrun for example_branch_dop_operator_v3 to 2023-03-14T14:09:00+00:00, run_after=2023-03-14T14:10:00+00:00
[2023-03-14T14:10:25.140+0000] {processor.py:175} INFO - Processing /home/airflow/.local/lib/python3.7/site-packages/airflow/example_dags/example_branch_python_dop_operator_3.py took 0.359 seconds
[2023-03-14T14:10:56.532+0000] {processor.py:153} INFO - Started process (PID=3860) to work on /home/airflow/.local/lib/python3.7/site-packages/airflow/example_dags/example_branch_python_dop_operator_3.py
[2023-03-14T14:10:56.537+0000] {processor.py:743} INFO - Processing file /home/airflow/.local/lib/python3.7/site-packages/airflow/example_dags/example_branch_python_dop_operator_3.py for tasks to queue
[2023-03-14T14:10:56.542+0000] {logging_mixin.py:137} INFO - [2023-03-14T14:10:56.542+0000] {dagbag.py:538} INFO - Filling up the DagBag from /home/airflow/.local/lib/python3.7/site-packages/airflow/example_dags/example_branch_python_dop_operator_3.py
[2023-03-14T14:10:56.627+0000] {processor.py:753} INFO - DAG(s) dict_keys(['example_branch_dop_operator_v3']) retrieved from /home/airflow/.local/lib/python3.7/site-packages/airflow/example_dags/example_branch_python_dop_operator_3.py
[2023-03-14T14:10:56.719+0000] {logging_mixin.py:137} INFO - [2023-03-14T14:10:56.718+0000] {dag.py:2690} INFO - Sync 1 DAGs
[2023-03-14T14:10:56.818+0000] {logging_mixin.py:137} INFO - [2023-03-14T14:10:56.817+0000] {dag.py:3441} INFO - Setting next_dagrun for example_branch_dop_operator_v3 to 2023-03-14T14:09:00+00:00, run_after=2023-03-14T14:10:00+00:00
[2023-03-14T14:10:56.917+0000] {processor.py:175} INFO - Processing /home/airflow/.local/lib/python3.7/site-packages/airflow/example_dags/example_branch_python_dop_operator_3.py took 0.392 seconds
[2023-03-14T14:11:27.001+0000] {processor.py:153} INFO - Started process (PID=4076) to work on /home/airflow/.local/lib/python3.7/site-packages/airflow/example_dags/example_branch_python_dop_operator_3.py
[2023-03-14T14:11:27.003+0000] {processor.py:743} INFO - Processing file /home/airflow/.local/lib/python3.7/site-packages/airflow/example_dags/example_branch_python_dop_operator_3.py for tasks to queue
[2023-03-14T14:11:27.004+0000] {logging_mixin.py:137} INFO - [2023-03-14T14:11:27.004+0000] {dagbag.py:538} INFO - Filling up the DagBag from /home/airflow/.local/lib/python3.7/site-packages/airflow/example_dags/example_branch_python_dop_operator_3.py
[2023-03-14T14:11:27.076+0000] {processor.py:753} INFO - DAG(s) dict_keys(['example_branch_dop_operator_v3']) retrieved from /home/airflow/.local/lib/python3.7/site-packages/airflow/example_dags/example_branch_python_dop_operator_3.py
[2023-03-14T14:11:27.135+0000] {logging_mixin.py:137} INFO - [2023-03-14T14:11:27.135+0000] {dag.py:2690} INFO - Sync 1 DAGs
[2023-03-14T14:11:27.192+0000] {logging_mixin.py:137} INFO - [2023-03-14T14:11:27.192+0000] {dag.py:3441} INFO - Setting next_dagrun for example_branch_dop_operator_v3 to 2023-03-14T14:10:00+00:00, run_after=2023-03-14T14:11:00+00:00
[2023-03-14T14:11:27.243+0000] {processor.py:175} INFO - Processing /home/airflow/.local/lib/python3.7/site-packages/airflow/example_dags/example_branch_python_dop_operator_3.py took 0.250 seconds
[2023-03-14T14:11:58.222+0000] {processor.py:153} INFO - Started process (PID=4296) to work on /home/airflow/.local/lib/python3.7/site-packages/airflow/example_dags/example_branch_python_dop_operator_3.py
[2023-03-14T14:11:58.247+0000] {processor.py:743} INFO - Processing file /home/airflow/.local/lib/python3.7/site-packages/airflow/example_dags/example_branch_python_dop_operator_3.py for tasks to queue
[2023-03-14T14:11:58.250+0000] {logging_mixin.py:137} INFO - [2023-03-14T14:11:58.249+0000] {dagbag.py:538} INFO - Filling up the DagBag from /home/airflow/.local/lib/python3.7/site-packages/airflow/example_dags/example_branch_python_dop_operator_3.py
[2023-03-14T14:11:58.433+0000] {processor.py:753} INFO - DAG(s) dict_keys(['example_branch_dop_operator_v3']) retrieved from /home/airflow/.local/lib/python3.7/site-packages/airflow/example_dags/example_branch_python_dop_operator_3.py
[2023-03-14T14:11:58.498+0000] {logging_mixin.py:137} INFO - [2023-03-14T14:11:58.497+0000] {dag.py:2690} INFO - Sync 1 DAGs
[2023-03-14T14:11:58.663+0000] {logging_mixin.py:137} INFO - [2023-03-14T14:11:58.663+0000] {dag.py:3441} INFO - Setting next_dagrun for example_branch_dop_operator_v3 to 2023-03-14T14:10:00+00:00, run_after=2023-03-14T14:11:00+00:00
[2023-03-14T14:11:58.733+0000] {processor.py:175} INFO - Processing /home/airflow/.local/lib/python3.7/site-packages/airflow/example_dags/example_branch_python_dop_operator_3.py took 0.523 seconds
[2023-03-14T14:12:29.865+0000] {processor.py:153} INFO - Started process (PID=4510) to work on /home/airflow/.local/lib/python3.7/site-packages/airflow/example_dags/example_branch_python_dop_operator_3.py
[2023-03-14T14:12:29.880+0000] {processor.py:743} INFO - Processing file /home/airflow/.local/lib/python3.7/site-packages/airflow/example_dags/example_branch_python_dop_operator_3.py for tasks to queue
[2023-03-14T14:12:29.881+0000] {logging_mixin.py:137} INFO - [2023-03-14T14:12:29.881+0000] {dagbag.py:538} INFO - Filling up the DagBag from /home/airflow/.local/lib/python3.7/site-packages/airflow/example_dags/example_branch_python_dop_operator_3.py
[2023-03-14T14:12:30.044+0000] {processor.py:753} INFO - DAG(s) dict_keys(['example_branch_dop_operator_v3']) retrieved from /home/airflow/.local/lib/python3.7/site-packages/airflow/example_dags/example_branch_python_dop_operator_3.py
[2023-03-14T14:12:30.285+0000] {logging_mixin.py:137} INFO - [2023-03-14T14:12:30.285+0000] {dag.py:2690} INFO - Sync 1 DAGs
[2023-03-14T14:12:30.504+0000] {logging_mixin.py:137} INFO - [2023-03-14T14:12:30.504+0000] {dag.py:3441} INFO - Setting next_dagrun for example_branch_dop_operator_v3 to 2023-03-14T14:11:00+00:00, run_after=2023-03-14T14:12:00+00:00
[2023-03-14T14:12:30.587+0000] {processor.py:175} INFO - Processing /home/airflow/.local/lib/python3.7/site-packages/airflow/example_dags/example_branch_python_dop_operator_3.py took 0.731 seconds
[2023-03-14T14:13:01.252+0000] {processor.py:153} INFO - Started process (PID=4728) to work on /home/airflow/.local/lib/python3.7/site-packages/airflow/example_dags/example_branch_python_dop_operator_3.py
[2023-03-14T14:13:01.261+0000] {processor.py:743} INFO - Processing file /home/airflow/.local/lib/python3.7/site-packages/airflow/example_dags/example_branch_python_dop_operator_3.py for tasks to queue
[2023-03-14T14:13:01.269+0000] {logging_mixin.py:137} INFO - [2023-03-14T14:13:01.269+0000] {dagbag.py:538} INFO - Filling up the DagBag from /home/airflow/.local/lib/python3.7/site-packages/airflow/example_dags/example_branch_python_dop_operator_3.py
[2023-03-14T14:13:01.358+0000] {processor.py:753} INFO - DAG(s) dict_keys(['example_branch_dop_operator_v3']) retrieved from /home/airflow/.local/lib/python3.7/site-packages/airflow/example_dags/example_branch_python_dop_operator_3.py
[2023-03-14T14:13:01.437+0000] {logging_mixin.py:137} INFO - [2023-03-14T14:13:01.437+0000] {dag.py:2690} INFO - Sync 1 DAGs
[2023-03-14T14:13:01.524+0000] {logging_mixin.py:137} INFO - [2023-03-14T14:13:01.524+0000] {dag.py:3441} INFO - Setting next_dagrun for example_branch_dop_operator_v3 to 2023-03-14T14:12:00+00:00, run_after=2023-03-14T14:13:00+00:00
[2023-03-14T14:13:01.619+0000] {processor.py:175} INFO - Processing /home/airflow/.local/lib/python3.7/site-packages/airflow/example_dags/example_branch_python_dop_operator_3.py took 0.376 seconds
[2023-03-14T14:13:32.210+0000] {processor.py:153} INFO - Started process (PID=4941) to work on /home/airflow/.local/lib/python3.7/site-packages/airflow/example_dags/example_branch_python_dop_operator_3.py
[2023-03-14T14:13:32.211+0000] {processor.py:743} INFO - Processing file /home/airflow/.local/lib/python3.7/site-packages/airflow/example_dags/example_branch_python_dop_operator_3.py for tasks to queue
[2023-03-14T14:13:32.213+0000] {logging_mixin.py:137} INFO - [2023-03-14T14:13:32.212+0000] {dagbag.py:538} INFO - Filling up the DagBag from /home/airflow/.local/lib/python3.7/site-packages/airflow/example_dags/example_branch_python_dop_operator_3.py
[2023-03-14T14:13:32.274+0000] {processor.py:753} INFO - DAG(s) dict_keys(['example_branch_dop_operator_v3']) retrieved from /home/airflow/.local/lib/python3.7/site-packages/airflow/example_dags/example_branch_python_dop_operator_3.py
[2023-03-14T14:13:32.348+0000] {logging_mixin.py:137} INFO - [2023-03-14T14:13:32.348+0000] {dag.py:2690} INFO - Sync 1 DAGs
[2023-03-14T14:13:32.436+0000] {logging_mixin.py:137} INFO - [2023-03-14T14:13:32.435+0000] {dag.py:3441} INFO - Setting next_dagrun for example_branch_dop_operator_v3 to 2023-03-14T14:12:00+00:00, run_after=2023-03-14T14:13:00+00:00
[2023-03-14T14:13:32.493+0000] {processor.py:175} INFO - Processing /home/airflow/.local/lib/python3.7/site-packages/airflow/example_dags/example_branch_python_dop_operator_3.py took 0.288 seconds
[2023-03-14T14:14:03.233+0000] {processor.py:153} INFO - Started process (PID=5158) to work on /home/airflow/.local/lib/python3.7/site-packages/airflow/example_dags/example_branch_python_dop_operator_3.py
[2023-03-14T14:14:03.251+0000] {processor.py:743} INFO - Processing file /home/airflow/.local/lib/python3.7/site-packages/airflow/example_dags/example_branch_python_dop_operator_3.py for tasks to queue
[2023-03-14T14:14:03.253+0000] {logging_mixin.py:137} INFO - [2023-03-14T14:14:03.252+0000] {dagbag.py:538} INFO - Filling up the DagBag from /home/airflow/.local/lib/python3.7/site-packages/airflow/example_dags/example_branch_python_dop_operator_3.py
[2023-03-14T14:14:03.326+0000] {processor.py:753} INFO - DAG(s) dict_keys(['example_branch_dop_operator_v3']) retrieved from /home/airflow/.local/lib/python3.7/site-packages/airflow/example_dags/example_branch_python_dop_operator_3.py
[2023-03-14T14:14:03.530+0000] {logging_mixin.py:137} INFO - [2023-03-14T14:14:03.527+0000] {dag.py:2690} INFO - Sync 1 DAGs
[2023-03-14T14:14:03.772+0000] {logging_mixin.py:137} INFO - [2023-03-14T14:14:03.771+0000] {dag.py:3441} INFO - Setting next_dagrun for example_branch_dop_operator_v3 to 2023-03-14T14:13:00+00:00, run_after=2023-03-14T14:14:00+00:00
[2023-03-14T14:14:03.924+0000] {processor.py:175} INFO - Processing /home/airflow/.local/lib/python3.7/site-packages/airflow/example_dags/example_branch_python_dop_operator_3.py took 0.696 seconds
[2023-03-14T14:14:34.031+0000] {processor.py:153} INFO - Started process (PID=5381) to work on /home/airflow/.local/lib/python3.7/site-packages/airflow/example_dags/example_branch_python_dop_operator_3.py
[2023-03-14T14:14:34.032+0000] {processor.py:743} INFO - Processing file /home/airflow/.local/lib/python3.7/site-packages/airflow/example_dags/example_branch_python_dop_operator_3.py for tasks to queue
[2023-03-14T14:14:34.033+0000] {logging_mixin.py:137} INFO - [2023-03-14T14:14:34.033+0000] {dagbag.py:538} INFO - Filling up the DagBag from /home/airflow/.local/lib/python3.7/site-packages/airflow/example_dags/example_branch_python_dop_operator_3.py
[2023-03-14T14:14:34.071+0000] {processor.py:753} INFO - DAG(s) dict_keys(['example_branch_dop_operator_v3']) retrieved from /home/airflow/.local/lib/python3.7/site-packages/airflow/example_dags/example_branch_python_dop_operator_3.py
[2023-03-14T14:14:34.110+0000] {logging_mixin.py:137} INFO - [2023-03-14T14:14:34.110+0000] {dag.py:2690} INFO - Sync 1 DAGs
[2023-03-14T14:14:34.156+0000] {logging_mixin.py:137} INFO - [2023-03-14T14:14:34.156+0000] {dag.py:3441} INFO - Setting next_dagrun for example_branch_dop_operator_v3 to 2023-03-14T14:13:00+00:00, run_after=2023-03-14T14:14:00+00:00
[2023-03-14T14:14:34.187+0000] {processor.py:175} INFO - Processing /home/airflow/.local/lib/python3.7/site-packages/airflow/example_dags/example_branch_python_dop_operator_3.py took 0.161 seconds
[2023-03-14T14:15:04.692+0000] {processor.py:153} INFO - Started process (PID=5589) to work on /home/airflow/.local/lib/python3.7/site-packages/airflow/example_dags/example_branch_python_dop_operator_3.py
[2023-03-14T14:15:04.694+0000] {processor.py:743} INFO - Processing file /home/airflow/.local/lib/python3.7/site-packages/airflow/example_dags/example_branch_python_dop_operator_3.py for tasks to queue
[2023-03-14T14:15:04.695+0000] {logging_mixin.py:137} INFO - [2023-03-14T14:15:04.695+0000] {dagbag.py:538} INFO - Filling up the DagBag from /home/airflow/.local/lib/python3.7/site-packages/airflow/example_dags/example_branch_python_dop_operator_3.py
[2023-03-14T14:15:04.763+0000] {processor.py:753} INFO - DAG(s) dict_keys(['example_branch_dop_operator_v3']) retrieved from /home/airflow/.local/lib/python3.7/site-packages/airflow/example_dags/example_branch_python_dop_operator_3.py
[2023-03-14T14:15:04.829+0000] {logging_mixin.py:137} INFO - [2023-03-14T14:15:04.829+0000] {dag.py:2690} INFO - Sync 1 DAGs
[2023-03-14T14:15:04.874+0000] {logging_mixin.py:137} INFO - [2023-03-14T14:15:04.874+0000] {dag.py:3441} INFO - Setting next_dagrun for example_branch_dop_operator_v3 to 2023-03-14T14:14:00+00:00, run_after=2023-03-14T14:15:00+00:00
[2023-03-14T14:15:04.912+0000] {processor.py:175} INFO - Processing /home/airflow/.local/lib/python3.7/site-packages/airflow/example_dags/example_branch_python_dop_operator_3.py took 0.227 seconds
[2023-03-14T14:15:35.612+0000] {processor.py:153} INFO - Started process (PID=5811) to work on /home/airflow/.local/lib/python3.7/site-packages/airflow/example_dags/example_branch_python_dop_operator_3.py
[2023-03-14T14:15:35.614+0000] {processor.py:743} INFO - Processing file /home/airflow/.local/lib/python3.7/site-packages/airflow/example_dags/example_branch_python_dop_operator_3.py for tasks to queue
[2023-03-14T14:15:35.615+0000] {logging_mixin.py:137} INFO - [2023-03-14T14:15:35.614+0000] {dagbag.py:538} INFO - Filling up the DagBag from /home/airflow/.local/lib/python3.7/site-packages/airflow/example_dags/example_branch_python_dop_operator_3.py
[2023-03-14T14:15:35.650+0000] {processor.py:753} INFO - DAG(s) dict_keys(['example_branch_dop_operator_v3']) retrieved from /home/airflow/.local/lib/python3.7/site-packages/airflow/example_dags/example_branch_python_dop_operator_3.py
[2023-03-14T14:15:35.713+0000] {logging_mixin.py:137} INFO - [2023-03-14T14:15:35.712+0000] {dag.py:2690} INFO - Sync 1 DAGs
[2023-03-14T14:15:35.801+0000] {logging_mixin.py:137} INFO - [2023-03-14T14:15:35.801+0000] {dag.py:3441} INFO - Setting next_dagrun for example_branch_dop_operator_v3 to 2023-03-14T14:14:00+00:00, run_after=2023-03-14T14:15:00+00:00
[2023-03-14T14:15:35.862+0000] {processor.py:175} INFO - Processing /home/airflow/.local/lib/python3.7/site-packages/airflow/example_dags/example_branch_python_dop_operator_3.py took 0.255 seconds
