[2023-03-14T14:02:27.815+0000] {processor.py:153} INFO - Started process (PID=233) to work on /home/airflow/.local/lib/python3.7/site-packages/airflow/example_dags/example_latest_only_with_trigger.py
[2023-03-14T14:02:27.816+0000] {processor.py:743} INFO - Processing file /home/airflow/.local/lib/python3.7/site-packages/airflow/example_dags/example_latest_only_with_trigger.py for tasks to queue
[2023-03-14T14:02:27.817+0000] {logging_mixin.py:137} INFO - [2023-03-14T14:02:27.816+0000] {dagbag.py:538} INFO - Filling up the DagBag from /home/airflow/.local/lib/python3.7/site-packages/airflow/example_dags/example_latest_only_with_trigger.py
[2023-03-14T14:02:27.867+0000] {processor.py:753} INFO - DAG(s) dict_keys(['latest_only_with_trigger']) retrieved from /home/airflow/.local/lib/python3.7/site-packages/airflow/example_dags/example_latest_only_with_trigger.py
[2023-03-14T14:02:27.957+0000] {logging_mixin.py:137} INFO - [2023-03-14T14:02:27.954+0000] {dag.py:2690} INFO - Sync 1 DAGs
[2023-03-14T14:02:28.040+0000] {logging_mixin.py:137} INFO - [2023-03-14T14:02:28.036+0000] {dag.py:3441} INFO - Setting next_dagrun for latest_only_with_trigger to 2023-03-14T10:02:28.036138+00:00, run_after=2023-03-14T14:02:28.036138+00:00
[2023-03-14T14:02:28.257+0000] {processor.py:175} INFO - Processing /home/airflow/.local/lib/python3.7/site-packages/airflow/example_dags/example_latest_only_with_trigger.py took 0.458 seconds
[2023-03-14T14:02:58.958+0000] {processor.py:153} INFO - Started process (PID=441) to work on /home/airflow/.local/lib/python3.7/site-packages/airflow/example_dags/example_latest_only_with_trigger.py
[2023-03-14T14:02:58.973+0000] {processor.py:743} INFO - Processing file /home/airflow/.local/lib/python3.7/site-packages/airflow/example_dags/example_latest_only_with_trigger.py for tasks to queue
[2023-03-14T14:02:58.974+0000] {logging_mixin.py:137} INFO - [2023-03-14T14:02:58.974+0000] {dagbag.py:538} INFO - Filling up the DagBag from /home/airflow/.local/lib/python3.7/site-packages/airflow/example_dags/example_latest_only_with_trigger.py
[2023-03-14T14:02:59.059+0000] {processor.py:753} INFO - DAG(s) dict_keys(['latest_only_with_trigger']) retrieved from /home/airflow/.local/lib/python3.7/site-packages/airflow/example_dags/example_latest_only_with_trigger.py
[2023-03-14T14:02:59.389+0000] {logging_mixin.py:137} INFO - [2023-03-14T14:02:59.389+0000] {dag.py:2690} INFO - Sync 1 DAGs
[2023-03-14T14:02:59.725+0000] {logging_mixin.py:137} INFO - [2023-03-14T14:02:59.725+0000] {dag.py:3441} INFO - Setting next_dagrun for latest_only_with_trigger to 2023-03-14T10:02:59.724904+00:00, run_after=2023-03-14T14:02:59.724904+00:00
[2023-03-14T14:02:59.855+0000] {processor.py:175} INFO - Processing /home/airflow/.local/lib/python3.7/site-packages/airflow/example_dags/example_latest_only_with_trigger.py took 0.934 seconds
[2023-03-14T14:03:30.320+0000] {processor.py:153} INFO - Started process (PID=654) to work on /home/airflow/.local/lib/python3.7/site-packages/airflow/example_dags/example_latest_only_with_trigger.py
[2023-03-14T14:03:30.333+0000] {processor.py:743} INFO - Processing file /home/airflow/.local/lib/python3.7/site-packages/airflow/example_dags/example_latest_only_with_trigger.py for tasks to queue
[2023-03-14T14:03:30.334+0000] {logging_mixin.py:137} INFO - [2023-03-14T14:03:30.334+0000] {dagbag.py:538} INFO - Filling up the DagBag from /home/airflow/.local/lib/python3.7/site-packages/airflow/example_dags/example_latest_only_with_trigger.py
[2023-03-14T14:03:30.403+0000] {processor.py:753} INFO - DAG(s) dict_keys(['latest_only_with_trigger']) retrieved from /home/airflow/.local/lib/python3.7/site-packages/airflow/example_dags/example_latest_only_with_trigger.py
[2023-03-14T14:03:30.474+0000] {logging_mixin.py:137} INFO - [2023-03-14T14:03:30.474+0000] {dag.py:2690} INFO - Sync 1 DAGs
[2023-03-14T14:03:30.552+0000] {logging_mixin.py:137} INFO - [2023-03-14T14:03:30.551+0000] {dag.py:3441} INFO - Setting next_dagrun for latest_only_with_trigger to 2023-03-14T10:03:30.551498+00:00, run_after=2023-03-14T14:03:30.551498+00:00
[2023-03-14T14:03:30.612+0000] {processor.py:175} INFO - Processing /home/airflow/.local/lib/python3.7/site-packages/airflow/example_dags/example_latest_only_with_trigger.py took 0.297 seconds
[2023-03-14T14:04:01.209+0000] {processor.py:153} INFO - Started process (PID=879) to work on /home/airflow/.local/lib/python3.7/site-packages/airflow/example_dags/example_latest_only_with_trigger.py
[2023-03-14T14:04:01.213+0000] {processor.py:743} INFO - Processing file /home/airflow/.local/lib/python3.7/site-packages/airflow/example_dags/example_latest_only_with_trigger.py for tasks to queue
[2023-03-14T14:04:01.215+0000] {logging_mixin.py:137} INFO - [2023-03-14T14:04:01.214+0000] {dagbag.py:538} INFO - Filling up the DagBag from /home/airflow/.local/lib/python3.7/site-packages/airflow/example_dags/example_latest_only_with_trigger.py
[2023-03-14T14:04:01.279+0000] {processor.py:753} INFO - DAG(s) dict_keys(['latest_only_with_trigger']) retrieved from /home/airflow/.local/lib/python3.7/site-packages/airflow/example_dags/example_latest_only_with_trigger.py
[2023-03-14T14:04:01.353+0000] {logging_mixin.py:137} INFO - [2023-03-14T14:04:01.353+0000] {dag.py:2690} INFO - Sync 1 DAGs
[2023-03-14T14:04:01.394+0000] {logging_mixin.py:137} INFO - [2023-03-14T14:04:01.394+0000] {dag.py:3441} INFO - Setting next_dagrun for latest_only_with_trigger to 2023-03-14T10:04:01.394297+00:00, run_after=2023-03-14T14:04:01.394297+00:00
[2023-03-14T14:04:01.459+0000] {processor.py:175} INFO - Processing /home/airflow/.local/lib/python3.7/site-packages/airflow/example_dags/example_latest_only_with_trigger.py took 0.271 seconds
[2023-03-14T14:04:31.901+0000] {processor.py:153} INFO - Started process (PID=1094) to work on /home/airflow/.local/lib/python3.7/site-packages/airflow/example_dags/example_latest_only_with_trigger.py
[2023-03-14T14:04:31.904+0000] {processor.py:743} INFO - Processing file /home/airflow/.local/lib/python3.7/site-packages/airflow/example_dags/example_latest_only_with_trigger.py for tasks to queue
[2023-03-14T14:04:31.907+0000] {logging_mixin.py:137} INFO - [2023-03-14T14:04:31.907+0000] {dagbag.py:538} INFO - Filling up the DagBag from /home/airflow/.local/lib/python3.7/site-packages/airflow/example_dags/example_latest_only_with_trigger.py
[2023-03-14T14:04:31.964+0000] {processor.py:753} INFO - DAG(s) dict_keys(['latest_only_with_trigger']) retrieved from /home/airflow/.local/lib/python3.7/site-packages/airflow/example_dags/example_latest_only_with_trigger.py
[2023-03-14T14:04:32.024+0000] {logging_mixin.py:137} INFO - [2023-03-14T14:04:32.024+0000] {dag.py:2690} INFO - Sync 1 DAGs
[2023-03-14T14:04:32.063+0000] {logging_mixin.py:137} INFO - [2023-03-14T14:04:32.063+0000] {dag.py:3441} INFO - Setting next_dagrun for latest_only_with_trigger to 2023-03-14T10:04:32.062724+00:00, run_after=2023-03-14T14:04:32.062724+00:00
[2023-03-14T14:04:32.096+0000] {processor.py:175} INFO - Processing /home/airflow/.local/lib/python3.7/site-packages/airflow/example_dags/example_latest_only_with_trigger.py took 0.209 seconds
[2023-03-14T14:05:03.642+0000] {processor.py:153} INFO - Started process (PID=1308) to work on /home/airflow/.local/lib/python3.7/site-packages/airflow/example_dags/example_latest_only_with_trigger.py
[2023-03-14T14:05:03.645+0000] {processor.py:743} INFO - Processing file /home/airflow/.local/lib/python3.7/site-packages/airflow/example_dags/example_latest_only_with_trigger.py for tasks to queue
[2023-03-14T14:05:03.649+0000] {logging_mixin.py:137} INFO - [2023-03-14T14:05:03.646+0000] {dagbag.py:538} INFO - Filling up the DagBag from /home/airflow/.local/lib/python3.7/site-packages/airflow/example_dags/example_latest_only_with_trigger.py
[2023-03-14T14:05:03.736+0000] {processor.py:753} INFO - DAG(s) dict_keys(['latest_only_with_trigger']) retrieved from /home/airflow/.local/lib/python3.7/site-packages/airflow/example_dags/example_latest_only_with_trigger.py
[2023-03-14T14:05:03.870+0000] {logging_mixin.py:137} INFO - [2023-03-14T14:05:03.870+0000] {dag.py:2690} INFO - Sync 1 DAGs
[2023-03-14T14:05:03.968+0000] {logging_mixin.py:137} INFO - [2023-03-14T14:05:03.964+0000] {dag.py:3441} INFO - Setting next_dagrun for latest_only_with_trigger to 2023-03-14T10:05:03.964239+00:00, run_after=2023-03-14T14:05:03.964239+00:00
[2023-03-14T14:05:04.112+0000] {processor.py:175} INFO - Processing /home/airflow/.local/lib/python3.7/site-packages/airflow/example_dags/example_latest_only_with_trigger.py took 0.485 seconds
[2023-03-14T14:05:34.885+0000] {processor.py:153} INFO - Started process (PID=1523) to work on /home/airflow/.local/lib/python3.7/site-packages/airflow/example_dags/example_latest_only_with_trigger.py
[2023-03-14T14:05:34.915+0000] {processor.py:743} INFO - Processing file /home/airflow/.local/lib/python3.7/site-packages/airflow/example_dags/example_latest_only_with_trigger.py for tasks to queue
[2023-03-14T14:05:34.916+0000] {logging_mixin.py:137} INFO - [2023-03-14T14:05:34.916+0000] {dagbag.py:538} INFO - Filling up the DagBag from /home/airflow/.local/lib/python3.7/site-packages/airflow/example_dags/example_latest_only_with_trigger.py
[2023-03-14T14:05:34.992+0000] {processor.py:753} INFO - DAG(s) dict_keys(['latest_only_with_trigger']) retrieved from /home/airflow/.local/lib/python3.7/site-packages/airflow/example_dags/example_latest_only_with_trigger.py
[2023-03-14T14:05:35.071+0000] {logging_mixin.py:137} INFO - [2023-03-14T14:05:35.071+0000] {dag.py:2690} INFO - Sync 1 DAGs
[2023-03-14T14:05:35.102+0000] {logging_mixin.py:137} INFO - [2023-03-14T14:05:35.102+0000] {dag.py:3441} INFO - Setting next_dagrun for latest_only_with_trigger to 2023-03-14T10:05:35.102511+00:00, run_after=2023-03-14T14:05:35.102511+00:00
[2023-03-14T14:05:35.130+0000] {processor.py:175} INFO - Processing /home/airflow/.local/lib/python3.7/site-packages/airflow/example_dags/example_latest_only_with_trigger.py took 0.251 seconds
[2023-03-14T14:06:05.661+0000] {processor.py:153} INFO - Started process (PID=1738) to work on /home/airflow/.local/lib/python3.7/site-packages/airflow/example_dags/example_latest_only_with_trigger.py
[2023-03-14T14:06:05.680+0000] {processor.py:743} INFO - Processing file /home/airflow/.local/lib/python3.7/site-packages/airflow/example_dags/example_latest_only_with_trigger.py for tasks to queue
[2023-03-14T14:06:05.681+0000] {logging_mixin.py:137} INFO - [2023-03-14T14:06:05.681+0000] {dagbag.py:538} INFO - Filling up the DagBag from /home/airflow/.local/lib/python3.7/site-packages/airflow/example_dags/example_latest_only_with_trigger.py
[2023-03-14T14:06:05.768+0000] {processor.py:753} INFO - DAG(s) dict_keys(['latest_only_with_trigger']) retrieved from /home/airflow/.local/lib/python3.7/site-packages/airflow/example_dags/example_latest_only_with_trigger.py
[2023-03-14T14:06:05.853+0000] {logging_mixin.py:137} INFO - [2023-03-14T14:06:05.853+0000] {dag.py:2690} INFO - Sync 1 DAGs
[2023-03-14T14:06:05.933+0000] {logging_mixin.py:137} INFO - [2023-03-14T14:06:05.932+0000] {dag.py:3441} INFO - Setting next_dagrun for latest_only_with_trigger to 2023-03-14T10:06:05.928468+00:00, run_after=2023-03-14T14:06:05.928468+00:00
[2023-03-14T14:06:06.012+0000] {processor.py:175} INFO - Processing /home/airflow/.local/lib/python3.7/site-packages/airflow/example_dags/example_latest_only_with_trigger.py took 0.376 seconds
[2023-03-14T14:06:36.412+0000] {processor.py:153} INFO - Started process (PID=1955) to work on /home/airflow/.local/lib/python3.7/site-packages/airflow/example_dags/example_latest_only_with_trigger.py
[2023-03-14T14:06:36.413+0000] {processor.py:743} INFO - Processing file /home/airflow/.local/lib/python3.7/site-packages/airflow/example_dags/example_latest_only_with_trigger.py for tasks to queue
[2023-03-14T14:06:36.413+0000] {logging_mixin.py:137} INFO - [2023-03-14T14:06:36.413+0000] {dagbag.py:538} INFO - Filling up the DagBag from /home/airflow/.local/lib/python3.7/site-packages/airflow/example_dags/example_latest_only_with_trigger.py
[2023-03-14T14:06:36.428+0000] {processor.py:753} INFO - DAG(s) dict_keys(['latest_only_with_trigger']) retrieved from /home/airflow/.local/lib/python3.7/site-packages/airflow/example_dags/example_latest_only_with_trigger.py
[2023-03-14T14:06:36.454+0000] {logging_mixin.py:137} INFO - [2023-03-14T14:06:36.454+0000] {dag.py:2690} INFO - Sync 1 DAGs
[2023-03-14T14:06:36.479+0000] {logging_mixin.py:137} INFO - [2023-03-14T14:06:36.479+0000] {dag.py:3441} INFO - Setting next_dagrun for latest_only_with_trigger to 2023-03-14T10:06:36.479074+00:00, run_after=2023-03-14T14:06:36.479074+00:00
[2023-03-14T14:06:36.502+0000] {processor.py:175} INFO - Processing /home/airflow/.local/lib/python3.7/site-packages/airflow/example_dags/example_latest_only_with_trigger.py took 0.095 seconds
[2023-03-14T14:07:07.603+0000] {processor.py:153} INFO - Started process (PID=2178) to work on /home/airflow/.local/lib/python3.7/site-packages/airflow/example_dags/example_latest_only_with_trigger.py
[2023-03-14T14:07:07.612+0000] {processor.py:743} INFO - Processing file /home/airflow/.local/lib/python3.7/site-packages/airflow/example_dags/example_latest_only_with_trigger.py for tasks to queue
[2023-03-14T14:07:07.613+0000] {logging_mixin.py:137} INFO - [2023-03-14T14:07:07.613+0000] {dagbag.py:538} INFO - Filling up the DagBag from /home/airflow/.local/lib/python3.7/site-packages/airflow/example_dags/example_latest_only_with_trigger.py
[2023-03-14T14:07:07.648+0000] {processor.py:753} INFO - DAG(s) dict_keys(['latest_only_with_trigger']) retrieved from /home/airflow/.local/lib/python3.7/site-packages/airflow/example_dags/example_latest_only_with_trigger.py
[2023-03-14T14:07:07.692+0000] {logging_mixin.py:137} INFO - [2023-03-14T14:07:07.692+0000] {dag.py:2690} INFO - Sync 1 DAGs
[2023-03-14T14:07:07.757+0000] {logging_mixin.py:137} INFO - [2023-03-14T14:07:07.756+0000] {dag.py:3441} INFO - Setting next_dagrun for latest_only_with_trigger to 2023-03-14T10:07:07.756579+00:00, run_after=2023-03-14T14:07:07.756579+00:00
[2023-03-14T14:07:07.790+0000] {processor.py:175} INFO - Processing /home/airflow/.local/lib/python3.7/site-packages/airflow/example_dags/example_latest_only_with_trigger.py took 0.199 seconds
[2023-03-14T14:07:37.948+0000] {processor.py:153} INFO - Started process (PID=2395) to work on /home/airflow/.local/lib/python3.7/site-packages/airflow/example_dags/example_latest_only_with_trigger.py
[2023-03-14T14:07:37.949+0000] {processor.py:743} INFO - Processing file /home/airflow/.local/lib/python3.7/site-packages/airflow/example_dags/example_latest_only_with_trigger.py for tasks to queue
[2023-03-14T14:07:37.950+0000] {logging_mixin.py:137} INFO - [2023-03-14T14:07:37.949+0000] {dagbag.py:538} INFO - Filling up the DagBag from /home/airflow/.local/lib/python3.7/site-packages/airflow/example_dags/example_latest_only_with_trigger.py
[2023-03-14T14:07:37.972+0000] {processor.py:753} INFO - DAG(s) dict_keys(['latest_only_with_trigger']) retrieved from /home/airflow/.local/lib/python3.7/site-packages/airflow/example_dags/example_latest_only_with_trigger.py
[2023-03-14T14:07:37.998+0000] {logging_mixin.py:137} INFO - [2023-03-14T14:07:37.998+0000] {dag.py:2690} INFO - Sync 1 DAGs
[2023-03-14T14:07:38.023+0000] {logging_mixin.py:137} INFO - [2023-03-14T14:07:38.023+0000] {dag.py:3441} INFO - Setting next_dagrun for latest_only_with_trigger to 2023-03-14T10:07:38.022748+00:00, run_after=2023-03-14T14:07:38.022748+00:00
[2023-03-14T14:07:38.048+0000] {processor.py:175} INFO - Processing /home/airflow/.local/lib/python3.7/site-packages/airflow/example_dags/example_latest_only_with_trigger.py took 0.105 seconds
[2023-03-14T14:08:08.332+0000] {processor.py:153} INFO - Started process (PID=2608) to work on /home/airflow/.local/lib/python3.7/site-packages/airflow/example_dags/example_latest_only_with_trigger.py
[2023-03-14T14:08:08.356+0000] {processor.py:743} INFO - Processing file /home/airflow/.local/lib/python3.7/site-packages/airflow/example_dags/example_latest_only_with_trigger.py for tasks to queue
[2023-03-14T14:08:08.357+0000] {logging_mixin.py:137} INFO - [2023-03-14T14:08:08.357+0000] {dagbag.py:538} INFO - Filling up the DagBag from /home/airflow/.local/lib/python3.7/site-packages/airflow/example_dags/example_latest_only_with_trigger.py
[2023-03-14T14:08:08.393+0000] {processor.py:753} INFO - DAG(s) dict_keys(['latest_only_with_trigger']) retrieved from /home/airflow/.local/lib/python3.7/site-packages/airflow/example_dags/example_latest_only_with_trigger.py
[2023-03-14T14:08:08.458+0000] {logging_mixin.py:137} INFO - [2023-03-14T14:08:08.457+0000] {dag.py:2690} INFO - Sync 1 DAGs
[2023-03-14T14:08:08.499+0000] {logging_mixin.py:137} INFO - [2023-03-14T14:08:08.499+0000] {dag.py:3441} INFO - Setting next_dagrun for latest_only_with_trigger to 2023-03-14T10:08:08.499008+00:00, run_after=2023-03-14T14:08:08.499008+00:00
[2023-03-14T14:08:08.532+0000] {processor.py:175} INFO - Processing /home/airflow/.local/lib/python3.7/site-packages/airflow/example_dags/example_latest_only_with_trigger.py took 0.214 seconds
[2023-03-14T14:08:38.889+0000] {processor.py:153} INFO - Started process (PID=2824) to work on /home/airflow/.local/lib/python3.7/site-packages/airflow/example_dags/example_latest_only_with_trigger.py
[2023-03-14T14:08:38.891+0000] {processor.py:743} INFO - Processing file /home/airflow/.local/lib/python3.7/site-packages/airflow/example_dags/example_latest_only_with_trigger.py for tasks to queue
[2023-03-14T14:08:38.892+0000] {logging_mixin.py:137} INFO - [2023-03-14T14:08:38.891+0000] {dagbag.py:538} INFO - Filling up the DagBag from /home/airflow/.local/lib/python3.7/site-packages/airflow/example_dags/example_latest_only_with_trigger.py
[2023-03-14T14:08:38.916+0000] {processor.py:753} INFO - DAG(s) dict_keys(['latest_only_with_trigger']) retrieved from /home/airflow/.local/lib/python3.7/site-packages/airflow/example_dags/example_latest_only_with_trigger.py
[2023-03-14T14:08:38.967+0000] {logging_mixin.py:137} INFO - [2023-03-14T14:08:38.967+0000] {dag.py:2690} INFO - Sync 1 DAGs
[2023-03-14T14:08:39.005+0000] {logging_mixin.py:137} INFO - [2023-03-14T14:08:39.005+0000] {dag.py:3441} INFO - Setting next_dagrun for latest_only_with_trigger to 2023-03-14T10:08:39.005259+00:00, run_after=2023-03-14T14:08:39.005259+00:00
[2023-03-14T14:08:39.033+0000] {processor.py:175} INFO - Processing /home/airflow/.local/lib/python3.7/site-packages/airflow/example_dags/example_latest_only_with_trigger.py took 0.149 seconds
[2023-03-14T14:09:11.006+0000] {processor.py:153} INFO - Started process (PID=3057) to work on /home/airflow/.local/lib/python3.7/site-packages/airflow/example_dags/example_latest_only_with_trigger.py
[2023-03-14T14:09:11.038+0000] {processor.py:743} INFO - Processing file /home/airflow/.local/lib/python3.7/site-packages/airflow/example_dags/example_latest_only_with_trigger.py for tasks to queue
[2023-03-14T14:09:11.039+0000] {logging_mixin.py:137} INFO - [2023-03-14T14:09:11.039+0000] {dagbag.py:538} INFO - Filling up the DagBag from /home/airflow/.local/lib/python3.7/site-packages/airflow/example_dags/example_latest_only_with_trigger.py
[2023-03-14T14:09:11.142+0000] {processor.py:753} INFO - DAG(s) dict_keys(['latest_only_with_trigger']) retrieved from /home/airflow/.local/lib/python3.7/site-packages/airflow/example_dags/example_latest_only_with_trigger.py
[2023-03-14T14:09:11.256+0000] {logging_mixin.py:137} INFO - [2023-03-14T14:09:11.256+0000] {dag.py:2690} INFO - Sync 1 DAGs
[2023-03-14T14:09:11.382+0000] {logging_mixin.py:137} INFO - [2023-03-14T14:09:11.382+0000] {dag.py:3441} INFO - Setting next_dagrun for latest_only_with_trigger to 2023-03-14T10:09:11.381742+00:00, run_after=2023-03-14T14:09:11.381742+00:00
[2023-03-14T14:09:11.434+0000] {processor.py:175} INFO - Processing /home/airflow/.local/lib/python3.7/site-packages/airflow/example_dags/example_latest_only_with_trigger.py took 0.434 seconds
[2023-03-14T14:09:41.594+0000] {processor.py:153} INFO - Started process (PID=3292) to work on /home/airflow/.local/lib/python3.7/site-packages/airflow/example_dags/example_latest_only_with_trigger.py
[2023-03-14T14:09:41.595+0000] {processor.py:743} INFO - Processing file /home/airflow/.local/lib/python3.7/site-packages/airflow/example_dags/example_latest_only_with_trigger.py for tasks to queue
[2023-03-14T14:09:41.596+0000] {logging_mixin.py:137} INFO - [2023-03-14T14:09:41.596+0000] {dagbag.py:538} INFO - Filling up the DagBag from /home/airflow/.local/lib/python3.7/site-packages/airflow/example_dags/example_latest_only_with_trigger.py
[2023-03-14T14:09:41.612+0000] {processor.py:753} INFO - DAG(s) dict_keys(['latest_only_with_trigger']) retrieved from /home/airflow/.local/lib/python3.7/site-packages/airflow/example_dags/example_latest_only_with_trigger.py
[2023-03-14T14:09:41.638+0000] {logging_mixin.py:137} INFO - [2023-03-14T14:09:41.638+0000] {dag.py:2690} INFO - Sync 1 DAGs
[2023-03-14T14:09:41.670+0000] {logging_mixin.py:137} INFO - [2023-03-14T14:09:41.669+0000] {dag.py:3441} INFO - Setting next_dagrun for latest_only_with_trigger to 2023-03-14T10:09:41.669619+00:00, run_after=2023-03-14T14:09:41.669619+00:00
[2023-03-14T14:09:41.696+0000] {processor.py:175} INFO - Processing /home/airflow/.local/lib/python3.7/site-packages/airflow/example_dags/example_latest_only_with_trigger.py took 0.106 seconds
[2023-03-14T14:10:13.239+0000] {processor.py:153} INFO - Started process (PID=3507) to work on /home/airflow/.local/lib/python3.7/site-packages/airflow/example_dags/example_latest_only_with_trigger.py
[2023-03-14T14:10:13.240+0000] {processor.py:743} INFO - Processing file /home/airflow/.local/lib/python3.7/site-packages/airflow/example_dags/example_latest_only_with_trigger.py for tasks to queue
[2023-03-14T14:10:13.241+0000] {logging_mixin.py:137} INFO - [2023-03-14T14:10:13.241+0000] {dagbag.py:538} INFO - Filling up the DagBag from /home/airflow/.local/lib/python3.7/site-packages/airflow/example_dags/example_latest_only_with_trigger.py
[2023-03-14T14:10:13.271+0000] {processor.py:753} INFO - DAG(s) dict_keys(['latest_only_with_trigger']) retrieved from /home/airflow/.local/lib/python3.7/site-packages/airflow/example_dags/example_latest_only_with_trigger.py
[2023-03-14T14:10:13.308+0000] {logging_mixin.py:137} INFO - [2023-03-14T14:10:13.308+0000] {dag.py:2690} INFO - Sync 1 DAGs
[2023-03-14T14:10:13.357+0000] {logging_mixin.py:137} INFO - [2023-03-14T14:10:13.357+0000] {dag.py:3441} INFO - Setting next_dagrun for latest_only_with_trigger to 2023-03-14T10:10:13.351015+00:00, run_after=2023-03-14T14:10:13.351015+00:00
[2023-03-14T14:10:13.394+0000] {processor.py:175} INFO - Processing /home/airflow/.local/lib/python3.7/site-packages/airflow/example_dags/example_latest_only_with_trigger.py took 0.160 seconds
[2023-03-14T14:10:43.679+0000] {processor.py:153} INFO - Started process (PID=3722) to work on /home/airflow/.local/lib/python3.7/site-packages/airflow/example_dags/example_latest_only_with_trigger.py
[2023-03-14T14:10:43.680+0000] {processor.py:743} INFO - Processing file /home/airflow/.local/lib/python3.7/site-packages/airflow/example_dags/example_latest_only_with_trigger.py for tasks to queue
[2023-03-14T14:10:43.681+0000] {logging_mixin.py:137} INFO - [2023-03-14T14:10:43.681+0000] {dagbag.py:538} INFO - Filling up the DagBag from /home/airflow/.local/lib/python3.7/site-packages/airflow/example_dags/example_latest_only_with_trigger.py
[2023-03-14T14:10:43.704+0000] {processor.py:753} INFO - DAG(s) dict_keys(['latest_only_with_trigger']) retrieved from /home/airflow/.local/lib/python3.7/site-packages/airflow/example_dags/example_latest_only_with_trigger.py
[2023-03-14T14:10:43.748+0000] {logging_mixin.py:137} INFO - [2023-03-14T14:10:43.747+0000] {dag.py:2690} INFO - Sync 1 DAGs
[2023-03-14T14:10:43.791+0000] {logging_mixin.py:137} INFO - [2023-03-14T14:10:43.790+0000] {dag.py:3441} INFO - Setting next_dagrun for latest_only_with_trigger to 2023-03-14T10:10:43.790431+00:00, run_after=2023-03-14T14:10:43.790431+00:00
[2023-03-14T14:10:43.826+0000] {processor.py:175} INFO - Processing /home/airflow/.local/lib/python3.7/site-packages/airflow/example_dags/example_latest_only_with_trigger.py took 0.153 seconds
[2023-03-14T14:11:14.845+0000] {processor.py:153} INFO - Started process (PID=3935) to work on /home/airflow/.local/lib/python3.7/site-packages/airflow/example_dags/example_latest_only_with_trigger.py
[2023-03-14T14:11:14.852+0000] {processor.py:743} INFO - Processing file /home/airflow/.local/lib/python3.7/site-packages/airflow/example_dags/example_latest_only_with_trigger.py for tasks to queue
[2023-03-14T14:11:14.853+0000] {logging_mixin.py:137} INFO - [2023-03-14T14:11:14.852+0000] {dagbag.py:538} INFO - Filling up the DagBag from /home/airflow/.local/lib/python3.7/site-packages/airflow/example_dags/example_latest_only_with_trigger.py
[2023-03-14T14:11:14.886+0000] {processor.py:753} INFO - DAG(s) dict_keys(['latest_only_with_trigger']) retrieved from /home/airflow/.local/lib/python3.7/site-packages/airflow/example_dags/example_latest_only_with_trigger.py
[2023-03-14T14:11:15.012+0000] {logging_mixin.py:137} INFO - [2023-03-14T14:11:15.011+0000] {dag.py:2690} INFO - Sync 1 DAGs
[2023-03-14T14:11:15.096+0000] {logging_mixin.py:137} INFO - [2023-03-14T14:11:15.096+0000] {dag.py:3441} INFO - Setting next_dagrun for latest_only_with_trigger to 2023-03-14T10:11:15.095721+00:00, run_after=2023-03-14T14:11:15.095721+00:00
[2023-03-14T14:11:15.136+0000] {processor.py:175} INFO - Processing /home/airflow/.local/lib/python3.7/site-packages/airflow/example_dags/example_latest_only_with_trigger.py took 0.306 seconds
[2023-03-14T14:11:45.391+0000] {processor.py:153} INFO - Started process (PID=4159) to work on /home/airflow/.local/lib/python3.7/site-packages/airflow/example_dags/example_latest_only_with_trigger.py
[2023-03-14T14:11:45.392+0000] {processor.py:743} INFO - Processing file /home/airflow/.local/lib/python3.7/site-packages/airflow/example_dags/example_latest_only_with_trigger.py for tasks to queue
[2023-03-14T14:11:45.398+0000] {logging_mixin.py:137} INFO - [2023-03-14T14:11:45.398+0000] {dagbag.py:538} INFO - Filling up the DagBag from /home/airflow/.local/lib/python3.7/site-packages/airflow/example_dags/example_latest_only_with_trigger.py
[2023-03-14T14:11:45.434+0000] {processor.py:753} INFO - DAG(s) dict_keys(['latest_only_with_trigger']) retrieved from /home/airflow/.local/lib/python3.7/site-packages/airflow/example_dags/example_latest_only_with_trigger.py
[2023-03-14T14:11:45.540+0000] {logging_mixin.py:137} INFO - [2023-03-14T14:11:45.539+0000] {dag.py:2690} INFO - Sync 1 DAGs
[2023-03-14T14:11:45.616+0000] {logging_mixin.py:137} INFO - [2023-03-14T14:11:45.615+0000] {dag.py:3441} INFO - Setting next_dagrun for latest_only_with_trigger to 2023-03-14T10:11:45.615441+00:00, run_after=2023-03-14T14:11:45.615441+00:00
[2023-03-14T14:11:45.669+0000] {processor.py:175} INFO - Processing /home/airflow/.local/lib/python3.7/site-packages/airflow/example_dags/example_latest_only_with_trigger.py took 0.286 seconds
[2023-03-14T14:12:16.400+0000] {processor.py:153} INFO - Started process (PID=4373) to work on /home/airflow/.local/lib/python3.7/site-packages/airflow/example_dags/example_latest_only_with_trigger.py
[2023-03-14T14:12:16.413+0000] {processor.py:743} INFO - Processing file /home/airflow/.local/lib/python3.7/site-packages/airflow/example_dags/example_latest_only_with_trigger.py for tasks to queue
[2023-03-14T14:12:16.414+0000] {logging_mixin.py:137} INFO - [2023-03-14T14:12:16.414+0000] {dagbag.py:538} INFO - Filling up the DagBag from /home/airflow/.local/lib/python3.7/site-packages/airflow/example_dags/example_latest_only_with_trigger.py
[2023-03-14T14:12:16.482+0000] {processor.py:753} INFO - DAG(s) dict_keys(['latest_only_with_trigger']) retrieved from /home/airflow/.local/lib/python3.7/site-packages/airflow/example_dags/example_latest_only_with_trigger.py
[2023-03-14T14:12:16.558+0000] {logging_mixin.py:137} INFO - [2023-03-14T14:12:16.558+0000] {dag.py:2690} INFO - Sync 1 DAGs
[2023-03-14T14:12:16.624+0000] {logging_mixin.py:137} INFO - [2023-03-14T14:12:16.623+0000] {dag.py:3441} INFO - Setting next_dagrun for latest_only_with_trigger to 2023-03-14T10:12:16.623499+00:00, run_after=2023-03-14T14:12:16.623499+00:00
[2023-03-14T14:12:16.663+0000] {processor.py:175} INFO - Processing /home/airflow/.local/lib/python3.7/site-packages/airflow/example_dags/example_latest_only_with_trigger.py took 0.285 seconds
[2023-03-14T14:12:47.047+0000] {processor.py:153} INFO - Started process (PID=4589) to work on /home/airflow/.local/lib/python3.7/site-packages/airflow/example_dags/example_latest_only_with_trigger.py
[2023-03-14T14:12:47.050+0000] {processor.py:743} INFO - Processing file /home/airflow/.local/lib/python3.7/site-packages/airflow/example_dags/example_latest_only_with_trigger.py for tasks to queue
[2023-03-14T14:12:47.051+0000] {logging_mixin.py:137} INFO - [2023-03-14T14:12:47.051+0000] {dagbag.py:538} INFO - Filling up the DagBag from /home/airflow/.local/lib/python3.7/site-packages/airflow/example_dags/example_latest_only_with_trigger.py
[2023-03-14T14:12:47.116+0000] {processor.py:753} INFO - DAG(s) dict_keys(['latest_only_with_trigger']) retrieved from /home/airflow/.local/lib/python3.7/site-packages/airflow/example_dags/example_latest_only_with_trigger.py
[2023-03-14T14:12:47.187+0000] {logging_mixin.py:137} INFO - [2023-03-14T14:12:47.187+0000] {dag.py:2690} INFO - Sync 1 DAGs
[2023-03-14T14:12:47.227+0000] {logging_mixin.py:137} INFO - [2023-03-14T14:12:47.227+0000] {dag.py:3441} INFO - Setting next_dagrun for latest_only_with_trigger to 2023-03-14T10:12:47.227271+00:00, run_after=2023-03-14T14:12:47.227271+00:00
[2023-03-14T14:12:47.263+0000] {processor.py:175} INFO - Processing /home/airflow/.local/lib/python3.7/site-packages/airflow/example_dags/example_latest_only_with_trigger.py took 0.230 seconds
[2023-03-14T14:13:17.389+0000] {processor.py:153} INFO - Started process (PID=4805) to work on /home/airflow/.local/lib/python3.7/site-packages/airflow/example_dags/example_latest_only_with_trigger.py
[2023-03-14T14:13:17.393+0000] {processor.py:743} INFO - Processing file /home/airflow/.local/lib/python3.7/site-packages/airflow/example_dags/example_latest_only_with_trigger.py for tasks to queue
[2023-03-14T14:13:17.394+0000] {logging_mixin.py:137} INFO - [2023-03-14T14:13:17.394+0000] {dagbag.py:538} INFO - Filling up the DagBag from /home/airflow/.local/lib/python3.7/site-packages/airflow/example_dags/example_latest_only_with_trigger.py
[2023-03-14T14:13:17.429+0000] {processor.py:753} INFO - DAG(s) dict_keys(['latest_only_with_trigger']) retrieved from /home/airflow/.local/lib/python3.7/site-packages/airflow/example_dags/example_latest_only_with_trigger.py
[2023-03-14T14:13:17.497+0000] {logging_mixin.py:137} INFO - [2023-03-14T14:13:17.497+0000] {dag.py:2690} INFO - Sync 1 DAGs
[2023-03-14T14:13:17.573+0000] {logging_mixin.py:137} INFO - [2023-03-14T14:13:17.573+0000] {dag.py:3441} INFO - Setting next_dagrun for latest_only_with_trigger to 2023-03-14T10:13:17.573316+00:00, run_after=2023-03-14T14:13:17.573316+00:00
[2023-03-14T14:13:17.627+0000] {processor.py:175} INFO - Processing /home/airflow/.local/lib/python3.7/site-packages/airflow/example_dags/example_latest_only_with_trigger.py took 0.243 seconds
[2023-03-14T14:13:47.916+0000] {processor.py:153} INFO - Started process (PID=5018) to work on /home/airflow/.local/lib/python3.7/site-packages/airflow/example_dags/example_latest_only_with_trigger.py
[2023-03-14T14:13:47.917+0000] {processor.py:743} INFO - Processing file /home/airflow/.local/lib/python3.7/site-packages/airflow/example_dags/example_latest_only_with_trigger.py for tasks to queue
[2023-03-14T14:13:47.918+0000] {logging_mixin.py:137} INFO - [2023-03-14T14:13:47.918+0000] {dagbag.py:538} INFO - Filling up the DagBag from /home/airflow/.local/lib/python3.7/site-packages/airflow/example_dags/example_latest_only_with_trigger.py
[2023-03-14T14:13:47.941+0000] {processor.py:753} INFO - DAG(s) dict_keys(['latest_only_with_trigger']) retrieved from /home/airflow/.local/lib/python3.7/site-packages/airflow/example_dags/example_latest_only_with_trigger.py
[2023-03-14T14:13:47.979+0000] {logging_mixin.py:137} INFO - [2023-03-14T14:13:47.978+0000] {dag.py:2690} INFO - Sync 1 DAGs
[2023-03-14T14:13:48.020+0000] {logging_mixin.py:137} INFO - [2023-03-14T14:13:48.020+0000] {dag.py:3441} INFO - Setting next_dagrun for latest_only_with_trigger to 2023-03-14T10:13:48.020042+00:00, run_after=2023-03-14T14:13:48.020042+00:00
[2023-03-14T14:13:48.054+0000] {processor.py:175} INFO - Processing /home/airflow/.local/lib/python3.7/site-packages/airflow/example_dags/example_latest_only_with_trigger.py took 0.142 seconds
[2023-03-14T14:14:19.140+0000] {processor.py:153} INFO - Started process (PID=5234) to work on /home/airflow/.local/lib/python3.7/site-packages/airflow/example_dags/example_latest_only_with_trigger.py
[2023-03-14T14:14:19.144+0000] {processor.py:743} INFO - Processing file /home/airflow/.local/lib/python3.7/site-packages/airflow/example_dags/example_latest_only_with_trigger.py for tasks to queue
[2023-03-14T14:14:19.147+0000] {logging_mixin.py:137} INFO - [2023-03-14T14:14:19.146+0000] {dagbag.py:538} INFO - Filling up the DagBag from /home/airflow/.local/lib/python3.7/site-packages/airflow/example_dags/example_latest_only_with_trigger.py
[2023-03-14T14:14:19.196+0000] {processor.py:753} INFO - DAG(s) dict_keys(['latest_only_with_trigger']) retrieved from /home/airflow/.local/lib/python3.7/site-packages/airflow/example_dags/example_latest_only_with_trigger.py
[2023-03-14T14:14:19.265+0000] {logging_mixin.py:137} INFO - [2023-03-14T14:14:19.265+0000] {dag.py:2690} INFO - Sync 1 DAGs
[2023-03-14T14:14:19.324+0000] {logging_mixin.py:137} INFO - [2023-03-14T14:14:19.324+0000] {dag.py:3441} INFO - Setting next_dagrun for latest_only_with_trigger to 2023-03-14T10:14:19.324298+00:00, run_after=2023-03-14T14:14:19.324298+00:00
[2023-03-14T14:14:19.388+0000] {processor.py:175} INFO - Processing /home/airflow/.local/lib/python3.7/site-packages/airflow/example_dags/example_latest_only_with_trigger.py took 0.261 seconds
[2023-03-14T14:14:49.598+0000] {processor.py:153} INFO - Started process (PID=5449) to work on /home/airflow/.local/lib/python3.7/site-packages/airflow/example_dags/example_latest_only_with_trigger.py
[2023-03-14T14:14:49.600+0000] {processor.py:743} INFO - Processing file /home/airflow/.local/lib/python3.7/site-packages/airflow/example_dags/example_latest_only_with_trigger.py for tasks to queue
[2023-03-14T14:14:49.601+0000] {logging_mixin.py:137} INFO - [2023-03-14T14:14:49.601+0000] {dagbag.py:538} INFO - Filling up the DagBag from /home/airflow/.local/lib/python3.7/site-packages/airflow/example_dags/example_latest_only_with_trigger.py
[2023-03-14T14:14:49.625+0000] {processor.py:753} INFO - DAG(s) dict_keys(['latest_only_with_trigger']) retrieved from /home/airflow/.local/lib/python3.7/site-packages/airflow/example_dags/example_latest_only_with_trigger.py
[2023-03-14T14:14:49.663+0000] {logging_mixin.py:137} INFO - [2023-03-14T14:14:49.663+0000] {dag.py:2690} INFO - Sync 1 DAGs
[2023-03-14T14:14:49.704+0000] {logging_mixin.py:137} INFO - [2023-03-14T14:14:49.704+0000] {dag.py:3441} INFO - Setting next_dagrun for latest_only_with_trigger to 2023-03-14T10:14:49.703738+00:00, run_after=2023-03-14T14:14:49.703738+00:00
[2023-03-14T14:14:49.736+0000] {processor.py:175} INFO - Processing /home/airflow/.local/lib/python3.7/site-packages/airflow/example_dags/example_latest_only_with_trigger.py took 0.142 seconds
[2023-03-14T14:15:20.090+0000] {processor.py:153} INFO - Started process (PID=5663) to work on /home/airflow/.local/lib/python3.7/site-packages/airflow/example_dags/example_latest_only_with_trigger.py
[2023-03-14T14:15:20.092+0000] {processor.py:743} INFO - Processing file /home/airflow/.local/lib/python3.7/site-packages/airflow/example_dags/example_latest_only_with_trigger.py for tasks to queue
[2023-03-14T14:15:20.093+0000] {logging_mixin.py:137} INFO - [2023-03-14T14:15:20.092+0000] {dagbag.py:538} INFO - Filling up the DagBag from /home/airflow/.local/lib/python3.7/site-packages/airflow/example_dags/example_latest_only_with_trigger.py
[2023-03-14T14:15:20.112+0000] {processor.py:753} INFO - DAG(s) dict_keys(['latest_only_with_trigger']) retrieved from /home/airflow/.local/lib/python3.7/site-packages/airflow/example_dags/example_latest_only_with_trigger.py
[2023-03-14T14:15:20.147+0000] {logging_mixin.py:137} INFO - [2023-03-14T14:15:20.147+0000] {dag.py:2690} INFO - Sync 1 DAGs
[2023-03-14T14:15:20.186+0000] {logging_mixin.py:137} INFO - [2023-03-14T14:15:20.186+0000] {dag.py:3441} INFO - Setting next_dagrun for latest_only_with_trigger to 2023-03-14T10:15:20.185901+00:00, run_after=2023-03-14T14:15:20.185901+00:00
[2023-03-14T14:15:20.217+0000] {processor.py:175} INFO - Processing /home/airflow/.local/lib/python3.7/site-packages/airflow/example_dags/example_latest_only_with_trigger.py took 0.134 seconds
