[2023-03-14T14:02:35.312+0000] {processor.py:153} INFO - Started process (PID=331) to work on /home/airflow/.local/lib/python3.7/site-packages/airflow/example_dags/example_xcomargs.py
[2023-03-14T14:02:35.317+0000] {processor.py:743} INFO - Processing file /home/airflow/.local/lib/python3.7/site-packages/airflow/example_dags/example_xcomargs.py for tasks to queue
[2023-03-14T14:02:35.318+0000] {logging_mixin.py:137} INFO - [2023-03-14T14:02:35.318+0000] {dagbag.py:538} INFO - Filling up the DagBag from /home/airflow/.local/lib/python3.7/site-packages/airflow/example_dags/example_xcomargs.py
[2023-03-14T14:02:35.413+0000] {processor.py:753} INFO - DAG(s) dict_keys(['example_xcom_args', 'example_xcom_args_with_operators']) retrieved from /home/airflow/.local/lib/python3.7/site-packages/airflow/example_dags/example_xcomargs.py
[2023-03-14T14:02:35.558+0000] {logging_mixin.py:137} INFO - [2023-03-14T14:02:35.558+0000] {dag.py:2690} INFO - Sync 2 DAGs
[2023-03-14T14:02:35.737+0000] {logging_mixin.py:137} INFO - [2023-03-14T14:02:35.737+0000] {dag.py:3441} INFO - Setting next_dagrun for example_xcom_args to None, run_after=None
[2023-03-14T14:02:35.746+0000] {logging_mixin.py:137} INFO - [2023-03-14T14:02:35.746+0000] {dag.py:3441} INFO - Setting next_dagrun for example_xcom_args_with_operators to None, run_after=None
[2023-03-14T14:02:35.809+0000] {processor.py:175} INFO - Processing /home/airflow/.local/lib/python3.7/site-packages/airflow/example_dags/example_xcomargs.py took 0.503 seconds
[2023-03-14T14:03:07.754+0000] {processor.py:153} INFO - Started process (PID=545) to work on /home/airflow/.local/lib/python3.7/site-packages/airflow/example_dags/example_xcomargs.py
[2023-03-14T14:03:07.761+0000] {processor.py:743} INFO - Processing file /home/airflow/.local/lib/python3.7/site-packages/airflow/example_dags/example_xcomargs.py for tasks to queue
[2023-03-14T14:03:07.764+0000] {logging_mixin.py:137} INFO - [2023-03-14T14:03:07.764+0000] {dagbag.py:538} INFO - Filling up the DagBag from /home/airflow/.local/lib/python3.7/site-packages/airflow/example_dags/example_xcomargs.py
[2023-03-14T14:03:07.829+0000] {processor.py:753} INFO - DAG(s) dict_keys(['example_xcom_args', 'example_xcom_args_with_operators']) retrieved from /home/airflow/.local/lib/python3.7/site-packages/airflow/example_dags/example_xcomargs.py
[2023-03-14T14:03:07.879+0000] {logging_mixin.py:137} INFO - [2023-03-14T14:03:07.879+0000] {dag.py:2690} INFO - Sync 2 DAGs
[2023-03-14T14:03:07.929+0000] {logging_mixin.py:137} INFO - [2023-03-14T14:03:07.928+0000] {dag.py:3441} INFO - Setting next_dagrun for example_xcom_args to None, run_after=None
[2023-03-14T14:03:07.934+0000] {logging_mixin.py:137} INFO - [2023-03-14T14:03:07.934+0000] {dag.py:3441} INFO - Setting next_dagrun for example_xcom_args_with_operators to None, run_after=None
[2023-03-14T14:03:07.976+0000] {processor.py:175} INFO - Processing /home/airflow/.local/lib/python3.7/site-packages/airflow/example_dags/example_xcomargs.py took 0.239 seconds
[2023-03-14T14:03:38.744+0000] {processor.py:153} INFO - Started process (PID=761) to work on /home/airflow/.local/lib/python3.7/site-packages/airflow/example_dags/example_xcomargs.py
[2023-03-14T14:03:38.746+0000] {processor.py:743} INFO - Processing file /home/airflow/.local/lib/python3.7/site-packages/airflow/example_dags/example_xcomargs.py for tasks to queue
[2023-03-14T14:03:38.746+0000] {logging_mixin.py:137} INFO - [2023-03-14T14:03:38.746+0000] {dagbag.py:538} INFO - Filling up the DagBag from /home/airflow/.local/lib/python3.7/site-packages/airflow/example_dags/example_xcomargs.py
[2023-03-14T14:03:38.785+0000] {processor.py:753} INFO - DAG(s) dict_keys(['example_xcom_args_with_operators', 'example_xcom_args']) retrieved from /home/airflow/.local/lib/python3.7/site-packages/airflow/example_dags/example_xcomargs.py
[2023-03-14T14:03:38.827+0000] {logging_mixin.py:137} INFO - [2023-03-14T14:03:38.827+0000] {dag.py:2690} INFO - Sync 2 DAGs
[2023-03-14T14:03:38.869+0000] {logging_mixin.py:137} INFO - [2023-03-14T14:03:38.868+0000] {dag.py:3441} INFO - Setting next_dagrun for example_xcom_args to None, run_after=None
[2023-03-14T14:03:38.873+0000] {logging_mixin.py:137} INFO - [2023-03-14T14:03:38.873+0000] {dag.py:3441} INFO - Setting next_dagrun for example_xcom_args_with_operators to None, run_after=None
[2023-03-14T14:03:38.901+0000] {processor.py:175} INFO - Processing /home/airflow/.local/lib/python3.7/site-packages/airflow/example_dags/example_xcomargs.py took 0.161 seconds
[2023-03-14T14:04:09.556+0000] {processor.py:153} INFO - Started process (PID=975) to work on /home/airflow/.local/lib/python3.7/site-packages/airflow/example_dags/example_xcomargs.py
[2023-03-14T14:04:09.559+0000] {processor.py:743} INFO - Processing file /home/airflow/.local/lib/python3.7/site-packages/airflow/example_dags/example_xcomargs.py for tasks to queue
[2023-03-14T14:04:09.562+0000] {logging_mixin.py:137} INFO - [2023-03-14T14:04:09.560+0000] {dagbag.py:538} INFO - Filling up the DagBag from /home/airflow/.local/lib/python3.7/site-packages/airflow/example_dags/example_xcomargs.py
[2023-03-14T14:04:09.639+0000] {processor.py:753} INFO - DAG(s) dict_keys(['example_xcom_args_with_operators', 'example_xcom_args']) retrieved from /home/airflow/.local/lib/python3.7/site-packages/airflow/example_dags/example_xcomargs.py
[2023-03-14T14:04:09.717+0000] {logging_mixin.py:137} INFO - [2023-03-14T14:04:09.717+0000] {dag.py:2690} INFO - Sync 2 DAGs
[2023-03-14T14:04:09.763+0000] {logging_mixin.py:137} INFO - [2023-03-14T14:04:09.763+0000] {dag.py:3441} INFO - Setting next_dagrun for example_xcom_args to None, run_after=None
[2023-03-14T14:04:09.768+0000] {logging_mixin.py:137} INFO - [2023-03-14T14:04:09.768+0000] {dag.py:3441} INFO - Setting next_dagrun for example_xcom_args_with_operators to None, run_after=None
[2023-03-14T14:04:09.803+0000] {processor.py:175} INFO - Processing /home/airflow/.local/lib/python3.7/site-packages/airflow/example_dags/example_xcomargs.py took 0.252 seconds
[2023-03-14T14:04:40.705+0000] {processor.py:153} INFO - Started process (PID=1189) to work on /home/airflow/.local/lib/python3.7/site-packages/airflow/example_dags/example_xcomargs.py
[2023-03-14T14:04:40.707+0000] {processor.py:743} INFO - Processing file /home/airflow/.local/lib/python3.7/site-packages/airflow/example_dags/example_xcomargs.py for tasks to queue
[2023-03-14T14:04:40.709+0000] {logging_mixin.py:137} INFO - [2023-03-14T14:04:40.709+0000] {dagbag.py:538} INFO - Filling up the DagBag from /home/airflow/.local/lib/python3.7/site-packages/airflow/example_dags/example_xcomargs.py
[2023-03-14T14:04:40.759+0000] {processor.py:753} INFO - DAG(s) dict_keys(['example_xcom_args', 'example_xcom_args_with_operators']) retrieved from /home/airflow/.local/lib/python3.7/site-packages/airflow/example_dags/example_xcomargs.py
[2023-03-14T14:04:40.801+0000] {logging_mixin.py:137} INFO - [2023-03-14T14:04:40.800+0000] {dag.py:2690} INFO - Sync 2 DAGs
[2023-03-14T14:04:40.841+0000] {logging_mixin.py:137} INFO - [2023-03-14T14:04:40.840+0000] {dag.py:3441} INFO - Setting next_dagrun for example_xcom_args to None, run_after=None
[2023-03-14T14:04:40.847+0000] {logging_mixin.py:137} INFO - [2023-03-14T14:04:40.847+0000] {dag.py:3441} INFO - Setting next_dagrun for example_xcom_args_with_operators to None, run_after=None
[2023-03-14T14:04:40.886+0000] {processor.py:175} INFO - Processing /home/airflow/.local/lib/python3.7/site-packages/airflow/example_dags/example_xcomargs.py took 0.185 seconds
[2023-03-14T14:05:11.534+0000] {processor.py:153} INFO - Started process (PID=1403) to work on /home/airflow/.local/lib/python3.7/site-packages/airflow/example_dags/example_xcomargs.py
[2023-03-14T14:05:11.535+0000] {processor.py:743} INFO - Processing file /home/airflow/.local/lib/python3.7/site-packages/airflow/example_dags/example_xcomargs.py for tasks to queue
[2023-03-14T14:05:11.536+0000] {logging_mixin.py:137} INFO - [2023-03-14T14:05:11.536+0000] {dagbag.py:538} INFO - Filling up the DagBag from /home/airflow/.local/lib/python3.7/site-packages/airflow/example_dags/example_xcomargs.py
[2023-03-14T14:05:11.576+0000] {processor.py:753} INFO - DAG(s) dict_keys(['example_xcom_args_with_operators', 'example_xcom_args']) retrieved from /home/airflow/.local/lib/python3.7/site-packages/airflow/example_dags/example_xcomargs.py
[2023-03-14T14:05:11.619+0000] {logging_mixin.py:137} INFO - [2023-03-14T14:05:11.619+0000] {dag.py:2690} INFO - Sync 2 DAGs
[2023-03-14T14:05:11.661+0000] {logging_mixin.py:137} INFO - [2023-03-14T14:05:11.661+0000] {dag.py:3441} INFO - Setting next_dagrun for example_xcom_args to None, run_after=None
[2023-03-14T14:05:11.672+0000] {logging_mixin.py:137} INFO - [2023-03-14T14:05:11.672+0000] {dag.py:3441} INFO - Setting next_dagrun for example_xcom_args_with_operators to None, run_after=None
[2023-03-14T14:05:11.725+0000] {processor.py:175} INFO - Processing /home/airflow/.local/lib/python3.7/site-packages/airflow/example_dags/example_xcomargs.py took 0.196 seconds
[2023-03-14T14:05:42.660+0000] {processor.py:153} INFO - Started process (PID=1628) to work on /home/airflow/.local/lib/python3.7/site-packages/airflow/example_dags/example_xcomargs.py
[2023-03-14T14:05:42.670+0000] {processor.py:743} INFO - Processing file /home/airflow/.local/lib/python3.7/site-packages/airflow/example_dags/example_xcomargs.py for tasks to queue
[2023-03-14T14:05:42.671+0000] {logging_mixin.py:137} INFO - [2023-03-14T14:05:42.671+0000] {dagbag.py:538} INFO - Filling up the DagBag from /home/airflow/.local/lib/python3.7/site-packages/airflow/example_dags/example_xcomargs.py
[2023-03-14T14:05:42.718+0000] {processor.py:753} INFO - DAG(s) dict_keys(['example_xcom_args', 'example_xcom_args_with_operators']) retrieved from /home/airflow/.local/lib/python3.7/site-packages/airflow/example_dags/example_xcomargs.py
[2023-03-14T14:05:42.764+0000] {logging_mixin.py:137} INFO - [2023-03-14T14:05:42.764+0000] {dag.py:2690} INFO - Sync 2 DAGs
[2023-03-14T14:05:42.811+0000] {logging_mixin.py:137} INFO - [2023-03-14T14:05:42.811+0000] {dag.py:3441} INFO - Setting next_dagrun for example_xcom_args to None, run_after=None
[2023-03-14T14:05:42.818+0000] {logging_mixin.py:137} INFO - [2023-03-14T14:05:42.818+0000] {dag.py:3441} INFO - Setting next_dagrun for example_xcom_args_with_operators to None, run_after=None
[2023-03-14T14:05:42.864+0000] {processor.py:175} INFO - Processing /home/airflow/.local/lib/python3.7/site-packages/airflow/example_dags/example_xcomargs.py took 0.208 seconds
[2023-03-14T14:06:13.640+0000] {processor.py:153} INFO - Started process (PID=1843) to work on /home/airflow/.local/lib/python3.7/site-packages/airflow/example_dags/example_xcomargs.py
[2023-03-14T14:06:13.651+0000] {processor.py:743} INFO - Processing file /home/airflow/.local/lib/python3.7/site-packages/airflow/example_dags/example_xcomargs.py for tasks to queue
[2023-03-14T14:06:13.652+0000] {logging_mixin.py:137} INFO - [2023-03-14T14:06:13.652+0000] {dagbag.py:538} INFO - Filling up the DagBag from /home/airflow/.local/lib/python3.7/site-packages/airflow/example_dags/example_xcomargs.py
[2023-03-14T14:06:13.708+0000] {processor.py:753} INFO - DAG(s) dict_keys(['example_xcom_args_with_operators', 'example_xcom_args']) retrieved from /home/airflow/.local/lib/python3.7/site-packages/airflow/example_dags/example_xcomargs.py
[2023-03-14T14:06:13.759+0000] {logging_mixin.py:137} INFO - [2023-03-14T14:06:13.759+0000] {dag.py:2690} INFO - Sync 2 DAGs
[2023-03-14T14:06:13.818+0000] {logging_mixin.py:137} INFO - [2023-03-14T14:06:13.818+0000] {dag.py:3441} INFO - Setting next_dagrun for example_xcom_args to None, run_after=None
[2023-03-14T14:06:13.824+0000] {logging_mixin.py:137} INFO - [2023-03-14T14:06:13.824+0000] {dag.py:3441} INFO - Setting next_dagrun for example_xcom_args_with_operators to None, run_after=None
[2023-03-14T14:06:13.858+0000] {processor.py:175} INFO - Processing /home/airflow/.local/lib/python3.7/site-packages/airflow/example_dags/example_xcomargs.py took 0.225 seconds
[2023-03-14T14:06:44.135+0000] {processor.py:153} INFO - Started process (PID=2061) to work on /home/airflow/.local/lib/python3.7/site-packages/airflow/example_dags/example_xcomargs.py
[2023-03-14T14:06:44.141+0000] {processor.py:743} INFO - Processing file /home/airflow/.local/lib/python3.7/site-packages/airflow/example_dags/example_xcomargs.py for tasks to queue
[2023-03-14T14:06:44.144+0000] {logging_mixin.py:137} INFO - [2023-03-14T14:06:44.144+0000] {dagbag.py:538} INFO - Filling up the DagBag from /home/airflow/.local/lib/python3.7/site-packages/airflow/example_dags/example_xcomargs.py
[2023-03-14T14:06:44.217+0000] {processor.py:753} INFO - DAG(s) dict_keys(['example_xcom_args', 'example_xcom_args_with_operators']) retrieved from /home/airflow/.local/lib/python3.7/site-packages/airflow/example_dags/example_xcomargs.py
[2023-03-14T14:06:44.331+0000] {logging_mixin.py:137} INFO - [2023-03-14T14:06:44.331+0000] {dag.py:2690} INFO - Sync 2 DAGs
[2023-03-14T14:06:44.373+0000] {logging_mixin.py:137} INFO - [2023-03-14T14:06:44.373+0000] {dag.py:3441} INFO - Setting next_dagrun for example_xcom_args to None, run_after=None
[2023-03-14T14:06:44.382+0000] {logging_mixin.py:137} INFO - [2023-03-14T14:06:44.382+0000] {dag.py:3441} INFO - Setting next_dagrun for example_xcom_args_with_operators to None, run_after=None
[2023-03-14T14:06:44.430+0000] {processor.py:175} INFO - Processing /home/airflow/.local/lib/python3.7/site-packages/airflow/example_dags/example_xcomargs.py took 0.302 seconds
[2023-03-14T14:07:15.118+0000] {processor.py:153} INFO - Started process (PID=2273) to work on /home/airflow/.local/lib/python3.7/site-packages/airflow/example_dags/example_xcomargs.py
[2023-03-14T14:07:15.130+0000] {processor.py:743} INFO - Processing file /home/airflow/.local/lib/python3.7/site-packages/airflow/example_dags/example_xcomargs.py for tasks to queue
[2023-03-14T14:07:15.133+0000] {logging_mixin.py:137} INFO - [2023-03-14T14:07:15.133+0000] {dagbag.py:538} INFO - Filling up the DagBag from /home/airflow/.local/lib/python3.7/site-packages/airflow/example_dags/example_xcomargs.py
[2023-03-14T14:07:15.207+0000] {processor.py:753} INFO - DAG(s) dict_keys(['example_xcom_args_with_operators', 'example_xcom_args']) retrieved from /home/airflow/.local/lib/python3.7/site-packages/airflow/example_dags/example_xcomargs.py
[2023-03-14T14:07:15.248+0000] {logging_mixin.py:137} INFO - [2023-03-14T14:07:15.248+0000] {dag.py:2690} INFO - Sync 2 DAGs
[2023-03-14T14:07:15.299+0000] {logging_mixin.py:137} INFO - [2023-03-14T14:07:15.299+0000] {dag.py:3441} INFO - Setting next_dagrun for example_xcom_args to None, run_after=None
[2023-03-14T14:07:15.307+0000] {logging_mixin.py:137} INFO - [2023-03-14T14:07:15.306+0000] {dag.py:3441} INFO - Setting next_dagrun for example_xcom_args_with_operators to None, run_after=None
[2023-03-14T14:07:15.343+0000] {processor.py:175} INFO - Processing /home/airflow/.local/lib/python3.7/site-packages/airflow/example_dags/example_xcomargs.py took 0.233 seconds
[2023-03-14T14:07:45.952+0000] {processor.py:153} INFO - Started process (PID=2497) to work on /home/airflow/.local/lib/python3.7/site-packages/airflow/example_dags/example_xcomargs.py
[2023-03-14T14:07:45.957+0000] {processor.py:743} INFO - Processing file /home/airflow/.local/lib/python3.7/site-packages/airflow/example_dags/example_xcomargs.py for tasks to queue
[2023-03-14T14:07:45.958+0000] {logging_mixin.py:137} INFO - [2023-03-14T14:07:45.958+0000] {dagbag.py:538} INFO - Filling up the DagBag from /home/airflow/.local/lib/python3.7/site-packages/airflow/example_dags/example_xcomargs.py
[2023-03-14T14:07:46.002+0000] {processor.py:753} INFO - DAG(s) dict_keys(['example_xcom_args_with_operators', 'example_xcom_args']) retrieved from /home/airflow/.local/lib/python3.7/site-packages/airflow/example_dags/example_xcomargs.py
[2023-03-14T14:07:46.092+0000] {logging_mixin.py:137} INFO - [2023-03-14T14:07:46.092+0000] {dag.py:2690} INFO - Sync 2 DAGs
[2023-03-14T14:07:46.168+0000] {logging_mixin.py:137} INFO - [2023-03-14T14:07:46.168+0000] {dag.py:3441} INFO - Setting next_dagrun for example_xcom_args to None, run_after=None
[2023-03-14T14:07:46.174+0000] {logging_mixin.py:137} INFO - [2023-03-14T14:07:46.173+0000] {dag.py:3441} INFO - Setting next_dagrun for example_xcom_args_with_operators to None, run_after=None
[2023-03-14T14:07:46.228+0000] {processor.py:175} INFO - Processing /home/airflow/.local/lib/python3.7/site-packages/airflow/example_dags/example_xcomargs.py took 0.282 seconds
[2023-03-14T14:08:16.654+0000] {processor.py:153} INFO - Started process (PID=2713) to work on /home/airflow/.local/lib/python3.7/site-packages/airflow/example_dags/example_xcomargs.py
[2023-03-14T14:08:16.657+0000] {processor.py:743} INFO - Processing file /home/airflow/.local/lib/python3.7/site-packages/airflow/example_dags/example_xcomargs.py for tasks to queue
[2023-03-14T14:08:16.658+0000] {logging_mixin.py:137} INFO - [2023-03-14T14:08:16.658+0000] {dagbag.py:538} INFO - Filling up the DagBag from /home/airflow/.local/lib/python3.7/site-packages/airflow/example_dags/example_xcomargs.py
[2023-03-14T14:08:16.715+0000] {processor.py:753} INFO - DAG(s) dict_keys(['example_xcom_args', 'example_xcom_args_with_operators']) retrieved from /home/airflow/.local/lib/python3.7/site-packages/airflow/example_dags/example_xcomargs.py
[2023-03-14T14:08:16.799+0000] {logging_mixin.py:137} INFO - [2023-03-14T14:08:16.799+0000] {dag.py:2690} INFO - Sync 2 DAGs
[2023-03-14T14:08:16.841+0000] {logging_mixin.py:137} INFO - [2023-03-14T14:08:16.840+0000] {dag.py:3441} INFO - Setting next_dagrun for example_xcom_args to None, run_after=None
[2023-03-14T14:08:16.845+0000] {logging_mixin.py:137} INFO - [2023-03-14T14:08:16.845+0000] {dag.py:3441} INFO - Setting next_dagrun for example_xcom_args_with_operators to None, run_after=None
[2023-03-14T14:08:16.883+0000] {processor.py:175} INFO - Processing /home/airflow/.local/lib/python3.7/site-packages/airflow/example_dags/example_xcomargs.py took 0.240 seconds
[2023-03-14T14:08:48.999+0000] {processor.py:153} INFO - Started process (PID=2934) to work on /home/airflow/.local/lib/python3.7/site-packages/airflow/example_dags/example_xcomargs.py
[2023-03-14T14:08:49.018+0000] {processor.py:743} INFO - Processing file /home/airflow/.local/lib/python3.7/site-packages/airflow/example_dags/example_xcomargs.py for tasks to queue
[2023-03-14T14:08:49.037+0000] {logging_mixin.py:137} INFO - [2023-03-14T14:08:49.036+0000] {dagbag.py:538} INFO - Filling up the DagBag from /home/airflow/.local/lib/python3.7/site-packages/airflow/example_dags/example_xcomargs.py
[2023-03-14T14:08:49.125+0000] {processor.py:753} INFO - DAG(s) dict_keys(['example_xcom_args_with_operators', 'example_xcom_args']) retrieved from /home/airflow/.local/lib/python3.7/site-packages/airflow/example_dags/example_xcomargs.py
[2023-03-14T14:08:49.424+0000] {logging_mixin.py:137} INFO - [2023-03-14T14:08:49.423+0000] {dag.py:2690} INFO - Sync 2 DAGs
[2023-03-14T14:08:49.687+0000] {logging_mixin.py:137} INFO - [2023-03-14T14:08:49.687+0000] {dag.py:3441} INFO - Setting next_dagrun for example_xcom_args to None, run_after=None
[2023-03-14T14:08:49.717+0000] {logging_mixin.py:137} INFO - [2023-03-14T14:08:49.717+0000] {dag.py:3441} INFO - Setting next_dagrun for example_xcom_args_with_operators to None, run_after=None
[2023-03-14T14:08:49.888+0000] {processor.py:175} INFO - Processing /home/airflow/.local/lib/python3.7/site-packages/airflow/example_dags/example_xcomargs.py took 0.942 seconds
[2023-03-14T14:09:20.728+0000] {processor.py:153} INFO - Started process (PID=3178) to work on /home/airflow/.local/lib/python3.7/site-packages/airflow/example_dags/example_xcomargs.py
[2023-03-14T14:09:20.731+0000] {processor.py:743} INFO - Processing file /home/airflow/.local/lib/python3.7/site-packages/airflow/example_dags/example_xcomargs.py for tasks to queue
[2023-03-14T14:09:20.732+0000] {logging_mixin.py:137} INFO - [2023-03-14T14:09:20.732+0000] {dagbag.py:538} INFO - Filling up the DagBag from /home/airflow/.local/lib/python3.7/site-packages/airflow/example_dags/example_xcomargs.py
[2023-03-14T14:09:20.808+0000] {processor.py:753} INFO - DAG(s) dict_keys(['example_xcom_args', 'example_xcom_args_with_operators']) retrieved from /home/airflow/.local/lib/python3.7/site-packages/airflow/example_dags/example_xcomargs.py
[2023-03-14T14:09:20.869+0000] {logging_mixin.py:137} INFO - [2023-03-14T14:09:20.868+0000] {dag.py:2690} INFO - Sync 2 DAGs
[2023-03-14T14:09:20.946+0000] {logging_mixin.py:137} INFO - [2023-03-14T14:09:20.946+0000] {dag.py:3441} INFO - Setting next_dagrun for example_xcom_args to None, run_after=None
[2023-03-14T14:09:20.956+0000] {logging_mixin.py:137} INFO - [2023-03-14T14:09:20.956+0000] {dag.py:3441} INFO - Setting next_dagrun for example_xcom_args_with_operators to None, run_after=None
[2023-03-14T14:09:21.033+0000] {processor.py:175} INFO - Processing /home/airflow/.local/lib/python3.7/site-packages/airflow/example_dags/example_xcomargs.py took 0.310 seconds
[2023-03-14T14:09:51.600+0000] {processor.py:153} INFO - Started process (PID=3394) to work on /home/airflow/.local/lib/python3.7/site-packages/airflow/example_dags/example_xcomargs.py
[2023-03-14T14:09:51.606+0000] {processor.py:743} INFO - Processing file /home/airflow/.local/lib/python3.7/site-packages/airflow/example_dags/example_xcomargs.py for tasks to queue
[2023-03-14T14:09:51.607+0000] {logging_mixin.py:137} INFO - [2023-03-14T14:09:51.607+0000] {dagbag.py:538} INFO - Filling up the DagBag from /home/airflow/.local/lib/python3.7/site-packages/airflow/example_dags/example_xcomargs.py
[2023-03-14T14:09:51.663+0000] {processor.py:753} INFO - DAG(s) dict_keys(['example_xcom_args_with_operators', 'example_xcom_args']) retrieved from /home/airflow/.local/lib/python3.7/site-packages/airflow/example_dags/example_xcomargs.py
[2023-03-14T14:09:51.704+0000] {logging_mixin.py:137} INFO - [2023-03-14T14:09:51.704+0000] {dag.py:2690} INFO - Sync 2 DAGs
[2023-03-14T14:09:51.753+0000] {logging_mixin.py:137} INFO - [2023-03-14T14:09:51.753+0000] {dag.py:3441} INFO - Setting next_dagrun for example_xcom_args to None, run_after=None
[2023-03-14T14:09:51.759+0000] {logging_mixin.py:137} INFO - [2023-03-14T14:09:51.759+0000] {dag.py:3441} INFO - Setting next_dagrun for example_xcom_args_with_operators to None, run_after=None
[2023-03-14T14:09:51.809+0000] {processor.py:175} INFO - Processing /home/airflow/.local/lib/python3.7/site-packages/airflow/example_dags/example_xcomargs.py took 0.230 seconds
[2023-03-14T14:10:22.689+0000] {processor.py:153} INFO - Started process (PID=3609) to work on /home/airflow/.local/lib/python3.7/site-packages/airflow/example_dags/example_xcomargs.py
[2023-03-14T14:10:22.694+0000] {processor.py:743} INFO - Processing file /home/airflow/.local/lib/python3.7/site-packages/airflow/example_dags/example_xcomargs.py for tasks to queue
[2023-03-14T14:10:22.694+0000] {logging_mixin.py:137} INFO - [2023-03-14T14:10:22.694+0000] {dagbag.py:538} INFO - Filling up the DagBag from /home/airflow/.local/lib/python3.7/site-packages/airflow/example_dags/example_xcomargs.py
[2023-03-14T14:10:22.743+0000] {processor.py:753} INFO - DAG(s) dict_keys(['example_xcom_args_with_operators', 'example_xcom_args']) retrieved from /home/airflow/.local/lib/python3.7/site-packages/airflow/example_dags/example_xcomargs.py
[2023-03-14T14:10:22.798+0000] {logging_mixin.py:137} INFO - [2023-03-14T14:10:22.798+0000] {dag.py:2690} INFO - Sync 2 DAGs
[2023-03-14T14:10:22.841+0000] {logging_mixin.py:137} INFO - [2023-03-14T14:10:22.841+0000] {dag.py:3441} INFO - Setting next_dagrun for example_xcom_args to None, run_after=None
[2023-03-14T14:10:22.847+0000] {logging_mixin.py:137} INFO - [2023-03-14T14:10:22.847+0000] {dag.py:3441} INFO - Setting next_dagrun for example_xcom_args_with_operators to None, run_after=None
[2023-03-14T14:10:22.876+0000] {processor.py:175} INFO - Processing /home/airflow/.local/lib/python3.7/site-packages/airflow/example_dags/example_xcomargs.py took 0.193 seconds
[2023-03-14T14:10:53.848+0000] {processor.py:153} INFO - Started process (PID=3824) to work on /home/airflow/.local/lib/python3.7/site-packages/airflow/example_dags/example_xcomargs.py
[2023-03-14T14:10:53.853+0000] {processor.py:743} INFO - Processing file /home/airflow/.local/lib/python3.7/site-packages/airflow/example_dags/example_xcomargs.py for tasks to queue
[2023-03-14T14:10:53.854+0000] {logging_mixin.py:137} INFO - [2023-03-14T14:10:53.854+0000] {dagbag.py:538} INFO - Filling up the DagBag from /home/airflow/.local/lib/python3.7/site-packages/airflow/example_dags/example_xcomargs.py
[2023-03-14T14:10:53.973+0000] {processor.py:753} INFO - DAG(s) dict_keys(['example_xcom_args', 'example_xcom_args_with_operators']) retrieved from /home/airflow/.local/lib/python3.7/site-packages/airflow/example_dags/example_xcomargs.py
[2023-03-14T14:10:54.073+0000] {logging_mixin.py:137} INFO - [2023-03-14T14:10:54.061+0000] {dag.py:2690} INFO - Sync 2 DAGs
[2023-03-14T14:10:54.163+0000] {logging_mixin.py:137} INFO - [2023-03-14T14:10:54.163+0000] {dag.py:3441} INFO - Setting next_dagrun for example_xcom_args to None, run_after=None
[2023-03-14T14:10:54.184+0000] {logging_mixin.py:137} INFO - [2023-03-14T14:10:54.184+0000] {dag.py:3441} INFO - Setting next_dagrun for example_xcom_args_with_operators to None, run_after=None
[2023-03-14T14:10:54.314+0000] {processor.py:175} INFO - Processing /home/airflow/.local/lib/python3.7/site-packages/airflow/example_dags/example_xcomargs.py took 0.485 seconds
[2023-03-14T14:11:25.248+0000] {processor.py:153} INFO - Started process (PID=4039) to work on /home/airflow/.local/lib/python3.7/site-packages/airflow/example_dags/example_xcomargs.py
[2023-03-14T14:11:25.263+0000] {processor.py:743} INFO - Processing file /home/airflow/.local/lib/python3.7/site-packages/airflow/example_dags/example_xcomargs.py for tasks to queue
[2023-03-14T14:11:25.264+0000] {logging_mixin.py:137} INFO - [2023-03-14T14:11:25.263+0000] {dagbag.py:538} INFO - Filling up the DagBag from /home/airflow/.local/lib/python3.7/site-packages/airflow/example_dags/example_xcomargs.py
[2023-03-14T14:11:25.309+0000] {processor.py:753} INFO - DAG(s) dict_keys(['example_xcom_args', 'example_xcom_args_with_operators']) retrieved from /home/airflow/.local/lib/python3.7/site-packages/airflow/example_dags/example_xcomargs.py
[2023-03-14T14:11:25.361+0000] {logging_mixin.py:137} INFO - [2023-03-14T14:11:25.361+0000] {dag.py:2690} INFO - Sync 2 DAGs
[2023-03-14T14:11:25.400+0000] {logging_mixin.py:137} INFO - [2023-03-14T14:11:25.400+0000] {dag.py:3441} INFO - Setting next_dagrun for example_xcom_args to None, run_after=None
[2023-03-14T14:11:25.405+0000] {logging_mixin.py:137} INFO - [2023-03-14T14:11:25.405+0000] {dag.py:3441} INFO - Setting next_dagrun for example_xcom_args_with_operators to None, run_after=None
[2023-03-14T14:11:25.453+0000] {processor.py:175} INFO - Processing /home/airflow/.local/lib/python3.7/site-packages/airflow/example_dags/example_xcomargs.py took 0.208 seconds
[2023-03-14T14:11:56.237+0000] {processor.py:153} INFO - Started process (PID=4256) to work on /home/airflow/.local/lib/python3.7/site-packages/airflow/example_dags/example_xcomargs.py
[2023-03-14T14:11:56.241+0000] {processor.py:743} INFO - Processing file /home/airflow/.local/lib/python3.7/site-packages/airflow/example_dags/example_xcomargs.py for tasks to queue
[2023-03-14T14:11:56.242+0000] {logging_mixin.py:137} INFO - [2023-03-14T14:11:56.242+0000] {dagbag.py:538} INFO - Filling up the DagBag from /home/airflow/.local/lib/python3.7/site-packages/airflow/example_dags/example_xcomargs.py
[2023-03-14T14:11:56.367+0000] {processor.py:753} INFO - DAG(s) dict_keys(['example_xcom_args', 'example_xcom_args_with_operators']) retrieved from /home/airflow/.local/lib/python3.7/site-packages/airflow/example_dags/example_xcomargs.py
[2023-03-14T14:11:56.441+0000] {logging_mixin.py:137} INFO - [2023-03-14T14:11:56.441+0000] {dag.py:2690} INFO - Sync 2 DAGs
[2023-03-14T14:11:56.485+0000] {logging_mixin.py:137} INFO - [2023-03-14T14:11:56.485+0000] {dag.py:3441} INFO - Setting next_dagrun for example_xcom_args to None, run_after=None
[2023-03-14T14:11:56.501+0000] {logging_mixin.py:137} INFO - [2023-03-14T14:11:56.501+0000] {dag.py:3441} INFO - Setting next_dagrun for example_xcom_args_with_operators to None, run_after=None
[2023-03-14T14:11:56.659+0000] {processor.py:175} INFO - Processing /home/airflow/.local/lib/python3.7/site-packages/airflow/example_dags/example_xcomargs.py took 0.427 seconds
[2023-03-14T14:12:26.776+0000] {processor.py:153} INFO - Started process (PID=4469) to work on /home/airflow/.local/lib/python3.7/site-packages/airflow/example_dags/example_xcomargs.py
[2023-03-14T14:12:26.778+0000] {processor.py:743} INFO - Processing file /home/airflow/.local/lib/python3.7/site-packages/airflow/example_dags/example_xcomargs.py for tasks to queue
[2023-03-14T14:12:26.782+0000] {logging_mixin.py:137} INFO - [2023-03-14T14:12:26.782+0000] {dagbag.py:538} INFO - Filling up the DagBag from /home/airflow/.local/lib/python3.7/site-packages/airflow/example_dags/example_xcomargs.py
[2023-03-14T14:12:26.896+0000] {processor.py:753} INFO - DAG(s) dict_keys(['example_xcom_args', 'example_xcom_args_with_operators']) retrieved from /home/airflow/.local/lib/python3.7/site-packages/airflow/example_dags/example_xcomargs.py
[2023-03-14T14:12:27.107+0000] {logging_mixin.py:137} INFO - [2023-03-14T14:12:27.107+0000] {dag.py:2690} INFO - Sync 2 DAGs
[2023-03-14T14:12:27.151+0000] {logging_mixin.py:137} INFO - [2023-03-14T14:12:27.151+0000] {dag.py:3441} INFO - Setting next_dagrun for example_xcom_args to None, run_after=None
[2023-03-14T14:12:27.156+0000] {logging_mixin.py:137} INFO - [2023-03-14T14:12:27.155+0000] {dag.py:3441} INFO - Setting next_dagrun for example_xcom_args_with_operators to None, run_after=None
[2023-03-14T14:12:27.197+0000] {processor.py:175} INFO - Processing /home/airflow/.local/lib/python3.7/site-packages/airflow/example_dags/example_xcomargs.py took 0.431 seconds
[2023-03-14T14:12:57.922+0000] {processor.py:153} INFO - Started process (PID=4686) to work on /home/airflow/.local/lib/python3.7/site-packages/airflow/example_dags/example_xcomargs.py
[2023-03-14T14:12:57.938+0000] {processor.py:743} INFO - Processing file /home/airflow/.local/lib/python3.7/site-packages/airflow/example_dags/example_xcomargs.py for tasks to queue
[2023-03-14T14:12:57.949+0000] {logging_mixin.py:137} INFO - [2023-03-14T14:12:57.949+0000] {dagbag.py:538} INFO - Filling up the DagBag from /home/airflow/.local/lib/python3.7/site-packages/airflow/example_dags/example_xcomargs.py
[2023-03-14T14:12:58.272+0000] {processor.py:753} INFO - DAG(s) dict_keys(['example_xcom_args_with_operators', 'example_xcom_args']) retrieved from /home/airflow/.local/lib/python3.7/site-packages/airflow/example_dags/example_xcomargs.py
[2023-03-14T14:12:58.653+0000] {logging_mixin.py:137} INFO - [2023-03-14T14:12:58.653+0000] {dag.py:2690} INFO - Sync 2 DAGs
[2023-03-14T14:12:58.982+0000] {logging_mixin.py:137} INFO - [2023-03-14T14:12:58.982+0000] {dag.py:3441} INFO - Setting next_dagrun for example_xcom_args to None, run_after=None
[2023-03-14T14:12:59.041+0000] {logging_mixin.py:137} INFO - [2023-03-14T14:12:59.041+0000] {dag.py:3441} INFO - Setting next_dagrun for example_xcom_args_with_operators to None, run_after=None
[2023-03-14T14:12:59.225+0000] {processor.py:175} INFO - Processing /home/airflow/.local/lib/python3.7/site-packages/airflow/example_dags/example_xcomargs.py took 1.361 seconds
[2023-03-14T14:13:30.242+0000] {processor.py:153} INFO - Started process (PID=4910) to work on /home/airflow/.local/lib/python3.7/site-packages/airflow/example_dags/example_xcomargs.py
[2023-03-14T14:13:30.246+0000] {processor.py:743} INFO - Processing file /home/airflow/.local/lib/python3.7/site-packages/airflow/example_dags/example_xcomargs.py for tasks to queue
[2023-03-14T14:13:30.247+0000] {logging_mixin.py:137} INFO - [2023-03-14T14:13:30.247+0000] {dagbag.py:538} INFO - Filling up the DagBag from /home/airflow/.local/lib/python3.7/site-packages/airflow/example_dags/example_xcomargs.py
[2023-03-14T14:13:30.319+0000] {processor.py:753} INFO - DAG(s) dict_keys(['example_xcom_args', 'example_xcom_args_with_operators']) retrieved from /home/airflow/.local/lib/python3.7/site-packages/airflow/example_dags/example_xcomargs.py
[2023-03-14T14:13:30.395+0000] {logging_mixin.py:137} INFO - [2023-03-14T14:13:30.395+0000] {dag.py:2690} INFO - Sync 2 DAGs
[2023-03-14T14:13:30.448+0000] {logging_mixin.py:137} INFO - [2023-03-14T14:13:30.448+0000] {dag.py:3441} INFO - Setting next_dagrun for example_xcom_args to None, run_after=None
[2023-03-14T14:13:30.457+0000] {logging_mixin.py:137} INFO - [2023-03-14T14:13:30.457+0000] {dag.py:3441} INFO - Setting next_dagrun for example_xcom_args_with_operators to None, run_after=None
[2023-03-14T14:13:30.509+0000] {processor.py:175} INFO - Processing /home/airflow/.local/lib/python3.7/site-packages/airflow/example_dags/example_xcomargs.py took 0.273 seconds
[2023-03-14T14:14:00.990+0000] {processor.py:153} INFO - Started process (PID=5125) to work on /home/airflow/.local/lib/python3.7/site-packages/airflow/example_dags/example_xcomargs.py
[2023-03-14T14:14:00.993+0000] {processor.py:743} INFO - Processing file /home/airflow/.local/lib/python3.7/site-packages/airflow/example_dags/example_xcomargs.py for tasks to queue
[2023-03-14T14:14:00.994+0000] {logging_mixin.py:137} INFO - [2023-03-14T14:14:00.994+0000] {dagbag.py:538} INFO - Filling up the DagBag from /home/airflow/.local/lib/python3.7/site-packages/airflow/example_dags/example_xcomargs.py
[2023-03-14T14:14:01.148+0000] {processor.py:753} INFO - DAG(s) dict_keys(['example_xcom_args', 'example_xcom_args_with_operators']) retrieved from /home/airflow/.local/lib/python3.7/site-packages/airflow/example_dags/example_xcomargs.py
[2023-03-14T14:14:01.394+0000] {logging_mixin.py:137} INFO - [2023-03-14T14:14:01.394+0000] {dag.py:2690} INFO - Sync 2 DAGs
[2023-03-14T14:14:01.513+0000] {logging_mixin.py:137} INFO - [2023-03-14T14:14:01.513+0000] {dag.py:3441} INFO - Setting next_dagrun for example_xcom_args to None, run_after=None
[2023-03-14T14:14:01.535+0000] {logging_mixin.py:137} INFO - [2023-03-14T14:14:01.535+0000] {dag.py:3441} INFO - Setting next_dagrun for example_xcom_args_with_operators to None, run_after=None
[2023-03-14T14:14:01.596+0000] {processor.py:175} INFO - Processing /home/airflow/.local/lib/python3.7/site-packages/airflow/example_dags/example_xcomargs.py took 0.621 seconds
[2023-03-14T14:14:31.669+0000] {processor.py:153} INFO - Started process (PID=5341) to work on /home/airflow/.local/lib/python3.7/site-packages/airflow/example_dags/example_xcomargs.py
[2023-03-14T14:14:31.674+0000] {processor.py:743} INFO - Processing file /home/airflow/.local/lib/python3.7/site-packages/airflow/example_dags/example_xcomargs.py for tasks to queue
[2023-03-14T14:14:31.675+0000] {logging_mixin.py:137} INFO - [2023-03-14T14:14:31.675+0000] {dagbag.py:538} INFO - Filling up the DagBag from /home/airflow/.local/lib/python3.7/site-packages/airflow/example_dags/example_xcomargs.py
[2023-03-14T14:14:31.704+0000] {processor.py:753} INFO - DAG(s) dict_keys(['example_xcom_args', 'example_xcom_args_with_operators']) retrieved from /home/airflow/.local/lib/python3.7/site-packages/airflow/example_dags/example_xcomargs.py
[2023-03-14T14:14:31.735+0000] {logging_mixin.py:137} INFO - [2023-03-14T14:14:31.735+0000] {dag.py:2690} INFO - Sync 2 DAGs
[2023-03-14T14:14:31.760+0000] {logging_mixin.py:137} INFO - [2023-03-14T14:14:31.760+0000] {dag.py:3441} INFO - Setting next_dagrun for example_xcom_args to None, run_after=None
[2023-03-14T14:14:31.763+0000] {logging_mixin.py:137} INFO - [2023-03-14T14:14:31.763+0000] {dag.py:3441} INFO - Setting next_dagrun for example_xcom_args_with_operators to None, run_after=None
[2023-03-14T14:14:31.786+0000] {processor.py:175} INFO - Processing /home/airflow/.local/lib/python3.7/site-packages/airflow/example_dags/example_xcomargs.py took 0.121 seconds
[2023-03-14T14:15:01.913+0000] {processor.py:153} INFO - Started process (PID=5556) to work on /home/airflow/.local/lib/python3.7/site-packages/airflow/example_dags/example_xcomargs.py
[2023-03-14T14:15:01.919+0000] {processor.py:743} INFO - Processing file /home/airflow/.local/lib/python3.7/site-packages/airflow/example_dags/example_xcomargs.py for tasks to queue
[2023-03-14T14:15:01.926+0000] {logging_mixin.py:137} INFO - [2023-03-14T14:15:01.921+0000] {dagbag.py:538} INFO - Filling up the DagBag from /home/airflow/.local/lib/python3.7/site-packages/airflow/example_dags/example_xcomargs.py
[2023-03-14T14:15:01.994+0000] {processor.py:753} INFO - DAG(s) dict_keys(['example_xcom_args', 'example_xcom_args_with_operators']) retrieved from /home/airflow/.local/lib/python3.7/site-packages/airflow/example_dags/example_xcomargs.py
[2023-03-14T14:15:02.112+0000] {logging_mixin.py:137} INFO - [2023-03-14T14:15:02.111+0000] {dag.py:2690} INFO - Sync 2 DAGs
[2023-03-14T14:15:02.149+0000] {logging_mixin.py:137} INFO - [2023-03-14T14:15:02.149+0000] {dag.py:3441} INFO - Setting next_dagrun for example_xcom_args to None, run_after=None
[2023-03-14T14:15:02.154+0000] {logging_mixin.py:137} INFO - [2023-03-14T14:15:02.154+0000] {dag.py:3441} INFO - Setting next_dagrun for example_xcom_args_with_operators to None, run_after=None
[2023-03-14T14:15:02.215+0000] {processor.py:175} INFO - Processing /home/airflow/.local/lib/python3.7/site-packages/airflow/example_dags/example_xcomargs.py took 0.314 seconds
[2023-03-14T14:15:32.639+0000] {processor.py:153} INFO - Started process (PID=5769) to work on /home/airflow/.local/lib/python3.7/site-packages/airflow/example_dags/example_xcomargs.py
[2023-03-14T14:15:32.640+0000] {processor.py:743} INFO - Processing file /home/airflow/.local/lib/python3.7/site-packages/airflow/example_dags/example_xcomargs.py for tasks to queue
[2023-03-14T14:15:32.641+0000] {logging_mixin.py:137} INFO - [2023-03-14T14:15:32.641+0000] {dagbag.py:538} INFO - Filling up the DagBag from /home/airflow/.local/lib/python3.7/site-packages/airflow/example_dags/example_xcomargs.py
[2023-03-14T14:15:32.666+0000] {processor.py:753} INFO - DAG(s) dict_keys(['example_xcom_args', 'example_xcom_args_with_operators']) retrieved from /home/airflow/.local/lib/python3.7/site-packages/airflow/example_dags/example_xcomargs.py
[2023-03-14T14:15:32.695+0000] {logging_mixin.py:137} INFO - [2023-03-14T14:15:32.694+0000] {dag.py:2690} INFO - Sync 2 DAGs
[2023-03-14T14:15:32.724+0000] {logging_mixin.py:137} INFO - [2023-03-14T14:15:32.723+0000] {dag.py:3441} INFO - Setting next_dagrun for example_xcom_args to None, run_after=None
[2023-03-14T14:15:32.728+0000] {logging_mixin.py:137} INFO - [2023-03-14T14:15:32.728+0000] {dag.py:3441} INFO - Setting next_dagrun for example_xcom_args_with_operators to None, run_after=None
[2023-03-14T14:15:32.751+0000] {processor.py:175} INFO - Processing /home/airflow/.local/lib/python3.7/site-packages/airflow/example_dags/example_xcomargs.py took 0.116 seconds
