[2023-03-14T14:02:34.071+0000] {processor.py:153} INFO - Started process (PID=310) to work on /home/airflow/.local/lib/python3.7/site-packages/airflow/example_dags/example_task_group.py
[2023-03-14T14:02:34.079+0000] {processor.py:743} INFO - Processing file /home/airflow/.local/lib/python3.7/site-packages/airflow/example_dags/example_task_group.py for tasks to queue
[2023-03-14T14:02:34.080+0000] {logging_mixin.py:137} INFO - [2023-03-14T14:02:34.080+0000] {dagbag.py:538} INFO - Filling up the DagBag from /home/airflow/.local/lib/python3.7/site-packages/airflow/example_dags/example_task_group.py
[2023-03-14T14:02:34.161+0000] {processor.py:753} INFO - DAG(s) dict_keys(['example_task_group']) retrieved from /home/airflow/.local/lib/python3.7/site-packages/airflow/example_dags/example_task_group.py
[2023-03-14T14:02:34.289+0000] {logging_mixin.py:137} INFO - [2023-03-14T14:02:34.289+0000] {dag.py:2690} INFO - Sync 1 DAGs
[2023-03-14T14:02:34.350+0000] {logging_mixin.py:137} INFO - [2023-03-14T14:02:34.349+0000] {dag.py:3441} INFO - Setting next_dagrun for example_task_group to 2023-03-13T14:02:34.349372+00:00, run_after=2023-03-14T14:02:34.349372+00:00
[2023-03-14T14:02:34.425+0000] {processor.py:175} INFO - Processing /home/airflow/.local/lib/python3.7/site-packages/airflow/example_dags/example_task_group.py took 0.364 seconds
[2023-03-14T14:03:06.581+0000] {processor.py:153} INFO - Started process (PID=525) to work on /home/airflow/.local/lib/python3.7/site-packages/airflow/example_dags/example_task_group.py
[2023-03-14T14:03:06.583+0000] {processor.py:743} INFO - Processing file /home/airflow/.local/lib/python3.7/site-packages/airflow/example_dags/example_task_group.py for tasks to queue
[2023-03-14T14:03:06.584+0000] {logging_mixin.py:137} INFO - [2023-03-14T14:03:06.584+0000] {dagbag.py:538} INFO - Filling up the DagBag from /home/airflow/.local/lib/python3.7/site-packages/airflow/example_dags/example_task_group.py
[2023-03-14T14:03:06.687+0000] {processor.py:753} INFO - DAG(s) dict_keys(['example_task_group']) retrieved from /home/airflow/.local/lib/python3.7/site-packages/airflow/example_dags/example_task_group.py
[2023-03-14T14:03:06.807+0000] {logging_mixin.py:137} INFO - [2023-03-14T14:03:06.806+0000] {dag.py:2690} INFO - Sync 1 DAGs
[2023-03-14T14:03:06.889+0000] {logging_mixin.py:137} INFO - [2023-03-14T14:03:06.889+0000] {dag.py:3441} INFO - Setting next_dagrun for example_task_group to 2023-03-13T14:03:06.888761+00:00, run_after=2023-03-14T14:03:06.888761+00:00
[2023-03-14T14:03:06.930+0000] {processor.py:175} INFO - Processing /home/airflow/.local/lib/python3.7/site-packages/airflow/example_dags/example_task_group.py took 0.367 seconds
[2023-03-14T14:03:37.368+0000] {processor.py:153} INFO - Started process (PID=741) to work on /home/airflow/.local/lib/python3.7/site-packages/airflow/example_dags/example_task_group.py
[2023-03-14T14:03:37.370+0000] {processor.py:743} INFO - Processing file /home/airflow/.local/lib/python3.7/site-packages/airflow/example_dags/example_task_group.py for tasks to queue
[2023-03-14T14:03:37.371+0000] {logging_mixin.py:137} INFO - [2023-03-14T14:03:37.371+0000] {dagbag.py:538} INFO - Filling up the DagBag from /home/airflow/.local/lib/python3.7/site-packages/airflow/example_dags/example_task_group.py
[2023-03-14T14:03:37.397+0000] {processor.py:753} INFO - DAG(s) dict_keys(['example_task_group']) retrieved from /home/airflow/.local/lib/python3.7/site-packages/airflow/example_dags/example_task_group.py
[2023-03-14T14:03:37.422+0000] {logging_mixin.py:137} INFO - [2023-03-14T14:03:37.421+0000] {dag.py:2690} INFO - Sync 1 DAGs
[2023-03-14T14:03:37.453+0000] {logging_mixin.py:137} INFO - [2023-03-14T14:03:37.453+0000] {dag.py:3441} INFO - Setting next_dagrun for example_task_group to 2023-03-13T14:03:37.453232+00:00, run_after=2023-03-14T14:03:37.453232+00:00
[2023-03-14T14:03:37.476+0000] {processor.py:175} INFO - Processing /home/airflow/.local/lib/python3.7/site-packages/airflow/example_dags/example_task_group.py took 0.113 seconds
[2023-03-14T14:04:08.252+0000] {processor.py:153} INFO - Started process (PID=955) to work on /home/airflow/.local/lib/python3.7/site-packages/airflow/example_dags/example_task_group.py
[2023-03-14T14:04:08.255+0000] {processor.py:743} INFO - Processing file /home/airflow/.local/lib/python3.7/site-packages/airflow/example_dags/example_task_group.py for tasks to queue
[2023-03-14T14:04:08.256+0000] {logging_mixin.py:137} INFO - [2023-03-14T14:04:08.256+0000] {dagbag.py:538} INFO - Filling up the DagBag from /home/airflow/.local/lib/python3.7/site-packages/airflow/example_dags/example_task_group.py
[2023-03-14T14:04:08.280+0000] {processor.py:753} INFO - DAG(s) dict_keys(['example_task_group']) retrieved from /home/airflow/.local/lib/python3.7/site-packages/airflow/example_dags/example_task_group.py
[2023-03-14T14:04:08.319+0000] {logging_mixin.py:137} INFO - [2023-03-14T14:04:08.319+0000] {dag.py:2690} INFO - Sync 1 DAGs
[2023-03-14T14:04:08.358+0000] {logging_mixin.py:137} INFO - [2023-03-14T14:04:08.358+0000] {dag.py:3441} INFO - Setting next_dagrun for example_task_group to 2023-03-13T14:04:08.358283+00:00, run_after=2023-03-14T14:04:08.358283+00:00
[2023-03-14T14:04:08.626+0000] {processor.py:175} INFO - Processing /home/airflow/.local/lib/python3.7/site-packages/airflow/example_dags/example_task_group.py took 0.380 seconds
[2023-03-14T14:04:39.293+0000] {processor.py:153} INFO - Started process (PID=1169) to work on /home/airflow/.local/lib/python3.7/site-packages/airflow/example_dags/example_task_group.py
[2023-03-14T14:04:39.294+0000] {processor.py:743} INFO - Processing file /home/airflow/.local/lib/python3.7/site-packages/airflow/example_dags/example_task_group.py for tasks to queue
[2023-03-14T14:04:39.295+0000] {logging_mixin.py:137} INFO - [2023-03-14T14:04:39.295+0000] {dagbag.py:538} INFO - Filling up the DagBag from /home/airflow/.local/lib/python3.7/site-packages/airflow/example_dags/example_task_group.py
[2023-03-14T14:04:39.317+0000] {processor.py:753} INFO - DAG(s) dict_keys(['example_task_group']) retrieved from /home/airflow/.local/lib/python3.7/site-packages/airflow/example_dags/example_task_group.py
[2023-03-14T14:04:39.374+0000] {logging_mixin.py:137} INFO - [2023-03-14T14:04:39.373+0000] {dag.py:2690} INFO - Sync 1 DAGs
[2023-03-14T14:04:39.415+0000] {logging_mixin.py:137} INFO - [2023-03-14T14:04:39.415+0000] {dag.py:3441} INFO - Setting next_dagrun for example_task_group to 2023-03-13T14:04:39.415229+00:00, run_after=2023-03-14T14:04:39.415229+00:00
[2023-03-14T14:04:39.448+0000] {processor.py:175} INFO - Processing /home/airflow/.local/lib/python3.7/site-packages/airflow/example_dags/example_task_group.py took 0.161 seconds
[2023-03-14T14:05:09.890+0000] {processor.py:153} INFO - Started process (PID=1383) to work on /home/airflow/.local/lib/python3.7/site-packages/airflow/example_dags/example_task_group.py
[2023-03-14T14:05:09.892+0000] {processor.py:743} INFO - Processing file /home/airflow/.local/lib/python3.7/site-packages/airflow/example_dags/example_task_group.py for tasks to queue
[2023-03-14T14:05:09.893+0000] {logging_mixin.py:137} INFO - [2023-03-14T14:05:09.893+0000] {dagbag.py:538} INFO - Filling up the DagBag from /home/airflow/.local/lib/python3.7/site-packages/airflow/example_dags/example_task_group.py
[2023-03-14T14:05:09.924+0000] {processor.py:753} INFO - DAG(s) dict_keys(['example_task_group']) retrieved from /home/airflow/.local/lib/python3.7/site-packages/airflow/example_dags/example_task_group.py
[2023-03-14T14:05:09.981+0000] {logging_mixin.py:137} INFO - [2023-03-14T14:05:09.981+0000] {dag.py:2690} INFO - Sync 1 DAGs
[2023-03-14T14:05:10.076+0000] {logging_mixin.py:137} INFO - [2023-03-14T14:05:10.076+0000] {dag.py:3441} INFO - Setting next_dagrun for example_task_group to 2023-03-13T14:05:10.075645+00:00, run_after=2023-03-14T14:05:10.075645+00:00
[2023-03-14T14:05:10.196+0000] {processor.py:175} INFO - Processing /home/airflow/.local/lib/python3.7/site-packages/airflow/example_dags/example_task_group.py took 0.311 seconds
[2023-03-14T14:05:40.888+0000] {processor.py:153} INFO - Started process (PID=1605) to work on /home/airflow/.local/lib/python3.7/site-packages/airflow/example_dags/example_task_group.py
[2023-03-14T14:05:40.896+0000] {processor.py:743} INFO - Processing file /home/airflow/.local/lib/python3.7/site-packages/airflow/example_dags/example_task_group.py for tasks to queue
[2023-03-14T14:05:40.897+0000] {logging_mixin.py:137} INFO - [2023-03-14T14:05:40.897+0000] {dagbag.py:538} INFO - Filling up the DagBag from /home/airflow/.local/lib/python3.7/site-packages/airflow/example_dags/example_task_group.py
[2023-03-14T14:05:40.971+0000] {processor.py:753} INFO - DAG(s) dict_keys(['example_task_group']) retrieved from /home/airflow/.local/lib/python3.7/site-packages/airflow/example_dags/example_task_group.py
[2023-03-14T14:05:41.029+0000] {logging_mixin.py:137} INFO - [2023-03-14T14:05:41.029+0000] {dag.py:2690} INFO - Sync 1 DAGs
[2023-03-14T14:05:41.069+0000] {logging_mixin.py:137} INFO - [2023-03-14T14:05:41.069+0000] {dag.py:3441} INFO - Setting next_dagrun for example_task_group to 2023-03-13T14:05:41.069160+00:00, run_after=2023-03-14T14:05:41.069160+00:00
[2023-03-14T14:05:41.108+0000] {processor.py:175} INFO - Processing /home/airflow/.local/lib/python3.7/site-packages/airflow/example_dags/example_task_group.py took 0.233 seconds
[2023-03-14T14:06:11.655+0000] {processor.py:153} INFO - Started process (PID=1822) to work on /home/airflow/.local/lib/python3.7/site-packages/airflow/example_dags/example_task_group.py
[2023-03-14T14:06:11.658+0000] {processor.py:743} INFO - Processing file /home/airflow/.local/lib/python3.7/site-packages/airflow/example_dags/example_task_group.py for tasks to queue
[2023-03-14T14:06:11.659+0000] {logging_mixin.py:137} INFO - [2023-03-14T14:06:11.659+0000] {dagbag.py:538} INFO - Filling up the DagBag from /home/airflow/.local/lib/python3.7/site-packages/airflow/example_dags/example_task_group.py
[2023-03-14T14:06:11.750+0000] {processor.py:753} INFO - DAG(s) dict_keys(['example_task_group']) retrieved from /home/airflow/.local/lib/python3.7/site-packages/airflow/example_dags/example_task_group.py
[2023-03-14T14:06:11.847+0000] {logging_mixin.py:137} INFO - [2023-03-14T14:06:11.847+0000] {dag.py:2690} INFO - Sync 1 DAGs
[2023-03-14T14:06:11.976+0000] {logging_mixin.py:137} INFO - [2023-03-14T14:06:11.976+0000] {dag.py:3441} INFO - Setting next_dagrun for example_task_group to 2023-03-13T14:06:11.971316+00:00, run_after=2023-03-14T14:06:11.971316+00:00
[2023-03-14T14:06:12.049+0000] {processor.py:175} INFO - Processing /home/airflow/.local/lib/python3.7/site-packages/airflow/example_dags/example_task_group.py took 0.420 seconds
[2023-03-14T14:06:42.291+0000] {processor.py:153} INFO - Started process (PID=2038) to work on /home/airflow/.local/lib/python3.7/site-packages/airflow/example_dags/example_task_group.py
[2023-03-14T14:06:42.292+0000] {processor.py:743} INFO - Processing file /home/airflow/.local/lib/python3.7/site-packages/airflow/example_dags/example_task_group.py for tasks to queue
[2023-03-14T14:06:42.293+0000] {logging_mixin.py:137} INFO - [2023-03-14T14:06:42.293+0000] {dagbag.py:538} INFO - Filling up the DagBag from /home/airflow/.local/lib/python3.7/site-packages/airflow/example_dags/example_task_group.py
[2023-03-14T14:06:42.321+0000] {processor.py:753} INFO - DAG(s) dict_keys(['example_task_group']) retrieved from /home/airflow/.local/lib/python3.7/site-packages/airflow/example_dags/example_task_group.py
[2023-03-14T14:06:42.368+0000] {logging_mixin.py:137} INFO - [2023-03-14T14:06:42.368+0000] {dag.py:2690} INFO - Sync 1 DAGs
[2023-03-14T14:06:42.411+0000] {logging_mixin.py:137} INFO - [2023-03-14T14:06:42.410+0000] {dag.py:3441} INFO - Setting next_dagrun for example_task_group to 2023-03-13T14:06:42.410560+00:00, run_after=2023-03-14T14:06:42.410560+00:00
[2023-03-14T14:06:42.442+0000] {processor.py:175} INFO - Processing /home/airflow/.local/lib/python3.7/site-packages/airflow/example_dags/example_task_group.py took 0.166 seconds
[2023-03-14T14:07:13.971+0000] {processor.py:153} INFO - Started process (PID=2253) to work on /home/airflow/.local/lib/python3.7/site-packages/airflow/example_dags/example_task_group.py
[2023-03-14T14:07:13.983+0000] {processor.py:743} INFO - Processing file /home/airflow/.local/lib/python3.7/site-packages/airflow/example_dags/example_task_group.py for tasks to queue
[2023-03-14T14:07:13.984+0000] {logging_mixin.py:137} INFO - [2023-03-14T14:07:13.984+0000] {dagbag.py:538} INFO - Filling up the DagBag from /home/airflow/.local/lib/python3.7/site-packages/airflow/example_dags/example_task_group.py
[2023-03-14T14:07:14.027+0000] {processor.py:753} INFO - DAG(s) dict_keys(['example_task_group']) retrieved from /home/airflow/.local/lib/python3.7/site-packages/airflow/example_dags/example_task_group.py
[2023-03-14T14:07:14.121+0000] {logging_mixin.py:137} INFO - [2023-03-14T14:07:14.121+0000] {dag.py:2690} INFO - Sync 1 DAGs
[2023-03-14T14:07:14.210+0000] {logging_mixin.py:137} INFO - [2023-03-14T14:07:14.210+0000] {dag.py:3441} INFO - Setting next_dagrun for example_task_group to 2023-03-13T14:07:14.209735+00:00, run_after=2023-03-14T14:07:14.209735+00:00
[2023-03-14T14:07:14.276+0000] {processor.py:175} INFO - Processing /home/airflow/.local/lib/python3.7/site-packages/airflow/example_dags/example_task_group.py took 0.321 seconds
[2023-03-14T14:07:45.161+0000] {processor.py:153} INFO - Started process (PID=2475) to work on /home/airflow/.local/lib/python3.7/site-packages/airflow/example_dags/example_task_group.py
[2023-03-14T14:07:45.162+0000] {processor.py:743} INFO - Processing file /home/airflow/.local/lib/python3.7/site-packages/airflow/example_dags/example_task_group.py for tasks to queue
[2023-03-14T14:07:45.165+0000] {logging_mixin.py:137} INFO - [2023-03-14T14:07:45.165+0000] {dagbag.py:538} INFO - Filling up the DagBag from /home/airflow/.local/lib/python3.7/site-packages/airflow/example_dags/example_task_group.py
[2023-03-14T14:07:45.216+0000] {processor.py:753} INFO - DAG(s) dict_keys(['example_task_group']) retrieved from /home/airflow/.local/lib/python3.7/site-packages/airflow/example_dags/example_task_group.py
[2023-03-14T14:07:45.285+0000] {logging_mixin.py:137} INFO - [2023-03-14T14:07:45.285+0000] {dag.py:2690} INFO - Sync 1 DAGs
[2023-03-14T14:07:45.387+0000] {logging_mixin.py:137} INFO - [2023-03-14T14:07:45.387+0000] {dag.py:3441} INFO - Setting next_dagrun for example_task_group to 2023-03-13T14:07:45.386627+00:00, run_after=2023-03-14T14:07:45.386627+00:00
[2023-03-14T14:07:45.461+0000] {processor.py:175} INFO - Processing /home/airflow/.local/lib/python3.7/site-packages/airflow/example_dags/example_task_group.py took 0.306 seconds
[2023-03-14T14:08:15.839+0000] {processor.py:153} INFO - Started process (PID=2693) to work on /home/airflow/.local/lib/python3.7/site-packages/airflow/example_dags/example_task_group.py
[2023-03-14T14:08:15.840+0000] {processor.py:743} INFO - Processing file /home/airflow/.local/lib/python3.7/site-packages/airflow/example_dags/example_task_group.py for tasks to queue
[2023-03-14T14:08:15.841+0000] {logging_mixin.py:137} INFO - [2023-03-14T14:08:15.841+0000] {dagbag.py:538} INFO - Filling up the DagBag from /home/airflow/.local/lib/python3.7/site-packages/airflow/example_dags/example_task_group.py
[2023-03-14T14:08:15.873+0000] {processor.py:753} INFO - DAG(s) dict_keys(['example_task_group']) retrieved from /home/airflow/.local/lib/python3.7/site-packages/airflow/example_dags/example_task_group.py
[2023-03-14T14:08:15.930+0000] {logging_mixin.py:137} INFO - [2023-03-14T14:08:15.930+0000] {dag.py:2690} INFO - Sync 1 DAGs
[2023-03-14T14:08:15.971+0000] {logging_mixin.py:137} INFO - [2023-03-14T14:08:15.971+0000] {dag.py:3441} INFO - Setting next_dagrun for example_task_group to 2023-03-13T14:08:15.971199+00:00, run_after=2023-03-14T14:08:15.971199+00:00
[2023-03-14T14:08:16.006+0000] {processor.py:175} INFO - Processing /home/airflow/.local/lib/python3.7/site-packages/airflow/example_dags/example_task_group.py took 0.172 seconds
[2023-03-14T14:08:46.141+0000] {processor.py:153} INFO - Started process (PID=2911) to work on /home/airflow/.local/lib/python3.7/site-packages/airflow/example_dags/example_task_group.py
[2023-03-14T14:08:46.142+0000] {processor.py:743} INFO - Processing file /home/airflow/.local/lib/python3.7/site-packages/airflow/example_dags/example_task_group.py for tasks to queue
[2023-03-14T14:08:46.142+0000] {logging_mixin.py:137} INFO - [2023-03-14T14:08:46.142+0000] {dagbag.py:538} INFO - Filling up the DagBag from /home/airflow/.local/lib/python3.7/site-packages/airflow/example_dags/example_task_group.py
[2023-03-14T14:08:46.162+0000] {processor.py:753} INFO - DAG(s) dict_keys(['example_task_group']) retrieved from /home/airflow/.local/lib/python3.7/site-packages/airflow/example_dags/example_task_group.py
[2023-03-14T14:08:46.195+0000] {logging_mixin.py:137} INFO - [2023-03-14T14:08:46.195+0000] {dag.py:2690} INFO - Sync 1 DAGs
[2023-03-14T14:08:46.221+0000] {logging_mixin.py:137} INFO - [2023-03-14T14:08:46.220+0000] {dag.py:3441} INFO - Setting next_dagrun for example_task_group to 2023-03-13T14:08:46.220568+00:00, run_after=2023-03-14T14:08:46.220568+00:00
[2023-03-14T14:08:46.253+0000] {processor.py:175} INFO - Processing /home/airflow/.local/lib/python3.7/site-packages/airflow/example_dags/example_task_group.py took 0.116 seconds
[2023-03-14T14:09:19.052+0000] {processor.py:153} INFO - Started process (PID=3156) to work on /home/airflow/.local/lib/python3.7/site-packages/airflow/example_dags/example_task_group.py
[2023-03-14T14:09:19.057+0000] {processor.py:743} INFO - Processing file /home/airflow/.local/lib/python3.7/site-packages/airflow/example_dags/example_task_group.py for tasks to queue
[2023-03-14T14:09:19.059+0000] {logging_mixin.py:137} INFO - [2023-03-14T14:09:19.058+0000] {dagbag.py:538} INFO - Filling up the DagBag from /home/airflow/.local/lib/python3.7/site-packages/airflow/example_dags/example_task_group.py
[2023-03-14T14:09:19.083+0000] {processor.py:753} INFO - DAG(s) dict_keys(['example_task_group']) retrieved from /home/airflow/.local/lib/python3.7/site-packages/airflow/example_dags/example_task_group.py
[2023-03-14T14:09:19.136+0000] {logging_mixin.py:137} INFO - [2023-03-14T14:09:19.136+0000] {dag.py:2690} INFO - Sync 1 DAGs
[2023-03-14T14:09:19.181+0000] {logging_mixin.py:137} INFO - [2023-03-14T14:09:19.181+0000] {dag.py:3441} INFO - Setting next_dagrun for example_task_group to 2023-03-13T14:09:19.181290+00:00, run_after=2023-03-14T14:09:19.181290+00:00
[2023-03-14T14:09:19.225+0000] {processor.py:175} INFO - Processing /home/airflow/.local/lib/python3.7/site-packages/airflow/example_dags/example_task_group.py took 0.186 seconds
[2023-03-14T14:09:50.028+0000] {processor.py:153} INFO - Started process (PID=3375) to work on /home/airflow/.local/lib/python3.7/site-packages/airflow/example_dags/example_task_group.py
[2023-03-14T14:09:50.029+0000] {processor.py:743} INFO - Processing file /home/airflow/.local/lib/python3.7/site-packages/airflow/example_dags/example_task_group.py for tasks to queue
[2023-03-14T14:09:50.030+0000] {logging_mixin.py:137} INFO - [2023-03-14T14:09:50.030+0000] {dagbag.py:538} INFO - Filling up the DagBag from /home/airflow/.local/lib/python3.7/site-packages/airflow/example_dags/example_task_group.py
[2023-03-14T14:09:50.081+0000] {processor.py:753} INFO - DAG(s) dict_keys(['example_task_group']) retrieved from /home/airflow/.local/lib/python3.7/site-packages/airflow/example_dags/example_task_group.py
[2023-03-14T14:09:50.153+0000] {logging_mixin.py:137} INFO - [2023-03-14T14:09:50.153+0000] {dag.py:2690} INFO - Sync 1 DAGs
[2023-03-14T14:09:50.235+0000] {logging_mixin.py:137} INFO - [2023-03-14T14:09:50.235+0000] {dag.py:3441} INFO - Setting next_dagrun for example_task_group to 2023-03-13T14:09:50.234974+00:00, run_after=2023-03-14T14:09:50.234974+00:00
[2023-03-14T14:09:50.299+0000] {processor.py:175} INFO - Processing /home/airflow/.local/lib/python3.7/site-packages/airflow/example_dags/example_task_group.py took 0.284 seconds
[2023-03-14T14:10:21.081+0000] {processor.py:153} INFO - Started process (PID=3592) to work on /home/airflow/.local/lib/python3.7/site-packages/airflow/example_dags/example_task_group.py
[2023-03-14T14:10:21.085+0000] {processor.py:743} INFO - Processing file /home/airflow/.local/lib/python3.7/site-packages/airflow/example_dags/example_task_group.py for tasks to queue
[2023-03-14T14:10:21.086+0000] {logging_mixin.py:137} INFO - [2023-03-14T14:10:21.086+0000] {dagbag.py:538} INFO - Filling up the DagBag from /home/airflow/.local/lib/python3.7/site-packages/airflow/example_dags/example_task_group.py
[2023-03-14T14:10:21.114+0000] {processor.py:753} INFO - DAG(s) dict_keys(['example_task_group']) retrieved from /home/airflow/.local/lib/python3.7/site-packages/airflow/example_dags/example_task_group.py
[2023-03-14T14:10:21.151+0000] {logging_mixin.py:137} INFO - [2023-03-14T14:10:21.151+0000] {dag.py:2690} INFO - Sync 1 DAGs
[2023-03-14T14:10:21.192+0000] {logging_mixin.py:137} INFO - [2023-03-14T14:10:21.192+0000] {dag.py:3441} INFO - Setting next_dagrun for example_task_group to 2023-03-13T14:10:21.192044+00:00, run_after=2023-03-14T14:10:21.192044+00:00
[2023-03-14T14:10:21.223+0000] {processor.py:175} INFO - Processing /home/airflow/.local/lib/python3.7/site-packages/airflow/example_dags/example_task_group.py took 0.148 seconds
[2023-03-14T14:10:51.586+0000] {processor.py:153} INFO - Started process (PID=3805) to work on /home/airflow/.local/lib/python3.7/site-packages/airflow/example_dags/example_task_group.py
[2023-03-14T14:10:51.587+0000] {processor.py:743} INFO - Processing file /home/airflow/.local/lib/python3.7/site-packages/airflow/example_dags/example_task_group.py for tasks to queue
[2023-03-14T14:10:51.588+0000] {logging_mixin.py:137} INFO - [2023-03-14T14:10:51.588+0000] {dagbag.py:538} INFO - Filling up the DagBag from /home/airflow/.local/lib/python3.7/site-packages/airflow/example_dags/example_task_group.py
[2023-03-14T14:10:51.615+0000] {processor.py:753} INFO - DAG(s) dict_keys(['example_task_group']) retrieved from /home/airflow/.local/lib/python3.7/site-packages/airflow/example_dags/example_task_group.py
[2023-03-14T14:10:51.653+0000] {logging_mixin.py:137} INFO - [2023-03-14T14:10:51.653+0000] {dag.py:2690} INFO - Sync 1 DAGs
[2023-03-14T14:10:51.692+0000] {logging_mixin.py:137} INFO - [2023-03-14T14:10:51.692+0000] {dag.py:3441} INFO - Setting next_dagrun for example_task_group to 2023-03-13T14:10:51.691958+00:00, run_after=2023-03-14T14:10:51.691958+00:00
[2023-03-14T14:10:51.728+0000] {processor.py:175} INFO - Processing /home/airflow/.local/lib/python3.7/site-packages/airflow/example_dags/example_task_group.py took 0.148 seconds
[2023-03-14T14:11:21.978+0000] {processor.py:153} INFO - Started process (PID=4019) to work on /home/airflow/.local/lib/python3.7/site-packages/airflow/example_dags/example_task_group.py
[2023-03-14T14:11:22.002+0000] {processor.py:743} INFO - Processing file /home/airflow/.local/lib/python3.7/site-packages/airflow/example_dags/example_task_group.py for tasks to queue
[2023-03-14T14:11:22.003+0000] {logging_mixin.py:137} INFO - [2023-03-14T14:11:22.003+0000] {dagbag.py:538} INFO - Filling up the DagBag from /home/airflow/.local/lib/python3.7/site-packages/airflow/example_dags/example_task_group.py
[2023-03-14T14:11:22.020+0000] {processor.py:753} INFO - DAG(s) dict_keys(['example_task_group']) retrieved from /home/airflow/.local/lib/python3.7/site-packages/airflow/example_dags/example_task_group.py
[2023-03-14T14:11:22.045+0000] {logging_mixin.py:137} INFO - [2023-03-14T14:11:22.045+0000] {dag.py:2690} INFO - Sync 1 DAGs
[2023-03-14T14:11:22.077+0000] {logging_mixin.py:137} INFO - [2023-03-14T14:11:22.077+0000] {dag.py:3441} INFO - Setting next_dagrun for example_task_group to 2023-03-13T14:11:22.076788+00:00, run_after=2023-03-14T14:11:22.076788+00:00
[2023-03-14T14:11:22.102+0000] {processor.py:175} INFO - Processing /home/airflow/.local/lib/python3.7/site-packages/airflow/example_dags/example_task_group.py took 0.134 seconds
[2023-03-14T14:11:52.831+0000] {processor.py:153} INFO - Started process (PID=4233) to work on /home/airflow/.local/lib/python3.7/site-packages/airflow/example_dags/example_task_group.py
[2023-03-14T14:11:52.836+0000] {processor.py:743} INFO - Processing file /home/airflow/.local/lib/python3.7/site-packages/airflow/example_dags/example_task_group.py for tasks to queue
[2023-03-14T14:11:52.840+0000] {logging_mixin.py:137} INFO - [2023-03-14T14:11:52.839+0000] {dagbag.py:538} INFO - Filling up the DagBag from /home/airflow/.local/lib/python3.7/site-packages/airflow/example_dags/example_task_group.py
[2023-03-14T14:11:52.936+0000] {processor.py:753} INFO - DAG(s) dict_keys(['example_task_group']) retrieved from /home/airflow/.local/lib/python3.7/site-packages/airflow/example_dags/example_task_group.py
[2023-03-14T14:11:53.177+0000] {logging_mixin.py:137} INFO - [2023-03-14T14:11:53.177+0000] {dag.py:2690} INFO - Sync 1 DAGs
[2023-03-14T14:11:53.371+0000] {logging_mixin.py:137} INFO - [2023-03-14T14:11:53.371+0000] {dag.py:3441} INFO - Setting next_dagrun for example_task_group to 2023-03-13T14:11:53.370846+00:00, run_after=2023-03-14T14:11:53.370846+00:00
[2023-03-14T14:11:53.414+0000] {processor.py:175} INFO - Processing /home/airflow/.local/lib/python3.7/site-packages/airflow/example_dags/example_task_group.py took 0.613 seconds
[2023-03-14T14:12:24.000+0000] {processor.py:153} INFO - Started process (PID=4448) to work on /home/airflow/.local/lib/python3.7/site-packages/airflow/example_dags/example_task_group.py
[2023-03-14T14:12:24.006+0000] {processor.py:743} INFO - Processing file /home/airflow/.local/lib/python3.7/site-packages/airflow/example_dags/example_task_group.py for tasks to queue
[2023-03-14T14:12:24.007+0000] {logging_mixin.py:137} INFO - [2023-03-14T14:12:24.007+0000] {dagbag.py:538} INFO - Filling up the DagBag from /home/airflow/.local/lib/python3.7/site-packages/airflow/example_dags/example_task_group.py
[2023-03-14T14:12:24.031+0000] {processor.py:753} INFO - DAG(s) dict_keys(['example_task_group']) retrieved from /home/airflow/.local/lib/python3.7/site-packages/airflow/example_dags/example_task_group.py
[2023-03-14T14:12:24.075+0000] {logging_mixin.py:137} INFO - [2023-03-14T14:12:24.075+0000] {dag.py:2690} INFO - Sync 1 DAGs
[2023-03-14T14:12:24.136+0000] {logging_mixin.py:137} INFO - [2023-03-14T14:12:24.136+0000] {dag.py:3441} INFO - Setting next_dagrun for example_task_group to 2023-03-13T14:12:24.135844+00:00, run_after=2023-03-14T14:12:24.135844+00:00
[2023-03-14T14:12:24.171+0000] {processor.py:175} INFO - Processing /home/airflow/.local/lib/python3.7/site-packages/airflow/example_dags/example_task_group.py took 0.176 seconds
[2023-03-14T14:12:54.606+0000] {processor.py:153} INFO - Started process (PID=4664) to work on /home/airflow/.local/lib/python3.7/site-packages/airflow/example_dags/example_task_group.py
[2023-03-14T14:12:54.620+0000] {processor.py:743} INFO - Processing file /home/airflow/.local/lib/python3.7/site-packages/airflow/example_dags/example_task_group.py for tasks to queue
[2023-03-14T14:12:54.632+0000] {logging_mixin.py:137} INFO - [2023-03-14T14:12:54.631+0000] {dagbag.py:538} INFO - Filling up the DagBag from /home/airflow/.local/lib/python3.7/site-packages/airflow/example_dags/example_task_group.py
[2023-03-14T14:12:54.760+0000] {processor.py:753} INFO - DAG(s) dict_keys(['example_task_group']) retrieved from /home/airflow/.local/lib/python3.7/site-packages/airflow/example_dags/example_task_group.py
[2023-03-14T14:12:54.875+0000] {logging_mixin.py:137} INFO - [2023-03-14T14:12:54.875+0000] {dag.py:2690} INFO - Sync 1 DAGs
[2023-03-14T14:12:55.010+0000] {logging_mixin.py:137} INFO - [2023-03-14T14:12:55.010+0000] {dag.py:3441} INFO - Setting next_dagrun for example_task_group to 2023-03-13T14:12:55.010102+00:00, run_after=2023-03-14T14:12:55.010102+00:00
[2023-03-14T14:12:55.080+0000] {processor.py:175} INFO - Processing /home/airflow/.local/lib/python3.7/site-packages/airflow/example_dags/example_task_group.py took 0.549 seconds
[2023-03-14T14:13:25.363+0000] {processor.py:153} INFO - Started process (PID=4877) to work on /home/airflow/.local/lib/python3.7/site-packages/airflow/example_dags/example_task_group.py
[2023-03-14T14:13:25.368+0000] {processor.py:743} INFO - Processing file /home/airflow/.local/lib/python3.7/site-packages/airflow/example_dags/example_task_group.py for tasks to queue
[2023-03-14T14:13:25.369+0000] {logging_mixin.py:137} INFO - [2023-03-14T14:13:25.369+0000] {dagbag.py:538} INFO - Filling up the DagBag from /home/airflow/.local/lib/python3.7/site-packages/airflow/example_dags/example_task_group.py
[2023-03-14T14:13:25.491+0000] {processor.py:753} INFO - DAG(s) dict_keys(['example_task_group']) retrieved from /home/airflow/.local/lib/python3.7/site-packages/airflow/example_dags/example_task_group.py
[2023-03-14T14:13:25.577+0000] {logging_mixin.py:137} INFO - [2023-03-14T14:13:25.577+0000] {dag.py:2690} INFO - Sync 1 DAGs
[2023-03-14T14:13:25.639+0000] {logging_mixin.py:137} INFO - [2023-03-14T14:13:25.639+0000] {dag.py:3441} INFO - Setting next_dagrun for example_task_group to 2023-03-13T14:13:25.638627+00:00, run_after=2023-03-14T14:13:25.638627+00:00
[2023-03-14T14:13:25.761+0000] {processor.py:175} INFO - Processing /home/airflow/.local/lib/python3.7/site-packages/airflow/example_dags/example_task_group.py took 0.412 seconds
[2023-03-14T14:13:56.060+0000] {processor.py:153} INFO - Started process (PID=5091) to work on /home/airflow/.local/lib/python3.7/site-packages/airflow/example_dags/example_task_group.py
[2023-03-14T14:13:56.065+0000] {processor.py:743} INFO - Processing file /home/airflow/.local/lib/python3.7/site-packages/airflow/example_dags/example_task_group.py for tasks to queue
[2023-03-14T14:13:56.066+0000] {logging_mixin.py:137} INFO - [2023-03-14T14:13:56.066+0000] {dagbag.py:538} INFO - Filling up the DagBag from /home/airflow/.local/lib/python3.7/site-packages/airflow/example_dags/example_task_group.py
[2023-03-14T14:13:56.179+0000] {processor.py:753} INFO - DAG(s) dict_keys(['example_task_group']) retrieved from /home/airflow/.local/lib/python3.7/site-packages/airflow/example_dags/example_task_group.py
[2023-03-14T14:13:56.297+0000] {logging_mixin.py:137} INFO - [2023-03-14T14:13:56.296+0000] {dag.py:2690} INFO - Sync 1 DAGs
[2023-03-14T14:13:56.439+0000] {logging_mixin.py:137} INFO - [2023-03-14T14:13:56.439+0000] {dag.py:3441} INFO - Setting next_dagrun for example_task_group to 2023-03-13T14:13:56.439213+00:00, run_after=2023-03-14T14:13:56.439213+00:00
[2023-03-14T14:13:56.618+0000] {processor.py:175} INFO - Processing /home/airflow/.local/lib/python3.7/site-packages/airflow/example_dags/example_task_group.py took 0.591 seconds
[2023-03-14T14:14:26.892+0000] {processor.py:153} INFO - Started process (PID=5309) to work on /home/airflow/.local/lib/python3.7/site-packages/airflow/example_dags/example_task_group.py
[2023-03-14T14:14:26.893+0000] {processor.py:743} INFO - Processing file /home/airflow/.local/lib/python3.7/site-packages/airflow/example_dags/example_task_group.py for tasks to queue
[2023-03-14T14:14:26.894+0000] {logging_mixin.py:137} INFO - [2023-03-14T14:14:26.894+0000] {dagbag.py:538} INFO - Filling up the DagBag from /home/airflow/.local/lib/python3.7/site-packages/airflow/example_dags/example_task_group.py
[2023-03-14T14:14:26.918+0000] {processor.py:753} INFO - DAG(s) dict_keys(['example_task_group']) retrieved from /home/airflow/.local/lib/python3.7/site-packages/airflow/example_dags/example_task_group.py
[2023-03-14T14:14:26.957+0000] {logging_mixin.py:137} INFO - [2023-03-14T14:14:26.956+0000] {dag.py:2690} INFO - Sync 1 DAGs
[2023-03-14T14:14:27.024+0000] {logging_mixin.py:137} INFO - [2023-03-14T14:14:27.024+0000] {dag.py:3441} INFO - Setting next_dagrun for example_task_group to 2023-03-13T14:14:27.024415+00:00, run_after=2023-03-14T14:14:27.024415+00:00
[2023-03-14T14:14:27.058+0000] {processor.py:175} INFO - Processing /home/airflow/.local/lib/python3.7/site-packages/airflow/example_dags/example_task_group.py took 0.172 seconds
[2023-03-14T14:14:57.355+0000] {processor.py:153} INFO - Started process (PID=5534) to work on /home/airflow/.local/lib/python3.7/site-packages/airflow/example_dags/example_task_group.py
[2023-03-14T14:14:57.369+0000] {processor.py:743} INFO - Processing file /home/airflow/.local/lib/python3.7/site-packages/airflow/example_dags/example_task_group.py for tasks to queue
[2023-03-14T14:14:57.371+0000] {logging_mixin.py:137} INFO - [2023-03-14T14:14:57.370+0000] {dagbag.py:538} INFO - Filling up the DagBag from /home/airflow/.local/lib/python3.7/site-packages/airflow/example_dags/example_task_group.py
[2023-03-14T14:14:57.450+0000] {processor.py:753} INFO - DAG(s) dict_keys(['example_task_group']) retrieved from /home/airflow/.local/lib/python3.7/site-packages/airflow/example_dags/example_task_group.py
[2023-03-14T14:14:57.597+0000] {logging_mixin.py:137} INFO - [2023-03-14T14:14:57.597+0000] {dag.py:2690} INFO - Sync 1 DAGs
[2023-03-14T14:14:57.704+0000] {logging_mixin.py:137} INFO - [2023-03-14T14:14:57.704+0000] {dag.py:3441} INFO - Setting next_dagrun for example_task_group to 2023-03-13T14:14:57.703728+00:00, run_after=2023-03-14T14:14:57.703728+00:00
[2023-03-14T14:14:57.751+0000] {processor.py:175} INFO - Processing /home/airflow/.local/lib/python3.7/site-packages/airflow/example_dags/example_task_group.py took 0.413 seconds
[2023-03-14T14:15:27.921+0000] {processor.py:153} INFO - Started process (PID=5745) to work on /home/airflow/.local/lib/python3.7/site-packages/airflow/example_dags/example_task_group.py
[2023-03-14T14:15:27.925+0000] {processor.py:743} INFO - Processing file /home/airflow/.local/lib/python3.7/site-packages/airflow/example_dags/example_task_group.py for tasks to queue
[2023-03-14T14:15:27.926+0000] {logging_mixin.py:137} INFO - [2023-03-14T14:15:27.926+0000] {dagbag.py:538} INFO - Filling up the DagBag from /home/airflow/.local/lib/python3.7/site-packages/airflow/example_dags/example_task_group.py
[2023-03-14T14:15:27.988+0000] {processor.py:753} INFO - DAG(s) dict_keys(['example_task_group']) retrieved from /home/airflow/.local/lib/python3.7/site-packages/airflow/example_dags/example_task_group.py
[2023-03-14T14:15:28.153+0000] {logging_mixin.py:137} INFO - [2023-03-14T14:15:28.153+0000] {dag.py:2690} INFO - Sync 1 DAGs
[2023-03-14T14:15:28.276+0000] {logging_mixin.py:137} INFO - [2023-03-14T14:15:28.276+0000] {dag.py:3441} INFO - Setting next_dagrun for example_task_group to 2023-03-13T14:15:28.275716+00:00, run_after=2023-03-14T14:15:28.275716+00:00
[2023-03-14T14:15:28.339+0000] {processor.py:175} INFO - Processing /home/airflow/.local/lib/python3.7/site-packages/airflow/example_dags/example_task_group.py took 0.429 seconds
