[2023-03-14T14:02:25.772+0000] {processor.py:153} INFO - Started process (PID=197) to work on /home/airflow/.local/lib/python3.7/site-packages/airflow/example_dags/example_latest_only.py
[2023-03-14T14:02:25.773+0000] {processor.py:743} INFO - Processing file /home/airflow/.local/lib/python3.7/site-packages/airflow/example_dags/example_latest_only.py for tasks to queue
[2023-03-14T14:02:25.774+0000] {logging_mixin.py:137} INFO - [2023-03-14T14:02:25.774+0000] {dagbag.py:538} INFO - Filling up the DagBag from /home/airflow/.local/lib/python3.7/site-packages/airflow/example_dags/example_latest_only.py
[2023-03-14T14:02:25.795+0000] {processor.py:753} INFO - DAG(s) dict_keys(['latest_only']) retrieved from /home/airflow/.local/lib/python3.7/site-packages/airflow/example_dags/example_latest_only.py
[2023-03-14T14:02:25.836+0000] {logging_mixin.py:137} INFO - [2023-03-14T14:02:25.835+0000] {dag.py:2690} INFO - Sync 1 DAGs
[2023-03-14T14:02:25.947+0000] {logging_mixin.py:137} INFO - [2023-03-14T14:02:25.946+0000] {dag.py:3441} INFO - Setting next_dagrun for latest_only to 2023-03-14T10:02:25.946563+00:00, run_after=2023-03-14T14:02:25.946563+00:00
[2023-03-14T14:02:26.029+0000] {processor.py:175} INFO - Processing /home/airflow/.local/lib/python3.7/site-packages/airflow/example_dags/example_latest_only.py took 0.263 seconds
[2023-03-14T14:02:56.350+0000] {processor.py:153} INFO - Started process (PID=411) to work on /home/airflow/.local/lib/python3.7/site-packages/airflow/example_dags/example_latest_only.py
[2023-03-14T14:02:56.363+0000] {processor.py:743} INFO - Processing file /home/airflow/.local/lib/python3.7/site-packages/airflow/example_dags/example_latest_only.py for tasks to queue
[2023-03-14T14:02:56.364+0000] {logging_mixin.py:137} INFO - [2023-03-14T14:02:56.364+0000] {dagbag.py:538} INFO - Filling up the DagBag from /home/airflow/.local/lib/python3.7/site-packages/airflow/example_dags/example_latest_only.py
[2023-03-14T14:02:56.469+0000] {processor.py:753} INFO - DAG(s) dict_keys(['latest_only']) retrieved from /home/airflow/.local/lib/python3.7/site-packages/airflow/example_dags/example_latest_only.py
[2023-03-14T14:02:56.605+0000] {logging_mixin.py:137} INFO - [2023-03-14T14:02:56.604+0000] {dag.py:2690} INFO - Sync 1 DAGs
[2023-03-14T14:02:56.810+0000] {logging_mixin.py:137} INFO - [2023-03-14T14:02:56.799+0000] {dag.py:3441} INFO - Setting next_dagrun for latest_only to 2023-03-14T10:02:56.799184+00:00, run_after=2023-03-14T14:02:56.799184+00:00
[2023-03-14T14:02:56.964+0000] {processor.py:175} INFO - Processing /home/airflow/.local/lib/python3.7/site-packages/airflow/example_dags/example_latest_only.py took 0.624 seconds
[2023-03-14T14:03:27.257+0000] {processor.py:153} INFO - Started process (PID=626) to work on /home/airflow/.local/lib/python3.7/site-packages/airflow/example_dags/example_latest_only.py
[2023-03-14T14:03:27.260+0000] {processor.py:743} INFO - Processing file /home/airflow/.local/lib/python3.7/site-packages/airflow/example_dags/example_latest_only.py for tasks to queue
[2023-03-14T14:03:27.261+0000] {logging_mixin.py:137} INFO - [2023-03-14T14:03:27.261+0000] {dagbag.py:538} INFO - Filling up the DagBag from /home/airflow/.local/lib/python3.7/site-packages/airflow/example_dags/example_latest_only.py
[2023-03-14T14:03:27.295+0000] {processor.py:753} INFO - DAG(s) dict_keys(['latest_only']) retrieved from /home/airflow/.local/lib/python3.7/site-packages/airflow/example_dags/example_latest_only.py
[2023-03-14T14:03:27.363+0000] {logging_mixin.py:137} INFO - [2023-03-14T14:03:27.363+0000] {dag.py:2690} INFO - Sync 1 DAGs
[2023-03-14T14:03:27.409+0000] {logging_mixin.py:137} INFO - [2023-03-14T14:03:27.407+0000] {dag.py:3441} INFO - Setting next_dagrun for latest_only to 2023-03-14T10:03:27.405916+00:00, run_after=2023-03-14T14:03:27.405916+00:00
[2023-03-14T14:03:27.455+0000] {processor.py:175} INFO - Processing /home/airflow/.local/lib/python3.7/site-packages/airflow/example_dags/example_latest_only.py took 0.205 seconds
[2023-03-14T14:03:58.898+0000] {processor.py:153} INFO - Started process (PID=847) to work on /home/airflow/.local/lib/python3.7/site-packages/airflow/example_dags/example_latest_only.py
[2023-03-14T14:03:58.905+0000] {processor.py:743} INFO - Processing file /home/airflow/.local/lib/python3.7/site-packages/airflow/example_dags/example_latest_only.py for tasks to queue
[2023-03-14T14:03:58.909+0000] {logging_mixin.py:137} INFO - [2023-03-14T14:03:58.909+0000] {dagbag.py:538} INFO - Filling up the DagBag from /home/airflow/.local/lib/python3.7/site-packages/airflow/example_dags/example_latest_only.py
[2023-03-14T14:03:58.949+0000] {processor.py:753} INFO - DAG(s) dict_keys(['latest_only']) retrieved from /home/airflow/.local/lib/python3.7/site-packages/airflow/example_dags/example_latest_only.py
[2023-03-14T14:03:59.058+0000] {logging_mixin.py:137} INFO - [2023-03-14T14:03:59.057+0000] {dag.py:2690} INFO - Sync 1 DAGs
[2023-03-14T14:03:59.189+0000] {logging_mixin.py:137} INFO - [2023-03-14T14:03:59.189+0000] {dag.py:3441} INFO - Setting next_dagrun for latest_only to 2023-03-14T10:03:59.189314+00:00, run_after=2023-03-14T14:03:59.189314+00:00
[2023-03-14T14:03:59.281+0000] {processor.py:175} INFO - Processing /home/airflow/.local/lib/python3.7/site-packages/airflow/example_dags/example_latest_only.py took 0.398 seconds
[2023-03-14T14:04:29.903+0000] {processor.py:153} INFO - Started process (PID=1063) to work on /home/airflow/.local/lib/python3.7/site-packages/airflow/example_dags/example_latest_only.py
[2023-03-14T14:04:29.909+0000] {processor.py:743} INFO - Processing file /home/airflow/.local/lib/python3.7/site-packages/airflow/example_dags/example_latest_only.py for tasks to queue
[2023-03-14T14:04:29.910+0000] {logging_mixin.py:137} INFO - [2023-03-14T14:04:29.909+0000] {dagbag.py:538} INFO - Filling up the DagBag from /home/airflow/.local/lib/python3.7/site-packages/airflow/example_dags/example_latest_only.py
[2023-03-14T14:04:29.968+0000] {processor.py:753} INFO - DAG(s) dict_keys(['latest_only']) retrieved from /home/airflow/.local/lib/python3.7/site-packages/airflow/example_dags/example_latest_only.py
[2023-03-14T14:04:30.039+0000] {logging_mixin.py:137} INFO - [2023-03-14T14:04:30.039+0000] {dag.py:2690} INFO - Sync 1 DAGs
[2023-03-14T14:04:30.117+0000] {logging_mixin.py:137} INFO - [2023-03-14T14:04:30.117+0000] {dag.py:3441} INFO - Setting next_dagrun for latest_only to 2023-03-14T10:04:30.116731+00:00, run_after=2023-03-14T14:04:30.116731+00:00
[2023-03-14T14:04:30.175+0000] {processor.py:175} INFO - Processing /home/airflow/.local/lib/python3.7/site-packages/airflow/example_dags/example_latest_only.py took 0.277 seconds
[2023-03-14T14:05:00.622+0000] {processor.py:153} INFO - Started process (PID=1278) to work on /home/airflow/.local/lib/python3.7/site-packages/airflow/example_dags/example_latest_only.py
[2023-03-14T14:05:00.627+0000] {processor.py:743} INFO - Processing file /home/airflow/.local/lib/python3.7/site-packages/airflow/example_dags/example_latest_only.py for tasks to queue
[2023-03-14T14:05:00.629+0000] {logging_mixin.py:137} INFO - [2023-03-14T14:05:00.628+0000] {dagbag.py:538} INFO - Filling up the DagBag from /home/airflow/.local/lib/python3.7/site-packages/airflow/example_dags/example_latest_only.py
[2023-03-14T14:05:00.684+0000] {processor.py:753} INFO - DAG(s) dict_keys(['latest_only']) retrieved from /home/airflow/.local/lib/python3.7/site-packages/airflow/example_dags/example_latest_only.py
[2023-03-14T14:05:00.782+0000] {logging_mixin.py:137} INFO - [2023-03-14T14:05:00.782+0000] {dag.py:2690} INFO - Sync 1 DAGs
[2023-03-14T14:05:01.001+0000] {logging_mixin.py:137} INFO - [2023-03-14T14:05:01.001+0000] {dag.py:3441} INFO - Setting next_dagrun for latest_only to 2023-03-14T10:05:01.001261+00:00, run_after=2023-03-14T14:05:01.001261+00:00
[2023-03-14T14:05:01.066+0000] {processor.py:175} INFO - Processing /home/airflow/.local/lib/python3.7/site-packages/airflow/example_dags/example_latest_only.py took 0.463 seconds
[2023-03-14T14:05:32.017+0000] {processor.py:153} INFO - Started process (PID=1493) to work on /home/airflow/.local/lib/python3.7/site-packages/airflow/example_dags/example_latest_only.py
[2023-03-14T14:05:32.018+0000] {processor.py:743} INFO - Processing file /home/airflow/.local/lib/python3.7/site-packages/airflow/example_dags/example_latest_only.py for tasks to queue
[2023-03-14T14:05:32.019+0000] {logging_mixin.py:137} INFO - [2023-03-14T14:05:32.019+0000] {dagbag.py:538} INFO - Filling up the DagBag from /home/airflow/.local/lib/python3.7/site-packages/airflow/example_dags/example_latest_only.py
[2023-03-14T14:05:32.044+0000] {processor.py:753} INFO - DAG(s) dict_keys(['latest_only']) retrieved from /home/airflow/.local/lib/python3.7/site-packages/airflow/example_dags/example_latest_only.py
[2023-03-14T14:05:32.080+0000] {logging_mixin.py:137} INFO - [2023-03-14T14:05:32.080+0000] {dag.py:2690} INFO - Sync 1 DAGs
[2023-03-14T14:05:32.122+0000] {logging_mixin.py:137} INFO - [2023-03-14T14:05:32.121+0000] {dag.py:3441} INFO - Setting next_dagrun for latest_only to 2023-03-14T10:05:32.121381+00:00, run_after=2023-03-14T14:05:32.121381+00:00
[2023-03-14T14:05:32.173+0000] {processor.py:175} INFO - Processing /home/airflow/.local/lib/python3.7/site-packages/airflow/example_dags/example_latest_only.py took 0.161 seconds
[2023-03-14T14:06:02.661+0000] {processor.py:153} INFO - Started process (PID=1708) to work on /home/airflow/.local/lib/python3.7/site-packages/airflow/example_dags/example_latest_only.py
[2023-03-14T14:06:02.666+0000] {processor.py:743} INFO - Processing file /home/airflow/.local/lib/python3.7/site-packages/airflow/example_dags/example_latest_only.py for tasks to queue
[2023-03-14T14:06:02.667+0000] {logging_mixin.py:137} INFO - [2023-03-14T14:06:02.667+0000] {dagbag.py:538} INFO - Filling up the DagBag from /home/airflow/.local/lib/python3.7/site-packages/airflow/example_dags/example_latest_only.py
[2023-03-14T14:06:02.757+0000] {processor.py:753} INFO - DAG(s) dict_keys(['latest_only']) retrieved from /home/airflow/.local/lib/python3.7/site-packages/airflow/example_dags/example_latest_only.py
[2023-03-14T14:06:02.938+0000] {logging_mixin.py:137} INFO - [2023-03-14T14:06:02.938+0000] {dag.py:2690} INFO - Sync 1 DAGs
[2023-03-14T14:06:03.027+0000] {logging_mixin.py:137} INFO - [2023-03-14T14:06:03.026+0000] {dag.py:3441} INFO - Setting next_dagrun for latest_only to 2023-03-14T10:06:03.026384+00:00, run_after=2023-03-14T14:06:03.026384+00:00
[2023-03-14T14:06:03.096+0000] {processor.py:175} INFO - Processing /home/airflow/.local/lib/python3.7/site-packages/airflow/example_dags/example_latest_only.py took 0.464 seconds
[2023-03-14T14:06:33.603+0000] {processor.py:153} INFO - Started process (PID=1923) to work on /home/airflow/.local/lib/python3.7/site-packages/airflow/example_dags/example_latest_only.py
[2023-03-14T14:06:33.611+0000] {processor.py:743} INFO - Processing file /home/airflow/.local/lib/python3.7/site-packages/airflow/example_dags/example_latest_only.py for tasks to queue
[2023-03-14T14:06:33.612+0000] {logging_mixin.py:137} INFO - [2023-03-14T14:06:33.612+0000] {dagbag.py:538} INFO - Filling up the DagBag from /home/airflow/.local/lib/python3.7/site-packages/airflow/example_dags/example_latest_only.py
[2023-03-14T14:06:33.661+0000] {processor.py:753} INFO - DAG(s) dict_keys(['latest_only']) retrieved from /home/airflow/.local/lib/python3.7/site-packages/airflow/example_dags/example_latest_only.py
[2023-03-14T14:06:33.725+0000] {logging_mixin.py:137} INFO - [2023-03-14T14:06:33.725+0000] {dag.py:2690} INFO - Sync 1 DAGs
[2023-03-14T14:06:33.768+0000] {logging_mixin.py:137} INFO - [2023-03-14T14:06:33.768+0000] {dag.py:3441} INFO - Setting next_dagrun for latest_only to 2023-03-14T10:06:33.768246+00:00, run_after=2023-03-14T14:06:33.768246+00:00
[2023-03-14T14:06:33.799+0000] {processor.py:175} INFO - Processing /home/airflow/.local/lib/python3.7/site-packages/airflow/example_dags/example_latest_only.py took 0.201 seconds
[2023-03-14T14:07:04.643+0000] {processor.py:153} INFO - Started process (PID=2138) to work on /home/airflow/.local/lib/python3.7/site-packages/airflow/example_dags/example_latest_only.py
[2023-03-14T14:07:04.648+0000] {processor.py:743} INFO - Processing file /home/airflow/.local/lib/python3.7/site-packages/airflow/example_dags/example_latest_only.py for tasks to queue
[2023-03-14T14:07:04.649+0000] {logging_mixin.py:137} INFO - [2023-03-14T14:07:04.649+0000] {dagbag.py:538} INFO - Filling up the DagBag from /home/airflow/.local/lib/python3.7/site-packages/airflow/example_dags/example_latest_only.py
[2023-03-14T14:07:04.678+0000] {processor.py:753} INFO - DAG(s) dict_keys(['latest_only']) retrieved from /home/airflow/.local/lib/python3.7/site-packages/airflow/example_dags/example_latest_only.py
[2023-03-14T14:07:04.804+0000] {logging_mixin.py:137} INFO - [2023-03-14T14:07:04.804+0000] {dag.py:2690} INFO - Sync 1 DAGs
[2023-03-14T14:07:04.869+0000] {logging_mixin.py:137} INFO - [2023-03-14T14:07:04.869+0000] {dag.py:3441} INFO - Setting next_dagrun for latest_only to 2023-03-14T10:07:04.869357+00:00, run_after=2023-03-14T14:07:04.869357+00:00
[2023-03-14T14:07:04.914+0000] {processor.py:175} INFO - Processing /home/airflow/.local/lib/python3.7/site-packages/airflow/example_dags/example_latest_only.py took 0.278 seconds
[2023-03-14T14:07:35.072+0000] {processor.py:153} INFO - Started process (PID=2363) to work on /home/airflow/.local/lib/python3.7/site-packages/airflow/example_dags/example_latest_only.py
[2023-03-14T14:07:35.073+0000] {processor.py:743} INFO - Processing file /home/airflow/.local/lib/python3.7/site-packages/airflow/example_dags/example_latest_only.py for tasks to queue
[2023-03-14T14:07:35.074+0000] {logging_mixin.py:137} INFO - [2023-03-14T14:07:35.074+0000] {dagbag.py:538} INFO - Filling up the DagBag from /home/airflow/.local/lib/python3.7/site-packages/airflow/example_dags/example_latest_only.py
[2023-03-14T14:07:35.098+0000] {processor.py:753} INFO - DAG(s) dict_keys(['latest_only']) retrieved from /home/airflow/.local/lib/python3.7/site-packages/airflow/example_dags/example_latest_only.py
[2023-03-14T14:07:35.134+0000] {logging_mixin.py:137} INFO - [2023-03-14T14:07:35.134+0000] {dag.py:2690} INFO - Sync 1 DAGs
[2023-03-14T14:07:35.182+0000] {logging_mixin.py:137} INFO - [2023-03-14T14:07:35.182+0000] {dag.py:3441} INFO - Setting next_dagrun for latest_only to 2023-03-14T10:07:35.182400+00:00, run_after=2023-03-14T14:07:35.182400+00:00
[2023-03-14T14:07:35.220+0000] {processor.py:175} INFO - Processing /home/airflow/.local/lib/python3.7/site-packages/airflow/example_dags/example_latest_only.py took 0.154 seconds
[2023-03-14T14:08:06.500+0000] {processor.py:153} INFO - Started process (PID=2578) to work on /home/airflow/.local/lib/python3.7/site-packages/airflow/example_dags/example_latest_only.py
[2023-03-14T14:08:06.502+0000] {processor.py:743} INFO - Processing file /home/airflow/.local/lib/python3.7/site-packages/airflow/example_dags/example_latest_only.py for tasks to queue
[2023-03-14T14:08:06.503+0000] {logging_mixin.py:137} INFO - [2023-03-14T14:08:06.503+0000] {dagbag.py:538} INFO - Filling up the DagBag from /home/airflow/.local/lib/python3.7/site-packages/airflow/example_dags/example_latest_only.py
[2023-03-14T14:08:06.522+0000] {processor.py:753} INFO - DAG(s) dict_keys(['latest_only']) retrieved from /home/airflow/.local/lib/python3.7/site-packages/airflow/example_dags/example_latest_only.py
[2023-03-14T14:08:06.557+0000] {logging_mixin.py:137} INFO - [2023-03-14T14:08:06.556+0000] {dag.py:2690} INFO - Sync 1 DAGs
[2023-03-14T14:08:06.601+0000] {logging_mixin.py:137} INFO - [2023-03-14T14:08:06.601+0000] {dag.py:3441} INFO - Setting next_dagrun for latest_only to 2023-03-14T10:08:06.601069+00:00, run_after=2023-03-14T14:08:06.601069+00:00
[2023-03-14T14:08:06.638+0000] {processor.py:175} INFO - Processing /home/airflow/.local/lib/python3.7/site-packages/airflow/example_dags/example_latest_only.py took 0.144 seconds
[2023-03-14T14:08:37.213+0000] {processor.py:153} INFO - Started process (PID=2794) to work on /home/airflow/.local/lib/python3.7/site-packages/airflow/example_dags/example_latest_only.py
[2023-03-14T14:08:37.215+0000] {processor.py:743} INFO - Processing file /home/airflow/.local/lib/python3.7/site-packages/airflow/example_dags/example_latest_only.py for tasks to queue
[2023-03-14T14:08:37.216+0000] {logging_mixin.py:137} INFO - [2023-03-14T14:08:37.216+0000] {dagbag.py:538} INFO - Filling up the DagBag from /home/airflow/.local/lib/python3.7/site-packages/airflow/example_dags/example_latest_only.py
[2023-03-14T14:08:37.236+0000] {processor.py:753} INFO - DAG(s) dict_keys(['latest_only']) retrieved from /home/airflow/.local/lib/python3.7/site-packages/airflow/example_dags/example_latest_only.py
[2023-03-14T14:08:37.278+0000] {logging_mixin.py:137} INFO - [2023-03-14T14:08:37.278+0000] {dag.py:2690} INFO - Sync 1 DAGs
[2023-03-14T14:08:37.315+0000] {logging_mixin.py:137} INFO - [2023-03-14T14:08:37.314+0000] {dag.py:3441} INFO - Setting next_dagrun for latest_only to 2023-03-14T10:08:37.314558+00:00, run_after=2023-03-14T14:08:37.314558+00:00
[2023-03-14T14:08:37.343+0000] {processor.py:175} INFO - Processing /home/airflow/.local/lib/python3.7/site-packages/airflow/example_dags/example_latest_only.py took 0.135 seconds
[2023-03-14T14:09:09.163+0000] {processor.py:153} INFO - Started process (PID=3027) to work on /home/airflow/.local/lib/python3.7/site-packages/airflow/example_dags/example_latest_only.py
[2023-03-14T14:09:09.171+0000] {processor.py:743} INFO - Processing file /home/airflow/.local/lib/python3.7/site-packages/airflow/example_dags/example_latest_only.py for tasks to queue
[2023-03-14T14:09:09.176+0000] {logging_mixin.py:137} INFO - [2023-03-14T14:09:09.176+0000] {dagbag.py:538} INFO - Filling up the DagBag from /home/airflow/.local/lib/python3.7/site-packages/airflow/example_dags/example_latest_only.py
[2023-03-14T14:09:09.232+0000] {processor.py:753} INFO - DAG(s) dict_keys(['latest_only']) retrieved from /home/airflow/.local/lib/python3.7/site-packages/airflow/example_dags/example_latest_only.py
[2023-03-14T14:09:09.585+0000] {logging_mixin.py:137} INFO - [2023-03-14T14:09:09.585+0000] {dag.py:2690} INFO - Sync 1 DAGs
[2023-03-14T14:09:09.715+0000] {logging_mixin.py:137} INFO - [2023-03-14T14:09:09.715+0000] {dag.py:3441} INFO - Setting next_dagrun for latest_only to 2023-03-14T10:09:09.715345+00:00, run_after=2023-03-14T14:09:09.715345+00:00
[2023-03-14T14:09:09.778+0000] {processor.py:175} INFO - Processing /home/airflow/.local/lib/python3.7/site-packages/airflow/example_dags/example_latest_only.py took 0.649 seconds
[2023-03-14T14:09:40.627+0000] {processor.py:153} INFO - Started process (PID=3260) to work on /home/airflow/.local/lib/python3.7/site-packages/airflow/example_dags/example_latest_only.py
[2023-03-14T14:09:40.628+0000] {processor.py:743} INFO - Processing file /home/airflow/.local/lib/python3.7/site-packages/airflow/example_dags/example_latest_only.py for tasks to queue
[2023-03-14T14:09:40.632+0000] {logging_mixin.py:137} INFO - [2023-03-14T14:09:40.632+0000] {dagbag.py:538} INFO - Filling up the DagBag from /home/airflow/.local/lib/python3.7/site-packages/airflow/example_dags/example_latest_only.py
[2023-03-14T14:09:40.653+0000] {processor.py:753} INFO - DAG(s) dict_keys(['latest_only']) retrieved from /home/airflow/.local/lib/python3.7/site-packages/airflow/example_dags/example_latest_only.py
[2023-03-14T14:09:40.719+0000] {logging_mixin.py:137} INFO - [2023-03-14T14:09:40.719+0000] {dag.py:2690} INFO - Sync 1 DAGs
[2023-03-14T14:09:40.798+0000] {logging_mixin.py:137} INFO - [2023-03-14T14:09:40.798+0000] {dag.py:3441} INFO - Setting next_dagrun for latest_only to 2023-03-14T10:09:40.798341+00:00, run_after=2023-03-14T14:09:40.798341+00:00
[2023-03-14T14:09:40.853+0000] {processor.py:175} INFO - Processing /home/airflow/.local/lib/python3.7/site-packages/airflow/example_dags/example_latest_only.py took 0.233 seconds
[2023-03-14T14:10:11.752+0000] {processor.py:153} INFO - Started process (PID=3474) to work on /home/airflow/.local/lib/python3.7/site-packages/airflow/example_dags/example_latest_only.py
[2023-03-14T14:10:11.762+0000] {processor.py:743} INFO - Processing file /home/airflow/.local/lib/python3.7/site-packages/airflow/example_dags/example_latest_only.py for tasks to queue
[2023-03-14T14:10:11.763+0000] {logging_mixin.py:137} INFO - [2023-03-14T14:10:11.762+0000] {dagbag.py:538} INFO - Filling up the DagBag from /home/airflow/.local/lib/python3.7/site-packages/airflow/example_dags/example_latest_only.py
[2023-03-14T14:10:11.822+0000] {processor.py:753} INFO - DAG(s) dict_keys(['latest_only']) retrieved from /home/airflow/.local/lib/python3.7/site-packages/airflow/example_dags/example_latest_only.py
[2023-03-14T14:10:11.933+0000] {logging_mixin.py:137} INFO - [2023-03-14T14:10:11.933+0000] {dag.py:2690} INFO - Sync 1 DAGs
[2023-03-14T14:10:11.990+0000] {logging_mixin.py:137} INFO - [2023-03-14T14:10:11.989+0000] {dag.py:3441} INFO - Setting next_dagrun for latest_only to 2023-03-14T10:10:11.989573+00:00, run_after=2023-03-14T14:10:11.989573+00:00
[2023-03-14T14:10:12.035+0000] {processor.py:175} INFO - Processing /home/airflow/.local/lib/python3.7/site-packages/airflow/example_dags/example_latest_only.py took 0.296 seconds
[2023-03-14T14:10:42.899+0000] {processor.py:153} INFO - Started process (PID=3689) to work on /home/airflow/.local/lib/python3.7/site-packages/airflow/example_dags/example_latest_only.py
[2023-03-14T14:10:42.905+0000] {processor.py:743} INFO - Processing file /home/airflow/.local/lib/python3.7/site-packages/airflow/example_dags/example_latest_only.py for tasks to queue
[2023-03-14T14:10:42.906+0000] {logging_mixin.py:137} INFO - [2023-03-14T14:10:42.905+0000] {dagbag.py:538} INFO - Filling up the DagBag from /home/airflow/.local/lib/python3.7/site-packages/airflow/example_dags/example_latest_only.py
[2023-03-14T14:10:42.934+0000] {processor.py:753} INFO - DAG(s) dict_keys(['latest_only']) retrieved from /home/airflow/.local/lib/python3.7/site-packages/airflow/example_dags/example_latest_only.py
[2023-03-14T14:10:42.980+0000] {logging_mixin.py:137} INFO - [2023-03-14T14:10:42.980+0000] {dag.py:2690} INFO - Sync 1 DAGs
[2023-03-14T14:10:43.024+0000] {logging_mixin.py:137} INFO - [2023-03-14T14:10:43.024+0000] {dag.py:3441} INFO - Setting next_dagrun for latest_only to 2023-03-14T10:10:43.023655+00:00, run_after=2023-03-14T14:10:43.023655+00:00
[2023-03-14T14:10:43.065+0000] {processor.py:175} INFO - Processing /home/airflow/.local/lib/python3.7/site-packages/airflow/example_dags/example_latest_only.py took 0.171 seconds
[2023-03-14T14:11:13.413+0000] {processor.py:153} INFO - Started process (PID=3903) to work on /home/airflow/.local/lib/python3.7/site-packages/airflow/example_dags/example_latest_only.py
[2023-03-14T14:11:13.422+0000] {processor.py:743} INFO - Processing file /home/airflow/.local/lib/python3.7/site-packages/airflow/example_dags/example_latest_only.py for tasks to queue
[2023-03-14T14:11:13.423+0000] {logging_mixin.py:137} INFO - [2023-03-14T14:11:13.423+0000] {dagbag.py:538} INFO - Filling up the DagBag from /home/airflow/.local/lib/python3.7/site-packages/airflow/example_dags/example_latest_only.py
[2023-03-14T14:11:13.568+0000] {processor.py:753} INFO - DAG(s) dict_keys(['latest_only']) retrieved from /home/airflow/.local/lib/python3.7/site-packages/airflow/example_dags/example_latest_only.py
[2023-03-14T14:11:13.678+0000] {logging_mixin.py:137} INFO - [2023-03-14T14:11:13.678+0000] {dag.py:2690} INFO - Sync 1 DAGs
[2023-03-14T14:11:13.773+0000] {logging_mixin.py:137} INFO - [2023-03-14T14:11:13.773+0000] {dag.py:3441} INFO - Setting next_dagrun for latest_only to 2023-03-14T10:11:13.772282+00:00, run_after=2023-03-14T14:11:13.772282+00:00
[2023-03-14T14:11:13.837+0000] {processor.py:175} INFO - Processing /home/airflow/.local/lib/python3.7/site-packages/airflow/example_dags/example_latest_only.py took 0.428 seconds
[2023-03-14T14:11:44.023+0000] {processor.py:153} INFO - Started process (PID=4128) to work on /home/airflow/.local/lib/python3.7/site-packages/airflow/example_dags/example_latest_only.py
[2023-03-14T14:11:44.025+0000] {processor.py:743} INFO - Processing file /home/airflow/.local/lib/python3.7/site-packages/airflow/example_dags/example_latest_only.py for tasks to queue
[2023-03-14T14:11:44.026+0000] {logging_mixin.py:137} INFO - [2023-03-14T14:11:44.026+0000] {dagbag.py:538} INFO - Filling up the DagBag from /home/airflow/.local/lib/python3.7/site-packages/airflow/example_dags/example_latest_only.py
[2023-03-14T14:11:44.045+0000] {processor.py:753} INFO - DAG(s) dict_keys(['latest_only']) retrieved from /home/airflow/.local/lib/python3.7/site-packages/airflow/example_dags/example_latest_only.py
[2023-03-14T14:11:44.081+0000] {logging_mixin.py:137} INFO - [2023-03-14T14:11:44.081+0000] {dag.py:2690} INFO - Sync 1 DAGs
[2023-03-14T14:11:44.123+0000] {logging_mixin.py:137} INFO - [2023-03-14T14:11:44.123+0000] {dag.py:3441} INFO - Setting next_dagrun for latest_only to 2023-03-14T10:11:44.123365+00:00, run_after=2023-03-14T14:11:44.123365+00:00
[2023-03-14T14:11:44.160+0000] {processor.py:175} INFO - Processing /home/airflow/.local/lib/python3.7/site-packages/airflow/example_dags/example_latest_only.py took 0.142 seconds
[2023-03-14T14:12:14.313+0000] {processor.py:153} INFO - Started process (PID=4336) to work on /home/airflow/.local/lib/python3.7/site-packages/airflow/example_dags/example_latest_only.py
[2023-03-14T14:12:14.315+0000] {processor.py:743} INFO - Processing file /home/airflow/.local/lib/python3.7/site-packages/airflow/example_dags/example_latest_only.py for tasks to queue
[2023-03-14T14:12:14.316+0000] {logging_mixin.py:137} INFO - [2023-03-14T14:12:14.316+0000] {dagbag.py:538} INFO - Filling up the DagBag from /home/airflow/.local/lib/python3.7/site-packages/airflow/example_dags/example_latest_only.py
[2023-03-14T14:12:14.365+0000] {processor.py:753} INFO - DAG(s) dict_keys(['latest_only']) retrieved from /home/airflow/.local/lib/python3.7/site-packages/airflow/example_dags/example_latest_only.py
[2023-03-14T14:12:14.402+0000] {logging_mixin.py:137} INFO - [2023-03-14T14:12:14.402+0000] {dag.py:2690} INFO - Sync 1 DAGs
[2023-03-14T14:12:14.440+0000] {logging_mixin.py:137} INFO - [2023-03-14T14:12:14.439+0000] {dag.py:3441} INFO - Setting next_dagrun for latest_only to 2023-03-14T10:12:14.439591+00:00, run_after=2023-03-14T14:12:14.439591+00:00
[2023-03-14T14:12:14.486+0000] {processor.py:175} INFO - Processing /home/airflow/.local/lib/python3.7/site-packages/airflow/example_dags/example_latest_only.py took 0.178 seconds
[2023-03-14T14:12:44.690+0000] {processor.py:153} INFO - Started process (PID=4560) to work on /home/airflow/.local/lib/python3.7/site-packages/airflow/example_dags/example_latest_only.py
[2023-03-14T14:12:44.691+0000] {processor.py:743} INFO - Processing file /home/airflow/.local/lib/python3.7/site-packages/airflow/example_dags/example_latest_only.py for tasks to queue
[2023-03-14T14:12:44.692+0000] {logging_mixin.py:137} INFO - [2023-03-14T14:12:44.692+0000] {dagbag.py:538} INFO - Filling up the DagBag from /home/airflow/.local/lib/python3.7/site-packages/airflow/example_dags/example_latest_only.py
[2023-03-14T14:12:44.715+0000] {processor.py:753} INFO - DAG(s) dict_keys(['latest_only']) retrieved from /home/airflow/.local/lib/python3.7/site-packages/airflow/example_dags/example_latest_only.py
[2023-03-14T14:12:44.751+0000] {logging_mixin.py:137} INFO - [2023-03-14T14:12:44.751+0000] {dag.py:2690} INFO - Sync 1 DAGs
[2023-03-14T14:12:44.793+0000] {logging_mixin.py:137} INFO - [2023-03-14T14:12:44.793+0000] {dag.py:3441} INFO - Setting next_dagrun for latest_only to 2023-03-14T10:12:44.793302+00:00, run_after=2023-03-14T14:12:44.793302+00:00
[2023-03-14T14:12:44.825+0000] {processor.py:175} INFO - Processing /home/airflow/.local/lib/python3.7/site-packages/airflow/example_dags/example_latest_only.py took 0.141 seconds
[2023-03-14T14:13:15.723+0000] {processor.py:153} INFO - Started process (PID=4766) to work on /home/airflow/.local/lib/python3.7/site-packages/airflow/example_dags/example_latest_only.py
[2023-03-14T14:13:15.724+0000] {processor.py:743} INFO - Processing file /home/airflow/.local/lib/python3.7/site-packages/airflow/example_dags/example_latest_only.py for tasks to queue
[2023-03-14T14:13:15.726+0000] {logging_mixin.py:137} INFO - [2023-03-14T14:13:15.725+0000] {dagbag.py:538} INFO - Filling up the DagBag from /home/airflow/.local/lib/python3.7/site-packages/airflow/example_dags/example_latest_only.py
[2023-03-14T14:13:15.750+0000] {processor.py:753} INFO - DAG(s) dict_keys(['latest_only']) retrieved from /home/airflow/.local/lib/python3.7/site-packages/airflow/example_dags/example_latest_only.py
[2023-03-14T14:13:15.792+0000] {logging_mixin.py:137} INFO - [2023-03-14T14:13:15.792+0000] {dag.py:2690} INFO - Sync 1 DAGs
[2023-03-14T14:13:15.834+0000] {logging_mixin.py:137} INFO - [2023-03-14T14:13:15.834+0000] {dag.py:3441} INFO - Setting next_dagrun for latest_only to 2023-03-14T10:13:15.833704+00:00, run_after=2023-03-14T14:13:15.833704+00:00
[2023-03-14T14:13:15.866+0000] {processor.py:175} INFO - Processing /home/airflow/.local/lib/python3.7/site-packages/airflow/example_dags/example_latest_only.py took 0.148 seconds
[2023-03-14T14:13:46.346+0000] {processor.py:153} INFO - Started process (PID=4990) to work on /home/airflow/.local/lib/python3.7/site-packages/airflow/example_dags/example_latest_only.py
[2023-03-14T14:13:46.348+0000] {processor.py:743} INFO - Processing file /home/airflow/.local/lib/python3.7/site-packages/airflow/example_dags/example_latest_only.py for tasks to queue
[2023-03-14T14:13:46.349+0000] {logging_mixin.py:137} INFO - [2023-03-14T14:13:46.349+0000] {dagbag.py:538} INFO - Filling up the DagBag from /home/airflow/.local/lib/python3.7/site-packages/airflow/example_dags/example_latest_only.py
[2023-03-14T14:13:46.372+0000] {processor.py:753} INFO - DAG(s) dict_keys(['latest_only']) retrieved from /home/airflow/.local/lib/python3.7/site-packages/airflow/example_dags/example_latest_only.py
[2023-03-14T14:13:46.409+0000] {logging_mixin.py:137} INFO - [2023-03-14T14:13:46.408+0000] {dag.py:2690} INFO - Sync 1 DAGs
[2023-03-14T14:13:46.453+0000] {logging_mixin.py:137} INFO - [2023-03-14T14:13:46.453+0000] {dag.py:3441} INFO - Setting next_dagrun for latest_only to 2023-03-14T10:13:46.452738+00:00, run_after=2023-03-14T14:13:46.452738+00:00
[2023-03-14T14:13:46.483+0000] {processor.py:175} INFO - Processing /home/airflow/.local/lib/python3.7/site-packages/airflow/example_dags/example_latest_only.py took 0.142 seconds
[2023-03-14T14:14:16.911+0000] {processor.py:153} INFO - Started process (PID=5206) to work on /home/airflow/.local/lib/python3.7/site-packages/airflow/example_dags/example_latest_only.py
[2023-03-14T14:14:16.913+0000] {processor.py:743} INFO - Processing file /home/airflow/.local/lib/python3.7/site-packages/airflow/example_dags/example_latest_only.py for tasks to queue
[2023-03-14T14:14:16.914+0000] {logging_mixin.py:137} INFO - [2023-03-14T14:14:16.914+0000] {dagbag.py:538} INFO - Filling up the DagBag from /home/airflow/.local/lib/python3.7/site-packages/airflow/example_dags/example_latest_only.py
[2023-03-14T14:14:16.942+0000] {processor.py:753} INFO - DAG(s) dict_keys(['latest_only']) retrieved from /home/airflow/.local/lib/python3.7/site-packages/airflow/example_dags/example_latest_only.py
[2023-03-14T14:14:17.001+0000] {logging_mixin.py:137} INFO - [2023-03-14T14:14:17.000+0000] {dag.py:2690} INFO - Sync 1 DAGs
[2023-03-14T14:14:17.064+0000] {logging_mixin.py:137} INFO - [2023-03-14T14:14:17.064+0000] {dag.py:3441} INFO - Setting next_dagrun for latest_only to 2023-03-14T10:14:17.064145+00:00, run_after=2023-03-14T14:14:17.064145+00:00
[2023-03-14T14:14:17.124+0000] {processor.py:175} INFO - Processing /home/airflow/.local/lib/python3.7/site-packages/airflow/example_dags/example_latest_only.py took 0.220 seconds
[2023-03-14T14:14:47.774+0000] {processor.py:153} INFO - Started process (PID=5421) to work on /home/airflow/.local/lib/python3.7/site-packages/airflow/example_dags/example_latest_only.py
[2023-03-14T14:14:47.775+0000] {processor.py:743} INFO - Processing file /home/airflow/.local/lib/python3.7/site-packages/airflow/example_dags/example_latest_only.py for tasks to queue
[2023-03-14T14:14:47.776+0000] {logging_mixin.py:137} INFO - [2023-03-14T14:14:47.776+0000] {dagbag.py:538} INFO - Filling up the DagBag from /home/airflow/.local/lib/python3.7/site-packages/airflow/example_dags/example_latest_only.py
[2023-03-14T14:14:47.862+0000] {processor.py:753} INFO - DAG(s) dict_keys(['latest_only']) retrieved from /home/airflow/.local/lib/python3.7/site-packages/airflow/example_dags/example_latest_only.py
[2023-03-14T14:14:47.973+0000] {logging_mixin.py:137} INFO - [2023-03-14T14:14:47.972+0000] {dag.py:2690} INFO - Sync 1 DAGs
[2023-03-14T14:14:48.048+0000] {logging_mixin.py:137} INFO - [2023-03-14T14:14:48.048+0000] {dag.py:3441} INFO - Setting next_dagrun for latest_only to 2023-03-14T10:14:48.047773+00:00, run_after=2023-03-14T14:14:48.047773+00:00
[2023-03-14T14:14:48.102+0000] {processor.py:175} INFO - Processing /home/airflow/.local/lib/python3.7/site-packages/airflow/example_dags/example_latest_only.py took 0.335 seconds
[2023-03-14T14:15:18.513+0000] {processor.py:153} INFO - Started process (PID=5635) to work on /home/airflow/.local/lib/python3.7/site-packages/airflow/example_dags/example_latest_only.py
[2023-03-14T14:15:18.514+0000] {processor.py:743} INFO - Processing file /home/airflow/.local/lib/python3.7/site-packages/airflow/example_dags/example_latest_only.py for tasks to queue
[2023-03-14T14:15:18.515+0000] {logging_mixin.py:137} INFO - [2023-03-14T14:15:18.515+0000] {dagbag.py:538} INFO - Filling up the DagBag from /home/airflow/.local/lib/python3.7/site-packages/airflow/example_dags/example_latest_only.py
[2023-03-14T14:15:18.537+0000] {processor.py:753} INFO - DAG(s) dict_keys(['latest_only']) retrieved from /home/airflow/.local/lib/python3.7/site-packages/airflow/example_dags/example_latest_only.py
[2023-03-14T14:15:18.576+0000] {logging_mixin.py:137} INFO - [2023-03-14T14:15:18.576+0000] {dag.py:2690} INFO - Sync 1 DAGs
[2023-03-14T14:15:18.616+0000] {logging_mixin.py:137} INFO - [2023-03-14T14:15:18.616+0000] {dag.py:3441} INFO - Setting next_dagrun for latest_only to 2023-03-14T10:15:18.615977+00:00, run_after=2023-03-14T14:15:18.615977+00:00
[2023-03-14T14:15:18.648+0000] {processor.py:175} INFO - Processing /home/airflow/.local/lib/python3.7/site-packages/airflow/example_dags/example_latest_only.py took 0.139 seconds
