[2023-03-14T14:02:27.001+0000] {processor.py:153} INFO - Started process (PID=225) to work on /home/airflow/.local/lib/python3.7/site-packages/airflow/example_dags/example_trigger_controller_dag.py
[2023-03-14T14:02:27.011+0000] {processor.py:743} INFO - Processing file /home/airflow/.local/lib/python3.7/site-packages/airflow/example_dags/example_trigger_controller_dag.py for tasks to queue
[2023-03-14T14:02:27.021+0000] {logging_mixin.py:137} INFO - [2023-03-14T14:02:27.021+0000] {dagbag.py:538} INFO - Filling up the DagBag from /home/airflow/.local/lib/python3.7/site-packages/airflow/example_dags/example_trigger_controller_dag.py
[2023-03-14T14:02:27.109+0000] {processor.py:753} INFO - DAG(s) dict_keys(['example_trigger_controller_dag']) retrieved from /home/airflow/.local/lib/python3.7/site-packages/airflow/example_dags/example_trigger_controller_dag.py
[2023-03-14T14:02:27.301+0000] {logging_mixin.py:137} INFO - [2023-03-14T14:02:27.301+0000] {dag.py:2690} INFO - Sync 1 DAGs
[2023-03-14T14:02:27.496+0000] {logging_mixin.py:137} INFO - [2023-03-14T14:02:27.493+0000] {dag.py:3441} INFO - Setting next_dagrun for example_trigger_controller_dag to 2021-01-01T00:00:00+00:00, run_after=2021-01-01T00:00:00+00:00
[2023-03-14T14:02:27.604+0000] {processor.py:175} INFO - Processing /home/airflow/.local/lib/python3.7/site-packages/airflow/example_dags/example_trigger_controller_dag.py took 0.618 seconds
[2023-03-14T14:02:58.206+0000] {processor.py:153} INFO - Started process (PID=431) to work on /home/airflow/.local/lib/python3.7/site-packages/airflow/example_dags/example_trigger_controller_dag.py
[2023-03-14T14:02:58.209+0000] {processor.py:743} INFO - Processing file /home/airflow/.local/lib/python3.7/site-packages/airflow/example_dags/example_trigger_controller_dag.py for tasks to queue
[2023-03-14T14:02:58.211+0000] {logging_mixin.py:137} INFO - [2023-03-14T14:02:58.211+0000] {dagbag.py:538} INFO - Filling up the DagBag from /home/airflow/.local/lib/python3.7/site-packages/airflow/example_dags/example_trigger_controller_dag.py
[2023-03-14T14:02:58.305+0000] {processor.py:753} INFO - DAG(s) dict_keys(['example_trigger_controller_dag']) retrieved from /home/airflow/.local/lib/python3.7/site-packages/airflow/example_dags/example_trigger_controller_dag.py
[2023-03-14T14:02:58.469+0000] {logging_mixin.py:137} INFO - [2023-03-14T14:02:58.469+0000] {dag.py:2690} INFO - Sync 1 DAGs
[2023-03-14T14:02:58.666+0000] {logging_mixin.py:137} INFO - [2023-03-14T14:02:58.665+0000] {dag.py:3441} INFO - Setting next_dagrun for example_trigger_controller_dag to 2021-01-01T00:00:00+00:00, run_after=2021-01-01T00:00:00+00:00
[2023-03-14T14:02:58.790+0000] {processor.py:175} INFO - Processing /home/airflow/.local/lib/python3.7/site-packages/airflow/example_dags/example_trigger_controller_dag.py took 0.619 seconds
[2023-03-14T14:03:28.957+0000] {processor.py:153} INFO - Started process (PID=646) to work on /home/airflow/.local/lib/python3.7/site-packages/airflow/example_dags/example_trigger_controller_dag.py
[2023-03-14T14:03:28.965+0000] {processor.py:743} INFO - Processing file /home/airflow/.local/lib/python3.7/site-packages/airflow/example_dags/example_trigger_controller_dag.py for tasks to queue
[2023-03-14T14:03:28.966+0000] {logging_mixin.py:137} INFO - [2023-03-14T14:03:28.965+0000] {dagbag.py:538} INFO - Filling up the DagBag from /home/airflow/.local/lib/python3.7/site-packages/airflow/example_dags/example_trigger_controller_dag.py
[2023-03-14T14:03:29.001+0000] {processor.py:753} INFO - DAG(s) dict_keys(['example_trigger_controller_dag']) retrieved from /home/airflow/.local/lib/python3.7/site-packages/airflow/example_dags/example_trigger_controller_dag.py
[2023-03-14T14:03:29.089+0000] {logging_mixin.py:137} INFO - [2023-03-14T14:03:29.089+0000] {dag.py:2690} INFO - Sync 1 DAGs
[2023-03-14T14:03:29.181+0000] {logging_mixin.py:137} INFO - [2023-03-14T14:03:29.181+0000] {dag.py:3441} INFO - Setting next_dagrun for example_trigger_controller_dag to 2021-01-01T00:00:00+00:00, run_after=2021-01-01T00:00:00+00:00
[2023-03-14T14:03:29.249+0000] {processor.py:175} INFO - Processing /home/airflow/.local/lib/python3.7/site-packages/airflow/example_dags/example_trigger_controller_dag.py took 0.303 seconds
[2023-03-14T14:04:00.869+0000] {processor.py:153} INFO - Started process (PID=870) to work on /home/airflow/.local/lib/python3.7/site-packages/airflow/example_dags/example_trigger_controller_dag.py
[2023-03-14T14:04:00.872+0000] {processor.py:743} INFO - Processing file /home/airflow/.local/lib/python3.7/site-packages/airflow/example_dags/example_trigger_controller_dag.py for tasks to queue
[2023-03-14T14:04:00.873+0000] {logging_mixin.py:137} INFO - [2023-03-14T14:04:00.873+0000] {dagbag.py:538} INFO - Filling up the DagBag from /home/airflow/.local/lib/python3.7/site-packages/airflow/example_dags/example_trigger_controller_dag.py
[2023-03-14T14:04:00.902+0000] {processor.py:753} INFO - DAG(s) dict_keys(['example_trigger_controller_dag']) retrieved from /home/airflow/.local/lib/python3.7/site-packages/airflow/example_dags/example_trigger_controller_dag.py
[2023-03-14T14:04:00.949+0000] {logging_mixin.py:137} INFO - [2023-03-14T14:04:00.948+0000] {dag.py:2690} INFO - Sync 1 DAGs
[2023-03-14T14:04:00.987+0000] {logging_mixin.py:137} INFO - [2023-03-14T14:04:00.987+0000] {dag.py:3441} INFO - Setting next_dagrun for example_trigger_controller_dag to 2021-01-01T00:00:00+00:00, run_after=2021-01-01T00:00:00+00:00
[2023-03-14T14:04:01.040+0000] {processor.py:175} INFO - Processing /home/airflow/.local/lib/python3.7/site-packages/airflow/example_dags/example_trigger_controller_dag.py took 0.175 seconds
[2023-03-14T14:04:31.627+0000] {processor.py:153} INFO - Started process (PID=1084) to work on /home/airflow/.local/lib/python3.7/site-packages/airflow/example_dags/example_trigger_controller_dag.py
[2023-03-14T14:04:31.628+0000] {processor.py:743} INFO - Processing file /home/airflow/.local/lib/python3.7/site-packages/airflow/example_dags/example_trigger_controller_dag.py for tasks to queue
[2023-03-14T14:04:31.630+0000] {logging_mixin.py:137} INFO - [2023-03-14T14:04:31.629+0000] {dagbag.py:538} INFO - Filling up the DagBag from /home/airflow/.local/lib/python3.7/site-packages/airflow/example_dags/example_trigger_controller_dag.py
[2023-03-14T14:04:31.661+0000] {processor.py:753} INFO - DAG(s) dict_keys(['example_trigger_controller_dag']) retrieved from /home/airflow/.local/lib/python3.7/site-packages/airflow/example_dags/example_trigger_controller_dag.py
[2023-03-14T14:04:31.699+0000] {logging_mixin.py:137} INFO - [2023-03-14T14:04:31.698+0000] {dag.py:2690} INFO - Sync 1 DAGs
[2023-03-14T14:04:31.761+0000] {logging_mixin.py:137} INFO - [2023-03-14T14:04:31.761+0000] {dag.py:3441} INFO - Setting next_dagrun for example_trigger_controller_dag to 2021-01-01T00:00:00+00:00, run_after=2021-01-01T00:00:00+00:00
[2023-03-14T14:04:31.822+0000] {processor.py:175} INFO - Processing /home/airflow/.local/lib/python3.7/site-packages/airflow/example_dags/example_trigger_controller_dag.py took 0.201 seconds
[2023-03-14T14:05:02.554+0000] {processor.py:153} INFO - Started process (PID=1298) to work on /home/airflow/.local/lib/python3.7/site-packages/airflow/example_dags/example_trigger_controller_dag.py
[2023-03-14T14:05:02.561+0000] {processor.py:743} INFO - Processing file /home/airflow/.local/lib/python3.7/site-packages/airflow/example_dags/example_trigger_controller_dag.py for tasks to queue
[2023-03-14T14:05:02.563+0000] {logging_mixin.py:137} INFO - [2023-03-14T14:05:02.563+0000] {dagbag.py:538} INFO - Filling up the DagBag from /home/airflow/.local/lib/python3.7/site-packages/airflow/example_dags/example_trigger_controller_dag.py
[2023-03-14T14:05:02.661+0000] {processor.py:753} INFO - DAG(s) dict_keys(['example_trigger_controller_dag']) retrieved from /home/airflow/.local/lib/python3.7/site-packages/airflow/example_dags/example_trigger_controller_dag.py
[2023-03-14T14:05:02.773+0000] {logging_mixin.py:137} INFO - [2023-03-14T14:05:02.773+0000] {dag.py:2690} INFO - Sync 1 DAGs
[2023-03-14T14:05:02.972+0000] {logging_mixin.py:137} INFO - [2023-03-14T14:05:02.961+0000] {dag.py:3441} INFO - Setting next_dagrun for example_trigger_controller_dag to 2021-01-01T00:00:00+00:00, run_after=2021-01-01T00:00:00+00:00
[2023-03-14T14:05:03.288+0000] {processor.py:175} INFO - Processing /home/airflow/.local/lib/python3.7/site-packages/airflow/example_dags/example_trigger_controller_dag.py took 0.740 seconds
[2023-03-14T14:05:34.304+0000] {processor.py:153} INFO - Started process (PID=1511) to work on /home/airflow/.local/lib/python3.7/site-packages/airflow/example_dags/example_trigger_controller_dag.py
[2023-03-14T14:05:34.314+0000] {processor.py:743} INFO - Processing file /home/airflow/.local/lib/python3.7/site-packages/airflow/example_dags/example_trigger_controller_dag.py for tasks to queue
[2023-03-14T14:05:34.316+0000] {logging_mixin.py:137} INFO - [2023-03-14T14:05:34.316+0000] {dagbag.py:538} INFO - Filling up the DagBag from /home/airflow/.local/lib/python3.7/site-packages/airflow/example_dags/example_trigger_controller_dag.py
[2023-03-14T14:05:34.361+0000] {processor.py:753} INFO - DAG(s) dict_keys(['example_trigger_controller_dag']) retrieved from /home/airflow/.local/lib/python3.7/site-packages/airflow/example_dags/example_trigger_controller_dag.py
[2023-03-14T14:05:34.468+0000] {logging_mixin.py:137} INFO - [2023-03-14T14:05:34.467+0000] {dag.py:2690} INFO - Sync 1 DAGs
[2023-03-14T14:05:34.525+0000] {logging_mixin.py:137} INFO - [2023-03-14T14:05:34.525+0000] {dag.py:3441} INFO - Setting next_dagrun for example_trigger_controller_dag to 2021-01-01T00:00:00+00:00, run_after=2021-01-01T00:00:00+00:00
[2023-03-14T14:05:34.664+0000] {processor.py:175} INFO - Processing /home/airflow/.local/lib/python3.7/site-packages/airflow/example_dags/example_trigger_controller_dag.py took 0.365 seconds
[2023-03-14T14:06:04.784+0000] {processor.py:153} INFO - Started process (PID=1723) to work on /home/airflow/.local/lib/python3.7/site-packages/airflow/example_dags/example_trigger_controller_dag.py
[2023-03-14T14:06:04.789+0000] {processor.py:743} INFO - Processing file /home/airflow/.local/lib/python3.7/site-packages/airflow/example_dags/example_trigger_controller_dag.py for tasks to queue
[2023-03-14T14:06:04.790+0000] {logging_mixin.py:137} INFO - [2023-03-14T14:06:04.790+0000] {dagbag.py:538} INFO - Filling up the DagBag from /home/airflow/.local/lib/python3.7/site-packages/airflow/example_dags/example_trigger_controller_dag.py
[2023-03-14T14:06:04.835+0000] {processor.py:753} INFO - DAG(s) dict_keys(['example_trigger_controller_dag']) retrieved from /home/airflow/.local/lib/python3.7/site-packages/airflow/example_dags/example_trigger_controller_dag.py
[2023-03-14T14:06:04.892+0000] {logging_mixin.py:137} INFO - [2023-03-14T14:06:04.892+0000] {dag.py:2690} INFO - Sync 1 DAGs
[2023-03-14T14:06:05.047+0000] {logging_mixin.py:137} INFO - [2023-03-14T14:06:05.047+0000] {dag.py:3441} INFO - Setting next_dagrun for example_trigger_controller_dag to 2021-01-01T00:00:00+00:00, run_after=2021-01-01T00:00:00+00:00
[2023-03-14T14:06:05.225+0000] {processor.py:175} INFO - Processing /home/airflow/.local/lib/python3.7/site-packages/airflow/example_dags/example_trigger_controller_dag.py took 0.450 seconds
[2023-03-14T14:06:36.115+0000] {processor.py:153} INFO - Started process (PID=1943) to work on /home/airflow/.local/lib/python3.7/site-packages/airflow/example_dags/example_trigger_controller_dag.py
[2023-03-14T14:06:36.116+0000] {processor.py:743} INFO - Processing file /home/airflow/.local/lib/python3.7/site-packages/airflow/example_dags/example_trigger_controller_dag.py for tasks to queue
[2023-03-14T14:06:36.117+0000] {logging_mixin.py:137} INFO - [2023-03-14T14:06:36.117+0000] {dagbag.py:538} INFO - Filling up the DagBag from /home/airflow/.local/lib/python3.7/site-packages/airflow/example_dags/example_trigger_controller_dag.py
[2023-03-14T14:06:36.133+0000] {processor.py:753} INFO - DAG(s) dict_keys(['example_trigger_controller_dag']) retrieved from /home/airflow/.local/lib/python3.7/site-packages/airflow/example_dags/example_trigger_controller_dag.py
[2023-03-14T14:06:36.174+0000] {logging_mixin.py:137} INFO - [2023-03-14T14:06:36.174+0000] {dag.py:2690} INFO - Sync 1 DAGs
[2023-03-14T14:06:36.215+0000] {logging_mixin.py:137} INFO - [2023-03-14T14:06:36.215+0000] {dag.py:3441} INFO - Setting next_dagrun for example_trigger_controller_dag to 2021-01-01T00:00:00+00:00, run_after=2021-01-01T00:00:00+00:00
[2023-03-14T14:06:36.246+0000] {processor.py:175} INFO - Processing /home/airflow/.local/lib/python3.7/site-packages/airflow/example_dags/example_trigger_controller_dag.py took 0.135 seconds
[2023-03-14T14:07:07.198+0000] {processor.py:153} INFO - Started process (PID=2165) to work on /home/airflow/.local/lib/python3.7/site-packages/airflow/example_dags/example_trigger_controller_dag.py
[2023-03-14T14:07:07.200+0000] {processor.py:743} INFO - Processing file /home/airflow/.local/lib/python3.7/site-packages/airflow/example_dags/example_trigger_controller_dag.py for tasks to queue
[2023-03-14T14:07:07.202+0000] {logging_mixin.py:137} INFO - [2023-03-14T14:07:07.201+0000] {dagbag.py:538} INFO - Filling up the DagBag from /home/airflow/.local/lib/python3.7/site-packages/airflow/example_dags/example_trigger_controller_dag.py
[2023-03-14T14:07:07.227+0000] {processor.py:753} INFO - DAG(s) dict_keys(['example_trigger_controller_dag']) retrieved from /home/airflow/.local/lib/python3.7/site-packages/airflow/example_dags/example_trigger_controller_dag.py
[2023-03-14T14:07:07.285+0000] {logging_mixin.py:137} INFO - [2023-03-14T14:07:07.285+0000] {dag.py:2690} INFO - Sync 1 DAGs
[2023-03-14T14:07:07.369+0000] {logging_mixin.py:137} INFO - [2023-03-14T14:07:07.369+0000] {dag.py:3441} INFO - Setting next_dagrun for example_trigger_controller_dag to 2021-01-01T00:00:00+00:00, run_after=2021-01-01T00:00:00+00:00
[2023-03-14T14:07:07.447+0000] {processor.py:175} INFO - Processing /home/airflow/.local/lib/python3.7/site-packages/airflow/example_dags/example_trigger_controller_dag.py took 0.253 seconds
[2023-03-14T14:07:37.519+0000] {processor.py:153} INFO - Started process (PID=2380) to work on /home/airflow/.local/lib/python3.7/site-packages/airflow/example_dags/example_trigger_controller_dag.py
[2023-03-14T14:07:37.520+0000] {processor.py:743} INFO - Processing file /home/airflow/.local/lib/python3.7/site-packages/airflow/example_dags/example_trigger_controller_dag.py for tasks to queue
[2023-03-14T14:07:37.521+0000] {logging_mixin.py:137} INFO - [2023-03-14T14:07:37.521+0000] {dagbag.py:538} INFO - Filling up the DagBag from /home/airflow/.local/lib/python3.7/site-packages/airflow/example_dags/example_trigger_controller_dag.py
[2023-03-14T14:07:37.536+0000] {processor.py:753} INFO - DAG(s) dict_keys(['example_trigger_controller_dag']) retrieved from /home/airflow/.local/lib/python3.7/site-packages/airflow/example_dags/example_trigger_controller_dag.py
[2023-03-14T14:07:37.572+0000] {logging_mixin.py:137} INFO - [2023-03-14T14:07:37.572+0000] {dag.py:2690} INFO - Sync 1 DAGs
[2023-03-14T14:07:37.602+0000] {logging_mixin.py:137} INFO - [2023-03-14T14:07:37.602+0000] {dag.py:3441} INFO - Setting next_dagrun for example_trigger_controller_dag to 2021-01-01T00:00:00+00:00, run_after=2021-01-01T00:00:00+00:00
[2023-03-14T14:07:37.627+0000] {processor.py:175} INFO - Processing /home/airflow/.local/lib/python3.7/site-packages/airflow/example_dags/example_trigger_controller_dag.py took 0.111 seconds
[2023-03-14T14:08:07.819+0000] {processor.py:153} INFO - Started process (PID=2595) to work on /home/airflow/.local/lib/python3.7/site-packages/airflow/example_dags/example_trigger_controller_dag.py
[2023-03-14T14:08:07.820+0000] {processor.py:743} INFO - Processing file /home/airflow/.local/lib/python3.7/site-packages/airflow/example_dags/example_trigger_controller_dag.py for tasks to queue
[2023-03-14T14:08:07.822+0000] {logging_mixin.py:137} INFO - [2023-03-14T14:08:07.821+0000] {dagbag.py:538} INFO - Filling up the DagBag from /home/airflow/.local/lib/python3.7/site-packages/airflow/example_dags/example_trigger_controller_dag.py
[2023-03-14T14:08:07.839+0000] {processor.py:753} INFO - DAG(s) dict_keys(['example_trigger_controller_dag']) retrieved from /home/airflow/.local/lib/python3.7/site-packages/airflow/example_dags/example_trigger_controller_dag.py
[2023-03-14T14:08:07.876+0000] {logging_mixin.py:137} INFO - [2023-03-14T14:08:07.876+0000] {dag.py:2690} INFO - Sync 1 DAGs
[2023-03-14T14:08:08.005+0000] {logging_mixin.py:137} INFO - [2023-03-14T14:08:08.004+0000] {dag.py:3441} INFO - Setting next_dagrun for example_trigger_controller_dag to 2021-01-01T00:00:00+00:00, run_after=2021-01-01T00:00:00+00:00
[2023-03-14T14:08:08.063+0000] {processor.py:175} INFO - Processing /home/airflow/.local/lib/python3.7/site-packages/airflow/example_dags/example_trigger_controller_dag.py took 0.249 seconds
[2023-03-14T14:08:38.557+0000] {processor.py:153} INFO - Started process (PID=2814) to work on /home/airflow/.local/lib/python3.7/site-packages/airflow/example_dags/example_trigger_controller_dag.py
[2023-03-14T14:08:38.558+0000] {processor.py:743} INFO - Processing file /home/airflow/.local/lib/python3.7/site-packages/airflow/example_dags/example_trigger_controller_dag.py for tasks to queue
[2023-03-14T14:08:38.559+0000] {logging_mixin.py:137} INFO - [2023-03-14T14:08:38.559+0000] {dagbag.py:538} INFO - Filling up the DagBag from /home/airflow/.local/lib/python3.7/site-packages/airflow/example_dags/example_trigger_controller_dag.py
[2023-03-14T14:08:38.597+0000] {processor.py:753} INFO - DAG(s) dict_keys(['example_trigger_controller_dag']) retrieved from /home/airflow/.local/lib/python3.7/site-packages/airflow/example_dags/example_trigger_controller_dag.py
[2023-03-14T14:08:38.640+0000] {logging_mixin.py:137} INFO - [2023-03-14T14:08:38.639+0000] {dag.py:2690} INFO - Sync 1 DAGs
[2023-03-14T14:08:38.687+0000] {logging_mixin.py:137} INFO - [2023-03-14T14:08:38.686+0000] {dag.py:3441} INFO - Setting next_dagrun for example_trigger_controller_dag to 2021-01-01T00:00:00+00:00, run_after=2021-01-01T00:00:00+00:00
[2023-03-14T14:08:38.721+0000] {processor.py:175} INFO - Processing /home/airflow/.local/lib/python3.7/site-packages/airflow/example_dags/example_trigger_controller_dag.py took 0.171 seconds
[2023-03-14T14:09:10.456+0000] {processor.py:153} INFO - Started process (PID=3047) to work on /home/airflow/.local/lib/python3.7/site-packages/airflow/example_dags/example_trigger_controller_dag.py
[2023-03-14T14:09:10.462+0000] {processor.py:743} INFO - Processing file /home/airflow/.local/lib/python3.7/site-packages/airflow/example_dags/example_trigger_controller_dag.py for tasks to queue
[2023-03-14T14:09:10.465+0000] {logging_mixin.py:137} INFO - [2023-03-14T14:09:10.465+0000] {dagbag.py:538} INFO - Filling up the DagBag from /home/airflow/.local/lib/python3.7/site-packages/airflow/example_dags/example_trigger_controller_dag.py
[2023-03-14T14:09:10.554+0000] {processor.py:753} INFO - DAG(s) dict_keys(['example_trigger_controller_dag']) retrieved from /home/airflow/.local/lib/python3.7/site-packages/airflow/example_dags/example_trigger_controller_dag.py
[2023-03-14T14:09:10.732+0000] {logging_mixin.py:137} INFO - [2023-03-14T14:09:10.732+0000] {dag.py:2690} INFO - Sync 1 DAGs
[2023-03-14T14:09:10.846+0000] {logging_mixin.py:137} INFO - [2023-03-14T14:09:10.845+0000] {dag.py:3441} INFO - Setting next_dagrun for example_trigger_controller_dag to 2021-01-01T00:00:00+00:00, run_after=2021-01-01T00:00:00+00:00
[2023-03-14T14:09:10.910+0000] {processor.py:175} INFO - Processing /home/airflow/.local/lib/python3.7/site-packages/airflow/example_dags/example_trigger_controller_dag.py took 0.488 seconds
[2023-03-14T14:09:41.256+0000] {processor.py:153} INFO - Started process (PID=3280) to work on /home/airflow/.local/lib/python3.7/site-packages/airflow/example_dags/example_trigger_controller_dag.py
[2023-03-14T14:09:41.257+0000] {processor.py:743} INFO - Processing file /home/airflow/.local/lib/python3.7/site-packages/airflow/example_dags/example_trigger_controller_dag.py for tasks to queue
[2023-03-14T14:09:41.258+0000] {logging_mixin.py:137} INFO - [2023-03-14T14:09:41.258+0000] {dagbag.py:538} INFO - Filling up the DagBag from /home/airflow/.local/lib/python3.7/site-packages/airflow/example_dags/example_trigger_controller_dag.py
[2023-03-14T14:09:41.275+0000] {processor.py:753} INFO - DAG(s) dict_keys(['example_trigger_controller_dag']) retrieved from /home/airflow/.local/lib/python3.7/site-packages/airflow/example_dags/example_trigger_controller_dag.py
[2023-03-14T14:09:41.331+0000] {logging_mixin.py:137} INFO - [2023-03-14T14:09:41.331+0000] {dag.py:2690} INFO - Sync 1 DAGs
[2023-03-14T14:09:41.377+0000] {logging_mixin.py:137} INFO - [2023-03-14T14:09:41.376+0000] {dag.py:3441} INFO - Setting next_dagrun for example_trigger_controller_dag to 2021-01-01T00:00:00+00:00, run_after=2021-01-01T00:00:00+00:00
[2023-03-14T14:09:41.410+0000] {processor.py:175} INFO - Processing /home/airflow/.local/lib/python3.7/site-packages/airflow/example_dags/example_trigger_controller_dag.py took 0.164 seconds
[2023-03-14T14:10:12.735+0000] {processor.py:153} INFO - Started process (PID=3497) to work on /home/airflow/.local/lib/python3.7/site-packages/airflow/example_dags/example_trigger_controller_dag.py
[2023-03-14T14:10:12.736+0000] {processor.py:743} INFO - Processing file /home/airflow/.local/lib/python3.7/site-packages/airflow/example_dags/example_trigger_controller_dag.py for tasks to queue
[2023-03-14T14:10:12.737+0000] {logging_mixin.py:137} INFO - [2023-03-14T14:10:12.737+0000] {dagbag.py:538} INFO - Filling up the DagBag from /home/airflow/.local/lib/python3.7/site-packages/airflow/example_dags/example_trigger_controller_dag.py
[2023-03-14T14:10:12.763+0000] {processor.py:753} INFO - DAG(s) dict_keys(['example_trigger_controller_dag']) retrieved from /home/airflow/.local/lib/python3.7/site-packages/airflow/example_dags/example_trigger_controller_dag.py
[2023-03-14T14:10:12.813+0000] {logging_mixin.py:137} INFO - [2023-03-14T14:10:12.813+0000] {dag.py:2690} INFO - Sync 1 DAGs
[2023-03-14T14:10:12.854+0000] {logging_mixin.py:137} INFO - [2023-03-14T14:10:12.853+0000] {dag.py:3441} INFO - Setting next_dagrun for example_trigger_controller_dag to 2021-01-01T00:00:00+00:00, run_after=2021-01-01T00:00:00+00:00
[2023-03-14T14:10:12.900+0000] {processor.py:175} INFO - Processing /home/airflow/.local/lib/python3.7/site-packages/airflow/example_dags/example_trigger_controller_dag.py took 0.170 seconds
[2023-03-14T14:10:43.361+0000] {processor.py:153} INFO - Started process (PID=3710) to work on /home/airflow/.local/lib/python3.7/site-packages/airflow/example_dags/example_trigger_controller_dag.py
[2023-03-14T14:10:43.362+0000] {processor.py:743} INFO - Processing file /home/airflow/.local/lib/python3.7/site-packages/airflow/example_dags/example_trigger_controller_dag.py for tasks to queue
[2023-03-14T14:10:43.363+0000] {logging_mixin.py:137} INFO - [2023-03-14T14:10:43.363+0000] {dagbag.py:538} INFO - Filling up the DagBag from /home/airflow/.local/lib/python3.7/site-packages/airflow/example_dags/example_trigger_controller_dag.py
[2023-03-14T14:10:43.383+0000] {processor.py:753} INFO - DAG(s) dict_keys(['example_trigger_controller_dag']) retrieved from /home/airflow/.local/lib/python3.7/site-packages/airflow/example_dags/example_trigger_controller_dag.py
[2023-03-14T14:10:43.422+0000] {logging_mixin.py:137} INFO - [2023-03-14T14:10:43.422+0000] {dag.py:2690} INFO - Sync 1 DAGs
[2023-03-14T14:10:43.460+0000] {logging_mixin.py:137} INFO - [2023-03-14T14:10:43.460+0000] {dag.py:3441} INFO - Setting next_dagrun for example_trigger_controller_dag to 2021-01-01T00:00:00+00:00, run_after=2021-01-01T00:00:00+00:00
[2023-03-14T14:10:43.489+0000] {processor.py:175} INFO - Processing /home/airflow/.local/lib/python3.7/site-packages/airflow/example_dags/example_trigger_controller_dag.py took 0.138 seconds
[2023-03-14T14:11:14.527+0000] {processor.py:153} INFO - Started process (PID=3926) to work on /home/airflow/.local/lib/python3.7/site-packages/airflow/example_dags/example_trigger_controller_dag.py
[2023-03-14T14:11:14.533+0000] {processor.py:743} INFO - Processing file /home/airflow/.local/lib/python3.7/site-packages/airflow/example_dags/example_trigger_controller_dag.py for tasks to queue
[2023-03-14T14:11:14.534+0000] {logging_mixin.py:137} INFO - [2023-03-14T14:11:14.534+0000] {dagbag.py:538} INFO - Filling up the DagBag from /home/airflow/.local/lib/python3.7/site-packages/airflow/example_dags/example_trigger_controller_dag.py
[2023-03-14T14:11:14.573+0000] {processor.py:753} INFO - DAG(s) dict_keys(['example_trigger_controller_dag']) retrieved from /home/airflow/.local/lib/python3.7/site-packages/airflow/example_dags/example_trigger_controller_dag.py
[2023-03-14T14:11:14.653+0000] {logging_mixin.py:137} INFO - [2023-03-14T14:11:14.653+0000] {dag.py:2690} INFO - Sync 1 DAGs
[2023-03-14T14:11:14.733+0000] {logging_mixin.py:137} INFO - [2023-03-14T14:11:14.733+0000] {dag.py:3441} INFO - Setting next_dagrun for example_trigger_controller_dag to 2021-01-01T00:00:00+00:00, run_after=2021-01-01T00:00:00+00:00
[2023-03-14T14:11:14.780+0000] {processor.py:175} INFO - Processing /home/airflow/.local/lib/python3.7/site-packages/airflow/example_dags/example_trigger_controller_dag.py took 0.258 seconds
[2023-03-14T14:11:45.020+0000] {processor.py:153} INFO - Started process (PID=4150) to work on /home/airflow/.local/lib/python3.7/site-packages/airflow/example_dags/example_trigger_controller_dag.py
[2023-03-14T14:11:45.032+0000] {processor.py:743} INFO - Processing file /home/airflow/.local/lib/python3.7/site-packages/airflow/example_dags/example_trigger_controller_dag.py for tasks to queue
[2023-03-14T14:11:45.035+0000] {logging_mixin.py:137} INFO - [2023-03-14T14:11:45.035+0000] {dagbag.py:538} INFO - Filling up the DagBag from /home/airflow/.local/lib/python3.7/site-packages/airflow/example_dags/example_trigger_controller_dag.py
[2023-03-14T14:11:45.086+0000] {processor.py:753} INFO - DAG(s) dict_keys(['example_trigger_controller_dag']) retrieved from /home/airflow/.local/lib/python3.7/site-packages/airflow/example_dags/example_trigger_controller_dag.py
[2023-03-14T14:11:45.193+0000] {logging_mixin.py:137} INFO - [2023-03-14T14:11:45.189+0000] {dag.py:2690} INFO - Sync 1 DAGs
[2023-03-14T14:11:45.304+0000] {logging_mixin.py:137} INFO - [2023-03-14T14:11:45.304+0000] {dag.py:3441} INFO - Setting next_dagrun for example_trigger_controller_dag to 2021-01-01T00:00:00+00:00, run_after=2021-01-01T00:00:00+00:00
[2023-03-14T14:11:45.367+0000] {processor.py:175} INFO - Processing /home/airflow/.local/lib/python3.7/site-packages/airflow/example_dags/example_trigger_controller_dag.py took 0.381 seconds
[2023-03-14T14:12:16.010+0000] {processor.py:153} INFO - Started process (PID=4365) to work on /home/airflow/.local/lib/python3.7/site-packages/airflow/example_dags/example_trigger_controller_dag.py
[2023-03-14T14:12:16.013+0000] {processor.py:743} INFO - Processing file /home/airflow/.local/lib/python3.7/site-packages/airflow/example_dags/example_trigger_controller_dag.py for tasks to queue
[2023-03-14T14:12:16.015+0000] {logging_mixin.py:137} INFO - [2023-03-14T14:12:16.015+0000] {dagbag.py:538} INFO - Filling up the DagBag from /home/airflow/.local/lib/python3.7/site-packages/airflow/example_dags/example_trigger_controller_dag.py
[2023-03-14T14:12:16.052+0000] {processor.py:753} INFO - DAG(s) dict_keys(['example_trigger_controller_dag']) retrieved from /home/airflow/.local/lib/python3.7/site-packages/airflow/example_dags/example_trigger_controller_dag.py
[2023-03-14T14:12:16.173+0000] {logging_mixin.py:137} INFO - [2023-03-14T14:12:16.172+0000] {dag.py:2690} INFO - Sync 1 DAGs
[2023-03-14T14:12:16.409+0000] {logging_mixin.py:137} INFO - [2023-03-14T14:12:16.409+0000] {dag.py:3441} INFO - Setting next_dagrun for example_trigger_controller_dag to 2021-01-01T00:00:00+00:00, run_after=2021-01-01T00:00:00+00:00
[2023-03-14T14:12:16.476+0000] {processor.py:175} INFO - Processing /home/airflow/.local/lib/python3.7/site-packages/airflow/example_dags/example_trigger_controller_dag.py took 0.480 seconds
[2023-03-14T14:12:46.665+0000] {processor.py:153} INFO - Started process (PID=4581) to work on /home/airflow/.local/lib/python3.7/site-packages/airflow/example_dags/example_trigger_controller_dag.py
[2023-03-14T14:12:46.667+0000] {processor.py:743} INFO - Processing file /home/airflow/.local/lib/python3.7/site-packages/airflow/example_dags/example_trigger_controller_dag.py for tasks to queue
[2023-03-14T14:12:46.669+0000] {logging_mixin.py:137} INFO - [2023-03-14T14:12:46.669+0000] {dagbag.py:538} INFO - Filling up the DagBag from /home/airflow/.local/lib/python3.7/site-packages/airflow/example_dags/example_trigger_controller_dag.py
[2023-03-14T14:12:46.689+0000] {processor.py:753} INFO - DAG(s) dict_keys(['example_trigger_controller_dag']) retrieved from /home/airflow/.local/lib/python3.7/site-packages/airflow/example_dags/example_trigger_controller_dag.py
[2023-03-14T14:12:46.775+0000] {logging_mixin.py:137} INFO - [2023-03-14T14:12:46.775+0000] {dag.py:2690} INFO - Sync 1 DAGs
[2023-03-14T14:12:46.848+0000] {logging_mixin.py:137} INFO - [2023-03-14T14:12:46.848+0000] {dag.py:3441} INFO - Setting next_dagrun for example_trigger_controller_dag to 2021-01-01T00:00:00+00:00, run_after=2021-01-01T00:00:00+00:00
[2023-03-14T14:12:46.902+0000] {processor.py:175} INFO - Processing /home/airflow/.local/lib/python3.7/site-packages/airflow/example_dags/example_trigger_controller_dag.py took 0.257 seconds
[2023-03-14T14:13:16.997+0000] {processor.py:153} INFO - Started process (PID=4795) to work on /home/airflow/.local/lib/python3.7/site-packages/airflow/example_dags/example_trigger_controller_dag.py
[2023-03-14T14:13:17.002+0000] {processor.py:743} INFO - Processing file /home/airflow/.local/lib/python3.7/site-packages/airflow/example_dags/example_trigger_controller_dag.py for tasks to queue
[2023-03-14T14:13:17.003+0000] {logging_mixin.py:137} INFO - [2023-03-14T14:13:17.003+0000] {dagbag.py:538} INFO - Filling up the DagBag from /home/airflow/.local/lib/python3.7/site-packages/airflow/example_dags/example_trigger_controller_dag.py
[2023-03-14T14:13:17.020+0000] {processor.py:753} INFO - DAG(s) dict_keys(['example_trigger_controller_dag']) retrieved from /home/airflow/.local/lib/python3.7/site-packages/airflow/example_dags/example_trigger_controller_dag.py
[2023-03-14T14:13:17.058+0000] {logging_mixin.py:137} INFO - [2023-03-14T14:13:17.058+0000] {dag.py:2690} INFO - Sync 1 DAGs
[2023-03-14T14:13:17.096+0000] {logging_mixin.py:137} INFO - [2023-03-14T14:13:17.096+0000] {dag.py:3441} INFO - Setting next_dagrun for example_trigger_controller_dag to 2021-01-01T00:00:00+00:00, run_after=2021-01-01T00:00:00+00:00
[2023-03-14T14:13:17.127+0000] {processor.py:175} INFO - Processing /home/airflow/.local/lib/python3.7/site-packages/airflow/example_dags/example_trigger_controller_dag.py took 0.140 seconds
[2023-03-14T14:13:47.731+0000] {processor.py:153} INFO - Started process (PID=5010) to work on /home/airflow/.local/lib/python3.7/site-packages/airflow/example_dags/example_trigger_controller_dag.py
[2023-03-14T14:13:47.733+0000] {processor.py:743} INFO - Processing file /home/airflow/.local/lib/python3.7/site-packages/airflow/example_dags/example_trigger_controller_dag.py for tasks to queue
[2023-03-14T14:13:47.734+0000] {logging_mixin.py:137} INFO - [2023-03-14T14:13:47.734+0000] {dagbag.py:538} INFO - Filling up the DagBag from /home/airflow/.local/lib/python3.7/site-packages/airflow/example_dags/example_trigger_controller_dag.py
[2023-03-14T14:13:47.763+0000] {processor.py:753} INFO - DAG(s) dict_keys(['example_trigger_controller_dag']) retrieved from /home/airflow/.local/lib/python3.7/site-packages/airflow/example_dags/example_trigger_controller_dag.py
[2023-03-14T14:13:47.802+0000] {logging_mixin.py:137} INFO - [2023-03-14T14:13:47.802+0000] {dag.py:2690} INFO - Sync 1 DAGs
[2023-03-14T14:13:47.842+0000] {logging_mixin.py:137} INFO - [2023-03-14T14:13:47.842+0000] {dag.py:3441} INFO - Setting next_dagrun for example_trigger_controller_dag to 2021-01-01T00:00:00+00:00, run_after=2021-01-01T00:00:00+00:00
[2023-03-14T14:13:47.877+0000] {processor.py:175} INFO - Processing /home/airflow/.local/lib/python3.7/site-packages/airflow/example_dags/example_trigger_controller_dag.py took 0.152 seconds
[2023-03-14T14:14:18.839+0000] {processor.py:153} INFO - Started process (PID=5226) to work on /home/airflow/.local/lib/python3.7/site-packages/airflow/example_dags/example_trigger_controller_dag.py
[2023-03-14T14:14:18.844+0000] {processor.py:743} INFO - Processing file /home/airflow/.local/lib/python3.7/site-packages/airflow/example_dags/example_trigger_controller_dag.py for tasks to queue
[2023-03-14T14:14:18.846+0000] {logging_mixin.py:137} INFO - [2023-03-14T14:14:18.845+0000] {dagbag.py:538} INFO - Filling up the DagBag from /home/airflow/.local/lib/python3.7/site-packages/airflow/example_dags/example_trigger_controller_dag.py
[2023-03-14T14:14:18.867+0000] {processor.py:753} INFO - DAG(s) dict_keys(['example_trigger_controller_dag']) retrieved from /home/airflow/.local/lib/python3.7/site-packages/airflow/example_dags/example_trigger_controller_dag.py
[2023-03-14T14:14:18.903+0000] {logging_mixin.py:137} INFO - [2023-03-14T14:14:18.903+0000] {dag.py:2690} INFO - Sync 1 DAGs
[2023-03-14T14:14:18.985+0000] {logging_mixin.py:137} INFO - [2023-03-14T14:14:18.984+0000] {dag.py:3441} INFO - Setting next_dagrun for example_trigger_controller_dag to 2021-01-01T00:00:00+00:00, run_after=2021-01-01T00:00:00+00:00
[2023-03-14T14:14:19.068+0000] {processor.py:175} INFO - Processing /home/airflow/.local/lib/python3.7/site-packages/airflow/example_dags/example_trigger_controller_dag.py took 0.234 seconds
[2023-03-14T14:14:49.403+0000] {processor.py:153} INFO - Started process (PID=5441) to work on /home/airflow/.local/lib/python3.7/site-packages/airflow/example_dags/example_trigger_controller_dag.py
[2023-03-14T14:14:49.404+0000] {processor.py:743} INFO - Processing file /home/airflow/.local/lib/python3.7/site-packages/airflow/example_dags/example_trigger_controller_dag.py for tasks to queue
[2023-03-14T14:14:49.406+0000] {logging_mixin.py:137} INFO - [2023-03-14T14:14:49.405+0000] {dagbag.py:538} INFO - Filling up the DagBag from /home/airflow/.local/lib/python3.7/site-packages/airflow/example_dags/example_trigger_controller_dag.py
[2023-03-14T14:14:49.424+0000] {processor.py:753} INFO - DAG(s) dict_keys(['example_trigger_controller_dag']) retrieved from /home/airflow/.local/lib/python3.7/site-packages/airflow/example_dags/example_trigger_controller_dag.py
[2023-03-14T14:14:49.477+0000] {logging_mixin.py:137} INFO - [2023-03-14T14:14:49.477+0000] {dag.py:2690} INFO - Sync 1 DAGs
[2023-03-14T14:14:49.517+0000] {logging_mixin.py:137} INFO - [2023-03-14T14:14:49.517+0000] {dag.py:3441} INFO - Setting next_dagrun for example_trigger_controller_dag to 2021-01-01T00:00:00+00:00, run_after=2021-01-01T00:00:00+00:00
[2023-03-14T14:14:49.560+0000] {processor.py:175} INFO - Processing /home/airflow/.local/lib/python3.7/site-packages/airflow/example_dags/example_trigger_controller_dag.py took 0.164 seconds
[2023-03-14T14:15:19.912+0000] {processor.py:153} INFO - Started process (PID=5655) to work on /home/airflow/.local/lib/python3.7/site-packages/airflow/example_dags/example_trigger_controller_dag.py
[2023-03-14T14:15:19.914+0000] {processor.py:743} INFO - Processing file /home/airflow/.local/lib/python3.7/site-packages/airflow/example_dags/example_trigger_controller_dag.py for tasks to queue
[2023-03-14T14:15:19.915+0000] {logging_mixin.py:137} INFO - [2023-03-14T14:15:19.915+0000] {dagbag.py:538} INFO - Filling up the DagBag from /home/airflow/.local/lib/python3.7/site-packages/airflow/example_dags/example_trigger_controller_dag.py
[2023-03-14T14:15:19.931+0000] {processor.py:753} INFO - DAG(s) dict_keys(['example_trigger_controller_dag']) retrieved from /home/airflow/.local/lib/python3.7/site-packages/airflow/example_dags/example_trigger_controller_dag.py
[2023-03-14T14:15:19.970+0000] {logging_mixin.py:137} INFO - [2023-03-14T14:15:19.969+0000] {dag.py:2690} INFO - Sync 1 DAGs
[2023-03-14T14:15:20.011+0000] {logging_mixin.py:137} INFO - [2023-03-14T14:15:20.010+0000] {dag.py:3441} INFO - Setting next_dagrun for example_trigger_controller_dag to 2021-01-01T00:00:00+00:00, run_after=2021-01-01T00:00:00+00:00
[2023-03-14T14:15:20.055+0000] {processor.py:175} INFO - Processing /home/airflow/.local/lib/python3.7/site-packages/airflow/example_dags/example_trigger_controller_dag.py took 0.149 seconds
