[2023-03-14T14:02:30.195+0000] {processor.py:153} INFO - Started process (PID=265) to work on /home/airflow/.local/lib/python3.7/site-packages/airflow/example_dags/example_time_delta_sensor_async.py
[2023-03-14T14:02:30.214+0000] {processor.py:743} INFO - Processing file /home/airflow/.local/lib/python3.7/site-packages/airflow/example_dags/example_time_delta_sensor_async.py for tasks to queue
[2023-03-14T14:02:30.216+0000] {logging_mixin.py:137} INFO - [2023-03-14T14:02:30.216+0000] {dagbag.py:538} INFO - Filling up the DagBag from /home/airflow/.local/lib/python3.7/site-packages/airflow/example_dags/example_time_delta_sensor_async.py
[2023-03-14T14:02:30.302+0000] {processor.py:753} INFO - DAG(s) dict_keys(['example_time_delta_sensor_async']) retrieved from /home/airflow/.local/lib/python3.7/site-packages/airflow/example_dags/example_time_delta_sensor_async.py
[2023-03-14T14:02:30.443+0000] {logging_mixin.py:137} INFO - [2023-03-14T14:02:30.443+0000] {dag.py:2690} INFO - Sync 1 DAGs
[2023-03-14T14:02:30.605+0000] {logging_mixin.py:137} INFO - [2023-03-14T14:02:30.605+0000] {dag.py:3441} INFO - Setting next_dagrun for example_time_delta_sensor_async to None, run_after=None
[2023-03-14T14:02:30.744+0000] {processor.py:175} INFO - Processing /home/airflow/.local/lib/python3.7/site-packages/airflow/example_dags/example_time_delta_sensor_async.py took 0.562 seconds
[2023-03-14T14:03:02.525+0000] {processor.py:153} INFO - Started process (PID=482) to work on /home/airflow/.local/lib/python3.7/site-packages/airflow/example_dags/example_time_delta_sensor_async.py
[2023-03-14T14:03:02.554+0000] {processor.py:743} INFO - Processing file /home/airflow/.local/lib/python3.7/site-packages/airflow/example_dags/example_time_delta_sensor_async.py for tasks to queue
[2023-03-14T14:03:02.559+0000] {logging_mixin.py:137} INFO - [2023-03-14T14:03:02.559+0000] {dagbag.py:538} INFO - Filling up the DagBag from /home/airflow/.local/lib/python3.7/site-packages/airflow/example_dags/example_time_delta_sensor_async.py
[2023-03-14T14:03:02.674+0000] {processor.py:753} INFO - DAG(s) dict_keys(['example_time_delta_sensor_async']) retrieved from /home/airflow/.local/lib/python3.7/site-packages/airflow/example_dags/example_time_delta_sensor_async.py
[2023-03-14T14:03:03.011+0000] {logging_mixin.py:137} INFO - [2023-03-14T14:03:03.011+0000] {dag.py:2690} INFO - Sync 1 DAGs
[2023-03-14T14:03:03.155+0000] {logging_mixin.py:137} INFO - [2023-03-14T14:03:03.155+0000] {dag.py:3441} INFO - Setting next_dagrun for example_time_delta_sensor_async to None, run_after=None
[2023-03-14T14:03:03.374+0000] {processor.py:175} INFO - Processing /home/airflow/.local/lib/python3.7/site-packages/airflow/example_dags/example_time_delta_sensor_async.py took 0.866 seconds
[2023-03-14T14:03:34.387+0000] {processor.py:153} INFO - Started process (PID=698) to work on /home/airflow/.local/lib/python3.7/site-packages/airflow/example_dags/example_time_delta_sensor_async.py
[2023-03-14T14:03:34.413+0000] {processor.py:743} INFO - Processing file /home/airflow/.local/lib/python3.7/site-packages/airflow/example_dags/example_time_delta_sensor_async.py for tasks to queue
[2023-03-14T14:03:34.414+0000] {logging_mixin.py:137} INFO - [2023-03-14T14:03:34.414+0000] {dagbag.py:538} INFO - Filling up the DagBag from /home/airflow/.local/lib/python3.7/site-packages/airflow/example_dags/example_time_delta_sensor_async.py
[2023-03-14T14:03:34.508+0000] {processor.py:753} INFO - DAG(s) dict_keys(['example_time_delta_sensor_async']) retrieved from /home/airflow/.local/lib/python3.7/site-packages/airflow/example_dags/example_time_delta_sensor_async.py
[2023-03-14T14:03:34.563+0000] {logging_mixin.py:137} INFO - [2023-03-14T14:03:34.563+0000] {dag.py:2690} INFO - Sync 1 DAGs
[2023-03-14T14:03:34.644+0000] {logging_mixin.py:137} INFO - [2023-03-14T14:03:34.643+0000] {dag.py:3441} INFO - Setting next_dagrun for example_time_delta_sensor_async to None, run_after=None
[2023-03-14T14:03:34.703+0000] {processor.py:175} INFO - Processing /home/airflow/.local/lib/python3.7/site-packages/airflow/example_dags/example_time_delta_sensor_async.py took 0.344 seconds
[2023-03-14T14:04:05.309+0000] {processor.py:153} INFO - Started process (PID=912) to work on /home/airflow/.local/lib/python3.7/site-packages/airflow/example_dags/example_time_delta_sensor_async.py
[2023-03-14T14:04:05.346+0000] {processor.py:743} INFO - Processing file /home/airflow/.local/lib/python3.7/site-packages/airflow/example_dags/example_time_delta_sensor_async.py for tasks to queue
[2023-03-14T14:04:05.347+0000] {logging_mixin.py:137} INFO - [2023-03-14T14:04:05.347+0000] {dagbag.py:538} INFO - Filling up the DagBag from /home/airflow/.local/lib/python3.7/site-packages/airflow/example_dags/example_time_delta_sensor_async.py
[2023-03-14T14:04:05.508+0000] {processor.py:753} INFO - DAG(s) dict_keys(['example_time_delta_sensor_async']) retrieved from /home/airflow/.local/lib/python3.7/site-packages/airflow/example_dags/example_time_delta_sensor_async.py
[2023-03-14T14:04:05.841+0000] {logging_mixin.py:137} INFO - [2023-03-14T14:04:05.840+0000] {dag.py:2690} INFO - Sync 1 DAGs
[2023-03-14T14:04:05.981+0000] {logging_mixin.py:137} INFO - [2023-03-14T14:04:05.981+0000] {dag.py:3441} INFO - Setting next_dagrun for example_time_delta_sensor_async to None, run_after=None
[2023-03-14T14:04:06.076+0000] {processor.py:175} INFO - Processing /home/airflow/.local/lib/python3.7/site-packages/airflow/example_dags/example_time_delta_sensor_async.py took 0.791 seconds
[2023-03-14T14:04:36.573+0000] {processor.py:153} INFO - Started process (PID=1126) to work on /home/airflow/.local/lib/python3.7/site-packages/airflow/example_dags/example_time_delta_sensor_async.py
[2023-03-14T14:04:36.576+0000] {processor.py:743} INFO - Processing file /home/airflow/.local/lib/python3.7/site-packages/airflow/example_dags/example_time_delta_sensor_async.py for tasks to queue
[2023-03-14T14:04:36.577+0000] {logging_mixin.py:137} INFO - [2023-03-14T14:04:36.577+0000] {dagbag.py:538} INFO - Filling up the DagBag from /home/airflow/.local/lib/python3.7/site-packages/airflow/example_dags/example_time_delta_sensor_async.py
[2023-03-14T14:04:36.675+0000] {processor.py:753} INFO - DAG(s) dict_keys(['example_time_delta_sensor_async']) retrieved from /home/airflow/.local/lib/python3.7/site-packages/airflow/example_dags/example_time_delta_sensor_async.py
[2023-03-14T14:04:36.896+0000] {logging_mixin.py:137} INFO - [2023-03-14T14:04:36.895+0000] {dag.py:2690} INFO - Sync 1 DAGs
[2023-03-14T14:04:36.968+0000] {logging_mixin.py:137} INFO - [2023-03-14T14:04:36.968+0000] {dag.py:3441} INFO - Setting next_dagrun for example_time_delta_sensor_async to None, run_after=None
[2023-03-14T14:04:37.049+0000] {processor.py:175} INFO - Processing /home/airflow/.local/lib/python3.7/site-packages/airflow/example_dags/example_time_delta_sensor_async.py took 0.483 seconds
[2023-03-14T14:05:07.785+0000] {processor.py:153} INFO - Started process (PID=1340) to work on /home/airflow/.local/lib/python3.7/site-packages/airflow/example_dags/example_time_delta_sensor_async.py
[2023-03-14T14:05:07.788+0000] {processor.py:743} INFO - Processing file /home/airflow/.local/lib/python3.7/site-packages/airflow/example_dags/example_time_delta_sensor_async.py for tasks to queue
[2023-03-14T14:05:07.805+0000] {logging_mixin.py:137} INFO - [2023-03-14T14:05:07.805+0000] {dagbag.py:538} INFO - Filling up the DagBag from /home/airflow/.local/lib/python3.7/site-packages/airflow/example_dags/example_time_delta_sensor_async.py
[2023-03-14T14:05:07.993+0000] {processor.py:753} INFO - DAG(s) dict_keys(['example_time_delta_sensor_async']) retrieved from /home/airflow/.local/lib/python3.7/site-packages/airflow/example_dags/example_time_delta_sensor_async.py
[2023-03-14T14:05:08.168+0000] {logging_mixin.py:137} INFO - [2023-03-14T14:05:08.167+0000] {dag.py:2690} INFO - Sync 1 DAGs
[2023-03-14T14:05:08.303+0000] {logging_mixin.py:137} INFO - [2023-03-14T14:05:08.303+0000] {dag.py:3441} INFO - Setting next_dagrun for example_time_delta_sensor_async to None, run_after=None
[2023-03-14T14:05:08.374+0000] {processor.py:175} INFO - Processing /home/airflow/.local/lib/python3.7/site-packages/airflow/example_dags/example_time_delta_sensor_async.py took 0.668 seconds
[2023-03-14T14:05:38.906+0000] {processor.py:153} INFO - Started process (PID=1555) to work on /home/airflow/.local/lib/python3.7/site-packages/airflow/example_dags/example_time_delta_sensor_async.py
[2023-03-14T14:05:38.914+0000] {processor.py:743} INFO - Processing file /home/airflow/.local/lib/python3.7/site-packages/airflow/example_dags/example_time_delta_sensor_async.py for tasks to queue
[2023-03-14T14:05:38.920+0000] {logging_mixin.py:137} INFO - [2023-03-14T14:05:38.920+0000] {dagbag.py:538} INFO - Filling up the DagBag from /home/airflow/.local/lib/python3.7/site-packages/airflow/example_dags/example_time_delta_sensor_async.py
[2023-03-14T14:05:38.979+0000] {processor.py:753} INFO - DAG(s) dict_keys(['example_time_delta_sensor_async']) retrieved from /home/airflow/.local/lib/python3.7/site-packages/airflow/example_dags/example_time_delta_sensor_async.py
[2023-03-14T14:05:39.034+0000] {logging_mixin.py:137} INFO - [2023-03-14T14:05:39.034+0000] {dag.py:2690} INFO - Sync 1 DAGs
[2023-03-14T14:05:39.072+0000] {logging_mixin.py:137} INFO - [2023-03-14T14:05:39.072+0000] {dag.py:3441} INFO - Setting next_dagrun for example_time_delta_sensor_async to None, run_after=None
[2023-03-14T14:05:39.102+0000] {processor.py:175} INFO - Processing /home/airflow/.local/lib/python3.7/site-packages/airflow/example_dags/example_time_delta_sensor_async.py took 0.213 seconds
[2023-03-14T14:06:10.100+0000] {processor.py:153} INFO - Started process (PID=1770) to work on /home/airflow/.local/lib/python3.7/site-packages/airflow/example_dags/example_time_delta_sensor_async.py
[2023-03-14T14:06:10.103+0000] {processor.py:743} INFO - Processing file /home/airflow/.local/lib/python3.7/site-packages/airflow/example_dags/example_time_delta_sensor_async.py for tasks to queue
[2023-03-14T14:06:10.106+0000] {logging_mixin.py:137} INFO - [2023-03-14T14:06:10.106+0000] {dagbag.py:538} INFO - Filling up the DagBag from /home/airflow/.local/lib/python3.7/site-packages/airflow/example_dags/example_time_delta_sensor_async.py
[2023-03-14T14:06:10.163+0000] {processor.py:753} INFO - DAG(s) dict_keys(['example_time_delta_sensor_async']) retrieved from /home/airflow/.local/lib/python3.7/site-packages/airflow/example_dags/example_time_delta_sensor_async.py
[2023-03-14T14:06:10.234+0000] {logging_mixin.py:137} INFO - [2023-03-14T14:06:10.233+0000] {dag.py:2690} INFO - Sync 1 DAGs
[2023-03-14T14:06:10.289+0000] {logging_mixin.py:137} INFO - [2023-03-14T14:06:10.288+0000] {dag.py:3441} INFO - Setting next_dagrun for example_time_delta_sensor_async to None, run_after=None
[2023-03-14T14:06:10.329+0000] {processor.py:175} INFO - Processing /home/airflow/.local/lib/python3.7/site-packages/airflow/example_dags/example_time_delta_sensor_async.py took 0.253 seconds
[2023-03-14T14:06:41.108+0000] {processor.py:153} INFO - Started process (PID=1996) to work on /home/airflow/.local/lib/python3.7/site-packages/airflow/example_dags/example_time_delta_sensor_async.py
[2023-03-14T14:06:41.112+0000] {processor.py:743} INFO - Processing file /home/airflow/.local/lib/python3.7/site-packages/airflow/example_dags/example_time_delta_sensor_async.py for tasks to queue
[2023-03-14T14:06:41.115+0000] {logging_mixin.py:137} INFO - [2023-03-14T14:06:41.115+0000] {dagbag.py:538} INFO - Filling up the DagBag from /home/airflow/.local/lib/python3.7/site-packages/airflow/example_dags/example_time_delta_sensor_async.py
[2023-03-14T14:06:41.149+0000] {processor.py:753} INFO - DAG(s) dict_keys(['example_time_delta_sensor_async']) retrieved from /home/airflow/.local/lib/python3.7/site-packages/airflow/example_dags/example_time_delta_sensor_async.py
[2023-03-14T14:06:41.243+0000] {logging_mixin.py:137} INFO - [2023-03-14T14:06:41.243+0000] {dag.py:2690} INFO - Sync 1 DAGs
[2023-03-14T14:06:41.328+0000] {logging_mixin.py:137} INFO - [2023-03-14T14:06:41.325+0000] {dag.py:3441} INFO - Setting next_dagrun for example_time_delta_sensor_async to None, run_after=None
[2023-03-14T14:06:41.382+0000] {processor.py:175} INFO - Processing /home/airflow/.local/lib/python3.7/site-packages/airflow/example_dags/example_time_delta_sensor_async.py took 0.285 seconds
[2023-03-14T14:07:11.529+0000] {processor.py:153} INFO - Started process (PID=2210) to work on /home/airflow/.local/lib/python3.7/site-packages/airflow/example_dags/example_time_delta_sensor_async.py
[2023-03-14T14:07:11.543+0000] {processor.py:743} INFO - Processing file /home/airflow/.local/lib/python3.7/site-packages/airflow/example_dags/example_time_delta_sensor_async.py for tasks to queue
[2023-03-14T14:07:11.544+0000] {logging_mixin.py:137} INFO - [2023-03-14T14:07:11.544+0000] {dagbag.py:538} INFO - Filling up the DagBag from /home/airflow/.local/lib/python3.7/site-packages/airflow/example_dags/example_time_delta_sensor_async.py
[2023-03-14T14:07:11.576+0000] {processor.py:753} INFO - DAG(s) dict_keys(['example_time_delta_sensor_async']) retrieved from /home/airflow/.local/lib/python3.7/site-packages/airflow/example_dags/example_time_delta_sensor_async.py
[2023-03-14T14:07:11.616+0000] {logging_mixin.py:137} INFO - [2023-03-14T14:07:11.616+0000] {dag.py:2690} INFO - Sync 1 DAGs
[2023-03-14T14:07:11.663+0000] {logging_mixin.py:137} INFO - [2023-03-14T14:07:11.663+0000] {dag.py:3441} INFO - Setting next_dagrun for example_time_delta_sensor_async to None, run_after=None
[2023-03-14T14:07:11.719+0000] {processor.py:175} INFO - Processing /home/airflow/.local/lib/python3.7/site-packages/airflow/example_dags/example_time_delta_sensor_async.py took 0.195 seconds
[2023-03-14T14:07:41.980+0000] {processor.py:153} INFO - Started process (PID=2425) to work on /home/airflow/.local/lib/python3.7/site-packages/airflow/example_dags/example_time_delta_sensor_async.py
[2023-03-14T14:07:41.986+0000] {processor.py:743} INFO - Processing file /home/airflow/.local/lib/python3.7/site-packages/airflow/example_dags/example_time_delta_sensor_async.py for tasks to queue
[2023-03-14T14:07:41.989+0000] {logging_mixin.py:137} INFO - [2023-03-14T14:07:41.989+0000] {dagbag.py:538} INFO - Filling up the DagBag from /home/airflow/.local/lib/python3.7/site-packages/airflow/example_dags/example_time_delta_sensor_async.py
[2023-03-14T14:07:42.008+0000] {processor.py:753} INFO - DAG(s) dict_keys(['example_time_delta_sensor_async']) retrieved from /home/airflow/.local/lib/python3.7/site-packages/airflow/example_dags/example_time_delta_sensor_async.py
[2023-03-14T14:07:42.047+0000] {logging_mixin.py:137} INFO - [2023-03-14T14:07:42.047+0000] {dag.py:2690} INFO - Sync 1 DAGs
[2023-03-14T14:07:42.108+0000] {logging_mixin.py:137} INFO - [2023-03-14T14:07:42.108+0000] {dag.py:3441} INFO - Setting next_dagrun for example_time_delta_sensor_async to None, run_after=None
[2023-03-14T14:07:42.194+0000] {processor.py:175} INFO - Processing /home/airflow/.local/lib/python3.7/site-packages/airflow/example_dags/example_time_delta_sensor_async.py took 0.223 seconds
[2023-03-14T14:08:12.922+0000] {processor.py:153} INFO - Started process (PID=2640) to work on /home/airflow/.local/lib/python3.7/site-packages/airflow/example_dags/example_time_delta_sensor_async.py
[2023-03-14T14:08:12.927+0000] {processor.py:743} INFO - Processing file /home/airflow/.local/lib/python3.7/site-packages/airflow/example_dags/example_time_delta_sensor_async.py for tasks to queue
[2023-03-14T14:08:12.928+0000] {logging_mixin.py:137} INFO - [2023-03-14T14:08:12.928+0000] {dagbag.py:538} INFO - Filling up the DagBag from /home/airflow/.local/lib/python3.7/site-packages/airflow/example_dags/example_time_delta_sensor_async.py
[2023-03-14T14:08:12.956+0000] {processor.py:753} INFO - DAG(s) dict_keys(['example_time_delta_sensor_async']) retrieved from /home/airflow/.local/lib/python3.7/site-packages/airflow/example_dags/example_time_delta_sensor_async.py
[2023-03-14T14:08:12.998+0000] {logging_mixin.py:137} INFO - [2023-03-14T14:08:12.998+0000] {dag.py:2690} INFO - Sync 1 DAGs
[2023-03-14T14:08:13.059+0000] {logging_mixin.py:137} INFO - [2023-03-14T14:08:13.059+0000] {dag.py:3441} INFO - Setting next_dagrun for example_time_delta_sensor_async to None, run_after=None
[2023-03-14T14:08:13.106+0000] {processor.py:175} INFO - Processing /home/airflow/.local/lib/python3.7/site-packages/airflow/example_dags/example_time_delta_sensor_async.py took 0.190 seconds
[2023-03-14T14:08:43.718+0000] {processor.py:153} INFO - Started process (PID=2866) to work on /home/airflow/.local/lib/python3.7/site-packages/airflow/example_dags/example_time_delta_sensor_async.py
[2023-03-14T14:08:43.720+0000] {processor.py:743} INFO - Processing file /home/airflow/.local/lib/python3.7/site-packages/airflow/example_dags/example_time_delta_sensor_async.py for tasks to queue
[2023-03-14T14:08:43.722+0000] {logging_mixin.py:137} INFO - [2023-03-14T14:08:43.721+0000] {dagbag.py:538} INFO - Filling up the DagBag from /home/airflow/.local/lib/python3.7/site-packages/airflow/example_dags/example_time_delta_sensor_async.py
[2023-03-14T14:08:43.744+0000] {processor.py:753} INFO - DAG(s) dict_keys(['example_time_delta_sensor_async']) retrieved from /home/airflow/.local/lib/python3.7/site-packages/airflow/example_dags/example_time_delta_sensor_async.py
[2023-03-14T14:08:43.807+0000] {logging_mixin.py:137} INFO - [2023-03-14T14:08:43.807+0000] {dag.py:2690} INFO - Sync 1 DAGs
[2023-03-14T14:08:43.896+0000] {logging_mixin.py:137} INFO - [2023-03-14T14:08:43.896+0000] {dag.py:3441} INFO - Setting next_dagrun for example_time_delta_sensor_async to None, run_after=None
[2023-03-14T14:08:43.975+0000] {processor.py:175} INFO - Processing /home/airflow/.local/lib/python3.7/site-packages/airflow/example_dags/example_time_delta_sensor_async.py took 0.263 seconds
[2023-03-14T14:09:14.741+0000] {processor.py:153} INFO - Started process (PID=3101) to work on /home/airflow/.local/lib/python3.7/site-packages/airflow/example_dags/example_time_delta_sensor_async.py
[2023-03-14T14:09:14.752+0000] {processor.py:743} INFO - Processing file /home/airflow/.local/lib/python3.7/site-packages/airflow/example_dags/example_time_delta_sensor_async.py for tasks to queue
[2023-03-14T14:09:14.753+0000] {logging_mixin.py:137} INFO - [2023-03-14T14:09:14.753+0000] {dagbag.py:538} INFO - Filling up the DagBag from /home/airflow/.local/lib/python3.7/site-packages/airflow/example_dags/example_time_delta_sensor_async.py
[2023-03-14T14:09:14.854+0000] {processor.py:753} INFO - DAG(s) dict_keys(['example_time_delta_sensor_async']) retrieved from /home/airflow/.local/lib/python3.7/site-packages/airflow/example_dags/example_time_delta_sensor_async.py
[2023-03-14T14:09:15.057+0000] {logging_mixin.py:137} INFO - [2023-03-14T14:09:15.057+0000] {dag.py:2690} INFO - Sync 1 DAGs
[2023-03-14T14:09:15.271+0000] {logging_mixin.py:137} INFO - [2023-03-14T14:09:15.270+0000] {dag.py:3441} INFO - Setting next_dagrun for example_time_delta_sensor_async to None, run_after=None
[2023-03-14T14:09:15.504+0000] {processor.py:175} INFO - Processing /home/airflow/.local/lib/python3.7/site-packages/airflow/example_dags/example_time_delta_sensor_async.py took 0.776 seconds
[2023-03-14T14:09:46.015+0000] {processor.py:153} INFO - Started process (PID=3322) to work on /home/airflow/.local/lib/python3.7/site-packages/airflow/example_dags/example_time_delta_sensor_async.py
[2023-03-14T14:09:46.016+0000] {processor.py:743} INFO - Processing file /home/airflow/.local/lib/python3.7/site-packages/airflow/example_dags/example_time_delta_sensor_async.py for tasks to queue
[2023-03-14T14:09:46.017+0000] {logging_mixin.py:137} INFO - [2023-03-14T14:09:46.017+0000] {dagbag.py:538} INFO - Filling up the DagBag from /home/airflow/.local/lib/python3.7/site-packages/airflow/example_dags/example_time_delta_sensor_async.py
[2023-03-14T14:09:46.030+0000] {processor.py:753} INFO - DAG(s) dict_keys(['example_time_delta_sensor_async']) retrieved from /home/airflow/.local/lib/python3.7/site-packages/airflow/example_dags/example_time_delta_sensor_async.py
[2023-03-14T14:09:46.094+0000] {logging_mixin.py:137} INFO - [2023-03-14T14:09:46.093+0000] {dag.py:2690} INFO - Sync 1 DAGs
[2023-03-14T14:09:46.135+0000] {logging_mixin.py:137} INFO - [2023-03-14T14:09:46.135+0000] {dag.py:3441} INFO - Setting next_dagrun for example_time_delta_sensor_async to None, run_after=None
[2023-03-14T14:09:46.165+0000] {processor.py:175} INFO - Processing /home/airflow/.local/lib/python3.7/site-packages/airflow/example_dags/example_time_delta_sensor_async.py took 0.154 seconds
[2023-03-14T14:10:16.717+0000] {processor.py:153} INFO - Started process (PID=3537) to work on /home/airflow/.local/lib/python3.7/site-packages/airflow/example_dags/example_time_delta_sensor_async.py
[2023-03-14T14:10:16.719+0000] {processor.py:743} INFO - Processing file /home/airflow/.local/lib/python3.7/site-packages/airflow/example_dags/example_time_delta_sensor_async.py for tasks to queue
[2023-03-14T14:10:16.720+0000] {logging_mixin.py:137} INFO - [2023-03-14T14:10:16.719+0000] {dagbag.py:538} INFO - Filling up the DagBag from /home/airflow/.local/lib/python3.7/site-packages/airflow/example_dags/example_time_delta_sensor_async.py
[2023-03-14T14:10:16.745+0000] {processor.py:753} INFO - DAG(s) dict_keys(['example_time_delta_sensor_async']) retrieved from /home/airflow/.local/lib/python3.7/site-packages/airflow/example_dags/example_time_delta_sensor_async.py
[2023-03-14T14:10:16.780+0000] {logging_mixin.py:137} INFO - [2023-03-14T14:10:16.780+0000] {dag.py:2690} INFO - Sync 1 DAGs
[2023-03-14T14:10:16.806+0000] {logging_mixin.py:137} INFO - [2023-03-14T14:10:16.806+0000] {dag.py:3441} INFO - Setting next_dagrun for example_time_delta_sensor_async to None, run_after=None
[2023-03-14T14:10:16.833+0000] {processor.py:175} INFO - Processing /home/airflow/.local/lib/python3.7/site-packages/airflow/example_dags/example_time_delta_sensor_async.py took 0.119 seconds
[2023-03-14T14:10:47.406+0000] {processor.py:153} INFO - Started process (PID=3762) to work on /home/airflow/.local/lib/python3.7/site-packages/airflow/example_dags/example_time_delta_sensor_async.py
[2023-03-14T14:10:47.407+0000] {processor.py:743} INFO - Processing file /home/airflow/.local/lib/python3.7/site-packages/airflow/example_dags/example_time_delta_sensor_async.py for tasks to queue
[2023-03-14T14:10:47.410+0000] {logging_mixin.py:137} INFO - [2023-03-14T14:10:47.408+0000] {dagbag.py:538} INFO - Filling up the DagBag from /home/airflow/.local/lib/python3.7/site-packages/airflow/example_dags/example_time_delta_sensor_async.py
[2023-03-14T14:10:47.429+0000] {processor.py:753} INFO - DAG(s) dict_keys(['example_time_delta_sensor_async']) retrieved from /home/airflow/.local/lib/python3.7/site-packages/airflow/example_dags/example_time_delta_sensor_async.py
[2023-03-14T14:10:47.486+0000] {logging_mixin.py:137} INFO - [2023-03-14T14:10:47.486+0000] {dag.py:2690} INFO - Sync 1 DAGs
[2023-03-14T14:10:47.525+0000] {logging_mixin.py:137} INFO - [2023-03-14T14:10:47.525+0000] {dag.py:3441} INFO - Setting next_dagrun for example_time_delta_sensor_async to None, run_after=None
[2023-03-14T14:10:47.555+0000] {processor.py:175} INFO - Processing /home/airflow/.local/lib/python3.7/site-packages/airflow/example_dags/example_time_delta_sensor_async.py took 0.153 seconds
[2023-03-14T14:11:17.868+0000] {processor.py:153} INFO - Started process (PID=3975) to work on /home/airflow/.local/lib/python3.7/site-packages/airflow/example_dags/example_time_delta_sensor_async.py
[2023-03-14T14:11:17.874+0000] {processor.py:743} INFO - Processing file /home/airflow/.local/lib/python3.7/site-packages/airflow/example_dags/example_time_delta_sensor_async.py for tasks to queue
[2023-03-14T14:11:17.875+0000] {logging_mixin.py:137} INFO - [2023-03-14T14:11:17.875+0000] {dagbag.py:538} INFO - Filling up the DagBag from /home/airflow/.local/lib/python3.7/site-packages/airflow/example_dags/example_time_delta_sensor_async.py
[2023-03-14T14:11:17.899+0000] {processor.py:753} INFO - DAG(s) dict_keys(['example_time_delta_sensor_async']) retrieved from /home/airflow/.local/lib/python3.7/site-packages/airflow/example_dags/example_time_delta_sensor_async.py
[2023-03-14T14:11:17.935+0000] {logging_mixin.py:137} INFO - [2023-03-14T14:11:17.934+0000] {dag.py:2690} INFO - Sync 1 DAGs
[2023-03-14T14:11:17.979+0000] {logging_mixin.py:137} INFO - [2023-03-14T14:11:17.978+0000] {dag.py:3441} INFO - Setting next_dagrun for example_time_delta_sensor_async to None, run_after=None
[2023-03-14T14:11:18.024+0000] {processor.py:175} INFO - Processing /home/airflow/.local/lib/python3.7/site-packages/airflow/example_dags/example_time_delta_sensor_async.py took 0.160 seconds
[2023-03-14T14:11:48.478+0000] {processor.py:153} INFO - Started process (PID=4191) to work on /home/airflow/.local/lib/python3.7/site-packages/airflow/example_dags/example_time_delta_sensor_async.py
[2023-03-14T14:11:48.479+0000] {processor.py:743} INFO - Processing file /home/airflow/.local/lib/python3.7/site-packages/airflow/example_dags/example_time_delta_sensor_async.py for tasks to queue
[2023-03-14T14:11:48.480+0000] {logging_mixin.py:137} INFO - [2023-03-14T14:11:48.480+0000] {dagbag.py:538} INFO - Filling up the DagBag from /home/airflow/.local/lib/python3.7/site-packages/airflow/example_dags/example_time_delta_sensor_async.py
[2023-03-14T14:11:48.498+0000] {processor.py:753} INFO - DAG(s) dict_keys(['example_time_delta_sensor_async']) retrieved from /home/airflow/.local/lib/python3.7/site-packages/airflow/example_dags/example_time_delta_sensor_async.py
[2023-03-14T14:11:48.523+0000] {logging_mixin.py:137} INFO - [2023-03-14T14:11:48.523+0000] {dag.py:2690} INFO - Sync 1 DAGs
[2023-03-14T14:11:48.547+0000] {logging_mixin.py:137} INFO - [2023-03-14T14:11:48.547+0000] {dag.py:3441} INFO - Setting next_dagrun for example_time_delta_sensor_async to None, run_after=None
[2023-03-14T14:11:48.574+0000] {processor.py:175} INFO - Processing /home/airflow/.local/lib/python3.7/site-packages/airflow/example_dags/example_time_delta_sensor_async.py took 0.100 seconds
[2023-03-14T14:12:19.368+0000] {processor.py:153} INFO - Started process (PID=4406) to work on /home/airflow/.local/lib/python3.7/site-packages/airflow/example_dags/example_time_delta_sensor_async.py
[2023-03-14T14:12:19.373+0000] {processor.py:743} INFO - Processing file /home/airflow/.local/lib/python3.7/site-packages/airflow/example_dags/example_time_delta_sensor_async.py for tasks to queue
[2023-03-14T14:12:19.375+0000] {logging_mixin.py:137} INFO - [2023-03-14T14:12:19.374+0000] {dagbag.py:538} INFO - Filling up the DagBag from /home/airflow/.local/lib/python3.7/site-packages/airflow/example_dags/example_time_delta_sensor_async.py
[2023-03-14T14:12:19.401+0000] {processor.py:753} INFO - DAG(s) dict_keys(['example_time_delta_sensor_async']) retrieved from /home/airflow/.local/lib/python3.7/site-packages/airflow/example_dags/example_time_delta_sensor_async.py
[2023-03-14T14:12:19.437+0000] {logging_mixin.py:137} INFO - [2023-03-14T14:12:19.437+0000] {dag.py:2690} INFO - Sync 1 DAGs
[2023-03-14T14:12:19.483+0000] {logging_mixin.py:137} INFO - [2023-03-14T14:12:19.483+0000] {dag.py:3441} INFO - Setting next_dagrun for example_time_delta_sensor_async to None, run_after=None
[2023-03-14T14:12:19.519+0000] {processor.py:175} INFO - Processing /home/airflow/.local/lib/python3.7/site-packages/airflow/example_dags/example_time_delta_sensor_async.py took 0.157 seconds
[2023-03-14T14:12:49.639+0000] {processor.py:153} INFO - Started process (PID=4621) to work on /home/airflow/.local/lib/python3.7/site-packages/airflow/example_dags/example_time_delta_sensor_async.py
[2023-03-14T14:12:49.640+0000] {processor.py:743} INFO - Processing file /home/airflow/.local/lib/python3.7/site-packages/airflow/example_dags/example_time_delta_sensor_async.py for tasks to queue
[2023-03-14T14:12:49.640+0000] {logging_mixin.py:137} INFO - [2023-03-14T14:12:49.640+0000] {dagbag.py:538} INFO - Filling up the DagBag from /home/airflow/.local/lib/python3.7/site-packages/airflow/example_dags/example_time_delta_sensor_async.py
[2023-03-14T14:12:49.654+0000] {processor.py:753} INFO - DAG(s) dict_keys(['example_time_delta_sensor_async']) retrieved from /home/airflow/.local/lib/python3.7/site-packages/airflow/example_dags/example_time_delta_sensor_async.py
[2023-03-14T14:12:49.687+0000] {logging_mixin.py:137} INFO - [2023-03-14T14:12:49.687+0000] {dag.py:2690} INFO - Sync 1 DAGs
[2023-03-14T14:12:49.712+0000] {logging_mixin.py:137} INFO - [2023-03-14T14:12:49.712+0000] {dag.py:3441} INFO - Setting next_dagrun for example_time_delta_sensor_async to None, run_after=None
[2023-03-14T14:12:49.737+0000] {processor.py:175} INFO - Processing /home/airflow/.local/lib/python3.7/site-packages/airflow/example_dags/example_time_delta_sensor_async.py took 0.102 seconds
[2023-03-14T14:13:20.468+0000] {processor.py:153} INFO - Started process (PID=4836) to work on /home/airflow/.local/lib/python3.7/site-packages/airflow/example_dags/example_time_delta_sensor_async.py
[2023-03-14T14:13:20.481+0000] {processor.py:743} INFO - Processing file /home/airflow/.local/lib/python3.7/site-packages/airflow/example_dags/example_time_delta_sensor_async.py for tasks to queue
[2023-03-14T14:13:20.482+0000] {logging_mixin.py:137} INFO - [2023-03-14T14:13:20.482+0000] {dagbag.py:538} INFO - Filling up the DagBag from /home/airflow/.local/lib/python3.7/site-packages/airflow/example_dags/example_time_delta_sensor_async.py
[2023-03-14T14:13:20.512+0000] {processor.py:753} INFO - DAG(s) dict_keys(['example_time_delta_sensor_async']) retrieved from /home/airflow/.local/lib/python3.7/site-packages/airflow/example_dags/example_time_delta_sensor_async.py
[2023-03-14T14:13:20.538+0000] {logging_mixin.py:137} INFO - [2023-03-14T14:13:20.538+0000] {dag.py:2690} INFO - Sync 1 DAGs
[2023-03-14T14:13:20.568+0000] {logging_mixin.py:137} INFO - [2023-03-14T14:13:20.568+0000] {dag.py:3441} INFO - Setting next_dagrun for example_time_delta_sensor_async to None, run_after=None
[2023-03-14T14:13:20.593+0000] {processor.py:175} INFO - Processing /home/airflow/.local/lib/python3.7/site-packages/airflow/example_dags/example_time_delta_sensor_async.py took 0.130 seconds
[2023-03-14T14:13:50.739+0000] {processor.py:153} INFO - Started process (PID=5050) to work on /home/airflow/.local/lib/python3.7/site-packages/airflow/example_dags/example_time_delta_sensor_async.py
[2023-03-14T14:13:50.741+0000] {processor.py:743} INFO - Processing file /home/airflow/.local/lib/python3.7/site-packages/airflow/example_dags/example_time_delta_sensor_async.py for tasks to queue
[2023-03-14T14:13:50.742+0000] {logging_mixin.py:137} INFO - [2023-03-14T14:13:50.742+0000] {dagbag.py:538} INFO - Filling up the DagBag from /home/airflow/.local/lib/python3.7/site-packages/airflow/example_dags/example_time_delta_sensor_async.py
[2023-03-14T14:13:50.761+0000] {processor.py:753} INFO - DAG(s) dict_keys(['example_time_delta_sensor_async']) retrieved from /home/airflow/.local/lib/python3.7/site-packages/airflow/example_dags/example_time_delta_sensor_async.py
[2023-03-14T14:13:50.853+0000] {logging_mixin.py:137} INFO - [2023-03-14T14:13:50.853+0000] {dag.py:2690} INFO - Sync 1 DAGs
[2023-03-14T14:13:50.909+0000] {logging_mixin.py:137} INFO - [2023-03-14T14:13:50.909+0000] {dag.py:3441} INFO - Setting next_dagrun for example_time_delta_sensor_async to None, run_after=None
[2023-03-14T14:13:51.005+0000] {processor.py:175} INFO - Processing /home/airflow/.local/lib/python3.7/site-packages/airflow/example_dags/example_time_delta_sensor_async.py took 0.272 seconds
[2023-03-14T14:14:21.230+0000] {processor.py:153} INFO - Started process (PID=5266) to work on /home/airflow/.local/lib/python3.7/site-packages/airflow/example_dags/example_time_delta_sensor_async.py
[2023-03-14T14:14:21.234+0000] {processor.py:743} INFO - Processing file /home/airflow/.local/lib/python3.7/site-packages/airflow/example_dags/example_time_delta_sensor_async.py for tasks to queue
[2023-03-14T14:14:21.236+0000] {logging_mixin.py:137} INFO - [2023-03-14T14:14:21.235+0000] {dagbag.py:538} INFO - Filling up the DagBag from /home/airflow/.local/lib/python3.7/site-packages/airflow/example_dags/example_time_delta_sensor_async.py
[2023-03-14T14:14:21.273+0000] {processor.py:753} INFO - DAG(s) dict_keys(['example_time_delta_sensor_async']) retrieved from /home/airflow/.local/lib/python3.7/site-packages/airflow/example_dags/example_time_delta_sensor_async.py
[2023-03-14T14:14:21.313+0000] {logging_mixin.py:137} INFO - [2023-03-14T14:14:21.313+0000] {dag.py:2690} INFO - Sync 1 DAGs
[2023-03-14T14:14:21.351+0000] {logging_mixin.py:137} INFO - [2023-03-14T14:14:21.351+0000] {dag.py:3441} INFO - Setting next_dagrun for example_time_delta_sensor_async to None, run_after=None
[2023-03-14T14:14:21.382+0000] {processor.py:175} INFO - Processing /home/airflow/.local/lib/python3.7/site-packages/airflow/example_dags/example_time_delta_sensor_async.py took 0.157 seconds
[2023-03-14T14:14:52.088+0000] {processor.py:153} INFO - Started process (PID=5481) to work on /home/airflow/.local/lib/python3.7/site-packages/airflow/example_dags/example_time_delta_sensor_async.py
[2023-03-14T14:14:52.089+0000] {processor.py:743} INFO - Processing file /home/airflow/.local/lib/python3.7/site-packages/airflow/example_dags/example_time_delta_sensor_async.py for tasks to queue
[2023-03-14T14:14:52.090+0000] {logging_mixin.py:137} INFO - [2023-03-14T14:14:52.090+0000] {dagbag.py:538} INFO - Filling up the DagBag from /home/airflow/.local/lib/python3.7/site-packages/airflow/example_dags/example_time_delta_sensor_async.py
[2023-03-14T14:14:52.103+0000] {processor.py:753} INFO - DAG(s) dict_keys(['example_time_delta_sensor_async']) retrieved from /home/airflow/.local/lib/python3.7/site-packages/airflow/example_dags/example_time_delta_sensor_async.py
[2023-03-14T14:14:52.135+0000] {logging_mixin.py:137} INFO - [2023-03-14T14:14:52.135+0000] {dag.py:2690} INFO - Sync 1 DAGs
[2023-03-14T14:14:52.165+0000] {logging_mixin.py:137} INFO - [2023-03-14T14:14:52.165+0000] {dag.py:3441} INFO - Setting next_dagrun for example_time_delta_sensor_async to None, run_after=None
[2023-03-14T14:14:52.190+0000] {processor.py:175} INFO - Processing /home/airflow/.local/lib/python3.7/site-packages/airflow/example_dags/example_time_delta_sensor_async.py took 0.106 seconds
[2023-03-14T14:15:22.544+0000] {processor.py:153} INFO - Started process (PID=5703) to work on /home/airflow/.local/lib/python3.7/site-packages/airflow/example_dags/example_time_delta_sensor_async.py
[2023-03-14T14:15:22.546+0000] {processor.py:743} INFO - Processing file /home/airflow/.local/lib/python3.7/site-packages/airflow/example_dags/example_time_delta_sensor_async.py for tasks to queue
[2023-03-14T14:15:22.547+0000] {logging_mixin.py:137} INFO - [2023-03-14T14:15:22.547+0000] {dagbag.py:538} INFO - Filling up the DagBag from /home/airflow/.local/lib/python3.7/site-packages/airflow/example_dags/example_time_delta_sensor_async.py
[2023-03-14T14:15:22.566+0000] {processor.py:753} INFO - DAG(s) dict_keys(['example_time_delta_sensor_async']) retrieved from /home/airflow/.local/lib/python3.7/site-packages/airflow/example_dags/example_time_delta_sensor_async.py
[2023-03-14T14:15:22.609+0000] {logging_mixin.py:137} INFO - [2023-03-14T14:15:22.609+0000] {dag.py:2690} INFO - Sync 1 DAGs
[2023-03-14T14:15:22.659+0000] {logging_mixin.py:137} INFO - [2023-03-14T14:15:22.659+0000] {dag.py:3441} INFO - Setting next_dagrun for example_time_delta_sensor_async to None, run_after=None
[2023-03-14T14:15:22.695+0000] {processor.py:175} INFO - Processing /home/airflow/.local/lib/python3.7/site-packages/airflow/example_dags/example_time_delta_sensor_async.py took 0.156 seconds
