[2023-03-14T14:02:28.090+0000] {processor.py:153} INFO - Started process (PID=238) to work on /home/airflow/.local/lib/python3.7/site-packages/airflow/example_dags/example_short_circuit_operator.py
[2023-03-14T14:02:28.107+0000] {processor.py:743} INFO - Processing file /home/airflow/.local/lib/python3.7/site-packages/airflow/example_dags/example_short_circuit_operator.py for tasks to queue
[2023-03-14T14:02:28.109+0000] {logging_mixin.py:137} INFO - [2023-03-14T14:02:28.109+0000] {dagbag.py:538} INFO - Filling up the DagBag from /home/airflow/.local/lib/python3.7/site-packages/airflow/example_dags/example_short_circuit_operator.py
[2023-03-14T14:02:28.217+0000] {processor.py:753} INFO - DAG(s) dict_keys(['example_short_circuit_operator']) retrieved from /home/airflow/.local/lib/python3.7/site-packages/airflow/example_dags/example_short_circuit_operator.py
[2023-03-14T14:02:28.397+0000] {logging_mixin.py:137} INFO - [2023-03-14T14:02:28.397+0000] {dag.py:2690} INFO - Sync 1 DAGs
[2023-03-14T14:02:28.559+0000] {logging_mixin.py:137} INFO - [2023-03-14T14:02:28.559+0000] {dag.py:3441} INFO - Setting next_dagrun for example_short_circuit_operator to 2023-03-13T14:02:28.559056+00:00, run_after=2023-03-14T14:02:28.559056+00:00
[2023-03-14T14:02:28.746+0000] {processor.py:175} INFO - Processing /home/airflow/.local/lib/python3.7/site-packages/airflow/example_dags/example_short_circuit_operator.py took 0.668 seconds
[2023-03-14T14:02:59.678+0000] {processor.py:153} INFO - Started process (PID=453) to work on /home/airflow/.local/lib/python3.7/site-packages/airflow/example_dags/example_short_circuit_operator.py
[2023-03-14T14:02:59.697+0000] {processor.py:743} INFO - Processing file /home/airflow/.local/lib/python3.7/site-packages/airflow/example_dags/example_short_circuit_operator.py for tasks to queue
[2023-03-14T14:02:59.698+0000] {logging_mixin.py:137} INFO - [2023-03-14T14:02:59.698+0000] {dagbag.py:538} INFO - Filling up the DagBag from /home/airflow/.local/lib/python3.7/site-packages/airflow/example_dags/example_short_circuit_operator.py
[2023-03-14T14:02:59.924+0000] {processor.py:753} INFO - DAG(s) dict_keys(['example_short_circuit_operator']) retrieved from /home/airflow/.local/lib/python3.7/site-packages/airflow/example_dags/example_short_circuit_operator.py
[2023-03-14T14:03:00.187+0000] {logging_mixin.py:137} INFO - [2023-03-14T14:03:00.186+0000] {dag.py:2690} INFO - Sync 1 DAGs
[2023-03-14T14:03:00.401+0000] {logging_mixin.py:137} INFO - [2023-03-14T14:03:00.401+0000] {dag.py:3441} INFO - Setting next_dagrun for example_short_circuit_operator to 2023-03-13T14:03:00.401327+00:00, run_after=2023-03-14T14:03:00.401327+00:00
[2023-03-14T14:03:00.605+0000] {processor.py:175} INFO - Processing /home/airflow/.local/lib/python3.7/site-packages/airflow/example_dags/example_short_circuit_operator.py took 0.942 seconds
[2023-03-14T14:03:31.662+0000] {processor.py:153} INFO - Started process (PID=663) to work on /home/airflow/.local/lib/python3.7/site-packages/airflow/example_dags/example_short_circuit_operator.py
[2023-03-14T14:03:31.663+0000] {processor.py:743} INFO - Processing file /home/airflow/.local/lib/python3.7/site-packages/airflow/example_dags/example_short_circuit_operator.py for tasks to queue
[2023-03-14T14:03:31.665+0000] {logging_mixin.py:137} INFO - [2023-03-14T14:03:31.665+0000] {dagbag.py:538} INFO - Filling up the DagBag from /home/airflow/.local/lib/python3.7/site-packages/airflow/example_dags/example_short_circuit_operator.py
[2023-03-14T14:03:31.726+0000] {processor.py:753} INFO - DAG(s) dict_keys(['example_short_circuit_operator']) retrieved from /home/airflow/.local/lib/python3.7/site-packages/airflow/example_dags/example_short_circuit_operator.py
[2023-03-14T14:03:31.821+0000] {logging_mixin.py:137} INFO - [2023-03-14T14:03:31.821+0000] {dag.py:2690} INFO - Sync 1 DAGs
[2023-03-14T14:03:31.912+0000] {logging_mixin.py:137} INFO - [2023-03-14T14:03:31.911+0000] {dag.py:3441} INFO - Setting next_dagrun for example_short_circuit_operator to 2023-03-13T14:03:31.911448+00:00, run_after=2023-03-14T14:03:31.911448+00:00
[2023-03-14T14:03:31.956+0000] {processor.py:175} INFO - Processing /home/airflow/.local/lib/python3.7/site-packages/airflow/example_dags/example_short_circuit_operator.py took 0.300 seconds
[2023-03-14T14:04:02.577+0000] {processor.py:153} INFO - Started process (PID=887) to work on /home/airflow/.local/lib/python3.7/site-packages/airflow/example_dags/example_short_circuit_operator.py
[2023-03-14T14:04:02.581+0000] {processor.py:743} INFO - Processing file /home/airflow/.local/lib/python3.7/site-packages/airflow/example_dags/example_short_circuit_operator.py for tasks to queue
[2023-03-14T14:04:02.583+0000] {logging_mixin.py:137} INFO - [2023-03-14T14:04:02.583+0000] {dagbag.py:538} INFO - Filling up the DagBag from /home/airflow/.local/lib/python3.7/site-packages/airflow/example_dags/example_short_circuit_operator.py
[2023-03-14T14:04:02.662+0000] {processor.py:753} INFO - DAG(s) dict_keys(['example_short_circuit_operator']) retrieved from /home/airflow/.local/lib/python3.7/site-packages/airflow/example_dags/example_short_circuit_operator.py
[2023-03-14T14:04:02.821+0000] {logging_mixin.py:137} INFO - [2023-03-14T14:04:02.820+0000] {dag.py:2690} INFO - Sync 1 DAGs
[2023-03-14T14:04:03.048+0000] {logging_mixin.py:137} INFO - [2023-03-14T14:04:03.047+0000] {dag.py:3441} INFO - Setting next_dagrun for example_short_circuit_operator to 2023-03-13T14:04:03.047444+00:00, run_after=2023-03-14T14:04:03.047444+00:00
[2023-03-14T14:04:03.154+0000] {processor.py:175} INFO - Processing /home/airflow/.local/lib/python3.7/site-packages/airflow/example_dags/example_short_circuit_operator.py took 0.589 seconds
[2023-03-14T14:04:34.026+0000] {processor.py:153} INFO - Started process (PID=1101) to work on /home/airflow/.local/lib/python3.7/site-packages/airflow/example_dags/example_short_circuit_operator.py
[2023-03-14T14:04:34.028+0000] {processor.py:743} INFO - Processing file /home/airflow/.local/lib/python3.7/site-packages/airflow/example_dags/example_short_circuit_operator.py for tasks to queue
[2023-03-14T14:04:34.029+0000] {logging_mixin.py:137} INFO - [2023-03-14T14:04:34.029+0000] {dagbag.py:538} INFO - Filling up the DagBag from /home/airflow/.local/lib/python3.7/site-packages/airflow/example_dags/example_short_circuit_operator.py
[2023-03-14T14:04:34.056+0000] {processor.py:753} INFO - DAG(s) dict_keys(['example_short_circuit_operator']) retrieved from /home/airflow/.local/lib/python3.7/site-packages/airflow/example_dags/example_short_circuit_operator.py
[2023-03-14T14:04:34.097+0000] {logging_mixin.py:137} INFO - [2023-03-14T14:04:34.096+0000] {dag.py:2690} INFO - Sync 1 DAGs
[2023-03-14T14:04:34.137+0000] {logging_mixin.py:137} INFO - [2023-03-14T14:04:34.137+0000] {dag.py:3441} INFO - Setting next_dagrun for example_short_circuit_operator to 2023-03-13T14:04:34.137228+00:00, run_after=2023-03-14T14:04:34.137228+00:00
[2023-03-14T14:04:34.175+0000] {processor.py:175} INFO - Processing /home/airflow/.local/lib/python3.7/site-packages/airflow/example_dags/example_short_circuit_operator.py took 0.153 seconds
[2023-03-14T14:05:05.192+0000] {processor.py:153} INFO - Started process (PID=1315) to work on /home/airflow/.local/lib/python3.7/site-packages/airflow/example_dags/example_short_circuit_operator.py
[2023-03-14T14:05:05.195+0000] {processor.py:743} INFO - Processing file /home/airflow/.local/lib/python3.7/site-packages/airflow/example_dags/example_short_circuit_operator.py for tasks to queue
[2023-03-14T14:05:05.196+0000] {logging_mixin.py:137} INFO - [2023-03-14T14:05:05.195+0000] {dagbag.py:538} INFO - Filling up the DagBag from /home/airflow/.local/lib/python3.7/site-packages/airflow/example_dags/example_short_circuit_operator.py
[2023-03-14T14:05:05.245+0000] {processor.py:753} INFO - DAG(s) dict_keys(['example_short_circuit_operator']) retrieved from /home/airflow/.local/lib/python3.7/site-packages/airflow/example_dags/example_short_circuit_operator.py
[2023-03-14T14:05:05.445+0000] {logging_mixin.py:137} INFO - [2023-03-14T14:05:05.444+0000] {dag.py:2690} INFO - Sync 1 DAGs
[2023-03-14T14:05:05.618+0000] {logging_mixin.py:137} INFO - [2023-03-14T14:05:05.617+0000] {dag.py:3441} INFO - Setting next_dagrun for example_short_circuit_operator to 2023-03-13T14:05:05.617374+00:00, run_after=2023-03-14T14:05:05.617374+00:00
[2023-03-14T14:05:05.707+0000] {processor.py:175} INFO - Processing /home/airflow/.local/lib/python3.7/site-packages/airflow/example_dags/example_short_circuit_operator.py took 0.558 seconds
[2023-03-14T14:05:36.101+0000] {processor.py:153} INFO - Started process (PID=1530) to work on /home/airflow/.local/lib/python3.7/site-packages/airflow/example_dags/example_short_circuit_operator.py
[2023-03-14T14:05:36.102+0000] {processor.py:743} INFO - Processing file /home/airflow/.local/lib/python3.7/site-packages/airflow/example_dags/example_short_circuit_operator.py for tasks to queue
[2023-03-14T14:05:36.104+0000] {logging_mixin.py:137} INFO - [2023-03-14T14:05:36.103+0000] {dagbag.py:538} INFO - Filling up the DagBag from /home/airflow/.local/lib/python3.7/site-packages/airflow/example_dags/example_short_circuit_operator.py
[2023-03-14T14:05:36.156+0000] {processor.py:753} INFO - DAG(s) dict_keys(['example_short_circuit_operator']) retrieved from /home/airflow/.local/lib/python3.7/site-packages/airflow/example_dags/example_short_circuit_operator.py
[2023-03-14T14:05:36.221+0000] {logging_mixin.py:137} INFO - [2023-03-14T14:05:36.221+0000] {dag.py:2690} INFO - Sync 1 DAGs
[2023-03-14T14:05:36.274+0000] {logging_mixin.py:137} INFO - [2023-03-14T14:05:36.273+0000] {dag.py:3441} INFO - Setting next_dagrun for example_short_circuit_operator to 2023-03-13T14:05:36.272262+00:00, run_after=2023-03-14T14:05:36.272262+00:00
[2023-03-14T14:05:36.311+0000] {processor.py:175} INFO - Processing /home/airflow/.local/lib/python3.7/site-packages/airflow/example_dags/example_short_circuit_operator.py took 0.216 seconds
[2023-03-14T14:06:06.985+0000] {processor.py:153} INFO - Started process (PID=1745) to work on /home/airflow/.local/lib/python3.7/site-packages/airflow/example_dags/example_short_circuit_operator.py
[2023-03-14T14:06:06.993+0000] {processor.py:743} INFO - Processing file /home/airflow/.local/lib/python3.7/site-packages/airflow/example_dags/example_short_circuit_operator.py for tasks to queue
[2023-03-14T14:06:06.994+0000] {logging_mixin.py:137} INFO - [2023-03-14T14:06:06.994+0000] {dagbag.py:538} INFO - Filling up the DagBag from /home/airflow/.local/lib/python3.7/site-packages/airflow/example_dags/example_short_circuit_operator.py
[2023-03-14T14:06:07.213+0000] {processor.py:753} INFO - DAG(s) dict_keys(['example_short_circuit_operator']) retrieved from /home/airflow/.local/lib/python3.7/site-packages/airflow/example_dags/example_short_circuit_operator.py
[2023-03-14T14:06:07.279+0000] {logging_mixin.py:137} INFO - [2023-03-14T14:06:07.279+0000] {dag.py:2690} INFO - Sync 1 DAGs
[2023-03-14T14:06:07.339+0000] {logging_mixin.py:137} INFO - [2023-03-14T14:06:07.339+0000] {dag.py:3441} INFO - Setting next_dagrun for example_short_circuit_operator to 2023-03-13T14:06:07.339128+00:00, run_after=2023-03-14T14:06:07.339128+00:00
[2023-03-14T14:06:07.526+0000] {processor.py:175} INFO - Processing /home/airflow/.local/lib/python3.7/site-packages/airflow/example_dags/example_short_circuit_operator.py took 0.564 seconds
[2023-03-14T14:06:38.431+0000] {processor.py:153} INFO - Started process (PID=1960) to work on /home/airflow/.local/lib/python3.7/site-packages/airflow/example_dags/example_short_circuit_operator.py
[2023-03-14T14:06:38.433+0000] {processor.py:743} INFO - Processing file /home/airflow/.local/lib/python3.7/site-packages/airflow/example_dags/example_short_circuit_operator.py for tasks to queue
[2023-03-14T14:06:38.434+0000] {logging_mixin.py:137} INFO - [2023-03-14T14:06:38.434+0000] {dagbag.py:538} INFO - Filling up the DagBag from /home/airflow/.local/lib/python3.7/site-packages/airflow/example_dags/example_short_circuit_operator.py
[2023-03-14T14:06:38.474+0000] {processor.py:753} INFO - DAG(s) dict_keys(['example_short_circuit_operator']) retrieved from /home/airflow/.local/lib/python3.7/site-packages/airflow/example_dags/example_short_circuit_operator.py
[2023-03-14T14:06:38.517+0000] {logging_mixin.py:137} INFO - [2023-03-14T14:06:38.517+0000] {dag.py:2690} INFO - Sync 1 DAGs
[2023-03-14T14:06:38.563+0000] {logging_mixin.py:137} INFO - [2023-03-14T14:06:38.563+0000] {dag.py:3441} INFO - Setting next_dagrun for example_short_circuit_operator to 2023-03-13T14:06:38.563313+00:00, run_after=2023-03-14T14:06:38.563313+00:00
[2023-03-14T14:06:38.595+0000] {processor.py:175} INFO - Processing /home/airflow/.local/lib/python3.7/site-packages/airflow/example_dags/example_short_circuit_operator.py took 0.169 seconds
[2023-03-14T14:07:08.879+0000] {processor.py:153} INFO - Started process (PID=2185) to work on /home/airflow/.local/lib/python3.7/site-packages/airflow/example_dags/example_short_circuit_operator.py
[2023-03-14T14:07:08.884+0000] {processor.py:743} INFO - Processing file /home/airflow/.local/lib/python3.7/site-packages/airflow/example_dags/example_short_circuit_operator.py for tasks to queue
[2023-03-14T14:07:08.885+0000] {logging_mixin.py:137} INFO - [2023-03-14T14:07:08.885+0000] {dagbag.py:538} INFO - Filling up the DagBag from /home/airflow/.local/lib/python3.7/site-packages/airflow/example_dags/example_short_circuit_operator.py
[2023-03-14T14:07:08.993+0000] {processor.py:753} INFO - DAG(s) dict_keys(['example_short_circuit_operator']) retrieved from /home/airflow/.local/lib/python3.7/site-packages/airflow/example_dags/example_short_circuit_operator.py
[2023-03-14T14:07:09.080+0000] {logging_mixin.py:137} INFO - [2023-03-14T14:07:09.079+0000] {dag.py:2690} INFO - Sync 1 DAGs
[2023-03-14T14:07:09.166+0000] {logging_mixin.py:137} INFO - [2023-03-14T14:07:09.165+0000] {dag.py:3441} INFO - Setting next_dagrun for example_short_circuit_operator to 2023-03-13T14:07:09.164937+00:00, run_after=2023-03-14T14:07:09.164937+00:00
[2023-03-14T14:07:09.239+0000] {processor.py:175} INFO - Processing /home/airflow/.local/lib/python3.7/site-packages/airflow/example_dags/example_short_circuit_operator.py took 0.372 seconds
[2023-03-14T14:07:39.980+0000] {processor.py:153} INFO - Started process (PID=2400) to work on /home/airflow/.local/lib/python3.7/site-packages/airflow/example_dags/example_short_circuit_operator.py
[2023-03-14T14:07:39.982+0000] {processor.py:743} INFO - Processing file /home/airflow/.local/lib/python3.7/site-packages/airflow/example_dags/example_short_circuit_operator.py for tasks to queue
[2023-03-14T14:07:39.984+0000] {logging_mixin.py:137} INFO - [2023-03-14T14:07:39.984+0000] {dagbag.py:538} INFO - Filling up the DagBag from /home/airflow/.local/lib/python3.7/site-packages/airflow/example_dags/example_short_circuit_operator.py
[2023-03-14T14:07:40.010+0000] {processor.py:753} INFO - DAG(s) dict_keys(['example_short_circuit_operator']) retrieved from /home/airflow/.local/lib/python3.7/site-packages/airflow/example_dags/example_short_circuit_operator.py
[2023-03-14T14:07:40.096+0000] {logging_mixin.py:137} INFO - [2023-03-14T14:07:40.096+0000] {dag.py:2690} INFO - Sync 1 DAGs
[2023-03-14T14:07:40.199+0000] {logging_mixin.py:137} INFO - [2023-03-14T14:07:40.199+0000] {dag.py:3441} INFO - Setting next_dagrun for example_short_circuit_operator to 2023-03-13T14:07:40.198807+00:00, run_after=2023-03-14T14:07:40.198807+00:00
[2023-03-14T14:07:40.257+0000] {processor.py:175} INFO - Processing /home/airflow/.local/lib/python3.7/site-packages/airflow/example_dags/example_short_circuit_operator.py took 0.283 seconds
[2023-03-14T14:08:10.486+0000] {processor.py:153} INFO - Started process (PID=2615) to work on /home/airflow/.local/lib/python3.7/site-packages/airflow/example_dags/example_short_circuit_operator.py
[2023-03-14T14:08:10.487+0000] {processor.py:743} INFO - Processing file /home/airflow/.local/lib/python3.7/site-packages/airflow/example_dags/example_short_circuit_operator.py for tasks to queue
[2023-03-14T14:08:10.489+0000] {logging_mixin.py:137} INFO - [2023-03-14T14:08:10.488+0000] {dagbag.py:538} INFO - Filling up the DagBag from /home/airflow/.local/lib/python3.7/site-packages/airflow/example_dags/example_short_circuit_operator.py
[2023-03-14T14:08:10.517+0000] {processor.py:753} INFO - DAG(s) dict_keys(['example_short_circuit_operator']) retrieved from /home/airflow/.local/lib/python3.7/site-packages/airflow/example_dags/example_short_circuit_operator.py
[2023-03-14T14:08:10.559+0000] {logging_mixin.py:137} INFO - [2023-03-14T14:08:10.559+0000] {dag.py:2690} INFO - Sync 1 DAGs
[2023-03-14T14:08:10.600+0000] {logging_mixin.py:137} INFO - [2023-03-14T14:08:10.600+0000] {dag.py:3441} INFO - Setting next_dagrun for example_short_circuit_operator to 2023-03-13T14:08:10.600074+00:00, run_after=2023-03-14T14:08:10.600074+00:00
[2023-03-14T14:08:10.637+0000] {processor.py:175} INFO - Processing /home/airflow/.local/lib/python3.7/site-packages/airflow/example_dags/example_short_circuit_operator.py took 0.155 seconds
[2023-03-14T14:08:41.041+0000] {processor.py:153} INFO - Started process (PID=2831) to work on /home/airflow/.local/lib/python3.7/site-packages/airflow/example_dags/example_short_circuit_operator.py
[2023-03-14T14:08:41.043+0000] {processor.py:743} INFO - Processing file /home/airflow/.local/lib/python3.7/site-packages/airflow/example_dags/example_short_circuit_operator.py for tasks to queue
[2023-03-14T14:08:41.044+0000] {logging_mixin.py:137} INFO - [2023-03-14T14:08:41.043+0000] {dagbag.py:538} INFO - Filling up the DagBag from /home/airflow/.local/lib/python3.7/site-packages/airflow/example_dags/example_short_circuit_operator.py
[2023-03-14T14:08:41.070+0000] {processor.py:753} INFO - DAG(s) dict_keys(['example_short_circuit_operator']) retrieved from /home/airflow/.local/lib/python3.7/site-packages/airflow/example_dags/example_short_circuit_operator.py
[2023-03-14T14:08:41.137+0000] {logging_mixin.py:137} INFO - [2023-03-14T14:08:41.137+0000] {dag.py:2690} INFO - Sync 1 DAGs
[2023-03-14T14:08:41.218+0000] {logging_mixin.py:137} INFO - [2023-03-14T14:08:41.218+0000] {dag.py:3441} INFO - Setting next_dagrun for example_short_circuit_operator to 2023-03-13T14:08:41.217758+00:00, run_after=2023-03-14T14:08:41.217758+00:00
[2023-03-14T14:08:41.289+0000] {processor.py:175} INFO - Processing /home/airflow/.local/lib/python3.7/site-packages/airflow/example_dags/example_short_circuit_operator.py took 0.253 seconds
[2023-03-14T14:09:11.402+0000] {processor.py:153} INFO - Started process (PID=3062) to work on /home/airflow/.local/lib/python3.7/site-packages/airflow/example_dags/example_short_circuit_operator.py
[2023-03-14T14:09:11.406+0000] {processor.py:743} INFO - Processing file /home/airflow/.local/lib/python3.7/site-packages/airflow/example_dags/example_short_circuit_operator.py for tasks to queue
[2023-03-14T14:09:11.407+0000] {logging_mixin.py:137} INFO - [2023-03-14T14:09:11.407+0000] {dagbag.py:538} INFO - Filling up the DagBag from /home/airflow/.local/lib/python3.7/site-packages/airflow/example_dags/example_short_circuit_operator.py
[2023-03-14T14:09:11.470+0000] {processor.py:753} INFO - DAG(s) dict_keys(['example_short_circuit_operator']) retrieved from /home/airflow/.local/lib/python3.7/site-packages/airflow/example_dags/example_short_circuit_operator.py
[2023-03-14T14:09:11.535+0000] {logging_mixin.py:137} INFO - [2023-03-14T14:09:11.528+0000] {dag.py:2690} INFO - Sync 1 DAGs
[2023-03-14T14:09:11.649+0000] {logging_mixin.py:137} INFO - [2023-03-14T14:09:11.649+0000] {dag.py:3441} INFO - Setting next_dagrun for example_short_circuit_operator to 2023-03-13T14:09:11.645398+00:00, run_after=2023-03-14T14:09:11.645398+00:00
[2023-03-14T14:09:11.722+0000] {processor.py:175} INFO - Processing /home/airflow/.local/lib/python3.7/site-packages/airflow/example_dags/example_short_circuit_operator.py took 0.332 seconds
[2023-03-14T14:09:42.606+0000] {processor.py:153} INFO - Started process (PID=3297) to work on /home/airflow/.local/lib/python3.7/site-packages/airflow/example_dags/example_short_circuit_operator.py
[2023-03-14T14:09:42.608+0000] {processor.py:743} INFO - Processing file /home/airflow/.local/lib/python3.7/site-packages/airflow/example_dags/example_short_circuit_operator.py for tasks to queue
[2023-03-14T14:09:42.609+0000] {logging_mixin.py:137} INFO - [2023-03-14T14:09:42.609+0000] {dagbag.py:538} INFO - Filling up the DagBag from /home/airflow/.local/lib/python3.7/site-packages/airflow/example_dags/example_short_circuit_operator.py
[2023-03-14T14:09:42.636+0000] {processor.py:753} INFO - DAG(s) dict_keys(['example_short_circuit_operator']) retrieved from /home/airflow/.local/lib/python3.7/site-packages/airflow/example_dags/example_short_circuit_operator.py
[2023-03-14T14:09:42.680+0000] {logging_mixin.py:137} INFO - [2023-03-14T14:09:42.680+0000] {dag.py:2690} INFO - Sync 1 DAGs
[2023-03-14T14:09:42.724+0000] {logging_mixin.py:137} INFO - [2023-03-14T14:09:42.724+0000] {dag.py:3441} INFO - Setting next_dagrun for example_short_circuit_operator to 2023-03-13T14:09:42.723956+00:00, run_after=2023-03-14T14:09:42.723956+00:00
[2023-03-14T14:09:42.762+0000] {processor.py:175} INFO - Processing /home/airflow/.local/lib/python3.7/site-packages/airflow/example_dags/example_short_circuit_operator.py took 0.161 seconds
[2023-03-14T14:10:13.248+0000] {processor.py:153} INFO - Started process (PID=3510) to work on /home/airflow/.local/lib/python3.7/site-packages/airflow/example_dags/example_short_circuit_operator.py
[2023-03-14T14:10:13.251+0000] {processor.py:743} INFO - Processing file /home/airflow/.local/lib/python3.7/site-packages/airflow/example_dags/example_short_circuit_operator.py for tasks to queue
[2023-03-14T14:10:13.253+0000] {logging_mixin.py:137} INFO - [2023-03-14T14:10:13.253+0000] {dagbag.py:538} INFO - Filling up the DagBag from /home/airflow/.local/lib/python3.7/site-packages/airflow/example_dags/example_short_circuit_operator.py
[2023-03-14T14:10:13.298+0000] {processor.py:753} INFO - DAG(s) dict_keys(['example_short_circuit_operator']) retrieved from /home/airflow/.local/lib/python3.7/site-packages/airflow/example_dags/example_short_circuit_operator.py
[2023-03-14T14:10:13.342+0000] {logging_mixin.py:137} INFO - [2023-03-14T14:10:13.342+0000] {dag.py:2690} INFO - Sync 1 DAGs
[2023-03-14T14:10:13.384+0000] {logging_mixin.py:137} INFO - [2023-03-14T14:10:13.384+0000] {dag.py:3441} INFO - Setting next_dagrun for example_short_circuit_operator to 2023-03-13T14:10:13.384119+00:00, run_after=2023-03-14T14:10:13.384119+00:00
[2023-03-14T14:10:13.418+0000] {processor.py:175} INFO - Processing /home/airflow/.local/lib/python3.7/site-packages/airflow/example_dags/example_short_circuit_operator.py took 0.176 seconds
[2023-03-14T14:10:43.686+0000] {processor.py:153} INFO - Started process (PID=3724) to work on /home/airflow/.local/lib/python3.7/site-packages/airflow/example_dags/example_short_circuit_operator.py
[2023-03-14T14:10:43.687+0000] {processor.py:743} INFO - Processing file /home/airflow/.local/lib/python3.7/site-packages/airflow/example_dags/example_short_circuit_operator.py for tasks to queue
[2023-03-14T14:10:43.688+0000] {logging_mixin.py:137} INFO - [2023-03-14T14:10:43.688+0000] {dagbag.py:538} INFO - Filling up the DagBag from /home/airflow/.local/lib/python3.7/site-packages/airflow/example_dags/example_short_circuit_operator.py
[2023-03-14T14:10:43.714+0000] {processor.py:753} INFO - DAG(s) dict_keys(['example_short_circuit_operator']) retrieved from /home/airflow/.local/lib/python3.7/site-packages/airflow/example_dags/example_short_circuit_operator.py
[2023-03-14T14:10:43.760+0000] {logging_mixin.py:137} INFO - [2023-03-14T14:10:43.760+0000] {dag.py:2690} INFO - Sync 1 DAGs
[2023-03-14T14:10:43.817+0000] {logging_mixin.py:137} INFO - [2023-03-14T14:10:43.817+0000] {dag.py:3441} INFO - Setting next_dagrun for example_short_circuit_operator to 2023-03-13T14:10:43.817305+00:00, run_after=2023-03-14T14:10:43.817305+00:00
[2023-03-14T14:10:43.853+0000] {processor.py:175} INFO - Processing /home/airflow/.local/lib/python3.7/site-packages/airflow/example_dags/example_short_circuit_operator.py took 0.173 seconds
[2023-03-14T14:11:14.980+0000] {processor.py:153} INFO - Started process (PID=3940) to work on /home/airflow/.local/lib/python3.7/site-packages/airflow/example_dags/example_short_circuit_operator.py
[2023-03-14T14:11:14.985+0000] {processor.py:743} INFO - Processing file /home/airflow/.local/lib/python3.7/site-packages/airflow/example_dags/example_short_circuit_operator.py for tasks to queue
[2023-03-14T14:11:14.987+0000] {logging_mixin.py:137} INFO - [2023-03-14T14:11:14.987+0000] {dagbag.py:538} INFO - Filling up the DagBag from /home/airflow/.local/lib/python3.7/site-packages/airflow/example_dags/example_short_circuit_operator.py
[2023-03-14T14:11:15.043+0000] {processor.py:753} INFO - DAG(s) dict_keys(['example_short_circuit_operator']) retrieved from /home/airflow/.local/lib/python3.7/site-packages/airflow/example_dags/example_short_circuit_operator.py
[2023-03-14T14:11:15.116+0000] {logging_mixin.py:137} INFO - [2023-03-14T14:11:15.116+0000] {dag.py:2690} INFO - Sync 1 DAGs
[2023-03-14T14:11:15.201+0000] {logging_mixin.py:137} INFO - [2023-03-14T14:11:15.200+0000] {dag.py:3441} INFO - Setting next_dagrun for example_short_circuit_operator to 2023-03-13T14:11:15.200417+00:00, run_after=2023-03-14T14:11:15.200417+00:00
[2023-03-14T14:11:15.254+0000] {processor.py:175} INFO - Processing /home/airflow/.local/lib/python3.7/site-packages/airflow/example_dags/example_short_circuit_operator.py took 0.305 seconds
[2023-03-14T14:11:45.479+0000] {processor.py:153} INFO - Started process (PID=4163) to work on /home/airflow/.local/lib/python3.7/site-packages/airflow/example_dags/example_short_circuit_operator.py
[2023-03-14T14:11:45.488+0000] {processor.py:743} INFO - Processing file /home/airflow/.local/lib/python3.7/site-packages/airflow/example_dags/example_short_circuit_operator.py for tasks to queue
[2023-03-14T14:11:45.491+0000] {logging_mixin.py:137} INFO - [2023-03-14T14:11:45.491+0000] {dagbag.py:538} INFO - Filling up the DagBag from /home/airflow/.local/lib/python3.7/site-packages/airflow/example_dags/example_short_circuit_operator.py
[2023-03-14T14:11:45.535+0000] {processor.py:753} INFO - DAG(s) dict_keys(['example_short_circuit_operator']) retrieved from /home/airflow/.local/lib/python3.7/site-packages/airflow/example_dags/example_short_circuit_operator.py
[2023-03-14T14:11:45.576+0000] {logging_mixin.py:137} INFO - [2023-03-14T14:11:45.576+0000] {dag.py:2690} INFO - Sync 1 DAGs
[2023-03-14T14:11:45.634+0000] {logging_mixin.py:137} INFO - [2023-03-14T14:11:45.634+0000] {dag.py:3441} INFO - Setting next_dagrun for example_short_circuit_operator to 2023-03-13T14:11:45.634186+00:00, run_after=2023-03-14T14:11:45.634186+00:00
[2023-03-14T14:11:45.675+0000] {processor.py:175} INFO - Processing /home/airflow/.local/lib/python3.7/site-packages/airflow/example_dags/example_short_circuit_operator.py took 0.210 seconds
[2023-03-14T14:12:16.556+0000] {processor.py:153} INFO - Started process (PID=4378) to work on /home/airflow/.local/lib/python3.7/site-packages/airflow/example_dags/example_short_circuit_operator.py
[2023-03-14T14:12:16.563+0000] {processor.py:743} INFO - Processing file /home/airflow/.local/lib/python3.7/site-packages/airflow/example_dags/example_short_circuit_operator.py for tasks to queue
[2023-03-14T14:12:16.569+0000] {logging_mixin.py:137} INFO - [2023-03-14T14:12:16.569+0000] {dagbag.py:538} INFO - Filling up the DagBag from /home/airflow/.local/lib/python3.7/site-packages/airflow/example_dags/example_short_circuit_operator.py
[2023-03-14T14:12:16.618+0000] {processor.py:753} INFO - DAG(s) dict_keys(['example_short_circuit_operator']) retrieved from /home/airflow/.local/lib/python3.7/site-packages/airflow/example_dags/example_short_circuit_operator.py
[2023-03-14T14:12:16.686+0000] {logging_mixin.py:137} INFO - [2023-03-14T14:12:16.685+0000] {dag.py:2690} INFO - Sync 1 DAGs
[2023-03-14T14:12:16.761+0000] {logging_mixin.py:137} INFO - [2023-03-14T14:12:16.761+0000] {dag.py:3441} INFO - Setting next_dagrun for example_short_circuit_operator to 2023-03-13T14:12:16.760749+00:00, run_after=2023-03-14T14:12:16.760749+00:00
[2023-03-14T14:12:16.810+0000] {processor.py:175} INFO - Processing /home/airflow/.local/lib/python3.7/site-packages/airflow/example_dags/example_short_circuit_operator.py took 0.259 seconds
[2023-03-14T14:12:47.069+0000] {processor.py:153} INFO - Started process (PID=4594) to work on /home/airflow/.local/lib/python3.7/site-packages/airflow/example_dags/example_short_circuit_operator.py
[2023-03-14T14:12:47.070+0000] {processor.py:743} INFO - Processing file /home/airflow/.local/lib/python3.7/site-packages/airflow/example_dags/example_short_circuit_operator.py for tasks to queue
[2023-03-14T14:12:47.071+0000] {logging_mixin.py:137} INFO - [2023-03-14T14:12:47.071+0000] {dagbag.py:538} INFO - Filling up the DagBag from /home/airflow/.local/lib/python3.7/site-packages/airflow/example_dags/example_short_circuit_operator.py
[2023-03-14T14:12:47.111+0000] {processor.py:753} INFO - DAG(s) dict_keys(['example_short_circuit_operator']) retrieved from /home/airflow/.local/lib/python3.7/site-packages/airflow/example_dags/example_short_circuit_operator.py
[2023-03-14T14:12:47.151+0000] {logging_mixin.py:137} INFO - [2023-03-14T14:12:47.151+0000] {dag.py:2690} INFO - Sync 1 DAGs
[2023-03-14T14:12:47.198+0000] {logging_mixin.py:137} INFO - [2023-03-14T14:12:47.198+0000] {dag.py:3441} INFO - Setting next_dagrun for example_short_circuit_operator to 2023-03-13T14:12:47.198016+00:00, run_after=2023-03-14T14:12:47.198016+00:00
[2023-03-14T14:12:47.246+0000] {processor.py:175} INFO - Processing /home/airflow/.local/lib/python3.7/site-packages/airflow/example_dags/example_short_circuit_operator.py took 0.185 seconds
[2023-03-14T14:13:17.426+0000] {processor.py:153} INFO - Started process (PID=4808) to work on /home/airflow/.local/lib/python3.7/site-packages/airflow/example_dags/example_short_circuit_operator.py
[2023-03-14T14:13:17.433+0000] {processor.py:743} INFO - Processing file /home/airflow/.local/lib/python3.7/site-packages/airflow/example_dags/example_short_circuit_operator.py for tasks to queue
[2023-03-14T14:13:17.435+0000] {logging_mixin.py:137} INFO - [2023-03-14T14:13:17.434+0000] {dagbag.py:538} INFO - Filling up the DagBag from /home/airflow/.local/lib/python3.7/site-packages/airflow/example_dags/example_short_circuit_operator.py
[2023-03-14T14:13:17.485+0000] {processor.py:753} INFO - DAG(s) dict_keys(['example_short_circuit_operator']) retrieved from /home/airflow/.local/lib/python3.7/site-packages/airflow/example_dags/example_short_circuit_operator.py
[2023-03-14T14:13:17.560+0000] {logging_mixin.py:137} INFO - [2023-03-14T14:13:17.560+0000] {dag.py:2690} INFO - Sync 1 DAGs
[2023-03-14T14:13:17.637+0000] {logging_mixin.py:137} INFO - [2023-03-14T14:13:17.637+0000] {dag.py:3441} INFO - Setting next_dagrun for example_short_circuit_operator to 2023-03-13T14:13:17.636801+00:00, run_after=2023-03-14T14:13:17.636801+00:00
[2023-03-14T14:13:17.685+0000] {processor.py:175} INFO - Processing /home/airflow/.local/lib/python3.7/site-packages/airflow/example_dags/example_short_circuit_operator.py took 0.265 seconds
[2023-03-14T14:13:47.961+0000] {processor.py:153} INFO - Started process (PID=5023) to work on /home/airflow/.local/lib/python3.7/site-packages/airflow/example_dags/example_short_circuit_operator.py
[2023-03-14T14:13:47.962+0000] {processor.py:743} INFO - Processing file /home/airflow/.local/lib/python3.7/site-packages/airflow/example_dags/example_short_circuit_operator.py for tasks to queue
[2023-03-14T14:13:47.964+0000] {logging_mixin.py:137} INFO - [2023-03-14T14:13:47.964+0000] {dagbag.py:538} INFO - Filling up the DagBag from /home/airflow/.local/lib/python3.7/site-packages/airflow/example_dags/example_short_circuit_operator.py
[2023-03-14T14:13:47.988+0000] {processor.py:753} INFO - DAG(s) dict_keys(['example_short_circuit_operator']) retrieved from /home/airflow/.local/lib/python3.7/site-packages/airflow/example_dags/example_short_circuit_operator.py
[2023-03-14T14:13:48.028+0000] {logging_mixin.py:137} INFO - [2023-03-14T14:13:48.027+0000] {dag.py:2690} INFO - Sync 1 DAGs
[2023-03-14T14:13:48.066+0000] {logging_mixin.py:137} INFO - [2023-03-14T14:13:48.066+0000] {dag.py:3441} INFO - Setting next_dagrun for example_short_circuit_operator to 2023-03-13T14:13:48.065763+00:00, run_after=2023-03-14T14:13:48.065763+00:00
[2023-03-14T14:13:48.100+0000] {processor.py:175} INFO - Processing /home/airflow/.local/lib/python3.7/site-packages/airflow/example_dags/example_short_circuit_operator.py took 0.146 seconds
[2023-03-14T14:14:19.224+0000] {processor.py:153} INFO - Started process (PID=5239) to work on /home/airflow/.local/lib/python3.7/site-packages/airflow/example_dags/example_short_circuit_operator.py
[2023-03-14T14:14:19.228+0000] {processor.py:743} INFO - Processing file /home/airflow/.local/lib/python3.7/site-packages/airflow/example_dags/example_short_circuit_operator.py for tasks to queue
[2023-03-14T14:14:19.232+0000] {logging_mixin.py:137} INFO - [2023-03-14T14:14:19.231+0000] {dagbag.py:538} INFO - Filling up the DagBag from /home/airflow/.local/lib/python3.7/site-packages/airflow/example_dags/example_short_circuit_operator.py
[2023-03-14T14:14:19.294+0000] {processor.py:753} INFO - DAG(s) dict_keys(['example_short_circuit_operator']) retrieved from /home/airflow/.local/lib/python3.7/site-packages/airflow/example_dags/example_short_circuit_operator.py
[2023-03-14T14:14:19.365+0000] {logging_mixin.py:137} INFO - [2023-03-14T14:14:19.364+0000] {dag.py:2690} INFO - Sync 1 DAGs
[2023-03-14T14:14:19.448+0000] {logging_mixin.py:137} INFO - [2023-03-14T14:14:19.448+0000] {dag.py:3441} INFO - Setting next_dagrun for example_short_circuit_operator to 2023-03-13T14:14:19.448266+00:00, run_after=2023-03-14T14:14:19.448266+00:00
[2023-03-14T14:14:19.508+0000] {processor.py:175} INFO - Processing /home/airflow/.local/lib/python3.7/site-packages/airflow/example_dags/example_short_circuit_operator.py took 0.297 seconds
[2023-03-14T14:14:49.634+0000] {processor.py:153} INFO - Started process (PID=5454) to work on /home/airflow/.local/lib/python3.7/site-packages/airflow/example_dags/example_short_circuit_operator.py
[2023-03-14T14:14:49.635+0000] {processor.py:743} INFO - Processing file /home/airflow/.local/lib/python3.7/site-packages/airflow/example_dags/example_short_circuit_operator.py for tasks to queue
[2023-03-14T14:14:49.636+0000] {logging_mixin.py:137} INFO - [2023-03-14T14:14:49.636+0000] {dagbag.py:538} INFO - Filling up the DagBag from /home/airflow/.local/lib/python3.7/site-packages/airflow/example_dags/example_short_circuit_operator.py
[2023-03-14T14:14:49.663+0000] {processor.py:753} INFO - DAG(s) dict_keys(['example_short_circuit_operator']) retrieved from /home/airflow/.local/lib/python3.7/site-packages/airflow/example_dags/example_short_circuit_operator.py
[2023-03-14T14:14:49.703+0000] {logging_mixin.py:137} INFO - [2023-03-14T14:14:49.703+0000] {dag.py:2690} INFO - Sync 1 DAGs
[2023-03-14T14:14:49.742+0000] {logging_mixin.py:137} INFO - [2023-03-14T14:14:49.742+0000] {dag.py:3441} INFO - Setting next_dagrun for example_short_circuit_operator to 2023-03-13T14:14:49.742339+00:00, run_after=2023-03-14T14:14:49.742339+00:00
[2023-03-14T14:14:49.777+0000] {processor.py:175} INFO - Processing /home/airflow/.local/lib/python3.7/site-packages/airflow/example_dags/example_short_circuit_operator.py took 0.149 seconds
[2023-03-14T14:15:20.153+0000] {processor.py:153} INFO - Started process (PID=5668) to work on /home/airflow/.local/lib/python3.7/site-packages/airflow/example_dags/example_short_circuit_operator.py
[2023-03-14T14:15:20.154+0000] {processor.py:743} INFO - Processing file /home/airflow/.local/lib/python3.7/site-packages/airflow/example_dags/example_short_circuit_operator.py for tasks to queue
[2023-03-14T14:15:20.155+0000] {logging_mixin.py:137} INFO - [2023-03-14T14:15:20.155+0000] {dagbag.py:538} INFO - Filling up the DagBag from /home/airflow/.local/lib/python3.7/site-packages/airflow/example_dags/example_short_circuit_operator.py
[2023-03-14T14:15:20.181+0000] {processor.py:753} INFO - DAG(s) dict_keys(['example_short_circuit_operator']) retrieved from /home/airflow/.local/lib/python3.7/site-packages/airflow/example_dags/example_short_circuit_operator.py
[2023-03-14T14:15:20.218+0000] {logging_mixin.py:137} INFO - [2023-03-14T14:15:20.218+0000] {dag.py:2690} INFO - Sync 1 DAGs
[2023-03-14T14:15:20.256+0000] {logging_mixin.py:137} INFO - [2023-03-14T14:15:20.256+0000] {dag.py:3441} INFO - Setting next_dagrun for example_short_circuit_operator to 2023-03-13T14:15:20.256030+00:00, run_after=2023-03-14T14:15:20.256030+00:00
[2023-03-14T14:15:20.288+0000] {processor.py:175} INFO - Processing /home/airflow/.local/lib/python3.7/site-packages/airflow/example_dags/example_short_circuit_operator.py took 0.141 seconds
