[2023-03-14T14:02:38.183+0000] {processor.py:153} INFO - Started process (PID=371) to work on /home/airflow/.local/lib/python3.7/site-packages/airflow/example_dags/example_skip_dag.py
[2023-03-14T14:02:38.193+0000] {processor.py:743} INFO - Processing file /home/airflow/.local/lib/python3.7/site-packages/airflow/example_dags/example_skip_dag.py for tasks to queue
[2023-03-14T14:02:38.194+0000] {logging_mixin.py:137} INFO - [2023-03-14T14:02:38.193+0000] {dagbag.py:538} INFO - Filling up the DagBag from /home/airflow/.local/lib/python3.7/site-packages/airflow/example_dags/example_skip_dag.py
[2023-03-14T14:02:38.261+0000] {processor.py:753} INFO - DAG(s) dict_keys(['example_skip_dag']) retrieved from /home/airflow/.local/lib/python3.7/site-packages/airflow/example_dags/example_skip_dag.py
[2023-03-14T14:02:38.406+0000] {logging_mixin.py:137} INFO - [2023-03-14T14:02:38.390+0000] {dag.py:2690} INFO - Sync 1 DAGs
[2023-03-14T14:02:38.569+0000] {logging_mixin.py:137} INFO - [2023-03-14T14:02:38.569+0000] {dag.py:3441} INFO - Setting next_dagrun for example_skip_dag to 2023-03-13T14:02:38.569343+00:00, run_after=2023-03-14T14:02:38.569343+00:00
[2023-03-14T14:02:38.667+0000] {processor.py:175} INFO - Processing /home/airflow/.local/lib/python3.7/site-packages/airflow/example_dags/example_skip_dag.py took 0.490 seconds
[2023-03-14T14:03:09.696+0000] {processor.py:153} INFO - Started process (PID=591) to work on /home/airflow/.local/lib/python3.7/site-packages/airflow/example_dags/example_skip_dag.py
[2023-03-14T14:03:09.697+0000] {processor.py:743} INFO - Processing file /home/airflow/.local/lib/python3.7/site-packages/airflow/example_dags/example_skip_dag.py for tasks to queue
[2023-03-14T14:03:09.699+0000] {logging_mixin.py:137} INFO - [2023-03-14T14:03:09.698+0000] {dagbag.py:538} INFO - Filling up the DagBag from /home/airflow/.local/lib/python3.7/site-packages/airflow/example_dags/example_skip_dag.py
[2023-03-14T14:03:09.734+0000] {processor.py:753} INFO - DAG(s) dict_keys(['example_skip_dag']) retrieved from /home/airflow/.local/lib/python3.7/site-packages/airflow/example_dags/example_skip_dag.py
[2023-03-14T14:03:09.801+0000] {logging_mixin.py:137} INFO - [2023-03-14T14:03:09.801+0000] {dag.py:2690} INFO - Sync 1 DAGs
[2023-03-14T14:03:09.853+0000] {logging_mixin.py:137} INFO - [2023-03-14T14:03:09.853+0000] {dag.py:3441} INFO - Setting next_dagrun for example_skip_dag to 2023-03-13T14:03:09.852630+00:00, run_after=2023-03-14T14:03:09.852630+00:00
[2023-03-14T14:03:09.883+0000] {processor.py:175} INFO - Processing /home/airflow/.local/lib/python3.7/site-packages/airflow/example_dags/example_skip_dag.py took 0.193 seconds
[2023-03-14T14:03:40.668+0000] {processor.py:153} INFO - Started process (PID=801) to work on /home/airflow/.local/lib/python3.7/site-packages/airflow/example_dags/example_skip_dag.py
[2023-03-14T14:03:40.679+0000] {processor.py:743} INFO - Processing file /home/airflow/.local/lib/python3.7/site-packages/airflow/example_dags/example_skip_dag.py for tasks to queue
[2023-03-14T14:03:40.680+0000] {logging_mixin.py:137} INFO - [2023-03-14T14:03:40.680+0000] {dagbag.py:538} INFO - Filling up the DagBag from /home/airflow/.local/lib/python3.7/site-packages/airflow/example_dags/example_skip_dag.py
[2023-03-14T14:03:40.707+0000] {processor.py:753} INFO - DAG(s) dict_keys(['example_skip_dag']) retrieved from /home/airflow/.local/lib/python3.7/site-packages/airflow/example_dags/example_skip_dag.py
[2023-03-14T14:03:40.751+0000] {logging_mixin.py:137} INFO - [2023-03-14T14:03:40.751+0000] {dag.py:2690} INFO - Sync 1 DAGs
[2023-03-14T14:03:40.793+0000] {logging_mixin.py:137} INFO - [2023-03-14T14:03:40.793+0000] {dag.py:3441} INFO - Setting next_dagrun for example_skip_dag to 2023-03-13T14:03:40.792938+00:00, run_after=2023-03-14T14:03:40.792938+00:00
[2023-03-14T14:03:40.820+0000] {processor.py:175} INFO - Processing /home/airflow/.local/lib/python3.7/site-packages/airflow/example_dags/example_skip_dag.py took 0.157 seconds
[2023-03-14T14:04:12.190+0000] {processor.py:153} INFO - Started process (PID=1015) to work on /home/airflow/.local/lib/python3.7/site-packages/airflow/example_dags/example_skip_dag.py
[2023-03-14T14:04:12.195+0000] {processor.py:743} INFO - Processing file /home/airflow/.local/lib/python3.7/site-packages/airflow/example_dags/example_skip_dag.py for tasks to queue
[2023-03-14T14:04:12.202+0000] {logging_mixin.py:137} INFO - [2023-03-14T14:04:12.202+0000] {dagbag.py:538} INFO - Filling up the DagBag from /home/airflow/.local/lib/python3.7/site-packages/airflow/example_dags/example_skip_dag.py
[2023-03-14T14:04:12.260+0000] {processor.py:753} INFO - DAG(s) dict_keys(['example_skip_dag']) retrieved from /home/airflow/.local/lib/python3.7/site-packages/airflow/example_dags/example_skip_dag.py
[2023-03-14T14:04:12.340+0000] {logging_mixin.py:137} INFO - [2023-03-14T14:04:12.340+0000] {dag.py:2690} INFO - Sync 1 DAGs
[2023-03-14T14:04:12.401+0000] {logging_mixin.py:137} INFO - [2023-03-14T14:04:12.401+0000] {dag.py:3441} INFO - Setting next_dagrun for example_skip_dag to 2023-03-13T14:04:12.401013+00:00, run_after=2023-03-14T14:04:12.401013+00:00
[2023-03-14T14:04:12.431+0000] {processor.py:175} INFO - Processing /home/airflow/.local/lib/python3.7/site-packages/airflow/example_dags/example_skip_dag.py took 0.262 seconds
[2023-03-14T14:04:42.712+0000] {processor.py:153} INFO - Started process (PID=1241) to work on /home/airflow/.local/lib/python3.7/site-packages/airflow/example_dags/example_skip_dag.py
[2023-03-14T14:04:42.713+0000] {processor.py:743} INFO - Processing file /home/airflow/.local/lib/python3.7/site-packages/airflow/example_dags/example_skip_dag.py for tasks to queue
[2023-03-14T14:04:42.713+0000] {logging_mixin.py:137} INFO - [2023-03-14T14:04:42.713+0000] {dagbag.py:538} INFO - Filling up the DagBag from /home/airflow/.local/lib/python3.7/site-packages/airflow/example_dags/example_skip_dag.py
[2023-03-14T14:04:42.728+0000] {processor.py:753} INFO - DAG(s) dict_keys(['example_skip_dag']) retrieved from /home/airflow/.local/lib/python3.7/site-packages/airflow/example_dags/example_skip_dag.py
[2023-03-14T14:04:42.754+0000] {logging_mixin.py:137} INFO - [2023-03-14T14:04:42.754+0000] {dag.py:2690} INFO - Sync 1 DAGs
[2023-03-14T14:04:42.781+0000] {logging_mixin.py:137} INFO - [2023-03-14T14:04:42.780+0000] {dag.py:3441} INFO - Setting next_dagrun for example_skip_dag to 2023-03-13T14:04:42.780599+00:00, run_after=2023-03-14T14:04:42.780599+00:00
[2023-03-14T14:04:42.804+0000] {processor.py:175} INFO - Processing /home/airflow/.local/lib/python3.7/site-packages/airflow/example_dags/example_skip_dag.py took 0.096 seconds
[2023-03-14T14:05:13.526+0000] {processor.py:153} INFO - Started process (PID=1443) to work on /home/airflow/.local/lib/python3.7/site-packages/airflow/example_dags/example_skip_dag.py
[2023-03-14T14:05:13.531+0000] {processor.py:743} INFO - Processing file /home/airflow/.local/lib/python3.7/site-packages/airflow/example_dags/example_skip_dag.py for tasks to queue
[2023-03-14T14:05:13.533+0000] {logging_mixin.py:137} INFO - [2023-03-14T14:05:13.533+0000] {dagbag.py:538} INFO - Filling up the DagBag from /home/airflow/.local/lib/python3.7/site-packages/airflow/example_dags/example_skip_dag.py
[2023-03-14T14:05:13.571+0000] {processor.py:753} INFO - DAG(s) dict_keys(['example_skip_dag']) retrieved from /home/airflow/.local/lib/python3.7/site-packages/airflow/example_dags/example_skip_dag.py
[2023-03-14T14:05:13.614+0000] {logging_mixin.py:137} INFO - [2023-03-14T14:05:13.614+0000] {dag.py:2690} INFO - Sync 1 DAGs
[2023-03-14T14:05:13.655+0000] {logging_mixin.py:137} INFO - [2023-03-14T14:05:13.655+0000] {dag.py:3441} INFO - Setting next_dagrun for example_skip_dag to 2023-03-13T14:05:13.654748+00:00, run_after=2023-03-14T14:05:13.654748+00:00
[2023-03-14T14:05:13.696+0000] {processor.py:175} INFO - Processing /home/airflow/.local/lib/python3.7/site-packages/airflow/example_dags/example_skip_dag.py took 0.174 seconds
[2023-03-14T14:05:44.091+0000] {processor.py:153} INFO - Started process (PID=1668) to work on /home/airflow/.local/lib/python3.7/site-packages/airflow/example_dags/example_skip_dag.py
[2023-03-14T14:05:44.093+0000] {processor.py:743} INFO - Processing file /home/airflow/.local/lib/python3.7/site-packages/airflow/example_dags/example_skip_dag.py for tasks to queue
[2023-03-14T14:05:44.098+0000] {logging_mixin.py:137} INFO - [2023-03-14T14:05:44.097+0000] {dagbag.py:538} INFO - Filling up the DagBag from /home/airflow/.local/lib/python3.7/site-packages/airflow/example_dags/example_skip_dag.py
[2023-03-14T14:05:44.127+0000] {processor.py:753} INFO - DAG(s) dict_keys(['example_skip_dag']) retrieved from /home/airflow/.local/lib/python3.7/site-packages/airflow/example_dags/example_skip_dag.py
[2023-03-14T14:05:44.230+0000] {logging_mixin.py:137} INFO - [2023-03-14T14:05:44.229+0000] {dag.py:2690} INFO - Sync 1 DAGs
[2023-03-14T14:05:44.482+0000] {logging_mixin.py:137} INFO - [2023-03-14T14:05:44.482+0000] {dag.py:3441} INFO - Setting next_dagrun for example_skip_dag to 2023-03-13T14:05:44.482260+00:00, run_after=2023-03-14T14:05:44.482260+00:00
[2023-03-14T14:05:44.597+0000] {processor.py:175} INFO - Processing /home/airflow/.local/lib/python3.7/site-packages/airflow/example_dags/example_skip_dag.py took 0.512 seconds
[2023-03-14T14:06:15.005+0000] {processor.py:153} INFO - Started process (PID=1890) to work on /home/airflow/.local/lib/python3.7/site-packages/airflow/example_dags/example_skip_dag.py
[2023-03-14T14:06:15.007+0000] {processor.py:743} INFO - Processing file /home/airflow/.local/lib/python3.7/site-packages/airflow/example_dags/example_skip_dag.py for tasks to queue
[2023-03-14T14:06:15.008+0000] {logging_mixin.py:137} INFO - [2023-03-14T14:06:15.007+0000] {dagbag.py:538} INFO - Filling up the DagBag from /home/airflow/.local/lib/python3.7/site-packages/airflow/example_dags/example_skip_dag.py
[2023-03-14T14:06:15.057+0000] {processor.py:753} INFO - DAG(s) dict_keys(['example_skip_dag']) retrieved from /home/airflow/.local/lib/python3.7/site-packages/airflow/example_dags/example_skip_dag.py
[2023-03-14T14:06:15.102+0000] {logging_mixin.py:137} INFO - [2023-03-14T14:06:15.102+0000] {dag.py:2690} INFO - Sync 1 DAGs
[2023-03-14T14:06:15.141+0000] {logging_mixin.py:137} INFO - [2023-03-14T14:06:15.140+0000] {dag.py:3441} INFO - Setting next_dagrun for example_skip_dag to 2023-03-13T14:06:15.140447+00:00, run_after=2023-03-14T14:06:15.140447+00:00
[2023-03-14T14:06:15.178+0000] {processor.py:175} INFO - Processing /home/airflow/.local/lib/python3.7/site-packages/airflow/example_dags/example_skip_dag.py took 0.178 seconds
[2023-03-14T14:06:45.951+0000] {processor.py:153} INFO - Started process (PID=2111) to work on /home/airflow/.local/lib/python3.7/site-packages/airflow/example_dags/example_skip_dag.py
[2023-03-14T14:06:45.952+0000] {processor.py:743} INFO - Processing file /home/airflow/.local/lib/python3.7/site-packages/airflow/example_dags/example_skip_dag.py for tasks to queue
[2023-03-14T14:06:45.954+0000] {logging_mixin.py:137} INFO - [2023-03-14T14:06:45.953+0000] {dagbag.py:538} INFO - Filling up the DagBag from /home/airflow/.local/lib/python3.7/site-packages/airflow/example_dags/example_skip_dag.py
[2023-03-14T14:06:45.976+0000] {processor.py:753} INFO - DAG(s) dict_keys(['example_skip_dag']) retrieved from /home/airflow/.local/lib/python3.7/site-packages/airflow/example_dags/example_skip_dag.py
[2023-03-14T14:06:46.016+0000] {logging_mixin.py:137} INFO - [2023-03-14T14:06:46.016+0000] {dag.py:2690} INFO - Sync 1 DAGs
[2023-03-14T14:06:46.056+0000] {logging_mixin.py:137} INFO - [2023-03-14T14:06:46.055+0000] {dag.py:3441} INFO - Setting next_dagrun for example_skip_dag to 2023-03-13T14:06:46.055536+00:00, run_after=2023-03-14T14:06:46.055536+00:00
[2023-03-14T14:06:46.086+0000] {processor.py:175} INFO - Processing /home/airflow/.local/lib/python3.7/site-packages/airflow/example_dags/example_skip_dag.py took 0.140 seconds
[2023-03-14T14:07:16.701+0000] {processor.py:153} INFO - Started process (PID=2325) to work on /home/airflow/.local/lib/python3.7/site-packages/airflow/example_dags/example_skip_dag.py
[2023-03-14T14:07:16.702+0000] {processor.py:743} INFO - Processing file /home/airflow/.local/lib/python3.7/site-packages/airflow/example_dags/example_skip_dag.py for tasks to queue
[2023-03-14T14:07:16.703+0000] {logging_mixin.py:137} INFO - [2023-03-14T14:07:16.703+0000] {dagbag.py:538} INFO - Filling up the DagBag from /home/airflow/.local/lib/python3.7/site-packages/airflow/example_dags/example_skip_dag.py
[2023-03-14T14:07:16.718+0000] {processor.py:753} INFO - DAG(s) dict_keys(['example_skip_dag']) retrieved from /home/airflow/.local/lib/python3.7/site-packages/airflow/example_dags/example_skip_dag.py
[2023-03-14T14:07:16.742+0000] {logging_mixin.py:137} INFO - [2023-03-14T14:07:16.742+0000] {dag.py:2690} INFO - Sync 1 DAGs
[2023-03-14T14:07:16.768+0000] {logging_mixin.py:137} INFO - [2023-03-14T14:07:16.768+0000] {dag.py:3441} INFO - Setting next_dagrun for example_skip_dag to 2023-03-13T14:07:16.768103+00:00, run_after=2023-03-14T14:07:16.768103+00:00
[2023-03-14T14:07:16.791+0000] {processor.py:175} INFO - Processing /home/airflow/.local/lib/python3.7/site-packages/airflow/example_dags/example_skip_dag.py took 0.092 seconds
[2023-03-14T14:07:47.568+0000] {processor.py:153} INFO - Started process (PID=2543) to work on /home/airflow/.local/lib/python3.7/site-packages/airflow/example_dags/example_skip_dag.py
[2023-03-14T14:07:47.570+0000] {processor.py:743} INFO - Processing file /home/airflow/.local/lib/python3.7/site-packages/airflow/example_dags/example_skip_dag.py for tasks to queue
[2023-03-14T14:07:47.570+0000] {logging_mixin.py:137} INFO - [2023-03-14T14:07:47.570+0000] {dagbag.py:538} INFO - Filling up the DagBag from /home/airflow/.local/lib/python3.7/site-packages/airflow/example_dags/example_skip_dag.py
[2023-03-14T14:07:47.604+0000] {processor.py:753} INFO - DAG(s) dict_keys(['example_skip_dag']) retrieved from /home/airflow/.local/lib/python3.7/site-packages/airflow/example_dags/example_skip_dag.py
[2023-03-14T14:07:47.665+0000] {logging_mixin.py:137} INFO - [2023-03-14T14:07:47.665+0000] {dag.py:2690} INFO - Sync 1 DAGs
[2023-03-14T14:07:47.737+0000] {logging_mixin.py:137} INFO - [2023-03-14T14:07:47.737+0000] {dag.py:3441} INFO - Setting next_dagrun for example_skip_dag to 2023-03-13T14:07:47.737195+00:00, run_after=2023-03-14T14:07:47.737195+00:00
[2023-03-14T14:07:47.771+0000] {processor.py:175} INFO - Processing /home/airflow/.local/lib/python3.7/site-packages/airflow/example_dags/example_skip_dag.py took 0.211 seconds
[2023-03-14T14:08:18.435+0000] {processor.py:153} INFO - Started process (PID=2753) to work on /home/airflow/.local/lib/python3.7/site-packages/airflow/example_dags/example_skip_dag.py
[2023-03-14T14:08:18.450+0000] {processor.py:743} INFO - Processing file /home/airflow/.local/lib/python3.7/site-packages/airflow/example_dags/example_skip_dag.py for tasks to queue
[2023-03-14T14:08:18.451+0000] {logging_mixin.py:137} INFO - [2023-03-14T14:08:18.451+0000] {dagbag.py:538} INFO - Filling up the DagBag from /home/airflow/.local/lib/python3.7/site-packages/airflow/example_dags/example_skip_dag.py
[2023-03-14T14:08:18.529+0000] {processor.py:753} INFO - DAG(s) dict_keys(['example_skip_dag']) retrieved from /home/airflow/.local/lib/python3.7/site-packages/airflow/example_dags/example_skip_dag.py
[2023-03-14T14:08:18.572+0000] {logging_mixin.py:137} INFO - [2023-03-14T14:08:18.572+0000] {dag.py:2690} INFO - Sync 1 DAGs
[2023-03-14T14:08:18.629+0000] {logging_mixin.py:137} INFO - [2023-03-14T14:08:18.629+0000] {dag.py:3441} INFO - Setting next_dagrun for example_skip_dag to 2023-03-13T14:08:18.628612+00:00, run_after=2023-03-14T14:08:18.628612+00:00
[2023-03-14T14:08:18.675+0000] {processor.py:175} INFO - Processing /home/airflow/.local/lib/python3.7/site-packages/airflow/example_dags/example_skip_dag.py took 0.252 seconds
[2023-03-14T14:08:52.407+0000] {processor.py:153} INFO - Started process (PID=2984) to work on /home/airflow/.local/lib/python3.7/site-packages/airflow/example_dags/example_skip_dag.py
[2023-03-14T14:08:52.419+0000] {processor.py:743} INFO - Processing file /home/airflow/.local/lib/python3.7/site-packages/airflow/example_dags/example_skip_dag.py for tasks to queue
[2023-03-14T14:08:52.427+0000] {logging_mixin.py:137} INFO - [2023-03-14T14:08:52.420+0000] {dagbag.py:538} INFO - Filling up the DagBag from /home/airflow/.local/lib/python3.7/site-packages/airflow/example_dags/example_skip_dag.py
[2023-03-14T14:08:52.493+0000] {processor.py:753} INFO - DAG(s) dict_keys(['example_skip_dag']) retrieved from /home/airflow/.local/lib/python3.7/site-packages/airflow/example_dags/example_skip_dag.py
[2023-03-14T14:08:52.596+0000] {logging_mixin.py:137} INFO - [2023-03-14T14:08:52.595+0000] {dag.py:2690} INFO - Sync 1 DAGs
[2023-03-14T14:08:52.644+0000] {logging_mixin.py:137} INFO - [2023-03-14T14:08:52.644+0000] {dag.py:3441} INFO - Setting next_dagrun for example_skip_dag to 2023-03-13T14:08:52.643897+00:00, run_after=2023-03-14T14:08:52.643897+00:00
[2023-03-14T14:08:52.703+0000] {processor.py:175} INFO - Processing /home/airflow/.local/lib/python3.7/site-packages/airflow/example_dags/example_skip_dag.py took 0.329 seconds
[2023-03-14T14:09:22.912+0000] {processor.py:153} INFO - Started process (PID=3222) to work on /home/airflow/.local/lib/python3.7/site-packages/airflow/example_dags/example_skip_dag.py
[2023-03-14T14:09:22.916+0000] {processor.py:743} INFO - Processing file /home/airflow/.local/lib/python3.7/site-packages/airflow/example_dags/example_skip_dag.py for tasks to queue
[2023-03-14T14:09:22.917+0000] {logging_mixin.py:137} INFO - [2023-03-14T14:09:22.917+0000] {dagbag.py:538} INFO - Filling up the DagBag from /home/airflow/.local/lib/python3.7/site-packages/airflow/example_dags/example_skip_dag.py
[2023-03-14T14:09:22.942+0000] {processor.py:753} INFO - DAG(s) dict_keys(['example_skip_dag']) retrieved from /home/airflow/.local/lib/python3.7/site-packages/airflow/example_dags/example_skip_dag.py
[2023-03-14T14:09:22.978+0000] {logging_mixin.py:137} INFO - [2023-03-14T14:09:22.978+0000] {dag.py:2690} INFO - Sync 1 DAGs
[2023-03-14T14:09:23.029+0000] {logging_mixin.py:137} INFO - [2023-03-14T14:09:23.029+0000] {dag.py:3441} INFO - Setting next_dagrun for example_skip_dag to 2023-03-13T14:09:23.028577+00:00, run_after=2023-03-14T14:09:23.028577+00:00
[2023-03-14T14:09:23.060+0000] {processor.py:175} INFO - Processing /home/airflow/.local/lib/python3.7/site-packages/airflow/example_dags/example_skip_dag.py took 0.154 seconds
[2023-03-14T14:09:54.400+0000] {processor.py:153} INFO - Started process (PID=3437) to work on /home/airflow/.local/lib/python3.7/site-packages/airflow/example_dags/example_skip_dag.py
[2023-03-14T14:09:54.414+0000] {processor.py:743} INFO - Processing file /home/airflow/.local/lib/python3.7/site-packages/airflow/example_dags/example_skip_dag.py for tasks to queue
[2023-03-14T14:09:54.418+0000] {logging_mixin.py:137} INFO - [2023-03-14T14:09:54.417+0000] {dagbag.py:538} INFO - Filling up the DagBag from /home/airflow/.local/lib/python3.7/site-packages/airflow/example_dags/example_skip_dag.py
[2023-03-14T14:09:54.446+0000] {processor.py:753} INFO - DAG(s) dict_keys(['example_skip_dag']) retrieved from /home/airflow/.local/lib/python3.7/site-packages/airflow/example_dags/example_skip_dag.py
[2023-03-14T14:09:54.489+0000] {logging_mixin.py:137} INFO - [2023-03-14T14:09:54.489+0000] {dag.py:2690} INFO - Sync 1 DAGs
[2023-03-14T14:09:54.540+0000] {logging_mixin.py:137} INFO - [2023-03-14T14:09:54.540+0000] {dag.py:3441} INFO - Setting next_dagrun for example_skip_dag to 2023-03-13T14:09:54.539607+00:00, run_after=2023-03-14T14:09:54.539607+00:00
[2023-03-14T14:09:54.577+0000] {processor.py:175} INFO - Processing /home/airflow/.local/lib/python3.7/site-packages/airflow/example_dags/example_skip_dag.py took 0.183 seconds
[2023-03-14T14:10:25.241+0000] {processor.py:153} INFO - Started process (PID=3650) to work on /home/airflow/.local/lib/python3.7/site-packages/airflow/example_dags/example_skip_dag.py
[2023-03-14T14:10:25.243+0000] {processor.py:743} INFO - Processing file /home/airflow/.local/lib/python3.7/site-packages/airflow/example_dags/example_skip_dag.py for tasks to queue
[2023-03-14T14:10:25.244+0000] {logging_mixin.py:137} INFO - [2023-03-14T14:10:25.244+0000] {dagbag.py:538} INFO - Filling up the DagBag from /home/airflow/.local/lib/python3.7/site-packages/airflow/example_dags/example_skip_dag.py
[2023-03-14T14:10:25.311+0000] {processor.py:753} INFO - DAG(s) dict_keys(['example_skip_dag']) retrieved from /home/airflow/.local/lib/python3.7/site-packages/airflow/example_dags/example_skip_dag.py
[2023-03-14T14:10:25.366+0000] {logging_mixin.py:137} INFO - [2023-03-14T14:10:25.365+0000] {dag.py:2690} INFO - Sync 1 DAGs
[2023-03-14T14:10:25.408+0000] {logging_mixin.py:137} INFO - [2023-03-14T14:10:25.408+0000] {dag.py:3441} INFO - Setting next_dagrun for example_skip_dag to 2023-03-13T14:10:25.408260+00:00, run_after=2023-03-14T14:10:25.408260+00:00
[2023-03-14T14:10:25.487+0000] {processor.py:175} INFO - Processing /home/airflow/.local/lib/python3.7/site-packages/airflow/example_dags/example_skip_dag.py took 0.254 seconds
[2023-03-14T14:10:56.662+0000] {processor.py:153} INFO - Started process (PID=3865) to work on /home/airflow/.local/lib/python3.7/site-packages/airflow/example_dags/example_skip_dag.py
[2023-03-14T14:10:56.669+0000] {processor.py:743} INFO - Processing file /home/airflow/.local/lib/python3.7/site-packages/airflow/example_dags/example_skip_dag.py for tasks to queue
[2023-03-14T14:10:56.672+0000] {logging_mixin.py:137} INFO - [2023-03-14T14:10:56.672+0000] {dagbag.py:538} INFO - Filling up the DagBag from /home/airflow/.local/lib/python3.7/site-packages/airflow/example_dags/example_skip_dag.py
[2023-03-14T14:10:56.727+0000] {processor.py:753} INFO - DAG(s) dict_keys(['example_skip_dag']) retrieved from /home/airflow/.local/lib/python3.7/site-packages/airflow/example_dags/example_skip_dag.py
[2023-03-14T14:10:56.795+0000] {logging_mixin.py:137} INFO - [2023-03-14T14:10:56.795+0000] {dag.py:2690} INFO - Sync 1 DAGs
[2023-03-14T14:10:56.877+0000] {logging_mixin.py:137} INFO - [2023-03-14T14:10:56.876+0000] {dag.py:3441} INFO - Setting next_dagrun for example_skip_dag to 2023-03-13T14:10:56.876349+00:00, run_after=2023-03-14T14:10:56.876349+00:00
[2023-03-14T14:10:56.931+0000] {processor.py:175} INFO - Processing /home/airflow/.local/lib/python3.7/site-packages/airflow/example_dags/example_skip_dag.py took 0.277 seconds
[2023-03-14T14:11:27.035+0000] {processor.py:153} INFO - Started process (PID=4079) to work on /home/airflow/.local/lib/python3.7/site-packages/airflow/example_dags/example_skip_dag.py
[2023-03-14T14:11:27.037+0000] {processor.py:743} INFO - Processing file /home/airflow/.local/lib/python3.7/site-packages/airflow/example_dags/example_skip_dag.py for tasks to queue
[2023-03-14T14:11:27.045+0000] {logging_mixin.py:137} INFO - [2023-03-14T14:11:27.045+0000] {dagbag.py:538} INFO - Filling up the DagBag from /home/airflow/.local/lib/python3.7/site-packages/airflow/example_dags/example_skip_dag.py
[2023-03-14T14:11:27.086+0000] {processor.py:753} INFO - DAG(s) dict_keys(['example_skip_dag']) retrieved from /home/airflow/.local/lib/python3.7/site-packages/airflow/example_dags/example_skip_dag.py
[2023-03-14T14:11:27.150+0000] {logging_mixin.py:137} INFO - [2023-03-14T14:11:27.150+0000] {dag.py:2690} INFO - Sync 1 DAGs
[2023-03-14T14:11:27.215+0000] {logging_mixin.py:137} INFO - [2023-03-14T14:11:27.214+0000] {dag.py:3441} INFO - Setting next_dagrun for example_skip_dag to 2023-03-13T14:11:27.214447+00:00, run_after=2023-03-14T14:11:27.214447+00:00
[2023-03-14T14:11:27.249+0000] {processor.py:175} INFO - Processing /home/airflow/.local/lib/python3.7/site-packages/airflow/example_dags/example_skip_dag.py took 0.222 seconds
[2023-03-14T14:11:58.706+0000] {processor.py:153} INFO - Started process (PID=4301) to work on /home/airflow/.local/lib/python3.7/site-packages/airflow/example_dags/example_skip_dag.py
[2023-03-14T14:11:58.718+0000] {processor.py:743} INFO - Processing file /home/airflow/.local/lib/python3.7/site-packages/airflow/example_dags/example_skip_dag.py for tasks to queue
[2023-03-14T14:11:58.719+0000] {logging_mixin.py:137} INFO - [2023-03-14T14:11:58.719+0000] {dagbag.py:538} INFO - Filling up the DagBag from /home/airflow/.local/lib/python3.7/site-packages/airflow/example_dags/example_skip_dag.py
[2023-03-14T14:11:58.848+0000] {processor.py:753} INFO - DAG(s) dict_keys(['example_skip_dag']) retrieved from /home/airflow/.local/lib/python3.7/site-packages/airflow/example_dags/example_skip_dag.py
[2023-03-14T14:11:59.226+0000] {logging_mixin.py:137} INFO - [2023-03-14T14:11:59.225+0000] {dag.py:2690} INFO - Sync 1 DAGs
[2023-03-14T14:11:59.448+0000] {logging_mixin.py:137} INFO - [2023-03-14T14:11:59.448+0000] {dag.py:3441} INFO - Setting next_dagrun for example_skip_dag to 2023-03-13T14:11:59.444349+00:00, run_after=2023-03-14T14:11:59.444349+00:00
[2023-03-14T14:11:59.559+0000] {processor.py:175} INFO - Processing /home/airflow/.local/lib/python3.7/site-packages/airflow/example_dags/example_skip_dag.py took 0.863 seconds
[2023-03-14T14:12:30.547+0000] {processor.py:153} INFO - Started process (PID=4521) to work on /home/airflow/.local/lib/python3.7/site-packages/airflow/example_dags/example_skip_dag.py
[2023-03-14T14:12:30.567+0000] {processor.py:743} INFO - Processing file /home/airflow/.local/lib/python3.7/site-packages/airflow/example_dags/example_skip_dag.py for tasks to queue
[2023-03-14T14:12:30.569+0000] {logging_mixin.py:137} INFO - [2023-03-14T14:12:30.568+0000] {dagbag.py:538} INFO - Filling up the DagBag from /home/airflow/.local/lib/python3.7/site-packages/airflow/example_dags/example_skip_dag.py
[2023-03-14T14:12:30.660+0000] {processor.py:753} INFO - DAG(s) dict_keys(['example_skip_dag']) retrieved from /home/airflow/.local/lib/python3.7/site-packages/airflow/example_dags/example_skip_dag.py
[2023-03-14T14:12:30.791+0000] {logging_mixin.py:137} INFO - [2023-03-14T14:12:30.791+0000] {dag.py:2690} INFO - Sync 1 DAGs
[2023-03-14T14:12:30.873+0000] {logging_mixin.py:137} INFO - [2023-03-14T14:12:30.873+0000] {dag.py:3441} INFO - Setting next_dagrun for example_skip_dag to 2023-03-13T14:12:30.872759+00:00, run_after=2023-03-14T14:12:30.872759+00:00
[2023-03-14T14:12:30.903+0000] {processor.py:175} INFO - Processing /home/airflow/.local/lib/python3.7/site-packages/airflow/example_dags/example_skip_dag.py took 0.373 seconds
[2023-03-14T14:13:02.007+0000] {processor.py:153} INFO - Started process (PID=4738) to work on /home/airflow/.local/lib/python3.7/site-packages/airflow/example_dags/example_skip_dag.py
[2023-03-14T14:13:02.012+0000] {processor.py:743} INFO - Processing file /home/airflow/.local/lib/python3.7/site-packages/airflow/example_dags/example_skip_dag.py for tasks to queue
[2023-03-14T14:13:02.016+0000] {logging_mixin.py:137} INFO - [2023-03-14T14:13:02.015+0000] {dagbag.py:538} INFO - Filling up the DagBag from /home/airflow/.local/lib/python3.7/site-packages/airflow/example_dags/example_skip_dag.py
[2023-03-14T14:13:02.070+0000] {processor.py:753} INFO - DAG(s) dict_keys(['example_skip_dag']) retrieved from /home/airflow/.local/lib/python3.7/site-packages/airflow/example_dags/example_skip_dag.py
[2023-03-14T14:13:02.118+0000] {logging_mixin.py:137} INFO - [2023-03-14T14:13:02.118+0000] {dag.py:2690} INFO - Sync 1 DAGs
[2023-03-14T14:13:02.173+0000] {logging_mixin.py:137} INFO - [2023-03-14T14:13:02.173+0000] {dag.py:3441} INFO - Setting next_dagrun for example_skip_dag to 2023-03-13T14:13:02.172706+00:00, run_after=2023-03-14T14:13:02.172706+00:00
[2023-03-14T14:13:02.251+0000] {processor.py:175} INFO - Processing /home/airflow/.local/lib/python3.7/site-packages/airflow/example_dags/example_skip_dag.py took 0.250 seconds
[2023-03-14T14:13:32.693+0000] {processor.py:153} INFO - Started process (PID=4954) to work on /home/airflow/.local/lib/python3.7/site-packages/airflow/example_dags/example_skip_dag.py
[2023-03-14T14:13:32.695+0000] {processor.py:743} INFO - Processing file /home/airflow/.local/lib/python3.7/site-packages/airflow/example_dags/example_skip_dag.py for tasks to queue
[2023-03-14T14:13:32.695+0000] {logging_mixin.py:137} INFO - [2023-03-14T14:13:32.695+0000] {dagbag.py:538} INFO - Filling up the DagBag from /home/airflow/.local/lib/python3.7/site-packages/airflow/example_dags/example_skip_dag.py
[2023-03-14T14:13:32.733+0000] {processor.py:753} INFO - DAG(s) dict_keys(['example_skip_dag']) retrieved from /home/airflow/.local/lib/python3.7/site-packages/airflow/example_dags/example_skip_dag.py
[2023-03-14T14:13:32.801+0000] {logging_mixin.py:137} INFO - [2023-03-14T14:13:32.801+0000] {dag.py:2690} INFO - Sync 1 DAGs
[2023-03-14T14:13:32.839+0000] {logging_mixin.py:137} INFO - [2023-03-14T14:13:32.839+0000] {dag.py:3441} INFO - Setting next_dagrun for example_skip_dag to 2023-03-13T14:13:32.839183+00:00, run_after=2023-03-14T14:13:32.839183+00:00
[2023-03-14T14:13:32.870+0000] {processor.py:175} INFO - Processing /home/airflow/.local/lib/python3.7/site-packages/airflow/example_dags/example_skip_dag.py took 0.181 seconds
[2023-03-14T14:14:03.915+0000] {processor.py:153} INFO - Started process (PID=5168) to work on /home/airflow/.local/lib/python3.7/site-packages/airflow/example_dags/example_skip_dag.py
[2023-03-14T14:14:03.921+0000] {processor.py:743} INFO - Processing file /home/airflow/.local/lib/python3.7/site-packages/airflow/example_dags/example_skip_dag.py for tasks to queue
[2023-03-14T14:14:03.922+0000] {logging_mixin.py:137} INFO - [2023-03-14T14:14:03.922+0000] {dagbag.py:538} INFO - Filling up the DagBag from /home/airflow/.local/lib/python3.7/site-packages/airflow/example_dags/example_skip_dag.py
[2023-03-14T14:14:03.986+0000] {processor.py:753} INFO - DAG(s) dict_keys(['example_skip_dag']) retrieved from /home/airflow/.local/lib/python3.7/site-packages/airflow/example_dags/example_skip_dag.py
[2023-03-14T14:14:04.087+0000] {logging_mixin.py:137} INFO - [2023-03-14T14:14:04.087+0000] {dag.py:2690} INFO - Sync 1 DAGs
[2023-03-14T14:14:04.176+0000] {logging_mixin.py:137} INFO - [2023-03-14T14:14:04.176+0000] {dag.py:3441} INFO - Setting next_dagrun for example_skip_dag to 2023-03-13T14:14:04.175925+00:00, run_after=2023-03-14T14:14:04.175925+00:00
[2023-03-14T14:14:04.255+0000] {processor.py:175} INFO - Processing /home/airflow/.local/lib/python3.7/site-packages/airflow/example_dags/example_skip_dag.py took 0.366 seconds
[2023-03-14T14:14:35.241+0000] {processor.py:153} INFO - Started process (PID=5391) to work on /home/airflow/.local/lib/python3.7/site-packages/airflow/example_dags/example_skip_dag.py
[2023-03-14T14:14:35.243+0000] {processor.py:743} INFO - Processing file /home/airflow/.local/lib/python3.7/site-packages/airflow/example_dags/example_skip_dag.py for tasks to queue
[2023-03-14T14:14:35.244+0000] {logging_mixin.py:137} INFO - [2023-03-14T14:14:35.244+0000] {dagbag.py:538} INFO - Filling up the DagBag from /home/airflow/.local/lib/python3.7/site-packages/airflow/example_dags/example_skip_dag.py
[2023-03-14T14:14:35.283+0000] {processor.py:753} INFO - DAG(s) dict_keys(['example_skip_dag']) retrieved from /home/airflow/.local/lib/python3.7/site-packages/airflow/example_dags/example_skip_dag.py
[2023-03-14T14:14:35.309+0000] {logging_mixin.py:137} INFO - [2023-03-14T14:14:35.309+0000] {dag.py:2690} INFO - Sync 1 DAGs
[2023-03-14T14:14:35.334+0000] {logging_mixin.py:137} INFO - [2023-03-14T14:14:35.334+0000] {dag.py:3441} INFO - Setting next_dagrun for example_skip_dag to 2023-03-13T14:14:35.334583+00:00, run_after=2023-03-14T14:14:35.334583+00:00
[2023-03-14T14:14:35.362+0000] {processor.py:175} INFO - Processing /home/airflow/.local/lib/python3.7/site-packages/airflow/example_dags/example_skip_dag.py took 0.127 seconds
[2023-03-14T14:15:06.122+0000] {processor.py:153} INFO - Started process (PID=5606) to work on /home/airflow/.local/lib/python3.7/site-packages/airflow/example_dags/example_skip_dag.py
[2023-03-14T14:15:06.124+0000] {processor.py:743} INFO - Processing file /home/airflow/.local/lib/python3.7/site-packages/airflow/example_dags/example_skip_dag.py for tasks to queue
[2023-03-14T14:15:06.125+0000] {logging_mixin.py:137} INFO - [2023-03-14T14:15:06.125+0000] {dagbag.py:538} INFO - Filling up the DagBag from /home/airflow/.local/lib/python3.7/site-packages/airflow/example_dags/example_skip_dag.py
[2023-03-14T14:15:06.146+0000] {processor.py:753} INFO - DAG(s) dict_keys(['example_skip_dag']) retrieved from /home/airflow/.local/lib/python3.7/site-packages/airflow/example_dags/example_skip_dag.py
[2023-03-14T14:15:06.211+0000] {logging_mixin.py:137} INFO - [2023-03-14T14:15:06.210+0000] {dag.py:2690} INFO - Sync 1 DAGs
[2023-03-14T14:15:06.249+0000] {logging_mixin.py:137} INFO - [2023-03-14T14:15:06.249+0000] {dag.py:3441} INFO - Setting next_dagrun for example_skip_dag to 2023-03-13T14:15:06.248826+00:00, run_after=2023-03-14T14:15:06.248826+00:00
[2023-03-14T14:15:06.280+0000] {processor.py:175} INFO - Processing /home/airflow/.local/lib/python3.7/site-packages/airflow/example_dags/example_skip_dag.py took 0.163 seconds
[2023-03-14T14:15:36.994+0000] {processor.py:153} INFO - Started process (PID=5829) to work on /home/airflow/.local/lib/python3.7/site-packages/airflow/example_dags/example_skip_dag.py
[2023-03-14T14:15:36.995+0000] {processor.py:743} INFO - Processing file /home/airflow/.local/lib/python3.7/site-packages/airflow/example_dags/example_skip_dag.py for tasks to queue
[2023-03-14T14:15:36.996+0000] {logging_mixin.py:137} INFO - [2023-03-14T14:15:36.996+0000] {dagbag.py:538} INFO - Filling up the DagBag from /home/airflow/.local/lib/python3.7/site-packages/airflow/example_dags/example_skip_dag.py
[2023-03-14T14:15:37.026+0000] {processor.py:753} INFO - DAG(s) dict_keys(['example_skip_dag']) retrieved from /home/airflow/.local/lib/python3.7/site-packages/airflow/example_dags/example_skip_dag.py
[2023-03-14T14:15:37.066+0000] {logging_mixin.py:137} INFO - [2023-03-14T14:15:37.065+0000] {dag.py:2690} INFO - Sync 1 DAGs
[2023-03-14T14:15:37.105+0000] {logging_mixin.py:137} INFO - [2023-03-14T14:15:37.105+0000] {dag.py:3441} INFO - Setting next_dagrun for example_skip_dag to 2023-03-13T14:15:37.105064+00:00, run_after=2023-03-14T14:15:37.105064+00:00
[2023-03-14T14:15:37.138+0000] {processor.py:175} INFO - Processing /home/airflow/.local/lib/python3.7/site-packages/airflow/example_dags/example_skip_dag.py took 0.149 seconds
