[2023-03-14T14:02:29.717+0000] {processor.py:153} INFO - Started process (PID=260) to work on /home/airflow/.local/lib/python3.7/site-packages/airflow/example_dags/example_branch_labels.py
[2023-03-14T14:02:29.719+0000] {processor.py:743} INFO - Processing file /home/airflow/.local/lib/python3.7/site-packages/airflow/example_dags/example_branch_labels.py for tasks to queue
[2023-03-14T14:02:29.725+0000] {logging_mixin.py:137} INFO - [2023-03-14T14:02:29.725+0000] {dagbag.py:538} INFO - Filling up the DagBag from /home/airflow/.local/lib/python3.7/site-packages/airflow/example_dags/example_branch_labels.py
[2023-03-14T14:02:29.791+0000] {processor.py:753} INFO - DAG(s) dict_keys(['example_branch_labels']) retrieved from /home/airflow/.local/lib/python3.7/site-packages/airflow/example_dags/example_branch_labels.py
[2023-03-14T14:02:29.974+0000] {logging_mixin.py:137} INFO - [2023-03-14T14:02:29.973+0000] {dag.py:2690} INFO - Sync 1 DAGs
[2023-03-14T14:02:30.191+0000] {logging_mixin.py:137} INFO - [2023-03-14T14:02:30.190+0000] {dag.py:3441} INFO - Setting next_dagrun for example_branch_labels to 2023-03-13T00:00:00+00:00, run_after=2023-03-14T00:00:00+00:00
[2023-03-14T14:02:30.334+0000] {processor.py:175} INFO - Processing /home/airflow/.local/lib/python3.7/site-packages/airflow/example_dags/example_branch_labels.py took 0.638 seconds
[2023-03-14T14:03:01.895+0000] {processor.py:153} INFO - Started process (PID=475) to work on /home/airflow/.local/lib/python3.7/site-packages/airflow/example_dags/example_branch_labels.py
[2023-03-14T14:03:01.911+0000] {processor.py:743} INFO - Processing file /home/airflow/.local/lib/python3.7/site-packages/airflow/example_dags/example_branch_labels.py for tasks to queue
[2023-03-14T14:03:01.936+0000] {logging_mixin.py:137} INFO - [2023-03-14T14:03:01.936+0000] {dagbag.py:538} INFO - Filling up the DagBag from /home/airflow/.local/lib/python3.7/site-packages/airflow/example_dags/example_branch_labels.py
[2023-03-14T14:03:02.127+0000] {processor.py:753} INFO - DAG(s) dict_keys(['example_branch_labels']) retrieved from /home/airflow/.local/lib/python3.7/site-packages/airflow/example_dags/example_branch_labels.py
[2023-03-14T14:03:02.254+0000] {logging_mixin.py:137} INFO - [2023-03-14T14:03:02.254+0000] {dag.py:2690} INFO - Sync 1 DAGs
[2023-03-14T14:03:02.309+0000] {logging_mixin.py:137} INFO - [2023-03-14T14:03:02.309+0000] {dag.py:3441} INFO - Setting next_dagrun for example_branch_labels to 2023-03-13T00:00:00+00:00, run_after=2023-03-14T00:00:00+00:00
[2023-03-14T14:03:02.407+0000] {processor.py:175} INFO - Processing /home/airflow/.local/lib/python3.7/site-packages/airflow/example_dags/example_branch_labels.py took 0.549 seconds
[2023-03-14T14:03:33.126+0000] {processor.py:153} INFO - Started process (PID=690) to work on /home/airflow/.local/lib/python3.7/site-packages/airflow/example_dags/example_branch_labels.py
[2023-03-14T14:03:33.127+0000] {processor.py:743} INFO - Processing file /home/airflow/.local/lib/python3.7/site-packages/airflow/example_dags/example_branch_labels.py for tasks to queue
[2023-03-14T14:03:33.128+0000] {logging_mixin.py:137} INFO - [2023-03-14T14:03:33.128+0000] {dagbag.py:538} INFO - Filling up the DagBag from /home/airflow/.local/lib/python3.7/site-packages/airflow/example_dags/example_branch_labels.py
[2023-03-14T14:03:33.203+0000] {processor.py:753} INFO - DAG(s) dict_keys(['example_branch_labels']) retrieved from /home/airflow/.local/lib/python3.7/site-packages/airflow/example_dags/example_branch_labels.py
[2023-03-14T14:03:33.290+0000] {logging_mixin.py:137} INFO - [2023-03-14T14:03:33.289+0000] {dag.py:2690} INFO - Sync 1 DAGs
[2023-03-14T14:03:33.380+0000] {logging_mixin.py:137} INFO - [2023-03-14T14:03:33.380+0000] {dag.py:3441} INFO - Setting next_dagrun for example_branch_labels to 2023-03-13T00:00:00+00:00, run_after=2023-03-14T00:00:00+00:00
[2023-03-14T14:03:33.434+0000] {processor.py:175} INFO - Processing /home/airflow/.local/lib/python3.7/site-packages/airflow/example_dags/example_branch_labels.py took 0.315 seconds
[2023-03-14T14:04:03.761+0000] {processor.py:153} INFO - Started process (PID=904) to work on /home/airflow/.local/lib/python3.7/site-packages/airflow/example_dags/example_branch_labels.py
[2023-03-14T14:04:03.765+0000] {processor.py:743} INFO - Processing file /home/airflow/.local/lib/python3.7/site-packages/airflow/example_dags/example_branch_labels.py for tasks to queue
[2023-03-14T14:04:03.766+0000] {logging_mixin.py:137} INFO - [2023-03-14T14:04:03.766+0000] {dagbag.py:538} INFO - Filling up the DagBag from /home/airflow/.local/lib/python3.7/site-packages/airflow/example_dags/example_branch_labels.py
[2023-03-14T14:04:03.823+0000] {processor.py:753} INFO - DAG(s) dict_keys(['example_branch_labels']) retrieved from /home/airflow/.local/lib/python3.7/site-packages/airflow/example_dags/example_branch_labels.py
[2023-03-14T14:04:03.927+0000] {logging_mixin.py:137} INFO - [2023-03-14T14:04:03.926+0000] {dag.py:2690} INFO - Sync 1 DAGs
[2023-03-14T14:04:04.036+0000] {logging_mixin.py:137} INFO - [2023-03-14T14:04:04.035+0000] {dag.py:3441} INFO - Setting next_dagrun for example_branch_labels to 2023-03-13T00:00:00+00:00, run_after=2023-03-14T00:00:00+00:00
[2023-03-14T14:04:04.155+0000] {processor.py:175} INFO - Processing /home/airflow/.local/lib/python3.7/site-packages/airflow/example_dags/example_branch_labels.py took 0.411 seconds
[2023-03-14T14:04:34.435+0000] {processor.py:153} INFO - Started process (PID=1119) to work on /home/airflow/.local/lib/python3.7/site-packages/airflow/example_dags/example_branch_labels.py
[2023-03-14T14:04:34.436+0000] {processor.py:743} INFO - Processing file /home/airflow/.local/lib/python3.7/site-packages/airflow/example_dags/example_branch_labels.py for tasks to queue
[2023-03-14T14:04:34.437+0000] {logging_mixin.py:137} INFO - [2023-03-14T14:04:34.437+0000] {dagbag.py:538} INFO - Filling up the DagBag from /home/airflow/.local/lib/python3.7/site-packages/airflow/example_dags/example_branch_labels.py
[2023-03-14T14:04:34.460+0000] {processor.py:753} INFO - DAG(s) dict_keys(['example_branch_labels']) retrieved from /home/airflow/.local/lib/python3.7/site-packages/airflow/example_dags/example_branch_labels.py
[2023-03-14T14:04:34.499+0000] {logging_mixin.py:137} INFO - [2023-03-14T14:04:34.499+0000] {dag.py:2690} INFO - Sync 1 DAGs
[2023-03-14T14:04:34.528+0000] {logging_mixin.py:137} INFO - [2023-03-14T14:04:34.528+0000] {dag.py:3441} INFO - Setting next_dagrun for example_branch_labels to 2023-03-13T00:00:00+00:00, run_after=2023-03-14T00:00:00+00:00
[2023-03-14T14:04:34.558+0000] {processor.py:175} INFO - Processing /home/airflow/.local/lib/python3.7/site-packages/airflow/example_dags/example_branch_labels.py took 0.130 seconds
[2023-03-14T14:05:06.402+0000] {processor.py:153} INFO - Started process (PID=1333) to work on /home/airflow/.local/lib/python3.7/site-packages/airflow/example_dags/example_branch_labels.py
[2023-03-14T14:05:06.413+0000] {processor.py:743} INFO - Processing file /home/airflow/.local/lib/python3.7/site-packages/airflow/example_dags/example_branch_labels.py for tasks to queue
[2023-03-14T14:05:06.414+0000] {logging_mixin.py:137} INFO - [2023-03-14T14:05:06.413+0000] {dagbag.py:538} INFO - Filling up the DagBag from /home/airflow/.local/lib/python3.7/site-packages/airflow/example_dags/example_branch_labels.py
[2023-03-14T14:05:06.491+0000] {processor.py:753} INFO - DAG(s) dict_keys(['example_branch_labels']) retrieved from /home/airflow/.local/lib/python3.7/site-packages/airflow/example_dags/example_branch_labels.py
[2023-03-14T14:05:06.703+0000] {logging_mixin.py:137} INFO - [2023-03-14T14:05:06.702+0000] {dag.py:2690} INFO - Sync 1 DAGs
[2023-03-14T14:05:06.897+0000] {logging_mixin.py:137} INFO - [2023-03-14T14:05:06.896+0000] {dag.py:3441} INFO - Setting next_dagrun for example_branch_labels to 2023-03-13T00:00:00+00:00, run_after=2023-03-14T00:00:00+00:00
[2023-03-14T14:05:06.966+0000] {processor.py:175} INFO - Processing /home/airflow/.local/lib/python3.7/site-packages/airflow/example_dags/example_branch_labels.py took 0.596 seconds
[2023-03-14T14:05:37.475+0000] {processor.py:153} INFO - Started process (PID=1548) to work on /home/airflow/.local/lib/python3.7/site-packages/airflow/example_dags/example_branch_labels.py
[2023-03-14T14:05:37.489+0000] {processor.py:743} INFO - Processing file /home/airflow/.local/lib/python3.7/site-packages/airflow/example_dags/example_branch_labels.py for tasks to queue
[2023-03-14T14:05:37.491+0000] {logging_mixin.py:137} INFO - [2023-03-14T14:05:37.491+0000] {dagbag.py:538} INFO - Filling up the DagBag from /home/airflow/.local/lib/python3.7/site-packages/airflow/example_dags/example_branch_labels.py
[2023-03-14T14:05:37.571+0000] {processor.py:753} INFO - DAG(s) dict_keys(['example_branch_labels']) retrieved from /home/airflow/.local/lib/python3.7/site-packages/airflow/example_dags/example_branch_labels.py
[2023-03-14T14:05:37.662+0000] {logging_mixin.py:137} INFO - [2023-03-14T14:05:37.662+0000] {dag.py:2690} INFO - Sync 1 DAGs
[2023-03-14T14:05:37.738+0000] {logging_mixin.py:137} INFO - [2023-03-14T14:05:37.738+0000] {dag.py:3441} INFO - Setting next_dagrun for example_branch_labels to 2023-03-13T00:00:00+00:00, run_after=2023-03-14T00:00:00+00:00
[2023-03-14T14:05:37.811+0000] {processor.py:175} INFO - Processing /home/airflow/.local/lib/python3.7/site-packages/airflow/example_dags/example_branch_labels.py took 0.373 seconds
[2023-03-14T14:06:08.662+0000] {processor.py:153} INFO - Started process (PID=1763) to work on /home/airflow/.local/lib/python3.7/site-packages/airflow/example_dags/example_branch_labels.py
[2023-03-14T14:06:08.673+0000] {processor.py:743} INFO - Processing file /home/airflow/.local/lib/python3.7/site-packages/airflow/example_dags/example_branch_labels.py for tasks to queue
[2023-03-14T14:06:08.678+0000] {logging_mixin.py:137} INFO - [2023-03-14T14:06:08.677+0000] {dagbag.py:538} INFO - Filling up the DagBag from /home/airflow/.local/lib/python3.7/site-packages/airflow/example_dags/example_branch_labels.py
[2023-03-14T14:06:08.720+0000] {processor.py:753} INFO - DAG(s) dict_keys(['example_branch_labels']) retrieved from /home/airflow/.local/lib/python3.7/site-packages/airflow/example_dags/example_branch_labels.py
[2023-03-14T14:06:08.756+0000] {logging_mixin.py:137} INFO - [2023-03-14T14:06:08.756+0000] {dag.py:2690} INFO - Sync 1 DAGs
[2023-03-14T14:06:08.808+0000] {logging_mixin.py:137} INFO - [2023-03-14T14:06:08.808+0000] {dag.py:3441} INFO - Setting next_dagrun for example_branch_labels to 2023-03-13T00:00:00+00:00, run_after=2023-03-14T00:00:00+00:00
[2023-03-14T14:06:08.904+0000] {processor.py:175} INFO - Processing /home/airflow/.local/lib/python3.7/site-packages/airflow/example_dags/example_branch_labels.py took 0.251 seconds
[2023-03-14T14:06:39.744+0000] {processor.py:153} INFO - Started process (PID=1987) to work on /home/airflow/.local/lib/python3.7/site-packages/airflow/example_dags/example_branch_labels.py
[2023-03-14T14:06:39.745+0000] {processor.py:743} INFO - Processing file /home/airflow/.local/lib/python3.7/site-packages/airflow/example_dags/example_branch_labels.py for tasks to queue
[2023-03-14T14:06:39.747+0000] {logging_mixin.py:137} INFO - [2023-03-14T14:06:39.746+0000] {dagbag.py:538} INFO - Filling up the DagBag from /home/airflow/.local/lib/python3.7/site-packages/airflow/example_dags/example_branch_labels.py
[2023-03-14T14:06:39.787+0000] {processor.py:753} INFO - DAG(s) dict_keys(['example_branch_labels']) retrieved from /home/airflow/.local/lib/python3.7/site-packages/airflow/example_dags/example_branch_labels.py
[2023-03-14T14:06:39.874+0000] {logging_mixin.py:137} INFO - [2023-03-14T14:06:39.874+0000] {dag.py:2690} INFO - Sync 1 DAGs
[2023-03-14T14:06:39.992+0000] {logging_mixin.py:137} INFO - [2023-03-14T14:06:39.991+0000] {dag.py:3441} INFO - Setting next_dagrun for example_branch_labels to 2023-03-13T00:00:00+00:00, run_after=2023-03-14T00:00:00+00:00
[2023-03-14T14:06:40.049+0000] {processor.py:175} INFO - Processing /home/airflow/.local/lib/python3.7/site-packages/airflow/example_dags/example_branch_labels.py took 0.314 seconds
[2023-03-14T14:07:10.338+0000] {processor.py:153} INFO - Started process (PID=2201) to work on /home/airflow/.local/lib/python3.7/site-packages/airflow/example_dags/example_branch_labels.py
[2023-03-14T14:07:10.344+0000] {processor.py:743} INFO - Processing file /home/airflow/.local/lib/python3.7/site-packages/airflow/example_dags/example_branch_labels.py for tasks to queue
[2023-03-14T14:07:10.345+0000] {logging_mixin.py:137} INFO - [2023-03-14T14:07:10.344+0000] {dagbag.py:538} INFO - Filling up the DagBag from /home/airflow/.local/lib/python3.7/site-packages/airflow/example_dags/example_branch_labels.py
[2023-03-14T14:07:10.379+0000] {processor.py:753} INFO - DAG(s) dict_keys(['example_branch_labels']) retrieved from /home/airflow/.local/lib/python3.7/site-packages/airflow/example_dags/example_branch_labels.py
[2023-03-14T14:07:10.420+0000] {logging_mixin.py:137} INFO - [2023-03-14T14:07:10.420+0000] {dag.py:2690} INFO - Sync 1 DAGs
[2023-03-14T14:07:10.464+0000] {logging_mixin.py:137} INFO - [2023-03-14T14:07:10.464+0000] {dag.py:3441} INFO - Setting next_dagrun for example_branch_labels to 2023-03-13T00:00:00+00:00, run_after=2023-03-14T00:00:00+00:00
[2023-03-14T14:07:10.498+0000] {processor.py:175} INFO - Processing /home/airflow/.local/lib/python3.7/site-packages/airflow/example_dags/example_branch_labels.py took 0.175 seconds
[2023-03-14T14:07:40.697+0000] {processor.py:153} INFO - Started process (PID=2417) to work on /home/airflow/.local/lib/python3.7/site-packages/airflow/example_dags/example_branch_labels.py
[2023-03-14T14:07:40.701+0000] {processor.py:743} INFO - Processing file /home/airflow/.local/lib/python3.7/site-packages/airflow/example_dags/example_branch_labels.py for tasks to queue
[2023-03-14T14:07:40.702+0000] {logging_mixin.py:137} INFO - [2023-03-14T14:07:40.702+0000] {dagbag.py:538} INFO - Filling up the DagBag from /home/airflow/.local/lib/python3.7/site-packages/airflow/example_dags/example_branch_labels.py
[2023-03-14T14:07:40.752+0000] {processor.py:753} INFO - DAG(s) dict_keys(['example_branch_labels']) retrieved from /home/airflow/.local/lib/python3.7/site-packages/airflow/example_dags/example_branch_labels.py
[2023-03-14T14:07:40.826+0000] {logging_mixin.py:137} INFO - [2023-03-14T14:07:40.826+0000] {dag.py:2690} INFO - Sync 1 DAGs
[2023-03-14T14:07:40.904+0000] {logging_mixin.py:137} INFO - [2023-03-14T14:07:40.904+0000] {dag.py:3441} INFO - Setting next_dagrun for example_branch_labels to 2023-03-13T00:00:00+00:00, run_after=2023-03-14T00:00:00+00:00
[2023-03-14T14:07:40.953+0000] {processor.py:175} INFO - Processing /home/airflow/.local/lib/python3.7/site-packages/airflow/example_dags/example_branch_labels.py took 0.274 seconds
[2023-03-14T14:08:11.729+0000] {processor.py:153} INFO - Started process (PID=2633) to work on /home/airflow/.local/lib/python3.7/site-packages/airflow/example_dags/example_branch_labels.py
[2023-03-14T14:08:11.730+0000] {processor.py:743} INFO - Processing file /home/airflow/.local/lib/python3.7/site-packages/airflow/example_dags/example_branch_labels.py for tasks to queue
[2023-03-14T14:08:11.731+0000] {logging_mixin.py:137} INFO - [2023-03-14T14:08:11.730+0000] {dagbag.py:538} INFO - Filling up the DagBag from /home/airflow/.local/lib/python3.7/site-packages/airflow/example_dags/example_branch_labels.py
[2023-03-14T14:08:11.752+0000] {processor.py:753} INFO - DAG(s) dict_keys(['example_branch_labels']) retrieved from /home/airflow/.local/lib/python3.7/site-packages/airflow/example_dags/example_branch_labels.py
[2023-03-14T14:08:11.794+0000] {logging_mixin.py:137} INFO - [2023-03-14T14:08:11.793+0000] {dag.py:2690} INFO - Sync 1 DAGs
[2023-03-14T14:08:11.856+0000] {logging_mixin.py:137} INFO - [2023-03-14T14:08:11.856+0000] {dag.py:3441} INFO - Setting next_dagrun for example_branch_labels to 2023-03-13T00:00:00+00:00, run_after=2023-03-14T00:00:00+00:00
[2023-03-14T14:08:11.899+0000] {processor.py:175} INFO - Processing /home/airflow/.local/lib/python3.7/site-packages/airflow/example_dags/example_branch_labels.py took 0.175 seconds
[2023-03-14T14:08:42.409+0000] {processor.py:153} INFO - Started process (PID=2856) to work on /home/airflow/.local/lib/python3.7/site-packages/airflow/example_dags/example_branch_labels.py
[2023-03-14T14:08:42.412+0000] {processor.py:743} INFO - Processing file /home/airflow/.local/lib/python3.7/site-packages/airflow/example_dags/example_branch_labels.py for tasks to queue
[2023-03-14T14:08:42.414+0000] {logging_mixin.py:137} INFO - [2023-03-14T14:08:42.413+0000] {dagbag.py:538} INFO - Filling up the DagBag from /home/airflow/.local/lib/python3.7/site-packages/airflow/example_dags/example_branch_labels.py
[2023-03-14T14:08:42.459+0000] {processor.py:753} INFO - DAG(s) dict_keys(['example_branch_labels']) retrieved from /home/airflow/.local/lib/python3.7/site-packages/airflow/example_dags/example_branch_labels.py
[2023-03-14T14:08:42.523+0000] {logging_mixin.py:137} INFO - [2023-03-14T14:08:42.522+0000] {dag.py:2690} INFO - Sync 1 DAGs
[2023-03-14T14:08:42.567+0000] {logging_mixin.py:137} INFO - [2023-03-14T14:08:42.567+0000] {dag.py:3441} INFO - Setting next_dagrun for example_branch_labels to 2023-03-13T00:00:00+00:00, run_after=2023-03-14T00:00:00+00:00
[2023-03-14T14:08:42.625+0000] {processor.py:175} INFO - Processing /home/airflow/.local/lib/python3.7/site-packages/airflow/example_dags/example_branch_labels.py took 0.226 seconds
[2023-03-14T14:09:13.079+0000] {processor.py:153} INFO - Started process (PID=3090) to work on /home/airflow/.local/lib/python3.7/site-packages/airflow/example_dags/example_branch_labels.py
[2023-03-14T14:09:13.160+0000] {processor.py:743} INFO - Processing file /home/airflow/.local/lib/python3.7/site-packages/airflow/example_dags/example_branch_labels.py for tasks to queue
[2023-03-14T14:09:13.162+0000] {logging_mixin.py:137} INFO - [2023-03-14T14:09:13.161+0000] {dagbag.py:538} INFO - Filling up the DagBag from /home/airflow/.local/lib/python3.7/site-packages/airflow/example_dags/example_branch_labels.py
[2023-03-14T14:09:13.342+0000] {processor.py:753} INFO - DAG(s) dict_keys(['example_branch_labels']) retrieved from /home/airflow/.local/lib/python3.7/site-packages/airflow/example_dags/example_branch_labels.py
[2023-03-14T14:09:13.884+0000] {logging_mixin.py:137} INFO - [2023-03-14T14:09:13.884+0000] {dag.py:2690} INFO - Sync 1 DAGs
[2023-03-14T14:09:14.279+0000] {logging_mixin.py:137} INFO - [2023-03-14T14:09:14.279+0000] {dag.py:3441} INFO - Setting next_dagrun for example_branch_labels to 2023-03-13T00:00:00+00:00, run_after=2023-03-14T00:00:00+00:00
[2023-03-14T14:09:14.546+0000] {processor.py:175} INFO - Processing /home/airflow/.local/lib/python3.7/site-packages/airflow/example_dags/example_branch_labels.py took 1.492 seconds
[2023-03-14T14:09:44.847+0000] {processor.py:153} INFO - Started process (PID=3312) to work on /home/airflow/.local/lib/python3.7/site-packages/airflow/example_dags/example_branch_labels.py
[2023-03-14T14:09:44.848+0000] {processor.py:743} INFO - Processing file /home/airflow/.local/lib/python3.7/site-packages/airflow/example_dags/example_branch_labels.py for tasks to queue
[2023-03-14T14:09:44.849+0000] {logging_mixin.py:137} INFO - [2023-03-14T14:09:44.849+0000] {dagbag.py:538} INFO - Filling up the DagBag from /home/airflow/.local/lib/python3.7/site-packages/airflow/example_dags/example_branch_labels.py
[2023-03-14T14:09:44.875+0000] {processor.py:753} INFO - DAG(s) dict_keys(['example_branch_labels']) retrieved from /home/airflow/.local/lib/python3.7/site-packages/airflow/example_dags/example_branch_labels.py
[2023-03-14T14:09:44.903+0000] {logging_mixin.py:137} INFO - [2023-03-14T14:09:44.903+0000] {dag.py:2690} INFO - Sync 1 DAGs
[2023-03-14T14:09:44.929+0000] {logging_mixin.py:137} INFO - [2023-03-14T14:09:44.929+0000] {dag.py:3441} INFO - Setting next_dagrun for example_branch_labels to 2023-03-13T00:00:00+00:00, run_after=2023-03-14T00:00:00+00:00
[2023-03-14T14:09:44.960+0000] {processor.py:175} INFO - Processing /home/airflow/.local/lib/python3.7/site-packages/airflow/example_dags/example_branch_labels.py took 0.118 seconds
[2023-03-14T14:10:15.707+0000] {processor.py:153} INFO - Started process (PID=3530) to work on /home/airflow/.local/lib/python3.7/site-packages/airflow/example_dags/example_branch_labels.py
[2023-03-14T14:10:15.726+0000] {processor.py:743} INFO - Processing file /home/airflow/.local/lib/python3.7/site-packages/airflow/example_dags/example_branch_labels.py for tasks to queue
[2023-03-14T14:10:15.729+0000] {logging_mixin.py:137} INFO - [2023-03-14T14:10:15.729+0000] {dagbag.py:538} INFO - Filling up the DagBag from /home/airflow/.local/lib/python3.7/site-packages/airflow/example_dags/example_branch_labels.py
[2023-03-14T14:10:15.795+0000] {processor.py:753} INFO - DAG(s) dict_keys(['example_branch_labels']) retrieved from /home/airflow/.local/lib/python3.7/site-packages/airflow/example_dags/example_branch_labels.py
[2023-03-14T14:10:15.879+0000] {logging_mixin.py:137} INFO - [2023-03-14T14:10:15.879+0000] {dag.py:2690} INFO - Sync 1 DAGs
[2023-03-14T14:10:15.922+0000] {logging_mixin.py:137} INFO - [2023-03-14T14:10:15.922+0000] {dag.py:3441} INFO - Setting next_dagrun for example_branch_labels to 2023-03-13T00:00:00+00:00, run_after=2023-03-14T00:00:00+00:00
[2023-03-14T14:10:15.953+0000] {processor.py:175} INFO - Processing /home/airflow/.local/lib/python3.7/site-packages/airflow/example_dags/example_branch_labels.py took 0.250 seconds
[2023-03-14T14:10:46.118+0000] {processor.py:153} INFO - Started process (PID=3752) to work on /home/airflow/.local/lib/python3.7/site-packages/airflow/example_dags/example_branch_labels.py
[2023-03-14T14:10:46.119+0000] {processor.py:743} INFO - Processing file /home/airflow/.local/lib/python3.7/site-packages/airflow/example_dags/example_branch_labels.py for tasks to queue
[2023-03-14T14:10:46.121+0000] {logging_mixin.py:137} INFO - [2023-03-14T14:10:46.120+0000] {dagbag.py:538} INFO - Filling up the DagBag from /home/airflow/.local/lib/python3.7/site-packages/airflow/example_dags/example_branch_labels.py
[2023-03-14T14:10:46.163+0000] {processor.py:753} INFO - DAG(s) dict_keys(['example_branch_labels']) retrieved from /home/airflow/.local/lib/python3.7/site-packages/airflow/example_dags/example_branch_labels.py
[2023-03-14T14:10:46.235+0000] {logging_mixin.py:137} INFO - [2023-03-14T14:10:46.235+0000] {dag.py:2690} INFO - Sync 1 DAGs
[2023-03-14T14:10:46.299+0000] {logging_mixin.py:137} INFO - [2023-03-14T14:10:46.299+0000] {dag.py:3441} INFO - Setting next_dagrun for example_branch_labels to 2023-03-13T00:00:00+00:00, run_after=2023-03-14T00:00:00+00:00
[2023-03-14T14:10:46.343+0000] {processor.py:175} INFO - Processing /home/airflow/.local/lib/python3.7/site-packages/airflow/example_dags/example_branch_labels.py took 0.229 seconds
[2023-03-14T14:11:16.600+0000] {processor.py:153} INFO - Started process (PID=3960) to work on /home/airflow/.local/lib/python3.7/site-packages/airflow/example_dags/example_branch_labels.py
[2023-03-14T14:11:16.603+0000] {processor.py:743} INFO - Processing file /home/airflow/.local/lib/python3.7/site-packages/airflow/example_dags/example_branch_labels.py for tasks to queue
[2023-03-14T14:11:16.609+0000] {logging_mixin.py:137} INFO - [2023-03-14T14:11:16.609+0000] {dagbag.py:538} INFO - Filling up the DagBag from /home/airflow/.local/lib/python3.7/site-packages/airflow/example_dags/example_branch_labels.py
[2023-03-14T14:11:16.644+0000] {processor.py:753} INFO - DAG(s) dict_keys(['example_branch_labels']) retrieved from /home/airflow/.local/lib/python3.7/site-packages/airflow/example_dags/example_branch_labels.py
[2023-03-14T14:11:16.725+0000] {logging_mixin.py:137} INFO - [2023-03-14T14:11:16.725+0000] {dag.py:2690} INFO - Sync 1 DAGs
[2023-03-14T14:11:16.776+0000] {logging_mixin.py:137} INFO - [2023-03-14T14:11:16.776+0000] {dag.py:3441} INFO - Setting next_dagrun for example_branch_labels to 2023-03-13T00:00:00+00:00, run_after=2023-03-14T00:00:00+00:00
[2023-03-14T14:11:16.809+0000] {processor.py:175} INFO - Processing /home/airflow/.local/lib/python3.7/site-packages/airflow/example_dags/example_branch_labels.py took 0.218 seconds
[2023-03-14T14:11:47.092+0000] {processor.py:153} INFO - Started process (PID=4184) to work on /home/airflow/.local/lib/python3.7/site-packages/airflow/example_dags/example_branch_labels.py
[2023-03-14T14:11:47.101+0000] {processor.py:743} INFO - Processing file /home/airflow/.local/lib/python3.7/site-packages/airflow/example_dags/example_branch_labels.py for tasks to queue
[2023-03-14T14:11:47.102+0000] {logging_mixin.py:137} INFO - [2023-03-14T14:11:47.102+0000] {dagbag.py:538} INFO - Filling up the DagBag from /home/airflow/.local/lib/python3.7/site-packages/airflow/example_dags/example_branch_labels.py
[2023-03-14T14:11:47.142+0000] {processor.py:753} INFO - DAG(s) dict_keys(['example_branch_labels']) retrieved from /home/airflow/.local/lib/python3.7/site-packages/airflow/example_dags/example_branch_labels.py
[2023-03-14T14:11:47.211+0000] {logging_mixin.py:137} INFO - [2023-03-14T14:11:47.211+0000] {dag.py:2690} INFO - Sync 1 DAGs
[2023-03-14T14:11:47.302+0000] {logging_mixin.py:137} INFO - [2023-03-14T14:11:47.300+0000] {dag.py:3441} INFO - Setting next_dagrun for example_branch_labels to 2023-03-13T00:00:00+00:00, run_after=2023-03-14T00:00:00+00:00
[2023-03-14T14:11:47.407+0000] {processor.py:175} INFO - Processing /home/airflow/.local/lib/python3.7/site-packages/airflow/example_dags/example_branch_labels.py took 0.319 seconds
[2023-03-14T14:12:18.055+0000] {processor.py:153} INFO - Started process (PID=4397) to work on /home/airflow/.local/lib/python3.7/site-packages/airflow/example_dags/example_branch_labels.py
[2023-03-14T14:12:18.073+0000] {processor.py:743} INFO - Processing file /home/airflow/.local/lib/python3.7/site-packages/airflow/example_dags/example_branch_labels.py for tasks to queue
[2023-03-14T14:12:18.074+0000] {logging_mixin.py:137} INFO - [2023-03-14T14:12:18.074+0000] {dagbag.py:538} INFO - Filling up the DagBag from /home/airflow/.local/lib/python3.7/site-packages/airflow/example_dags/example_branch_labels.py
[2023-03-14T14:12:18.121+0000] {processor.py:753} INFO - DAG(s) dict_keys(['example_branch_labels']) retrieved from /home/airflow/.local/lib/python3.7/site-packages/airflow/example_dags/example_branch_labels.py
[2023-03-14T14:12:18.196+0000] {logging_mixin.py:137} INFO - [2023-03-14T14:12:18.196+0000] {dag.py:2690} INFO - Sync 1 DAGs
[2023-03-14T14:12:18.275+0000] {logging_mixin.py:137} INFO - [2023-03-14T14:12:18.275+0000] {dag.py:3441} INFO - Setting next_dagrun for example_branch_labels to 2023-03-13T00:00:00+00:00, run_after=2023-03-14T00:00:00+00:00
[2023-03-14T14:12:18.317+0000] {processor.py:175} INFO - Processing /home/airflow/.local/lib/python3.7/site-packages/airflow/example_dags/example_branch_labels.py took 0.270 seconds
[2023-03-14T14:12:48.593+0000] {processor.py:153} INFO - Started process (PID=4613) to work on /home/airflow/.local/lib/python3.7/site-packages/airflow/example_dags/example_branch_labels.py
[2023-03-14T14:12:48.594+0000] {processor.py:743} INFO - Processing file /home/airflow/.local/lib/python3.7/site-packages/airflow/example_dags/example_branch_labels.py for tasks to queue
[2023-03-14T14:12:48.595+0000] {logging_mixin.py:137} INFO - [2023-03-14T14:12:48.595+0000] {dagbag.py:538} INFO - Filling up the DagBag from /home/airflow/.local/lib/python3.7/site-packages/airflow/example_dags/example_branch_labels.py
[2023-03-14T14:12:48.622+0000] {processor.py:753} INFO - DAG(s) dict_keys(['example_branch_labels']) retrieved from /home/airflow/.local/lib/python3.7/site-packages/airflow/example_dags/example_branch_labels.py
[2023-03-14T14:12:48.674+0000] {logging_mixin.py:137} INFO - [2023-03-14T14:12:48.674+0000] {dag.py:2690} INFO - Sync 1 DAGs
[2023-03-14T14:12:48.719+0000] {logging_mixin.py:137} INFO - [2023-03-14T14:12:48.719+0000] {dag.py:3441} INFO - Setting next_dagrun for example_branch_labels to 2023-03-13T00:00:00+00:00, run_after=2023-03-14T00:00:00+00:00
[2023-03-14T14:12:48.755+0000] {processor.py:175} INFO - Processing /home/airflow/.local/lib/python3.7/site-packages/airflow/example_dags/example_branch_labels.py took 0.168 seconds
[2023-03-14T14:13:19.133+0000] {processor.py:153} INFO - Started process (PID=4829) to work on /home/airflow/.local/lib/python3.7/site-packages/airflow/example_dags/example_branch_labels.py
[2023-03-14T14:13:19.141+0000] {processor.py:743} INFO - Processing file /home/airflow/.local/lib/python3.7/site-packages/airflow/example_dags/example_branch_labels.py for tasks to queue
[2023-03-14T14:13:19.142+0000] {logging_mixin.py:137} INFO - [2023-03-14T14:13:19.141+0000] {dagbag.py:538} INFO - Filling up the DagBag from /home/airflow/.local/lib/python3.7/site-packages/airflow/example_dags/example_branch_labels.py
[2023-03-14T14:13:19.182+0000] {processor.py:753} INFO - DAG(s) dict_keys(['example_branch_labels']) retrieved from /home/airflow/.local/lib/python3.7/site-packages/airflow/example_dags/example_branch_labels.py
[2023-03-14T14:13:19.263+0000] {logging_mixin.py:137} INFO - [2023-03-14T14:13:19.262+0000] {dag.py:2690} INFO - Sync 1 DAGs
[2023-03-14T14:13:19.353+0000] {logging_mixin.py:137} INFO - [2023-03-14T14:13:19.352+0000] {dag.py:3441} INFO - Setting next_dagrun for example_branch_labels to 2023-03-13T00:00:00+00:00, run_after=2023-03-14T00:00:00+00:00
[2023-03-14T14:13:19.393+0000] {processor.py:175} INFO - Processing /home/airflow/.local/lib/python3.7/site-packages/airflow/example_dags/example_branch_labels.py took 0.289 seconds
[2023-03-14T14:13:49.472+0000] {processor.py:153} INFO - Started process (PID=5040) to work on /home/airflow/.local/lib/python3.7/site-packages/airflow/example_dags/example_branch_labels.py
[2023-03-14T14:13:49.473+0000] {processor.py:743} INFO - Processing file /home/airflow/.local/lib/python3.7/site-packages/airflow/example_dags/example_branch_labels.py for tasks to queue
[2023-03-14T14:13:49.474+0000] {logging_mixin.py:137} INFO - [2023-03-14T14:13:49.474+0000] {dagbag.py:538} INFO - Filling up the DagBag from /home/airflow/.local/lib/python3.7/site-packages/airflow/example_dags/example_branch_labels.py
[2023-03-14T14:13:49.492+0000] {processor.py:753} INFO - DAG(s) dict_keys(['example_branch_labels']) retrieved from /home/airflow/.local/lib/python3.7/site-packages/airflow/example_dags/example_branch_labels.py
[2023-03-14T14:13:49.520+0000] {logging_mixin.py:137} INFO - [2023-03-14T14:13:49.520+0000] {dag.py:2690} INFO - Sync 1 DAGs
[2023-03-14T14:13:49.546+0000] {logging_mixin.py:137} INFO - [2023-03-14T14:13:49.546+0000] {dag.py:3441} INFO - Setting next_dagrun for example_branch_labels to 2023-03-13T00:00:00+00:00, run_after=2023-03-14T00:00:00+00:00
[2023-03-14T14:13:49.570+0000] {processor.py:175} INFO - Processing /home/airflow/.local/lib/python3.7/site-packages/airflow/example_dags/example_branch_labels.py took 0.103 seconds
[2023-03-14T14:14:19.724+0000] {processor.py:153} INFO - Started process (PID=5254) to work on /home/airflow/.local/lib/python3.7/site-packages/airflow/example_dags/example_branch_labels.py
[2023-03-14T14:14:19.736+0000] {processor.py:743} INFO - Processing file /home/airflow/.local/lib/python3.7/site-packages/airflow/example_dags/example_branch_labels.py for tasks to queue
[2023-03-14T14:14:19.738+0000] {logging_mixin.py:137} INFO - [2023-03-14T14:14:19.737+0000] {dagbag.py:538} INFO - Filling up the DagBag from /home/airflow/.local/lib/python3.7/site-packages/airflow/example_dags/example_branch_labels.py
[2023-03-14T14:14:19.800+0000] {processor.py:753} INFO - DAG(s) dict_keys(['example_branch_labels']) retrieved from /home/airflow/.local/lib/python3.7/site-packages/airflow/example_dags/example_branch_labels.py
[2023-03-14T14:14:19.897+0000] {logging_mixin.py:137} INFO - [2023-03-14T14:14:19.897+0000] {dag.py:2690} INFO - Sync 1 DAGs
[2023-03-14T14:14:19.965+0000] {logging_mixin.py:137} INFO - [2023-03-14T14:14:19.965+0000] {dag.py:3441} INFO - Setting next_dagrun for example_branch_labels to 2023-03-13T00:00:00+00:00, run_after=2023-03-14T00:00:00+00:00
[2023-03-14T14:14:20.003+0000] {processor.py:175} INFO - Processing /home/airflow/.local/lib/python3.7/site-packages/airflow/example_dags/example_branch_labels.py took 0.285 seconds
[2023-03-14T14:14:51.067+0000] {processor.py:153} INFO - Started process (PID=5474) to work on /home/airflow/.local/lib/python3.7/site-packages/airflow/example_dags/example_branch_labels.py
[2023-03-14T14:14:51.068+0000] {processor.py:743} INFO - Processing file /home/airflow/.local/lib/python3.7/site-packages/airflow/example_dags/example_branch_labels.py for tasks to queue
[2023-03-14T14:14:51.069+0000] {logging_mixin.py:137} INFO - [2023-03-14T14:14:51.069+0000] {dagbag.py:538} INFO - Filling up the DagBag from /home/airflow/.local/lib/python3.7/site-packages/airflow/example_dags/example_branch_labels.py
[2023-03-14T14:14:51.085+0000] {processor.py:753} INFO - DAG(s) dict_keys(['example_branch_labels']) retrieved from /home/airflow/.local/lib/python3.7/site-packages/airflow/example_dags/example_branch_labels.py
[2023-03-14T14:14:51.121+0000] {logging_mixin.py:137} INFO - [2023-03-14T14:14:51.121+0000] {dag.py:2690} INFO - Sync 1 DAGs
[2023-03-14T14:14:51.153+0000] {logging_mixin.py:137} INFO - [2023-03-14T14:14:51.153+0000] {dag.py:3441} INFO - Setting next_dagrun for example_branch_labels to 2023-03-13T00:00:00+00:00, run_after=2023-03-14T00:00:00+00:00
[2023-03-14T14:14:51.176+0000] {processor.py:175} INFO - Processing /home/airflow/.local/lib/python3.7/site-packages/airflow/example_dags/example_branch_labels.py took 0.113 seconds
[2023-03-14T14:15:21.517+0000] {processor.py:153} INFO - Started process (PID=5689) to work on /home/airflow/.local/lib/python3.7/site-packages/airflow/example_dags/example_branch_labels.py
[2023-03-14T14:15:21.518+0000] {processor.py:743} INFO - Processing file /home/airflow/.local/lib/python3.7/site-packages/airflow/example_dags/example_branch_labels.py for tasks to queue
[2023-03-14T14:15:21.519+0000] {logging_mixin.py:137} INFO - [2023-03-14T14:15:21.519+0000] {dagbag.py:538} INFO - Filling up the DagBag from /home/airflow/.local/lib/python3.7/site-packages/airflow/example_dags/example_branch_labels.py
[2023-03-14T14:15:21.543+0000] {processor.py:753} INFO - DAG(s) dict_keys(['example_branch_labels']) retrieved from /home/airflow/.local/lib/python3.7/site-packages/airflow/example_dags/example_branch_labels.py
[2023-03-14T14:15:21.590+0000] {logging_mixin.py:137} INFO - [2023-03-14T14:15:21.590+0000] {dag.py:2690} INFO - Sync 1 DAGs
[2023-03-14T14:15:21.634+0000] {logging_mixin.py:137} INFO - [2023-03-14T14:15:21.633+0000] {dag.py:3441} INFO - Setting next_dagrun for example_branch_labels to 2023-03-13T00:00:00+00:00, run_after=2023-03-14T00:00:00+00:00
[2023-03-14T14:15:21.666+0000] {processor.py:175} INFO - Processing /home/airflow/.local/lib/python3.7/site-packages/airflow/example_dags/example_branch_labels.py took 0.154 seconds
