[2023-03-14T14:02:25.676+0000] {processor.py:153} INFO - Started process (PID=192) to work on /home/airflow/.local/lib/python3.7/site-packages/airflow/example_dags/example_branch_day_of_week_operator.py
[2023-03-14T14:02:25.680+0000] {processor.py:743} INFO - Processing file /home/airflow/.local/lib/python3.7/site-packages/airflow/example_dags/example_branch_day_of_week_operator.py for tasks to queue
[2023-03-14T14:02:25.681+0000] {logging_mixin.py:137} INFO - [2023-03-14T14:02:25.681+0000] {dagbag.py:538} INFO - Filling up the DagBag from /home/airflow/.local/lib/python3.7/site-packages/airflow/example_dags/example_branch_day_of_week_operator.py
[2023-03-14T14:02:25.741+0000] {processor.py:753} INFO - DAG(s) dict_keys(['example_weekday_branch_operator']) retrieved from /home/airflow/.local/lib/python3.7/site-packages/airflow/example_dags/example_branch_day_of_week_operator.py
[2023-03-14T14:02:25.865+0000] {logging_mixin.py:137} INFO - [2023-03-14T14:02:25.865+0000] {dag.py:2690} INFO - Sync 1 DAGs
[2023-03-14T14:02:25.952+0000] {logging_mixin.py:137} INFO - [2023-03-14T14:02:25.952+0000] {dag.py:3441} INFO - Setting next_dagrun for example_weekday_branch_operator to 2023-03-13T00:00:00+00:00, run_after=2023-03-14T00:00:00+00:00
[2023-03-14T14:02:26.020+0000] {processor.py:175} INFO - Processing /home/airflow/.local/lib/python3.7/site-packages/airflow/example_dags/example_branch_day_of_week_operator.py took 0.354 seconds
[2023-03-14T14:02:56.201+0000] {processor.py:153} INFO - Started process (PID=406) to work on /home/airflow/.local/lib/python3.7/site-packages/airflow/example_dags/example_branch_day_of_week_operator.py
[2023-03-14T14:02:56.202+0000] {processor.py:743} INFO - Processing file /home/airflow/.local/lib/python3.7/site-packages/airflow/example_dags/example_branch_day_of_week_operator.py for tasks to queue
[2023-03-14T14:02:56.204+0000] {logging_mixin.py:137} INFO - [2023-03-14T14:02:56.203+0000] {dagbag.py:538} INFO - Filling up the DagBag from /home/airflow/.local/lib/python3.7/site-packages/airflow/example_dags/example_branch_day_of_week_operator.py
[2023-03-14T14:02:56.230+0000] {processor.py:753} INFO - DAG(s) dict_keys(['example_weekday_branch_operator']) retrieved from /home/airflow/.local/lib/python3.7/site-packages/airflow/example_dags/example_branch_day_of_week_operator.py
[2023-03-14T14:02:56.332+0000] {logging_mixin.py:137} INFO - [2023-03-14T14:02:56.332+0000] {dag.py:2690} INFO - Sync 1 DAGs
[2023-03-14T14:02:56.473+0000] {logging_mixin.py:137} INFO - [2023-03-14T14:02:56.473+0000] {dag.py:3441} INFO - Setting next_dagrun for example_weekday_branch_operator to 2023-03-13T00:00:00+00:00, run_after=2023-03-14T00:00:00+00:00
[2023-03-14T14:02:56.575+0000] {processor.py:175} INFO - Processing /home/airflow/.local/lib/python3.7/site-packages/airflow/example_dags/example_branch_day_of_week_operator.py took 0.380 seconds
[2023-03-14T14:03:27.167+0000] {processor.py:153} INFO - Started process (PID=621) to work on /home/airflow/.local/lib/python3.7/site-packages/airflow/example_dags/example_branch_day_of_week_operator.py
[2023-03-14T14:03:27.171+0000] {processor.py:743} INFO - Processing file /home/airflow/.local/lib/python3.7/site-packages/airflow/example_dags/example_branch_day_of_week_operator.py for tasks to queue
[2023-03-14T14:03:27.172+0000] {logging_mixin.py:137} INFO - [2023-03-14T14:03:27.172+0000] {dagbag.py:538} INFO - Filling up the DagBag from /home/airflow/.local/lib/python3.7/site-packages/airflow/example_dags/example_branch_day_of_week_operator.py
[2023-03-14T14:03:27.212+0000] {processor.py:753} INFO - DAG(s) dict_keys(['example_weekday_branch_operator']) retrieved from /home/airflow/.local/lib/python3.7/site-packages/airflow/example_dags/example_branch_day_of_week_operator.py
[2023-03-14T14:03:27.267+0000] {logging_mixin.py:137} INFO - [2023-03-14T14:03:27.267+0000] {dag.py:2690} INFO - Sync 1 DAGs
[2023-03-14T14:03:27.342+0000] {logging_mixin.py:137} INFO - [2023-03-14T14:03:27.342+0000] {dag.py:3441} INFO - Setting next_dagrun for example_weekday_branch_operator to 2023-03-13T00:00:00+00:00, run_after=2023-03-14T00:00:00+00:00
[2023-03-14T14:03:27.405+0000] {processor.py:175} INFO - Processing /home/airflow/.local/lib/python3.7/site-packages/airflow/example_dags/example_branch_day_of_week_operator.py took 0.244 seconds
[2023-03-14T14:03:58.808+0000] {processor.py:153} INFO - Started process (PID=842) to work on /home/airflow/.local/lib/python3.7/site-packages/airflow/example_dags/example_branch_day_of_week_operator.py
[2023-03-14T14:03:58.823+0000] {processor.py:743} INFO - Processing file /home/airflow/.local/lib/python3.7/site-packages/airflow/example_dags/example_branch_day_of_week_operator.py for tasks to queue
[2023-03-14T14:03:58.824+0000] {logging_mixin.py:137} INFO - [2023-03-14T14:03:58.824+0000] {dagbag.py:538} INFO - Filling up the DagBag from /home/airflow/.local/lib/python3.7/site-packages/airflow/example_dags/example_branch_day_of_week_operator.py
[2023-03-14T14:03:58.911+0000] {processor.py:753} INFO - DAG(s) dict_keys(['example_weekday_branch_operator']) retrieved from /home/airflow/.local/lib/python3.7/site-packages/airflow/example_dags/example_branch_day_of_week_operator.py
[2023-03-14T14:03:59.045+0000] {logging_mixin.py:137} INFO - [2023-03-14T14:03:59.045+0000] {dag.py:2690} INFO - Sync 1 DAGs
[2023-03-14T14:03:59.180+0000] {logging_mixin.py:137} INFO - [2023-03-14T14:03:59.179+0000] {dag.py:3441} INFO - Setting next_dagrun for example_weekday_branch_operator to 2023-03-13T00:00:00+00:00, run_after=2023-03-14T00:00:00+00:00
[2023-03-14T14:03:59.270+0000] {processor.py:175} INFO - Processing /home/airflow/.local/lib/python3.7/site-packages/airflow/example_dags/example_branch_day_of_week_operator.py took 0.467 seconds
[2023-03-14T14:04:29.887+0000] {processor.py:153} INFO - Started process (PID=1060) to work on /home/airflow/.local/lib/python3.7/site-packages/airflow/example_dags/example_branch_day_of_week_operator.py
[2023-03-14T14:04:29.888+0000] {processor.py:743} INFO - Processing file /home/airflow/.local/lib/python3.7/site-packages/airflow/example_dags/example_branch_day_of_week_operator.py for tasks to queue
[2023-03-14T14:04:29.890+0000] {logging_mixin.py:137} INFO - [2023-03-14T14:04:29.889+0000] {dagbag.py:538} INFO - Filling up the DagBag from /home/airflow/.local/lib/python3.7/site-packages/airflow/example_dags/example_branch_day_of_week_operator.py
[2023-03-14T14:04:29.914+0000] {processor.py:753} INFO - DAG(s) dict_keys(['example_weekday_branch_operator']) retrieved from /home/airflow/.local/lib/python3.7/site-packages/airflow/example_dags/example_branch_day_of_week_operator.py
[2023-03-14T14:04:29.950+0000] {logging_mixin.py:137} INFO - [2023-03-14T14:04:29.950+0000] {dag.py:2690} INFO - Sync 1 DAGs
[2023-03-14T14:04:30.013+0000] {logging_mixin.py:137} INFO - [2023-03-14T14:04:30.013+0000] {dag.py:3441} INFO - Setting next_dagrun for example_weekday_branch_operator to 2023-03-13T00:00:00+00:00, run_after=2023-03-14T00:00:00+00:00
[2023-03-14T14:04:30.046+0000] {processor.py:175} INFO - Processing /home/airflow/.local/lib/python3.7/site-packages/airflow/example_dags/example_branch_day_of_week_operator.py took 0.167 seconds
[2023-03-14T14:05:00.537+0000] {processor.py:153} INFO - Started process (PID=1273) to work on /home/airflow/.local/lib/python3.7/site-packages/airflow/example_dags/example_branch_day_of_week_operator.py
[2023-03-14T14:05:00.548+0000] {processor.py:743} INFO - Processing file /home/airflow/.local/lib/python3.7/site-packages/airflow/example_dags/example_branch_day_of_week_operator.py for tasks to queue
[2023-03-14T14:05:00.555+0000] {logging_mixin.py:137} INFO - [2023-03-14T14:05:00.554+0000] {dagbag.py:538} INFO - Filling up the DagBag from /home/airflow/.local/lib/python3.7/site-packages/airflow/example_dags/example_branch_day_of_week_operator.py
[2023-03-14T14:05:00.659+0000] {processor.py:753} INFO - DAG(s) dict_keys(['example_weekday_branch_operator']) retrieved from /home/airflow/.local/lib/python3.7/site-packages/airflow/example_dags/example_branch_day_of_week_operator.py
[2023-03-14T14:05:00.794+0000] {logging_mixin.py:137} INFO - [2023-03-14T14:05:00.794+0000] {dag.py:2690} INFO - Sync 1 DAGs
[2023-03-14T14:05:01.019+0000] {logging_mixin.py:137} INFO - [2023-03-14T14:05:01.019+0000] {dag.py:3441} INFO - Setting next_dagrun for example_weekday_branch_operator to 2023-03-13T00:00:00+00:00, run_after=2023-03-14T00:00:00+00:00
[2023-03-14T14:05:01.097+0000] {processor.py:175} INFO - Processing /home/airflow/.local/lib/python3.7/site-packages/airflow/example_dags/example_branch_day_of_week_operator.py took 0.592 seconds
[2023-03-14T14:05:31.998+0000] {processor.py:153} INFO - Started process (PID=1490) to work on /home/airflow/.local/lib/python3.7/site-packages/airflow/example_dags/example_branch_day_of_week_operator.py
[2023-03-14T14:05:32.000+0000] {processor.py:743} INFO - Processing file /home/airflow/.local/lib/python3.7/site-packages/airflow/example_dags/example_branch_day_of_week_operator.py for tasks to queue
[2023-03-14T14:05:32.001+0000] {logging_mixin.py:137} INFO - [2023-03-14T14:05:32.001+0000] {dagbag.py:538} INFO - Filling up the DagBag from /home/airflow/.local/lib/python3.7/site-packages/airflow/example_dags/example_branch_day_of_week_operator.py
[2023-03-14T14:05:32.029+0000] {processor.py:753} INFO - DAG(s) dict_keys(['example_weekday_branch_operator']) retrieved from /home/airflow/.local/lib/python3.7/site-packages/airflow/example_dags/example_branch_day_of_week_operator.py
[2023-03-14T14:05:32.072+0000] {logging_mixin.py:137} INFO - [2023-03-14T14:05:32.071+0000] {dag.py:2690} INFO - Sync 1 DAGs
[2023-03-14T14:05:32.122+0000] {logging_mixin.py:137} INFO - [2023-03-14T14:05:32.120+0000] {dag.py:3441} INFO - Setting next_dagrun for example_weekday_branch_operator to 2023-03-13T00:00:00+00:00, run_after=2023-03-14T00:00:00+00:00
[2023-03-14T14:05:32.169+0000] {processor.py:175} INFO - Processing /home/airflow/.local/lib/python3.7/site-packages/airflow/example_dags/example_branch_day_of_week_operator.py took 0.176 seconds
[2023-03-14T14:06:02.570+0000] {processor.py:153} INFO - Started process (PID=1704) to work on /home/airflow/.local/lib/python3.7/site-packages/airflow/example_dags/example_branch_day_of_week_operator.py
[2023-03-14T14:06:02.579+0000] {processor.py:743} INFO - Processing file /home/airflow/.local/lib/python3.7/site-packages/airflow/example_dags/example_branch_day_of_week_operator.py for tasks to queue
[2023-03-14T14:06:02.580+0000] {logging_mixin.py:137} INFO - [2023-03-14T14:06:02.580+0000] {dagbag.py:538} INFO - Filling up the DagBag from /home/airflow/.local/lib/python3.7/site-packages/airflow/example_dags/example_branch_day_of_week_operator.py
[2023-03-14T14:06:02.671+0000] {processor.py:753} INFO - DAG(s) dict_keys(['example_weekday_branch_operator']) retrieved from /home/airflow/.local/lib/python3.7/site-packages/airflow/example_dags/example_branch_day_of_week_operator.py
[2023-03-14T14:06:02.835+0000] {logging_mixin.py:137} INFO - [2023-03-14T14:06:02.835+0000] {dag.py:2690} INFO - Sync 1 DAGs
[2023-03-14T14:06:02.996+0000] {logging_mixin.py:137} INFO - [2023-03-14T14:06:02.996+0000] {dag.py:3441} INFO - Setting next_dagrun for example_weekday_branch_operator to 2023-03-13T00:00:00+00:00, run_after=2023-03-14T00:00:00+00:00
[2023-03-14T14:06:03.050+0000] {processor.py:175} INFO - Processing /home/airflow/.local/lib/python3.7/site-packages/airflow/example_dags/example_branch_day_of_week_operator.py took 0.506 seconds
[2023-03-14T14:06:33.563+0000] {processor.py:153} INFO - Started process (PID=1918) to work on /home/airflow/.local/lib/python3.7/site-packages/airflow/example_dags/example_branch_day_of_week_operator.py
[2023-03-14T14:06:33.569+0000] {processor.py:743} INFO - Processing file /home/airflow/.local/lib/python3.7/site-packages/airflow/example_dags/example_branch_day_of_week_operator.py for tasks to queue
[2023-03-14T14:06:33.570+0000] {logging_mixin.py:137} INFO - [2023-03-14T14:06:33.570+0000] {dagbag.py:538} INFO - Filling up the DagBag from /home/airflow/.local/lib/python3.7/site-packages/airflow/example_dags/example_branch_day_of_week_operator.py
[2023-03-14T14:06:33.610+0000] {processor.py:753} INFO - DAG(s) dict_keys(['example_weekday_branch_operator']) retrieved from /home/airflow/.local/lib/python3.7/site-packages/airflow/example_dags/example_branch_day_of_week_operator.py
[2023-03-14T14:06:33.684+0000] {logging_mixin.py:137} INFO - [2023-03-14T14:06:33.684+0000] {dag.py:2690} INFO - Sync 1 DAGs
[2023-03-14T14:06:33.760+0000] {logging_mixin.py:137} INFO - [2023-03-14T14:06:33.760+0000] {dag.py:3441} INFO - Setting next_dagrun for example_weekday_branch_operator to 2023-03-13T00:00:00+00:00, run_after=2023-03-14T00:00:00+00:00
[2023-03-14T14:06:33.824+0000] {processor.py:175} INFO - Processing /home/airflow/.local/lib/python3.7/site-packages/airflow/example_dags/example_branch_day_of_week_operator.py took 0.266 seconds
[2023-03-14T14:07:04.567+0000] {processor.py:153} INFO - Started process (PID=2133) to work on /home/airflow/.local/lib/python3.7/site-packages/airflow/example_dags/example_branch_day_of_week_operator.py
[2023-03-14T14:07:04.570+0000] {processor.py:743} INFO - Processing file /home/airflow/.local/lib/python3.7/site-packages/airflow/example_dags/example_branch_day_of_week_operator.py for tasks to queue
[2023-03-14T14:07:04.573+0000] {logging_mixin.py:137} INFO - [2023-03-14T14:07:04.572+0000] {dagbag.py:538} INFO - Filling up the DagBag from /home/airflow/.local/lib/python3.7/site-packages/airflow/example_dags/example_branch_day_of_week_operator.py
[2023-03-14T14:07:04.632+0000] {processor.py:753} INFO - DAG(s) dict_keys(['example_weekday_branch_operator']) retrieved from /home/airflow/.local/lib/python3.7/site-packages/airflow/example_dags/example_branch_day_of_week_operator.py
[2023-03-14T14:07:04.702+0000] {logging_mixin.py:137} INFO - [2023-03-14T14:07:04.702+0000] {dag.py:2690} INFO - Sync 1 DAGs
[2023-03-14T14:07:04.778+0000] {logging_mixin.py:137} INFO - [2023-03-14T14:07:04.778+0000] {dag.py:3441} INFO - Setting next_dagrun for example_weekday_branch_operator to 2023-03-13T00:00:00+00:00, run_after=2023-03-14T00:00:00+00:00
[2023-03-14T14:07:04.828+0000] {processor.py:175} INFO - Processing /home/airflow/.local/lib/python3.7/site-packages/airflow/example_dags/example_branch_day_of_week_operator.py took 0.284 seconds
[2023-03-14T14:07:35.056+0000] {processor.py:153} INFO - Started process (PID=2360) to work on /home/airflow/.local/lib/python3.7/site-packages/airflow/example_dags/example_branch_day_of_week_operator.py
[2023-03-14T14:07:35.056+0000] {processor.py:743} INFO - Processing file /home/airflow/.local/lib/python3.7/site-packages/airflow/example_dags/example_branch_day_of_week_operator.py for tasks to queue
[2023-03-14T14:07:35.057+0000] {logging_mixin.py:137} INFO - [2023-03-14T14:07:35.057+0000] {dagbag.py:538} INFO - Filling up the DagBag from /home/airflow/.local/lib/python3.7/site-packages/airflow/example_dags/example_branch_day_of_week_operator.py
[2023-03-14T14:07:35.082+0000] {processor.py:753} INFO - DAG(s) dict_keys(['example_weekday_branch_operator']) retrieved from /home/airflow/.local/lib/python3.7/site-packages/airflow/example_dags/example_branch_day_of_week_operator.py
[2023-03-14T14:07:35.125+0000] {logging_mixin.py:137} INFO - [2023-03-14T14:07:35.124+0000] {dag.py:2690} INFO - Sync 1 DAGs
[2023-03-14T14:07:35.166+0000] {logging_mixin.py:137} INFO - [2023-03-14T14:07:35.165+0000] {dag.py:3441} INFO - Setting next_dagrun for example_weekday_branch_operator to 2023-03-13T00:00:00+00:00, run_after=2023-03-14T00:00:00+00:00
[2023-03-14T14:07:35.200+0000] {processor.py:175} INFO - Processing /home/airflow/.local/lib/python3.7/site-packages/airflow/example_dags/example_branch_day_of_week_operator.py took 0.150 seconds
[2023-03-14T14:08:06.353+0000] {processor.py:153} INFO - Started process (PID=2573) to work on /home/airflow/.local/lib/python3.7/site-packages/airflow/example_dags/example_branch_day_of_week_operator.py
[2023-03-14T14:08:06.354+0000] {processor.py:743} INFO - Processing file /home/airflow/.local/lib/python3.7/site-packages/airflow/example_dags/example_branch_day_of_week_operator.py for tasks to queue
[2023-03-14T14:08:06.356+0000] {logging_mixin.py:137} INFO - [2023-03-14T14:08:06.356+0000] {dagbag.py:538} INFO - Filling up the DagBag from /home/airflow/.local/lib/python3.7/site-packages/airflow/example_dags/example_branch_day_of_week_operator.py
[2023-03-14T14:08:06.382+0000] {processor.py:753} INFO - DAG(s) dict_keys(['example_weekday_branch_operator']) retrieved from /home/airflow/.local/lib/python3.7/site-packages/airflow/example_dags/example_branch_day_of_week_operator.py
[2023-03-14T14:08:06.429+0000] {logging_mixin.py:137} INFO - [2023-03-14T14:08:06.428+0000] {dag.py:2690} INFO - Sync 1 DAGs
[2023-03-14T14:08:06.474+0000] {logging_mixin.py:137} INFO - [2023-03-14T14:08:06.474+0000] {dag.py:3441} INFO - Setting next_dagrun for example_weekday_branch_operator to 2023-03-13T00:00:00+00:00, run_after=2023-03-14T00:00:00+00:00
[2023-03-14T14:08:06.508+0000] {processor.py:175} INFO - Processing /home/airflow/.local/lib/python3.7/site-packages/airflow/example_dags/example_branch_day_of_week_operator.py took 0.161 seconds
[2023-03-14T14:08:37.118+0000] {processor.py:153} INFO - Started process (PID=2789) to work on /home/airflow/.local/lib/python3.7/site-packages/airflow/example_dags/example_branch_day_of_week_operator.py
[2023-03-14T14:08:37.119+0000] {processor.py:743} INFO - Processing file /home/airflow/.local/lib/python3.7/site-packages/airflow/example_dags/example_branch_day_of_week_operator.py for tasks to queue
[2023-03-14T14:08:37.121+0000] {logging_mixin.py:137} INFO - [2023-03-14T14:08:37.121+0000] {dagbag.py:538} INFO - Filling up the DagBag from /home/airflow/.local/lib/python3.7/site-packages/airflow/example_dags/example_branch_day_of_week_operator.py
[2023-03-14T14:08:37.143+0000] {processor.py:753} INFO - DAG(s) dict_keys(['example_weekday_branch_operator']) retrieved from /home/airflow/.local/lib/python3.7/site-packages/airflow/example_dags/example_branch_day_of_week_operator.py
[2023-03-14T14:08:37.201+0000] {logging_mixin.py:137} INFO - [2023-03-14T14:08:37.201+0000] {dag.py:2690} INFO - Sync 1 DAGs
[2023-03-14T14:08:37.248+0000] {logging_mixin.py:137} INFO - [2023-03-14T14:08:37.247+0000] {dag.py:3441} INFO - Setting next_dagrun for example_weekday_branch_operator to 2023-03-13T00:00:00+00:00, run_after=2023-03-14T00:00:00+00:00
[2023-03-14T14:08:37.282+0000] {processor.py:175} INFO - Processing /home/airflow/.local/lib/python3.7/site-packages/airflow/example_dags/example_branch_day_of_week_operator.py took 0.170 seconds
[2023-03-14T14:09:08.942+0000] {processor.py:153} INFO - Started process (PID=3022) to work on /home/airflow/.local/lib/python3.7/site-packages/airflow/example_dags/example_branch_day_of_week_operator.py
[2023-03-14T14:09:08.957+0000] {processor.py:743} INFO - Processing file /home/airflow/.local/lib/python3.7/site-packages/airflow/example_dags/example_branch_day_of_week_operator.py for tasks to queue
[2023-03-14T14:09:08.959+0000] {logging_mixin.py:137} INFO - [2023-03-14T14:09:08.959+0000] {dagbag.py:538} INFO - Filling up the DagBag from /home/airflow/.local/lib/python3.7/site-packages/airflow/example_dags/example_branch_day_of_week_operator.py
[2023-03-14T14:09:09.111+0000] {processor.py:753} INFO - DAG(s) dict_keys(['example_weekday_branch_operator']) retrieved from /home/airflow/.local/lib/python3.7/site-packages/airflow/example_dags/example_branch_day_of_week_operator.py
[2023-03-14T14:09:09.317+0000] {logging_mixin.py:137} INFO - [2023-03-14T14:09:09.317+0000] {dag.py:2690} INFO - Sync 1 DAGs
[2023-03-14T14:09:09.585+0000] {logging_mixin.py:137} INFO - [2023-03-14T14:09:09.585+0000] {dag.py:3441} INFO - Setting next_dagrun for example_weekday_branch_operator to 2023-03-13T00:00:00+00:00, run_after=2023-03-14T00:00:00+00:00
[2023-03-14T14:09:09.658+0000] {processor.py:175} INFO - Processing /home/airflow/.local/lib/python3.7/site-packages/airflow/example_dags/example_branch_day_of_week_operator.py took 0.734 seconds
[2023-03-14T14:09:40.625+0000] {processor.py:153} INFO - Started process (PID=3257) to work on /home/airflow/.local/lib/python3.7/site-packages/airflow/example_dags/example_branch_day_of_week_operator.py
[2023-03-14T14:09:40.641+0000] {processor.py:743} INFO - Processing file /home/airflow/.local/lib/python3.7/site-packages/airflow/example_dags/example_branch_day_of_week_operator.py for tasks to queue
[2023-03-14T14:09:40.642+0000] {logging_mixin.py:137} INFO - [2023-03-14T14:09:40.642+0000] {dagbag.py:538} INFO - Filling up the DagBag from /home/airflow/.local/lib/python3.7/site-packages/airflow/example_dags/example_branch_day_of_week_operator.py
[2023-03-14T14:09:40.701+0000] {processor.py:753} INFO - DAG(s) dict_keys(['example_weekday_branch_operator']) retrieved from /home/airflow/.local/lib/python3.7/site-packages/airflow/example_dags/example_branch_day_of_week_operator.py
[2023-03-14T14:09:40.776+0000] {logging_mixin.py:137} INFO - [2023-03-14T14:09:40.776+0000] {dag.py:2690} INFO - Sync 1 DAGs
[2023-03-14T14:09:40.860+0000] {logging_mixin.py:137} INFO - [2023-03-14T14:09:40.860+0000] {dag.py:3441} INFO - Setting next_dagrun for example_weekday_branch_operator to 2023-03-13T00:00:00+00:00, run_after=2023-03-14T00:00:00+00:00
[2023-03-14T14:09:40.920+0000] {processor.py:175} INFO - Processing /home/airflow/.local/lib/python3.7/site-packages/airflow/example_dags/example_branch_day_of_week_operator.py took 0.309 seconds
[2023-03-14T14:10:11.735+0000] {processor.py:153} INFO - Started process (PID=3472) to work on /home/airflow/.local/lib/python3.7/site-packages/airflow/example_dags/example_branch_day_of_week_operator.py
[2023-03-14T14:10:11.757+0000] {processor.py:743} INFO - Processing file /home/airflow/.local/lib/python3.7/site-packages/airflow/example_dags/example_branch_day_of_week_operator.py for tasks to queue
[2023-03-14T14:10:11.759+0000] {logging_mixin.py:137} INFO - [2023-03-14T14:10:11.759+0000] {dagbag.py:538} INFO - Filling up the DagBag from /home/airflow/.local/lib/python3.7/site-packages/airflow/example_dags/example_branch_day_of_week_operator.py
[2023-03-14T14:10:11.812+0000] {processor.py:753} INFO - DAG(s) dict_keys(['example_weekday_branch_operator']) retrieved from /home/airflow/.local/lib/python3.7/site-packages/airflow/example_dags/example_branch_day_of_week_operator.py
[2023-03-14T14:10:11.877+0000] {logging_mixin.py:137} INFO - [2023-03-14T14:10:11.877+0000] {dag.py:2690} INFO - Sync 1 DAGs
[2023-03-14T14:10:11.967+0000] {logging_mixin.py:137} INFO - [2023-03-14T14:10:11.967+0000] {dag.py:3441} INFO - Setting next_dagrun for example_weekday_branch_operator to 2023-03-13T00:00:00+00:00, run_after=2023-03-14T00:00:00+00:00
[2023-03-14T14:10:12.026+0000] {processor.py:175} INFO - Processing /home/airflow/.local/lib/python3.7/site-packages/airflow/example_dags/example_branch_day_of_week_operator.py took 0.313 seconds
[2023-03-14T14:10:42.878+0000] {processor.py:153} INFO - Started process (PID=3687) to work on /home/airflow/.local/lib/python3.7/site-packages/airflow/example_dags/example_branch_day_of_week_operator.py
[2023-03-14T14:10:42.880+0000] {processor.py:743} INFO - Processing file /home/airflow/.local/lib/python3.7/site-packages/airflow/example_dags/example_branch_day_of_week_operator.py for tasks to queue
[2023-03-14T14:10:42.882+0000] {logging_mixin.py:137} INFO - [2023-03-14T14:10:42.882+0000] {dagbag.py:538} INFO - Filling up the DagBag from /home/airflow/.local/lib/python3.7/site-packages/airflow/example_dags/example_branch_day_of_week_operator.py
[2023-03-14T14:10:42.921+0000] {processor.py:753} INFO - DAG(s) dict_keys(['example_weekday_branch_operator']) retrieved from /home/airflow/.local/lib/python3.7/site-packages/airflow/example_dags/example_branch_day_of_week_operator.py
[2023-03-14T14:10:42.963+0000] {logging_mixin.py:137} INFO - [2023-03-14T14:10:42.962+0000] {dag.py:2690} INFO - Sync 1 DAGs
[2023-03-14T14:10:43.006+0000] {logging_mixin.py:137} INFO - [2023-03-14T14:10:43.006+0000] {dag.py:3441} INFO - Setting next_dagrun for example_weekday_branch_operator to 2023-03-13T00:00:00+00:00, run_after=2023-03-14T00:00:00+00:00
[2023-03-14T14:10:43.037+0000] {processor.py:175} INFO - Processing /home/airflow/.local/lib/python3.7/site-packages/airflow/example_dags/example_branch_day_of_week_operator.py took 0.165 seconds
[2023-03-14T14:11:13.409+0000] {processor.py:153} INFO - Started process (PID=3902) to work on /home/airflow/.local/lib/python3.7/site-packages/airflow/example_dags/example_branch_day_of_week_operator.py
[2023-03-14T14:11:13.432+0000] {processor.py:743} INFO - Processing file /home/airflow/.local/lib/python3.7/site-packages/airflow/example_dags/example_branch_day_of_week_operator.py for tasks to queue
[2023-03-14T14:11:13.436+0000] {logging_mixin.py:137} INFO - [2023-03-14T14:11:13.435+0000] {dagbag.py:538} INFO - Filling up the DagBag from /home/airflow/.local/lib/python3.7/site-packages/airflow/example_dags/example_branch_day_of_week_operator.py
[2023-03-14T14:11:13.567+0000] {processor.py:753} INFO - DAG(s) dict_keys(['example_weekday_branch_operator']) retrieved from /home/airflow/.local/lib/python3.7/site-packages/airflow/example_dags/example_branch_day_of_week_operator.py
[2023-03-14T14:11:13.626+0000] {logging_mixin.py:137} INFO - [2023-03-14T14:11:13.626+0000] {dag.py:2690} INFO - Sync 1 DAGs
[2023-03-14T14:11:13.668+0000] {logging_mixin.py:137} INFO - [2023-03-14T14:11:13.668+0000] {dag.py:3441} INFO - Setting next_dagrun for example_weekday_branch_operator to 2023-03-13T00:00:00+00:00, run_after=2023-03-14T00:00:00+00:00
[2023-03-14T14:11:13.698+0000] {processor.py:175} INFO - Processing /home/airflow/.local/lib/python3.7/site-packages/airflow/example_dags/example_branch_day_of_week_operator.py took 0.295 seconds
[2023-03-14T14:11:43.788+0000] {processor.py:153} INFO - Started process (PID=4123) to work on /home/airflow/.local/lib/python3.7/site-packages/airflow/example_dags/example_branch_day_of_week_operator.py
[2023-03-14T14:11:43.790+0000] {processor.py:743} INFO - Processing file /home/airflow/.local/lib/python3.7/site-packages/airflow/example_dags/example_branch_day_of_week_operator.py for tasks to queue
[2023-03-14T14:11:43.791+0000] {logging_mixin.py:137} INFO - [2023-03-14T14:11:43.791+0000] {dagbag.py:538} INFO - Filling up the DagBag from /home/airflow/.local/lib/python3.7/site-packages/airflow/example_dags/example_branch_day_of_week_operator.py
[2023-03-14T14:11:43.833+0000] {processor.py:753} INFO - DAG(s) dict_keys(['example_weekday_branch_operator']) retrieved from /home/airflow/.local/lib/python3.7/site-packages/airflow/example_dags/example_branch_day_of_week_operator.py
[2023-03-14T14:11:43.873+0000] {logging_mixin.py:137} INFO - [2023-03-14T14:11:43.873+0000] {dag.py:2690} INFO - Sync 1 DAGs
[2023-03-14T14:11:43.930+0000] {logging_mixin.py:137} INFO - [2023-03-14T14:11:43.930+0000] {dag.py:3441} INFO - Setting next_dagrun for example_weekday_branch_operator to 2023-03-13T00:00:00+00:00, run_after=2023-03-14T00:00:00+00:00
[2023-03-14T14:11:43.976+0000] {processor.py:175} INFO - Processing /home/airflow/.local/lib/python3.7/site-packages/airflow/example_dags/example_branch_day_of_week_operator.py took 0.201 seconds
[2023-03-14T14:12:14.017+0000] {processor.py:153} INFO - Started process (PID=4331) to work on /home/airflow/.local/lib/python3.7/site-packages/airflow/example_dags/example_branch_day_of_week_operator.py
[2023-03-14T14:12:14.022+0000] {processor.py:743} INFO - Processing file /home/airflow/.local/lib/python3.7/site-packages/airflow/example_dags/example_branch_day_of_week_operator.py for tasks to queue
[2023-03-14T14:12:14.022+0000] {logging_mixin.py:137} INFO - [2023-03-14T14:12:14.022+0000] {dagbag.py:538} INFO - Filling up the DagBag from /home/airflow/.local/lib/python3.7/site-packages/airflow/example_dags/example_branch_day_of_week_operator.py
[2023-03-14T14:12:14.067+0000] {processor.py:753} INFO - DAG(s) dict_keys(['example_weekday_branch_operator']) retrieved from /home/airflow/.local/lib/python3.7/site-packages/airflow/example_dags/example_branch_day_of_week_operator.py
[2023-03-14T14:12:14.124+0000] {logging_mixin.py:137} INFO - [2023-03-14T14:12:14.124+0000] {dag.py:2690} INFO - Sync 1 DAGs
[2023-03-14T14:12:14.216+0000] {logging_mixin.py:137} INFO - [2023-03-14T14:12:14.215+0000] {dag.py:3441} INFO - Setting next_dagrun for example_weekday_branch_operator to 2023-03-13T00:00:00+00:00, run_after=2023-03-14T00:00:00+00:00
[2023-03-14T14:12:14.268+0000] {processor.py:175} INFO - Processing /home/airflow/.local/lib/python3.7/site-packages/airflow/example_dags/example_branch_day_of_week_operator.py took 0.256 seconds
[2023-03-14T14:12:44.454+0000] {processor.py:153} INFO - Started process (PID=4555) to work on /home/airflow/.local/lib/python3.7/site-packages/airflow/example_dags/example_branch_day_of_week_operator.py
[2023-03-14T14:12:44.455+0000] {processor.py:743} INFO - Processing file /home/airflow/.local/lib/python3.7/site-packages/airflow/example_dags/example_branch_day_of_week_operator.py for tasks to queue
[2023-03-14T14:12:44.456+0000] {logging_mixin.py:137} INFO - [2023-03-14T14:12:44.455+0000] {dagbag.py:538} INFO - Filling up the DagBag from /home/airflow/.local/lib/python3.7/site-packages/airflow/example_dags/example_branch_day_of_week_operator.py
[2023-03-14T14:12:44.505+0000] {processor.py:753} INFO - DAG(s) dict_keys(['example_weekday_branch_operator']) retrieved from /home/airflow/.local/lib/python3.7/site-packages/airflow/example_dags/example_branch_day_of_week_operator.py
[2023-03-14T14:12:44.564+0000] {logging_mixin.py:137} INFO - [2023-03-14T14:12:44.564+0000] {dag.py:2690} INFO - Sync 1 DAGs
[2023-03-14T14:12:44.606+0000] {logging_mixin.py:137} INFO - [2023-03-14T14:12:44.606+0000] {dag.py:3441} INFO - Setting next_dagrun for example_weekday_branch_operator to 2023-03-13T00:00:00+00:00, run_after=2023-03-14T00:00:00+00:00
[2023-03-14T14:12:44.644+0000] {processor.py:175} INFO - Processing /home/airflow/.local/lib/python3.7/site-packages/airflow/example_dags/example_branch_day_of_week_operator.py took 0.195 seconds
[2023-03-14T14:13:14.703+0000] {processor.py:153} INFO - Started process (PID=4760) to work on /home/airflow/.local/lib/python3.7/site-packages/airflow/example_dags/example_branch_day_of_week_operator.py
[2023-03-14T14:13:14.706+0000] {processor.py:743} INFO - Processing file /home/airflow/.local/lib/python3.7/site-packages/airflow/example_dags/example_branch_day_of_week_operator.py for tasks to queue
[2023-03-14T14:13:14.707+0000] {logging_mixin.py:137} INFO - [2023-03-14T14:13:14.707+0000] {dagbag.py:538} INFO - Filling up the DagBag from /home/airflow/.local/lib/python3.7/site-packages/airflow/example_dags/example_branch_day_of_week_operator.py
[2023-03-14T14:13:14.731+0000] {processor.py:753} INFO - DAG(s) dict_keys(['example_weekday_branch_operator']) retrieved from /home/airflow/.local/lib/python3.7/site-packages/airflow/example_dags/example_branch_day_of_week_operator.py
[2023-03-14T14:13:14.758+0000] {logging_mixin.py:137} INFO - [2023-03-14T14:13:14.758+0000] {dag.py:2690} INFO - Sync 1 DAGs
[2023-03-14T14:13:14.791+0000] {logging_mixin.py:137} INFO - [2023-03-14T14:13:14.790+0000] {dag.py:3441} INFO - Setting next_dagrun for example_weekday_branch_operator to 2023-03-13T00:00:00+00:00, run_after=2023-03-14T00:00:00+00:00
[2023-03-14T14:13:14.814+0000] {processor.py:175} INFO - Processing /home/airflow/.local/lib/python3.7/site-packages/airflow/example_dags/example_branch_day_of_week_operator.py took 0.114 seconds
[2023-03-14T14:13:45.353+0000] {processor.py:153} INFO - Started process (PID=4985) to work on /home/airflow/.local/lib/python3.7/site-packages/airflow/example_dags/example_branch_day_of_week_operator.py
[2023-03-14T14:13:45.361+0000] {processor.py:743} INFO - Processing file /home/airflow/.local/lib/python3.7/site-packages/airflow/example_dags/example_branch_day_of_week_operator.py for tasks to queue
[2023-03-14T14:13:45.362+0000] {logging_mixin.py:137} INFO - [2023-03-14T14:13:45.362+0000] {dagbag.py:538} INFO - Filling up the DagBag from /home/airflow/.local/lib/python3.7/site-packages/airflow/example_dags/example_branch_day_of_week_operator.py
[2023-03-14T14:13:45.387+0000] {processor.py:753} INFO - DAG(s) dict_keys(['example_weekday_branch_operator']) retrieved from /home/airflow/.local/lib/python3.7/site-packages/airflow/example_dags/example_branch_day_of_week_operator.py
[2023-03-14T14:13:45.427+0000] {logging_mixin.py:137} INFO - [2023-03-14T14:13:45.427+0000] {dag.py:2690} INFO - Sync 1 DAGs
[2023-03-14T14:13:45.470+0000] {logging_mixin.py:137} INFO - [2023-03-14T14:13:45.470+0000] {dag.py:3441} INFO - Setting next_dagrun for example_weekday_branch_operator to 2023-03-13T00:00:00+00:00, run_after=2023-03-14T00:00:00+00:00
[2023-03-14T14:13:45.509+0000] {processor.py:175} INFO - Processing /home/airflow/.local/lib/python3.7/site-packages/airflow/example_dags/example_branch_day_of_week_operator.py took 0.161 seconds
[2023-03-14T14:14:15.806+0000] {processor.py:153} INFO - Started process (PID=5198) to work on /home/airflow/.local/lib/python3.7/site-packages/airflow/example_dags/example_branch_day_of_week_operator.py
[2023-03-14T14:14:15.807+0000] {processor.py:743} INFO - Processing file /home/airflow/.local/lib/python3.7/site-packages/airflow/example_dags/example_branch_day_of_week_operator.py for tasks to queue
[2023-03-14T14:14:15.808+0000] {logging_mixin.py:137} INFO - [2023-03-14T14:14:15.808+0000] {dagbag.py:538} INFO - Filling up the DagBag from /home/airflow/.local/lib/python3.7/site-packages/airflow/example_dags/example_branch_day_of_week_operator.py
[2023-03-14T14:14:15.846+0000] {processor.py:753} INFO - DAG(s) dict_keys(['example_weekday_branch_operator']) retrieved from /home/airflow/.local/lib/python3.7/site-packages/airflow/example_dags/example_branch_day_of_week_operator.py
[2023-03-14T14:14:15.883+0000] {logging_mixin.py:137} INFO - [2023-03-14T14:14:15.883+0000] {dag.py:2690} INFO - Sync 1 DAGs
[2023-03-14T14:14:15.924+0000] {logging_mixin.py:137} INFO - [2023-03-14T14:14:15.924+0000] {dag.py:3441} INFO - Setting next_dagrun for example_weekday_branch_operator to 2023-03-13T00:00:00+00:00, run_after=2023-03-14T00:00:00+00:00
[2023-03-14T14:14:15.953+0000] {processor.py:175} INFO - Processing /home/airflow/.local/lib/python3.7/site-packages/airflow/example_dags/example_branch_day_of_week_operator.py took 0.163 seconds
[2023-03-14T14:14:46.705+0000] {processor.py:153} INFO - Started process (PID=5414) to work on /home/airflow/.local/lib/python3.7/site-packages/airflow/example_dags/example_branch_day_of_week_operator.py
[2023-03-14T14:14:46.714+0000] {processor.py:743} INFO - Processing file /home/airflow/.local/lib/python3.7/site-packages/airflow/example_dags/example_branch_day_of_week_operator.py for tasks to queue
[2023-03-14T14:14:46.715+0000] {logging_mixin.py:137} INFO - [2023-03-14T14:14:46.715+0000] {dagbag.py:538} INFO - Filling up the DagBag from /home/airflow/.local/lib/python3.7/site-packages/airflow/example_dags/example_branch_day_of_week_operator.py
[2023-03-14T14:14:46.756+0000] {processor.py:753} INFO - DAG(s) dict_keys(['example_weekday_branch_operator']) retrieved from /home/airflow/.local/lib/python3.7/site-packages/airflow/example_dags/example_branch_day_of_week_operator.py
[2023-03-14T14:14:46.797+0000] {logging_mixin.py:137} INFO - [2023-03-14T14:14:46.796+0000] {dag.py:2690} INFO - Sync 1 DAGs
[2023-03-14T14:14:46.835+0000] {logging_mixin.py:137} INFO - [2023-03-14T14:14:46.835+0000] {dag.py:3441} INFO - Setting next_dagrun for example_weekday_branch_operator to 2023-03-13T00:00:00+00:00, run_after=2023-03-14T00:00:00+00:00
[2023-03-14T14:14:46.867+0000] {processor.py:175} INFO - Processing /home/airflow/.local/lib/python3.7/site-packages/airflow/example_dags/example_branch_day_of_week_operator.py took 0.175 seconds
[2023-03-14T14:15:17.470+0000] {processor.py:153} INFO - Started process (PID=5628) to work on /home/airflow/.local/lib/python3.7/site-packages/airflow/example_dags/example_branch_day_of_week_operator.py
[2023-03-14T14:15:17.474+0000] {processor.py:743} INFO - Processing file /home/airflow/.local/lib/python3.7/site-packages/airflow/example_dags/example_branch_day_of_week_operator.py for tasks to queue
[2023-03-14T14:15:17.475+0000] {logging_mixin.py:137} INFO - [2023-03-14T14:15:17.474+0000] {dagbag.py:538} INFO - Filling up the DagBag from /home/airflow/.local/lib/python3.7/site-packages/airflow/example_dags/example_branch_day_of_week_operator.py
[2023-03-14T14:15:17.498+0000] {processor.py:753} INFO - DAG(s) dict_keys(['example_weekday_branch_operator']) retrieved from /home/airflow/.local/lib/python3.7/site-packages/airflow/example_dags/example_branch_day_of_week_operator.py
[2023-03-14T14:15:17.523+0000] {logging_mixin.py:137} INFO - [2023-03-14T14:15:17.523+0000] {dag.py:2690} INFO - Sync 1 DAGs
[2023-03-14T14:15:17.548+0000] {logging_mixin.py:137} INFO - [2023-03-14T14:15:17.548+0000] {dag.py:3441} INFO - Setting next_dagrun for example_weekday_branch_operator to 2023-03-13T00:00:00+00:00, run_after=2023-03-14T00:00:00+00:00
[2023-03-14T14:15:17.572+0000] {processor.py:175} INFO - Processing /home/airflow/.local/lib/python3.7/site-packages/airflow/example_dags/example_branch_day_of_week_operator.py took 0.108 seconds
