[2023-03-14T14:02:27.136+0000] {processor.py:153} INFO - Started process (PID=228) to work on /home/airflow/.local/lib/python3.7/site-packages/airflow/example_dags/example_nested_branch_dag.py
[2023-03-14T14:02:27.149+0000] {processor.py:743} INFO - Processing file /home/airflow/.local/lib/python3.7/site-packages/airflow/example_dags/example_nested_branch_dag.py for tasks to queue
[2023-03-14T14:02:27.158+0000] {logging_mixin.py:137} INFO - [2023-03-14T14:02:27.158+0000] {dagbag.py:538} INFO - Filling up the DagBag from /home/airflow/.local/lib/python3.7/site-packages/airflow/example_dags/example_nested_branch_dag.py
[2023-03-14T14:02:27.333+0000] {processor.py:753} INFO - DAG(s) dict_keys(['example_nested_branch_dag']) retrieved from /home/airflow/.local/lib/python3.7/site-packages/airflow/example_dags/example_nested_branch_dag.py
[2023-03-14T14:02:27.561+0000] {logging_mixin.py:137} INFO - [2023-03-14T14:02:27.561+0000] {dag.py:2690} INFO - Sync 1 DAGs
[2023-03-14T14:02:27.723+0000] {logging_mixin.py:137} INFO - [2023-03-14T14:02:27.716+0000] {dag.py:3441} INFO - Setting next_dagrun for example_nested_branch_dag to 2023-03-13T00:00:00+00:00, run_after=2023-03-14T00:00:00+00:00
[2023-03-14T14:02:27.841+0000] {processor.py:175} INFO - Processing /home/airflow/.local/lib/python3.7/site-packages/airflow/example_dags/example_nested_branch_dag.py took 0.718 seconds
[2023-03-14T14:02:58.517+0000] {processor.py:153} INFO - Started process (PID=436) to work on /home/airflow/.local/lib/python3.7/site-packages/airflow/example_dags/example_nested_branch_dag.py
[2023-03-14T14:02:58.519+0000] {processor.py:743} INFO - Processing file /home/airflow/.local/lib/python3.7/site-packages/airflow/example_dags/example_nested_branch_dag.py for tasks to queue
[2023-03-14T14:02:58.533+0000] {logging_mixin.py:137} INFO - [2023-03-14T14:02:58.533+0000] {dagbag.py:538} INFO - Filling up the DagBag from /home/airflow/.local/lib/python3.7/site-packages/airflow/example_dags/example_nested_branch_dag.py
[2023-03-14T14:02:58.717+0000] {processor.py:753} INFO - DAG(s) dict_keys(['example_nested_branch_dag']) retrieved from /home/airflow/.local/lib/python3.7/site-packages/airflow/example_dags/example_nested_branch_dag.py
[2023-03-14T14:02:58.759+0000] {logging_mixin.py:137} INFO - [2023-03-14T14:02:58.758+0000] {dag.py:2690} INFO - Sync 1 DAGs
[2023-03-14T14:02:58.834+0000] {logging_mixin.py:137} INFO - [2023-03-14T14:02:58.831+0000] {dag.py:3441} INFO - Setting next_dagrun for example_nested_branch_dag to 2023-03-13T00:00:00+00:00, run_after=2023-03-14T00:00:00+00:00
[2023-03-14T14:02:59.366+0000] {processor.py:175} INFO - Processing /home/airflow/.local/lib/python3.7/site-packages/airflow/example_dags/example_nested_branch_dag.py took 0.894 seconds
[2023-03-14T14:03:30.302+0000] {processor.py:153} INFO - Started process (PID=653) to work on /home/airflow/.local/lib/python3.7/site-packages/airflow/example_dags/example_nested_branch_dag.py
[2023-03-14T14:03:30.311+0000] {processor.py:743} INFO - Processing file /home/airflow/.local/lib/python3.7/site-packages/airflow/example_dags/example_nested_branch_dag.py for tasks to queue
[2023-03-14T14:03:30.312+0000] {logging_mixin.py:137} INFO - [2023-03-14T14:03:30.312+0000] {dagbag.py:538} INFO - Filling up the DagBag from /home/airflow/.local/lib/python3.7/site-packages/airflow/example_dags/example_nested_branch_dag.py
[2023-03-14T14:03:30.397+0000] {processor.py:753} INFO - DAG(s) dict_keys(['example_nested_branch_dag']) retrieved from /home/airflow/.local/lib/python3.7/site-packages/airflow/example_dags/example_nested_branch_dag.py
[2023-03-14T14:03:30.472+0000] {logging_mixin.py:137} INFO - [2023-03-14T14:03:30.471+0000] {dag.py:2690} INFO - Sync 1 DAGs
[2023-03-14T14:03:30.561+0000] {logging_mixin.py:137} INFO - [2023-03-14T14:03:30.561+0000] {dag.py:3441} INFO - Setting next_dagrun for example_nested_branch_dag to 2023-03-13T00:00:00+00:00, run_after=2023-03-14T00:00:00+00:00
[2023-03-14T14:03:30.615+0000] {processor.py:175} INFO - Processing /home/airflow/.local/lib/python3.7/site-packages/airflow/example_dags/example_nested_branch_dag.py took 0.327 seconds
[2023-03-14T14:04:00.914+0000] {processor.py:153} INFO - Started process (PID=874) to work on /home/airflow/.local/lib/python3.7/site-packages/airflow/example_dags/example_nested_branch_dag.py
[2023-03-14T14:04:00.918+0000] {processor.py:743} INFO - Processing file /home/airflow/.local/lib/python3.7/site-packages/airflow/example_dags/example_nested_branch_dag.py for tasks to queue
[2023-03-14T14:04:00.919+0000] {logging_mixin.py:137} INFO - [2023-03-14T14:04:00.919+0000] {dagbag.py:538} INFO - Filling up the DagBag from /home/airflow/.local/lib/python3.7/site-packages/airflow/example_dags/example_nested_branch_dag.py
[2023-03-14T14:04:01.148+0000] {processor.py:753} INFO - DAG(s) dict_keys(['example_nested_branch_dag']) retrieved from /home/airflow/.local/lib/python3.7/site-packages/airflow/example_dags/example_nested_branch_dag.py
[2023-03-14T14:04:01.273+0000] {logging_mixin.py:137} INFO - [2023-03-14T14:04:01.273+0000] {dag.py:2690} INFO - Sync 1 DAGs
[2023-03-14T14:04:01.437+0000] {logging_mixin.py:137} INFO - [2023-03-14T14:04:01.437+0000] {dag.py:3441} INFO - Setting next_dagrun for example_nested_branch_dag to 2023-03-13T00:00:00+00:00, run_after=2023-03-14T00:00:00+00:00
[2023-03-14T14:04:01.525+0000] {processor.py:175} INFO - Processing /home/airflow/.local/lib/python3.7/site-packages/airflow/example_dags/example_nested_branch_dag.py took 0.618 seconds
[2023-03-14T14:04:31.646+0000] {processor.py:153} INFO - Started process (PID=1089) to work on /home/airflow/.local/lib/python3.7/site-packages/airflow/example_dags/example_nested_branch_dag.py
[2023-03-14T14:04:31.658+0000] {processor.py:743} INFO - Processing file /home/airflow/.local/lib/python3.7/site-packages/airflow/example_dags/example_nested_branch_dag.py for tasks to queue
[2023-03-14T14:04:31.659+0000] {logging_mixin.py:137} INFO - [2023-03-14T14:04:31.658+0000] {dagbag.py:538} INFO - Filling up the DagBag from /home/airflow/.local/lib/python3.7/site-packages/airflow/example_dags/example_nested_branch_dag.py
[2023-03-14T14:04:31.737+0000] {processor.py:753} INFO - DAG(s) dict_keys(['example_nested_branch_dag']) retrieved from /home/airflow/.local/lib/python3.7/site-packages/airflow/example_dags/example_nested_branch_dag.py
[2023-03-14T14:04:31.794+0000] {logging_mixin.py:137} INFO - [2023-03-14T14:04:31.794+0000] {dag.py:2690} INFO - Sync 1 DAGs
[2023-03-14T14:04:31.884+0000] {logging_mixin.py:137} INFO - [2023-03-14T14:04:31.883+0000] {dag.py:3441} INFO - Setting next_dagrun for example_nested_branch_dag to 2023-03-13T00:00:00+00:00, run_after=2023-03-14T00:00:00+00:00
[2023-03-14T14:04:31.957+0000] {processor.py:175} INFO - Processing /home/airflow/.local/lib/python3.7/site-packages/airflow/example_dags/example_nested_branch_dag.py took 0.322 seconds
[2023-03-14T14:05:03.409+0000] {processor.py:153} INFO - Started process (PID=1305) to work on /home/airflow/.local/lib/python3.7/site-packages/airflow/example_dags/example_nested_branch_dag.py
[2023-03-14T14:05:03.429+0000] {processor.py:743} INFO - Processing file /home/airflow/.local/lib/python3.7/site-packages/airflow/example_dags/example_nested_branch_dag.py for tasks to queue
[2023-03-14T14:05:03.430+0000] {logging_mixin.py:137} INFO - [2023-03-14T14:05:03.430+0000] {dagbag.py:538} INFO - Filling up the DagBag from /home/airflow/.local/lib/python3.7/site-packages/airflow/example_dags/example_nested_branch_dag.py
[2023-03-14T14:05:03.578+0000] {processor.py:753} INFO - DAG(s) dict_keys(['example_nested_branch_dag']) retrieved from /home/airflow/.local/lib/python3.7/site-packages/airflow/example_dags/example_nested_branch_dag.py
[2023-03-14T14:05:03.711+0000] {logging_mixin.py:137} INFO - [2023-03-14T14:05:03.710+0000] {dag.py:2690} INFO - Sync 1 DAGs
[2023-03-14T14:05:03.881+0000] {logging_mixin.py:137} INFO - [2023-03-14T14:05:03.881+0000] {dag.py:3441} INFO - Setting next_dagrun for example_nested_branch_dag to 2023-03-13T00:00:00+00:00, run_after=2023-03-14T00:00:00+00:00
[2023-03-14T14:05:04.016+0000] {processor.py:175} INFO - Processing /home/airflow/.local/lib/python3.7/site-packages/airflow/example_dags/example_nested_branch_dag.py took 0.630 seconds
[2023-03-14T14:05:34.732+0000] {processor.py:153} INFO - Started process (PID=1518) to work on /home/airflow/.local/lib/python3.7/site-packages/airflow/example_dags/example_nested_branch_dag.py
[2023-03-14T14:05:34.734+0000] {processor.py:743} INFO - Processing file /home/airflow/.local/lib/python3.7/site-packages/airflow/example_dags/example_nested_branch_dag.py for tasks to queue
[2023-03-14T14:05:34.735+0000] {logging_mixin.py:137} INFO - [2023-03-14T14:05:34.735+0000] {dagbag.py:538} INFO - Filling up the DagBag from /home/airflow/.local/lib/python3.7/site-packages/airflow/example_dags/example_nested_branch_dag.py
[2023-03-14T14:05:34.859+0000] {processor.py:753} INFO - DAG(s) dict_keys(['example_nested_branch_dag']) retrieved from /home/airflow/.local/lib/python3.7/site-packages/airflow/example_dags/example_nested_branch_dag.py
[2023-03-14T14:05:34.899+0000] {logging_mixin.py:137} INFO - [2023-03-14T14:05:34.899+0000] {dag.py:2690} INFO - Sync 1 DAGs
[2023-03-14T14:05:34.967+0000] {logging_mixin.py:137} INFO - [2023-03-14T14:05:34.966+0000] {dag.py:3441} INFO - Setting next_dagrun for example_nested_branch_dag to 2023-03-13T00:00:00+00:00, run_after=2023-03-14T00:00:00+00:00
[2023-03-14T14:05:35.028+0000] {processor.py:175} INFO - Processing /home/airflow/.local/lib/python3.7/site-packages/airflow/example_dags/example_nested_branch_dag.py took 0.302 seconds
[2023-03-14T14:06:05.391+0000] {processor.py:153} INFO - Started process (PID=1733) to work on /home/airflow/.local/lib/python3.7/site-packages/airflow/example_dags/example_nested_branch_dag.py
[2023-03-14T14:06:05.403+0000] {processor.py:743} INFO - Processing file /home/airflow/.local/lib/python3.7/site-packages/airflow/example_dags/example_nested_branch_dag.py for tasks to queue
[2023-03-14T14:06:05.410+0000] {logging_mixin.py:137} INFO - [2023-03-14T14:06:05.407+0000] {dagbag.py:538} INFO - Filling up the DagBag from /home/airflow/.local/lib/python3.7/site-packages/airflow/example_dags/example_nested_branch_dag.py
[2023-03-14T14:06:05.523+0000] {processor.py:753} INFO - DAG(s) dict_keys(['example_nested_branch_dag']) retrieved from /home/airflow/.local/lib/python3.7/site-packages/airflow/example_dags/example_nested_branch_dag.py
[2023-03-14T14:06:05.657+0000] {logging_mixin.py:137} INFO - [2023-03-14T14:06:05.657+0000] {dag.py:2690} INFO - Sync 1 DAGs
[2023-03-14T14:06:05.752+0000] {logging_mixin.py:137} INFO - [2023-03-14T14:06:05.752+0000] {dag.py:3441} INFO - Setting next_dagrun for example_nested_branch_dag to 2023-03-13T00:00:00+00:00, run_after=2023-03-14T00:00:00+00:00
[2023-03-14T14:06:05.812+0000] {processor.py:175} INFO - Processing /home/airflow/.local/lib/python3.7/site-packages/airflow/example_dags/example_nested_branch_dag.py took 0.439 seconds
[2023-03-14T14:06:36.276+0000] {processor.py:153} INFO - Started process (PID=1950) to work on /home/airflow/.local/lib/python3.7/site-packages/airflow/example_dags/example_nested_branch_dag.py
[2023-03-14T14:06:36.277+0000] {processor.py:743} INFO - Processing file /home/airflow/.local/lib/python3.7/site-packages/airflow/example_dags/example_nested_branch_dag.py for tasks to queue
[2023-03-14T14:06:36.278+0000] {logging_mixin.py:137} INFO - [2023-03-14T14:06:36.277+0000] {dagbag.py:538} INFO - Filling up the DagBag from /home/airflow/.local/lib/python3.7/site-packages/airflow/example_dags/example_nested_branch_dag.py
[2023-03-14T14:06:36.303+0000] {processor.py:753} INFO - DAG(s) dict_keys(['example_nested_branch_dag']) retrieved from /home/airflow/.local/lib/python3.7/site-packages/airflow/example_dags/example_nested_branch_dag.py
[2023-03-14T14:06:36.331+0000] {logging_mixin.py:137} INFO - [2023-03-14T14:06:36.331+0000] {dag.py:2690} INFO - Sync 1 DAGs
[2023-03-14T14:06:36.362+0000] {logging_mixin.py:137} INFO - [2023-03-14T14:06:36.362+0000] {dag.py:3441} INFO - Setting next_dagrun for example_nested_branch_dag to 2023-03-13T00:00:00+00:00, run_after=2023-03-14T00:00:00+00:00
[2023-03-14T14:06:36.386+0000] {processor.py:175} INFO - Processing /home/airflow/.local/lib/python3.7/site-packages/airflow/example_dags/example_nested_branch_dag.py took 0.114 seconds
[2023-03-14T14:07:07.522+0000] {processor.py:153} INFO - Started process (PID=2173) to work on /home/airflow/.local/lib/python3.7/site-packages/airflow/example_dags/example_nested_branch_dag.py
[2023-03-14T14:07:07.524+0000] {processor.py:743} INFO - Processing file /home/airflow/.local/lib/python3.7/site-packages/airflow/example_dags/example_nested_branch_dag.py for tasks to queue
[2023-03-14T14:07:07.525+0000] {logging_mixin.py:137} INFO - [2023-03-14T14:07:07.525+0000] {dagbag.py:538} INFO - Filling up the DagBag from /home/airflow/.local/lib/python3.7/site-packages/airflow/example_dags/example_nested_branch_dag.py
[2023-03-14T14:07:07.596+0000] {processor.py:753} INFO - DAG(s) dict_keys(['example_nested_branch_dag']) retrieved from /home/airflow/.local/lib/python3.7/site-packages/airflow/example_dags/example_nested_branch_dag.py
[2023-03-14T14:07:07.641+0000] {logging_mixin.py:137} INFO - [2023-03-14T14:07:07.640+0000] {dag.py:2690} INFO - Sync 1 DAGs
[2023-03-14T14:07:07.686+0000] {logging_mixin.py:137} INFO - [2023-03-14T14:07:07.686+0000] {dag.py:3441} INFO - Setting next_dagrun for example_nested_branch_dag to 2023-03-13T00:00:00+00:00, run_after=2023-03-14T00:00:00+00:00
[2023-03-14T14:07:07.726+0000] {processor.py:175} INFO - Processing /home/airflow/.local/lib/python3.7/site-packages/airflow/example_dags/example_nested_branch_dag.py took 0.208 seconds
[2023-03-14T14:07:37.806+0000] {processor.py:153} INFO - Started process (PID=2390) to work on /home/airflow/.local/lib/python3.7/site-packages/airflow/example_dags/example_nested_branch_dag.py
[2023-03-14T14:07:37.807+0000] {processor.py:743} INFO - Processing file /home/airflow/.local/lib/python3.7/site-packages/airflow/example_dags/example_nested_branch_dag.py for tasks to queue
[2023-03-14T14:07:37.808+0000] {logging_mixin.py:137} INFO - [2023-03-14T14:07:37.808+0000] {dagbag.py:538} INFO - Filling up the DagBag from /home/airflow/.local/lib/python3.7/site-packages/airflow/example_dags/example_nested_branch_dag.py
[2023-03-14T14:07:37.834+0000] {processor.py:753} INFO - DAG(s) dict_keys(['example_nested_branch_dag']) retrieved from /home/airflow/.local/lib/python3.7/site-packages/airflow/example_dags/example_nested_branch_dag.py
[2023-03-14T14:07:37.868+0000] {logging_mixin.py:137} INFO - [2023-03-14T14:07:37.868+0000] {dag.py:2690} INFO - Sync 1 DAGs
[2023-03-14T14:07:37.897+0000] {logging_mixin.py:137} INFO - [2023-03-14T14:07:37.897+0000] {dag.py:3441} INFO - Setting next_dagrun for example_nested_branch_dag to 2023-03-13T00:00:00+00:00, run_after=2023-03-14T00:00:00+00:00
[2023-03-14T14:07:37.921+0000] {processor.py:175} INFO - Processing /home/airflow/.local/lib/python3.7/site-packages/airflow/example_dags/example_nested_branch_dag.py took 0.118 seconds
[2023-03-14T14:08:08.165+0000] {processor.py:153} INFO - Started process (PID=2603) to work on /home/airflow/.local/lib/python3.7/site-packages/airflow/example_dags/example_nested_branch_dag.py
[2023-03-14T14:08:08.167+0000] {processor.py:743} INFO - Processing file /home/airflow/.local/lib/python3.7/site-packages/airflow/example_dags/example_nested_branch_dag.py for tasks to queue
[2023-03-14T14:08:08.168+0000] {logging_mixin.py:137} INFO - [2023-03-14T14:08:08.167+0000] {dagbag.py:538} INFO - Filling up the DagBag from /home/airflow/.local/lib/python3.7/site-packages/airflow/example_dags/example_nested_branch_dag.py
[2023-03-14T14:08:08.250+0000] {processor.py:753} INFO - DAG(s) dict_keys(['example_nested_branch_dag']) retrieved from /home/airflow/.local/lib/python3.7/site-packages/airflow/example_dags/example_nested_branch_dag.py
[2023-03-14T14:08:08.314+0000] {logging_mixin.py:137} INFO - [2023-03-14T14:08:08.314+0000] {dag.py:2690} INFO - Sync 1 DAGs
[2023-03-14T14:08:08.360+0000] {logging_mixin.py:137} INFO - [2023-03-14T14:08:08.359+0000] {dag.py:3441} INFO - Setting next_dagrun for example_nested_branch_dag to 2023-03-13T00:00:00+00:00, run_after=2023-03-14T00:00:00+00:00
[2023-03-14T14:08:08.409+0000] {processor.py:175} INFO - Processing /home/airflow/.local/lib/python3.7/site-packages/airflow/example_dags/example_nested_branch_dag.py took 0.261 seconds
[2023-03-14T14:08:38.781+0000] {processor.py:153} INFO - Started process (PID=2819) to work on /home/airflow/.local/lib/python3.7/site-packages/airflow/example_dags/example_nested_branch_dag.py
[2023-03-14T14:08:38.783+0000] {processor.py:743} INFO - Processing file /home/airflow/.local/lib/python3.7/site-packages/airflow/example_dags/example_nested_branch_dag.py for tasks to queue
[2023-03-14T14:08:38.784+0000] {logging_mixin.py:137} INFO - [2023-03-14T14:08:38.784+0000] {dagbag.py:538} INFO - Filling up the DagBag from /home/airflow/.local/lib/python3.7/site-packages/airflow/example_dags/example_nested_branch_dag.py
[2023-03-14T14:08:38.826+0000] {processor.py:753} INFO - DAG(s) dict_keys(['example_nested_branch_dag']) retrieved from /home/airflow/.local/lib/python3.7/site-packages/airflow/example_dags/example_nested_branch_dag.py
[2023-03-14T14:08:38.878+0000] {logging_mixin.py:137} INFO - [2023-03-14T14:08:38.878+0000] {dag.py:2690} INFO - Sync 1 DAGs
[2023-03-14T14:08:38.934+0000] {logging_mixin.py:137} INFO - [2023-03-14T14:08:38.934+0000] {dag.py:3441} INFO - Setting next_dagrun for example_nested_branch_dag to 2023-03-13T00:00:00+00:00, run_after=2023-03-14T00:00:00+00:00
[2023-03-14T14:08:38.988+0000] {processor.py:175} INFO - Processing /home/airflow/.local/lib/python3.7/site-packages/airflow/example_dags/example_nested_branch_dag.py took 0.212 seconds
[2023-03-14T14:09:10.858+0000] {processor.py:153} INFO - Started process (PID=3052) to work on /home/airflow/.local/lib/python3.7/site-packages/airflow/example_dags/example_nested_branch_dag.py
[2023-03-14T14:09:10.875+0000] {processor.py:743} INFO - Processing file /home/airflow/.local/lib/python3.7/site-packages/airflow/example_dags/example_nested_branch_dag.py for tasks to queue
[2023-03-14T14:09:10.876+0000] {logging_mixin.py:137} INFO - [2023-03-14T14:09:10.875+0000] {dagbag.py:538} INFO - Filling up the DagBag from /home/airflow/.local/lib/python3.7/site-packages/airflow/example_dags/example_nested_branch_dag.py
[2023-03-14T14:09:10.919+0000] {processor.py:753} INFO - DAG(s) dict_keys(['example_nested_branch_dag']) retrieved from /home/airflow/.local/lib/python3.7/site-packages/airflow/example_dags/example_nested_branch_dag.py
[2023-03-14T14:09:10.998+0000] {logging_mixin.py:137} INFO - [2023-03-14T14:09:10.990+0000] {dag.py:2690} INFO - Sync 1 DAGs
[2023-03-14T14:09:11.150+0000] {logging_mixin.py:137} INFO - [2023-03-14T14:09:11.149+0000] {dag.py:3441} INFO - Setting next_dagrun for example_nested_branch_dag to 2023-03-13T00:00:00+00:00, run_after=2023-03-14T00:00:00+00:00
[2023-03-14T14:09:11.276+0000] {processor.py:175} INFO - Processing /home/airflow/.local/lib/python3.7/site-packages/airflow/example_dags/example_nested_branch_dag.py took 0.425 seconds
[2023-03-14T14:09:41.449+0000] {processor.py:153} INFO - Started process (PID=3287) to work on /home/airflow/.local/lib/python3.7/site-packages/airflow/example_dags/example_nested_branch_dag.py
[2023-03-14T14:09:41.450+0000] {processor.py:743} INFO - Processing file /home/airflow/.local/lib/python3.7/site-packages/airflow/example_dags/example_nested_branch_dag.py for tasks to queue
[2023-03-14T14:09:41.451+0000] {logging_mixin.py:137} INFO - [2023-03-14T14:09:41.451+0000] {dagbag.py:538} INFO - Filling up the DagBag from /home/airflow/.local/lib/python3.7/site-packages/airflow/example_dags/example_nested_branch_dag.py
[2023-03-14T14:09:41.484+0000] {processor.py:753} INFO - DAG(s) dict_keys(['example_nested_branch_dag']) retrieved from /home/airflow/.local/lib/python3.7/site-packages/airflow/example_dags/example_nested_branch_dag.py
[2023-03-14T14:09:41.512+0000] {logging_mixin.py:137} INFO - [2023-03-14T14:09:41.512+0000] {dag.py:2690} INFO - Sync 1 DAGs
[2023-03-14T14:09:41.538+0000] {logging_mixin.py:137} INFO - [2023-03-14T14:09:41.538+0000] {dag.py:3441} INFO - Setting next_dagrun for example_nested_branch_dag to 2023-03-13T00:00:00+00:00, run_after=2023-03-14T00:00:00+00:00
[2023-03-14T14:09:41.564+0000] {processor.py:175} INFO - Processing /home/airflow/.local/lib/python3.7/site-packages/airflow/example_dags/example_nested_branch_dag.py took 0.120 seconds
[2023-03-14T14:10:13.038+0000] {processor.py:153} INFO - Started process (PID=3502) to work on /home/airflow/.local/lib/python3.7/site-packages/airflow/example_dags/example_nested_branch_dag.py
[2023-03-14T14:10:13.041+0000] {processor.py:743} INFO - Processing file /home/airflow/.local/lib/python3.7/site-packages/airflow/example_dags/example_nested_branch_dag.py for tasks to queue
[2023-03-14T14:10:13.042+0000] {logging_mixin.py:137} INFO - [2023-03-14T14:10:13.042+0000] {dagbag.py:538} INFO - Filling up the DagBag from /home/airflow/.local/lib/python3.7/site-packages/airflow/example_dags/example_nested_branch_dag.py
[2023-03-14T14:10:13.103+0000] {processor.py:753} INFO - DAG(s) dict_keys(['example_nested_branch_dag']) retrieved from /home/airflow/.local/lib/python3.7/site-packages/airflow/example_dags/example_nested_branch_dag.py
[2023-03-14T14:10:13.140+0000] {logging_mixin.py:137} INFO - [2023-03-14T14:10:13.139+0000] {dag.py:2690} INFO - Sync 1 DAGs
[2023-03-14T14:10:13.180+0000] {logging_mixin.py:137} INFO - [2023-03-14T14:10:13.180+0000] {dag.py:3441} INFO - Setting next_dagrun for example_nested_branch_dag to 2023-03-13T00:00:00+00:00, run_after=2023-03-14T00:00:00+00:00
[2023-03-14T14:10:13.206+0000] {processor.py:175} INFO - Processing /home/airflow/.local/lib/python3.7/site-packages/airflow/example_dags/example_nested_branch_dag.py took 0.199 seconds
[2023-03-14T14:10:43.518+0000] {processor.py:153} INFO - Started process (PID=3717) to work on /home/airflow/.local/lib/python3.7/site-packages/airflow/example_dags/example_nested_branch_dag.py
[2023-03-14T14:10:43.519+0000] {processor.py:743} INFO - Processing file /home/airflow/.local/lib/python3.7/site-packages/airflow/example_dags/example_nested_branch_dag.py for tasks to queue
[2023-03-14T14:10:43.520+0000] {logging_mixin.py:137} INFO - [2023-03-14T14:10:43.520+0000] {dagbag.py:538} INFO - Filling up the DagBag from /home/airflow/.local/lib/python3.7/site-packages/airflow/example_dags/example_nested_branch_dag.py
[2023-03-14T14:10:43.545+0000] {processor.py:753} INFO - DAG(s) dict_keys(['example_nested_branch_dag']) retrieved from /home/airflow/.local/lib/python3.7/site-packages/airflow/example_dags/example_nested_branch_dag.py
[2023-03-14T14:10:43.580+0000] {logging_mixin.py:137} INFO - [2023-03-14T14:10:43.580+0000] {dag.py:2690} INFO - Sync 1 DAGs
[2023-03-14T14:10:43.606+0000] {logging_mixin.py:137} INFO - [2023-03-14T14:10:43.605+0000] {dag.py:3441} INFO - Setting next_dagrun for example_nested_branch_dag to 2023-03-13T00:00:00+00:00, run_after=2023-03-14T00:00:00+00:00
[2023-03-14T14:10:43.640+0000] {processor.py:175} INFO - Processing /home/airflow/.local/lib/python3.7/site-packages/airflow/example_dags/example_nested_branch_dag.py took 0.126 seconds
[2023-03-14T14:11:14.523+0000] {processor.py:153} INFO - Started process (PID=3930) to work on /home/airflow/.local/lib/python3.7/site-packages/airflow/example_dags/example_nested_branch_dag.py
[2023-03-14T14:11:14.528+0000] {processor.py:743} INFO - Processing file /home/airflow/.local/lib/python3.7/site-packages/airflow/example_dags/example_nested_branch_dag.py for tasks to queue
[2023-03-14T14:11:14.530+0000] {logging_mixin.py:137} INFO - [2023-03-14T14:11:14.529+0000] {dagbag.py:538} INFO - Filling up the DagBag from /home/airflow/.local/lib/python3.7/site-packages/airflow/example_dags/example_nested_branch_dag.py
[2023-03-14T14:11:14.613+0000] {processor.py:753} INFO - DAG(s) dict_keys(['example_nested_branch_dag']) retrieved from /home/airflow/.local/lib/python3.7/site-packages/airflow/example_dags/example_nested_branch_dag.py
[2023-03-14T14:11:14.708+0000] {logging_mixin.py:137} INFO - [2023-03-14T14:11:14.707+0000] {dag.py:2690} INFO - Sync 1 DAGs
[2023-03-14T14:11:14.787+0000] {logging_mixin.py:137} INFO - [2023-03-14T14:11:14.786+0000] {dag.py:3441} INFO - Setting next_dagrun for example_nested_branch_dag to 2023-03-13T00:00:00+00:00, run_after=2023-03-14T00:00:00+00:00
[2023-03-14T14:11:14.850+0000] {processor.py:175} INFO - Processing /home/airflow/.local/lib/python3.7/site-packages/airflow/example_dags/example_nested_branch_dag.py took 0.333 seconds
[2023-03-14T14:11:45.028+0000] {processor.py:153} INFO - Started process (PID=4152) to work on /home/airflow/.local/lib/python3.7/site-packages/airflow/example_dags/example_nested_branch_dag.py
[2023-03-14T14:11:45.031+0000] {processor.py:743} INFO - Processing file /home/airflow/.local/lib/python3.7/site-packages/airflow/example_dags/example_nested_branch_dag.py for tasks to queue
[2023-03-14T14:11:45.032+0000] {logging_mixin.py:137} INFO - [2023-03-14T14:11:45.031+0000] {dagbag.py:538} INFO - Filling up the DagBag from /home/airflow/.local/lib/python3.7/site-packages/airflow/example_dags/example_nested_branch_dag.py
[2023-03-14T14:11:45.075+0000] {processor.py:753} INFO - DAG(s) dict_keys(['example_nested_branch_dag']) retrieved from /home/airflow/.local/lib/python3.7/site-packages/airflow/example_dags/example_nested_branch_dag.py
[2023-03-14T14:11:45.173+0000] {logging_mixin.py:137} INFO - [2023-03-14T14:11:45.173+0000] {dag.py:2690} INFO - Sync 1 DAGs
[2023-03-14T14:11:45.271+0000] {logging_mixin.py:137} INFO - [2023-03-14T14:11:45.271+0000] {dag.py:3441} INFO - Setting next_dagrun for example_nested_branch_dag to 2023-03-13T00:00:00+00:00, run_after=2023-03-14T00:00:00+00:00
[2023-03-14T14:11:45.325+0000] {processor.py:175} INFO - Processing /home/airflow/.local/lib/python3.7/site-packages/airflow/example_dags/example_nested_branch_dag.py took 0.329 seconds
[2023-03-14T14:12:16.008+0000] {processor.py:153} INFO - Started process (PID=4366) to work on /home/airflow/.local/lib/python3.7/site-packages/airflow/example_dags/example_nested_branch_dag.py
[2023-03-14T14:12:16.014+0000] {processor.py:743} INFO - Processing file /home/airflow/.local/lib/python3.7/site-packages/airflow/example_dags/example_nested_branch_dag.py for tasks to queue
[2023-03-14T14:12:16.016+0000] {logging_mixin.py:137} INFO - [2023-03-14T14:12:16.016+0000] {dagbag.py:538} INFO - Filling up the DagBag from /home/airflow/.local/lib/python3.7/site-packages/airflow/example_dags/example_nested_branch_dag.py
[2023-03-14T14:12:16.059+0000] {processor.py:753} INFO - DAG(s) dict_keys(['example_nested_branch_dag']) retrieved from /home/airflow/.local/lib/python3.7/site-packages/airflow/example_dags/example_nested_branch_dag.py
[2023-03-14T14:12:16.104+0000] {logging_mixin.py:137} INFO - [2023-03-14T14:12:16.104+0000] {dag.py:2690} INFO - Sync 1 DAGs
[2023-03-14T14:12:16.146+0000] {logging_mixin.py:137} INFO - [2023-03-14T14:12:16.146+0000] {dag.py:3441} INFO - Setting next_dagrun for example_nested_branch_dag to 2023-03-13T00:00:00+00:00, run_after=2023-03-14T00:00:00+00:00
[2023-03-14T14:12:16.265+0000] {processor.py:175} INFO - Processing /home/airflow/.local/lib/python3.7/site-packages/airflow/example_dags/example_nested_branch_dag.py took 0.261 seconds
[2023-03-14T14:12:46.695+0000] {processor.py:153} INFO - Started process (PID=4584) to work on /home/airflow/.local/lib/python3.7/site-packages/airflow/example_dags/example_nested_branch_dag.py
[2023-03-14T14:12:46.700+0000] {processor.py:743} INFO - Processing file /home/airflow/.local/lib/python3.7/site-packages/airflow/example_dags/example_nested_branch_dag.py for tasks to queue
[2023-03-14T14:12:46.707+0000] {logging_mixin.py:137} INFO - [2023-03-14T14:12:46.707+0000] {dagbag.py:538} INFO - Filling up the DagBag from /home/airflow/.local/lib/python3.7/site-packages/airflow/example_dags/example_nested_branch_dag.py
[2023-03-14T14:12:46.797+0000] {processor.py:753} INFO - DAG(s) dict_keys(['example_nested_branch_dag']) retrieved from /home/airflow/.local/lib/python3.7/site-packages/airflow/example_dags/example_nested_branch_dag.py
[2023-03-14T14:12:46.865+0000] {logging_mixin.py:137} INFO - [2023-03-14T14:12:46.865+0000] {dag.py:2690} INFO - Sync 1 DAGs
[2023-03-14T14:12:46.918+0000] {logging_mixin.py:137} INFO - [2023-03-14T14:12:46.918+0000] {dag.py:3441} INFO - Setting next_dagrun for example_nested_branch_dag to 2023-03-13T00:00:00+00:00, run_after=2023-03-14T00:00:00+00:00
[2023-03-14T14:12:46.978+0000] {processor.py:175} INFO - Processing /home/airflow/.local/lib/python3.7/site-packages/airflow/example_dags/example_nested_branch_dag.py took 0.292 seconds
[2023-03-14T14:13:17.180+0000] {processor.py:153} INFO - Started process (PID=4800) to work on /home/airflow/.local/lib/python3.7/site-packages/airflow/example_dags/example_nested_branch_dag.py
[2023-03-14T14:13:17.181+0000] {processor.py:743} INFO - Processing file /home/airflow/.local/lib/python3.7/site-packages/airflow/example_dags/example_nested_branch_dag.py for tasks to queue
[2023-03-14T14:13:17.182+0000] {logging_mixin.py:137} INFO - [2023-03-14T14:13:17.182+0000] {dagbag.py:538} INFO - Filling up the DagBag from /home/airflow/.local/lib/python3.7/site-packages/airflow/example_dags/example_nested_branch_dag.py
[2023-03-14T14:13:17.223+0000] {processor.py:753} INFO - DAG(s) dict_keys(['example_nested_branch_dag']) retrieved from /home/airflow/.local/lib/python3.7/site-packages/airflow/example_dags/example_nested_branch_dag.py
[2023-03-14T14:13:17.263+0000] {logging_mixin.py:137} INFO - [2023-03-14T14:13:17.263+0000] {dag.py:2690} INFO - Sync 1 DAGs
[2023-03-14T14:13:17.305+0000] {logging_mixin.py:137} INFO - [2023-03-14T14:13:17.305+0000] {dag.py:3441} INFO - Setting next_dagrun for example_nested_branch_dag to 2023-03-13T00:00:00+00:00, run_after=2023-03-14T00:00:00+00:00
[2023-03-14T14:13:17.338+0000] {processor.py:175} INFO - Processing /home/airflow/.local/lib/python3.7/site-packages/airflow/example_dags/example_nested_branch_dag.py took 0.163 seconds
[2023-03-14T14:13:47.747+0000] {processor.py:153} INFO - Started process (PID=5013) to work on /home/airflow/.local/lib/python3.7/site-packages/airflow/example_dags/example_nested_branch_dag.py
[2023-03-14T14:13:47.748+0000] {processor.py:743} INFO - Processing file /home/airflow/.local/lib/python3.7/site-packages/airflow/example_dags/example_nested_branch_dag.py for tasks to queue
[2023-03-14T14:13:47.749+0000] {logging_mixin.py:137} INFO - [2023-03-14T14:13:47.749+0000] {dagbag.py:538} INFO - Filling up the DagBag from /home/airflow/.local/lib/python3.7/site-packages/airflow/example_dags/example_nested_branch_dag.py
[2023-03-14T14:13:47.793+0000] {processor.py:753} INFO - DAG(s) dict_keys(['example_nested_branch_dag']) retrieved from /home/airflow/.local/lib/python3.7/site-packages/airflow/example_dags/example_nested_branch_dag.py
[2023-03-14T14:13:47.833+0000] {logging_mixin.py:137} INFO - [2023-03-14T14:13:47.833+0000] {dag.py:2690} INFO - Sync 1 DAGs
[2023-03-14T14:13:47.875+0000] {logging_mixin.py:137} INFO - [2023-03-14T14:13:47.875+0000] {dag.py:3441} INFO - Setting next_dagrun for example_nested_branch_dag to 2023-03-13T00:00:00+00:00, run_after=2023-03-14T00:00:00+00:00
[2023-03-14T14:13:47.907+0000] {processor.py:175} INFO - Processing /home/airflow/.local/lib/python3.7/site-packages/airflow/example_dags/example_nested_branch_dag.py took 0.171 seconds
[2023-03-14T14:14:18.850+0000] {processor.py:153} INFO - Started process (PID=5228) to work on /home/airflow/.local/lib/python3.7/site-packages/airflow/example_dags/example_nested_branch_dag.py
[2023-03-14T14:14:18.853+0000] {processor.py:743} INFO - Processing file /home/airflow/.local/lib/python3.7/site-packages/airflow/example_dags/example_nested_branch_dag.py for tasks to queue
[2023-03-14T14:14:18.853+0000] {logging_mixin.py:137} INFO - [2023-03-14T14:14:18.853+0000] {dagbag.py:538} INFO - Filling up the DagBag from /home/airflow/.local/lib/python3.7/site-packages/airflow/example_dags/example_nested_branch_dag.py
[2023-03-14T14:14:18.905+0000] {processor.py:753} INFO - DAG(s) dict_keys(['example_nested_branch_dag']) retrieved from /home/airflow/.local/lib/python3.7/site-packages/airflow/example_dags/example_nested_branch_dag.py
[2023-03-14T14:14:18.997+0000] {logging_mixin.py:137} INFO - [2023-03-14T14:14:18.997+0000] {dag.py:2690} INFO - Sync 1 DAGs
[2023-03-14T14:14:19.092+0000] {logging_mixin.py:137} INFO - [2023-03-14T14:14:19.092+0000] {dag.py:3441} INFO - Setting next_dagrun for example_nested_branch_dag to 2023-03-13T00:00:00+00:00, run_after=2023-03-14T00:00:00+00:00
[2023-03-14T14:14:19.145+0000] {processor.py:175} INFO - Processing /home/airflow/.local/lib/python3.7/site-packages/airflow/example_dags/example_nested_branch_dag.py took 0.300 seconds
[2023-03-14T14:14:49.420+0000] {processor.py:153} INFO - Started process (PID=5444) to work on /home/airflow/.local/lib/python3.7/site-packages/airflow/example_dags/example_nested_branch_dag.py
[2023-03-14T14:14:49.421+0000] {processor.py:743} INFO - Processing file /home/airflow/.local/lib/python3.7/site-packages/airflow/example_dags/example_nested_branch_dag.py for tasks to queue
[2023-03-14T14:14:49.422+0000] {logging_mixin.py:137} INFO - [2023-03-14T14:14:49.422+0000] {dagbag.py:538} INFO - Filling up the DagBag from /home/airflow/.local/lib/python3.7/site-packages/airflow/example_dags/example_nested_branch_dag.py
[2023-03-14T14:14:49.484+0000] {processor.py:753} INFO - DAG(s) dict_keys(['example_nested_branch_dag']) retrieved from /home/airflow/.local/lib/python3.7/site-packages/airflow/example_dags/example_nested_branch_dag.py
[2023-03-14T14:14:49.522+0000] {logging_mixin.py:137} INFO - [2023-03-14T14:14:49.522+0000] {dag.py:2690} INFO - Sync 1 DAGs
[2023-03-14T14:14:49.561+0000] {logging_mixin.py:137} INFO - [2023-03-14T14:14:49.561+0000] {dag.py:3441} INFO - Setting next_dagrun for example_nested_branch_dag to 2023-03-13T00:00:00+00:00, run_after=2023-03-14T00:00:00+00:00
[2023-03-14T14:14:49.590+0000] {processor.py:175} INFO - Processing /home/airflow/.local/lib/python3.7/site-packages/airflow/example_dags/example_nested_branch_dag.py took 0.186 seconds
[2023-03-14T14:15:19.937+0000] {processor.py:153} INFO - Started process (PID=5658) to work on /home/airflow/.local/lib/python3.7/site-packages/airflow/example_dags/example_nested_branch_dag.py
[2023-03-14T14:15:19.938+0000] {processor.py:743} INFO - Processing file /home/airflow/.local/lib/python3.7/site-packages/airflow/example_dags/example_nested_branch_dag.py for tasks to queue
[2023-03-14T14:15:19.939+0000] {logging_mixin.py:137} INFO - [2023-03-14T14:15:19.939+0000] {dagbag.py:538} INFO - Filling up the DagBag from /home/airflow/.local/lib/python3.7/site-packages/airflow/example_dags/example_nested_branch_dag.py
[2023-03-14T14:15:19.991+0000] {processor.py:753} INFO - DAG(s) dict_keys(['example_nested_branch_dag']) retrieved from /home/airflow/.local/lib/python3.7/site-packages/airflow/example_dags/example_nested_branch_dag.py
[2023-03-14T14:15:20.032+0000] {logging_mixin.py:137} INFO - [2023-03-14T14:15:20.031+0000] {dag.py:2690} INFO - Sync 1 DAGs
[2023-03-14T14:15:20.068+0000] {logging_mixin.py:137} INFO - [2023-03-14T14:15:20.068+0000] {dag.py:3441} INFO - Setting next_dagrun for example_nested_branch_dag to 2023-03-13T00:00:00+00:00, run_after=2023-03-14T00:00:00+00:00
[2023-03-14T14:15:20.110+0000] {processor.py:175} INFO - Processing /home/airflow/.local/lib/python3.7/site-packages/airflow/example_dags/example_nested_branch_dag.py took 0.179 seconds
