[2023-03-14T14:02:36.407+0000] {processor.py:153} INFO - Started process (PID=346) to work on /home/airflow/.local/lib/python3.7/site-packages/airflow/example_dags/example_complex.py
[2023-03-14T14:02:36.420+0000] {processor.py:743} INFO - Processing file /home/airflow/.local/lib/python3.7/site-packages/airflow/example_dags/example_complex.py for tasks to queue
[2023-03-14T14:02:36.438+0000] {logging_mixin.py:137} INFO - [2023-03-14T14:02:36.438+0000] {dagbag.py:538} INFO - Filling up the DagBag from /home/airflow/.local/lib/python3.7/site-packages/airflow/example_dags/example_complex.py
[2023-03-14T14:02:36.539+0000] {logging_mixin.py:137} INFO - [2023-03-14T14:02:36.539+0000] {taskmixin.py:205} WARNING - Dependency <Task(BashOperator): create_entry_group>, delete_entry_group already registered for DAG: example_complex
[2023-03-14T14:02:36.541+0000] {logging_mixin.py:137} INFO - [2023-03-14T14:02:36.541+0000] {taskmixin.py:205} WARNING - Dependency <Task(BashOperator): delete_entry_group>, create_entry_group already registered for DAG: example_complex
[2023-03-14T14:02:36.542+0000] {logging_mixin.py:137} INFO - [2023-03-14T14:02:36.542+0000] {taskmixin.py:205} WARNING - Dependency <Task(BashOperator): create_entry_gcs>, delete_entry already registered for DAG: example_complex
[2023-03-14T14:02:36.545+0000] {logging_mixin.py:137} INFO - [2023-03-14T14:02:36.545+0000] {taskmixin.py:205} WARNING - Dependency <Task(BashOperator): delete_entry>, create_entry_gcs already registered for DAG: example_complex
[2023-03-14T14:02:36.546+0000] {logging_mixin.py:137} INFO - [2023-03-14T14:02:36.546+0000] {taskmixin.py:205} WARNING - Dependency <Task(BashOperator): create_tag>, delete_tag already registered for DAG: example_complex
[2023-03-14T14:02:36.546+0000] {logging_mixin.py:137} INFO - [2023-03-14T14:02:36.546+0000] {taskmixin.py:205} WARNING - Dependency <Task(BashOperator): delete_tag>, create_tag already registered for DAG: example_complex
[2023-03-14T14:02:36.614+0000] {processor.py:753} INFO - DAG(s) dict_keys(['example_complex']) retrieved from /home/airflow/.local/lib/python3.7/site-packages/airflow/example_dags/example_complex.py
[2023-03-14T14:02:36.781+0000] {logging_mixin.py:137} INFO - [2023-03-14T14:02:36.781+0000] {dag.py:2690} INFO - Sync 1 DAGs
[2023-03-14T14:02:36.898+0000] {logging_mixin.py:137} INFO - [2023-03-14T14:02:36.897+0000] {dag.py:3441} INFO - Setting next_dagrun for example_complex to None, run_after=None
[2023-03-14T14:02:36.973+0000] {processor.py:175} INFO - Processing /home/airflow/.local/lib/python3.7/site-packages/airflow/example_dags/example_complex.py took 0.570 seconds
[2023-03-14T14:03:08.716+0000] {processor.py:153} INFO - Started process (PID=561) to work on /home/airflow/.local/lib/python3.7/site-packages/airflow/example_dags/example_complex.py
[2023-03-14T14:03:08.721+0000] {processor.py:743} INFO - Processing file /home/airflow/.local/lib/python3.7/site-packages/airflow/example_dags/example_complex.py for tasks to queue
[2023-03-14T14:03:08.723+0000] {logging_mixin.py:137} INFO - [2023-03-14T14:03:08.721+0000] {dagbag.py:538} INFO - Filling up the DagBag from /home/airflow/.local/lib/python3.7/site-packages/airflow/example_dags/example_complex.py
[2023-03-14T14:03:08.781+0000] {logging_mixin.py:137} INFO - [2023-03-14T14:03:08.771+0000] {taskmixin.py:205} WARNING - Dependency <Task(BashOperator): create_entry_group>, delete_entry_group already registered for DAG: example_complex
[2023-03-14T14:03:08.781+0000] {logging_mixin.py:137} INFO - [2023-03-14T14:03:08.781+0000] {taskmixin.py:205} WARNING - Dependency <Task(BashOperator): delete_entry_group>, create_entry_group already registered for DAG: example_complex
[2023-03-14T14:03:08.782+0000] {logging_mixin.py:137} INFO - [2023-03-14T14:03:08.782+0000] {taskmixin.py:205} WARNING - Dependency <Task(BashOperator): create_entry_gcs>, delete_entry already registered for DAG: example_complex
[2023-03-14T14:03:08.782+0000] {logging_mixin.py:137} INFO - [2023-03-14T14:03:08.782+0000] {taskmixin.py:205} WARNING - Dependency <Task(BashOperator): delete_entry>, create_entry_gcs already registered for DAG: example_complex
[2023-03-14T14:03:08.783+0000] {logging_mixin.py:137} INFO - [2023-03-14T14:03:08.783+0000] {taskmixin.py:205} WARNING - Dependency <Task(BashOperator): create_tag>, delete_tag already registered for DAG: example_complex
[2023-03-14T14:03:08.783+0000] {logging_mixin.py:137} INFO - [2023-03-14T14:03:08.783+0000] {taskmixin.py:205} WARNING - Dependency <Task(BashOperator): delete_tag>, create_tag already registered for DAG: example_complex
[2023-03-14T14:03:08.803+0000] {processor.py:753} INFO - DAG(s) dict_keys(['example_complex']) retrieved from /home/airflow/.local/lib/python3.7/site-packages/airflow/example_dags/example_complex.py
[2023-03-14T14:03:08.942+0000] {logging_mixin.py:137} INFO - [2023-03-14T14:03:08.942+0000] {dag.py:2690} INFO - Sync 1 DAGs
[2023-03-14T14:03:09.005+0000] {logging_mixin.py:137} INFO - [2023-03-14T14:03:09.005+0000] {dag.py:3441} INFO - Setting next_dagrun for example_complex to None, run_after=None
[2023-03-14T14:03:09.048+0000] {processor.py:175} INFO - Processing /home/airflow/.local/lib/python3.7/site-packages/airflow/example_dags/example_complex.py took 0.343 seconds
[2023-03-14T14:03:39.976+0000] {processor.py:153} INFO - Started process (PID=778) to work on /home/airflow/.local/lib/python3.7/site-packages/airflow/example_dags/example_complex.py
[2023-03-14T14:03:39.983+0000] {processor.py:743} INFO - Processing file /home/airflow/.local/lib/python3.7/site-packages/airflow/example_dags/example_complex.py for tasks to queue
[2023-03-14T14:03:39.985+0000] {logging_mixin.py:137} INFO - [2023-03-14T14:03:39.984+0000] {dagbag.py:538} INFO - Filling up the DagBag from /home/airflow/.local/lib/python3.7/site-packages/airflow/example_dags/example_complex.py
[2023-03-14T14:03:40.010+0000] {logging_mixin.py:137} INFO - [2023-03-14T14:03:40.010+0000] {taskmixin.py:205} WARNING - Dependency <Task(BashOperator): create_entry_group>, delete_entry_group already registered for DAG: example_complex
[2023-03-14T14:03:40.011+0000] {logging_mixin.py:137} INFO - [2023-03-14T14:03:40.011+0000] {taskmixin.py:205} WARNING - Dependency <Task(BashOperator): delete_entry_group>, create_entry_group already registered for DAG: example_complex
[2023-03-14T14:03:40.011+0000] {logging_mixin.py:137} INFO - [2023-03-14T14:03:40.011+0000] {taskmixin.py:205} WARNING - Dependency <Task(BashOperator): create_entry_gcs>, delete_entry already registered for DAG: example_complex
[2023-03-14T14:03:40.012+0000] {logging_mixin.py:137} INFO - [2023-03-14T14:03:40.012+0000] {taskmixin.py:205} WARNING - Dependency <Task(BashOperator): delete_entry>, create_entry_gcs already registered for DAG: example_complex
[2023-03-14T14:03:40.013+0000] {logging_mixin.py:137} INFO - [2023-03-14T14:03:40.012+0000] {taskmixin.py:205} WARNING - Dependency <Task(BashOperator): create_tag>, delete_tag already registered for DAG: example_complex
[2023-03-14T14:03:40.013+0000] {logging_mixin.py:137} INFO - [2023-03-14T14:03:40.013+0000] {taskmixin.py:205} WARNING - Dependency <Task(BashOperator): delete_tag>, create_tag already registered for DAG: example_complex
[2023-03-14T14:03:40.041+0000] {processor.py:753} INFO - DAG(s) dict_keys(['example_complex']) retrieved from /home/airflow/.local/lib/python3.7/site-packages/airflow/example_dags/example_complex.py
[2023-03-14T14:03:40.124+0000] {logging_mixin.py:137} INFO - [2023-03-14T14:03:40.124+0000] {dag.py:2690} INFO - Sync 1 DAGs
[2023-03-14T14:03:40.162+0000] {logging_mixin.py:137} INFO - [2023-03-14T14:03:40.162+0000] {dag.py:3441} INFO - Setting next_dagrun for example_complex to None, run_after=None
[2023-03-14T14:03:40.195+0000] {processor.py:175} INFO - Processing /home/airflow/.local/lib/python3.7/site-packages/airflow/example_dags/example_complex.py took 0.225 seconds
[2023-03-14T14:04:11.073+0000] {processor.py:153} INFO - Started process (PID=992) to work on /home/airflow/.local/lib/python3.7/site-packages/airflow/example_dags/example_complex.py
[2023-03-14T14:04:11.084+0000] {processor.py:743} INFO - Processing file /home/airflow/.local/lib/python3.7/site-packages/airflow/example_dags/example_complex.py for tasks to queue
[2023-03-14T14:04:11.102+0000] {logging_mixin.py:137} INFO - [2023-03-14T14:04:11.102+0000] {dagbag.py:538} INFO - Filling up the DagBag from /home/airflow/.local/lib/python3.7/site-packages/airflow/example_dags/example_complex.py
[2023-03-14T14:04:11.169+0000] {logging_mixin.py:137} INFO - [2023-03-14T14:04:11.169+0000] {taskmixin.py:205} WARNING - Dependency <Task(BashOperator): create_entry_group>, delete_entry_group already registered for DAG: example_complex
[2023-03-14T14:04:11.174+0000] {logging_mixin.py:137} INFO - [2023-03-14T14:04:11.174+0000] {taskmixin.py:205} WARNING - Dependency <Task(BashOperator): delete_entry_group>, create_entry_group already registered for DAG: example_complex
[2023-03-14T14:04:11.175+0000] {logging_mixin.py:137} INFO - [2023-03-14T14:04:11.175+0000] {taskmixin.py:205} WARNING - Dependency <Task(BashOperator): create_entry_gcs>, delete_entry already registered for DAG: example_complex
[2023-03-14T14:04:11.175+0000] {logging_mixin.py:137} INFO - [2023-03-14T14:04:11.175+0000] {taskmixin.py:205} WARNING - Dependency <Task(BashOperator): delete_entry>, create_entry_gcs already registered for DAG: example_complex
[2023-03-14T14:04:11.176+0000] {logging_mixin.py:137} INFO - [2023-03-14T14:04:11.176+0000] {taskmixin.py:205} WARNING - Dependency <Task(BashOperator): create_tag>, delete_tag already registered for DAG: example_complex
[2023-03-14T14:04:11.176+0000] {logging_mixin.py:137} INFO - [2023-03-14T14:04:11.176+0000] {taskmixin.py:205} WARNING - Dependency <Task(BashOperator): delete_tag>, create_tag already registered for DAG: example_complex
[2023-03-14T14:04:11.214+0000] {processor.py:753} INFO - DAG(s) dict_keys(['example_complex']) retrieved from /home/airflow/.local/lib/python3.7/site-packages/airflow/example_dags/example_complex.py
[2023-03-14T14:04:11.278+0000] {logging_mixin.py:137} INFO - [2023-03-14T14:04:11.278+0000] {dag.py:2690} INFO - Sync 1 DAGs
[2023-03-14T14:04:11.338+0000] {logging_mixin.py:137} INFO - [2023-03-14T14:04:11.337+0000] {dag.py:3441} INFO - Setting next_dagrun for example_complex to None, run_after=None
[2023-03-14T14:04:11.387+0000] {processor.py:175} INFO - Processing /home/airflow/.local/lib/python3.7/site-packages/airflow/example_dags/example_complex.py took 0.344 seconds
[2023-03-14T14:04:41.955+0000] {processor.py:153} INFO - Started process (PID=1206) to work on /home/airflow/.local/lib/python3.7/site-packages/airflow/example_dags/example_complex.py
[2023-03-14T14:04:41.957+0000] {processor.py:743} INFO - Processing file /home/airflow/.local/lib/python3.7/site-packages/airflow/example_dags/example_complex.py for tasks to queue
[2023-03-14T14:04:41.958+0000] {logging_mixin.py:137} INFO - [2023-03-14T14:04:41.958+0000] {dagbag.py:538} INFO - Filling up the DagBag from /home/airflow/.local/lib/python3.7/site-packages/airflow/example_dags/example_complex.py
[2023-03-14T14:04:41.979+0000] {logging_mixin.py:137} INFO - [2023-03-14T14:04:41.979+0000] {taskmixin.py:205} WARNING - Dependency <Task(BashOperator): create_entry_group>, delete_entry_group already registered for DAG: example_complex
[2023-03-14T14:04:41.979+0000] {logging_mixin.py:137} INFO - [2023-03-14T14:04:41.979+0000] {taskmixin.py:205} WARNING - Dependency <Task(BashOperator): delete_entry_group>, create_entry_group already registered for DAG: example_complex
[2023-03-14T14:04:41.980+0000] {logging_mixin.py:137} INFO - [2023-03-14T14:04:41.980+0000] {taskmixin.py:205} WARNING - Dependency <Task(BashOperator): create_entry_gcs>, delete_entry already registered for DAG: example_complex
[2023-03-14T14:04:41.980+0000] {logging_mixin.py:137} INFO - [2023-03-14T14:04:41.980+0000] {taskmixin.py:205} WARNING - Dependency <Task(BashOperator): delete_entry>, create_entry_gcs already registered for DAG: example_complex
[2023-03-14T14:04:41.981+0000] {logging_mixin.py:137} INFO - [2023-03-14T14:04:41.981+0000] {taskmixin.py:205} WARNING - Dependency <Task(BashOperator): create_tag>, delete_tag already registered for DAG: example_complex
[2023-03-14T14:04:41.982+0000] {logging_mixin.py:137} INFO - [2023-03-14T14:04:41.982+0000] {taskmixin.py:205} WARNING - Dependency <Task(BashOperator): delete_tag>, create_tag already registered for DAG: example_complex
[2023-03-14T14:04:41.993+0000] {processor.py:753} INFO - DAG(s) dict_keys(['example_complex']) retrieved from /home/airflow/.local/lib/python3.7/site-packages/airflow/example_dags/example_complex.py
[2023-03-14T14:04:42.052+0000] {logging_mixin.py:137} INFO - [2023-03-14T14:04:42.052+0000] {dag.py:2690} INFO - Sync 1 DAGs
[2023-03-14T14:04:42.098+0000] {logging_mixin.py:137} INFO - [2023-03-14T14:04:42.098+0000] {dag.py:3441} INFO - Setting next_dagrun for example_complex to None, run_after=None
[2023-03-14T14:04:42.125+0000] {processor.py:175} INFO - Processing /home/airflow/.local/lib/python3.7/site-packages/airflow/example_dags/example_complex.py took 0.177 seconds
[2023-03-14T14:05:12.863+0000] {processor.py:153} INFO - Started process (PID=1420) to work on /home/airflow/.local/lib/python3.7/site-packages/airflow/example_dags/example_complex.py
[2023-03-14T14:05:12.867+0000] {processor.py:743} INFO - Processing file /home/airflow/.local/lib/python3.7/site-packages/airflow/example_dags/example_complex.py for tasks to queue
[2023-03-14T14:05:12.868+0000] {logging_mixin.py:137} INFO - [2023-03-14T14:05:12.867+0000] {dagbag.py:538} INFO - Filling up the DagBag from /home/airflow/.local/lib/python3.7/site-packages/airflow/example_dags/example_complex.py
[2023-03-14T14:05:12.889+0000] {logging_mixin.py:137} INFO - [2023-03-14T14:05:12.889+0000] {taskmixin.py:205} WARNING - Dependency <Task(BashOperator): create_entry_group>, delete_entry_group already registered for DAG: example_complex
[2023-03-14T14:05:12.890+0000] {logging_mixin.py:137} INFO - [2023-03-14T14:05:12.890+0000] {taskmixin.py:205} WARNING - Dependency <Task(BashOperator): delete_entry_group>, create_entry_group already registered for DAG: example_complex
[2023-03-14T14:05:12.890+0000] {logging_mixin.py:137} INFO - [2023-03-14T14:05:12.890+0000] {taskmixin.py:205} WARNING - Dependency <Task(BashOperator): create_entry_gcs>, delete_entry already registered for DAG: example_complex
[2023-03-14T14:05:12.891+0000] {logging_mixin.py:137} INFO - [2023-03-14T14:05:12.890+0000] {taskmixin.py:205} WARNING - Dependency <Task(BashOperator): delete_entry>, create_entry_gcs already registered for DAG: example_complex
[2023-03-14T14:05:12.891+0000] {logging_mixin.py:137} INFO - [2023-03-14T14:05:12.891+0000] {taskmixin.py:205} WARNING - Dependency <Task(BashOperator): create_tag>, delete_tag already registered for DAG: example_complex
[2023-03-14T14:05:12.891+0000] {logging_mixin.py:137} INFO - [2023-03-14T14:05:12.891+0000] {taskmixin.py:205} WARNING - Dependency <Task(BashOperator): delete_tag>, create_tag already registered for DAG: example_complex
[2023-03-14T14:05:12.902+0000] {processor.py:753} INFO - DAG(s) dict_keys(['example_complex']) retrieved from /home/airflow/.local/lib/python3.7/site-packages/airflow/example_dags/example_complex.py
[2023-03-14T14:05:12.953+0000] {logging_mixin.py:137} INFO - [2023-03-14T14:05:12.952+0000] {dag.py:2690} INFO - Sync 1 DAGs
[2023-03-14T14:05:12.993+0000] {logging_mixin.py:137} INFO - [2023-03-14T14:05:12.993+0000] {dag.py:3441} INFO - Setting next_dagrun for example_complex to None, run_after=None
[2023-03-14T14:05:13.031+0000] {processor.py:175} INFO - Processing /home/airflow/.local/lib/python3.7/site-packages/airflow/example_dags/example_complex.py took 0.175 seconds
[2023-03-14T14:05:43.233+0000] {processor.py:153} INFO - Started process (PID=1648) to work on /home/airflow/.local/lib/python3.7/site-packages/airflow/example_dags/example_complex.py
[2023-03-14T14:05:43.238+0000] {processor.py:743} INFO - Processing file /home/airflow/.local/lib/python3.7/site-packages/airflow/example_dags/example_complex.py for tasks to queue
[2023-03-14T14:05:43.239+0000] {logging_mixin.py:137} INFO - [2023-03-14T14:05:43.239+0000] {dagbag.py:538} INFO - Filling up the DagBag from /home/airflow/.local/lib/python3.7/site-packages/airflow/example_dags/example_complex.py
[2023-03-14T14:05:43.263+0000] {logging_mixin.py:137} INFO - [2023-03-14T14:05:43.263+0000] {taskmixin.py:205} WARNING - Dependency <Task(BashOperator): create_entry_group>, delete_entry_group already registered for DAG: example_complex
[2023-03-14T14:05:43.264+0000] {logging_mixin.py:137} INFO - [2023-03-14T14:05:43.264+0000] {taskmixin.py:205} WARNING - Dependency <Task(BashOperator): delete_entry_group>, create_entry_group already registered for DAG: example_complex
[2023-03-14T14:05:43.264+0000] {logging_mixin.py:137} INFO - [2023-03-14T14:05:43.264+0000] {taskmixin.py:205} WARNING - Dependency <Task(BashOperator): create_entry_gcs>, delete_entry already registered for DAG: example_complex
[2023-03-14T14:05:43.265+0000] {logging_mixin.py:137} INFO - [2023-03-14T14:05:43.265+0000] {taskmixin.py:205} WARNING - Dependency <Task(BashOperator): delete_entry>, create_entry_gcs already registered for DAG: example_complex
[2023-03-14T14:05:43.266+0000] {logging_mixin.py:137} INFO - [2023-03-14T14:05:43.266+0000] {taskmixin.py:205} WARNING - Dependency <Task(BashOperator): create_tag>, delete_tag already registered for DAG: example_complex
[2023-03-14T14:05:43.266+0000] {logging_mixin.py:137} INFO - [2023-03-14T14:05:43.266+0000] {taskmixin.py:205} WARNING - Dependency <Task(BashOperator): delete_tag>, create_tag already registered for DAG: example_complex
[2023-03-14T14:05:43.276+0000] {processor.py:753} INFO - DAG(s) dict_keys(['example_complex']) retrieved from /home/airflow/.local/lib/python3.7/site-packages/airflow/example_dags/example_complex.py
[2023-03-14T14:05:43.337+0000] {logging_mixin.py:137} INFO - [2023-03-14T14:05:43.337+0000] {dag.py:2690} INFO - Sync 1 DAGs
[2023-03-14T14:05:43.380+0000] {logging_mixin.py:137} INFO - [2023-03-14T14:05:43.380+0000] {dag.py:3441} INFO - Setting next_dagrun for example_complex to None, run_after=None
[2023-03-14T14:05:43.426+0000] {processor.py:175} INFO - Processing /home/airflow/.local/lib/python3.7/site-packages/airflow/example_dags/example_complex.py took 0.198 seconds
[2023-03-14T14:06:13.944+0000] {processor.py:153} INFO - Started process (PID=1858) to work on /home/airflow/.local/lib/python3.7/site-packages/airflow/example_dags/example_complex.py
[2023-03-14T14:06:13.949+0000] {processor.py:743} INFO - Processing file /home/airflow/.local/lib/python3.7/site-packages/airflow/example_dags/example_complex.py for tasks to queue
[2023-03-14T14:06:13.950+0000] {logging_mixin.py:137} INFO - [2023-03-14T14:06:13.950+0000] {dagbag.py:538} INFO - Filling up the DagBag from /home/airflow/.local/lib/python3.7/site-packages/airflow/example_dags/example_complex.py
[2023-03-14T14:06:13.981+0000] {logging_mixin.py:137} INFO - [2023-03-14T14:06:13.981+0000] {taskmixin.py:205} WARNING - Dependency <Task(BashOperator): create_entry_group>, delete_entry_group already registered for DAG: example_complex
[2023-03-14T14:06:13.982+0000] {logging_mixin.py:137} INFO - [2023-03-14T14:06:13.982+0000] {taskmixin.py:205} WARNING - Dependency <Task(BashOperator): delete_entry_group>, create_entry_group already registered for DAG: example_complex
[2023-03-14T14:06:13.982+0000] {logging_mixin.py:137} INFO - [2023-03-14T14:06:13.982+0000] {taskmixin.py:205} WARNING - Dependency <Task(BashOperator): create_entry_gcs>, delete_entry already registered for DAG: example_complex
[2023-03-14T14:06:13.982+0000] {logging_mixin.py:137} INFO - [2023-03-14T14:06:13.982+0000] {taskmixin.py:205} WARNING - Dependency <Task(BashOperator): delete_entry>, create_entry_gcs already registered for DAG: example_complex
[2023-03-14T14:06:13.983+0000] {logging_mixin.py:137} INFO - [2023-03-14T14:06:13.983+0000] {taskmixin.py:205} WARNING - Dependency <Task(BashOperator): create_tag>, delete_tag already registered for DAG: example_complex
[2023-03-14T14:06:13.983+0000] {logging_mixin.py:137} INFO - [2023-03-14T14:06:13.983+0000] {taskmixin.py:205} WARNING - Dependency <Task(BashOperator): delete_tag>, create_tag already registered for DAG: example_complex
[2023-03-14T14:06:13.995+0000] {processor.py:753} INFO - DAG(s) dict_keys(['example_complex']) retrieved from /home/airflow/.local/lib/python3.7/site-packages/airflow/example_dags/example_complex.py
[2023-03-14T14:06:14.051+0000] {logging_mixin.py:137} INFO - [2023-03-14T14:06:14.050+0000] {dag.py:2690} INFO - Sync 1 DAGs
[2023-03-14T14:06:14.092+0000] {logging_mixin.py:137} INFO - [2023-03-14T14:06:14.091+0000] {dag.py:3441} INFO - Setting next_dagrun for example_complex to None, run_after=None
[2023-03-14T14:06:14.127+0000] {processor.py:175} INFO - Processing /home/airflow/.local/lib/python3.7/site-packages/airflow/example_dags/example_complex.py took 0.188 seconds
[2023-03-14T14:06:44.496+0000] {processor.py:153} INFO - Started process (PID=2074) to work on /home/airflow/.local/lib/python3.7/site-packages/airflow/example_dags/example_complex.py
[2023-03-14T14:06:44.504+0000] {processor.py:743} INFO - Processing file /home/airflow/.local/lib/python3.7/site-packages/airflow/example_dags/example_complex.py for tasks to queue
[2023-03-14T14:06:44.505+0000] {logging_mixin.py:137} INFO - [2023-03-14T14:06:44.505+0000] {dagbag.py:538} INFO - Filling up the DagBag from /home/airflow/.local/lib/python3.7/site-packages/airflow/example_dags/example_complex.py
[2023-03-14T14:06:44.553+0000] {logging_mixin.py:137} INFO - [2023-03-14T14:06:44.552+0000] {taskmixin.py:205} WARNING - Dependency <Task(BashOperator): create_entry_group>, delete_entry_group already registered for DAG: example_complex
[2023-03-14T14:06:44.553+0000] {logging_mixin.py:137} INFO - [2023-03-14T14:06:44.553+0000] {taskmixin.py:205} WARNING - Dependency <Task(BashOperator): delete_entry_group>, create_entry_group already registered for DAG: example_complex
[2023-03-14T14:06:44.554+0000] {logging_mixin.py:137} INFO - [2023-03-14T14:06:44.554+0000] {taskmixin.py:205} WARNING - Dependency <Task(BashOperator): create_entry_gcs>, delete_entry already registered for DAG: example_complex
[2023-03-14T14:06:44.554+0000] {logging_mixin.py:137} INFO - [2023-03-14T14:06:44.554+0000] {taskmixin.py:205} WARNING - Dependency <Task(BashOperator): delete_entry>, create_entry_gcs already registered for DAG: example_complex
[2023-03-14T14:06:44.555+0000] {logging_mixin.py:137} INFO - [2023-03-14T14:06:44.555+0000] {taskmixin.py:205} WARNING - Dependency <Task(BashOperator): create_tag>, delete_tag already registered for DAG: example_complex
[2023-03-14T14:06:44.556+0000] {logging_mixin.py:137} INFO - [2023-03-14T14:06:44.555+0000] {taskmixin.py:205} WARNING - Dependency <Task(BashOperator): delete_tag>, create_tag already registered for DAG: example_complex
[2023-03-14T14:06:44.581+0000] {processor.py:753} INFO - DAG(s) dict_keys(['example_complex']) retrieved from /home/airflow/.local/lib/python3.7/site-packages/airflow/example_dags/example_complex.py
[2023-03-14T14:06:44.700+0000] {logging_mixin.py:137} INFO - [2023-03-14T14:06:44.700+0000] {dag.py:2690} INFO - Sync 1 DAGs
[2023-03-14T14:06:44.781+0000] {logging_mixin.py:137} INFO - [2023-03-14T14:06:44.781+0000] {dag.py:3441} INFO - Setting next_dagrun for example_complex to None, run_after=None
[2023-03-14T14:06:44.831+0000] {processor.py:175} INFO - Processing /home/airflow/.local/lib/python3.7/site-packages/airflow/example_dags/example_complex.py took 0.340 seconds
[2023-03-14T14:07:15.634+0000] {processor.py:153} INFO - Started process (PID=2288) to work on /home/airflow/.local/lib/python3.7/site-packages/airflow/example_dags/example_complex.py
[2023-03-14T14:07:15.644+0000] {processor.py:743} INFO - Processing file /home/airflow/.local/lib/python3.7/site-packages/airflow/example_dags/example_complex.py for tasks to queue
[2023-03-14T14:07:15.645+0000] {logging_mixin.py:137} INFO - [2023-03-14T14:07:15.645+0000] {dagbag.py:538} INFO - Filling up the DagBag from /home/airflow/.local/lib/python3.7/site-packages/airflow/example_dags/example_complex.py
[2023-03-14T14:07:15.700+0000] {logging_mixin.py:137} INFO - [2023-03-14T14:07:15.699+0000] {taskmixin.py:205} WARNING - Dependency <Task(BashOperator): create_entry_group>, delete_entry_group already registered for DAG: example_complex
[2023-03-14T14:07:15.708+0000] {logging_mixin.py:137} INFO - [2023-03-14T14:07:15.708+0000] {taskmixin.py:205} WARNING - Dependency <Task(BashOperator): delete_entry_group>, create_entry_group already registered for DAG: example_complex
[2023-03-14T14:07:15.709+0000] {logging_mixin.py:137} INFO - [2023-03-14T14:07:15.708+0000] {taskmixin.py:205} WARNING - Dependency <Task(BashOperator): create_entry_gcs>, delete_entry already registered for DAG: example_complex
[2023-03-14T14:07:15.709+0000] {logging_mixin.py:137} INFO - [2023-03-14T14:07:15.709+0000] {taskmixin.py:205} WARNING - Dependency <Task(BashOperator): delete_entry>, create_entry_gcs already registered for DAG: example_complex
[2023-03-14T14:07:15.709+0000] {logging_mixin.py:137} INFO - [2023-03-14T14:07:15.709+0000] {taskmixin.py:205} WARNING - Dependency <Task(BashOperator): create_tag>, delete_tag already registered for DAG: example_complex
[2023-03-14T14:07:15.710+0000] {logging_mixin.py:137} INFO - [2023-03-14T14:07:15.709+0000] {taskmixin.py:205} WARNING - Dependency <Task(BashOperator): delete_tag>, create_tag already registered for DAG: example_complex
[2023-03-14T14:07:15.722+0000] {processor.py:753} INFO - DAG(s) dict_keys(['example_complex']) retrieved from /home/airflow/.local/lib/python3.7/site-packages/airflow/example_dags/example_complex.py
[2023-03-14T14:07:15.771+0000] {logging_mixin.py:137} INFO - [2023-03-14T14:07:15.771+0000] {dag.py:2690} INFO - Sync 1 DAGs
[2023-03-14T14:07:15.849+0000] {logging_mixin.py:137} INFO - [2023-03-14T14:07:15.849+0000] {dag.py:3441} INFO - Setting next_dagrun for example_complex to None, run_after=None
[2023-03-14T14:07:15.911+0000] {processor.py:175} INFO - Processing /home/airflow/.local/lib/python3.7/site-packages/airflow/example_dags/example_complex.py took 0.290 seconds
[2023-03-14T14:07:46.322+0000] {processor.py:153} INFO - Started process (PID=2512) to work on /home/airflow/.local/lib/python3.7/site-packages/airflow/example_dags/example_complex.py
[2023-03-14T14:07:46.324+0000] {processor.py:743} INFO - Processing file /home/airflow/.local/lib/python3.7/site-packages/airflow/example_dags/example_complex.py for tasks to queue
[2023-03-14T14:07:46.325+0000] {logging_mixin.py:137} INFO - [2023-03-14T14:07:46.324+0000] {dagbag.py:538} INFO - Filling up the DagBag from /home/airflow/.local/lib/python3.7/site-packages/airflow/example_dags/example_complex.py
[2023-03-14T14:07:46.364+0000] {logging_mixin.py:137} INFO - [2023-03-14T14:07:46.364+0000] {taskmixin.py:205} WARNING - Dependency <Task(BashOperator): create_entry_group>, delete_entry_group already registered for DAG: example_complex
[2023-03-14T14:07:46.364+0000] {logging_mixin.py:137} INFO - [2023-03-14T14:07:46.364+0000] {taskmixin.py:205} WARNING - Dependency <Task(BashOperator): delete_entry_group>, create_entry_group already registered for DAG: example_complex
[2023-03-14T14:07:46.365+0000] {logging_mixin.py:137} INFO - [2023-03-14T14:07:46.365+0000] {taskmixin.py:205} WARNING - Dependency <Task(BashOperator): create_entry_gcs>, delete_entry already registered for DAG: example_complex
[2023-03-14T14:07:46.369+0000] {logging_mixin.py:137} INFO - [2023-03-14T14:07:46.368+0000] {taskmixin.py:205} WARNING - Dependency <Task(BashOperator): delete_entry>, create_entry_gcs already registered for DAG: example_complex
[2023-03-14T14:07:46.369+0000] {logging_mixin.py:137} INFO - [2023-03-14T14:07:46.369+0000] {taskmixin.py:205} WARNING - Dependency <Task(BashOperator): create_tag>, delete_tag already registered for DAG: example_complex
[2023-03-14T14:07:46.370+0000] {logging_mixin.py:137} INFO - [2023-03-14T14:07:46.370+0000] {taskmixin.py:205} WARNING - Dependency <Task(BashOperator): delete_tag>, create_tag already registered for DAG: example_complex
[2023-03-14T14:07:46.394+0000] {processor.py:753} INFO - DAG(s) dict_keys(['example_complex']) retrieved from /home/airflow/.local/lib/python3.7/site-packages/airflow/example_dags/example_complex.py
[2023-03-14T14:07:46.565+0000] {logging_mixin.py:137} INFO - [2023-03-14T14:07:46.564+0000] {dag.py:2690} INFO - Sync 1 DAGs
[2023-03-14T14:07:46.652+0000] {logging_mixin.py:137} INFO - [2023-03-14T14:07:46.651+0000] {dag.py:3441} INFO - Setting next_dagrun for example_complex to None, run_after=None
[2023-03-14T14:07:46.684+0000] {processor.py:175} INFO - Processing /home/airflow/.local/lib/python3.7/site-packages/airflow/example_dags/example_complex.py took 0.372 seconds
[2023-03-14T14:08:17.235+0000] {processor.py:153} INFO - Started process (PID=2728) to work on /home/airflow/.local/lib/python3.7/site-packages/airflow/example_dags/example_complex.py
[2023-03-14T14:08:17.243+0000] {processor.py:743} INFO - Processing file /home/airflow/.local/lib/python3.7/site-packages/airflow/example_dags/example_complex.py for tasks to queue
[2023-03-14T14:08:17.244+0000] {logging_mixin.py:137} INFO - [2023-03-14T14:08:17.243+0000] {dagbag.py:538} INFO - Filling up the DagBag from /home/airflow/.local/lib/python3.7/site-packages/airflow/example_dags/example_complex.py
[2023-03-14T14:08:17.302+0000] {logging_mixin.py:137} INFO - [2023-03-14T14:08:17.302+0000] {taskmixin.py:205} WARNING - Dependency <Task(BashOperator): create_entry_group>, delete_entry_group already registered for DAG: example_complex
[2023-03-14T14:08:17.305+0000] {logging_mixin.py:137} INFO - [2023-03-14T14:08:17.305+0000] {taskmixin.py:205} WARNING - Dependency <Task(BashOperator): delete_entry_group>, create_entry_group already registered for DAG: example_complex
[2023-03-14T14:08:17.307+0000] {logging_mixin.py:137} INFO - [2023-03-14T14:08:17.307+0000] {taskmixin.py:205} WARNING - Dependency <Task(BashOperator): create_entry_gcs>, delete_entry already registered for DAG: example_complex
[2023-03-14T14:08:17.307+0000] {logging_mixin.py:137} INFO - [2023-03-14T14:08:17.307+0000] {taskmixin.py:205} WARNING - Dependency <Task(BashOperator): delete_entry>, create_entry_gcs already registered for DAG: example_complex
[2023-03-14T14:08:17.308+0000] {logging_mixin.py:137} INFO - [2023-03-14T14:08:17.308+0000] {taskmixin.py:205} WARNING - Dependency <Task(BashOperator): create_tag>, delete_tag already registered for DAG: example_complex
[2023-03-14T14:08:17.308+0000] {logging_mixin.py:137} INFO - [2023-03-14T14:08:17.308+0000] {taskmixin.py:205} WARNING - Dependency <Task(BashOperator): delete_tag>, create_tag already registered for DAG: example_complex
[2023-03-14T14:08:17.331+0000] {processor.py:753} INFO - DAG(s) dict_keys(['example_complex']) retrieved from /home/airflow/.local/lib/python3.7/site-packages/airflow/example_dags/example_complex.py
[2023-03-14T14:08:17.414+0000] {logging_mixin.py:137} INFO - [2023-03-14T14:08:17.414+0000] {dag.py:2690} INFO - Sync 1 DAGs
[2023-03-14T14:08:17.496+0000] {logging_mixin.py:137} INFO - [2023-03-14T14:08:17.494+0000] {dag.py:3441} INFO - Setting next_dagrun for example_complex to None, run_after=None
[2023-03-14T14:08:17.630+0000] {processor.py:175} INFO - Processing /home/airflow/.local/lib/python3.7/site-packages/airflow/example_dags/example_complex.py took 0.404 seconds
[2023-03-14T14:08:51.124+0000] {processor.py:153} INFO - Started process (PID=2955) to work on /home/airflow/.local/lib/python3.7/site-packages/airflow/example_dags/example_complex.py
[2023-03-14T14:08:51.157+0000] {processor.py:743} INFO - Processing file /home/airflow/.local/lib/python3.7/site-packages/airflow/example_dags/example_complex.py for tasks to queue
[2023-03-14T14:08:51.160+0000] {logging_mixin.py:137} INFO - [2023-03-14T14:08:51.158+0000] {dagbag.py:538} INFO - Filling up the DagBag from /home/airflow/.local/lib/python3.7/site-packages/airflow/example_dags/example_complex.py
[2023-03-14T14:08:51.209+0000] {logging_mixin.py:137} INFO - [2023-03-14T14:08:51.209+0000] {taskmixin.py:205} WARNING - Dependency <Task(BashOperator): create_entry_group>, delete_entry_group already registered for DAG: example_complex
[2023-03-14T14:08:51.209+0000] {logging_mixin.py:137} INFO - [2023-03-14T14:08:51.209+0000] {taskmixin.py:205} WARNING - Dependency <Task(BashOperator): delete_entry_group>, create_entry_group already registered for DAG: example_complex
[2023-03-14T14:08:51.210+0000] {logging_mixin.py:137} INFO - [2023-03-14T14:08:51.210+0000] {taskmixin.py:205} WARNING - Dependency <Task(BashOperator): create_entry_gcs>, delete_entry already registered for DAG: example_complex
[2023-03-14T14:08:51.210+0000] {logging_mixin.py:137} INFO - [2023-03-14T14:08:51.210+0000] {taskmixin.py:205} WARNING - Dependency <Task(BashOperator): delete_entry>, create_entry_gcs already registered for DAG: example_complex
[2023-03-14T14:08:51.211+0000] {logging_mixin.py:137} INFO - [2023-03-14T14:08:51.211+0000] {taskmixin.py:205} WARNING - Dependency <Task(BashOperator): create_tag>, delete_tag already registered for DAG: example_complex
[2023-03-14T14:08:51.212+0000] {logging_mixin.py:137} INFO - [2023-03-14T14:08:51.211+0000] {taskmixin.py:205} WARNING - Dependency <Task(BashOperator): delete_tag>, create_tag already registered for DAG: example_complex
[2023-03-14T14:08:51.227+0000] {processor.py:753} INFO - DAG(s) dict_keys(['example_complex']) retrieved from /home/airflow/.local/lib/python3.7/site-packages/airflow/example_dags/example_complex.py
[2023-03-14T14:08:51.332+0000] {logging_mixin.py:137} INFO - [2023-03-14T14:08:51.331+0000] {dag.py:2690} INFO - Sync 1 DAGs
[2023-03-14T14:08:51.436+0000] {logging_mixin.py:137} INFO - [2023-03-14T14:08:51.435+0000] {dag.py:3441} INFO - Setting next_dagrun for example_complex to None, run_after=None
[2023-03-14T14:08:51.488+0000] {processor.py:175} INFO - Processing /home/airflow/.local/lib/python3.7/site-packages/airflow/example_dags/example_complex.py took 0.384 seconds
[2023-03-14T14:09:21.618+0000] {processor.py:153} INFO - Started process (PID=3197) to work on /home/airflow/.local/lib/python3.7/site-packages/airflow/example_dags/example_complex.py
[2023-03-14T14:09:21.622+0000] {processor.py:743} INFO - Processing file /home/airflow/.local/lib/python3.7/site-packages/airflow/example_dags/example_complex.py for tasks to queue
[2023-03-14T14:09:21.623+0000] {logging_mixin.py:137} INFO - [2023-03-14T14:09:21.623+0000] {dagbag.py:538} INFO - Filling up the DagBag from /home/airflow/.local/lib/python3.7/site-packages/airflow/example_dags/example_complex.py
[2023-03-14T14:09:21.677+0000] {logging_mixin.py:137} INFO - [2023-03-14T14:09:21.676+0000] {taskmixin.py:205} WARNING - Dependency <Task(BashOperator): create_entry_group>, delete_entry_group already registered for DAG: example_complex
[2023-03-14T14:09:21.679+0000] {logging_mixin.py:137} INFO - [2023-03-14T14:09:21.678+0000] {taskmixin.py:205} WARNING - Dependency <Task(BashOperator): delete_entry_group>, create_entry_group already registered for DAG: example_complex
[2023-03-14T14:09:21.679+0000] {logging_mixin.py:137} INFO - [2023-03-14T14:09:21.679+0000] {taskmixin.py:205} WARNING - Dependency <Task(BashOperator): create_entry_gcs>, delete_entry already registered for DAG: example_complex
[2023-03-14T14:09:21.681+0000] {logging_mixin.py:137} INFO - [2023-03-14T14:09:21.681+0000] {taskmixin.py:205} WARNING - Dependency <Task(BashOperator): delete_entry>, create_entry_gcs already registered for DAG: example_complex
[2023-03-14T14:09:21.682+0000] {logging_mixin.py:137} INFO - [2023-03-14T14:09:21.682+0000] {taskmixin.py:205} WARNING - Dependency <Task(BashOperator): create_tag>, delete_tag already registered for DAG: example_complex
[2023-03-14T14:09:21.682+0000] {logging_mixin.py:137} INFO - [2023-03-14T14:09:21.682+0000] {taskmixin.py:205} WARNING - Dependency <Task(BashOperator): delete_tag>, create_tag already registered for DAG: example_complex
[2023-03-14T14:09:21.706+0000] {processor.py:753} INFO - DAG(s) dict_keys(['example_complex']) retrieved from /home/airflow/.local/lib/python3.7/site-packages/airflow/example_dags/example_complex.py
[2023-03-14T14:09:21.819+0000] {logging_mixin.py:137} INFO - [2023-03-14T14:09:21.818+0000] {dag.py:2690} INFO - Sync 1 DAGs
[2023-03-14T14:09:21.873+0000] {logging_mixin.py:137} INFO - [2023-03-14T14:09:21.872+0000] {dag.py:3441} INFO - Setting next_dagrun for example_complex to None, run_after=None
[2023-03-14T14:09:21.911+0000] {processor.py:175} INFO - Processing /home/airflow/.local/lib/python3.7/site-packages/airflow/example_dags/example_complex.py took 0.299 seconds
[2023-03-14T14:09:52.109+0000] {processor.py:153} INFO - Started process (PID=3409) to work on /home/airflow/.local/lib/python3.7/site-packages/airflow/example_dags/example_complex.py
[2023-03-14T14:09:52.114+0000] {processor.py:743} INFO - Processing file /home/airflow/.local/lib/python3.7/site-packages/airflow/example_dags/example_complex.py for tasks to queue
[2023-03-14T14:09:52.115+0000] {logging_mixin.py:137} INFO - [2023-03-14T14:09:52.115+0000] {dagbag.py:538} INFO - Filling up the DagBag from /home/airflow/.local/lib/python3.7/site-packages/airflow/example_dags/example_complex.py
[2023-03-14T14:09:52.153+0000] {logging_mixin.py:137} INFO - [2023-03-14T14:09:52.153+0000] {taskmixin.py:205} WARNING - Dependency <Task(BashOperator): create_entry_group>, delete_entry_group already registered for DAG: example_complex
[2023-03-14T14:09:52.155+0000] {logging_mixin.py:137} INFO - [2023-03-14T14:09:52.155+0000] {taskmixin.py:205} WARNING - Dependency <Task(BashOperator): delete_entry_group>, create_entry_group already registered for DAG: example_complex
[2023-03-14T14:09:52.157+0000] {logging_mixin.py:137} INFO - [2023-03-14T14:09:52.156+0000] {taskmixin.py:205} WARNING - Dependency <Task(BashOperator): create_entry_gcs>, delete_entry already registered for DAG: example_complex
[2023-03-14T14:09:52.157+0000] {logging_mixin.py:137} INFO - [2023-03-14T14:09:52.157+0000] {taskmixin.py:205} WARNING - Dependency <Task(BashOperator): delete_entry>, create_entry_gcs already registered for DAG: example_complex
[2023-03-14T14:09:52.158+0000] {logging_mixin.py:137} INFO - [2023-03-14T14:09:52.158+0000] {taskmixin.py:205} WARNING - Dependency <Task(BashOperator): create_tag>, delete_tag already registered for DAG: example_complex
[2023-03-14T14:09:52.160+0000] {logging_mixin.py:137} INFO - [2023-03-14T14:09:52.160+0000] {taskmixin.py:205} WARNING - Dependency <Task(BashOperator): delete_tag>, create_tag already registered for DAG: example_complex
[2023-03-14T14:09:52.180+0000] {processor.py:753} INFO - DAG(s) dict_keys(['example_complex']) retrieved from /home/airflow/.local/lib/python3.7/site-packages/airflow/example_dags/example_complex.py
[2023-03-14T14:09:52.297+0000] {logging_mixin.py:137} INFO - [2023-03-14T14:09:52.296+0000] {dag.py:2690} INFO - Sync 1 DAGs
[2023-03-14T14:09:52.356+0000] {logging_mixin.py:137} INFO - [2023-03-14T14:09:52.356+0000] {dag.py:3441} INFO - Setting next_dagrun for example_complex to None, run_after=None
[2023-03-14T14:09:52.539+0000] {processor.py:175} INFO - Processing /home/airflow/.local/lib/python3.7/site-packages/airflow/example_dags/example_complex.py took 0.440 seconds
[2023-03-14T14:10:23.110+0000] {processor.py:153} INFO - Started process (PID=3624) to work on /home/airflow/.local/lib/python3.7/site-packages/airflow/example_dags/example_complex.py
[2023-03-14T14:10:23.113+0000] {processor.py:743} INFO - Processing file /home/airflow/.local/lib/python3.7/site-packages/airflow/example_dags/example_complex.py for tasks to queue
[2023-03-14T14:10:23.114+0000] {logging_mixin.py:137} INFO - [2023-03-14T14:10:23.114+0000] {dagbag.py:538} INFO - Filling up the DagBag from /home/airflow/.local/lib/python3.7/site-packages/airflow/example_dags/example_complex.py
[2023-03-14T14:10:23.133+0000] {logging_mixin.py:137} INFO - [2023-03-14T14:10:23.133+0000] {taskmixin.py:205} WARNING - Dependency <Task(BashOperator): create_entry_group>, delete_entry_group already registered for DAG: example_complex
[2023-03-14T14:10:23.134+0000] {logging_mixin.py:137} INFO - [2023-03-14T14:10:23.133+0000] {taskmixin.py:205} WARNING - Dependency <Task(BashOperator): delete_entry_group>, create_entry_group already registered for DAG: example_complex
[2023-03-14T14:10:23.134+0000] {logging_mixin.py:137} INFO - [2023-03-14T14:10:23.134+0000] {taskmixin.py:205} WARNING - Dependency <Task(BashOperator): create_entry_gcs>, delete_entry already registered for DAG: example_complex
[2023-03-14T14:10:23.134+0000] {logging_mixin.py:137} INFO - [2023-03-14T14:10:23.134+0000] {taskmixin.py:205} WARNING - Dependency <Task(BashOperator): delete_entry>, create_entry_gcs already registered for DAG: example_complex
[2023-03-14T14:10:23.135+0000] {logging_mixin.py:137} INFO - [2023-03-14T14:10:23.135+0000] {taskmixin.py:205} WARNING - Dependency <Task(BashOperator): create_tag>, delete_tag already registered for DAG: example_complex
[2023-03-14T14:10:23.135+0000] {logging_mixin.py:137} INFO - [2023-03-14T14:10:23.135+0000] {taskmixin.py:205} WARNING - Dependency <Task(BashOperator): delete_tag>, create_tag already registered for DAG: example_complex
[2023-03-14T14:10:23.155+0000] {processor.py:753} INFO - DAG(s) dict_keys(['example_complex']) retrieved from /home/airflow/.local/lib/python3.7/site-packages/airflow/example_dags/example_complex.py
[2023-03-14T14:10:23.240+0000] {logging_mixin.py:137} INFO - [2023-03-14T14:10:23.240+0000] {dag.py:2690} INFO - Sync 1 DAGs
[2023-03-14T14:10:23.328+0000] {logging_mixin.py:137} INFO - [2023-03-14T14:10:23.328+0000] {dag.py:3441} INFO - Setting next_dagrun for example_complex to None, run_after=None
[2023-03-14T14:10:23.406+0000] {processor.py:175} INFO - Processing /home/airflow/.local/lib/python3.7/site-packages/airflow/example_dags/example_complex.py took 0.301 seconds
[2023-03-14T14:10:55.195+0000] {processor.py:153} INFO - Started process (PID=3842) to work on /home/airflow/.local/lib/python3.7/site-packages/airflow/example_dags/example_complex.py
[2023-03-14T14:10:55.205+0000] {processor.py:743} INFO - Processing file /home/airflow/.local/lib/python3.7/site-packages/airflow/example_dags/example_complex.py for tasks to queue
[2023-03-14T14:10:55.206+0000] {logging_mixin.py:137} INFO - [2023-03-14T14:10:55.205+0000] {dagbag.py:538} INFO - Filling up the DagBag from /home/airflow/.local/lib/python3.7/site-packages/airflow/example_dags/example_complex.py
[2023-03-14T14:10:55.237+0000] {logging_mixin.py:137} INFO - [2023-03-14T14:10:55.236+0000] {taskmixin.py:205} WARNING - Dependency <Task(BashOperator): create_entry_group>, delete_entry_group already registered for DAG: example_complex
[2023-03-14T14:10:55.237+0000] {logging_mixin.py:137} INFO - [2023-03-14T14:10:55.237+0000] {taskmixin.py:205} WARNING - Dependency <Task(BashOperator): delete_entry_group>, create_entry_group already registered for DAG: example_complex
[2023-03-14T14:10:55.241+0000] {logging_mixin.py:137} INFO - [2023-03-14T14:10:55.240+0000] {taskmixin.py:205} WARNING - Dependency <Task(BashOperator): create_entry_gcs>, delete_entry already registered for DAG: example_complex
[2023-03-14T14:10:55.241+0000] {logging_mixin.py:137} INFO - [2023-03-14T14:10:55.241+0000] {taskmixin.py:205} WARNING - Dependency <Task(BashOperator): delete_entry>, create_entry_gcs already registered for DAG: example_complex
[2023-03-14T14:10:55.242+0000] {logging_mixin.py:137} INFO - [2023-03-14T14:10:55.242+0000] {taskmixin.py:205} WARNING - Dependency <Task(BashOperator): create_tag>, delete_tag already registered for DAG: example_complex
[2023-03-14T14:10:55.242+0000] {logging_mixin.py:137} INFO - [2023-03-14T14:10:55.242+0000] {taskmixin.py:205} WARNING - Dependency <Task(BashOperator): delete_tag>, create_tag already registered for DAG: example_complex
[2023-03-14T14:10:55.257+0000] {processor.py:753} INFO - DAG(s) dict_keys(['example_complex']) retrieved from /home/airflow/.local/lib/python3.7/site-packages/airflow/example_dags/example_complex.py
[2023-03-14T14:10:55.423+0000] {logging_mixin.py:137} INFO - [2023-03-14T14:10:55.423+0000] {dag.py:2690} INFO - Sync 1 DAGs
[2023-03-14T14:10:55.592+0000] {logging_mixin.py:137} INFO - [2023-03-14T14:10:55.591+0000] {dag.py:3441} INFO - Setting next_dagrun for example_complex to None, run_after=None
[2023-03-14T14:10:55.763+0000] {processor.py:175} INFO - Processing /home/airflow/.local/lib/python3.7/site-packages/airflow/example_dags/example_complex.py took 0.589 seconds
[2023-03-14T14:11:25.911+0000] {processor.py:153} INFO - Started process (PID=4056) to work on /home/airflow/.local/lib/python3.7/site-packages/airflow/example_dags/example_complex.py
[2023-03-14T14:11:25.930+0000] {processor.py:743} INFO - Processing file /home/airflow/.local/lib/python3.7/site-packages/airflow/example_dags/example_complex.py for tasks to queue
[2023-03-14T14:11:25.931+0000] {logging_mixin.py:137} INFO - [2023-03-14T14:11:25.931+0000] {dagbag.py:538} INFO - Filling up the DagBag from /home/airflow/.local/lib/python3.7/site-packages/airflow/example_dags/example_complex.py
[2023-03-14T14:11:25.952+0000] {logging_mixin.py:137} INFO - [2023-03-14T14:11:25.951+0000] {taskmixin.py:205} WARNING - Dependency <Task(BashOperator): create_entry_group>, delete_entry_group already registered for DAG: example_complex
[2023-03-14T14:11:25.952+0000] {logging_mixin.py:137} INFO - [2023-03-14T14:11:25.952+0000] {taskmixin.py:205} WARNING - Dependency <Task(BashOperator): delete_entry_group>, create_entry_group already registered for DAG: example_complex
[2023-03-14T14:11:25.953+0000] {logging_mixin.py:137} INFO - [2023-03-14T14:11:25.953+0000] {taskmixin.py:205} WARNING - Dependency <Task(BashOperator): create_entry_gcs>, delete_entry already registered for DAG: example_complex
[2023-03-14T14:11:25.953+0000] {logging_mixin.py:137} INFO - [2023-03-14T14:11:25.953+0000] {taskmixin.py:205} WARNING - Dependency <Task(BashOperator): delete_entry>, create_entry_gcs already registered for DAG: example_complex
[2023-03-14T14:11:25.954+0000] {logging_mixin.py:137} INFO - [2023-03-14T14:11:25.954+0000] {taskmixin.py:205} WARNING - Dependency <Task(BashOperator): create_tag>, delete_tag already registered for DAG: example_complex
[2023-03-14T14:11:25.955+0000] {logging_mixin.py:137} INFO - [2023-03-14T14:11:25.954+0000] {taskmixin.py:205} WARNING - Dependency <Task(BashOperator): delete_tag>, create_tag already registered for DAG: example_complex
[2023-03-14T14:11:25.968+0000] {processor.py:753} INFO - DAG(s) dict_keys(['example_complex']) retrieved from /home/airflow/.local/lib/python3.7/site-packages/airflow/example_dags/example_complex.py
[2023-03-14T14:11:26.109+0000] {logging_mixin.py:137} INFO - [2023-03-14T14:11:26.109+0000] {dag.py:2690} INFO - Sync 1 DAGs
[2023-03-14T14:11:26.178+0000] {logging_mixin.py:137} INFO - [2023-03-14T14:11:26.177+0000] {dag.py:3441} INFO - Setting next_dagrun for example_complex to None, run_after=None
[2023-03-14T14:11:26.214+0000] {processor.py:175} INFO - Processing /home/airflow/.local/lib/python3.7/site-packages/airflow/example_dags/example_complex.py took 0.308 seconds
[2023-03-14T14:11:56.981+0000] {processor.py:153} INFO - Started process (PID=4269) to work on /home/airflow/.local/lib/python3.7/site-packages/airflow/example_dags/example_complex.py
[2023-03-14T14:11:56.983+0000] {processor.py:743} INFO - Processing file /home/airflow/.local/lib/python3.7/site-packages/airflow/example_dags/example_complex.py for tasks to queue
[2023-03-14T14:11:56.996+0000] {logging_mixin.py:137} INFO - [2023-03-14T14:11:56.983+0000] {dagbag.py:538} INFO - Filling up the DagBag from /home/airflow/.local/lib/python3.7/site-packages/airflow/example_dags/example_complex.py
[2023-03-14T14:11:57.084+0000] {logging_mixin.py:137} INFO - [2023-03-14T14:11:57.083+0000] {taskmixin.py:205} WARNING - Dependency <Task(BashOperator): create_entry_group>, delete_entry_group already registered for DAG: example_complex
[2023-03-14T14:11:57.084+0000] {logging_mixin.py:137} INFO - [2023-03-14T14:11:57.084+0000] {taskmixin.py:205} WARNING - Dependency <Task(BashOperator): delete_entry_group>, create_entry_group already registered for DAG: example_complex
[2023-03-14T14:11:57.084+0000] {logging_mixin.py:137} INFO - [2023-03-14T14:11:57.084+0000] {taskmixin.py:205} WARNING - Dependency <Task(BashOperator): create_entry_gcs>, delete_entry already registered for DAG: example_complex
[2023-03-14T14:11:57.085+0000] {logging_mixin.py:137} INFO - [2023-03-14T14:11:57.084+0000] {taskmixin.py:205} WARNING - Dependency <Task(BashOperator): delete_entry>, create_entry_gcs already registered for DAG: example_complex
[2023-03-14T14:11:57.085+0000] {logging_mixin.py:137} INFO - [2023-03-14T14:11:57.085+0000] {taskmixin.py:205} WARNING - Dependency <Task(BashOperator): create_tag>, delete_tag already registered for DAG: example_complex
[2023-03-14T14:11:57.085+0000] {logging_mixin.py:137} INFO - [2023-03-14T14:11:57.085+0000] {taskmixin.py:205} WARNING - Dependency <Task(BashOperator): delete_tag>, create_tag already registered for DAG: example_complex
[2023-03-14T14:11:57.106+0000] {processor.py:753} INFO - DAG(s) dict_keys(['example_complex']) retrieved from /home/airflow/.local/lib/python3.7/site-packages/airflow/example_dags/example_complex.py
[2023-03-14T14:11:57.299+0000] {logging_mixin.py:137} INFO - [2023-03-14T14:11:57.299+0000] {dag.py:2690} INFO - Sync 1 DAGs
[2023-03-14T14:11:57.525+0000] {logging_mixin.py:137} INFO - [2023-03-14T14:11:57.525+0000] {dag.py:3441} INFO - Setting next_dagrun for example_complex to None, run_after=None
[2023-03-14T14:11:57.643+0000] {processor.py:175} INFO - Processing /home/airflow/.local/lib/python3.7/site-packages/airflow/example_dags/example_complex.py took 0.678 seconds
[2023-03-14T14:12:28.573+0000] {processor.py:153} INFO - Started process (PID=4486) to work on /home/airflow/.local/lib/python3.7/site-packages/airflow/example_dags/example_complex.py
[2023-03-14T14:12:28.576+0000] {processor.py:743} INFO - Processing file /home/airflow/.local/lib/python3.7/site-packages/airflow/example_dags/example_complex.py for tasks to queue
[2023-03-14T14:12:28.578+0000] {logging_mixin.py:137} INFO - [2023-03-14T14:12:28.577+0000] {dagbag.py:538} INFO - Filling up the DagBag from /home/airflow/.local/lib/python3.7/site-packages/airflow/example_dags/example_complex.py
[2023-03-14T14:12:28.611+0000] {logging_mixin.py:137} INFO - [2023-03-14T14:12:28.611+0000] {taskmixin.py:205} WARNING - Dependency <Task(BashOperator): create_entry_group>, delete_entry_group already registered for DAG: example_complex
[2023-03-14T14:12:28.624+0000] {logging_mixin.py:137} INFO - [2023-03-14T14:12:28.624+0000] {taskmixin.py:205} WARNING - Dependency <Task(BashOperator): delete_entry_group>, create_entry_group already registered for DAG: example_complex
[2023-03-14T14:12:28.625+0000] {logging_mixin.py:137} INFO - [2023-03-14T14:12:28.625+0000] {taskmixin.py:205} WARNING - Dependency <Task(BashOperator): create_entry_gcs>, delete_entry already registered for DAG: example_complex
[2023-03-14T14:12:28.626+0000] {logging_mixin.py:137} INFO - [2023-03-14T14:12:28.626+0000] {taskmixin.py:205} WARNING - Dependency <Task(BashOperator): delete_entry>, create_entry_gcs already registered for DAG: example_complex
[2023-03-14T14:12:28.627+0000] {logging_mixin.py:137} INFO - [2023-03-14T14:12:28.626+0000] {taskmixin.py:205} WARNING - Dependency <Task(BashOperator): create_tag>, delete_tag already registered for DAG: example_complex
[2023-03-14T14:12:28.627+0000] {logging_mixin.py:137} INFO - [2023-03-14T14:12:28.627+0000] {taskmixin.py:205} WARNING - Dependency <Task(BashOperator): delete_tag>, create_tag already registered for DAG: example_complex
[2023-03-14T14:12:28.645+0000] {processor.py:753} INFO - DAG(s) dict_keys(['example_complex']) retrieved from /home/airflow/.local/lib/python3.7/site-packages/airflow/example_dags/example_complex.py
[2023-03-14T14:12:28.804+0000] {logging_mixin.py:137} INFO - [2023-03-14T14:12:28.804+0000] {dag.py:2690} INFO - Sync 1 DAGs
[2023-03-14T14:12:28.952+0000] {logging_mixin.py:137} INFO - [2023-03-14T14:12:28.952+0000] {dag.py:3441} INFO - Setting next_dagrun for example_complex to None, run_after=None
[2023-03-14T14:12:29.041+0000] {processor.py:175} INFO - Processing /home/airflow/.local/lib/python3.7/site-packages/airflow/example_dags/example_complex.py took 0.473 seconds
[2023-03-14T14:12:59.502+0000] {processor.py:153} INFO - Started process (PID=4706) to work on /home/airflow/.local/lib/python3.7/site-packages/airflow/example_dags/example_complex.py
[2023-03-14T14:12:59.545+0000] {processor.py:743} INFO - Processing file /home/airflow/.local/lib/python3.7/site-packages/airflow/example_dags/example_complex.py for tasks to queue
[2023-03-14T14:12:59.546+0000] {logging_mixin.py:137} INFO - [2023-03-14T14:12:59.546+0000] {dagbag.py:538} INFO - Filling up the DagBag from /home/airflow/.local/lib/python3.7/site-packages/airflow/example_dags/example_complex.py
[2023-03-14T14:12:59.801+0000] {logging_mixin.py:137} INFO - [2023-03-14T14:12:59.800+0000] {taskmixin.py:205} WARNING - Dependency <Task(BashOperator): create_entry_group>, delete_entry_group already registered for DAG: example_complex
[2023-03-14T14:12:59.809+0000] {logging_mixin.py:137} INFO - [2023-03-14T14:12:59.809+0000] {taskmixin.py:205} WARNING - Dependency <Task(BashOperator): delete_entry_group>, create_entry_group already registered for DAG: example_complex
[2023-03-14T14:12:59.812+0000] {logging_mixin.py:137} INFO - [2023-03-14T14:12:59.812+0000] {taskmixin.py:205} WARNING - Dependency <Task(BashOperator): create_entry_gcs>, delete_entry already registered for DAG: example_complex
[2023-03-14T14:12:59.823+0000] {logging_mixin.py:137} INFO - [2023-03-14T14:12:59.823+0000] {taskmixin.py:205} WARNING - Dependency <Task(BashOperator): delete_entry>, create_entry_gcs already registered for DAG: example_complex
[2023-03-14T14:12:59.828+0000] {logging_mixin.py:137} INFO - [2023-03-14T14:12:59.828+0000] {taskmixin.py:205} WARNING - Dependency <Task(BashOperator): create_tag>, delete_tag already registered for DAG: example_complex
[2023-03-14T14:12:59.830+0000] {logging_mixin.py:137} INFO - [2023-03-14T14:12:59.830+0000] {taskmixin.py:205} WARNING - Dependency <Task(BashOperator): delete_tag>, create_tag already registered for DAG: example_complex
[2023-03-14T14:12:59.876+0000] {processor.py:753} INFO - DAG(s) dict_keys(['example_complex']) retrieved from /home/airflow/.local/lib/python3.7/site-packages/airflow/example_dags/example_complex.py
[2023-03-14T14:13:00.205+0000] {logging_mixin.py:137} INFO - [2023-03-14T14:13:00.205+0000] {dag.py:2690} INFO - Sync 1 DAGs
[2023-03-14T14:13:00.477+0000] {logging_mixin.py:137} INFO - [2023-03-14T14:13:00.476+0000] {dag.py:3441} INFO - Setting next_dagrun for example_complex to None, run_after=None
[2023-03-14T14:13:00.711+0000] {processor.py:175} INFO - Processing /home/airflow/.local/lib/python3.7/site-packages/airflow/example_dags/example_complex.py took 1.259 seconds
[2023-03-14T14:13:30.817+0000] {processor.py:153} INFO - Started process (PID=4925) to work on /home/airflow/.local/lib/python3.7/site-packages/airflow/example_dags/example_complex.py
[2023-03-14T14:13:30.818+0000] {processor.py:743} INFO - Processing file /home/airflow/.local/lib/python3.7/site-packages/airflow/example_dags/example_complex.py for tasks to queue
[2023-03-14T14:13:30.819+0000] {logging_mixin.py:137} INFO - [2023-03-14T14:13:30.819+0000] {dagbag.py:538} INFO - Filling up the DagBag from /home/airflow/.local/lib/python3.7/site-packages/airflow/example_dags/example_complex.py
[2023-03-14T14:13:30.838+0000] {logging_mixin.py:137} INFO - [2023-03-14T14:13:30.838+0000] {taskmixin.py:205} WARNING - Dependency <Task(BashOperator): create_entry_group>, delete_entry_group already registered for DAG: example_complex
[2023-03-14T14:13:30.838+0000] {logging_mixin.py:137} INFO - [2023-03-14T14:13:30.838+0000] {taskmixin.py:205} WARNING - Dependency <Task(BashOperator): delete_entry_group>, create_entry_group already registered for DAG: example_complex
[2023-03-14T14:13:30.839+0000] {logging_mixin.py:137} INFO - [2023-03-14T14:13:30.839+0000] {taskmixin.py:205} WARNING - Dependency <Task(BashOperator): create_entry_gcs>, delete_entry already registered for DAG: example_complex
[2023-03-14T14:13:30.839+0000] {logging_mixin.py:137} INFO - [2023-03-14T14:13:30.839+0000] {taskmixin.py:205} WARNING - Dependency <Task(BashOperator): delete_entry>, create_entry_gcs already registered for DAG: example_complex
[2023-03-14T14:13:30.840+0000] {logging_mixin.py:137} INFO - [2023-03-14T14:13:30.840+0000] {taskmixin.py:205} WARNING - Dependency <Task(BashOperator): create_tag>, delete_tag already registered for DAG: example_complex
[2023-03-14T14:13:30.841+0000] {logging_mixin.py:137} INFO - [2023-03-14T14:13:30.841+0000] {taskmixin.py:205} WARNING - Dependency <Task(BashOperator): delete_tag>, create_tag already registered for DAG: example_complex
[2023-03-14T14:13:30.851+0000] {processor.py:753} INFO - DAG(s) dict_keys(['example_complex']) retrieved from /home/airflow/.local/lib/python3.7/site-packages/airflow/example_dags/example_complex.py
[2023-03-14T14:13:30.900+0000] {logging_mixin.py:137} INFO - [2023-03-14T14:13:30.900+0000] {dag.py:2690} INFO - Sync 1 DAGs
[2023-03-14T14:13:30.939+0000] {logging_mixin.py:137} INFO - [2023-03-14T14:13:30.939+0000] {dag.py:3441} INFO - Setting next_dagrun for example_complex to None, run_after=None
[2023-03-14T14:13:30.976+0000] {processor.py:175} INFO - Processing /home/airflow/.local/lib/python3.7/site-packages/airflow/example_dags/example_complex.py took 0.164 seconds
[2023-03-14T14:14:01.731+0000] {processor.py:153} INFO - Started process (PID=5138) to work on /home/airflow/.local/lib/python3.7/site-packages/airflow/example_dags/example_complex.py
[2023-03-14T14:14:01.741+0000] {processor.py:743} INFO - Processing file /home/airflow/.local/lib/python3.7/site-packages/airflow/example_dags/example_complex.py for tasks to queue
[2023-03-14T14:14:01.742+0000] {logging_mixin.py:137} INFO - [2023-03-14T14:14:01.742+0000] {dagbag.py:538} INFO - Filling up the DagBag from /home/airflow/.local/lib/python3.7/site-packages/airflow/example_dags/example_complex.py
[2023-03-14T14:14:01.775+0000] {logging_mixin.py:137} INFO - [2023-03-14T14:14:01.775+0000] {taskmixin.py:205} WARNING - Dependency <Task(BashOperator): create_entry_group>, delete_entry_group already registered for DAG: example_complex
[2023-03-14T14:14:01.783+0000] {logging_mixin.py:137} INFO - [2023-03-14T14:14:01.783+0000] {taskmixin.py:205} WARNING - Dependency <Task(BashOperator): delete_entry_group>, create_entry_group already registered for DAG: example_complex
[2023-03-14T14:14:01.784+0000] {logging_mixin.py:137} INFO - [2023-03-14T14:14:01.784+0000] {taskmixin.py:205} WARNING - Dependency <Task(BashOperator): create_entry_gcs>, delete_entry already registered for DAG: example_complex
[2023-03-14T14:14:01.785+0000] {logging_mixin.py:137} INFO - [2023-03-14T14:14:01.784+0000] {taskmixin.py:205} WARNING - Dependency <Task(BashOperator): delete_entry>, create_entry_gcs already registered for DAG: example_complex
[2023-03-14T14:14:01.785+0000] {logging_mixin.py:137} INFO - [2023-03-14T14:14:01.785+0000] {taskmixin.py:205} WARNING - Dependency <Task(BashOperator): create_tag>, delete_tag already registered for DAG: example_complex
[2023-03-14T14:14:01.788+0000] {logging_mixin.py:137} INFO - [2023-03-14T14:14:01.788+0000] {taskmixin.py:205} WARNING - Dependency <Task(BashOperator): delete_tag>, create_tag already registered for DAG: example_complex
[2023-03-14T14:14:01.806+0000] {processor.py:753} INFO - DAG(s) dict_keys(['example_complex']) retrieved from /home/airflow/.local/lib/python3.7/site-packages/airflow/example_dags/example_complex.py
[2023-03-14T14:14:02.010+0000] {logging_mixin.py:137} INFO - [2023-03-14T14:14:02.010+0000] {dag.py:2690} INFO - Sync 1 DAGs
[2023-03-14T14:14:02.087+0000] {logging_mixin.py:137} INFO - [2023-03-14T14:14:02.086+0000] {dag.py:3441} INFO - Setting next_dagrun for example_complex to None, run_after=None
[2023-03-14T14:14:02.202+0000] {processor.py:175} INFO - Processing /home/airflow/.local/lib/python3.7/site-packages/airflow/example_dags/example_complex.py took 0.485 seconds
[2023-03-14T14:14:32.870+0000] {processor.py:153} INFO - Started process (PID=5352) to work on /home/airflow/.local/lib/python3.7/site-packages/airflow/example_dags/example_complex.py
[2023-03-14T14:14:32.875+0000] {processor.py:743} INFO - Processing file /home/airflow/.local/lib/python3.7/site-packages/airflow/example_dags/example_complex.py for tasks to queue
[2023-03-14T14:14:32.876+0000] {logging_mixin.py:137} INFO - [2023-03-14T14:14:32.876+0000] {dagbag.py:538} INFO - Filling up the DagBag from /home/airflow/.local/lib/python3.7/site-packages/airflow/example_dags/example_complex.py
[2023-03-14T14:14:32.918+0000] {logging_mixin.py:137} INFO - [2023-03-14T14:14:32.917+0000] {taskmixin.py:205} WARNING - Dependency <Task(BashOperator): create_entry_group>, delete_entry_group already registered for DAG: example_complex
[2023-03-14T14:14:32.918+0000] {logging_mixin.py:137} INFO - [2023-03-14T14:14:32.918+0000] {taskmixin.py:205} WARNING - Dependency <Task(BashOperator): delete_entry_group>, create_entry_group already registered for DAG: example_complex
[2023-03-14T14:14:32.919+0000] {logging_mixin.py:137} INFO - [2023-03-14T14:14:32.919+0000] {taskmixin.py:205} WARNING - Dependency <Task(BashOperator): create_entry_gcs>, delete_entry already registered for DAG: example_complex
[2023-03-14T14:14:32.919+0000] {logging_mixin.py:137} INFO - [2023-03-14T14:14:32.919+0000] {taskmixin.py:205} WARNING - Dependency <Task(BashOperator): delete_entry>, create_entry_gcs already registered for DAG: example_complex
[2023-03-14T14:14:32.920+0000] {logging_mixin.py:137} INFO - [2023-03-14T14:14:32.920+0000] {taskmixin.py:205} WARNING - Dependency <Task(BashOperator): create_tag>, delete_tag already registered for DAG: example_complex
[2023-03-14T14:14:32.921+0000] {logging_mixin.py:137} INFO - [2023-03-14T14:14:32.920+0000] {taskmixin.py:205} WARNING - Dependency <Task(BashOperator): delete_tag>, create_tag already registered for DAG: example_complex
[2023-03-14T14:14:32.937+0000] {processor.py:753} INFO - DAG(s) dict_keys(['example_complex']) retrieved from /home/airflow/.local/lib/python3.7/site-packages/airflow/example_dags/example_complex.py
[2023-03-14T14:14:33.106+0000] {logging_mixin.py:137} INFO - [2023-03-14T14:14:33.106+0000] {dag.py:2690} INFO - Sync 1 DAGs
[2023-03-14T14:14:33.184+0000] {logging_mixin.py:137} INFO - [2023-03-14T14:14:33.184+0000] {dag.py:3441} INFO - Setting next_dagrun for example_complex to None, run_after=None
[2023-03-14T14:14:33.233+0000] {processor.py:175} INFO - Processing /home/airflow/.local/lib/python3.7/site-packages/airflow/example_dags/example_complex.py took 0.377 seconds
[2023-03-14T14:15:03.801+0000] {processor.py:153} INFO - Started process (PID=5571) to work on /home/airflow/.local/lib/python3.7/site-packages/airflow/example_dags/example_complex.py
[2023-03-14T14:15:03.814+0000] {processor.py:743} INFO - Processing file /home/airflow/.local/lib/python3.7/site-packages/airflow/example_dags/example_complex.py for tasks to queue
[2023-03-14T14:15:03.816+0000] {logging_mixin.py:137} INFO - [2023-03-14T14:15:03.815+0000] {dagbag.py:538} INFO - Filling up the DagBag from /home/airflow/.local/lib/python3.7/site-packages/airflow/example_dags/example_complex.py
[2023-03-14T14:15:03.920+0000] {logging_mixin.py:137} INFO - [2023-03-14T14:15:03.919+0000] {taskmixin.py:205} WARNING - Dependency <Task(BashOperator): create_entry_group>, delete_entry_group already registered for DAG: example_complex
[2023-03-14T14:15:03.920+0000] {logging_mixin.py:137} INFO - [2023-03-14T14:15:03.920+0000] {taskmixin.py:205} WARNING - Dependency <Task(BashOperator): delete_entry_group>, create_entry_group already registered for DAG: example_complex
[2023-03-14T14:15:03.945+0000] {logging_mixin.py:137} INFO - [2023-03-14T14:15:03.945+0000] {taskmixin.py:205} WARNING - Dependency <Task(BashOperator): create_entry_gcs>, delete_entry already registered for DAG: example_complex
[2023-03-14T14:15:03.945+0000] {logging_mixin.py:137} INFO - [2023-03-14T14:15:03.945+0000] {taskmixin.py:205} WARNING - Dependency <Task(BashOperator): delete_entry>, create_entry_gcs already registered for DAG: example_complex
[2023-03-14T14:15:03.957+0000] {logging_mixin.py:137} INFO - [2023-03-14T14:15:03.957+0000] {taskmixin.py:205} WARNING - Dependency <Task(BashOperator): create_tag>, delete_tag already registered for DAG: example_complex
[2023-03-14T14:15:03.958+0000] {logging_mixin.py:137} INFO - [2023-03-14T14:15:03.957+0000] {taskmixin.py:205} WARNING - Dependency <Task(BashOperator): delete_tag>, create_tag already registered for DAG: example_complex
[2023-03-14T14:15:04.023+0000] {processor.py:753} INFO - DAG(s) dict_keys(['example_complex']) retrieved from /home/airflow/.local/lib/python3.7/site-packages/airflow/example_dags/example_complex.py
[2023-03-14T14:15:04.194+0000] {logging_mixin.py:137} INFO - [2023-03-14T14:15:04.194+0000] {dag.py:2690} INFO - Sync 1 DAGs
[2023-03-14T14:15:04.279+0000] {logging_mixin.py:137} INFO - [2023-03-14T14:15:04.279+0000] {dag.py:3441} INFO - Setting next_dagrun for example_complex to None, run_after=None
[2023-03-14T14:15:04.326+0000] {processor.py:175} INFO - Processing /home/airflow/.local/lib/python3.7/site-packages/airflow/example_dags/example_complex.py took 0.555 seconds
[2023-03-14T14:15:34.974+0000] {processor.py:153} INFO - Started process (PID=5793) to work on /home/airflow/.local/lib/python3.7/site-packages/airflow/example_dags/example_complex.py
[2023-03-14T14:15:34.975+0000] {processor.py:743} INFO - Processing file /home/airflow/.local/lib/python3.7/site-packages/airflow/example_dags/example_complex.py for tasks to queue
[2023-03-14T14:15:34.977+0000] {logging_mixin.py:137} INFO - [2023-03-14T14:15:34.976+0000] {dagbag.py:538} INFO - Filling up the DagBag from /home/airflow/.local/lib/python3.7/site-packages/airflow/example_dags/example_complex.py
[2023-03-14T14:15:35.027+0000] {logging_mixin.py:137} INFO - [2023-03-14T14:15:35.026+0000] {taskmixin.py:205} WARNING - Dependency <Task(BashOperator): create_entry_group>, delete_entry_group already registered for DAG: example_complex
[2023-03-14T14:15:35.032+0000] {logging_mixin.py:137} INFO - [2023-03-14T14:15:35.032+0000] {taskmixin.py:205} WARNING - Dependency <Task(BashOperator): delete_entry_group>, create_entry_group already registered for DAG: example_complex
[2023-03-14T14:15:35.033+0000] {logging_mixin.py:137} INFO - [2023-03-14T14:15:35.033+0000] {taskmixin.py:205} WARNING - Dependency <Task(BashOperator): create_entry_gcs>, delete_entry already registered for DAG: example_complex
[2023-03-14T14:15:35.033+0000] {logging_mixin.py:137} INFO - [2023-03-14T14:15:35.033+0000] {taskmixin.py:205} WARNING - Dependency <Task(BashOperator): delete_entry>, create_entry_gcs already registered for DAG: example_complex
[2023-03-14T14:15:35.039+0000] {logging_mixin.py:137} INFO - [2023-03-14T14:15:35.039+0000] {taskmixin.py:205} WARNING - Dependency <Task(BashOperator): create_tag>, delete_tag already registered for DAG: example_complex
[2023-03-14T14:15:35.039+0000] {logging_mixin.py:137} INFO - [2023-03-14T14:15:35.039+0000] {taskmixin.py:205} WARNING - Dependency <Task(BashOperator): delete_tag>, create_tag already registered for DAG: example_complex
[2023-03-14T14:15:35.054+0000] {processor.py:753} INFO - DAG(s) dict_keys(['example_complex']) retrieved from /home/airflow/.local/lib/python3.7/site-packages/airflow/example_dags/example_complex.py
[2023-03-14T14:15:35.185+0000] {logging_mixin.py:137} INFO - [2023-03-14T14:15:35.185+0000] {dag.py:2690} INFO - Sync 1 DAGs
[2023-03-14T14:15:35.297+0000] {logging_mixin.py:137} INFO - [2023-03-14T14:15:35.297+0000] {dag.py:3441} INFO - Setting next_dagrun for example_complex to None, run_after=None
[2023-03-14T14:15:35.350+0000] {processor.py:175} INFO - Processing /home/airflow/.local/lib/python3.7/site-packages/airflow/example_dags/example_complex.py took 0.395 seconds
