[2023-03-14T14:02:26.245+0000] {processor.py:153} INFO - Started process (PID=209) to work on /home/airflow/.local/lib/python3.7/site-packages/airflow/example_dags/example_subdag_operator.py
[2023-03-14T14:02:26.246+0000] {processor.py:743} INFO - Processing file /home/airflow/.local/lib/python3.7/site-packages/airflow/example_dags/example_subdag_operator.py for tasks to queue
[2023-03-14T14:02:26.250+0000] {logging_mixin.py:137} INFO - [2023-03-14T14:02:26.249+0000] {dagbag.py:538} INFO - Filling up the DagBag from /home/airflow/.local/lib/python3.7/site-packages/airflow/example_dags/example_subdag_operator.py
[2023-03-14T14:02:26.301+0000] {processor.py:753} INFO - DAG(s) dict_keys(['example_subdag_operator.section-1', 'example_subdag_operator.section-2', 'example_subdag_operator']) retrieved from /home/airflow/.local/lib/python3.7/site-packages/airflow/example_dags/example_subdag_operator.py
[2023-03-14T14:02:26.359+0000] {logging_mixin.py:137} INFO - [2023-03-14T14:02:26.358+0000] {dag.py:2690} INFO - Sync 3 DAGs
[2023-03-14T14:02:26.573+0000] {logging_mixin.py:137} INFO - [2023-03-14T14:02:26.573+0000] {dag.py:3441} INFO - Setting next_dagrun for example_subdag_operator to 2022-01-01T00:00:00+00:00, run_after=2022-01-01T00:00:00+00:00
[2023-03-14T14:02:26.582+0000] {logging_mixin.py:137} INFO - [2023-03-14T14:02:26.582+0000] {dag.py:3441} INFO - Setting next_dagrun for example_subdag_operator.section-1 to None, run_after=None
[2023-03-14T14:02:26.592+0000] {logging_mixin.py:137} INFO - [2023-03-14T14:02:26.592+0000] {dag.py:3441} INFO - Setting next_dagrun for example_subdag_operator.section-2 to None, run_after=None
[2023-03-14T14:02:26.623+0000] {logging_mixin.py:137} INFO - [2023-03-14T14:02:26.623+0000] {dag.py:2690} INFO - Sync 2 DAGs
[2023-03-14T14:02:26.754+0000] {logging_mixin.py:137} INFO - [2023-03-14T14:02:26.754+0000] {dag.py:3441} INFO - Setting next_dagrun for example_subdag_operator.section-1 to None, run_after=None
[2023-03-14T14:02:26.755+0000] {logging_mixin.py:137} INFO - [2023-03-14T14:02:26.755+0000] {dag.py:3441} INFO - Setting next_dagrun for example_subdag_operator.section-2 to None, run_after=None
[2023-03-14T14:02:26.905+0000] {processor.py:175} INFO - Processing /home/airflow/.local/lib/python3.7/site-packages/airflow/example_dags/example_subdag_operator.py took 0.665 seconds
[2023-03-14T14:02:57.201+0000] {processor.py:153} INFO - Started process (PID=421) to work on /home/airflow/.local/lib/python3.7/site-packages/airflow/example_dags/example_subdag_operator.py
[2023-03-14T14:02:57.204+0000] {processor.py:743} INFO - Processing file /home/airflow/.local/lib/python3.7/site-packages/airflow/example_dags/example_subdag_operator.py for tasks to queue
[2023-03-14T14:02:57.210+0000] {logging_mixin.py:137} INFO - [2023-03-14T14:02:57.210+0000] {dagbag.py:538} INFO - Filling up the DagBag from /home/airflow/.local/lib/python3.7/site-packages/airflow/example_dags/example_subdag_operator.py
[2023-03-14T14:02:57.415+0000] {processor.py:753} INFO - DAG(s) dict_keys(['example_subdag_operator.section-1', 'example_subdag_operator.section-2', 'example_subdag_operator']) retrieved from /home/airflow/.local/lib/python3.7/site-packages/airflow/example_dags/example_subdag_operator.py
[2023-03-14T14:02:57.559+0000] {logging_mixin.py:137} INFO - [2023-03-14T14:02:57.559+0000] {dag.py:2690} INFO - Sync 3 DAGs
[2023-03-14T14:02:57.719+0000] {logging_mixin.py:137} INFO - [2023-03-14T14:02:57.718+0000] {dag.py:3441} INFO - Setting next_dagrun for example_subdag_operator to 2022-01-01T00:00:00+00:00, run_after=2022-01-01T00:00:00+00:00
[2023-03-14T14:02:57.746+0000] {logging_mixin.py:137} INFO - [2023-03-14T14:02:57.746+0000] {dag.py:3441} INFO - Setting next_dagrun for example_subdag_operator.section-1 to None, run_after=None
[2023-03-14T14:02:57.748+0000] {logging_mixin.py:137} INFO - [2023-03-14T14:02:57.748+0000] {dag.py:3441} INFO - Setting next_dagrun for example_subdag_operator.section-2 to None, run_after=None
[2023-03-14T14:02:57.869+0000] {logging_mixin.py:137} INFO - [2023-03-14T14:02:57.868+0000] {dag.py:2690} INFO - Sync 2 DAGs
[2023-03-14T14:02:57.924+0000] {logging_mixin.py:137} INFO - [2023-03-14T14:02:57.923+0000] {dag.py:3441} INFO - Setting next_dagrun for example_subdag_operator.section-1 to None, run_after=None
[2023-03-14T14:02:57.933+0000] {logging_mixin.py:137} INFO - [2023-03-14T14:02:57.933+0000] {dag.py:3441} INFO - Setting next_dagrun for example_subdag_operator.section-2 to None, run_after=None
[2023-03-14T14:02:58.030+0000] {processor.py:175} INFO - Processing /home/airflow/.local/lib/python3.7/site-packages/airflow/example_dags/example_subdag_operator.py took 0.847 seconds
[2023-03-14T14:03:28.484+0000] {processor.py:153} INFO - Started process (PID=634) to work on /home/airflow/.local/lib/python3.7/site-packages/airflow/example_dags/example_subdag_operator.py
[2023-03-14T14:03:28.489+0000] {processor.py:743} INFO - Processing file /home/airflow/.local/lib/python3.7/site-packages/airflow/example_dags/example_subdag_operator.py for tasks to queue
[2023-03-14T14:03:28.489+0000] {logging_mixin.py:137} INFO - [2023-03-14T14:03:28.489+0000] {dagbag.py:538} INFO - Filling up the DagBag from /home/airflow/.local/lib/python3.7/site-packages/airflow/example_dags/example_subdag_operator.py
[2023-03-14T14:03:28.577+0000] {processor.py:753} INFO - DAG(s) dict_keys(['example_subdag_operator.section-1', 'example_subdag_operator.section-2', 'example_subdag_operator']) retrieved from /home/airflow/.local/lib/python3.7/site-packages/airflow/example_dags/example_subdag_operator.py
[2023-03-14T14:03:28.629+0000] {logging_mixin.py:137} INFO - [2023-03-14T14:03:28.629+0000] {dag.py:2690} INFO - Sync 3 DAGs
[2023-03-14T14:03:28.707+0000] {logging_mixin.py:137} INFO - [2023-03-14T14:03:28.706+0000] {dag.py:3441} INFO - Setting next_dagrun for example_subdag_operator to 2022-01-01T00:00:00+00:00, run_after=2022-01-01T00:00:00+00:00
[2023-03-14T14:03:28.722+0000] {logging_mixin.py:137} INFO - [2023-03-14T14:03:28.722+0000] {dag.py:3441} INFO - Setting next_dagrun for example_subdag_operator.section-1 to None, run_after=None
[2023-03-14T14:03:28.724+0000] {logging_mixin.py:137} INFO - [2023-03-14T14:03:28.724+0000] {dag.py:3441} INFO - Setting next_dagrun for example_subdag_operator.section-2 to None, run_after=None
[2023-03-14T14:03:28.741+0000] {logging_mixin.py:137} INFO - [2023-03-14T14:03:28.741+0000] {dag.py:2690} INFO - Sync 2 DAGs
[2023-03-14T14:03:28.750+0000] {logging_mixin.py:137} INFO - [2023-03-14T14:03:28.750+0000] {dag.py:3441} INFO - Setting next_dagrun for example_subdag_operator.section-1 to None, run_after=None
[2023-03-14T14:03:28.751+0000] {logging_mixin.py:137} INFO - [2023-03-14T14:03:28.751+0000] {dag.py:3441} INFO - Setting next_dagrun for example_subdag_operator.section-2 to None, run_after=None
[2023-03-14T14:03:28.786+0000] {processor.py:175} INFO - Processing /home/airflow/.local/lib/python3.7/site-packages/airflow/example_dags/example_subdag_operator.py took 0.316 seconds
[2023-03-14T14:04:00.002+0000] {processor.py:153} INFO - Started process (PID=861) to work on /home/airflow/.local/lib/python3.7/site-packages/airflow/example_dags/example_subdag_operator.py
[2023-03-14T14:04:00.009+0000] {processor.py:743} INFO - Processing file /home/airflow/.local/lib/python3.7/site-packages/airflow/example_dags/example_subdag_operator.py for tasks to queue
[2023-03-14T14:04:00.016+0000] {logging_mixin.py:137} INFO - [2023-03-14T14:04:00.015+0000] {dagbag.py:538} INFO - Filling up the DagBag from /home/airflow/.local/lib/python3.7/site-packages/airflow/example_dags/example_subdag_operator.py
[2023-03-14T14:04:00.106+0000] {processor.py:753} INFO - DAG(s) dict_keys(['example_subdag_operator.section-1', 'example_subdag_operator.section-2', 'example_subdag_operator']) retrieved from /home/airflow/.local/lib/python3.7/site-packages/airflow/example_dags/example_subdag_operator.py
[2023-03-14T14:04:00.230+0000] {logging_mixin.py:137} INFO - [2023-03-14T14:04:00.229+0000] {dag.py:2690} INFO - Sync 3 DAGs
[2023-03-14T14:04:00.471+0000] {logging_mixin.py:137} INFO - [2023-03-14T14:04:00.471+0000] {dag.py:3441} INFO - Setting next_dagrun for example_subdag_operator to 2022-01-01T00:00:00+00:00, run_after=2022-01-01T00:00:00+00:00
[2023-03-14T14:04:00.542+0000] {logging_mixin.py:137} INFO - [2023-03-14T14:04:00.541+0000] {dag.py:3441} INFO - Setting next_dagrun for example_subdag_operator.section-1 to None, run_after=None
[2023-03-14T14:04:00.553+0000] {logging_mixin.py:137} INFO - [2023-03-14T14:04:00.553+0000] {dag.py:3441} INFO - Setting next_dagrun for example_subdag_operator.section-2 to None, run_after=None
[2023-03-14T14:04:00.607+0000] {logging_mixin.py:137} INFO - [2023-03-14T14:04:00.606+0000] {dag.py:2690} INFO - Sync 2 DAGs
[2023-03-14T14:04:00.627+0000] {logging_mixin.py:137} INFO - [2023-03-14T14:04:00.627+0000] {dag.py:3441} INFO - Setting next_dagrun for example_subdag_operator.section-1 to None, run_after=None
[2023-03-14T14:04:00.637+0000] {logging_mixin.py:137} INFO - [2023-03-14T14:04:00.636+0000] {dag.py:3441} INFO - Setting next_dagrun for example_subdag_operator.section-2 to None, run_after=None
[2023-03-14T14:04:00.694+0000] {processor.py:175} INFO - Processing /home/airflow/.local/lib/python3.7/site-packages/airflow/example_dags/example_subdag_operator.py took 0.738 seconds
[2023-03-14T14:04:31.285+0000] {processor.py:153} INFO - Started process (PID=1076) to work on /home/airflow/.local/lib/python3.7/site-packages/airflow/example_dags/example_subdag_operator.py
[2023-03-14T14:04:31.286+0000] {processor.py:743} INFO - Processing file /home/airflow/.local/lib/python3.7/site-packages/airflow/example_dags/example_subdag_operator.py for tasks to queue
[2023-03-14T14:04:31.288+0000] {logging_mixin.py:137} INFO - [2023-03-14T14:04:31.287+0000] {dagbag.py:538} INFO - Filling up the DagBag from /home/airflow/.local/lib/python3.7/site-packages/airflow/example_dags/example_subdag_operator.py
[2023-03-14T14:04:31.338+0000] {processor.py:753} INFO - DAG(s) dict_keys(['example_subdag_operator.section-1', 'example_subdag_operator.section-2', 'example_subdag_operator']) retrieved from /home/airflow/.local/lib/python3.7/site-packages/airflow/example_dags/example_subdag_operator.py
[2023-03-14T14:04:31.371+0000] {logging_mixin.py:137} INFO - [2023-03-14T14:04:31.371+0000] {dag.py:2690} INFO - Sync 3 DAGs
[2023-03-14T14:04:31.450+0000] {logging_mixin.py:137} INFO - [2023-03-14T14:04:31.450+0000] {dag.py:3441} INFO - Setting next_dagrun for example_subdag_operator to 2022-01-01T00:00:00+00:00, run_after=2022-01-01T00:00:00+00:00
[2023-03-14T14:04:31.454+0000] {logging_mixin.py:137} INFO - [2023-03-14T14:04:31.454+0000] {dag.py:3441} INFO - Setting next_dagrun for example_subdag_operator.section-1 to None, run_after=None
[2023-03-14T14:04:31.465+0000] {logging_mixin.py:137} INFO - [2023-03-14T14:04:31.464+0000] {dag.py:3441} INFO - Setting next_dagrun for example_subdag_operator.section-2 to None, run_after=None
[2023-03-14T14:04:31.482+0000] {logging_mixin.py:137} INFO - [2023-03-14T14:04:31.481+0000] {dag.py:2690} INFO - Sync 2 DAGs
[2023-03-14T14:04:31.493+0000] {logging_mixin.py:137} INFO - [2023-03-14T14:04:31.492+0000] {dag.py:3441} INFO - Setting next_dagrun for example_subdag_operator.section-1 to None, run_after=None
[2023-03-14T14:04:31.495+0000] {logging_mixin.py:137} INFO - [2023-03-14T14:04:31.495+0000] {dag.py:3441} INFO - Setting next_dagrun for example_subdag_operator.section-2 to None, run_after=None
[2023-03-14T14:04:31.525+0000] {processor.py:175} INFO - Processing /home/airflow/.local/lib/python3.7/site-packages/airflow/example_dags/example_subdag_operator.py took 0.245 seconds
[2023-03-14T14:05:01.894+0000] {processor.py:153} INFO - Started process (PID=1288) to work on /home/airflow/.local/lib/python3.7/site-packages/airflow/example_dags/example_subdag_operator.py
[2023-03-14T14:05:01.911+0000] {processor.py:743} INFO - Processing file /home/airflow/.local/lib/python3.7/site-packages/airflow/example_dags/example_subdag_operator.py for tasks to queue
[2023-03-14T14:05:01.918+0000] {logging_mixin.py:137} INFO - [2023-03-14T14:05:01.918+0000] {dagbag.py:538} INFO - Filling up the DagBag from /home/airflow/.local/lib/python3.7/site-packages/airflow/example_dags/example_subdag_operator.py
[2023-03-14T14:05:02.239+0000] {processor.py:753} INFO - DAG(s) dict_keys(['example_subdag_operator.section-1', 'example_subdag_operator.section-2', 'example_subdag_operator']) retrieved from /home/airflow/.local/lib/python3.7/site-packages/airflow/example_dags/example_subdag_operator.py
[2023-03-14T14:05:02.283+0000] {logging_mixin.py:137} INFO - [2023-03-14T14:05:02.282+0000] {dag.py:2690} INFO - Sync 3 DAGs
[2023-03-14T14:05:02.333+0000] {logging_mixin.py:137} INFO - [2023-03-14T14:05:02.333+0000] {dag.py:3441} INFO - Setting next_dagrun for example_subdag_operator to 2022-01-01T00:00:00+00:00, run_after=2022-01-01T00:00:00+00:00
[2023-03-14T14:05:02.338+0000] {logging_mixin.py:137} INFO - [2023-03-14T14:05:02.338+0000] {dag.py:3441} INFO - Setting next_dagrun for example_subdag_operator.section-1 to None, run_after=None
[2023-03-14T14:05:02.339+0000] {logging_mixin.py:137} INFO - [2023-03-14T14:05:02.339+0000] {dag.py:3441} INFO - Setting next_dagrun for example_subdag_operator.section-2 to None, run_after=None
[2023-03-14T14:05:02.353+0000] {logging_mixin.py:137} INFO - [2023-03-14T14:05:02.353+0000] {dag.py:2690} INFO - Sync 2 DAGs
[2023-03-14T14:05:02.372+0000] {logging_mixin.py:137} INFO - [2023-03-14T14:05:02.372+0000] {dag.py:3441} INFO - Setting next_dagrun for example_subdag_operator.section-1 to None, run_after=None
[2023-03-14T14:05:02.373+0000] {logging_mixin.py:137} INFO - [2023-03-14T14:05:02.373+0000] {dag.py:3441} INFO - Setting next_dagrun for example_subdag_operator.section-2 to None, run_after=None
[2023-03-14T14:05:02.424+0000] {processor.py:175} INFO - Processing /home/airflow/.local/lib/python3.7/site-packages/airflow/example_dags/example_subdag_operator.py took 0.607 seconds
[2023-03-14T14:05:33.040+0000] {processor.py:153} INFO - Started process (PID=1503) to work on /home/airflow/.local/lib/python3.7/site-packages/airflow/example_dags/example_subdag_operator.py
[2023-03-14T14:05:33.041+0000] {processor.py:743} INFO - Processing file /home/airflow/.local/lib/python3.7/site-packages/airflow/example_dags/example_subdag_operator.py for tasks to queue
[2023-03-14T14:05:33.042+0000] {logging_mixin.py:137} INFO - [2023-03-14T14:05:33.042+0000] {dagbag.py:538} INFO - Filling up the DagBag from /home/airflow/.local/lib/python3.7/site-packages/airflow/example_dags/example_subdag_operator.py
[2023-03-14T14:05:33.090+0000] {processor.py:753} INFO - DAG(s) dict_keys(['example_subdag_operator.section-1', 'example_subdag_operator.section-2', 'example_subdag_operator']) retrieved from /home/airflow/.local/lib/python3.7/site-packages/airflow/example_dags/example_subdag_operator.py
[2023-03-14T14:05:33.134+0000] {logging_mixin.py:137} INFO - [2023-03-14T14:05:33.134+0000] {dag.py:2690} INFO - Sync 3 DAGs
[2023-03-14T14:05:33.204+0000] {logging_mixin.py:137} INFO - [2023-03-14T14:05:33.204+0000] {dag.py:3441} INFO - Setting next_dagrun for example_subdag_operator to 2022-01-01T00:00:00+00:00, run_after=2022-01-01T00:00:00+00:00
[2023-03-14T14:05:33.214+0000] {logging_mixin.py:137} INFO - [2023-03-14T14:05:33.214+0000] {dag.py:3441} INFO - Setting next_dagrun for example_subdag_operator.section-1 to None, run_after=None
[2023-03-14T14:05:33.216+0000] {logging_mixin.py:137} INFO - [2023-03-14T14:05:33.216+0000] {dag.py:3441} INFO - Setting next_dagrun for example_subdag_operator.section-2 to None, run_after=None
[2023-03-14T14:05:33.228+0000] {logging_mixin.py:137} INFO - [2023-03-14T14:05:33.228+0000] {dag.py:2690} INFO - Sync 2 DAGs
[2023-03-14T14:05:33.236+0000] {logging_mixin.py:137} INFO - [2023-03-14T14:05:33.236+0000] {dag.py:3441} INFO - Setting next_dagrun for example_subdag_operator.section-1 to None, run_after=None
[2023-03-14T14:05:33.237+0000] {logging_mixin.py:137} INFO - [2023-03-14T14:05:33.237+0000] {dag.py:3441} INFO - Setting next_dagrun for example_subdag_operator.section-2 to None, run_after=None
[2023-03-14T14:05:33.257+0000] {processor.py:175} INFO - Processing /home/airflow/.local/lib/python3.7/site-packages/airflow/example_dags/example_subdag_operator.py took 0.222 seconds
[2023-03-14T14:06:04.216+0000] {processor.py:153} INFO - Started process (PID=1717) to work on /home/airflow/.local/lib/python3.7/site-packages/airflow/example_dags/example_subdag_operator.py
[2023-03-14T14:06:04.225+0000] {processor.py:743} INFO - Processing file /home/airflow/.local/lib/python3.7/site-packages/airflow/example_dags/example_subdag_operator.py for tasks to queue
[2023-03-14T14:06:04.226+0000] {logging_mixin.py:137} INFO - [2023-03-14T14:06:04.226+0000] {dagbag.py:538} INFO - Filling up the DagBag from /home/airflow/.local/lib/python3.7/site-packages/airflow/example_dags/example_subdag_operator.py
[2023-03-14T14:06:04.511+0000] {processor.py:753} INFO - DAG(s) dict_keys(['example_subdag_operator.section-1', 'example_subdag_operator.section-2', 'example_subdag_operator']) retrieved from /home/airflow/.local/lib/python3.7/site-packages/airflow/example_dags/example_subdag_operator.py
[2023-03-14T14:06:04.613+0000] {logging_mixin.py:137} INFO - [2023-03-14T14:06:04.613+0000] {dag.py:2690} INFO - Sync 3 DAGs
[2023-03-14T14:06:04.704+0000] {logging_mixin.py:137} INFO - [2023-03-14T14:06:04.703+0000] {dag.py:3441} INFO - Setting next_dagrun for example_subdag_operator to 2022-01-01T00:00:00+00:00, run_after=2022-01-01T00:00:00+00:00
[2023-03-14T14:06:04.710+0000] {logging_mixin.py:137} INFO - [2023-03-14T14:06:04.710+0000] {dag.py:3441} INFO - Setting next_dagrun for example_subdag_operator.section-1 to None, run_after=None
[2023-03-14T14:06:04.712+0000] {logging_mixin.py:137} INFO - [2023-03-14T14:06:04.712+0000] {dag.py:3441} INFO - Setting next_dagrun for example_subdag_operator.section-2 to None, run_after=None
[2023-03-14T14:06:04.723+0000] {logging_mixin.py:137} INFO - [2023-03-14T14:06:04.722+0000] {dag.py:2690} INFO - Sync 2 DAGs
[2023-03-14T14:06:04.754+0000] {logging_mixin.py:137} INFO - [2023-03-14T14:06:04.754+0000] {dag.py:3441} INFO - Setting next_dagrun for example_subdag_operator.section-1 to None, run_after=None
[2023-03-14T14:06:04.755+0000] {logging_mixin.py:137} INFO - [2023-03-14T14:06:04.754+0000] {dag.py:3441} INFO - Setting next_dagrun for example_subdag_operator.section-2 to None, run_after=None
[2023-03-14T14:06:04.791+0000] {processor.py:175} INFO - Processing /home/airflow/.local/lib/python3.7/site-packages/airflow/example_dags/example_subdag_operator.py took 0.612 seconds
[2023-03-14T14:06:34.905+0000] {processor.py:153} INFO - Started process (PID=1933) to work on /home/airflow/.local/lib/python3.7/site-packages/airflow/example_dags/example_subdag_operator.py
[2023-03-14T14:06:34.907+0000] {processor.py:743} INFO - Processing file /home/airflow/.local/lib/python3.7/site-packages/airflow/example_dags/example_subdag_operator.py for tasks to queue
[2023-03-14T14:06:34.909+0000] {logging_mixin.py:137} INFO - [2023-03-14T14:06:34.909+0000] {dagbag.py:538} INFO - Filling up the DagBag from /home/airflow/.local/lib/python3.7/site-packages/airflow/example_dags/example_subdag_operator.py
[2023-03-14T14:06:34.972+0000] {processor.py:753} INFO - DAG(s) dict_keys(['example_subdag_operator.section-1', 'example_subdag_operator.section-2', 'example_subdag_operator']) retrieved from /home/airflow/.local/lib/python3.7/site-packages/airflow/example_dags/example_subdag_operator.py
[2023-03-14T14:06:35.001+0000] {logging_mixin.py:137} INFO - [2023-03-14T14:06:35.001+0000] {dag.py:2690} INFO - Sync 3 DAGs
[2023-03-14T14:06:35.037+0000] {logging_mixin.py:137} INFO - [2023-03-14T14:06:35.037+0000] {dag.py:3441} INFO - Setting next_dagrun for example_subdag_operator to 2022-01-01T00:00:00+00:00, run_after=2022-01-01T00:00:00+00:00
[2023-03-14T14:06:35.041+0000] {logging_mixin.py:137} INFO - [2023-03-14T14:06:35.041+0000] {dag.py:3441} INFO - Setting next_dagrun for example_subdag_operator.section-1 to None, run_after=None
[2023-03-14T14:06:35.043+0000] {logging_mixin.py:137} INFO - [2023-03-14T14:06:35.043+0000] {dag.py:3441} INFO - Setting next_dagrun for example_subdag_operator.section-2 to None, run_after=None
[2023-03-14T14:06:35.053+0000] {logging_mixin.py:137} INFO - [2023-03-14T14:06:35.053+0000] {dag.py:2690} INFO - Sync 2 DAGs
[2023-03-14T14:06:35.061+0000] {logging_mixin.py:137} INFO - [2023-03-14T14:06:35.061+0000] {dag.py:3441} INFO - Setting next_dagrun for example_subdag_operator.section-1 to None, run_after=None
[2023-03-14T14:06:35.061+0000] {logging_mixin.py:137} INFO - [2023-03-14T14:06:35.061+0000] {dag.py:3441} INFO - Setting next_dagrun for example_subdag_operator.section-2 to None, run_after=None
[2023-03-14T14:06:35.081+0000] {processor.py:175} INFO - Processing /home/airflow/.local/lib/python3.7/site-packages/airflow/example_dags/example_subdag_operator.py took 0.185 seconds
[2023-03-14T14:07:05.928+0000] {processor.py:153} INFO - Started process (PID=2148) to work on /home/airflow/.local/lib/python3.7/site-packages/airflow/example_dags/example_subdag_operator.py
[2023-03-14T14:07:05.929+0000] {processor.py:743} INFO - Processing file /home/airflow/.local/lib/python3.7/site-packages/airflow/example_dags/example_subdag_operator.py for tasks to queue
[2023-03-14T14:07:05.930+0000] {logging_mixin.py:137} INFO - [2023-03-14T14:07:05.930+0000] {dagbag.py:538} INFO - Filling up the DagBag from /home/airflow/.local/lib/python3.7/site-packages/airflow/example_dags/example_subdag_operator.py
[2023-03-14T14:07:05.992+0000] {processor.py:753} INFO - DAG(s) dict_keys(['example_subdag_operator.section-1', 'example_subdag_operator.section-2', 'example_subdag_operator']) retrieved from /home/airflow/.local/lib/python3.7/site-packages/airflow/example_dags/example_subdag_operator.py
[2023-03-14T14:07:06.022+0000] {logging_mixin.py:137} INFO - [2023-03-14T14:07:06.022+0000] {dag.py:2690} INFO - Sync 3 DAGs
[2023-03-14T14:07:06.082+0000] {logging_mixin.py:137} INFO - [2023-03-14T14:07:06.082+0000] {dag.py:3441} INFO - Setting next_dagrun for example_subdag_operator to 2022-01-01T00:00:00+00:00, run_after=2022-01-01T00:00:00+00:00
[2023-03-14T14:07:06.087+0000] {logging_mixin.py:137} INFO - [2023-03-14T14:07:06.087+0000] {dag.py:3441} INFO - Setting next_dagrun for example_subdag_operator.section-1 to None, run_after=None
[2023-03-14T14:07:06.089+0000] {logging_mixin.py:137} INFO - [2023-03-14T14:07:06.088+0000] {dag.py:3441} INFO - Setting next_dagrun for example_subdag_operator.section-2 to None, run_after=None
[2023-03-14T14:07:06.101+0000] {logging_mixin.py:137} INFO - [2023-03-14T14:07:06.101+0000] {dag.py:2690} INFO - Sync 2 DAGs
[2023-03-14T14:07:06.109+0000] {logging_mixin.py:137} INFO - [2023-03-14T14:07:06.109+0000] {dag.py:3441} INFO - Setting next_dagrun for example_subdag_operator.section-1 to None, run_after=None
[2023-03-14T14:07:06.110+0000] {logging_mixin.py:137} INFO - [2023-03-14T14:07:06.109+0000] {dag.py:3441} INFO - Setting next_dagrun for example_subdag_operator.section-2 to None, run_after=None
[2023-03-14T14:07:06.138+0000] {processor.py:175} INFO - Processing /home/airflow/.local/lib/python3.7/site-packages/airflow/example_dags/example_subdag_operator.py took 0.216 seconds
[2023-03-14T14:07:36.280+0000] {processor.py:153} INFO - Started process (PID=2371) to work on /home/airflow/.local/lib/python3.7/site-packages/airflow/example_dags/example_subdag_operator.py
[2023-03-14T14:07:36.284+0000] {processor.py:743} INFO - Processing file /home/airflow/.local/lib/python3.7/site-packages/airflow/example_dags/example_subdag_operator.py for tasks to queue
[2023-03-14T14:07:36.285+0000] {logging_mixin.py:137} INFO - [2023-03-14T14:07:36.285+0000] {dagbag.py:538} INFO - Filling up the DagBag from /home/airflow/.local/lib/python3.7/site-packages/airflow/example_dags/example_subdag_operator.py
[2023-03-14T14:07:36.352+0000] {processor.py:753} INFO - DAG(s) dict_keys(['example_subdag_operator.section-1', 'example_subdag_operator.section-2', 'example_subdag_operator']) retrieved from /home/airflow/.local/lib/python3.7/site-packages/airflow/example_dags/example_subdag_operator.py
[2023-03-14T14:07:36.381+0000] {logging_mixin.py:137} INFO - [2023-03-14T14:07:36.381+0000] {dag.py:2690} INFO - Sync 3 DAGs
[2023-03-14T14:07:36.422+0000] {logging_mixin.py:137} INFO - [2023-03-14T14:07:36.422+0000] {dag.py:3441} INFO - Setting next_dagrun for example_subdag_operator to 2022-01-01T00:00:00+00:00, run_after=2022-01-01T00:00:00+00:00
[2023-03-14T14:07:36.429+0000] {logging_mixin.py:137} INFO - [2023-03-14T14:07:36.429+0000] {dag.py:3441} INFO - Setting next_dagrun for example_subdag_operator.section-1 to None, run_after=None
[2023-03-14T14:07:36.430+0000] {logging_mixin.py:137} INFO - [2023-03-14T14:07:36.430+0000] {dag.py:3441} INFO - Setting next_dagrun for example_subdag_operator.section-2 to None, run_after=None
[2023-03-14T14:07:36.440+0000] {logging_mixin.py:137} INFO - [2023-03-14T14:07:36.440+0000] {dag.py:2690} INFO - Sync 2 DAGs
[2023-03-14T14:07:36.448+0000] {logging_mixin.py:137} INFO - [2023-03-14T14:07:36.448+0000] {dag.py:3441} INFO - Setting next_dagrun for example_subdag_operator.section-1 to None, run_after=None
[2023-03-14T14:07:36.449+0000] {logging_mixin.py:137} INFO - [2023-03-14T14:07:36.449+0000] {dag.py:3441} INFO - Setting next_dagrun for example_subdag_operator.section-2 to None, run_after=None
[2023-03-14T14:07:36.469+0000] {processor.py:175} INFO - Processing /home/airflow/.local/lib/python3.7/site-packages/airflow/example_dags/example_subdag_operator.py took 0.205 seconds
[2023-03-14T14:08:06.682+0000] {processor.py:153} INFO - Started process (PID=2588) to work on /home/airflow/.local/lib/python3.7/site-packages/airflow/example_dags/example_subdag_operator.py
[2023-03-14T14:08:06.705+0000] {processor.py:743} INFO - Processing file /home/airflow/.local/lib/python3.7/site-packages/airflow/example_dags/example_subdag_operator.py for tasks to queue
[2023-03-14T14:08:06.706+0000] {logging_mixin.py:137} INFO - [2023-03-14T14:08:06.706+0000] {dagbag.py:538} INFO - Filling up the DagBag from /home/airflow/.local/lib/python3.7/site-packages/airflow/example_dags/example_subdag_operator.py
[2023-03-14T14:08:06.759+0000] {processor.py:753} INFO - DAG(s) dict_keys(['example_subdag_operator.section-1', 'example_subdag_operator.section-2', 'example_subdag_operator']) retrieved from /home/airflow/.local/lib/python3.7/site-packages/airflow/example_dags/example_subdag_operator.py
[2023-03-14T14:08:06.786+0000] {logging_mixin.py:137} INFO - [2023-03-14T14:08:06.786+0000] {dag.py:2690} INFO - Sync 3 DAGs
[2023-03-14T14:08:06.816+0000] {logging_mixin.py:137} INFO - [2023-03-14T14:08:06.815+0000] {dag.py:3441} INFO - Setting next_dagrun for example_subdag_operator to 2022-01-01T00:00:00+00:00, run_after=2022-01-01T00:00:00+00:00
[2023-03-14T14:08:06.819+0000] {logging_mixin.py:137} INFO - [2023-03-14T14:08:06.819+0000] {dag.py:3441} INFO - Setting next_dagrun for example_subdag_operator.section-1 to None, run_after=None
[2023-03-14T14:08:06.827+0000] {logging_mixin.py:137} INFO - [2023-03-14T14:08:06.827+0000] {dag.py:3441} INFO - Setting next_dagrun for example_subdag_operator.section-2 to None, run_after=None
[2023-03-14T14:08:06.836+0000] {logging_mixin.py:137} INFO - [2023-03-14T14:08:06.836+0000] {dag.py:2690} INFO - Sync 2 DAGs
[2023-03-14T14:08:06.844+0000] {logging_mixin.py:137} INFO - [2023-03-14T14:08:06.844+0000] {dag.py:3441} INFO - Setting next_dagrun for example_subdag_operator.section-1 to None, run_after=None
[2023-03-14T14:08:06.845+0000] {logging_mixin.py:137} INFO - [2023-03-14T14:08:06.844+0000] {dag.py:3441} INFO - Setting next_dagrun for example_subdag_operator.section-2 to None, run_after=None
[2023-03-14T14:08:06.873+0000] {processor.py:175} INFO - Processing /home/airflow/.local/lib/python3.7/site-packages/airflow/example_dags/example_subdag_operator.py took 0.198 seconds
[2023-03-14T14:08:37.385+0000] {processor.py:153} INFO - Started process (PID=2804) to work on /home/airflow/.local/lib/python3.7/site-packages/airflow/example_dags/example_subdag_operator.py
[2023-03-14T14:08:37.387+0000] {processor.py:743} INFO - Processing file /home/airflow/.local/lib/python3.7/site-packages/airflow/example_dags/example_subdag_operator.py for tasks to queue
[2023-03-14T14:08:37.388+0000] {logging_mixin.py:137} INFO - [2023-03-14T14:08:37.388+0000] {dagbag.py:538} INFO - Filling up the DagBag from /home/airflow/.local/lib/python3.7/site-packages/airflow/example_dags/example_subdag_operator.py
[2023-03-14T14:08:37.435+0000] {processor.py:753} INFO - DAG(s) dict_keys(['example_subdag_operator.section-1', 'example_subdag_operator.section-2', 'example_subdag_operator']) retrieved from /home/airflow/.local/lib/python3.7/site-packages/airflow/example_dags/example_subdag_operator.py
[2023-03-14T14:08:37.463+0000] {logging_mixin.py:137} INFO - [2023-03-14T14:08:37.462+0000] {dag.py:2690} INFO - Sync 3 DAGs
[2023-03-14T14:08:37.500+0000] {logging_mixin.py:137} INFO - [2023-03-14T14:08:37.500+0000] {dag.py:3441} INFO - Setting next_dagrun for example_subdag_operator to 2022-01-01T00:00:00+00:00, run_after=2022-01-01T00:00:00+00:00
[2023-03-14T14:08:37.505+0000] {logging_mixin.py:137} INFO - [2023-03-14T14:08:37.505+0000] {dag.py:3441} INFO - Setting next_dagrun for example_subdag_operator.section-1 to None, run_after=None
[2023-03-14T14:08:37.506+0000] {logging_mixin.py:137} INFO - [2023-03-14T14:08:37.506+0000] {dag.py:3441} INFO - Setting next_dagrun for example_subdag_operator.section-2 to None, run_after=None
[2023-03-14T14:08:37.522+0000] {logging_mixin.py:137} INFO - [2023-03-14T14:08:37.521+0000] {dag.py:2690} INFO - Sync 2 DAGs
[2023-03-14T14:08:37.529+0000] {logging_mixin.py:137} INFO - [2023-03-14T14:08:37.529+0000] {dag.py:3441} INFO - Setting next_dagrun for example_subdag_operator.section-1 to None, run_after=None
[2023-03-14T14:08:37.529+0000] {logging_mixin.py:137} INFO - [2023-03-14T14:08:37.529+0000] {dag.py:3441} INFO - Setting next_dagrun for example_subdag_operator.section-2 to None, run_after=None
[2023-03-14T14:08:37.547+0000] {processor.py:175} INFO - Processing /home/airflow/.local/lib/python3.7/site-packages/airflow/example_dags/example_subdag_operator.py took 0.170 seconds
[2023-03-14T14:09:09.867+0000] {processor.py:153} INFO - Started process (PID=3037) to work on /home/airflow/.local/lib/python3.7/site-packages/airflow/example_dags/example_subdag_operator.py
[2023-03-14T14:09:09.887+0000] {processor.py:743} INFO - Processing file /home/airflow/.local/lib/python3.7/site-packages/airflow/example_dags/example_subdag_operator.py for tasks to queue
[2023-03-14T14:09:09.888+0000] {logging_mixin.py:137} INFO - [2023-03-14T14:09:09.887+0000] {dagbag.py:538} INFO - Filling up the DagBag from /home/airflow/.local/lib/python3.7/site-packages/airflow/example_dags/example_subdag_operator.py
[2023-03-14T14:09:10.037+0000] {processor.py:753} INFO - DAG(s) dict_keys(['example_subdag_operator.section-1', 'example_subdag_operator.section-2', 'example_subdag_operator']) retrieved from /home/airflow/.local/lib/python3.7/site-packages/airflow/example_dags/example_subdag_operator.py
[2023-03-14T14:09:10.105+0000] {logging_mixin.py:137} INFO - [2023-03-14T14:09:10.105+0000] {dag.py:2690} INFO - Sync 3 DAGs
[2023-03-14T14:09:10.154+0000] {logging_mixin.py:137} INFO - [2023-03-14T14:09:10.154+0000] {dag.py:3441} INFO - Setting next_dagrun for example_subdag_operator to 2022-01-01T00:00:00+00:00, run_after=2022-01-01T00:00:00+00:00
[2023-03-14T14:09:10.163+0000] {logging_mixin.py:137} INFO - [2023-03-14T14:09:10.163+0000] {dag.py:3441} INFO - Setting next_dagrun for example_subdag_operator.section-1 to None, run_after=None
[2023-03-14T14:09:10.184+0000] {logging_mixin.py:137} INFO - [2023-03-14T14:09:10.183+0000] {dag.py:3441} INFO - Setting next_dagrun for example_subdag_operator.section-2 to None, run_after=None
[2023-03-14T14:09:10.199+0000] {logging_mixin.py:137} INFO - [2023-03-14T14:09:10.199+0000] {dag.py:2690} INFO - Sync 2 DAGs
[2023-03-14T14:09:10.209+0000] {logging_mixin.py:137} INFO - [2023-03-14T14:09:10.208+0000] {dag.py:3441} INFO - Setting next_dagrun for example_subdag_operator.section-1 to None, run_after=None
[2023-03-14T14:09:10.209+0000] {logging_mixin.py:137} INFO - [2023-03-14T14:09:10.209+0000] {dag.py:3441} INFO - Setting next_dagrun for example_subdag_operator.section-2 to None, run_after=None
[2023-03-14T14:09:10.271+0000] {processor.py:175} INFO - Processing /home/airflow/.local/lib/python3.7/site-packages/airflow/example_dags/example_subdag_operator.py took 0.423 seconds
[2023-03-14T14:09:41.001+0000] {processor.py:153} INFO - Started process (PID=3270) to work on /home/airflow/.local/lib/python3.7/site-packages/airflow/example_dags/example_subdag_operator.py
[2023-03-14T14:09:41.005+0000] {processor.py:743} INFO - Processing file /home/airflow/.local/lib/python3.7/site-packages/airflow/example_dags/example_subdag_operator.py for tasks to queue
[2023-03-14T14:09:41.005+0000] {logging_mixin.py:137} INFO - [2023-03-14T14:09:41.005+0000] {dagbag.py:538} INFO - Filling up the DagBag from /home/airflow/.local/lib/python3.7/site-packages/airflow/example_dags/example_subdag_operator.py
[2023-03-14T14:09:41.085+0000] {processor.py:753} INFO - DAG(s) dict_keys(['example_subdag_operator.section-1', 'example_subdag_operator.section-2', 'example_subdag_operator']) retrieved from /home/airflow/.local/lib/python3.7/site-packages/airflow/example_dags/example_subdag_operator.py
[2023-03-14T14:09:41.116+0000] {logging_mixin.py:137} INFO - [2023-03-14T14:09:41.116+0000] {dag.py:2690} INFO - Sync 3 DAGs
[2023-03-14T14:09:41.156+0000] {logging_mixin.py:137} INFO - [2023-03-14T14:09:41.155+0000] {dag.py:3441} INFO - Setting next_dagrun for example_subdag_operator to 2022-01-01T00:00:00+00:00, run_after=2022-01-01T00:00:00+00:00
[2023-03-14T14:09:41.162+0000] {logging_mixin.py:137} INFO - [2023-03-14T14:09:41.162+0000] {dag.py:3441} INFO - Setting next_dagrun for example_subdag_operator.section-1 to None, run_after=None
[2023-03-14T14:09:41.164+0000] {logging_mixin.py:137} INFO - [2023-03-14T14:09:41.164+0000] {dag.py:3441} INFO - Setting next_dagrun for example_subdag_operator.section-2 to None, run_after=None
[2023-03-14T14:09:41.174+0000] {logging_mixin.py:137} INFO - [2023-03-14T14:09:41.174+0000] {dag.py:2690} INFO - Sync 2 DAGs
[2023-03-14T14:09:41.181+0000] {logging_mixin.py:137} INFO - [2023-03-14T14:09:41.181+0000] {dag.py:3441} INFO - Setting next_dagrun for example_subdag_operator.section-1 to None, run_after=None
[2023-03-14T14:09:41.182+0000] {logging_mixin.py:137} INFO - [2023-03-14T14:09:41.182+0000] {dag.py:3441} INFO - Setting next_dagrun for example_subdag_operator.section-2 to None, run_after=None
[2023-03-14T14:09:41.211+0000] {processor.py:175} INFO - Processing /home/airflow/.local/lib/python3.7/site-packages/airflow/example_dags/example_subdag_operator.py took 0.217 seconds
[2023-03-14T14:10:12.309+0000] {processor.py:153} INFO - Started process (PID=3487) to work on /home/airflow/.local/lib/python3.7/site-packages/airflow/example_dags/example_subdag_operator.py
[2023-03-14T14:10:12.310+0000] {processor.py:743} INFO - Processing file /home/airflow/.local/lib/python3.7/site-packages/airflow/example_dags/example_subdag_operator.py for tasks to queue
[2023-03-14T14:10:12.312+0000] {logging_mixin.py:137} INFO - [2023-03-14T14:10:12.311+0000] {dagbag.py:538} INFO - Filling up the DagBag from /home/airflow/.local/lib/python3.7/site-packages/airflow/example_dags/example_subdag_operator.py
[2023-03-14T14:10:12.421+0000] {processor.py:753} INFO - DAG(s) dict_keys(['example_subdag_operator.section-1', 'example_subdag_operator.section-2', 'example_subdag_operator']) retrieved from /home/airflow/.local/lib/python3.7/site-packages/airflow/example_dags/example_subdag_operator.py
[2023-03-14T14:10:12.493+0000] {logging_mixin.py:137} INFO - [2023-03-14T14:10:12.490+0000] {dag.py:2690} INFO - Sync 3 DAGs
[2023-03-14T14:10:12.565+0000] {logging_mixin.py:137} INFO - [2023-03-14T14:10:12.565+0000] {dag.py:3441} INFO - Setting next_dagrun for example_subdag_operator to 2022-01-01T00:00:00+00:00, run_after=2022-01-01T00:00:00+00:00
[2023-03-14T14:10:12.581+0000] {logging_mixin.py:137} INFO - [2023-03-14T14:10:12.581+0000] {dag.py:3441} INFO - Setting next_dagrun for example_subdag_operator.section-1 to None, run_after=None
[2023-03-14T14:10:12.585+0000] {logging_mixin.py:137} INFO - [2023-03-14T14:10:12.585+0000] {dag.py:3441} INFO - Setting next_dagrun for example_subdag_operator.section-2 to None, run_after=None
[2023-03-14T14:10:12.614+0000] {logging_mixin.py:137} INFO - [2023-03-14T14:10:12.614+0000] {dag.py:2690} INFO - Sync 2 DAGs
[2023-03-14T14:10:12.641+0000] {logging_mixin.py:137} INFO - [2023-03-14T14:10:12.641+0000] {dag.py:3441} INFO - Setting next_dagrun for example_subdag_operator.section-1 to None, run_after=None
[2023-03-14T14:10:12.641+0000] {logging_mixin.py:137} INFO - [2023-03-14T14:10:12.641+0000] {dag.py:3441} INFO - Setting next_dagrun for example_subdag_operator.section-2 to None, run_after=None
[2023-03-14T14:10:12.686+0000] {processor.py:175} INFO - Processing /home/airflow/.local/lib/python3.7/site-packages/airflow/example_dags/example_subdag_operator.py took 0.384 seconds
[2023-03-14T14:10:43.117+0000] {processor.py:153} INFO - Started process (PID=3700) to work on /home/airflow/.local/lib/python3.7/site-packages/airflow/example_dags/example_subdag_operator.py
[2023-03-14T14:10:43.119+0000] {processor.py:743} INFO - Processing file /home/airflow/.local/lib/python3.7/site-packages/airflow/example_dags/example_subdag_operator.py for tasks to queue
[2023-03-14T14:10:43.120+0000] {logging_mixin.py:137} INFO - [2023-03-14T14:10:43.120+0000] {dagbag.py:538} INFO - Filling up the DagBag from /home/airflow/.local/lib/python3.7/site-packages/airflow/example_dags/example_subdag_operator.py
[2023-03-14T14:10:43.196+0000] {processor.py:753} INFO - DAG(s) dict_keys(['example_subdag_operator.section-1', 'example_subdag_operator.section-2', 'example_subdag_operator']) retrieved from /home/airflow/.local/lib/python3.7/site-packages/airflow/example_dags/example_subdag_operator.py
[2023-03-14T14:10:43.227+0000] {logging_mixin.py:137} INFO - [2023-03-14T14:10:43.227+0000] {dag.py:2690} INFO - Sync 3 DAGs
[2023-03-14T14:10:43.266+0000] {logging_mixin.py:137} INFO - [2023-03-14T14:10:43.266+0000] {dag.py:3441} INFO - Setting next_dagrun for example_subdag_operator to 2022-01-01T00:00:00+00:00, run_after=2022-01-01T00:00:00+00:00
[2023-03-14T14:10:43.271+0000] {logging_mixin.py:137} INFO - [2023-03-14T14:10:43.271+0000] {dag.py:3441} INFO - Setting next_dagrun for example_subdag_operator.section-1 to None, run_after=None
[2023-03-14T14:10:43.272+0000] {logging_mixin.py:137} INFO - [2023-03-14T14:10:43.272+0000] {dag.py:3441} INFO - Setting next_dagrun for example_subdag_operator.section-2 to None, run_after=None
[2023-03-14T14:10:43.282+0000] {logging_mixin.py:137} INFO - [2023-03-14T14:10:43.282+0000] {dag.py:2690} INFO - Sync 2 DAGs
[2023-03-14T14:10:43.290+0000] {logging_mixin.py:137} INFO - [2023-03-14T14:10:43.290+0000] {dag.py:3441} INFO - Setting next_dagrun for example_subdag_operator.section-1 to None, run_after=None
[2023-03-14T14:10:43.291+0000] {logging_mixin.py:137} INFO - [2023-03-14T14:10:43.290+0000] {dag.py:3441} INFO - Setting next_dagrun for example_subdag_operator.section-2 to None, run_after=None
[2023-03-14T14:10:43.309+0000] {processor.py:175} INFO - Processing /home/airflow/.local/lib/python3.7/site-packages/airflow/example_dags/example_subdag_operator.py took 0.202 seconds
[2023-03-14T14:11:13.890+0000] {processor.py:153} INFO - Started process (PID=3915) to work on /home/airflow/.local/lib/python3.7/site-packages/airflow/example_dags/example_subdag_operator.py
[2023-03-14T14:11:13.926+0000] {processor.py:743} INFO - Processing file /home/airflow/.local/lib/python3.7/site-packages/airflow/example_dags/example_subdag_operator.py for tasks to queue
[2023-03-14T14:11:13.943+0000] {logging_mixin.py:137} INFO - [2023-03-14T14:11:13.943+0000] {dagbag.py:538} INFO - Filling up the DagBag from /home/airflow/.local/lib/python3.7/site-packages/airflow/example_dags/example_subdag_operator.py
[2023-03-14T14:11:14.180+0000] {processor.py:753} INFO - DAG(s) dict_keys(['example_subdag_operator.section-1', 'example_subdag_operator.section-2', 'example_subdag_operator']) retrieved from /home/airflow/.local/lib/python3.7/site-packages/airflow/example_dags/example_subdag_operator.py
[2023-03-14T14:11:14.289+0000] {logging_mixin.py:137} INFO - [2023-03-14T14:11:14.289+0000] {dag.py:2690} INFO - Sync 3 DAGs
[2023-03-14T14:11:14.395+0000] {logging_mixin.py:137} INFO - [2023-03-14T14:11:14.394+0000] {dag.py:3441} INFO - Setting next_dagrun for example_subdag_operator to 2022-01-01T00:00:00+00:00, run_after=2022-01-01T00:00:00+00:00
[2023-03-14T14:11:14.401+0000] {logging_mixin.py:137} INFO - [2023-03-14T14:11:14.401+0000] {dag.py:3441} INFO - Setting next_dagrun for example_subdag_operator.section-1 to None, run_after=None
[2023-03-14T14:11:14.403+0000] {logging_mixin.py:137} INFO - [2023-03-14T14:11:14.403+0000] {dag.py:3441} INFO - Setting next_dagrun for example_subdag_operator.section-2 to None, run_after=None
[2023-03-14T14:11:14.422+0000] {logging_mixin.py:137} INFO - [2023-03-14T14:11:14.422+0000] {dag.py:2690} INFO - Sync 2 DAGs
[2023-03-14T14:11:14.431+0000] {logging_mixin.py:137} INFO - [2023-03-14T14:11:14.431+0000] {dag.py:3441} INFO - Setting next_dagrun for example_subdag_operator.section-1 to None, run_after=None
[2023-03-14T14:11:14.432+0000] {logging_mixin.py:137} INFO - [2023-03-14T14:11:14.432+0000] {dag.py:3441} INFO - Setting next_dagrun for example_subdag_operator.section-2 to None, run_after=None
[2023-03-14T14:11:14.466+0000] {processor.py:175} INFO - Processing /home/airflow/.local/lib/python3.7/site-packages/airflow/example_dags/example_subdag_operator.py took 0.584 seconds
[2023-03-14T14:11:44.726+0000] {processor.py:153} INFO - Started process (PID=4145) to work on /home/airflow/.local/lib/python3.7/site-packages/airflow/example_dags/example_subdag_operator.py
[2023-03-14T14:11:44.727+0000] {processor.py:743} INFO - Processing file /home/airflow/.local/lib/python3.7/site-packages/airflow/example_dags/example_subdag_operator.py for tasks to queue
[2023-03-14T14:11:44.729+0000] {logging_mixin.py:137} INFO - [2023-03-14T14:11:44.728+0000] {dagbag.py:538} INFO - Filling up the DagBag from /home/airflow/.local/lib/python3.7/site-packages/airflow/example_dags/example_subdag_operator.py
[2023-03-14T14:11:44.777+0000] {processor.py:753} INFO - DAG(s) dict_keys(['example_subdag_operator.section-1', 'example_subdag_operator.section-2', 'example_subdag_operator']) retrieved from /home/airflow/.local/lib/python3.7/site-packages/airflow/example_dags/example_subdag_operator.py
[2023-03-14T14:11:44.806+0000] {logging_mixin.py:137} INFO - [2023-03-14T14:11:44.806+0000] {dag.py:2690} INFO - Sync 3 DAGs
[2023-03-14T14:11:44.849+0000] {logging_mixin.py:137} INFO - [2023-03-14T14:11:44.849+0000] {dag.py:3441} INFO - Setting next_dagrun for example_subdag_operator to 2022-01-01T00:00:00+00:00, run_after=2022-01-01T00:00:00+00:00
[2023-03-14T14:11:44.854+0000] {logging_mixin.py:137} INFO - [2023-03-14T14:11:44.854+0000] {dag.py:3441} INFO - Setting next_dagrun for example_subdag_operator.section-1 to None, run_after=None
[2023-03-14T14:11:44.856+0000] {logging_mixin.py:137} INFO - [2023-03-14T14:11:44.856+0000] {dag.py:3441} INFO - Setting next_dagrun for example_subdag_operator.section-2 to None, run_after=None
[2023-03-14T14:11:44.865+0000] {logging_mixin.py:137} INFO - [2023-03-14T14:11:44.865+0000] {dag.py:2690} INFO - Sync 2 DAGs
[2023-03-14T14:11:44.872+0000] {logging_mixin.py:137} INFO - [2023-03-14T14:11:44.872+0000] {dag.py:3441} INFO - Setting next_dagrun for example_subdag_operator.section-1 to None, run_after=None
[2023-03-14T14:11:44.873+0000] {logging_mixin.py:137} INFO - [2023-03-14T14:11:44.873+0000] {dag.py:3441} INFO - Setting next_dagrun for example_subdag_operator.section-2 to None, run_after=None
[2023-03-14T14:11:44.901+0000] {processor.py:175} INFO - Processing /home/airflow/.local/lib/python3.7/site-packages/airflow/example_dags/example_subdag_operator.py took 0.180 seconds
[2023-03-14T14:12:14.994+0000] {processor.py:153} INFO - Started process (PID=4351) to work on /home/airflow/.local/lib/python3.7/site-packages/airflow/example_dags/example_subdag_operator.py
[2023-03-14T14:12:14.998+0000] {processor.py:743} INFO - Processing file /home/airflow/.local/lib/python3.7/site-packages/airflow/example_dags/example_subdag_operator.py for tasks to queue
[2023-03-14T14:12:14.999+0000] {logging_mixin.py:137} INFO - [2023-03-14T14:12:14.999+0000] {dagbag.py:538} INFO - Filling up the DagBag from /home/airflow/.local/lib/python3.7/site-packages/airflow/example_dags/example_subdag_operator.py
[2023-03-14T14:12:15.076+0000] {processor.py:753} INFO - DAG(s) dict_keys(['example_subdag_operator.section-1', 'example_subdag_operator.section-2', 'example_subdag_operator']) retrieved from /home/airflow/.local/lib/python3.7/site-packages/airflow/example_dags/example_subdag_operator.py
[2023-03-14T14:12:15.129+0000] {logging_mixin.py:137} INFO - [2023-03-14T14:12:15.128+0000] {dag.py:2690} INFO - Sync 3 DAGs
[2023-03-14T14:12:15.193+0000] {logging_mixin.py:137} INFO - [2023-03-14T14:12:15.193+0000] {dag.py:3441} INFO - Setting next_dagrun for example_subdag_operator to 2022-01-01T00:00:00+00:00, run_after=2022-01-01T00:00:00+00:00
[2023-03-14T14:12:15.198+0000] {logging_mixin.py:137} INFO - [2023-03-14T14:12:15.198+0000] {dag.py:3441} INFO - Setting next_dagrun for example_subdag_operator.section-1 to None, run_after=None
[2023-03-14T14:12:15.199+0000] {logging_mixin.py:137} INFO - [2023-03-14T14:12:15.199+0000] {dag.py:3441} INFO - Setting next_dagrun for example_subdag_operator.section-2 to None, run_after=None
[2023-03-14T14:12:15.211+0000] {logging_mixin.py:137} INFO - [2023-03-14T14:12:15.211+0000] {dag.py:2690} INFO - Sync 2 DAGs
[2023-03-14T14:12:15.218+0000] {logging_mixin.py:137} INFO - [2023-03-14T14:12:15.218+0000] {dag.py:3441} INFO - Setting next_dagrun for example_subdag_operator.section-1 to None, run_after=None
[2023-03-14T14:12:15.219+0000] {logging_mixin.py:137} INFO - [2023-03-14T14:12:15.219+0000] {dag.py:3441} INFO - Setting next_dagrun for example_subdag_operator.section-2 to None, run_after=None
[2023-03-14T14:12:15.239+0000] {processor.py:175} INFO - Processing /home/airflow/.local/lib/python3.7/site-packages/airflow/example_dags/example_subdag_operator.py took 0.267 seconds
[2023-03-14T14:12:45.356+0000] {processor.py:153} INFO - Started process (PID=4575) to work on /home/airflow/.local/lib/python3.7/site-packages/airflow/example_dags/example_subdag_operator.py
[2023-03-14T14:12:45.358+0000] {processor.py:743} INFO - Processing file /home/airflow/.local/lib/python3.7/site-packages/airflow/example_dags/example_subdag_operator.py for tasks to queue
[2023-03-14T14:12:45.359+0000] {logging_mixin.py:137} INFO - [2023-03-14T14:12:45.359+0000] {dagbag.py:538} INFO - Filling up the DagBag from /home/airflow/.local/lib/python3.7/site-packages/airflow/example_dags/example_subdag_operator.py
[2023-03-14T14:12:45.443+0000] {processor.py:753} INFO - DAG(s) dict_keys(['example_subdag_operator.section-1', 'example_subdag_operator.section-2', 'example_subdag_operator']) retrieved from /home/airflow/.local/lib/python3.7/site-packages/airflow/example_dags/example_subdag_operator.py
[2023-03-14T14:12:45.477+0000] {logging_mixin.py:137} INFO - [2023-03-14T14:12:45.477+0000] {dag.py:2690} INFO - Sync 3 DAGs
[2023-03-14T14:12:45.520+0000] {logging_mixin.py:137} INFO - [2023-03-14T14:12:45.520+0000] {dag.py:3441} INFO - Setting next_dagrun for example_subdag_operator to 2022-01-01T00:00:00+00:00, run_after=2022-01-01T00:00:00+00:00
[2023-03-14T14:12:45.526+0000] {logging_mixin.py:137} INFO - [2023-03-14T14:12:45.526+0000] {dag.py:3441} INFO - Setting next_dagrun for example_subdag_operator.section-1 to None, run_after=None
[2023-03-14T14:12:45.530+0000] {logging_mixin.py:137} INFO - [2023-03-14T14:12:45.530+0000] {dag.py:3441} INFO - Setting next_dagrun for example_subdag_operator.section-2 to None, run_after=None
[2023-03-14T14:12:45.541+0000] {logging_mixin.py:137} INFO - [2023-03-14T14:12:45.541+0000] {dag.py:2690} INFO - Sync 2 DAGs
[2023-03-14T14:12:45.550+0000] {logging_mixin.py:137} INFO - [2023-03-14T14:12:45.550+0000] {dag.py:3441} INFO - Setting next_dagrun for example_subdag_operator.section-1 to None, run_after=None
[2023-03-14T14:12:45.550+0000] {logging_mixin.py:137} INFO - [2023-03-14T14:12:45.550+0000] {dag.py:3441} INFO - Setting next_dagrun for example_subdag_operator.section-2 to None, run_after=None
[2023-03-14T14:12:45.574+0000] {processor.py:175} INFO - Processing /home/airflow/.local/lib/python3.7/site-packages/airflow/example_dags/example_subdag_operator.py took 0.230 seconds
[2023-03-14T14:13:15.937+0000] {processor.py:153} INFO - Started process (PID=4775) to work on /home/airflow/.local/lib/python3.7/site-packages/airflow/example_dags/example_subdag_operator.py
[2023-03-14T14:13:15.938+0000] {processor.py:743} INFO - Processing file /home/airflow/.local/lib/python3.7/site-packages/airflow/example_dags/example_subdag_operator.py for tasks to queue
[2023-03-14T14:13:15.939+0000] {logging_mixin.py:137} INFO - [2023-03-14T14:13:15.939+0000] {dagbag.py:538} INFO - Filling up the DagBag from /home/airflow/.local/lib/python3.7/site-packages/airflow/example_dags/example_subdag_operator.py
[2023-03-14T14:13:16.025+0000] {processor.py:753} INFO - DAG(s) dict_keys(['example_subdag_operator.section-1', 'example_subdag_operator.section-2', 'example_subdag_operator']) retrieved from /home/airflow/.local/lib/python3.7/site-packages/airflow/example_dags/example_subdag_operator.py
[2023-03-14T14:13:16.054+0000] {logging_mixin.py:137} INFO - [2023-03-14T14:13:16.054+0000] {dag.py:2690} INFO - Sync 3 DAGs
[2023-03-14T14:13:16.096+0000] {logging_mixin.py:137} INFO - [2023-03-14T14:13:16.096+0000] {dag.py:3441} INFO - Setting next_dagrun for example_subdag_operator to 2022-01-01T00:00:00+00:00, run_after=2022-01-01T00:00:00+00:00
[2023-03-14T14:13:16.102+0000] {logging_mixin.py:137} INFO - [2023-03-14T14:13:16.101+0000] {dag.py:3441} INFO - Setting next_dagrun for example_subdag_operator.section-1 to None, run_after=None
[2023-03-14T14:13:16.103+0000] {logging_mixin.py:137} INFO - [2023-03-14T14:13:16.103+0000] {dag.py:3441} INFO - Setting next_dagrun for example_subdag_operator.section-2 to None, run_after=None
[2023-03-14T14:13:16.111+0000] {logging_mixin.py:137} INFO - [2023-03-14T14:13:16.111+0000] {dag.py:2690} INFO - Sync 2 DAGs
[2023-03-14T14:13:16.119+0000] {logging_mixin.py:137} INFO - [2023-03-14T14:13:16.119+0000] {dag.py:3441} INFO - Setting next_dagrun for example_subdag_operator.section-1 to None, run_after=None
[2023-03-14T14:13:16.120+0000] {logging_mixin.py:137} INFO - [2023-03-14T14:13:16.119+0000] {dag.py:3441} INFO - Setting next_dagrun for example_subdag_operator.section-2 to None, run_after=None
[2023-03-14T14:13:16.140+0000] {processor.py:175} INFO - Processing /home/airflow/.local/lib/python3.7/site-packages/airflow/example_dags/example_subdag_operator.py took 0.208 seconds
[2023-03-14T14:13:46.522+0000] {processor.py:153} INFO - Started process (PID=4998) to work on /home/airflow/.local/lib/python3.7/site-packages/airflow/example_dags/example_subdag_operator.py
[2023-03-14T14:13:46.522+0000] {processor.py:743} INFO - Processing file /home/airflow/.local/lib/python3.7/site-packages/airflow/example_dags/example_subdag_operator.py for tasks to queue
[2023-03-14T14:13:46.523+0000] {logging_mixin.py:137} INFO - [2023-03-14T14:13:46.523+0000] {dagbag.py:538} INFO - Filling up the DagBag from /home/airflow/.local/lib/python3.7/site-packages/airflow/example_dags/example_subdag_operator.py
[2023-03-14T14:13:46.570+0000] {processor.py:753} INFO - DAG(s) dict_keys(['example_subdag_operator.section-1', 'example_subdag_operator.section-2', 'example_subdag_operator']) retrieved from /home/airflow/.local/lib/python3.7/site-packages/airflow/example_dags/example_subdag_operator.py
[2023-03-14T14:13:46.598+0000] {logging_mixin.py:137} INFO - [2023-03-14T14:13:46.597+0000] {dag.py:2690} INFO - Sync 3 DAGs
[2023-03-14T14:13:46.641+0000] {logging_mixin.py:137} INFO - [2023-03-14T14:13:46.641+0000] {dag.py:3441} INFO - Setting next_dagrun for example_subdag_operator to 2022-01-01T00:00:00+00:00, run_after=2022-01-01T00:00:00+00:00
[2023-03-14T14:13:46.646+0000] {logging_mixin.py:137} INFO - [2023-03-14T14:13:46.645+0000] {dag.py:3441} INFO - Setting next_dagrun for example_subdag_operator.section-1 to None, run_after=None
[2023-03-14T14:13:46.647+0000] {logging_mixin.py:137} INFO - [2023-03-14T14:13:46.647+0000] {dag.py:3441} INFO - Setting next_dagrun for example_subdag_operator.section-2 to None, run_after=None
[2023-03-14T14:13:46.658+0000] {logging_mixin.py:137} INFO - [2023-03-14T14:13:46.658+0000] {dag.py:2690} INFO - Sync 2 DAGs
[2023-03-14T14:13:46.666+0000] {logging_mixin.py:137} INFO - [2023-03-14T14:13:46.665+0000] {dag.py:3441} INFO - Setting next_dagrun for example_subdag_operator.section-1 to None, run_after=None
[2023-03-14T14:13:46.666+0000] {logging_mixin.py:137} INFO - [2023-03-14T14:13:46.666+0000] {dag.py:3441} INFO - Setting next_dagrun for example_subdag_operator.section-2 to None, run_after=None
[2023-03-14T14:13:46.686+0000] {processor.py:175} INFO - Processing /home/airflow/.local/lib/python3.7/site-packages/airflow/example_dags/example_subdag_operator.py took 0.169 seconds
[2023-03-14T14:14:17.209+0000] {processor.py:153} INFO - Started process (PID=5214) to work on /home/airflow/.local/lib/python3.7/site-packages/airflow/example_dags/example_subdag_operator.py
[2023-03-14T14:14:17.218+0000] {processor.py:743} INFO - Processing file /home/airflow/.local/lib/python3.7/site-packages/airflow/example_dags/example_subdag_operator.py for tasks to queue
[2023-03-14T14:14:17.219+0000] {logging_mixin.py:137} INFO - [2023-03-14T14:14:17.218+0000] {dagbag.py:538} INFO - Filling up the DagBag from /home/airflow/.local/lib/python3.7/site-packages/airflow/example_dags/example_subdag_operator.py
[2023-03-14T14:14:17.418+0000] {processor.py:753} INFO - DAG(s) dict_keys(['example_subdag_operator.section-1', 'example_subdag_operator.section-2', 'example_subdag_operator']) retrieved from /home/airflow/.local/lib/python3.7/site-packages/airflow/example_dags/example_subdag_operator.py
[2023-03-14T14:14:17.498+0000] {logging_mixin.py:137} INFO - [2023-03-14T14:14:17.497+0000] {dag.py:2690} INFO - Sync 3 DAGs
[2023-03-14T14:14:17.596+0000] {logging_mixin.py:137} INFO - [2023-03-14T14:14:17.595+0000] {dag.py:3441} INFO - Setting next_dagrun for example_subdag_operator to 2022-01-01T00:00:00+00:00, run_after=2022-01-01T00:00:00+00:00
[2023-03-14T14:14:17.604+0000] {logging_mixin.py:137} INFO - [2023-03-14T14:14:17.604+0000] {dag.py:3441} INFO - Setting next_dagrun for example_subdag_operator.section-1 to None, run_after=None
[2023-03-14T14:14:17.611+0000] {logging_mixin.py:137} INFO - [2023-03-14T14:14:17.609+0000] {dag.py:3441} INFO - Setting next_dagrun for example_subdag_operator.section-2 to None, run_after=None
[2023-03-14T14:14:17.622+0000] {logging_mixin.py:137} INFO - [2023-03-14T14:14:17.622+0000] {dag.py:2690} INFO - Sync 2 DAGs
[2023-03-14T14:14:17.663+0000] {logging_mixin.py:137} INFO - [2023-03-14T14:14:17.663+0000] {dag.py:3441} INFO - Setting next_dagrun for example_subdag_operator.section-1 to None, run_after=None
[2023-03-14T14:14:17.663+0000] {logging_mixin.py:137} INFO - [2023-03-14T14:14:17.663+0000] {dag.py:3441} INFO - Setting next_dagrun for example_subdag_operator.section-2 to None, run_after=None
[2023-03-14T14:14:17.782+0000] {processor.py:175} INFO - Processing /home/airflow/.local/lib/python3.7/site-packages/airflow/example_dags/example_subdag_operator.py took 0.586 seconds
[2023-03-14T14:14:48.139+0000] {processor.py:153} INFO - Started process (PID=5429) to work on /home/airflow/.local/lib/python3.7/site-packages/airflow/example_dags/example_subdag_operator.py
[2023-03-14T14:14:48.140+0000] {processor.py:743} INFO - Processing file /home/airflow/.local/lib/python3.7/site-packages/airflow/example_dags/example_subdag_operator.py for tasks to queue
[2023-03-14T14:14:48.141+0000] {logging_mixin.py:137} INFO - [2023-03-14T14:14:48.140+0000] {dagbag.py:538} INFO - Filling up the DagBag from /home/airflow/.local/lib/python3.7/site-packages/airflow/example_dags/example_subdag_operator.py
[2023-03-14T14:14:48.187+0000] {processor.py:753} INFO - DAG(s) dict_keys(['example_subdag_operator.section-1', 'example_subdag_operator.section-2', 'example_subdag_operator']) retrieved from /home/airflow/.local/lib/python3.7/site-packages/airflow/example_dags/example_subdag_operator.py
[2023-03-14T14:14:48.228+0000] {logging_mixin.py:137} INFO - [2023-03-14T14:14:48.228+0000] {dag.py:2690} INFO - Sync 3 DAGs
[2023-03-14T14:14:48.379+0000] {logging_mixin.py:137} INFO - [2023-03-14T14:14:48.379+0000] {dag.py:3441} INFO - Setting next_dagrun for example_subdag_operator to 2022-01-01T00:00:00+00:00, run_after=2022-01-01T00:00:00+00:00
[2023-03-14T14:14:48.384+0000] {logging_mixin.py:137} INFO - [2023-03-14T14:14:48.384+0000] {dag.py:3441} INFO - Setting next_dagrun for example_subdag_operator.section-1 to None, run_after=None
[2023-03-14T14:14:48.386+0000] {logging_mixin.py:137} INFO - [2023-03-14T14:14:48.386+0000] {dag.py:3441} INFO - Setting next_dagrun for example_subdag_operator.section-2 to None, run_after=None
[2023-03-14T14:14:48.397+0000] {logging_mixin.py:137} INFO - [2023-03-14T14:14:48.397+0000] {dag.py:2690} INFO - Sync 2 DAGs
[2023-03-14T14:14:48.403+0000] {logging_mixin.py:137} INFO - [2023-03-14T14:14:48.403+0000] {dag.py:3441} INFO - Setting next_dagrun for example_subdag_operator.section-1 to None, run_after=None
[2023-03-14T14:14:48.403+0000] {logging_mixin.py:137} INFO - [2023-03-14T14:14:48.403+0000] {dag.py:3441} INFO - Setting next_dagrun for example_subdag_operator.section-2 to None, run_after=None
[2023-03-14T14:14:48.421+0000] {processor.py:175} INFO - Processing /home/airflow/.local/lib/python3.7/site-packages/airflow/example_dags/example_subdag_operator.py took 0.287 seconds
[2023-03-14T14:15:18.703+0000] {processor.py:153} INFO - Started process (PID=5643) to work on /home/airflow/.local/lib/python3.7/site-packages/airflow/example_dags/example_subdag_operator.py
[2023-03-14T14:15:18.708+0000] {processor.py:743} INFO - Processing file /home/airflow/.local/lib/python3.7/site-packages/airflow/example_dags/example_subdag_operator.py for tasks to queue
[2023-03-14T14:15:18.709+0000] {logging_mixin.py:137} INFO - [2023-03-14T14:15:18.709+0000] {dagbag.py:538} INFO - Filling up the DagBag from /home/airflow/.local/lib/python3.7/site-packages/airflow/example_dags/example_subdag_operator.py
[2023-03-14T14:15:18.758+0000] {processor.py:753} INFO - DAG(s) dict_keys(['example_subdag_operator.section-1', 'example_subdag_operator.section-2', 'example_subdag_operator']) retrieved from /home/airflow/.local/lib/python3.7/site-packages/airflow/example_dags/example_subdag_operator.py
[2023-03-14T14:15:18.785+0000] {logging_mixin.py:137} INFO - [2023-03-14T14:15:18.785+0000] {dag.py:2690} INFO - Sync 3 DAGs
[2023-03-14T14:15:18.824+0000] {logging_mixin.py:137} INFO - [2023-03-14T14:15:18.824+0000] {dag.py:3441} INFO - Setting next_dagrun for example_subdag_operator to 2022-01-01T00:00:00+00:00, run_after=2022-01-01T00:00:00+00:00
[2023-03-14T14:15:18.828+0000] {logging_mixin.py:137} INFO - [2023-03-14T14:15:18.828+0000] {dag.py:3441} INFO - Setting next_dagrun for example_subdag_operator.section-1 to None, run_after=None
[2023-03-14T14:15:18.830+0000] {logging_mixin.py:137} INFO - [2023-03-14T14:15:18.830+0000] {dag.py:3441} INFO - Setting next_dagrun for example_subdag_operator.section-2 to None, run_after=None
[2023-03-14T14:15:18.840+0000] {logging_mixin.py:137} INFO - [2023-03-14T14:15:18.840+0000] {dag.py:2690} INFO - Sync 2 DAGs
[2023-03-14T14:15:18.848+0000] {logging_mixin.py:137} INFO - [2023-03-14T14:15:18.848+0000] {dag.py:3441} INFO - Setting next_dagrun for example_subdag_operator.section-1 to None, run_after=None
[2023-03-14T14:15:18.849+0000] {logging_mixin.py:137} INFO - [2023-03-14T14:15:18.848+0000] {dag.py:3441} INFO - Setting next_dagrun for example_subdag_operator.section-2 to None, run_after=None
[2023-03-14T14:15:18.867+0000] {processor.py:175} INFO - Processing /home/airflow/.local/lib/python3.7/site-packages/airflow/example_dags/example_subdag_operator.py took 0.169 seconds
