[2023-03-14T14:02:32.108+0000] {processor.py:153} INFO - Started process (PID=287) to work on /home/airflow/.local/lib/python3.7/site-packages/airflow/example_dags/example_task_group_decorator.py
[2023-03-14T14:02:32.133+0000] {processor.py:743} INFO - Processing file /home/airflow/.local/lib/python3.7/site-packages/airflow/example_dags/example_task_group_decorator.py for tasks to queue
[2023-03-14T14:02:32.134+0000] {logging_mixin.py:137} INFO - [2023-03-14T14:02:32.134+0000] {dagbag.py:538} INFO - Filling up the DagBag from /home/airflow/.local/lib/python3.7/site-packages/airflow/example_dags/example_task_group_decorator.py
[2023-03-14T14:02:32.639+0000] {processor.py:753} INFO - DAG(s) dict_keys(['example_task_group_decorator']) retrieved from /home/airflow/.local/lib/python3.7/site-packages/airflow/example_dags/example_task_group_decorator.py
[2023-03-14T14:02:32.848+0000] {logging_mixin.py:137} INFO - [2023-03-14T14:02:32.848+0000] {dag.py:2690} INFO - Sync 1 DAGs
[2023-03-14T14:02:32.998+0000] {logging_mixin.py:137} INFO - [2023-03-14T14:02:32.997+0000] {dag.py:3441} INFO - Setting next_dagrun for example_task_group_decorator to 2023-03-13T14:02:32.997294+00:00, run_after=2023-03-14T14:02:32.997294+00:00
[2023-03-14T14:02:33.186+0000] {processor.py:175} INFO - Processing /home/airflow/.local/lib/python3.7/site-packages/airflow/example_dags/example_task_group_decorator.py took 1.089 seconds
[2023-03-14T14:03:04.639+0000] {processor.py:153} INFO - Started process (PID=500) to work on /home/airflow/.local/lib/python3.7/site-packages/airflow/example_dags/example_task_group_decorator.py
[2023-03-14T14:03:04.640+0000] {processor.py:743} INFO - Processing file /home/airflow/.local/lib/python3.7/site-packages/airflow/example_dags/example_task_group_decorator.py for tasks to queue
[2023-03-14T14:03:04.649+0000] {logging_mixin.py:137} INFO - [2023-03-14T14:03:04.649+0000] {dagbag.py:538} INFO - Filling up the DagBag from /home/airflow/.local/lib/python3.7/site-packages/airflow/example_dags/example_task_group_decorator.py
[2023-03-14T14:03:04.848+0000] {processor.py:753} INFO - DAG(s) dict_keys(['example_task_group_decorator']) retrieved from /home/airflow/.local/lib/python3.7/site-packages/airflow/example_dags/example_task_group_decorator.py
[2023-03-14T14:03:05.267+0000] {logging_mixin.py:137} INFO - [2023-03-14T14:03:05.267+0000] {dag.py:2690} INFO - Sync 1 DAGs
[2023-03-14T14:03:05.511+0000] {logging_mixin.py:137} INFO - [2023-03-14T14:03:05.511+0000] {dag.py:3441} INFO - Setting next_dagrun for example_task_group_decorator to 2023-03-13T14:03:05.509818+00:00, run_after=2023-03-14T14:03:05.509818+00:00
[2023-03-14T14:03:05.686+0000] {processor.py:175} INFO - Processing /home/airflow/.local/lib/python3.7/site-packages/airflow/example_dags/example_task_group_decorator.py took 1.054 seconds
[2023-03-14T14:03:35.777+0000] {processor.py:153} INFO - Started process (PID=716) to work on /home/airflow/.local/lib/python3.7/site-packages/airflow/example_dags/example_task_group_decorator.py
[2023-03-14T14:03:35.778+0000] {processor.py:743} INFO - Processing file /home/airflow/.local/lib/python3.7/site-packages/airflow/example_dags/example_task_group_decorator.py for tasks to queue
[2023-03-14T14:03:35.779+0000] {logging_mixin.py:137} INFO - [2023-03-14T14:03:35.779+0000] {dagbag.py:538} INFO - Filling up the DagBag from /home/airflow/.local/lib/python3.7/site-packages/airflow/example_dags/example_task_group_decorator.py
[2023-03-14T14:03:35.828+0000] {processor.py:753} INFO - DAG(s) dict_keys(['example_task_group_decorator']) retrieved from /home/airflow/.local/lib/python3.7/site-packages/airflow/example_dags/example_task_group_decorator.py
[2023-03-14T14:03:35.901+0000] {logging_mixin.py:137} INFO - [2023-03-14T14:03:35.901+0000] {dag.py:2690} INFO - Sync 1 DAGs
[2023-03-14T14:03:35.939+0000] {logging_mixin.py:137} INFO - [2023-03-14T14:03:35.938+0000] {dag.py:3441} INFO - Setting next_dagrun for example_task_group_decorator to 2023-03-13T14:03:35.938545+00:00, run_after=2023-03-14T14:03:35.938545+00:00
[2023-03-14T14:03:35.966+0000] {processor.py:175} INFO - Processing /home/airflow/.local/lib/python3.7/site-packages/airflow/example_dags/example_task_group_decorator.py took 0.194 seconds
[2023-03-14T14:04:06.821+0000] {processor.py:153} INFO - Started process (PID=932) to work on /home/airflow/.local/lib/python3.7/site-packages/airflow/example_dags/example_task_group_decorator.py
[2023-03-14T14:04:06.822+0000] {processor.py:743} INFO - Processing file /home/airflow/.local/lib/python3.7/site-packages/airflow/example_dags/example_task_group_decorator.py for tasks to queue
[2023-03-14T14:04:06.823+0000] {logging_mixin.py:137} INFO - [2023-03-14T14:04:06.823+0000] {dagbag.py:538} INFO - Filling up the DagBag from /home/airflow/.local/lib/python3.7/site-packages/airflow/example_dags/example_task_group_decorator.py
[2023-03-14T14:04:06.894+0000] {processor.py:753} INFO - DAG(s) dict_keys(['example_task_group_decorator']) retrieved from /home/airflow/.local/lib/python3.7/site-packages/airflow/example_dags/example_task_group_decorator.py
[2023-03-14T14:04:06.932+0000] {logging_mixin.py:137} INFO - [2023-03-14T14:04:06.932+0000] {dag.py:2690} INFO - Sync 1 DAGs
[2023-03-14T14:04:06.966+0000] {logging_mixin.py:137} INFO - [2023-03-14T14:04:06.966+0000] {dag.py:3441} INFO - Setting next_dagrun for example_task_group_decorator to 2023-03-13T14:04:06.965913+00:00, run_after=2023-03-14T14:04:06.965913+00:00
[2023-03-14T14:04:06.992+0000] {processor.py:175} INFO - Processing /home/airflow/.local/lib/python3.7/site-packages/airflow/example_dags/example_task_group_decorator.py took 0.176 seconds
[2023-03-14T14:04:37.461+0000] {processor.py:153} INFO - Started process (PID=1144) to work on /home/airflow/.local/lib/python3.7/site-packages/airflow/example_dags/example_task_group_decorator.py
[2023-03-14T14:04:37.462+0000] {processor.py:743} INFO - Processing file /home/airflow/.local/lib/python3.7/site-packages/airflow/example_dags/example_task_group_decorator.py for tasks to queue
[2023-03-14T14:04:37.463+0000] {logging_mixin.py:137} INFO - [2023-03-14T14:04:37.463+0000] {dagbag.py:538} INFO - Filling up the DagBag from /home/airflow/.local/lib/python3.7/site-packages/airflow/example_dags/example_task_group_decorator.py
[2023-03-14T14:04:37.511+0000] {processor.py:753} INFO - DAG(s) dict_keys(['example_task_group_decorator']) retrieved from /home/airflow/.local/lib/python3.7/site-packages/airflow/example_dags/example_task_group_decorator.py
[2023-03-14T14:04:37.563+0000] {logging_mixin.py:137} INFO - [2023-03-14T14:04:37.562+0000] {dag.py:2690} INFO - Sync 1 DAGs
[2023-03-14T14:04:37.610+0000] {logging_mixin.py:137} INFO - [2023-03-14T14:04:37.610+0000] {dag.py:3441} INFO - Setting next_dagrun for example_task_group_decorator to 2023-03-13T14:04:37.610228+00:00, run_after=2023-03-14T14:04:37.610228+00:00
[2023-03-14T14:04:37.647+0000] {processor.py:175} INFO - Processing /home/airflow/.local/lib/python3.7/site-packages/airflow/example_dags/example_task_group_decorator.py took 0.192 seconds
[2023-03-14T14:05:09.051+0000] {processor.py:153} INFO - Started process (PID=1360) to work on /home/airflow/.local/lib/python3.7/site-packages/airflow/example_dags/example_task_group_decorator.py
[2023-03-14T14:05:09.053+0000] {processor.py:743} INFO - Processing file /home/airflow/.local/lib/python3.7/site-packages/airflow/example_dags/example_task_group_decorator.py for tasks to queue
[2023-03-14T14:05:09.054+0000] {logging_mixin.py:137} INFO - [2023-03-14T14:05:09.054+0000] {dagbag.py:538} INFO - Filling up the DagBag from /home/airflow/.local/lib/python3.7/site-packages/airflow/example_dags/example_task_group_decorator.py
[2023-03-14T14:05:09.167+0000] {processor.py:753} INFO - DAG(s) dict_keys(['example_task_group_decorator']) retrieved from /home/airflow/.local/lib/python3.7/site-packages/airflow/example_dags/example_task_group_decorator.py
[2023-03-14T14:05:09.273+0000] {logging_mixin.py:137} INFO - [2023-03-14T14:05:09.273+0000] {dag.py:2690} INFO - Sync 1 DAGs
[2023-03-14T14:05:09.395+0000] {logging_mixin.py:137} INFO - [2023-03-14T14:05:09.395+0000] {dag.py:3441} INFO - Setting next_dagrun for example_task_group_decorator to 2023-03-13T14:05:09.394900+00:00, run_after=2023-03-14T14:05:09.394900+00:00
[2023-03-14T14:05:09.431+0000] {processor.py:175} INFO - Processing /home/airflow/.local/lib/python3.7/site-packages/airflow/example_dags/example_task_group_decorator.py took 0.388 seconds
[2023-03-14T14:05:40.166+0000] {processor.py:153} INFO - Started process (PID=1575) to work on /home/airflow/.local/lib/python3.7/site-packages/airflow/example_dags/example_task_group_decorator.py
[2023-03-14T14:05:40.168+0000] {processor.py:743} INFO - Processing file /home/airflow/.local/lib/python3.7/site-packages/airflow/example_dags/example_task_group_decorator.py for tasks to queue
[2023-03-14T14:05:40.169+0000] {logging_mixin.py:137} INFO - [2023-03-14T14:05:40.169+0000] {dagbag.py:538} INFO - Filling up the DagBag from /home/airflow/.local/lib/python3.7/site-packages/airflow/example_dags/example_task_group_decorator.py
[2023-03-14T14:05:40.221+0000] {processor.py:753} INFO - DAG(s) dict_keys(['example_task_group_decorator']) retrieved from /home/airflow/.local/lib/python3.7/site-packages/airflow/example_dags/example_task_group_decorator.py
[2023-03-14T14:05:40.272+0000] {logging_mixin.py:137} INFO - [2023-03-14T14:05:40.271+0000] {dag.py:2690} INFO - Sync 1 DAGs
[2023-03-14T14:05:40.316+0000] {logging_mixin.py:137} INFO - [2023-03-14T14:05:40.315+0000] {dag.py:3441} INFO - Setting next_dagrun for example_task_group_decorator to 2023-03-13T14:05:40.315479+00:00, run_after=2023-03-14T14:05:40.315479+00:00
[2023-03-14T14:05:40.366+0000] {processor.py:175} INFO - Processing /home/airflow/.local/lib/python3.7/site-packages/airflow/example_dags/example_task_group_decorator.py took 0.205 seconds
[2023-03-14T14:06:10.839+0000] {processor.py:153} INFO - Started process (PID=1796) to work on /home/airflow/.local/lib/python3.7/site-packages/airflow/example_dags/example_task_group_decorator.py
[2023-03-14T14:06:10.843+0000] {processor.py:743} INFO - Processing file /home/airflow/.local/lib/python3.7/site-packages/airflow/example_dags/example_task_group_decorator.py for tasks to queue
[2023-03-14T14:06:10.844+0000] {logging_mixin.py:137} INFO - [2023-03-14T14:06:10.844+0000] {dagbag.py:538} INFO - Filling up the DagBag from /home/airflow/.local/lib/python3.7/site-packages/airflow/example_dags/example_task_group_decorator.py
[2023-03-14T14:06:10.910+0000] {processor.py:753} INFO - DAG(s) dict_keys(['example_task_group_decorator']) retrieved from /home/airflow/.local/lib/python3.7/site-packages/airflow/example_dags/example_task_group_decorator.py
[2023-03-14T14:06:11.009+0000] {logging_mixin.py:137} INFO - [2023-03-14T14:06:11.007+0000] {dag.py:2690} INFO - Sync 1 DAGs
[2023-03-14T14:06:11.109+0000] {logging_mixin.py:137} INFO - [2023-03-14T14:06:11.109+0000] {dag.py:3441} INFO - Setting next_dagrun for example_task_group_decorator to 2023-03-13T14:06:11.109143+00:00, run_after=2023-03-14T14:06:11.109143+00:00
[2023-03-14T14:06:11.189+0000] {processor.py:175} INFO - Processing /home/airflow/.local/lib/python3.7/site-packages/airflow/example_dags/example_task_group_decorator.py took 0.355 seconds
[2023-03-14T14:06:41.794+0000] {processor.py:153} INFO - Started process (PID=2016) to work on /home/airflow/.local/lib/python3.7/site-packages/airflow/example_dags/example_task_group_decorator.py
[2023-03-14T14:06:41.795+0000] {processor.py:743} INFO - Processing file /home/airflow/.local/lib/python3.7/site-packages/airflow/example_dags/example_task_group_decorator.py for tasks to queue
[2023-03-14T14:06:41.796+0000] {logging_mixin.py:137} INFO - [2023-03-14T14:06:41.796+0000] {dagbag.py:538} INFO - Filling up the DagBag from /home/airflow/.local/lib/python3.7/site-packages/airflow/example_dags/example_task_group_decorator.py
[2023-03-14T14:06:41.827+0000] {processor.py:753} INFO - DAG(s) dict_keys(['example_task_group_decorator']) retrieved from /home/airflow/.local/lib/python3.7/site-packages/airflow/example_dags/example_task_group_decorator.py
[2023-03-14T14:06:41.856+0000] {logging_mixin.py:137} INFO - [2023-03-14T14:06:41.856+0000] {dag.py:2690} INFO - Sync 1 DAGs
[2023-03-14T14:06:41.881+0000] {logging_mixin.py:137} INFO - [2023-03-14T14:06:41.881+0000] {dag.py:3441} INFO - Setting next_dagrun for example_task_group_decorator to 2023-03-13T14:06:41.881347+00:00, run_after=2023-03-14T14:06:41.881347+00:00
[2023-03-14T14:06:41.905+0000] {processor.py:175} INFO - Processing /home/airflow/.local/lib/python3.7/site-packages/airflow/example_dags/example_task_group_decorator.py took 0.115 seconds
[2023-03-14T14:07:13.175+0000] {processor.py:153} INFO - Started process (PID=2230) to work on /home/airflow/.local/lib/python3.7/site-packages/airflow/example_dags/example_task_group_decorator.py
[2023-03-14T14:07:13.181+0000] {processor.py:743} INFO - Processing file /home/airflow/.local/lib/python3.7/site-packages/airflow/example_dags/example_task_group_decorator.py for tasks to queue
[2023-03-14T14:07:13.183+0000] {logging_mixin.py:137} INFO - [2023-03-14T14:07:13.182+0000] {dagbag.py:538} INFO - Filling up the DagBag from /home/airflow/.local/lib/python3.7/site-packages/airflow/example_dags/example_task_group_decorator.py
[2023-03-14T14:07:13.223+0000] {processor.py:753} INFO - DAG(s) dict_keys(['example_task_group_decorator']) retrieved from /home/airflow/.local/lib/python3.7/site-packages/airflow/example_dags/example_task_group_decorator.py
[2023-03-14T14:07:13.263+0000] {logging_mixin.py:137} INFO - [2023-03-14T14:07:13.263+0000] {dag.py:2690} INFO - Sync 1 DAGs
[2023-03-14T14:07:13.301+0000] {logging_mixin.py:137} INFO - [2023-03-14T14:07:13.301+0000] {dag.py:3441} INFO - Setting next_dagrun for example_task_group_decorator to 2023-03-13T14:07:13.300969+00:00, run_after=2023-03-14T14:07:13.300969+00:00
[2023-03-14T14:07:13.333+0000] {processor.py:175} INFO - Processing /home/airflow/.local/lib/python3.7/site-packages/airflow/example_dags/example_task_group_decorator.py took 0.170 seconds
[2023-03-14T14:07:43.508+0000] {processor.py:153} INFO - Started process (PID=2444) to work on /home/airflow/.local/lib/python3.7/site-packages/airflow/example_dags/example_task_group_decorator.py
[2023-03-14T14:07:43.511+0000] {processor.py:743} INFO - Processing file /home/airflow/.local/lib/python3.7/site-packages/airflow/example_dags/example_task_group_decorator.py for tasks to queue
[2023-03-14T14:07:43.513+0000] {logging_mixin.py:137} INFO - [2023-03-14T14:07:43.512+0000] {dagbag.py:538} INFO - Filling up the DagBag from /home/airflow/.local/lib/python3.7/site-packages/airflow/example_dags/example_task_group_decorator.py
[2023-03-14T14:07:43.544+0000] {processor.py:753} INFO - DAG(s) dict_keys(['example_task_group_decorator']) retrieved from /home/airflow/.local/lib/python3.7/site-packages/airflow/example_dags/example_task_group_decorator.py
[2023-03-14T14:07:43.580+0000] {logging_mixin.py:137} INFO - [2023-03-14T14:07:43.580+0000] {dag.py:2690} INFO - Sync 1 DAGs
[2023-03-14T14:07:43.608+0000] {logging_mixin.py:137} INFO - [2023-03-14T14:07:43.607+0000] {dag.py:3441} INFO - Setting next_dagrun for example_task_group_decorator to 2023-03-13T14:07:43.607592+00:00, run_after=2023-03-14T14:07:43.607592+00:00
[2023-03-14T14:07:43.633+0000] {processor.py:175} INFO - Processing /home/airflow/.local/lib/python3.7/site-packages/airflow/example_dags/example_task_group_decorator.py took 0.130 seconds
[2023-03-14T14:08:14.438+0000] {processor.py:153} INFO - Started process (PID=2667) to work on /home/airflow/.local/lib/python3.7/site-packages/airflow/example_dags/example_task_group_decorator.py
[2023-03-14T14:08:14.475+0000] {processor.py:743} INFO - Processing file /home/airflow/.local/lib/python3.7/site-packages/airflow/example_dags/example_task_group_decorator.py for tasks to queue
[2023-03-14T14:08:14.476+0000] {logging_mixin.py:137} INFO - [2023-03-14T14:08:14.476+0000] {dagbag.py:538} INFO - Filling up the DagBag from /home/airflow/.local/lib/python3.7/site-packages/airflow/example_dags/example_task_group_decorator.py
[2023-03-14T14:08:14.565+0000] {processor.py:753} INFO - DAG(s) dict_keys(['example_task_group_decorator']) retrieved from /home/airflow/.local/lib/python3.7/site-packages/airflow/example_dags/example_task_group_decorator.py
[2023-03-14T14:08:14.641+0000] {logging_mixin.py:137} INFO - [2023-03-14T14:08:14.641+0000] {dag.py:2690} INFO - Sync 1 DAGs
[2023-03-14T14:08:14.711+0000] {logging_mixin.py:137} INFO - [2023-03-14T14:08:14.711+0000] {dag.py:3441} INFO - Setting next_dagrun for example_task_group_decorator to 2023-03-13T14:08:14.711313+00:00, run_after=2023-03-14T14:08:14.711313+00:00
[2023-03-14T14:08:14.792+0000] {processor.py:175} INFO - Processing /home/airflow/.local/lib/python3.7/site-packages/airflow/example_dags/example_task_group_decorator.py took 0.360 seconds
[2023-03-14T14:08:45.349+0000] {processor.py:153} INFO - Started process (PID=2885) to work on /home/airflow/.local/lib/python3.7/site-packages/airflow/example_dags/example_task_group_decorator.py
[2023-03-14T14:08:45.351+0000] {processor.py:743} INFO - Processing file /home/airflow/.local/lib/python3.7/site-packages/airflow/example_dags/example_task_group_decorator.py for tasks to queue
[2023-03-14T14:08:45.352+0000] {logging_mixin.py:137} INFO - [2023-03-14T14:08:45.351+0000] {dagbag.py:538} INFO - Filling up the DagBag from /home/airflow/.local/lib/python3.7/site-packages/airflow/example_dags/example_task_group_decorator.py
[2023-03-14T14:08:45.455+0000] {processor.py:753} INFO - DAG(s) dict_keys(['example_task_group_decorator']) retrieved from /home/airflow/.local/lib/python3.7/site-packages/airflow/example_dags/example_task_group_decorator.py
[2023-03-14T14:08:45.537+0000] {logging_mixin.py:137} INFO - [2023-03-14T14:08:45.537+0000] {dag.py:2690} INFO - Sync 1 DAGs
[2023-03-14T14:08:45.625+0000] {logging_mixin.py:137} INFO - [2023-03-14T14:08:45.625+0000] {dag.py:3441} INFO - Setting next_dagrun for example_task_group_decorator to 2023-03-13T14:08:45.624701+00:00, run_after=2023-03-14T14:08:45.624701+00:00
[2023-03-14T14:08:45.676+0000] {processor.py:175} INFO - Processing /home/airflow/.local/lib/python3.7/site-packages/airflow/example_dags/example_task_group_decorator.py took 0.333 seconds
[2023-03-14T14:09:17.103+0000] {processor.py:153} INFO - Started process (PID=3122) to work on /home/airflow/.local/lib/python3.7/site-packages/airflow/example_dags/example_task_group_decorator.py
[2023-03-14T14:09:17.115+0000] {processor.py:743} INFO - Processing file /home/airflow/.local/lib/python3.7/site-packages/airflow/example_dags/example_task_group_decorator.py for tasks to queue
[2023-03-14T14:09:17.117+0000] {logging_mixin.py:137} INFO - [2023-03-14T14:09:17.117+0000] {dagbag.py:538} INFO - Filling up the DagBag from /home/airflow/.local/lib/python3.7/site-packages/airflow/example_dags/example_task_group_decorator.py
[2023-03-14T14:09:17.413+0000] {processor.py:753} INFO - DAG(s) dict_keys(['example_task_group_decorator']) retrieved from /home/airflow/.local/lib/python3.7/site-packages/airflow/example_dags/example_task_group_decorator.py
[2023-03-14T14:09:17.649+0000] {logging_mixin.py:137} INFO - [2023-03-14T14:09:17.649+0000] {dag.py:2690} INFO - Sync 1 DAGs
[2023-03-14T14:09:18.043+0000] {logging_mixin.py:137} INFO - [2023-03-14T14:09:18.043+0000] {dag.py:3441} INFO - Setting next_dagrun for example_task_group_decorator to 2023-03-13T14:09:18.042958+00:00, run_after=2023-03-14T14:09:18.042958+00:00
[2023-03-14T14:09:18.233+0000] {processor.py:175} INFO - Processing /home/airflow/.local/lib/python3.7/site-packages/airflow/example_dags/example_task_group_decorator.py took 1.137 seconds
[2023-03-14T14:09:48.801+0000] {processor.py:153} INFO - Started process (PID=3352) to work on /home/airflow/.local/lib/python3.7/site-packages/airflow/example_dags/example_task_group_decorator.py
[2023-03-14T14:09:48.803+0000] {processor.py:743} INFO - Processing file /home/airflow/.local/lib/python3.7/site-packages/airflow/example_dags/example_task_group_decorator.py for tasks to queue
[2023-03-14T14:09:48.805+0000] {logging_mixin.py:137} INFO - [2023-03-14T14:09:48.804+0000] {dagbag.py:538} INFO - Filling up the DagBag from /home/airflow/.local/lib/python3.7/site-packages/airflow/example_dags/example_task_group_decorator.py
[2023-03-14T14:09:48.933+0000] {processor.py:753} INFO - DAG(s) dict_keys(['example_task_group_decorator']) retrieved from /home/airflow/.local/lib/python3.7/site-packages/airflow/example_dags/example_task_group_decorator.py
[2023-03-14T14:09:48.988+0000] {logging_mixin.py:137} INFO - [2023-03-14T14:09:48.987+0000] {dag.py:2690} INFO - Sync 1 DAGs
[2023-03-14T14:09:49.050+0000] {logging_mixin.py:137} INFO - [2023-03-14T14:09:49.050+0000] {dag.py:3441} INFO - Setting next_dagrun for example_task_group_decorator to 2023-03-13T14:09:49.050303+00:00, run_after=2023-03-14T14:09:49.050303+00:00
[2023-03-14T14:09:49.188+0000] {processor.py:175} INFO - Processing /home/airflow/.local/lib/python3.7/site-packages/airflow/example_dags/example_task_group_decorator.py took 0.393 seconds
[2023-03-14T14:10:19.309+0000] {processor.py:153} INFO - Started process (PID=3566) to work on /home/airflow/.local/lib/python3.7/site-packages/airflow/example_dags/example_task_group_decorator.py
[2023-03-14T14:10:19.312+0000] {processor.py:743} INFO - Processing file /home/airflow/.local/lib/python3.7/site-packages/airflow/example_dags/example_task_group_decorator.py for tasks to queue
[2023-03-14T14:10:19.313+0000] {logging_mixin.py:137} INFO - [2023-03-14T14:10:19.313+0000] {dagbag.py:538} INFO - Filling up the DagBag from /home/airflow/.local/lib/python3.7/site-packages/airflow/example_dags/example_task_group_decorator.py
[2023-03-14T14:10:19.357+0000] {processor.py:753} INFO - DAG(s) dict_keys(['example_task_group_decorator']) retrieved from /home/airflow/.local/lib/python3.7/site-packages/airflow/example_dags/example_task_group_decorator.py
[2023-03-14T14:10:19.415+0000] {logging_mixin.py:137} INFO - [2023-03-14T14:10:19.415+0000] {dag.py:2690} INFO - Sync 1 DAGs
[2023-03-14T14:10:19.448+0000] {logging_mixin.py:137} INFO - [2023-03-14T14:10:19.448+0000] {dag.py:3441} INFO - Setting next_dagrun for example_task_group_decorator to 2023-03-13T14:10:19.448100+00:00, run_after=2023-03-14T14:10:19.448100+00:00
[2023-03-14T14:10:19.478+0000] {processor.py:175} INFO - Processing /home/airflow/.local/lib/python3.7/site-packages/airflow/example_dags/example_task_group_decorator.py took 0.173 seconds
[2023-03-14T14:10:49.740+0000] {processor.py:153} INFO - Started process (PID=3782) to work on /home/airflow/.local/lib/python3.7/site-packages/airflow/example_dags/example_task_group_decorator.py
[2023-03-14T14:10:49.741+0000] {processor.py:743} INFO - Processing file /home/airflow/.local/lib/python3.7/site-packages/airflow/example_dags/example_task_group_decorator.py for tasks to queue
[2023-03-14T14:10:49.742+0000] {logging_mixin.py:137} INFO - [2023-03-14T14:10:49.742+0000] {dagbag.py:538} INFO - Filling up the DagBag from /home/airflow/.local/lib/python3.7/site-packages/airflow/example_dags/example_task_group_decorator.py
[2023-03-14T14:10:49.818+0000] {processor.py:753} INFO - DAG(s) dict_keys(['example_task_group_decorator']) retrieved from /home/airflow/.local/lib/python3.7/site-packages/airflow/example_dags/example_task_group_decorator.py
[2023-03-14T14:10:49.862+0000] {logging_mixin.py:137} INFO - [2023-03-14T14:10:49.862+0000] {dag.py:2690} INFO - Sync 1 DAGs
[2023-03-14T14:10:49.904+0000] {logging_mixin.py:137} INFO - [2023-03-14T14:10:49.903+0000] {dag.py:3441} INFO - Setting next_dagrun for example_task_group_decorator to 2023-03-13T14:10:49.903488+00:00, run_after=2023-03-14T14:10:49.903488+00:00
[2023-03-14T14:10:49.938+0000] {processor.py:175} INFO - Processing /home/airflow/.local/lib/python3.7/site-packages/airflow/example_dags/example_task_group_decorator.py took 0.204 seconds
[2023-03-14T14:11:20.431+0000] {processor.py:153} INFO - Started process (PID=3996) to work on /home/airflow/.local/lib/python3.7/site-packages/airflow/example_dags/example_task_group_decorator.py
[2023-03-14T14:11:20.435+0000] {processor.py:743} INFO - Processing file /home/airflow/.local/lib/python3.7/site-packages/airflow/example_dags/example_task_group_decorator.py for tasks to queue
[2023-03-14T14:11:20.436+0000] {logging_mixin.py:137} INFO - [2023-03-14T14:11:20.435+0000] {dagbag.py:538} INFO - Filling up the DagBag from /home/airflow/.local/lib/python3.7/site-packages/airflow/example_dags/example_task_group_decorator.py
[2023-03-14T14:11:20.483+0000] {processor.py:753} INFO - DAG(s) dict_keys(['example_task_group_decorator']) retrieved from /home/airflow/.local/lib/python3.7/site-packages/airflow/example_dags/example_task_group_decorator.py
[2023-03-14T14:11:20.528+0000] {logging_mixin.py:137} INFO - [2023-03-14T14:11:20.528+0000] {dag.py:2690} INFO - Sync 1 DAGs
[2023-03-14T14:11:20.574+0000] {logging_mixin.py:137} INFO - [2023-03-14T14:11:20.574+0000] {dag.py:3441} INFO - Setting next_dagrun for example_task_group_decorator to 2023-03-13T14:11:20.574164+00:00, run_after=2023-03-14T14:11:20.574164+00:00
[2023-03-14T14:11:20.614+0000] {processor.py:175} INFO - Processing /home/airflow/.local/lib/python3.7/site-packages/airflow/example_dags/example_task_group_decorator.py took 0.189 seconds
[2023-03-14T14:11:50.811+0000] {processor.py:153} INFO - Started process (PID=4211) to work on /home/airflow/.local/lib/python3.7/site-packages/airflow/example_dags/example_task_group_decorator.py
[2023-03-14T14:11:50.812+0000] {processor.py:743} INFO - Processing file /home/airflow/.local/lib/python3.7/site-packages/airflow/example_dags/example_task_group_decorator.py for tasks to queue
[2023-03-14T14:11:50.814+0000] {logging_mixin.py:137} INFO - [2023-03-14T14:11:50.814+0000] {dagbag.py:538} INFO - Filling up the DagBag from /home/airflow/.local/lib/python3.7/site-packages/airflow/example_dags/example_task_group_decorator.py
[2023-03-14T14:11:50.844+0000] {processor.py:753} INFO - DAG(s) dict_keys(['example_task_group_decorator']) retrieved from /home/airflow/.local/lib/python3.7/site-packages/airflow/example_dags/example_task_group_decorator.py
[2023-03-14T14:11:50.881+0000] {logging_mixin.py:137} INFO - [2023-03-14T14:11:50.881+0000] {dag.py:2690} INFO - Sync 1 DAGs
[2023-03-14T14:11:50.916+0000] {logging_mixin.py:137} INFO - [2023-03-14T14:11:50.916+0000] {dag.py:3441} INFO - Setting next_dagrun for example_task_group_decorator to 2023-03-13T14:11:50.916290+00:00, run_after=2023-03-14T14:11:50.916290+00:00
[2023-03-14T14:11:50.940+0000] {processor.py:175} INFO - Processing /home/airflow/.local/lib/python3.7/site-packages/airflow/example_dags/example_task_group_decorator.py took 0.135 seconds
[2023-03-14T14:12:21.631+0000] {processor.py:153} INFO - Started process (PID=4426) to work on /home/airflow/.local/lib/python3.7/site-packages/airflow/example_dags/example_task_group_decorator.py
[2023-03-14T14:12:21.634+0000] {processor.py:743} INFO - Processing file /home/airflow/.local/lib/python3.7/site-packages/airflow/example_dags/example_task_group_decorator.py for tasks to queue
[2023-03-14T14:12:21.635+0000] {logging_mixin.py:137} INFO - [2023-03-14T14:12:21.635+0000] {dagbag.py:538} INFO - Filling up the DagBag from /home/airflow/.local/lib/python3.7/site-packages/airflow/example_dags/example_task_group_decorator.py
[2023-03-14T14:12:21.681+0000] {processor.py:753} INFO - DAG(s) dict_keys(['example_task_group_decorator']) retrieved from /home/airflow/.local/lib/python3.7/site-packages/airflow/example_dags/example_task_group_decorator.py
[2023-03-14T14:12:21.710+0000] {logging_mixin.py:137} INFO - [2023-03-14T14:12:21.710+0000] {dag.py:2690} INFO - Sync 1 DAGs
[2023-03-14T14:12:21.735+0000] {logging_mixin.py:137} INFO - [2023-03-14T14:12:21.735+0000] {dag.py:3441} INFO - Setting next_dagrun for example_task_group_decorator to 2023-03-13T14:12:21.735213+00:00, run_after=2023-03-14T14:12:21.735213+00:00
[2023-03-14T14:12:21.766+0000] {processor.py:175} INFO - Processing /home/airflow/.local/lib/python3.7/site-packages/airflow/example_dags/example_task_group_decorator.py took 0.140 seconds
[2023-03-14T14:12:51.890+0000] {processor.py:153} INFO - Started process (PID=4641) to work on /home/airflow/.local/lib/python3.7/site-packages/airflow/example_dags/example_task_group_decorator.py
[2023-03-14T14:12:51.891+0000] {processor.py:743} INFO - Processing file /home/airflow/.local/lib/python3.7/site-packages/airflow/example_dags/example_task_group_decorator.py for tasks to queue
[2023-03-14T14:12:51.892+0000] {logging_mixin.py:137} INFO - [2023-03-14T14:12:51.891+0000] {dagbag.py:538} INFO - Filling up the DagBag from /home/airflow/.local/lib/python3.7/site-packages/airflow/example_dags/example_task_group_decorator.py
[2023-03-14T14:12:51.921+0000] {processor.py:753} INFO - DAG(s) dict_keys(['example_task_group_decorator']) retrieved from /home/airflow/.local/lib/python3.7/site-packages/airflow/example_dags/example_task_group_decorator.py
[2023-03-14T14:12:51.949+0000] {logging_mixin.py:137} INFO - [2023-03-14T14:12:51.949+0000] {dag.py:2690} INFO - Sync 1 DAGs
[2023-03-14T14:12:51.984+0000] {logging_mixin.py:137} INFO - [2023-03-14T14:12:51.984+0000] {dag.py:3441} INFO - Setting next_dagrun for example_task_group_decorator to 2023-03-13T14:12:51.984006+00:00, run_after=2023-03-14T14:12:51.984006+00:00
[2023-03-14T14:12:52.010+0000] {processor.py:175} INFO - Processing /home/airflow/.local/lib/python3.7/site-packages/airflow/example_dags/example_task_group_decorator.py took 0.124 seconds
[2023-03-14T14:13:22.742+0000] {processor.py:153} INFO - Started process (PID=4856) to work on /home/airflow/.local/lib/python3.7/site-packages/airflow/example_dags/example_task_group_decorator.py
[2023-03-14T14:13:22.746+0000] {processor.py:743} INFO - Processing file /home/airflow/.local/lib/python3.7/site-packages/airflow/example_dags/example_task_group_decorator.py for tasks to queue
[2023-03-14T14:13:22.747+0000] {logging_mixin.py:137} INFO - [2023-03-14T14:13:22.747+0000] {dagbag.py:538} INFO - Filling up the DagBag from /home/airflow/.local/lib/python3.7/site-packages/airflow/example_dags/example_task_group_decorator.py
[2023-03-14T14:13:22.786+0000] {processor.py:753} INFO - DAG(s) dict_keys(['example_task_group_decorator']) retrieved from /home/airflow/.local/lib/python3.7/site-packages/airflow/example_dags/example_task_group_decorator.py
[2023-03-14T14:13:22.816+0000] {logging_mixin.py:137} INFO - [2023-03-14T14:13:22.816+0000] {dag.py:2690} INFO - Sync 1 DAGs
[2023-03-14T14:13:22.843+0000] {logging_mixin.py:137} INFO - [2023-03-14T14:13:22.842+0000] {dag.py:3441} INFO - Setting next_dagrun for example_task_group_decorator to 2023-03-13T14:13:22.842732+00:00, run_after=2023-03-14T14:13:22.842732+00:00
[2023-03-14T14:13:22.871+0000] {processor.py:175} INFO - Processing /home/airflow/.local/lib/python3.7/site-packages/airflow/example_dags/example_task_group_decorator.py took 0.133 seconds
[2023-03-14T14:13:53.254+0000] {processor.py:153} INFO - Started process (PID=5070) to work on /home/airflow/.local/lib/python3.7/site-packages/airflow/example_dags/example_task_group_decorator.py
[2023-03-14T14:13:53.256+0000] {processor.py:743} INFO - Processing file /home/airflow/.local/lib/python3.7/site-packages/airflow/example_dags/example_task_group_decorator.py for tasks to queue
[2023-03-14T14:13:53.258+0000] {logging_mixin.py:137} INFO - [2023-03-14T14:13:53.258+0000] {dagbag.py:538} INFO - Filling up the DagBag from /home/airflow/.local/lib/python3.7/site-packages/airflow/example_dags/example_task_group_decorator.py
[2023-03-14T14:13:53.299+0000] {processor.py:753} INFO - DAG(s) dict_keys(['example_task_group_decorator']) retrieved from /home/airflow/.local/lib/python3.7/site-packages/airflow/example_dags/example_task_group_decorator.py
[2023-03-14T14:13:53.332+0000] {logging_mixin.py:137} INFO - [2023-03-14T14:13:53.332+0000] {dag.py:2690} INFO - Sync 1 DAGs
[2023-03-14T14:13:53.404+0000] {logging_mixin.py:137} INFO - [2023-03-14T14:13:53.403+0000] {dag.py:3441} INFO - Setting next_dagrun for example_task_group_decorator to 2023-03-13T14:13:53.403239+00:00, run_after=2023-03-14T14:13:53.403239+00:00
[2023-03-14T14:13:53.466+0000] {processor.py:175} INFO - Processing /home/airflow/.local/lib/python3.7/site-packages/airflow/example_dags/example_task_group_decorator.py took 0.217 seconds
[2023-03-14T14:14:23.630+0000] {processor.py:153} INFO - Started process (PID=5286) to work on /home/airflow/.local/lib/python3.7/site-packages/airflow/example_dags/example_task_group_decorator.py
[2023-03-14T14:14:23.631+0000] {processor.py:743} INFO - Processing file /home/airflow/.local/lib/python3.7/site-packages/airflow/example_dags/example_task_group_decorator.py for tasks to queue
[2023-03-14T14:14:23.633+0000] {logging_mixin.py:137} INFO - [2023-03-14T14:14:23.632+0000] {dagbag.py:538} INFO - Filling up the DagBag from /home/airflow/.local/lib/python3.7/site-packages/airflow/example_dags/example_task_group_decorator.py
[2023-03-14T14:14:23.664+0000] {processor.py:753} INFO - DAG(s) dict_keys(['example_task_group_decorator']) retrieved from /home/airflow/.local/lib/python3.7/site-packages/airflow/example_dags/example_task_group_decorator.py
[2023-03-14T14:14:23.693+0000] {logging_mixin.py:137} INFO - [2023-03-14T14:14:23.693+0000] {dag.py:2690} INFO - Sync 1 DAGs
[2023-03-14T14:14:23.719+0000] {logging_mixin.py:137} INFO - [2023-03-14T14:14:23.719+0000] {dag.py:3441} INFO - Setting next_dagrun for example_task_group_decorator to 2023-03-13T14:14:23.718811+00:00, run_after=2023-03-14T14:14:23.718811+00:00
[2023-03-14T14:14:23.742+0000] {processor.py:175} INFO - Processing /home/airflow/.local/lib/python3.7/site-packages/airflow/example_dags/example_task_group_decorator.py took 0.118 seconds
[2023-03-14T14:14:53.919+0000] {processor.py:153} INFO - Started process (PID=5506) to work on /home/airflow/.local/lib/python3.7/site-packages/airflow/example_dags/example_task_group_decorator.py
[2023-03-14T14:14:53.921+0000] {processor.py:743} INFO - Processing file /home/airflow/.local/lib/python3.7/site-packages/airflow/example_dags/example_task_group_decorator.py for tasks to queue
[2023-03-14T14:14:53.938+0000] {logging_mixin.py:137} INFO - [2023-03-14T14:14:53.937+0000] {dagbag.py:538} INFO - Filling up the DagBag from /home/airflow/.local/lib/python3.7/site-packages/airflow/example_dags/example_task_group_decorator.py
[2023-03-14T14:14:54.083+0000] {processor.py:753} INFO - DAG(s) dict_keys(['example_task_group_decorator']) retrieved from /home/airflow/.local/lib/python3.7/site-packages/airflow/example_dags/example_task_group_decorator.py
[2023-03-14T14:14:54.245+0000] {logging_mixin.py:137} INFO - [2023-03-14T14:14:54.245+0000] {dag.py:2690} INFO - Sync 1 DAGs
[2023-03-14T14:14:54.338+0000] {logging_mixin.py:137} INFO - [2023-03-14T14:14:54.338+0000] {dag.py:3441} INFO - Setting next_dagrun for example_task_group_decorator to 2023-03-13T14:14:54.333724+00:00, run_after=2023-03-14T14:14:54.333724+00:00
[2023-03-14T14:14:54.411+0000] {processor.py:175} INFO - Processing /home/airflow/.local/lib/python3.7/site-packages/airflow/example_dags/example_task_group_decorator.py took 0.512 seconds
[2023-03-14T14:15:24.955+0000] {processor.py:153} INFO - Started process (PID=5721) to work on /home/airflow/.local/lib/python3.7/site-packages/airflow/example_dags/example_task_group_decorator.py
[2023-03-14T14:15:24.956+0000] {processor.py:743} INFO - Processing file /home/airflow/.local/lib/python3.7/site-packages/airflow/example_dags/example_task_group_decorator.py for tasks to queue
[2023-03-14T14:15:24.958+0000] {logging_mixin.py:137} INFO - [2023-03-14T14:15:24.958+0000] {dagbag.py:538} INFO - Filling up the DagBag from /home/airflow/.local/lib/python3.7/site-packages/airflow/example_dags/example_task_group_decorator.py
[2023-03-14T14:15:25.003+0000] {processor.py:753} INFO - DAG(s) dict_keys(['example_task_group_decorator']) retrieved from /home/airflow/.local/lib/python3.7/site-packages/airflow/example_dags/example_task_group_decorator.py
[2023-03-14T14:15:25.059+0000] {logging_mixin.py:137} INFO - [2023-03-14T14:15:25.059+0000] {dag.py:2690} INFO - Sync 1 DAGs
[2023-03-14T14:15:25.102+0000] {logging_mixin.py:137} INFO - [2023-03-14T14:15:25.102+0000] {dag.py:3441} INFO - Setting next_dagrun for example_task_group_decorator to 2023-03-13T14:15:25.101675+00:00, run_after=2023-03-14T14:15:25.101675+00:00
[2023-03-14T14:15:25.134+0000] {processor.py:175} INFO - Processing /home/airflow/.local/lib/python3.7/site-packages/airflow/example_dags/example_task_group_decorator.py took 0.185 seconds
