[2023-03-14T14:02:35.920+0000] {processor.py:153} INFO - Started process (PID=341) to work on /home/airflow/.local/lib/python3.7/site-packages/airflow/example_dags/example_sensors.py
[2023-03-14T14:02:35.924+0000] {processor.py:743} INFO - Processing file /home/airflow/.local/lib/python3.7/site-packages/airflow/example_dags/example_sensors.py for tasks to queue
[2023-03-14T14:02:35.933+0000] {logging_mixin.py:137} INFO - [2023-03-14T14:02:35.933+0000] {dagbag.py:538} INFO - Filling up the DagBag from /home/airflow/.local/lib/python3.7/site-packages/airflow/example_dags/example_sensors.py
[2023-03-14T14:02:36.050+0000] {processor.py:753} INFO - DAG(s) dict_keys(['example_sensors']) retrieved from /home/airflow/.local/lib/python3.7/site-packages/airflow/example_dags/example_sensors.py
[2023-03-14T14:02:36.172+0000] {logging_mixin.py:137} INFO - [2023-03-14T14:02:36.172+0000] {dag.py:2690} INFO - Sync 1 DAGs
[2023-03-14T14:02:36.287+0000] {logging_mixin.py:137} INFO - [2023-03-14T14:02:36.287+0000] {dag.py:3441} INFO - Setting next_dagrun for example_sensors to None, run_after=None
[2023-03-14T14:02:36.360+0000] {processor.py:175} INFO - Processing /home/airflow/.local/lib/python3.7/site-packages/airflow/example_dags/example_sensors.py took 0.448 seconds
[2023-03-14T14:03:08.118+0000] {processor.py:153} INFO - Started process (PID=556) to work on /home/airflow/.local/lib/python3.7/site-packages/airflow/example_dags/example_sensors.py
[2023-03-14T14:03:08.125+0000] {processor.py:743} INFO - Processing file /home/airflow/.local/lib/python3.7/site-packages/airflow/example_dags/example_sensors.py for tasks to queue
[2023-03-14T14:03:08.128+0000] {logging_mixin.py:137} INFO - [2023-03-14T14:03:08.127+0000] {dagbag.py:538} INFO - Filling up the DagBag from /home/airflow/.local/lib/python3.7/site-packages/airflow/example_dags/example_sensors.py
[2023-03-14T14:03:08.414+0000] {processor.py:753} INFO - DAG(s) dict_keys(['example_sensors']) retrieved from /home/airflow/.local/lib/python3.7/site-packages/airflow/example_dags/example_sensors.py
[2023-03-14T14:03:08.545+0000] {logging_mixin.py:137} INFO - [2023-03-14T14:03:08.544+0000] {dag.py:2690} INFO - Sync 1 DAGs
[2023-03-14T14:03:08.603+0000] {logging_mixin.py:137} INFO - [2023-03-14T14:03:08.602+0000] {dag.py:3441} INFO - Setting next_dagrun for example_sensors to None, run_after=None
[2023-03-14T14:03:08.679+0000] {processor.py:175} INFO - Processing /home/airflow/.local/lib/python3.7/site-packages/airflow/example_dags/example_sensors.py took 0.570 seconds
[2023-03-14T14:03:38.940+0000] {processor.py:153} INFO - Started process (PID=771) to work on /home/airflow/.local/lib/python3.7/site-packages/airflow/example_dags/example_sensors.py
[2023-03-14T14:03:38.941+0000] {processor.py:743} INFO - Processing file /home/airflow/.local/lib/python3.7/site-packages/airflow/example_dags/example_sensors.py for tasks to queue
[2023-03-14T14:03:38.942+0000] {logging_mixin.py:137} INFO - [2023-03-14T14:03:38.942+0000] {dagbag.py:538} INFO - Filling up the DagBag from /home/airflow/.local/lib/python3.7/site-packages/airflow/example_dags/example_sensors.py
[2023-03-14T14:03:38.963+0000] {processor.py:753} INFO - DAG(s) dict_keys(['example_sensors']) retrieved from /home/airflow/.local/lib/python3.7/site-packages/airflow/example_dags/example_sensors.py
[2023-03-14T14:03:38.990+0000] {logging_mixin.py:137} INFO - [2023-03-14T14:03:38.990+0000] {dag.py:2690} INFO - Sync 1 DAGs
[2023-03-14T14:03:39.014+0000] {logging_mixin.py:137} INFO - [2023-03-14T14:03:39.014+0000] {dag.py:3441} INFO - Setting next_dagrun for example_sensors to None, run_after=None
[2023-03-14T14:03:39.043+0000] {processor.py:175} INFO - Processing /home/airflow/.local/lib/python3.7/site-packages/airflow/example_dags/example_sensors.py took 0.108 seconds
[2023-03-14T14:04:09.908+0000] {processor.py:153} INFO - Started process (PID=985) to work on /home/airflow/.local/lib/python3.7/site-packages/airflow/example_dags/example_sensors.py
[2023-03-14T14:04:09.909+0000] {processor.py:743} INFO - Processing file /home/airflow/.local/lib/python3.7/site-packages/airflow/example_dags/example_sensors.py for tasks to queue
[2023-03-14T14:04:09.910+0000] {logging_mixin.py:137} INFO - [2023-03-14T14:04:09.910+0000] {dagbag.py:538} INFO - Filling up the DagBag from /home/airflow/.local/lib/python3.7/site-packages/airflow/example_dags/example_sensors.py
[2023-03-14T14:04:09.941+0000] {processor.py:753} INFO - DAG(s) dict_keys(['example_sensors']) retrieved from /home/airflow/.local/lib/python3.7/site-packages/airflow/example_dags/example_sensors.py
[2023-03-14T14:04:10.000+0000] {logging_mixin.py:137} INFO - [2023-03-14T14:04:09.999+0000] {dag.py:2690} INFO - Sync 1 DAGs
[2023-03-14T14:04:10.038+0000] {logging_mixin.py:137} INFO - [2023-03-14T14:04:10.038+0000] {dag.py:3441} INFO - Setting next_dagrun for example_sensors to None, run_after=None
[2023-03-14T14:04:10.069+0000] {processor.py:175} INFO - Processing /home/airflow/.local/lib/python3.7/site-packages/airflow/example_dags/example_sensors.py took 0.167 seconds
[2023-03-14T14:04:40.930+0000] {processor.py:153} INFO - Started process (PID=1199) to work on /home/airflow/.local/lib/python3.7/site-packages/airflow/example_dags/example_sensors.py
[2023-03-14T14:04:40.931+0000] {processor.py:743} INFO - Processing file /home/airflow/.local/lib/python3.7/site-packages/airflow/example_dags/example_sensors.py for tasks to queue
[2023-03-14T14:04:40.932+0000] {logging_mixin.py:137} INFO - [2023-03-14T14:04:40.932+0000] {dagbag.py:538} INFO - Filling up the DagBag from /home/airflow/.local/lib/python3.7/site-packages/airflow/example_dags/example_sensors.py
[2023-03-14T14:04:40.953+0000] {processor.py:753} INFO - DAG(s) dict_keys(['example_sensors']) retrieved from /home/airflow/.local/lib/python3.7/site-packages/airflow/example_dags/example_sensors.py
[2023-03-14T14:04:40.981+0000] {logging_mixin.py:137} INFO - [2023-03-14T14:04:40.981+0000] {dag.py:2690} INFO - Sync 1 DAGs
[2023-03-14T14:04:41.006+0000] {logging_mixin.py:137} INFO - [2023-03-14T14:04:41.006+0000] {dag.py:3441} INFO - Setting next_dagrun for example_sensors to None, run_after=None
[2023-03-14T14:04:41.029+0000] {processor.py:175} INFO - Processing /home/airflow/.local/lib/python3.7/site-packages/airflow/example_dags/example_sensors.py took 0.108 seconds
[2023-03-14T14:05:11.832+0000] {processor.py:153} INFO - Started process (PID=1413) to work on /home/airflow/.local/lib/python3.7/site-packages/airflow/example_dags/example_sensors.py
[2023-03-14T14:05:11.835+0000] {processor.py:743} INFO - Processing file /home/airflow/.local/lib/python3.7/site-packages/airflow/example_dags/example_sensors.py for tasks to queue
[2023-03-14T14:05:11.838+0000] {logging_mixin.py:137} INFO - [2023-03-14T14:05:11.836+0000] {dagbag.py:538} INFO - Filling up the DagBag from /home/airflow/.local/lib/python3.7/site-packages/airflow/example_dags/example_sensors.py
[2023-03-14T14:05:11.870+0000] {processor.py:753} INFO - DAG(s) dict_keys(['example_sensors']) retrieved from /home/airflow/.local/lib/python3.7/site-packages/airflow/example_dags/example_sensors.py
[2023-03-14T14:05:11.899+0000] {logging_mixin.py:137} INFO - [2023-03-14T14:05:11.899+0000] {dag.py:2690} INFO - Sync 1 DAGs
[2023-03-14T14:05:11.923+0000] {logging_mixin.py:137} INFO - [2023-03-14T14:05:11.923+0000] {dag.py:3441} INFO - Setting next_dagrun for example_sensors to None, run_after=None
[2023-03-14T14:05:11.946+0000] {processor.py:175} INFO - Processing /home/airflow/.local/lib/python3.7/site-packages/airflow/example_dags/example_sensors.py took 0.128 seconds
[2023-03-14T14:05:42.943+0000] {processor.py:153} INFO - Started process (PID=1638) to work on /home/airflow/.local/lib/python3.7/site-packages/airflow/example_dags/example_sensors.py
[2023-03-14T14:05:42.953+0000] {processor.py:743} INFO - Processing file /home/airflow/.local/lib/python3.7/site-packages/airflow/example_dags/example_sensors.py for tasks to queue
[2023-03-14T14:05:42.954+0000] {logging_mixin.py:137} INFO - [2023-03-14T14:05:42.953+0000] {dagbag.py:538} INFO - Filling up the DagBag from /home/airflow/.local/lib/python3.7/site-packages/airflow/example_dags/example_sensors.py
[2023-03-14T14:05:43.008+0000] {processor.py:753} INFO - DAG(s) dict_keys(['example_sensors']) retrieved from /home/airflow/.local/lib/python3.7/site-packages/airflow/example_dags/example_sensors.py
[2023-03-14T14:05:43.071+0000] {logging_mixin.py:137} INFO - [2023-03-14T14:05:43.071+0000] {dag.py:2690} INFO - Sync 1 DAGs
[2023-03-14T14:05:43.112+0000] {logging_mixin.py:137} INFO - [2023-03-14T14:05:43.112+0000] {dag.py:3441} INFO - Setting next_dagrun for example_sensors to None, run_after=None
[2023-03-14T14:05:43.150+0000] {processor.py:175} INFO - Processing /home/airflow/.local/lib/python3.7/site-packages/airflow/example_dags/example_sensors.py took 0.212 seconds
[2023-03-14T14:06:13.903+0000] {processor.py:153} INFO - Started process (PID=1854) to work on /home/airflow/.local/lib/python3.7/site-packages/airflow/example_dags/example_sensors.py
[2023-03-14T14:06:13.911+0000] {processor.py:743} INFO - Processing file /home/airflow/.local/lib/python3.7/site-packages/airflow/example_dags/example_sensors.py for tasks to queue
[2023-03-14T14:06:13.913+0000] {logging_mixin.py:137} INFO - [2023-03-14T14:06:13.912+0000] {dagbag.py:538} INFO - Filling up the DagBag from /home/airflow/.local/lib/python3.7/site-packages/airflow/example_dags/example_sensors.py
[2023-03-14T14:06:13.947+0000] {processor.py:753} INFO - DAG(s) dict_keys(['example_sensors']) retrieved from /home/airflow/.local/lib/python3.7/site-packages/airflow/example_dags/example_sensors.py
[2023-03-14T14:06:14.003+0000] {logging_mixin.py:137} INFO - [2023-03-14T14:06:14.003+0000] {dag.py:2690} INFO - Sync 1 DAGs
[2023-03-14T14:06:14.071+0000] {logging_mixin.py:137} INFO - [2023-03-14T14:06:14.070+0000] {dag.py:3441} INFO - Setting next_dagrun for example_sensors to None, run_after=None
[2023-03-14T14:06:14.133+0000] {processor.py:175} INFO - Processing /home/airflow/.local/lib/python3.7/site-packages/airflow/example_dags/example_sensors.py took 0.236 seconds
[2023-03-14T14:06:44.423+0000] {processor.py:153} INFO - Started process (PID=2069) to work on /home/airflow/.local/lib/python3.7/site-packages/airflow/example_dags/example_sensors.py
[2023-03-14T14:06:44.428+0000] {processor.py:743} INFO - Processing file /home/airflow/.local/lib/python3.7/site-packages/airflow/example_dags/example_sensors.py for tasks to queue
[2023-03-14T14:06:44.429+0000] {logging_mixin.py:137} INFO - [2023-03-14T14:06:44.429+0000] {dagbag.py:538} INFO - Filling up the DagBag from /home/airflow/.local/lib/python3.7/site-packages/airflow/example_dags/example_sensors.py
[2023-03-14T14:06:44.486+0000] {processor.py:753} INFO - DAG(s) dict_keys(['example_sensors']) retrieved from /home/airflow/.local/lib/python3.7/site-packages/airflow/example_dags/example_sensors.py
[2023-03-14T14:06:44.573+0000] {logging_mixin.py:137} INFO - [2023-03-14T14:06:44.573+0000] {dag.py:2690} INFO - Sync 1 DAGs
[2023-03-14T14:06:44.664+0000] {logging_mixin.py:137} INFO - [2023-03-14T14:06:44.664+0000] {dag.py:3441} INFO - Setting next_dagrun for example_sensors to None, run_after=None
[2023-03-14T14:06:44.725+0000] {processor.py:175} INFO - Processing /home/airflow/.local/lib/python3.7/site-packages/airflow/example_dags/example_sensors.py took 0.313 seconds
[2023-03-14T14:07:15.441+0000] {processor.py:153} INFO - Started process (PID=2283) to work on /home/airflow/.local/lib/python3.7/site-packages/airflow/example_dags/example_sensors.py
[2023-03-14T14:07:15.445+0000] {processor.py:743} INFO - Processing file /home/airflow/.local/lib/python3.7/site-packages/airflow/example_dags/example_sensors.py for tasks to queue
[2023-03-14T14:07:15.446+0000] {logging_mixin.py:137} INFO - [2023-03-14T14:07:15.446+0000] {dagbag.py:538} INFO - Filling up the DagBag from /home/airflow/.local/lib/python3.7/site-packages/airflow/example_dags/example_sensors.py
[2023-03-14T14:07:15.503+0000] {processor.py:753} INFO - DAG(s) dict_keys(['example_sensors']) retrieved from /home/airflow/.local/lib/python3.7/site-packages/airflow/example_dags/example_sensors.py
[2023-03-14T14:07:15.604+0000] {logging_mixin.py:137} INFO - [2023-03-14T14:07:15.601+0000] {dag.py:2690} INFO - Sync 1 DAGs
[2023-03-14T14:07:15.645+0000] {logging_mixin.py:137} INFO - [2023-03-14T14:07:15.645+0000] {dag.py:3441} INFO - Setting next_dagrun for example_sensors to None, run_after=None
[2023-03-14T14:07:15.678+0000] {processor.py:175} INFO - Processing /home/airflow/.local/lib/python3.7/site-packages/airflow/example_dags/example_sensors.py took 0.251 seconds
[2023-03-14T14:07:46.272+0000] {processor.py:153} INFO - Started process (PID=2507) to work on /home/airflow/.local/lib/python3.7/site-packages/airflow/example_dags/example_sensors.py
[2023-03-14T14:07:46.274+0000] {processor.py:743} INFO - Processing file /home/airflow/.local/lib/python3.7/site-packages/airflow/example_dags/example_sensors.py for tasks to queue
[2023-03-14T14:07:46.275+0000] {logging_mixin.py:137} INFO - [2023-03-14T14:07:46.275+0000] {dagbag.py:538} INFO - Filling up the DagBag from /home/airflow/.local/lib/python3.7/site-packages/airflow/example_dags/example_sensors.py
[2023-03-14T14:07:46.321+0000] {processor.py:753} INFO - DAG(s) dict_keys(['example_sensors']) retrieved from /home/airflow/.local/lib/python3.7/site-packages/airflow/example_dags/example_sensors.py
[2023-03-14T14:07:46.400+0000] {logging_mixin.py:137} INFO - [2023-03-14T14:07:46.400+0000] {dag.py:2690} INFO - Sync 1 DAGs
[2023-03-14T14:07:46.525+0000] {logging_mixin.py:137} INFO - [2023-03-14T14:07:46.524+0000] {dag.py:3441} INFO - Setting next_dagrun for example_sensors to None, run_after=None
[2023-03-14T14:07:46.646+0000] {processor.py:175} INFO - Processing /home/airflow/.local/lib/python3.7/site-packages/airflow/example_dags/example_sensors.py took 0.378 seconds
[2023-03-14T14:08:16.970+0000] {processor.py:153} INFO - Started process (PID=2723) to work on /home/airflow/.local/lib/python3.7/site-packages/airflow/example_dags/example_sensors.py
[2023-03-14T14:08:16.973+0000] {processor.py:743} INFO - Processing file /home/airflow/.local/lib/python3.7/site-packages/airflow/example_dags/example_sensors.py for tasks to queue
[2023-03-14T14:08:16.981+0000] {logging_mixin.py:137} INFO - [2023-03-14T14:08:16.981+0000] {dagbag.py:538} INFO - Filling up the DagBag from /home/airflow/.local/lib/python3.7/site-packages/airflow/example_dags/example_sensors.py
[2023-03-14T14:08:17.036+0000] {processor.py:753} INFO - DAG(s) dict_keys(['example_sensors']) retrieved from /home/airflow/.local/lib/python3.7/site-packages/airflow/example_dags/example_sensors.py
[2023-03-14T14:08:17.127+0000] {logging_mixin.py:137} INFO - [2023-03-14T14:08:17.126+0000] {dag.py:2690} INFO - Sync 1 DAGs
[2023-03-14T14:08:17.205+0000] {logging_mixin.py:137} INFO - [2023-03-14T14:08:17.205+0000] {dag.py:3441} INFO - Setting next_dagrun for example_sensors to None, run_after=None
[2023-03-14T14:08:17.294+0000] {processor.py:175} INFO - Processing /home/airflow/.local/lib/python3.7/site-packages/airflow/example_dags/example_sensors.py took 0.333 seconds
[2023-03-14T14:08:50.298+0000] {processor.py:153} INFO - Started process (PID=2949) to work on /home/airflow/.local/lib/python3.7/site-packages/airflow/example_dags/example_sensors.py
[2023-03-14T14:08:50.312+0000] {processor.py:743} INFO - Processing file /home/airflow/.local/lib/python3.7/site-packages/airflow/example_dags/example_sensors.py for tasks to queue
[2023-03-14T14:08:50.317+0000] {logging_mixin.py:137} INFO - [2023-03-14T14:08:50.317+0000] {dagbag.py:538} INFO - Filling up the DagBag from /home/airflow/.local/lib/python3.7/site-packages/airflow/example_dags/example_sensors.py
[2023-03-14T14:08:50.486+0000] {processor.py:753} INFO - DAG(s) dict_keys(['example_sensors']) retrieved from /home/airflow/.local/lib/python3.7/site-packages/airflow/example_dags/example_sensors.py
[2023-03-14T14:08:50.594+0000] {logging_mixin.py:137} INFO - [2023-03-14T14:08:50.594+0000] {dag.py:2690} INFO - Sync 1 DAGs
[2023-03-14T14:08:50.767+0000] {logging_mixin.py:137} INFO - [2023-03-14T14:08:50.767+0000] {dag.py:3441} INFO - Setting next_dagrun for example_sensors to None, run_after=None
[2023-03-14T14:08:50.928+0000] {processor.py:175} INFO - Processing /home/airflow/.local/lib/python3.7/site-packages/airflow/example_dags/example_sensors.py took 0.723 seconds
[2023-03-14T14:09:21.104+0000] {processor.py:153} INFO - Started process (PID=3184) to work on /home/airflow/.local/lib/python3.7/site-packages/airflow/example_dags/example_sensors.py
[2023-03-14T14:09:21.110+0000] {processor.py:743} INFO - Processing file /home/airflow/.local/lib/python3.7/site-packages/airflow/example_dags/example_sensors.py for tasks to queue
[2023-03-14T14:09:21.114+0000] {logging_mixin.py:137} INFO - [2023-03-14T14:09:21.114+0000] {dagbag.py:538} INFO - Filling up the DagBag from /home/airflow/.local/lib/python3.7/site-packages/airflow/example_dags/example_sensors.py
[2023-03-14T14:09:21.169+0000] {processor.py:753} INFO - DAG(s) dict_keys(['example_sensors']) retrieved from /home/airflow/.local/lib/python3.7/site-packages/airflow/example_dags/example_sensors.py
[2023-03-14T14:09:21.215+0000] {logging_mixin.py:137} INFO - [2023-03-14T14:09:21.215+0000] {dag.py:2690} INFO - Sync 1 DAGs
[2023-03-14T14:09:21.263+0000] {logging_mixin.py:137} INFO - [2023-03-14T14:09:21.262+0000] {dag.py:3441} INFO - Setting next_dagrun for example_sensors to None, run_after=None
[2023-03-14T14:09:21.299+0000] {processor.py:175} INFO - Processing /home/airflow/.local/lib/python3.7/site-packages/airflow/example_dags/example_sensors.py took 0.202 seconds
[2023-03-14T14:09:51.873+0000] {processor.py:153} INFO - Started process (PID=3402) to work on /home/airflow/.local/lib/python3.7/site-packages/airflow/example_dags/example_sensors.py
[2023-03-14T14:09:51.874+0000] {processor.py:743} INFO - Processing file /home/airflow/.local/lib/python3.7/site-packages/airflow/example_dags/example_sensors.py for tasks to queue
[2023-03-14T14:09:51.875+0000] {logging_mixin.py:137} INFO - [2023-03-14T14:09:51.875+0000] {dagbag.py:538} INFO - Filling up the DagBag from /home/airflow/.local/lib/python3.7/site-packages/airflow/example_dags/example_sensors.py
[2023-03-14T14:09:51.904+0000] {processor.py:753} INFO - DAG(s) dict_keys(['example_sensors']) retrieved from /home/airflow/.local/lib/python3.7/site-packages/airflow/example_dags/example_sensors.py
[2023-03-14T14:09:51.948+0000] {logging_mixin.py:137} INFO - [2023-03-14T14:09:51.948+0000] {dag.py:2690} INFO - Sync 1 DAGs
[2023-03-14T14:09:51.989+0000] {logging_mixin.py:137} INFO - [2023-03-14T14:09:51.988+0000] {dag.py:3441} INFO - Setting next_dagrun for example_sensors to None, run_after=None
[2023-03-14T14:09:52.020+0000] {processor.py:175} INFO - Processing /home/airflow/.local/lib/python3.7/site-packages/airflow/example_dags/example_sensors.py took 0.152 seconds
[2023-03-14T14:10:23.095+0000] {processor.py:153} INFO - Started process (PID=3622) to work on /home/airflow/.local/lib/python3.7/site-packages/airflow/example_dags/example_sensors.py
[2023-03-14T14:10:23.099+0000] {processor.py:743} INFO - Processing file /home/airflow/.local/lib/python3.7/site-packages/airflow/example_dags/example_sensors.py for tasks to queue
[2023-03-14T14:10:23.100+0000] {logging_mixin.py:137} INFO - [2023-03-14T14:10:23.099+0000] {dagbag.py:538} INFO - Filling up the DagBag from /home/airflow/.local/lib/python3.7/site-packages/airflow/example_dags/example_sensors.py
[2023-03-14T14:10:23.150+0000] {processor.py:753} INFO - DAG(s) dict_keys(['example_sensors']) retrieved from /home/airflow/.local/lib/python3.7/site-packages/airflow/example_dags/example_sensors.py
[2023-03-14T14:10:23.245+0000] {logging_mixin.py:137} INFO - [2023-03-14T14:10:23.244+0000] {dag.py:2690} INFO - Sync 1 DAGs
[2023-03-14T14:10:23.289+0000] {logging_mixin.py:137} INFO - [2023-03-14T14:10:23.289+0000] {dag.py:3441} INFO - Setting next_dagrun for example_sensors to None, run_after=None
[2023-03-14T14:10:23.326+0000] {processor.py:175} INFO - Processing /home/airflow/.local/lib/python3.7/site-packages/airflow/example_dags/example_sensors.py took 0.235 seconds
[2023-03-14T14:10:54.440+0000] {processor.py:153} INFO - Started process (PID=3835) to work on /home/airflow/.local/lib/python3.7/site-packages/airflow/example_dags/example_sensors.py
[2023-03-14T14:10:54.446+0000] {processor.py:743} INFO - Processing file /home/airflow/.local/lib/python3.7/site-packages/airflow/example_dags/example_sensors.py for tasks to queue
[2023-03-14T14:10:54.447+0000] {logging_mixin.py:137} INFO - [2023-03-14T14:10:54.446+0000] {dagbag.py:538} INFO - Filling up the DagBag from /home/airflow/.local/lib/python3.7/site-packages/airflow/example_dags/example_sensors.py
[2023-03-14T14:10:54.495+0000] {processor.py:753} INFO - DAG(s) dict_keys(['example_sensors']) retrieved from /home/airflow/.local/lib/python3.7/site-packages/airflow/example_dags/example_sensors.py
[2023-03-14T14:10:54.593+0000] {logging_mixin.py:137} INFO - [2023-03-14T14:10:54.591+0000] {dag.py:2690} INFO - Sync 1 DAGs
[2023-03-14T14:10:54.910+0000] {logging_mixin.py:137} INFO - [2023-03-14T14:10:54.910+0000] {dag.py:3441} INFO - Setting next_dagrun for example_sensors to None, run_after=None
[2023-03-14T14:10:55.061+0000] {processor.py:175} INFO - Processing /home/airflow/.local/lib/python3.7/site-packages/airflow/example_dags/example_sensors.py took 0.627 seconds
[2023-03-14T14:11:25.548+0000] {processor.py:153} INFO - Started process (PID=4049) to work on /home/airflow/.local/lib/python3.7/site-packages/airflow/example_dags/example_sensors.py
[2023-03-14T14:11:25.549+0000] {processor.py:743} INFO - Processing file /home/airflow/.local/lib/python3.7/site-packages/airflow/example_dags/example_sensors.py for tasks to queue
[2023-03-14T14:11:25.550+0000] {logging_mixin.py:137} INFO - [2023-03-14T14:11:25.550+0000] {dagbag.py:538} INFO - Filling up the DagBag from /home/airflow/.local/lib/python3.7/site-packages/airflow/example_dags/example_sensors.py
[2023-03-14T14:11:25.619+0000] {processor.py:753} INFO - DAG(s) dict_keys(['example_sensors']) retrieved from /home/airflow/.local/lib/python3.7/site-packages/airflow/example_dags/example_sensors.py
[2023-03-14T14:11:25.725+0000] {logging_mixin.py:137} INFO - [2023-03-14T14:11:25.725+0000] {dag.py:2690} INFO - Sync 1 DAGs
[2023-03-14T14:11:25.785+0000] {logging_mixin.py:137} INFO - [2023-03-14T14:11:25.785+0000] {dag.py:3441} INFO - Setting next_dagrun for example_sensors to None, run_after=None
[2023-03-14T14:11:25.849+0000] {processor.py:175} INFO - Processing /home/airflow/.local/lib/python3.7/site-packages/airflow/example_dags/example_sensors.py took 0.306 seconds
[2023-03-14T14:11:56.799+0000] {processor.py:153} INFO - Started process (PID=4264) to work on /home/airflow/.local/lib/python3.7/site-packages/airflow/example_dags/example_sensors.py
[2023-03-14T14:11:56.825+0000] {processor.py:743} INFO - Processing file /home/airflow/.local/lib/python3.7/site-packages/airflow/example_dags/example_sensors.py for tasks to queue
[2023-03-14T14:11:56.826+0000] {logging_mixin.py:137} INFO - [2023-03-14T14:11:56.826+0000] {dagbag.py:538} INFO - Filling up the DagBag from /home/airflow/.local/lib/python3.7/site-packages/airflow/example_dags/example_sensors.py
[2023-03-14T14:11:56.879+0000] {processor.py:753} INFO - DAG(s) dict_keys(['example_sensors']) retrieved from /home/airflow/.local/lib/python3.7/site-packages/airflow/example_dags/example_sensors.py
[2023-03-14T14:11:56.980+0000] {logging_mixin.py:137} INFO - [2023-03-14T14:11:56.980+0000] {dag.py:2690} INFO - Sync 1 DAGs
[2023-03-14T14:11:57.119+0000] {logging_mixin.py:137} INFO - [2023-03-14T14:11:57.119+0000] {dag.py:3441} INFO - Setting next_dagrun for example_sensors to None, run_after=None
[2023-03-14T14:11:57.173+0000] {processor.py:175} INFO - Processing /home/airflow/.local/lib/python3.7/site-packages/airflow/example_dags/example_sensors.py took 0.387 seconds
[2023-03-14T14:12:27.263+0000] {processor.py:153} INFO - Started process (PID=4479) to work on /home/airflow/.local/lib/python3.7/site-packages/airflow/example_dags/example_sensors.py
[2023-03-14T14:12:27.269+0000] {processor.py:743} INFO - Processing file /home/airflow/.local/lib/python3.7/site-packages/airflow/example_dags/example_sensors.py for tasks to queue
[2023-03-14T14:12:27.270+0000] {logging_mixin.py:137} INFO - [2023-03-14T14:12:27.270+0000] {dagbag.py:538} INFO - Filling up the DagBag from /home/airflow/.local/lib/python3.7/site-packages/airflow/example_dags/example_sensors.py
[2023-03-14T14:12:27.321+0000] {processor.py:753} INFO - DAG(s) dict_keys(['example_sensors']) retrieved from /home/airflow/.local/lib/python3.7/site-packages/airflow/example_dags/example_sensors.py
[2023-03-14T14:12:27.365+0000] {logging_mixin.py:137} INFO - [2023-03-14T14:12:27.364+0000] {dag.py:2690} INFO - Sync 1 DAGs
[2023-03-14T14:12:27.425+0000] {logging_mixin.py:137} INFO - [2023-03-14T14:12:27.425+0000] {dag.py:3441} INFO - Setting next_dagrun for example_sensors to None, run_after=None
[2023-03-14T14:12:27.481+0000] {processor.py:175} INFO - Processing /home/airflow/.local/lib/python3.7/site-packages/airflow/example_dags/example_sensors.py took 0.223 seconds
[2023-03-14T14:12:59.352+0000] {processor.py:153} INFO - Started process (PID=4701) to work on /home/airflow/.local/lib/python3.7/site-packages/airflow/example_dags/example_sensors.py
[2023-03-14T14:12:59.388+0000] {processor.py:743} INFO - Processing file /home/airflow/.local/lib/python3.7/site-packages/airflow/example_dags/example_sensors.py for tasks to queue
[2023-03-14T14:12:59.390+0000] {logging_mixin.py:137} INFO - [2023-03-14T14:12:59.390+0000] {dagbag.py:538} INFO - Filling up the DagBag from /home/airflow/.local/lib/python3.7/site-packages/airflow/example_dags/example_sensors.py
[2023-03-14T14:12:59.751+0000] {processor.py:753} INFO - DAG(s) dict_keys(['example_sensors']) retrieved from /home/airflow/.local/lib/python3.7/site-packages/airflow/example_dags/example_sensors.py
[2023-03-14T14:13:00.024+0000] {logging_mixin.py:137} INFO - [2023-03-14T14:13:00.023+0000] {dag.py:2690} INFO - Sync 1 DAGs
[2023-03-14T14:13:00.241+0000] {logging_mixin.py:137} INFO - [2023-03-14T14:13:00.241+0000] {dag.py:3441} INFO - Setting next_dagrun for example_sensors to None, run_after=None
[2023-03-14T14:13:00.457+0000] {processor.py:175} INFO - Processing /home/airflow/.local/lib/python3.7/site-packages/airflow/example_dags/example_sensors.py took 1.120 seconds
[2023-03-14T14:13:30.561+0000] {processor.py:153} INFO - Started process (PID=4918) to work on /home/airflow/.local/lib/python3.7/site-packages/airflow/example_dags/example_sensors.py
[2023-03-14T14:13:30.599+0000] {processor.py:743} INFO - Processing file /home/airflow/.local/lib/python3.7/site-packages/airflow/example_dags/example_sensors.py for tasks to queue
[2023-03-14T14:13:30.601+0000] {logging_mixin.py:137} INFO - [2023-03-14T14:13:30.600+0000] {dagbag.py:538} INFO - Filling up the DagBag from /home/airflow/.local/lib/python3.7/site-packages/airflow/example_dags/example_sensors.py
[2023-03-14T14:13:30.645+0000] {processor.py:753} INFO - DAG(s) dict_keys(['example_sensors']) retrieved from /home/airflow/.local/lib/python3.7/site-packages/airflow/example_dags/example_sensors.py
[2023-03-14T14:13:30.689+0000] {logging_mixin.py:137} INFO - [2023-03-14T14:13:30.689+0000] {dag.py:2690} INFO - Sync 1 DAGs
[2023-03-14T14:13:30.734+0000] {logging_mixin.py:137} INFO - [2023-03-14T14:13:30.733+0000] {dag.py:3441} INFO - Setting next_dagrun for example_sensors to None, run_after=None
[2023-03-14T14:13:30.764+0000] {processor.py:175} INFO - Processing /home/airflow/.local/lib/python3.7/site-packages/airflow/example_dags/example_sensors.py took 0.209 seconds
[2023-03-14T14:14:01.636+0000] {processor.py:153} INFO - Started process (PID=5133) to work on /home/airflow/.local/lib/python3.7/site-packages/airflow/example_dags/example_sensors.py
[2023-03-14T14:14:01.638+0000] {processor.py:743} INFO - Processing file /home/airflow/.local/lib/python3.7/site-packages/airflow/example_dags/example_sensors.py for tasks to queue
[2023-03-14T14:14:01.639+0000] {logging_mixin.py:137} INFO - [2023-03-14T14:14:01.639+0000] {dagbag.py:538} INFO - Filling up the DagBag from /home/airflow/.local/lib/python3.7/site-packages/airflow/example_dags/example_sensors.py
[2023-03-14T14:14:01.708+0000] {processor.py:753} INFO - DAG(s) dict_keys(['example_sensors']) retrieved from /home/airflow/.local/lib/python3.7/site-packages/airflow/example_dags/example_sensors.py
[2023-03-14T14:14:01.806+0000] {logging_mixin.py:137} INFO - [2023-03-14T14:14:01.806+0000] {dag.py:2690} INFO - Sync 1 DAGs
[2023-03-14T14:14:01.949+0000] {logging_mixin.py:137} INFO - [2023-03-14T14:14:01.949+0000] {dag.py:3441} INFO - Setting next_dagrun for example_sensors to None, run_after=None
[2023-03-14T14:14:02.113+0000] {processor.py:175} INFO - Processing /home/airflow/.local/lib/python3.7/site-packages/airflow/example_dags/example_sensors.py took 0.482 seconds
[2023-03-14T14:14:32.849+0000] {processor.py:153} INFO - Started process (PID=5351) to work on /home/airflow/.local/lib/python3.7/site-packages/airflow/example_dags/example_sensors.py
[2023-03-14T14:14:32.851+0000] {processor.py:743} INFO - Processing file /home/airflow/.local/lib/python3.7/site-packages/airflow/example_dags/example_sensors.py for tasks to queue
[2023-03-14T14:14:32.852+0000] {logging_mixin.py:137} INFO - [2023-03-14T14:14:32.852+0000] {dagbag.py:538} INFO - Filling up the DagBag from /home/airflow/.local/lib/python3.7/site-packages/airflow/example_dags/example_sensors.py
[2023-03-14T14:14:32.917+0000] {processor.py:753} INFO - DAG(s) dict_keys(['example_sensors']) retrieved from /home/airflow/.local/lib/python3.7/site-packages/airflow/example_dags/example_sensors.py
[2023-03-14T14:14:33.089+0000] {logging_mixin.py:137} INFO - [2023-03-14T14:14:33.089+0000] {dag.py:2690} INFO - Sync 1 DAGs
[2023-03-14T14:14:33.177+0000] {logging_mixin.py:137} INFO - [2023-03-14T14:14:33.177+0000] {dag.py:3441} INFO - Setting next_dagrun for example_sensors to None, run_after=None
[2023-03-14T14:14:33.230+0000] {processor.py:175} INFO - Processing /home/airflow/.local/lib/python3.7/site-packages/airflow/example_dags/example_sensors.py took 0.388 seconds
[2023-03-14T14:15:03.325+0000] {processor.py:153} INFO - Started process (PID=5566) to work on /home/airflow/.local/lib/python3.7/site-packages/airflow/example_dags/example_sensors.py
[2023-03-14T14:15:03.329+0000] {processor.py:743} INFO - Processing file /home/airflow/.local/lib/python3.7/site-packages/airflow/example_dags/example_sensors.py for tasks to queue
[2023-03-14T14:15:03.330+0000] {logging_mixin.py:137} INFO - [2023-03-14T14:15:03.330+0000] {dagbag.py:538} INFO - Filling up the DagBag from /home/airflow/.local/lib/python3.7/site-packages/airflow/example_dags/example_sensors.py
[2023-03-14T14:15:03.388+0000] {processor.py:753} INFO - DAG(s) dict_keys(['example_sensors']) retrieved from /home/airflow/.local/lib/python3.7/site-packages/airflow/example_dags/example_sensors.py
[2023-03-14T14:15:03.509+0000] {logging_mixin.py:137} INFO - [2023-03-14T14:15:03.509+0000] {dag.py:2690} INFO - Sync 1 DAGs
[2023-03-14T14:15:03.607+0000] {logging_mixin.py:137} INFO - [2023-03-14T14:15:03.607+0000] {dag.py:3441} INFO - Setting next_dagrun for example_sensors to None, run_after=None
[2023-03-14T14:15:03.681+0000] {processor.py:175} INFO - Processing /home/airflow/.local/lib/python3.7/site-packages/airflow/example_dags/example_sensors.py took 0.378 seconds
[2023-03-14T14:15:33.792+0000] {processor.py:153} INFO - Started process (PID=5779) to work on /home/airflow/.local/lib/python3.7/site-packages/airflow/example_dags/example_sensors.py
[2023-03-14T14:15:33.793+0000] {processor.py:743} INFO - Processing file /home/airflow/.local/lib/python3.7/site-packages/airflow/example_dags/example_sensors.py for tasks to queue
[2023-03-14T14:15:33.794+0000] {logging_mixin.py:137} INFO - [2023-03-14T14:15:33.794+0000] {dagbag.py:538} INFO - Filling up the DagBag from /home/airflow/.local/lib/python3.7/site-packages/airflow/example_dags/example_sensors.py
[2023-03-14T14:15:33.823+0000] {processor.py:753} INFO - DAG(s) dict_keys(['example_sensors']) retrieved from /home/airflow/.local/lib/python3.7/site-packages/airflow/example_dags/example_sensors.py
[2023-03-14T14:15:33.863+0000] {logging_mixin.py:137} INFO - [2023-03-14T14:15:33.863+0000] {dag.py:2690} INFO - Sync 1 DAGs
[2023-03-14T14:15:33.890+0000] {logging_mixin.py:137} INFO - [2023-03-14T14:15:33.890+0000] {dag.py:3441} INFO - Setting next_dagrun for example_sensors to None, run_after=None
[2023-03-14T14:15:33.915+0000] {processor.py:175} INFO - Processing /home/airflow/.local/lib/python3.7/site-packages/airflow/example_dags/example_sensors.py took 0.129 seconds
