[2023-03-14T14:02:32.117+0000] {processor.py:153} INFO - Started process (PID=289) to work on /home/airflow/.local/lib/python3.7/site-packages/airflow/example_dags/example_branch_datetime_operator.py
[2023-03-14T14:02:32.120+0000] {processor.py:743} INFO - Processing file /home/airflow/.local/lib/python3.7/site-packages/airflow/example_dags/example_branch_datetime_operator.py for tasks to queue
[2023-03-14T14:02:32.124+0000] {logging_mixin.py:137} INFO - [2023-03-14T14:02:32.124+0000] {dagbag.py:538} INFO - Filling up the DagBag from /home/airflow/.local/lib/python3.7/site-packages/airflow/example_dags/example_branch_datetime_operator.py
[2023-03-14T14:02:32.303+0000] {processor.py:753} INFO - DAG(s) dict_keys(['example_branch_datetime_operator', 'example_branch_datetime_operator_3', 'example_branch_datetime_operator_2']) retrieved from /home/airflow/.local/lib/python3.7/site-packages/airflow/example_dags/example_branch_datetime_operator.py
[2023-03-14T14:02:32.672+0000] {logging_mixin.py:137} INFO - [2023-03-14T14:02:32.672+0000] {dag.py:2690} INFO - Sync 3 DAGs
[2023-03-14T14:02:32.890+0000] {logging_mixin.py:137} INFO - [2023-03-14T14:02:32.889+0000] {dag.py:3441} INFO - Setting next_dagrun for example_branch_datetime_operator to 2023-03-13T00:00:00+00:00, run_after=2023-03-14T00:00:00+00:00
[2023-03-14T14:02:32.926+0000] {logging_mixin.py:137} INFO - [2023-03-14T14:02:32.926+0000] {dag.py:3441} INFO - Setting next_dagrun for example_branch_datetime_operator_2 to 2023-03-13T00:00:00+00:00, run_after=2023-03-14T00:00:00+00:00
[2023-03-14T14:02:32.947+0000] {logging_mixin.py:137} INFO - [2023-03-14T14:02:32.947+0000] {dag.py:3441} INFO - Setting next_dagrun for example_branch_datetime_operator_3 to 2023-03-13T00:00:00+00:00, run_after=2023-03-14T00:00:00+00:00
[2023-03-14T14:02:33.128+0000] {processor.py:175} INFO - Processing /home/airflow/.local/lib/python3.7/site-packages/airflow/example_dags/example_branch_datetime_operator.py took 1.027 seconds
[2023-03-14T14:03:05.167+0000] {processor.py:153} INFO - Started process (PID=505) to work on /home/airflow/.local/lib/python3.7/site-packages/airflow/example_dags/example_branch_datetime_operator.py
[2023-03-14T14:03:05.207+0000] {processor.py:743} INFO - Processing file /home/airflow/.local/lib/python3.7/site-packages/airflow/example_dags/example_branch_datetime_operator.py for tasks to queue
[2023-03-14T14:03:05.218+0000] {logging_mixin.py:137} INFO - [2023-03-14T14:03:05.218+0000] {dagbag.py:538} INFO - Filling up the DagBag from /home/airflow/.local/lib/python3.7/site-packages/airflow/example_dags/example_branch_datetime_operator.py
[2023-03-14T14:03:05.414+0000] {processor.py:753} INFO - DAG(s) dict_keys(['example_branch_datetime_operator', 'example_branch_datetime_operator_2', 'example_branch_datetime_operator_3']) retrieved from /home/airflow/.local/lib/python3.7/site-packages/airflow/example_dags/example_branch_datetime_operator.py
[2023-03-14T14:03:05.728+0000] {logging_mixin.py:137} INFO - [2023-03-14T14:03:05.728+0000] {dag.py:2690} INFO - Sync 3 DAGs
[2023-03-14T14:03:05.876+0000] {logging_mixin.py:137} INFO - [2023-03-14T14:03:05.873+0000] {dag.py:3441} INFO - Setting next_dagrun for example_branch_datetime_operator to 2023-03-13T00:00:00+00:00, run_after=2023-03-14T00:00:00+00:00
[2023-03-14T14:03:05.890+0000] {logging_mixin.py:137} INFO - [2023-03-14T14:03:05.890+0000] {dag.py:3441} INFO - Setting next_dagrun for example_branch_datetime_operator_2 to 2023-03-13T00:00:00+00:00, run_after=2023-03-14T00:00:00+00:00
[2023-03-14T14:03:05.905+0000] {logging_mixin.py:137} INFO - [2023-03-14T14:03:05.905+0000] {dag.py:3441} INFO - Setting next_dagrun for example_branch_datetime_operator_3 to 2023-03-13T00:00:00+00:00, run_after=2023-03-14T00:00:00+00:00
[2023-03-14T14:03:06.104+0000] {processor.py:175} INFO - Processing /home/airflow/.local/lib/python3.7/site-packages/airflow/example_dags/example_branch_datetime_operator.py took 0.976 seconds
[2023-03-14T14:03:36.977+0000] {processor.py:153} INFO - Started process (PID=723) to work on /home/airflow/.local/lib/python3.7/site-packages/airflow/example_dags/example_branch_datetime_operator.py
[2023-03-14T14:03:36.979+0000] {processor.py:743} INFO - Processing file /home/airflow/.local/lib/python3.7/site-packages/airflow/example_dags/example_branch_datetime_operator.py for tasks to queue
[2023-03-14T14:03:36.980+0000] {logging_mixin.py:137} INFO - [2023-03-14T14:03:36.980+0000] {dagbag.py:538} INFO - Filling up the DagBag from /home/airflow/.local/lib/python3.7/site-packages/airflow/example_dags/example_branch_datetime_operator.py
[2023-03-14T14:03:37.009+0000] {processor.py:753} INFO - DAG(s) dict_keys(['example_branch_datetime_operator', 'example_branch_datetime_operator_2', 'example_branch_datetime_operator_3']) retrieved from /home/airflow/.local/lib/python3.7/site-packages/airflow/example_dags/example_branch_datetime_operator.py
[2023-03-14T14:03:37.064+0000] {logging_mixin.py:137} INFO - [2023-03-14T14:03:37.063+0000] {dag.py:2690} INFO - Sync 3 DAGs
[2023-03-14T14:03:37.118+0000] {logging_mixin.py:137} INFO - [2023-03-14T14:03:37.117+0000] {dag.py:3441} INFO - Setting next_dagrun for example_branch_datetime_operator to 2023-03-13T00:00:00+00:00, run_after=2023-03-14T00:00:00+00:00
[2023-03-14T14:03:37.124+0000] {logging_mixin.py:137} INFO - [2023-03-14T14:03:37.124+0000] {dag.py:3441} INFO - Setting next_dagrun for example_branch_datetime_operator_2 to 2023-03-13T00:00:00+00:00, run_after=2023-03-14T00:00:00+00:00
[2023-03-14T14:03:37.128+0000] {logging_mixin.py:137} INFO - [2023-03-14T14:03:37.128+0000] {dag.py:3441} INFO - Setting next_dagrun for example_branch_datetime_operator_3 to 2023-03-13T00:00:00+00:00, run_after=2023-03-14T00:00:00+00:00
[2023-03-14T14:03:37.154+0000] {processor.py:175} INFO - Processing /home/airflow/.local/lib/python3.7/site-packages/airflow/example_dags/example_branch_datetime_operator.py took 0.183 seconds
[2023-03-14T14:04:07.791+0000] {processor.py:153} INFO - Started process (PID=937) to work on /home/airflow/.local/lib/python3.7/site-packages/airflow/example_dags/example_branch_datetime_operator.py
[2023-03-14T14:04:07.792+0000] {processor.py:743} INFO - Processing file /home/airflow/.local/lib/python3.7/site-packages/airflow/example_dags/example_branch_datetime_operator.py for tasks to queue
[2023-03-14T14:04:07.793+0000] {logging_mixin.py:137} INFO - [2023-03-14T14:04:07.793+0000] {dagbag.py:538} INFO - Filling up the DagBag from /home/airflow/.local/lib/python3.7/site-packages/airflow/example_dags/example_branch_datetime_operator.py
[2023-03-14T14:04:07.851+0000] {processor.py:753} INFO - DAG(s) dict_keys(['example_branch_datetime_operator', 'example_branch_datetime_operator_3', 'example_branch_datetime_operator_2']) retrieved from /home/airflow/.local/lib/python3.7/site-packages/airflow/example_dags/example_branch_datetime_operator.py
[2023-03-14T14:04:07.961+0000] {logging_mixin.py:137} INFO - [2023-03-14T14:04:07.960+0000] {dag.py:2690} INFO - Sync 3 DAGs
[2023-03-14T14:04:08.027+0000] {logging_mixin.py:137} INFO - [2023-03-14T14:04:08.026+0000] {dag.py:3441} INFO - Setting next_dagrun for example_branch_datetime_operator to 2023-03-13T00:00:00+00:00, run_after=2023-03-14T00:00:00+00:00
[2023-03-14T14:04:08.036+0000] {logging_mixin.py:137} INFO - [2023-03-14T14:04:08.034+0000] {dag.py:3441} INFO - Setting next_dagrun for example_branch_datetime_operator_2 to 2023-03-13T00:00:00+00:00, run_after=2023-03-14T00:00:00+00:00
[2023-03-14T14:04:08.040+0000] {logging_mixin.py:137} INFO - [2023-03-14T14:04:08.040+0000] {dag.py:3441} INFO - Setting next_dagrun for example_branch_datetime_operator_3 to 2023-03-13T00:00:00+00:00, run_after=2023-03-14T00:00:00+00:00
[2023-03-14T14:04:08.076+0000] {processor.py:175} INFO - Processing /home/airflow/.local/lib/python3.7/site-packages/airflow/example_dags/example_branch_datetime_operator.py took 0.291 seconds
[2023-03-14T14:04:38.630+0000] {processor.py:153} INFO - Started process (PID=1151) to work on /home/airflow/.local/lib/python3.7/site-packages/airflow/example_dags/example_branch_datetime_operator.py
[2023-03-14T14:04:38.631+0000] {processor.py:743} INFO - Processing file /home/airflow/.local/lib/python3.7/site-packages/airflow/example_dags/example_branch_datetime_operator.py for tasks to queue
[2023-03-14T14:04:38.632+0000] {logging_mixin.py:137} INFO - [2023-03-14T14:04:38.632+0000] {dagbag.py:538} INFO - Filling up the DagBag from /home/airflow/.local/lib/python3.7/site-packages/airflow/example_dags/example_branch_datetime_operator.py
[2023-03-14T14:04:38.724+0000] {processor.py:753} INFO - DAG(s) dict_keys(['example_branch_datetime_operator', 'example_branch_datetime_operator_2', 'example_branch_datetime_operator_3']) retrieved from /home/airflow/.local/lib/python3.7/site-packages/airflow/example_dags/example_branch_datetime_operator.py
[2023-03-14T14:04:38.944+0000] {logging_mixin.py:137} INFO - [2023-03-14T14:04:38.944+0000] {dag.py:2690} INFO - Sync 3 DAGs
[2023-03-14T14:04:39.012+0000] {logging_mixin.py:137} INFO - [2023-03-14T14:04:39.012+0000] {dag.py:3441} INFO - Setting next_dagrun for example_branch_datetime_operator to 2023-03-13T00:00:00+00:00, run_after=2023-03-14T00:00:00+00:00
[2023-03-14T14:04:39.031+0000] {logging_mixin.py:137} INFO - [2023-03-14T14:04:39.031+0000] {dag.py:3441} INFO - Setting next_dagrun for example_branch_datetime_operator_2 to 2023-03-13T00:00:00+00:00, run_after=2023-03-14T00:00:00+00:00
[2023-03-14T14:04:39.035+0000] {logging_mixin.py:137} INFO - [2023-03-14T14:04:39.035+0000] {dag.py:3441} INFO - Setting next_dagrun for example_branch_datetime_operator_3 to 2023-03-13T00:00:00+00:00, run_after=2023-03-14T00:00:00+00:00
[2023-03-14T14:04:39.065+0000] {processor.py:175} INFO - Processing /home/airflow/.local/lib/python3.7/site-packages/airflow/example_dags/example_branch_datetime_operator.py took 0.442 seconds
[2023-03-14T14:05:09.444+0000] {processor.py:153} INFO - Started process (PID=1368) to work on /home/airflow/.local/lib/python3.7/site-packages/airflow/example_dags/example_branch_datetime_operator.py
[2023-03-14T14:05:09.448+0000] {processor.py:743} INFO - Processing file /home/airflow/.local/lib/python3.7/site-packages/airflow/example_dags/example_branch_datetime_operator.py for tasks to queue
[2023-03-14T14:05:09.450+0000] {logging_mixin.py:137} INFO - [2023-03-14T14:05:09.449+0000] {dagbag.py:538} INFO - Filling up the DagBag from /home/airflow/.local/lib/python3.7/site-packages/airflow/example_dags/example_branch_datetime_operator.py
[2023-03-14T14:05:09.491+0000] {processor.py:753} INFO - DAG(s) dict_keys(['example_branch_datetime_operator_2', 'example_branch_datetime_operator_3', 'example_branch_datetime_operator']) retrieved from /home/airflow/.local/lib/python3.7/site-packages/airflow/example_dags/example_branch_datetime_operator.py
[2023-03-14T14:05:09.536+0000] {logging_mixin.py:137} INFO - [2023-03-14T14:05:09.535+0000] {dag.py:2690} INFO - Sync 3 DAGs
[2023-03-14T14:05:09.577+0000] {logging_mixin.py:137} INFO - [2023-03-14T14:05:09.577+0000] {dag.py:3441} INFO - Setting next_dagrun for example_branch_datetime_operator to 2023-03-13T00:00:00+00:00, run_after=2023-03-14T00:00:00+00:00
[2023-03-14T14:05:09.592+0000] {logging_mixin.py:137} INFO - [2023-03-14T14:05:09.592+0000] {dag.py:3441} INFO - Setting next_dagrun for example_branch_datetime_operator_2 to 2023-03-13T00:00:00+00:00, run_after=2023-03-14T00:00:00+00:00
[2023-03-14T14:05:09.596+0000] {logging_mixin.py:137} INFO - [2023-03-14T14:05:09.596+0000] {dag.py:3441} INFO - Setting next_dagrun for example_branch_datetime_operator_3 to 2023-03-13T00:00:00+00:00, run_after=2023-03-14T00:00:00+00:00
[2023-03-14T14:05:09.638+0000] {processor.py:175} INFO - Processing /home/airflow/.local/lib/python3.7/site-packages/airflow/example_dags/example_branch_datetime_operator.py took 0.221 seconds
[2023-03-14T14:05:40.177+0000] {processor.py:153} INFO - Started process (PID=1578) to work on /home/airflow/.local/lib/python3.7/site-packages/airflow/example_dags/example_branch_datetime_operator.py
[2023-03-14T14:05:40.178+0000] {processor.py:743} INFO - Processing file /home/airflow/.local/lib/python3.7/site-packages/airflow/example_dags/example_branch_datetime_operator.py for tasks to queue
[2023-03-14T14:05:40.179+0000] {logging_mixin.py:137} INFO - [2023-03-14T14:05:40.179+0000] {dagbag.py:538} INFO - Filling up the DagBag from /home/airflow/.local/lib/python3.7/site-packages/airflow/example_dags/example_branch_datetime_operator.py
[2023-03-14T14:05:40.205+0000] {processor.py:753} INFO - DAG(s) dict_keys(['example_branch_datetime_operator_3', 'example_branch_datetime_operator_2', 'example_branch_datetime_operator']) retrieved from /home/airflow/.local/lib/python3.7/site-packages/airflow/example_dags/example_branch_datetime_operator.py
[2023-03-14T14:05:40.272+0000] {logging_mixin.py:137} INFO - [2023-03-14T14:05:40.271+0000] {dag.py:2690} INFO - Sync 3 DAGs
[2023-03-14T14:05:40.332+0000] {logging_mixin.py:137} INFO - [2023-03-14T14:05:40.332+0000] {dag.py:3441} INFO - Setting next_dagrun for example_branch_datetime_operator to 2023-03-13T00:00:00+00:00, run_after=2023-03-14T00:00:00+00:00
[2023-03-14T14:05:40.345+0000] {logging_mixin.py:137} INFO - [2023-03-14T14:05:40.345+0000] {dag.py:3441} INFO - Setting next_dagrun for example_branch_datetime_operator_2 to 2023-03-13T00:00:00+00:00, run_after=2023-03-14T00:00:00+00:00
[2023-03-14T14:05:40.350+0000] {logging_mixin.py:137} INFO - [2023-03-14T14:05:40.350+0000] {dag.py:3441} INFO - Setting next_dagrun for example_branch_datetime_operator_3 to 2023-03-13T00:00:00+00:00, run_after=2023-03-14T00:00:00+00:00
[2023-03-14T14:05:40.390+0000] {processor.py:175} INFO - Processing /home/airflow/.local/lib/python3.7/site-packages/airflow/example_dags/example_branch_datetime_operator.py took 0.218 seconds
[2023-03-14T14:06:10.868+0000] {processor.py:153} INFO - Started process (PID=1800) to work on /home/airflow/.local/lib/python3.7/site-packages/airflow/example_dags/example_branch_datetime_operator.py
[2023-03-14T14:06:10.878+0000] {processor.py:743} INFO - Processing file /home/airflow/.local/lib/python3.7/site-packages/airflow/example_dags/example_branch_datetime_operator.py for tasks to queue
[2023-03-14T14:06:10.879+0000] {logging_mixin.py:137} INFO - [2023-03-14T14:06:10.879+0000] {dagbag.py:538} INFO - Filling up the DagBag from /home/airflow/.local/lib/python3.7/site-packages/airflow/example_dags/example_branch_datetime_operator.py
[2023-03-14T14:06:10.917+0000] {processor.py:753} INFO - DAG(s) dict_keys(['example_branch_datetime_operator', 'example_branch_datetime_operator_3', 'example_branch_datetime_operator_2']) retrieved from /home/airflow/.local/lib/python3.7/site-packages/airflow/example_dags/example_branch_datetime_operator.py
[2023-03-14T14:06:10.971+0000] {logging_mixin.py:137} INFO - [2023-03-14T14:06:10.971+0000] {dag.py:2690} INFO - Sync 3 DAGs
[2023-03-14T14:06:11.013+0000] {logging_mixin.py:137} INFO - [2023-03-14T14:06:11.012+0000] {dag.py:3441} INFO - Setting next_dagrun for example_branch_datetime_operator to 2023-03-13T00:00:00+00:00, run_after=2023-03-14T00:00:00+00:00
[2023-03-14T14:06:11.019+0000] {logging_mixin.py:137} INFO - [2023-03-14T14:06:11.019+0000] {dag.py:3441} INFO - Setting next_dagrun for example_branch_datetime_operator_2 to 2023-03-13T00:00:00+00:00, run_after=2023-03-14T00:00:00+00:00
[2023-03-14T14:06:11.022+0000] {logging_mixin.py:137} INFO - [2023-03-14T14:06:11.022+0000] {dag.py:3441} INFO - Setting next_dagrun for example_branch_datetime_operator_3 to 2023-03-13T00:00:00+00:00, run_after=2023-03-14T00:00:00+00:00
[2023-03-14T14:06:11.068+0000] {processor.py:175} INFO - Processing /home/airflow/.local/lib/python3.7/site-packages/airflow/example_dags/example_branch_datetime_operator.py took 0.207 seconds
[2023-03-14T14:06:41.934+0000] {processor.py:153} INFO - Started process (PID=2021) to work on /home/airflow/.local/lib/python3.7/site-packages/airflow/example_dags/example_branch_datetime_operator.py
[2023-03-14T14:06:41.935+0000] {processor.py:743} INFO - Processing file /home/airflow/.local/lib/python3.7/site-packages/airflow/example_dags/example_branch_datetime_operator.py for tasks to queue
[2023-03-14T14:06:41.936+0000] {logging_mixin.py:137} INFO - [2023-03-14T14:06:41.935+0000] {dagbag.py:538} INFO - Filling up the DagBag from /home/airflow/.local/lib/python3.7/site-packages/airflow/example_dags/example_branch_datetime_operator.py
[2023-03-14T14:06:41.961+0000] {processor.py:753} INFO - DAG(s) dict_keys(['example_branch_datetime_operator_2', 'example_branch_datetime_operator', 'example_branch_datetime_operator_3']) retrieved from /home/airflow/.local/lib/python3.7/site-packages/airflow/example_dags/example_branch_datetime_operator.py
[2023-03-14T14:06:42.011+0000] {logging_mixin.py:137} INFO - [2023-03-14T14:06:42.011+0000] {dag.py:2690} INFO - Sync 3 DAGs
[2023-03-14T14:06:42.051+0000] {logging_mixin.py:137} INFO - [2023-03-14T14:06:42.051+0000] {dag.py:3441} INFO - Setting next_dagrun for example_branch_datetime_operator to 2023-03-13T00:00:00+00:00, run_after=2023-03-14T00:00:00+00:00
[2023-03-14T14:06:42.058+0000] {logging_mixin.py:137} INFO - [2023-03-14T14:06:42.058+0000] {dag.py:3441} INFO - Setting next_dagrun for example_branch_datetime_operator_2 to 2023-03-13T00:00:00+00:00, run_after=2023-03-14T00:00:00+00:00
[2023-03-14T14:06:42.062+0000] {logging_mixin.py:137} INFO - [2023-03-14T14:06:42.062+0000] {dag.py:3441} INFO - Setting next_dagrun for example_branch_datetime_operator_3 to 2023-03-13T00:00:00+00:00, run_after=2023-03-14T00:00:00+00:00
[2023-03-14T14:06:42.089+0000] {processor.py:175} INFO - Processing /home/airflow/.local/lib/python3.7/site-packages/airflow/example_dags/example_branch_datetime_operator.py took 0.161 seconds
[2023-03-14T14:07:13.379+0000] {processor.py:153} INFO - Started process (PID=2235) to work on /home/airflow/.local/lib/python3.7/site-packages/airflow/example_dags/example_branch_datetime_operator.py
[2023-03-14T14:07:13.381+0000] {processor.py:743} INFO - Processing file /home/airflow/.local/lib/python3.7/site-packages/airflow/example_dags/example_branch_datetime_operator.py for tasks to queue
[2023-03-14T14:07:13.382+0000] {logging_mixin.py:137} INFO - [2023-03-14T14:07:13.382+0000] {dagbag.py:538} INFO - Filling up the DagBag from /home/airflow/.local/lib/python3.7/site-packages/airflow/example_dags/example_branch_datetime_operator.py
[2023-03-14T14:07:13.436+0000] {processor.py:753} INFO - DAG(s) dict_keys(['example_branch_datetime_operator', 'example_branch_datetime_operator_2', 'example_branch_datetime_operator_3']) retrieved from /home/airflow/.local/lib/python3.7/site-packages/airflow/example_dags/example_branch_datetime_operator.py
[2023-03-14T14:07:13.497+0000] {logging_mixin.py:137} INFO - [2023-03-14T14:07:13.497+0000] {dag.py:2690} INFO - Sync 3 DAGs
[2023-03-14T14:07:13.542+0000] {logging_mixin.py:137} INFO - [2023-03-14T14:07:13.541+0000] {dag.py:3441} INFO - Setting next_dagrun for example_branch_datetime_operator to 2023-03-13T00:00:00+00:00, run_after=2023-03-14T00:00:00+00:00
[2023-03-14T14:07:13.549+0000] {logging_mixin.py:137} INFO - [2023-03-14T14:07:13.549+0000] {dag.py:3441} INFO - Setting next_dagrun for example_branch_datetime_operator_2 to 2023-03-13T00:00:00+00:00, run_after=2023-03-14T00:00:00+00:00
[2023-03-14T14:07:13.553+0000] {logging_mixin.py:137} INFO - [2023-03-14T14:07:13.553+0000] {dag.py:3441} INFO - Setting next_dagrun for example_branch_datetime_operator_3 to 2023-03-13T00:00:00+00:00, run_after=2023-03-14T00:00:00+00:00
[2023-03-14T14:07:13.599+0000] {processor.py:175} INFO - Processing /home/airflow/.local/lib/python3.7/site-packages/airflow/example_dags/example_branch_datetime_operator.py took 0.225 seconds
[2023-03-14T14:07:43.663+0000] {processor.py:153} INFO - Started process (PID=2450) to work on /home/airflow/.local/lib/python3.7/site-packages/airflow/example_dags/example_branch_datetime_operator.py
[2023-03-14T14:07:43.664+0000] {processor.py:743} INFO - Processing file /home/airflow/.local/lib/python3.7/site-packages/airflow/example_dags/example_branch_datetime_operator.py for tasks to queue
[2023-03-14T14:07:43.665+0000] {logging_mixin.py:137} INFO - [2023-03-14T14:07:43.664+0000] {dagbag.py:538} INFO - Filling up the DagBag from /home/airflow/.local/lib/python3.7/site-packages/airflow/example_dags/example_branch_datetime_operator.py
[2023-03-14T14:07:43.693+0000] {processor.py:753} INFO - DAG(s) dict_keys(['example_branch_datetime_operator_3', 'example_branch_datetime_operator', 'example_branch_datetime_operator_2']) retrieved from /home/airflow/.local/lib/python3.7/site-packages/airflow/example_dags/example_branch_datetime_operator.py
[2023-03-14T14:07:43.749+0000] {logging_mixin.py:137} INFO - [2023-03-14T14:07:43.749+0000] {dag.py:2690} INFO - Sync 3 DAGs
[2023-03-14T14:07:43.791+0000] {logging_mixin.py:137} INFO - [2023-03-14T14:07:43.791+0000] {dag.py:3441} INFO - Setting next_dagrun for example_branch_datetime_operator to 2023-03-13T00:00:00+00:00, run_after=2023-03-14T00:00:00+00:00
[2023-03-14T14:07:43.798+0000] {logging_mixin.py:137} INFO - [2023-03-14T14:07:43.798+0000] {dag.py:3441} INFO - Setting next_dagrun for example_branch_datetime_operator_2 to 2023-03-13T00:00:00+00:00, run_after=2023-03-14T00:00:00+00:00
[2023-03-14T14:07:43.803+0000] {logging_mixin.py:137} INFO - [2023-03-14T14:07:43.802+0000] {dag.py:3441} INFO - Setting next_dagrun for example_branch_datetime_operator_3 to 2023-03-13T00:00:00+00:00, run_after=2023-03-14T00:00:00+00:00
[2023-03-14T14:07:43.836+0000] {processor.py:175} INFO - Processing /home/airflow/.local/lib/python3.7/site-packages/airflow/example_dags/example_branch_datetime_operator.py took 0.179 seconds
[2023-03-14T14:08:14.533+0000] {processor.py:153} INFO - Started process (PID=2672) to work on /home/airflow/.local/lib/python3.7/site-packages/airflow/example_dags/example_branch_datetime_operator.py
[2023-03-14T14:08:14.541+0000] {processor.py:743} INFO - Processing file /home/airflow/.local/lib/python3.7/site-packages/airflow/example_dags/example_branch_datetime_operator.py for tasks to queue
[2023-03-14T14:08:14.541+0000] {logging_mixin.py:137} INFO - [2023-03-14T14:08:14.541+0000] {dagbag.py:538} INFO - Filling up the DagBag from /home/airflow/.local/lib/python3.7/site-packages/airflow/example_dags/example_branch_datetime_operator.py
[2023-03-14T14:08:14.586+0000] {processor.py:753} INFO - DAG(s) dict_keys(['example_branch_datetime_operator_2', 'example_branch_datetime_operator_3', 'example_branch_datetime_operator']) retrieved from /home/airflow/.local/lib/python3.7/site-packages/airflow/example_dags/example_branch_datetime_operator.py
[2023-03-14T14:08:14.687+0000] {logging_mixin.py:137} INFO - [2023-03-14T14:08:14.685+0000] {dag.py:2690} INFO - Sync 3 DAGs
[2023-03-14T14:08:14.816+0000] {logging_mixin.py:137} INFO - [2023-03-14T14:08:14.816+0000] {dag.py:3441} INFO - Setting next_dagrun for example_branch_datetime_operator to 2023-03-13T00:00:00+00:00, run_after=2023-03-14T00:00:00+00:00
[2023-03-14T14:08:14.825+0000] {logging_mixin.py:137} INFO - [2023-03-14T14:08:14.825+0000] {dag.py:3441} INFO - Setting next_dagrun for example_branch_datetime_operator_2 to 2023-03-13T00:00:00+00:00, run_after=2023-03-14T00:00:00+00:00
[2023-03-14T14:08:14.832+0000] {logging_mixin.py:137} INFO - [2023-03-14T14:08:14.832+0000] {dag.py:3441} INFO - Setting next_dagrun for example_branch_datetime_operator_3 to 2023-03-13T00:00:00+00:00, run_after=2023-03-14T00:00:00+00:00
[2023-03-14T14:08:14.888+0000] {processor.py:175} INFO - Processing /home/airflow/.local/lib/python3.7/site-packages/airflow/example_dags/example_branch_datetime_operator.py took 0.364 seconds
[2023-03-14T14:08:45.421+0000] {processor.py:153} INFO - Started process (PID=2889) to work on /home/airflow/.local/lib/python3.7/site-packages/airflow/example_dags/example_branch_datetime_operator.py
[2023-03-14T14:08:45.427+0000] {processor.py:743} INFO - Processing file /home/airflow/.local/lib/python3.7/site-packages/airflow/example_dags/example_branch_datetime_operator.py for tasks to queue
[2023-03-14T14:08:45.429+0000] {logging_mixin.py:137} INFO - [2023-03-14T14:08:45.429+0000] {dagbag.py:538} INFO - Filling up the DagBag from /home/airflow/.local/lib/python3.7/site-packages/airflow/example_dags/example_branch_datetime_operator.py
[2023-03-14T14:08:45.464+0000] {processor.py:753} INFO - DAG(s) dict_keys(['example_branch_datetime_operator_3', 'example_branch_datetime_operator_2', 'example_branch_datetime_operator']) retrieved from /home/airflow/.local/lib/python3.7/site-packages/airflow/example_dags/example_branch_datetime_operator.py
[2023-03-14T14:08:45.536+0000] {logging_mixin.py:137} INFO - [2023-03-14T14:08:45.536+0000] {dag.py:2690} INFO - Sync 3 DAGs
[2023-03-14T14:08:45.633+0000] {logging_mixin.py:137} INFO - [2023-03-14T14:08:45.633+0000] {dag.py:3441} INFO - Setting next_dagrun for example_branch_datetime_operator to 2023-03-13T00:00:00+00:00, run_after=2023-03-14T00:00:00+00:00
[2023-03-14T14:08:45.648+0000] {logging_mixin.py:137} INFO - [2023-03-14T14:08:45.648+0000] {dag.py:3441} INFO - Setting next_dagrun for example_branch_datetime_operator_2 to 2023-03-13T00:00:00+00:00, run_after=2023-03-14T00:00:00+00:00
[2023-03-14T14:08:45.652+0000] {logging_mixin.py:137} INFO - [2023-03-14T14:08:45.652+0000] {dag.py:3441} INFO - Setting next_dagrun for example_branch_datetime_operator_3 to 2023-03-13T00:00:00+00:00, run_after=2023-03-14T00:00:00+00:00
[2023-03-14T14:08:45.697+0000] {processor.py:175} INFO - Processing /home/airflow/.local/lib/python3.7/site-packages/airflow/example_dags/example_branch_datetime_operator.py took 0.291 seconds
[2023-03-14T14:09:17.468+0000] {processor.py:153} INFO - Started process (PID=3130) to work on /home/airflow/.local/lib/python3.7/site-packages/airflow/example_dags/example_branch_datetime_operator.py
[2023-03-14T14:09:17.486+0000] {processor.py:743} INFO - Processing file /home/airflow/.local/lib/python3.7/site-packages/airflow/example_dags/example_branch_datetime_operator.py for tasks to queue
[2023-03-14T14:09:17.498+0000] {logging_mixin.py:137} INFO - [2023-03-14T14:09:17.498+0000] {dagbag.py:538} INFO - Filling up the DagBag from /home/airflow/.local/lib/python3.7/site-packages/airflow/example_dags/example_branch_datetime_operator.py
[2023-03-14T14:09:17.671+0000] {processor.py:753} INFO - DAG(s) dict_keys(['example_branch_datetime_operator_3', 'example_branch_datetime_operator_2', 'example_branch_datetime_operator']) retrieved from /home/airflow/.local/lib/python3.7/site-packages/airflow/example_dags/example_branch_datetime_operator.py
[2023-03-14T14:09:18.081+0000] {logging_mixin.py:137} INFO - [2023-03-14T14:09:18.081+0000] {dag.py:2690} INFO - Sync 3 DAGs
[2023-03-14T14:09:18.309+0000] {logging_mixin.py:137} INFO - [2023-03-14T14:09:18.309+0000] {dag.py:3441} INFO - Setting next_dagrun for example_branch_datetime_operator to 2023-03-13T00:00:00+00:00, run_after=2023-03-14T00:00:00+00:00
[2023-03-14T14:09:18.343+0000] {logging_mixin.py:137} INFO - [2023-03-14T14:09:18.343+0000] {dag.py:3441} INFO - Setting next_dagrun for example_branch_datetime_operator_2 to 2023-03-13T00:00:00+00:00, run_after=2023-03-14T00:00:00+00:00
[2023-03-14T14:09:18.355+0000] {logging_mixin.py:137} INFO - [2023-03-14T14:09:18.355+0000] {dag.py:3441} INFO - Setting next_dagrun for example_branch_datetime_operator_3 to 2023-03-13T00:00:00+00:00, run_after=2023-03-14T00:00:00+00:00
[2023-03-14T14:09:18.464+0000] {processor.py:175} INFO - Processing /home/airflow/.local/lib/python3.7/site-packages/airflow/example_dags/example_branch_datetime_operator.py took 1.026 seconds
[2023-03-14T14:09:48.819+0000] {processor.py:153} INFO - Started process (PID=3353) to work on /home/airflow/.local/lib/python3.7/site-packages/airflow/example_dags/example_branch_datetime_operator.py
[2023-03-14T14:09:48.821+0000] {processor.py:743} INFO - Processing file /home/airflow/.local/lib/python3.7/site-packages/airflow/example_dags/example_branch_datetime_operator.py for tasks to queue
[2023-03-14T14:09:48.830+0000] {logging_mixin.py:137} INFO - [2023-03-14T14:09:48.830+0000] {dagbag.py:538} INFO - Filling up the DagBag from /home/airflow/.local/lib/python3.7/site-packages/airflow/example_dags/example_branch_datetime_operator.py
[2023-03-14T14:09:48.889+0000] {processor.py:753} INFO - DAG(s) dict_keys(['example_branch_datetime_operator', 'example_branch_datetime_operator_3', 'example_branch_datetime_operator_2']) retrieved from /home/airflow/.local/lib/python3.7/site-packages/airflow/example_dags/example_branch_datetime_operator.py
[2023-03-14T14:09:49.141+0000] {logging_mixin.py:137} INFO - [2023-03-14T14:09:49.141+0000] {dag.py:2690} INFO - Sync 3 DAGs
[2023-03-14T14:09:49.463+0000] {logging_mixin.py:137} INFO - [2023-03-14T14:09:49.463+0000] {dag.py:3441} INFO - Setting next_dagrun for example_branch_datetime_operator to 2023-03-13T00:00:00+00:00, run_after=2023-03-14T00:00:00+00:00
[2023-03-14T14:09:49.479+0000] {logging_mixin.py:137} INFO - [2023-03-14T14:09:49.479+0000] {dag.py:3441} INFO - Setting next_dagrun for example_branch_datetime_operator_2 to 2023-03-13T00:00:00+00:00, run_after=2023-03-14T00:00:00+00:00
[2023-03-14T14:09:49.492+0000] {logging_mixin.py:137} INFO - [2023-03-14T14:09:49.492+0000] {dag.py:3441} INFO - Setting next_dagrun for example_branch_datetime_operator_3 to 2023-03-13T00:00:00+00:00, run_after=2023-03-14T00:00:00+00:00
[2023-03-14T14:09:49.548+0000] {processor.py:175} INFO - Processing /home/airflow/.local/lib/python3.7/site-packages/airflow/example_dags/example_branch_datetime_operator.py took 0.734 seconds
[2023-03-14T14:10:20.360+0000] {processor.py:153} INFO - Started process (PID=3572) to work on /home/airflow/.local/lib/python3.7/site-packages/airflow/example_dags/example_branch_datetime_operator.py
[2023-03-14T14:10:20.361+0000] {processor.py:743} INFO - Processing file /home/airflow/.local/lib/python3.7/site-packages/airflow/example_dags/example_branch_datetime_operator.py for tasks to queue
[2023-03-14T14:10:20.364+0000] {logging_mixin.py:137} INFO - [2023-03-14T14:10:20.362+0000] {dagbag.py:538} INFO - Filling up the DagBag from /home/airflow/.local/lib/python3.7/site-packages/airflow/example_dags/example_branch_datetime_operator.py
[2023-03-14T14:10:20.422+0000] {processor.py:753} INFO - DAG(s) dict_keys(['example_branch_datetime_operator', 'example_branch_datetime_operator_2', 'example_branch_datetime_operator_3']) retrieved from /home/airflow/.local/lib/python3.7/site-packages/airflow/example_dags/example_branch_datetime_operator.py
[2023-03-14T14:10:20.607+0000] {logging_mixin.py:137} INFO - [2023-03-14T14:10:20.607+0000] {dag.py:2690} INFO - Sync 3 DAGs
[2023-03-14T14:10:20.671+0000] {logging_mixin.py:137} INFO - [2023-03-14T14:10:20.667+0000] {dag.py:3441} INFO - Setting next_dagrun for example_branch_datetime_operator to 2023-03-13T00:00:00+00:00, run_after=2023-03-14T00:00:00+00:00
[2023-03-14T14:10:20.677+0000] {logging_mixin.py:137} INFO - [2023-03-14T14:10:20.677+0000] {dag.py:3441} INFO - Setting next_dagrun for example_branch_datetime_operator_2 to 2023-03-13T00:00:00+00:00, run_after=2023-03-14T00:00:00+00:00
[2023-03-14T14:10:20.683+0000] {logging_mixin.py:137} INFO - [2023-03-14T14:10:20.683+0000] {dag.py:3441} INFO - Setting next_dagrun for example_branch_datetime_operator_3 to 2023-03-13T00:00:00+00:00, run_after=2023-03-14T00:00:00+00:00
[2023-03-14T14:10:20.726+0000] {processor.py:175} INFO - Processing /home/airflow/.local/lib/python3.7/site-packages/airflow/example_dags/example_branch_datetime_operator.py took 0.385 seconds
[2023-03-14T14:10:50.850+0000] {processor.py:153} INFO - Started process (PID=3787) to work on /home/airflow/.local/lib/python3.7/site-packages/airflow/example_dags/example_branch_datetime_operator.py
[2023-03-14T14:10:50.861+0000] {processor.py:743} INFO - Processing file /home/airflow/.local/lib/python3.7/site-packages/airflow/example_dags/example_branch_datetime_operator.py for tasks to queue
[2023-03-14T14:10:50.863+0000] {logging_mixin.py:137} INFO - [2023-03-14T14:10:50.862+0000] {dagbag.py:538} INFO - Filling up the DagBag from /home/airflow/.local/lib/python3.7/site-packages/airflow/example_dags/example_branch_datetime_operator.py
[2023-03-14T14:10:50.916+0000] {processor.py:753} INFO - DAG(s) dict_keys(['example_branch_datetime_operator', 'example_branch_datetime_operator_3', 'example_branch_datetime_operator_2']) retrieved from /home/airflow/.local/lib/python3.7/site-packages/airflow/example_dags/example_branch_datetime_operator.py
[2023-03-14T14:10:51.024+0000] {logging_mixin.py:137} INFO - [2023-03-14T14:10:51.024+0000] {dag.py:2690} INFO - Sync 3 DAGs
[2023-03-14T14:10:51.089+0000] {logging_mixin.py:137} INFO - [2023-03-14T14:10:51.089+0000] {dag.py:3441} INFO - Setting next_dagrun for example_branch_datetime_operator to 2023-03-13T00:00:00+00:00, run_after=2023-03-14T00:00:00+00:00
[2023-03-14T14:10:51.101+0000] {logging_mixin.py:137} INFO - [2023-03-14T14:10:51.101+0000] {dag.py:3441} INFO - Setting next_dagrun for example_branch_datetime_operator_2 to 2023-03-13T00:00:00+00:00, run_after=2023-03-14T00:00:00+00:00
[2023-03-14T14:10:51.108+0000] {logging_mixin.py:137} INFO - [2023-03-14T14:10:51.108+0000] {dag.py:3441} INFO - Setting next_dagrun for example_branch_datetime_operator_3 to 2023-03-13T00:00:00+00:00, run_after=2023-03-14T00:00:00+00:00
[2023-03-14T14:10:51.189+0000] {processor.py:175} INFO - Processing /home/airflow/.local/lib/python3.7/site-packages/airflow/example_dags/example_branch_datetime_operator.py took 0.348 seconds
[2023-03-14T14:11:21.535+0000] {processor.py:153} INFO - Started process (PID=4001) to work on /home/airflow/.local/lib/python3.7/site-packages/airflow/example_dags/example_branch_datetime_operator.py
[2023-03-14T14:11:21.540+0000] {processor.py:743} INFO - Processing file /home/airflow/.local/lib/python3.7/site-packages/airflow/example_dags/example_branch_datetime_operator.py for tasks to queue
[2023-03-14T14:11:21.542+0000] {logging_mixin.py:137} INFO - [2023-03-14T14:11:21.541+0000] {dagbag.py:538} INFO - Filling up the DagBag from /home/airflow/.local/lib/python3.7/site-packages/airflow/example_dags/example_branch_datetime_operator.py
[2023-03-14T14:11:21.584+0000] {processor.py:753} INFO - DAG(s) dict_keys(['example_branch_datetime_operator_2', 'example_branch_datetime_operator_3', 'example_branch_datetime_operator']) retrieved from /home/airflow/.local/lib/python3.7/site-packages/airflow/example_dags/example_branch_datetime_operator.py
[2023-03-14T14:11:21.636+0000] {logging_mixin.py:137} INFO - [2023-03-14T14:11:21.636+0000] {dag.py:2690} INFO - Sync 3 DAGs
[2023-03-14T14:11:21.699+0000] {logging_mixin.py:137} INFO - [2023-03-14T14:11:21.699+0000] {dag.py:3441} INFO - Setting next_dagrun for example_branch_datetime_operator to 2023-03-13T00:00:00+00:00, run_after=2023-03-14T00:00:00+00:00
[2023-03-14T14:11:21.703+0000] {logging_mixin.py:137} INFO - [2023-03-14T14:11:21.703+0000] {dag.py:3441} INFO - Setting next_dagrun for example_branch_datetime_operator_2 to 2023-03-13T00:00:00+00:00, run_after=2023-03-14T00:00:00+00:00
[2023-03-14T14:11:21.707+0000] {logging_mixin.py:137} INFO - [2023-03-14T14:11:21.707+0000] {dag.py:3441} INFO - Setting next_dagrun for example_branch_datetime_operator_3 to 2023-03-13T00:00:00+00:00, run_after=2023-03-14T00:00:00+00:00
[2023-03-14T14:11:21.752+0000] {processor.py:175} INFO - Processing /home/airflow/.local/lib/python3.7/site-packages/airflow/example_dags/example_branch_datetime_operator.py took 0.222 seconds
[2023-03-14T14:11:51.862+0000] {processor.py:153} INFO - Started process (PID=4216) to work on /home/airflow/.local/lib/python3.7/site-packages/airflow/example_dags/example_branch_datetime_operator.py
[2023-03-14T14:11:51.863+0000] {processor.py:743} INFO - Processing file /home/airflow/.local/lib/python3.7/site-packages/airflow/example_dags/example_branch_datetime_operator.py for tasks to queue
[2023-03-14T14:11:51.864+0000] {logging_mixin.py:137} INFO - [2023-03-14T14:11:51.864+0000] {dagbag.py:538} INFO - Filling up the DagBag from /home/airflow/.local/lib/python3.7/site-packages/airflow/example_dags/example_branch_datetime_operator.py
[2023-03-14T14:11:51.902+0000] {processor.py:753} INFO - DAG(s) dict_keys(['example_branch_datetime_operator_3', 'example_branch_datetime_operator', 'example_branch_datetime_operator_2']) retrieved from /home/airflow/.local/lib/python3.7/site-packages/airflow/example_dags/example_branch_datetime_operator.py
[2023-03-14T14:11:52.005+0000] {logging_mixin.py:137} INFO - [2023-03-14T14:11:52.004+0000] {dag.py:2690} INFO - Sync 3 DAGs
[2023-03-14T14:11:52.125+0000] {logging_mixin.py:137} INFO - [2023-03-14T14:11:52.124+0000] {dag.py:3441} INFO - Setting next_dagrun for example_branch_datetime_operator to 2023-03-13T00:00:00+00:00, run_after=2023-03-14T00:00:00+00:00
[2023-03-14T14:11:52.141+0000] {logging_mixin.py:137} INFO - [2023-03-14T14:11:52.140+0000] {dag.py:3441} INFO - Setting next_dagrun for example_branch_datetime_operator_2 to 2023-03-13T00:00:00+00:00, run_after=2023-03-14T00:00:00+00:00
[2023-03-14T14:11:52.145+0000] {logging_mixin.py:137} INFO - [2023-03-14T14:11:52.145+0000] {dag.py:3441} INFO - Setting next_dagrun for example_branch_datetime_operator_3 to 2023-03-13T00:00:00+00:00, run_after=2023-03-14T00:00:00+00:00
[2023-03-14T14:11:52.250+0000] {processor.py:175} INFO - Processing /home/airflow/.local/lib/python3.7/site-packages/airflow/example_dags/example_branch_datetime_operator.py took 0.396 seconds
[2023-03-14T14:12:22.784+0000] {processor.py:153} INFO - Started process (PID=4431) to work on /home/airflow/.local/lib/python3.7/site-packages/airflow/example_dags/example_branch_datetime_operator.py
[2023-03-14T14:12:22.790+0000] {processor.py:743} INFO - Processing file /home/airflow/.local/lib/python3.7/site-packages/airflow/example_dags/example_branch_datetime_operator.py for tasks to queue
[2023-03-14T14:12:22.791+0000] {logging_mixin.py:137} INFO - [2023-03-14T14:12:22.791+0000] {dagbag.py:538} INFO - Filling up the DagBag from /home/airflow/.local/lib/python3.7/site-packages/airflow/example_dags/example_branch_datetime_operator.py
[2023-03-14T14:12:22.821+0000] {processor.py:753} INFO - DAG(s) dict_keys(['example_branch_datetime_operator_2', 'example_branch_datetime_operator_3', 'example_branch_datetime_operator']) retrieved from /home/airflow/.local/lib/python3.7/site-packages/airflow/example_dags/example_branch_datetime_operator.py
[2023-03-14T14:12:22.874+0000] {logging_mixin.py:137} INFO - [2023-03-14T14:12:22.874+0000] {dag.py:2690} INFO - Sync 3 DAGs
[2023-03-14T14:12:22.918+0000] {logging_mixin.py:137} INFO - [2023-03-14T14:12:22.917+0000] {dag.py:3441} INFO - Setting next_dagrun for example_branch_datetime_operator to 2023-03-13T00:00:00+00:00, run_after=2023-03-14T00:00:00+00:00
[2023-03-14T14:12:22.925+0000] {logging_mixin.py:137} INFO - [2023-03-14T14:12:22.925+0000] {dag.py:3441} INFO - Setting next_dagrun for example_branch_datetime_operator_2 to 2023-03-13T00:00:00+00:00, run_after=2023-03-14T00:00:00+00:00
[2023-03-14T14:12:22.929+0000] {logging_mixin.py:137} INFO - [2023-03-14T14:12:22.928+0000] {dag.py:3441} INFO - Setting next_dagrun for example_branch_datetime_operator_3 to 2023-03-13T00:00:00+00:00, run_after=2023-03-14T00:00:00+00:00
[2023-03-14T14:12:22.957+0000] {processor.py:175} INFO - Processing /home/airflow/.local/lib/python3.7/site-packages/airflow/example_dags/example_branch_datetime_operator.py took 0.178 seconds
[2023-03-14T14:12:53.018+0000] {processor.py:153} INFO - Started process (PID=4646) to work on /home/airflow/.local/lib/python3.7/site-packages/airflow/example_dags/example_branch_datetime_operator.py
[2023-03-14T14:12:53.019+0000] {processor.py:743} INFO - Processing file /home/airflow/.local/lib/python3.7/site-packages/airflow/example_dags/example_branch_datetime_operator.py for tasks to queue
[2023-03-14T14:12:53.020+0000] {logging_mixin.py:137} INFO - [2023-03-14T14:12:53.020+0000] {dagbag.py:538} INFO - Filling up the DagBag from /home/airflow/.local/lib/python3.7/site-packages/airflow/example_dags/example_branch_datetime_operator.py
[2023-03-14T14:12:53.088+0000] {processor.py:753} INFO - DAG(s) dict_keys(['example_branch_datetime_operator', 'example_branch_datetime_operator_2', 'example_branch_datetime_operator_3']) retrieved from /home/airflow/.local/lib/python3.7/site-packages/airflow/example_dags/example_branch_datetime_operator.py
[2023-03-14T14:12:53.157+0000] {logging_mixin.py:137} INFO - [2023-03-14T14:12:53.156+0000] {dag.py:2690} INFO - Sync 3 DAGs
[2023-03-14T14:12:53.202+0000] {logging_mixin.py:137} INFO - [2023-03-14T14:12:53.202+0000] {dag.py:3441} INFO - Setting next_dagrun for example_branch_datetime_operator to 2023-03-13T00:00:00+00:00, run_after=2023-03-14T00:00:00+00:00
[2023-03-14T14:12:53.209+0000] {logging_mixin.py:137} INFO - [2023-03-14T14:12:53.209+0000] {dag.py:3441} INFO - Setting next_dagrun for example_branch_datetime_operator_2 to 2023-03-13T00:00:00+00:00, run_after=2023-03-14T00:00:00+00:00
[2023-03-14T14:12:53.213+0000] {logging_mixin.py:137} INFO - [2023-03-14T14:12:53.213+0000] {dag.py:3441} INFO - Setting next_dagrun for example_branch_datetime_operator_3 to 2023-03-13T00:00:00+00:00, run_after=2023-03-14T00:00:00+00:00
[2023-03-14T14:12:53.255+0000] {processor.py:175} INFO - Processing /home/airflow/.local/lib/python3.7/site-packages/airflow/example_dags/example_branch_datetime_operator.py took 0.243 seconds
[2023-03-14T14:13:23.956+0000] {processor.py:153} INFO - Started process (PID=4861) to work on /home/airflow/.local/lib/python3.7/site-packages/airflow/example_dags/example_branch_datetime_operator.py
[2023-03-14T14:13:23.972+0000] {processor.py:743} INFO - Processing file /home/airflow/.local/lib/python3.7/site-packages/airflow/example_dags/example_branch_datetime_operator.py for tasks to queue
[2023-03-14T14:13:23.973+0000] {logging_mixin.py:137} INFO - [2023-03-14T14:13:23.973+0000] {dagbag.py:538} INFO - Filling up the DagBag from /home/airflow/.local/lib/python3.7/site-packages/airflow/example_dags/example_branch_datetime_operator.py
[2023-03-14T14:13:24.056+0000] {processor.py:753} INFO - DAG(s) dict_keys(['example_branch_datetime_operator', 'example_branch_datetime_operator_2', 'example_branch_datetime_operator_3']) retrieved from /home/airflow/.local/lib/python3.7/site-packages/airflow/example_dags/example_branch_datetime_operator.py
[2023-03-14T14:13:24.132+0000] {logging_mixin.py:137} INFO - [2023-03-14T14:13:24.132+0000] {dag.py:2690} INFO - Sync 3 DAGs
[2023-03-14T14:13:24.179+0000] {logging_mixin.py:137} INFO - [2023-03-14T14:13:24.179+0000] {dag.py:3441} INFO - Setting next_dagrun for example_branch_datetime_operator to 2023-03-13T00:00:00+00:00, run_after=2023-03-14T00:00:00+00:00
[2023-03-14T14:13:24.188+0000] {logging_mixin.py:137} INFO - [2023-03-14T14:13:24.188+0000] {dag.py:3441} INFO - Setting next_dagrun for example_branch_datetime_operator_2 to 2023-03-13T00:00:00+00:00, run_after=2023-03-14T00:00:00+00:00
[2023-03-14T14:13:24.192+0000] {logging_mixin.py:137} INFO - [2023-03-14T14:13:24.192+0000] {dag.py:3441} INFO - Setting next_dagrun for example_branch_datetime_operator_3 to 2023-03-13T00:00:00+00:00, run_after=2023-03-14T00:00:00+00:00
[2023-03-14T14:13:24.252+0000] {processor.py:175} INFO - Processing /home/airflow/.local/lib/python3.7/site-packages/airflow/example_dags/example_branch_datetime_operator.py took 0.308 seconds
[2023-03-14T14:13:54.568+0000] {processor.py:153} INFO - Started process (PID=5075) to work on /home/airflow/.local/lib/python3.7/site-packages/airflow/example_dags/example_branch_datetime_operator.py
[2023-03-14T14:13:54.570+0000] {processor.py:743} INFO - Processing file /home/airflow/.local/lib/python3.7/site-packages/airflow/example_dags/example_branch_datetime_operator.py for tasks to queue
[2023-03-14T14:13:54.571+0000] {logging_mixin.py:137} INFO - [2023-03-14T14:13:54.571+0000] {dagbag.py:538} INFO - Filling up the DagBag from /home/airflow/.local/lib/python3.7/site-packages/airflow/example_dags/example_branch_datetime_operator.py
[2023-03-14T14:13:54.600+0000] {processor.py:753} INFO - DAG(s) dict_keys(['example_branch_datetime_operator', 'example_branch_datetime_operator_3', 'example_branch_datetime_operator_2']) retrieved from /home/airflow/.local/lib/python3.7/site-packages/airflow/example_dags/example_branch_datetime_operator.py
[2023-03-14T14:13:54.739+0000] {logging_mixin.py:137} INFO - [2023-03-14T14:13:54.739+0000] {dag.py:2690} INFO - Sync 3 DAGs
[2023-03-14T14:13:54.834+0000] {logging_mixin.py:137} INFO - [2023-03-14T14:13:54.833+0000] {dag.py:3441} INFO - Setting next_dagrun for example_branch_datetime_operator to 2023-03-13T00:00:00+00:00, run_after=2023-03-14T00:00:00+00:00
[2023-03-14T14:13:54.871+0000] {logging_mixin.py:137} INFO - [2023-03-14T14:13:54.871+0000] {dag.py:3441} INFO - Setting next_dagrun for example_branch_datetime_operator_2 to 2023-03-13T00:00:00+00:00, run_after=2023-03-14T00:00:00+00:00
[2023-03-14T14:13:54.882+0000] {logging_mixin.py:137} INFO - [2023-03-14T14:13:54.879+0000] {dag.py:3441} INFO - Setting next_dagrun for example_branch_datetime_operator_3 to 2023-03-13T00:00:00+00:00, run_after=2023-03-14T00:00:00+00:00
[2023-03-14T14:13:54.933+0000] {processor.py:175} INFO - Processing /home/airflow/.local/lib/python3.7/site-packages/airflow/example_dags/example_branch_datetime_operator.py took 0.382 seconds
[2023-03-14T14:14:25.652+0000] {processor.py:153} INFO - Started process (PID=5291) to work on /home/airflow/.local/lib/python3.7/site-packages/airflow/example_dags/example_branch_datetime_operator.py
[2023-03-14T14:14:25.655+0000] {processor.py:743} INFO - Processing file /home/airflow/.local/lib/python3.7/site-packages/airflow/example_dags/example_branch_datetime_operator.py for tasks to queue
[2023-03-14T14:14:25.656+0000] {logging_mixin.py:137} INFO - [2023-03-14T14:14:25.655+0000] {dagbag.py:538} INFO - Filling up the DagBag from /home/airflow/.local/lib/python3.7/site-packages/airflow/example_dags/example_branch_datetime_operator.py
[2023-03-14T14:14:25.701+0000] {processor.py:753} INFO - DAG(s) dict_keys(['example_branch_datetime_operator_2', 'example_branch_datetime_operator', 'example_branch_datetime_operator_3']) retrieved from /home/airflow/.local/lib/python3.7/site-packages/airflow/example_dags/example_branch_datetime_operator.py
[2023-03-14T14:14:25.751+0000] {logging_mixin.py:137} INFO - [2023-03-14T14:14:25.751+0000] {dag.py:2690} INFO - Sync 3 DAGs
[2023-03-14T14:14:25.793+0000] {logging_mixin.py:137} INFO - [2023-03-14T14:14:25.793+0000] {dag.py:3441} INFO - Setting next_dagrun for example_branch_datetime_operator to 2023-03-13T00:00:00+00:00, run_after=2023-03-14T00:00:00+00:00
[2023-03-14T14:14:25.800+0000] {logging_mixin.py:137} INFO - [2023-03-14T14:14:25.800+0000] {dag.py:3441} INFO - Setting next_dagrun for example_branch_datetime_operator_2 to 2023-03-13T00:00:00+00:00, run_after=2023-03-14T00:00:00+00:00
[2023-03-14T14:14:25.804+0000] {logging_mixin.py:137} INFO - [2023-03-14T14:14:25.804+0000] {dag.py:3441} INFO - Setting next_dagrun for example_branch_datetime_operator_3 to 2023-03-13T00:00:00+00:00, run_after=2023-03-14T00:00:00+00:00
[2023-03-14T14:14:25.838+0000] {processor.py:175} INFO - Processing /home/airflow/.local/lib/python3.7/site-packages/airflow/example_dags/example_branch_datetime_operator.py took 0.190 seconds
[2023-03-14T14:14:56.343+0000] {processor.py:153} INFO - Started process (PID=5516) to work on /home/airflow/.local/lib/python3.7/site-packages/airflow/example_dags/example_branch_datetime_operator.py
[2023-03-14T14:14:56.346+0000] {processor.py:743} INFO - Processing file /home/airflow/.local/lib/python3.7/site-packages/airflow/example_dags/example_branch_datetime_operator.py for tasks to queue
[2023-03-14T14:14:56.347+0000] {logging_mixin.py:137} INFO - [2023-03-14T14:14:56.347+0000] {dagbag.py:538} INFO - Filling up the DagBag from /home/airflow/.local/lib/python3.7/site-packages/airflow/example_dags/example_branch_datetime_operator.py
[2023-03-14T14:14:56.436+0000] {processor.py:753} INFO - DAG(s) dict_keys(['example_branch_datetime_operator_2', 'example_branch_datetime_operator_3', 'example_branch_datetime_operator']) retrieved from /home/airflow/.local/lib/python3.7/site-packages/airflow/example_dags/example_branch_datetime_operator.py
[2023-03-14T14:14:56.639+0000] {logging_mixin.py:137} INFO - [2023-03-14T14:14:56.639+0000] {dag.py:2690} INFO - Sync 3 DAGs
[2023-03-14T14:14:56.751+0000] {logging_mixin.py:137} INFO - [2023-03-14T14:14:56.751+0000] {dag.py:3441} INFO - Setting next_dagrun for example_branch_datetime_operator to 2023-03-13T00:00:00+00:00, run_after=2023-03-14T00:00:00+00:00
[2023-03-14T14:14:56.778+0000] {logging_mixin.py:137} INFO - [2023-03-14T14:14:56.778+0000] {dag.py:3441} INFO - Setting next_dagrun for example_branch_datetime_operator_2 to 2023-03-13T00:00:00+00:00, run_after=2023-03-14T00:00:00+00:00
[2023-03-14T14:14:56.795+0000] {logging_mixin.py:137} INFO - [2023-03-14T14:14:56.794+0000] {dag.py:3441} INFO - Setting next_dagrun for example_branch_datetime_operator_3 to 2023-03-13T00:00:00+00:00, run_after=2023-03-14T00:00:00+00:00
[2023-03-14T14:14:56.919+0000] {processor.py:175} INFO - Processing /home/airflow/.local/lib/python3.7/site-packages/airflow/example_dags/example_branch_datetime_operator.py took 0.581 seconds
[2023-03-14T14:15:27.213+0000] {processor.py:153} INFO - Started process (PID=5729) to work on /home/airflow/.local/lib/python3.7/site-packages/airflow/example_dags/example_branch_datetime_operator.py
[2023-03-14T14:15:27.214+0000] {processor.py:743} INFO - Processing file /home/airflow/.local/lib/python3.7/site-packages/airflow/example_dags/example_branch_datetime_operator.py for tasks to queue
[2023-03-14T14:15:27.215+0000] {logging_mixin.py:137} INFO - [2023-03-14T14:15:27.215+0000] {dagbag.py:538} INFO - Filling up the DagBag from /home/airflow/.local/lib/python3.7/site-packages/airflow/example_dags/example_branch_datetime_operator.py
[2023-03-14T14:15:27.274+0000] {processor.py:753} INFO - DAG(s) dict_keys(['example_branch_datetime_operator_3', 'example_branch_datetime_operator', 'example_branch_datetime_operator_2']) retrieved from /home/airflow/.local/lib/python3.7/site-packages/airflow/example_dags/example_branch_datetime_operator.py
[2023-03-14T14:15:27.381+0000] {logging_mixin.py:137} INFO - [2023-03-14T14:15:27.380+0000] {dag.py:2690} INFO - Sync 3 DAGs
[2023-03-14T14:15:27.511+0000] {logging_mixin.py:137} INFO - [2023-03-14T14:15:27.511+0000] {dag.py:3441} INFO - Setting next_dagrun for example_branch_datetime_operator to 2023-03-13T00:00:00+00:00, run_after=2023-03-14T00:00:00+00:00
[2023-03-14T14:15:27.556+0000] {logging_mixin.py:137} INFO - [2023-03-14T14:15:27.555+0000] {dag.py:3441} INFO - Setting next_dagrun for example_branch_datetime_operator_2 to 2023-03-13T00:00:00+00:00, run_after=2023-03-14T00:00:00+00:00
[2023-03-14T14:15:27.563+0000] {logging_mixin.py:137} INFO - [2023-03-14T14:15:27.563+0000] {dag.py:3441} INFO - Setting next_dagrun for example_branch_datetime_operator_3 to 2023-03-13T00:00:00+00:00, run_after=2023-03-14T00:00:00+00:00
[2023-03-14T14:15:27.624+0000] {processor.py:175} INFO - Processing /home/airflow/.local/lib/python3.7/site-packages/airflow/example_dags/example_branch_datetime_operator.py took 0.419 seconds
