[2023-03-14T14:02:26.059+0000] {processor.py:153} INFO - Started process (PID=204) to work on /home/airflow/.local/lib/python3.7/site-packages/airflow/example_dags/example_short_circuit_decorator.py
[2023-03-14T14:02:26.061+0000] {processor.py:743} INFO - Processing file /home/airflow/.local/lib/python3.7/site-packages/airflow/example_dags/example_short_circuit_decorator.py for tasks to queue
[2023-03-14T14:02:26.062+0000] {logging_mixin.py:137} INFO - [2023-03-14T14:02:26.062+0000] {dagbag.py:538} INFO - Filling up the DagBag from /home/airflow/.local/lib/python3.7/site-packages/airflow/example_dags/example_short_circuit_decorator.py
[2023-03-14T14:02:26.099+0000] {processor.py:753} INFO - DAG(s) dict_keys(['example_short_circuit_decorator']) retrieved from /home/airflow/.local/lib/python3.7/site-packages/airflow/example_dags/example_short_circuit_decorator.py
[2023-03-14T14:02:26.131+0000] {logging_mixin.py:137} INFO - [2023-03-14T14:02:26.131+0000] {dag.py:2690} INFO - Sync 1 DAGs
[2023-03-14T14:02:26.163+0000] {logging_mixin.py:137} INFO - [2023-03-14T14:02:26.163+0000] {dag.py:3441} INFO - Setting next_dagrun for example_short_circuit_decorator to 2023-03-13T14:02:26.163050+00:00, run_after=2023-03-14T14:02:26.163050+00:00
[2023-03-14T14:02:26.195+0000] {processor.py:175} INFO - Processing /home/airflow/.local/lib/python3.7/site-packages/airflow/example_dags/example_short_circuit_decorator.py took 0.139 seconds
[2023-03-14T14:02:56.710+0000] {processor.py:153} INFO - Started process (PID=416) to work on /home/airflow/.local/lib/python3.7/site-packages/airflow/example_dags/example_short_circuit_decorator.py
[2023-03-14T14:02:56.717+0000] {processor.py:743} INFO - Processing file /home/airflow/.local/lib/python3.7/site-packages/airflow/example_dags/example_short_circuit_decorator.py for tasks to queue
[2023-03-14T14:02:56.718+0000] {logging_mixin.py:137} INFO - [2023-03-14T14:02:56.718+0000] {dagbag.py:538} INFO - Filling up the DagBag from /home/airflow/.local/lib/python3.7/site-packages/airflow/example_dags/example_short_circuit_decorator.py
[2023-03-14T14:02:56.899+0000] {processor.py:753} INFO - DAG(s) dict_keys(['example_short_circuit_decorator']) retrieved from /home/airflow/.local/lib/python3.7/site-packages/airflow/example_dags/example_short_circuit_decorator.py
[2023-03-14T14:02:57.138+0000] {logging_mixin.py:137} INFO - [2023-03-14T14:02:57.138+0000] {dag.py:2690} INFO - Sync 1 DAGs
[2023-03-14T14:02:57.337+0000] {logging_mixin.py:137} INFO - [2023-03-14T14:02:57.329+0000] {dag.py:3441} INFO - Setting next_dagrun for example_short_circuit_decorator to 2023-03-13T14:02:57.329375+00:00, run_after=2023-03-14T14:02:57.329375+00:00
[2023-03-14T14:02:57.457+0000] {processor.py:175} INFO - Processing /home/airflow/.local/lib/python3.7/site-packages/airflow/example_dags/example_short_circuit_decorator.py took 0.752 seconds
[2023-03-14T14:03:28.466+0000] {processor.py:153} INFO - Started process (PID=633) to work on /home/airflow/.local/lib/python3.7/site-packages/airflow/example_dags/example_short_circuit_decorator.py
[2023-03-14T14:03:28.471+0000] {processor.py:743} INFO - Processing file /home/airflow/.local/lib/python3.7/site-packages/airflow/example_dags/example_short_circuit_decorator.py for tasks to queue
[2023-03-14T14:03:28.481+0000] {logging_mixin.py:137} INFO - [2023-03-14T14:03:28.481+0000] {dagbag.py:538} INFO - Filling up the DagBag from /home/airflow/.local/lib/python3.7/site-packages/airflow/example_dags/example_short_circuit_decorator.py
[2023-03-14T14:03:28.562+0000] {processor.py:753} INFO - DAG(s) dict_keys(['example_short_circuit_decorator']) retrieved from /home/airflow/.local/lib/python3.7/site-packages/airflow/example_dags/example_short_circuit_decorator.py
[2023-03-14T14:03:28.637+0000] {logging_mixin.py:137} INFO - [2023-03-14T14:03:28.637+0000] {dag.py:2690} INFO - Sync 1 DAGs
[2023-03-14T14:03:28.717+0000] {logging_mixin.py:137} INFO - [2023-03-14T14:03:28.717+0000] {dag.py:3441} INFO - Setting next_dagrun for example_short_circuit_decorator to 2023-03-13T14:03:28.717261+00:00, run_after=2023-03-14T14:03:28.717261+00:00
[2023-03-14T14:03:28.765+0000] {processor.py:175} INFO - Processing /home/airflow/.local/lib/python3.7/site-packages/airflow/example_dags/example_short_circuit_decorator.py took 0.304 seconds
[2023-03-14T14:03:59.378+0000] {processor.py:153} INFO - Started process (PID=856) to work on /home/airflow/.local/lib/python3.7/site-packages/airflow/example_dags/example_short_circuit_decorator.py
[2023-03-14T14:03:59.387+0000] {processor.py:743} INFO - Processing file /home/airflow/.local/lib/python3.7/site-packages/airflow/example_dags/example_short_circuit_decorator.py for tasks to queue
[2023-03-14T14:03:59.397+0000] {logging_mixin.py:137} INFO - [2023-03-14T14:03:59.397+0000] {dagbag.py:538} INFO - Filling up the DagBag from /home/airflow/.local/lib/python3.7/site-packages/airflow/example_dags/example_short_circuit_decorator.py
[2023-03-14T14:03:59.454+0000] {processor.py:753} INFO - DAG(s) dict_keys(['example_short_circuit_decorator']) retrieved from /home/airflow/.local/lib/python3.7/site-packages/airflow/example_dags/example_short_circuit_decorator.py
[2023-03-14T14:03:59.540+0000] {logging_mixin.py:137} INFO - [2023-03-14T14:03:59.539+0000] {dag.py:2690} INFO - Sync 1 DAGs
[2023-03-14T14:03:59.613+0000] {logging_mixin.py:137} INFO - [2023-03-14T14:03:59.613+0000] {dag.py:3441} INFO - Setting next_dagrun for example_short_circuit_decorator to 2023-03-13T14:03:59.613250+00:00, run_after=2023-03-14T14:03:59.613250+00:00
[2023-03-14T14:03:59.681+0000] {processor.py:175} INFO - Processing /home/airflow/.local/lib/python3.7/site-packages/airflow/example_dags/example_short_circuit_decorator.py took 0.320 seconds
[2023-03-14T14:04:30.144+0000] {processor.py:153} INFO - Started process (PID=1068) to work on /home/airflow/.local/lib/python3.7/site-packages/airflow/example_dags/example_short_circuit_decorator.py
[2023-03-14T14:04:30.149+0000] {processor.py:743} INFO - Processing file /home/airflow/.local/lib/python3.7/site-packages/airflow/example_dags/example_short_circuit_decorator.py for tasks to queue
[2023-03-14T14:04:30.151+0000] {logging_mixin.py:137} INFO - [2023-03-14T14:04:30.151+0000] {dagbag.py:538} INFO - Filling up the DagBag from /home/airflow/.local/lib/python3.7/site-packages/airflow/example_dags/example_short_circuit_decorator.py
[2023-03-14T14:04:30.257+0000] {processor.py:753} INFO - DAG(s) dict_keys(['example_short_circuit_decorator']) retrieved from /home/airflow/.local/lib/python3.7/site-packages/airflow/example_dags/example_short_circuit_decorator.py
[2023-03-14T14:04:30.299+0000] {logging_mixin.py:137} INFO - [2023-03-14T14:04:30.298+0000] {dag.py:2690} INFO - Sync 1 DAGs
[2023-03-14T14:04:30.340+0000] {logging_mixin.py:137} INFO - [2023-03-14T14:04:30.340+0000] {dag.py:3441} INFO - Setting next_dagrun for example_short_circuit_decorator to 2023-03-13T14:04:30.339888+00:00, run_after=2023-03-14T14:04:30.339888+00:00
[2023-03-14T14:04:30.374+0000] {processor.py:175} INFO - Processing /home/airflow/.local/lib/python3.7/site-packages/airflow/example_dags/example_short_circuit_decorator.py took 0.235 seconds
[2023-03-14T14:05:01.179+0000] {processor.py:153} INFO - Started process (PID=1285) to work on /home/airflow/.local/lib/python3.7/site-packages/airflow/example_dags/example_short_circuit_decorator.py
[2023-03-14T14:05:01.181+0000] {processor.py:743} INFO - Processing file /home/airflow/.local/lib/python3.7/site-packages/airflow/example_dags/example_short_circuit_decorator.py for tasks to queue
[2023-03-14T14:05:01.182+0000] {logging_mixin.py:137} INFO - [2023-03-14T14:05:01.182+0000] {dagbag.py:538} INFO - Filling up the DagBag from /home/airflow/.local/lib/python3.7/site-packages/airflow/example_dags/example_short_circuit_decorator.py
[2023-03-14T14:05:01.486+0000] {processor.py:753} INFO - DAG(s) dict_keys(['example_short_circuit_decorator']) retrieved from /home/airflow/.local/lib/python3.7/site-packages/airflow/example_dags/example_short_circuit_decorator.py
[2023-03-14T14:05:01.836+0000] {logging_mixin.py:137} INFO - [2023-03-14T14:05:01.833+0000] {dag.py:2690} INFO - Sync 1 DAGs
[2023-03-14T14:05:02.178+0000] {logging_mixin.py:137} INFO - [2023-03-14T14:05:02.177+0000] {dag.py:3441} INFO - Setting next_dagrun for example_short_circuit_decorator to 2023-03-13T14:05:02.177569+00:00, run_after=2023-03-14T14:05:02.177569+00:00
[2023-03-14T14:05:02.303+0000] {processor.py:175} INFO - Processing /home/airflow/.local/lib/python3.7/site-packages/airflow/example_dags/example_short_circuit_decorator.py took 1.139 seconds
[2023-03-14T14:05:33.030+0000] {processor.py:153} INFO - Started process (PID=1500) to work on /home/airflow/.local/lib/python3.7/site-packages/airflow/example_dags/example_short_circuit_decorator.py
[2023-03-14T14:05:33.032+0000] {processor.py:743} INFO - Processing file /home/airflow/.local/lib/python3.7/site-packages/airflow/example_dags/example_short_circuit_decorator.py for tasks to queue
[2023-03-14T14:05:33.033+0000] {logging_mixin.py:137} INFO - [2023-03-14T14:05:33.033+0000] {dagbag.py:538} INFO - Filling up the DagBag from /home/airflow/.local/lib/python3.7/site-packages/airflow/example_dags/example_short_circuit_decorator.py
[2023-03-14T14:05:33.075+0000] {processor.py:753} INFO - DAG(s) dict_keys(['example_short_circuit_decorator']) retrieved from /home/airflow/.local/lib/python3.7/site-packages/airflow/example_dags/example_short_circuit_decorator.py
[2023-03-14T14:05:33.124+0000] {logging_mixin.py:137} INFO - [2023-03-14T14:05:33.124+0000] {dag.py:2690} INFO - Sync 1 DAGs
[2023-03-14T14:05:33.170+0000] {logging_mixin.py:137} INFO - [2023-03-14T14:05:33.169+0000] {dag.py:3441} INFO - Setting next_dagrun for example_short_circuit_decorator to 2023-03-13T14:05:33.169599+00:00, run_after=2023-03-14T14:05:33.169599+00:00
[2023-03-14T14:05:33.205+0000] {processor.py:175} INFO - Processing /home/airflow/.local/lib/python3.7/site-packages/airflow/example_dags/example_short_circuit_decorator.py took 0.181 seconds
[2023-03-14T14:06:04.181+0000] {processor.py:153} INFO - Started process (PID=1715) to work on /home/airflow/.local/lib/python3.7/site-packages/airflow/example_dags/example_short_circuit_decorator.py
[2023-03-14T14:06:04.203+0000] {processor.py:743} INFO - Processing file /home/airflow/.local/lib/python3.7/site-packages/airflow/example_dags/example_short_circuit_decorator.py for tasks to queue
[2023-03-14T14:06:04.204+0000] {logging_mixin.py:137} INFO - [2023-03-14T14:06:04.203+0000] {dagbag.py:538} INFO - Filling up the DagBag from /home/airflow/.local/lib/python3.7/site-packages/airflow/example_dags/example_short_circuit_decorator.py
[2023-03-14T14:06:04.408+0000] {processor.py:753} INFO - DAG(s) dict_keys(['example_short_circuit_decorator']) retrieved from /home/airflow/.local/lib/python3.7/site-packages/airflow/example_dags/example_short_circuit_decorator.py
[2023-03-14T14:06:04.509+0000] {logging_mixin.py:137} INFO - [2023-03-14T14:06:04.509+0000] {dag.py:2690} INFO - Sync 1 DAGs
[2023-03-14T14:06:04.628+0000] {logging_mixin.py:137} INFO - [2023-03-14T14:06:04.627+0000] {dag.py:3441} INFO - Setting next_dagrun for example_short_circuit_decorator to 2023-03-13T14:06:04.627200+00:00, run_after=2023-03-14T14:06:04.627200+00:00
[2023-03-14T14:06:04.702+0000] {processor.py:175} INFO - Processing /home/airflow/.local/lib/python3.7/site-packages/airflow/example_dags/example_short_circuit_decorator.py took 0.533 seconds
[2023-03-14T14:06:34.863+0000] {processor.py:153} INFO - Started process (PID=1930) to work on /home/airflow/.local/lib/python3.7/site-packages/airflow/example_dags/example_short_circuit_decorator.py
[2023-03-14T14:06:34.864+0000] {processor.py:743} INFO - Processing file /home/airflow/.local/lib/python3.7/site-packages/airflow/example_dags/example_short_circuit_decorator.py for tasks to queue
[2023-03-14T14:06:34.865+0000] {logging_mixin.py:137} INFO - [2023-03-14T14:06:34.865+0000] {dagbag.py:538} INFO - Filling up the DagBag from /home/airflow/.local/lib/python3.7/site-packages/airflow/example_dags/example_short_circuit_decorator.py
[2023-03-14T14:06:34.919+0000] {processor.py:753} INFO - DAG(s) dict_keys(['example_short_circuit_decorator']) retrieved from /home/airflow/.local/lib/python3.7/site-packages/airflow/example_dags/example_short_circuit_decorator.py
[2023-03-14T14:06:34.984+0000] {logging_mixin.py:137} INFO - [2023-03-14T14:06:34.984+0000] {dag.py:2690} INFO - Sync 1 DAGs
[2023-03-14T14:06:35.029+0000] {logging_mixin.py:137} INFO - [2023-03-14T14:06:35.029+0000] {dag.py:3441} INFO - Setting next_dagrun for example_short_circuit_decorator to 2023-03-13T14:06:35.028628+00:00, run_after=2023-03-14T14:06:35.028628+00:00
[2023-03-14T14:06:35.064+0000] {processor.py:175} INFO - Processing /home/airflow/.local/lib/python3.7/site-packages/airflow/example_dags/example_short_circuit_decorator.py took 0.206 seconds
[2023-03-14T14:07:05.916+0000] {processor.py:153} INFO - Started process (PID=2145) to work on /home/airflow/.local/lib/python3.7/site-packages/airflow/example_dags/example_short_circuit_decorator.py
[2023-03-14T14:07:05.918+0000] {processor.py:743} INFO - Processing file /home/airflow/.local/lib/python3.7/site-packages/airflow/example_dags/example_short_circuit_decorator.py for tasks to queue
[2023-03-14T14:07:05.919+0000] {logging_mixin.py:137} INFO - [2023-03-14T14:07:05.919+0000] {dagbag.py:538} INFO - Filling up the DagBag from /home/airflow/.local/lib/python3.7/site-packages/airflow/example_dags/example_short_circuit_decorator.py
[2023-03-14T14:07:05.982+0000] {processor.py:753} INFO - DAG(s) dict_keys(['example_short_circuit_decorator']) retrieved from /home/airflow/.local/lib/python3.7/site-packages/airflow/example_dags/example_short_circuit_decorator.py
[2023-03-14T14:07:06.059+0000] {logging_mixin.py:137} INFO - [2023-03-14T14:07:06.059+0000] {dag.py:2690} INFO - Sync 1 DAGs
[2023-03-14T14:07:06.118+0000] {logging_mixin.py:137} INFO - [2023-03-14T14:07:06.118+0000] {dag.py:3441} INFO - Setting next_dagrun for example_short_circuit_decorator to 2023-03-13T14:07:06.117732+00:00, run_after=2023-03-14T14:07:06.117732+00:00
[2023-03-14T14:07:06.163+0000] {processor.py:175} INFO - Processing /home/airflow/.local/lib/python3.7/site-packages/airflow/example_dags/example_short_circuit_decorator.py took 0.254 seconds
[2023-03-14T14:07:36.271+0000] {processor.py:153} INFO - Started process (PID=2370) to work on /home/airflow/.local/lib/python3.7/site-packages/airflow/example_dags/example_short_circuit_decorator.py
[2023-03-14T14:07:36.272+0000] {processor.py:743} INFO - Processing file /home/airflow/.local/lib/python3.7/site-packages/airflow/example_dags/example_short_circuit_decorator.py for tasks to queue
[2023-03-14T14:07:36.273+0000] {logging_mixin.py:137} INFO - [2023-03-14T14:07:36.273+0000] {dagbag.py:538} INFO - Filling up the DagBag from /home/airflow/.local/lib/python3.7/site-packages/airflow/example_dags/example_short_circuit_decorator.py
[2023-03-14T14:07:36.320+0000] {processor.py:753} INFO - DAG(s) dict_keys(['example_short_circuit_decorator']) retrieved from /home/airflow/.local/lib/python3.7/site-packages/airflow/example_dags/example_short_circuit_decorator.py
[2023-03-14T14:07:36.383+0000] {logging_mixin.py:137} INFO - [2023-03-14T14:07:36.383+0000] {dag.py:2690} INFO - Sync 1 DAGs
[2023-03-14T14:07:36.427+0000] {logging_mixin.py:137} INFO - [2023-03-14T14:07:36.427+0000] {dag.py:3441} INFO - Setting next_dagrun for example_short_circuit_decorator to 2023-03-13T14:07:36.427197+00:00, run_after=2023-03-14T14:07:36.427197+00:00
[2023-03-14T14:07:36.461+0000] {processor.py:175} INFO - Processing /home/airflow/.local/lib/python3.7/site-packages/airflow/example_dags/example_short_circuit_decorator.py took 0.196 seconds
[2023-03-14T14:08:06.562+0000] {processor.py:153} INFO - Started process (PID=2583) to work on /home/airflow/.local/lib/python3.7/site-packages/airflow/example_dags/example_short_circuit_decorator.py
[2023-03-14T14:08:06.564+0000] {processor.py:743} INFO - Processing file /home/airflow/.local/lib/python3.7/site-packages/airflow/example_dags/example_short_circuit_decorator.py for tasks to queue
[2023-03-14T14:08:06.565+0000] {logging_mixin.py:137} INFO - [2023-03-14T14:08:06.565+0000] {dagbag.py:538} INFO - Filling up the DagBag from /home/airflow/.local/lib/python3.7/site-packages/airflow/example_dags/example_short_circuit_decorator.py
[2023-03-14T14:08:06.607+0000] {processor.py:753} INFO - DAG(s) dict_keys(['example_short_circuit_decorator']) retrieved from /home/airflow/.local/lib/python3.7/site-packages/airflow/example_dags/example_short_circuit_decorator.py
[2023-03-14T14:08:06.659+0000] {logging_mixin.py:137} INFO - [2023-03-14T14:08:06.659+0000] {dag.py:2690} INFO - Sync 1 DAGs
[2023-03-14T14:08:06.698+0000] {logging_mixin.py:137} INFO - [2023-03-14T14:08:06.697+0000] {dag.py:3441} INFO - Setting next_dagrun for example_short_circuit_decorator to 2023-03-13T14:08:06.697624+00:00, run_after=2023-03-14T14:08:06.697624+00:00
[2023-03-14T14:08:06.731+0000] {processor.py:175} INFO - Processing /home/airflow/.local/lib/python3.7/site-packages/airflow/example_dags/example_short_circuit_decorator.py took 0.175 seconds
[2023-03-14T14:08:37.333+0000] {processor.py:153} INFO - Started process (PID=2799) to work on /home/airflow/.local/lib/python3.7/site-packages/airflow/example_dags/example_short_circuit_decorator.py
[2023-03-14T14:08:37.335+0000] {processor.py:743} INFO - Processing file /home/airflow/.local/lib/python3.7/site-packages/airflow/example_dags/example_short_circuit_decorator.py for tasks to queue
[2023-03-14T14:08:37.336+0000] {logging_mixin.py:137} INFO - [2023-03-14T14:08:37.336+0000] {dagbag.py:538} INFO - Filling up the DagBag from /home/airflow/.local/lib/python3.7/site-packages/airflow/example_dags/example_short_circuit_decorator.py
[2023-03-14T14:08:37.383+0000] {processor.py:753} INFO - DAG(s) dict_keys(['example_short_circuit_decorator']) retrieved from /home/airflow/.local/lib/python3.7/site-packages/airflow/example_dags/example_short_circuit_decorator.py
[2023-03-14T14:08:37.421+0000] {logging_mixin.py:137} INFO - [2023-03-14T14:08:37.421+0000] {dag.py:2690} INFO - Sync 1 DAGs
[2023-03-14T14:08:37.461+0000] {logging_mixin.py:137} INFO - [2023-03-14T14:08:37.461+0000] {dag.py:3441} INFO - Setting next_dagrun for example_short_circuit_decorator to 2023-03-13T14:08:37.461133+00:00, run_after=2023-03-14T14:08:37.461133+00:00
[2023-03-14T14:08:37.496+0000] {processor.py:175} INFO - Processing /home/airflow/.local/lib/python3.7/site-packages/airflow/example_dags/example_short_circuit_decorator.py took 0.168 seconds
[2023-03-14T14:09:09.750+0000] {processor.py:153} INFO - Started process (PID=3032) to work on /home/airflow/.local/lib/python3.7/site-packages/airflow/example_dags/example_short_circuit_decorator.py
[2023-03-14T14:09:09.770+0000] {processor.py:743} INFO - Processing file /home/airflow/.local/lib/python3.7/site-packages/airflow/example_dags/example_short_circuit_decorator.py for tasks to queue
[2023-03-14T14:09:09.772+0000] {logging_mixin.py:137} INFO - [2023-03-14T14:09:09.772+0000] {dagbag.py:538} INFO - Filling up the DagBag from /home/airflow/.local/lib/python3.7/site-packages/airflow/example_dags/example_short_circuit_decorator.py
[2023-03-14T14:09:09.854+0000] {processor.py:753} INFO - DAG(s) dict_keys(['example_short_circuit_decorator']) retrieved from /home/airflow/.local/lib/python3.7/site-packages/airflow/example_dags/example_short_circuit_decorator.py
[2023-03-14T14:09:09.902+0000] {logging_mixin.py:137} INFO - [2023-03-14T14:09:09.902+0000] {dag.py:2690} INFO - Sync 1 DAGs
[2023-03-14T14:09:10.037+0000] {logging_mixin.py:137} INFO - [2023-03-14T14:09:10.036+0000] {dag.py:3441} INFO - Setting next_dagrun for example_short_circuit_decorator to 2023-03-13T14:09:10.036328+00:00, run_after=2023-03-14T14:09:10.036328+00:00
[2023-03-14T14:09:10.092+0000] {processor.py:175} INFO - Processing /home/airflow/.local/lib/python3.7/site-packages/airflow/example_dags/example_short_circuit_decorator.py took 0.348 seconds
[2023-03-14T14:09:40.926+0000] {processor.py:153} INFO - Started process (PID=3265) to work on /home/airflow/.local/lib/python3.7/site-packages/airflow/example_dags/example_short_circuit_decorator.py
[2023-03-14T14:09:40.927+0000] {processor.py:743} INFO - Processing file /home/airflow/.local/lib/python3.7/site-packages/airflow/example_dags/example_short_circuit_decorator.py for tasks to queue
[2023-03-14T14:09:40.928+0000] {logging_mixin.py:137} INFO - [2023-03-14T14:09:40.928+0000] {dagbag.py:538} INFO - Filling up the DagBag from /home/airflow/.local/lib/python3.7/site-packages/airflow/example_dags/example_short_circuit_decorator.py
[2023-03-14T14:09:41.024+0000] {processor.py:753} INFO - DAG(s) dict_keys(['example_short_circuit_decorator']) retrieved from /home/airflow/.local/lib/python3.7/site-packages/airflow/example_dags/example_short_circuit_decorator.py
[2023-03-14T14:09:41.085+0000] {logging_mixin.py:137} INFO - [2023-03-14T14:09:41.084+0000] {dag.py:2690} INFO - Sync 1 DAGs
[2023-03-14T14:09:41.134+0000] {logging_mixin.py:137} INFO - [2023-03-14T14:09:41.134+0000] {dag.py:3441} INFO - Setting next_dagrun for example_short_circuit_decorator to 2023-03-13T14:09:41.133744+00:00, run_after=2023-03-14T14:09:41.133744+00:00
[2023-03-14T14:09:41.168+0000] {processor.py:175} INFO - Processing /home/airflow/.local/lib/python3.7/site-packages/airflow/example_dags/example_short_circuit_decorator.py took 0.256 seconds
[2023-03-14T14:10:12.080+0000] {processor.py:153} INFO - Started process (PID=3482) to work on /home/airflow/.local/lib/python3.7/site-packages/airflow/example_dags/example_short_circuit_decorator.py
[2023-03-14T14:10:12.084+0000] {processor.py:743} INFO - Processing file /home/airflow/.local/lib/python3.7/site-packages/airflow/example_dags/example_short_circuit_decorator.py for tasks to queue
[2023-03-14T14:10:12.085+0000] {logging_mixin.py:137} INFO - [2023-03-14T14:10:12.085+0000] {dagbag.py:538} INFO - Filling up the DagBag from /home/airflow/.local/lib/python3.7/site-packages/airflow/example_dags/example_short_circuit_decorator.py
[2023-03-14T14:10:12.142+0000] {processor.py:753} INFO - DAG(s) dict_keys(['example_short_circuit_decorator']) retrieved from /home/airflow/.local/lib/python3.7/site-packages/airflow/example_dags/example_short_circuit_decorator.py
[2023-03-14T14:10:12.188+0000] {logging_mixin.py:137} INFO - [2023-03-14T14:10:12.188+0000] {dag.py:2690} INFO - Sync 1 DAGs
[2023-03-14T14:10:12.227+0000] {logging_mixin.py:137} INFO - [2023-03-14T14:10:12.227+0000] {dag.py:3441} INFO - Setting next_dagrun for example_short_circuit_decorator to 2023-03-13T14:10:12.227180+00:00, run_after=2023-03-14T14:10:12.227180+00:00
[2023-03-14T14:10:12.262+0000] {processor.py:175} INFO - Processing /home/airflow/.local/lib/python3.7/site-packages/airflow/example_dags/example_short_circuit_decorator.py took 0.187 seconds
[2023-03-14T14:10:43.073+0000] {processor.py:153} INFO - Started process (PID=3695) to work on /home/airflow/.local/lib/python3.7/site-packages/airflow/example_dags/example_short_circuit_decorator.py
[2023-03-14T14:10:43.074+0000] {processor.py:743} INFO - Processing file /home/airflow/.local/lib/python3.7/site-packages/airflow/example_dags/example_short_circuit_decorator.py for tasks to queue
[2023-03-14T14:10:43.075+0000] {logging_mixin.py:137} INFO - [2023-03-14T14:10:43.075+0000] {dagbag.py:538} INFO - Filling up the DagBag from /home/airflow/.local/lib/python3.7/site-packages/airflow/example_dags/example_short_circuit_decorator.py
[2023-03-14T14:10:43.124+0000] {processor.py:753} INFO - DAG(s) dict_keys(['example_short_circuit_decorator']) retrieved from /home/airflow/.local/lib/python3.7/site-packages/airflow/example_dags/example_short_circuit_decorator.py
[2023-03-14T14:10:43.169+0000] {logging_mixin.py:137} INFO - [2023-03-14T14:10:43.169+0000] {dag.py:2690} INFO - Sync 1 DAGs
[2023-03-14T14:10:43.216+0000] {logging_mixin.py:137} INFO - [2023-03-14T14:10:43.216+0000] {dag.py:3441} INFO - Setting next_dagrun for example_short_circuit_decorator to 2023-03-13T14:10:43.215694+00:00, run_after=2023-03-14T14:10:43.215694+00:00
[2023-03-14T14:10:43.253+0000] {processor.py:175} INFO - Processing /home/airflow/.local/lib/python3.7/site-packages/airflow/example_dags/example_short_circuit_decorator.py took 0.186 seconds
[2023-03-14T14:11:13.804+0000] {processor.py:153} INFO - Started process (PID=3910) to work on /home/airflow/.local/lib/python3.7/site-packages/airflow/example_dags/example_short_circuit_decorator.py
[2023-03-14T14:11:13.829+0000] {processor.py:743} INFO - Processing file /home/airflow/.local/lib/python3.7/site-packages/airflow/example_dags/example_short_circuit_decorator.py for tasks to queue
[2023-03-14T14:11:13.830+0000] {logging_mixin.py:137} INFO - [2023-03-14T14:11:13.830+0000] {dagbag.py:538} INFO - Filling up the DagBag from /home/airflow/.local/lib/python3.7/site-packages/airflow/example_dags/example_short_circuit_decorator.py
[2023-03-14T14:11:13.896+0000] {processor.py:753} INFO - DAG(s) dict_keys(['example_short_circuit_decorator']) retrieved from /home/airflow/.local/lib/python3.7/site-packages/airflow/example_dags/example_short_circuit_decorator.py
[2023-03-14T14:11:13.976+0000] {logging_mixin.py:137} INFO - [2023-03-14T14:11:13.976+0000] {dag.py:2690} INFO - Sync 1 DAGs
[2023-03-14T14:11:14.006+0000] {logging_mixin.py:137} INFO - [2023-03-14T14:11:14.006+0000] {dag.py:3441} INFO - Setting next_dagrun for example_short_circuit_decorator to 2023-03-13T14:11:14.006217+00:00, run_after=2023-03-14T14:11:14.006217+00:00
[2023-03-14T14:11:14.074+0000] {processor.py:175} INFO - Processing /home/airflow/.local/lib/python3.7/site-packages/airflow/example_dags/example_short_circuit_decorator.py took 0.279 seconds
[2023-03-14T14:11:44.247+0000] {processor.py:153} INFO - Started process (PID=4133) to work on /home/airflow/.local/lib/python3.7/site-packages/airflow/example_dags/example_short_circuit_decorator.py
[2023-03-14T14:11:44.256+0000] {processor.py:743} INFO - Processing file /home/airflow/.local/lib/python3.7/site-packages/airflow/example_dags/example_short_circuit_decorator.py for tasks to queue
[2023-03-14T14:11:44.257+0000] {logging_mixin.py:137} INFO - [2023-03-14T14:11:44.257+0000] {dagbag.py:538} INFO - Filling up the DagBag from /home/airflow/.local/lib/python3.7/site-packages/airflow/example_dags/example_short_circuit_decorator.py
[2023-03-14T14:11:44.312+0000] {processor.py:753} INFO - DAG(s) dict_keys(['example_short_circuit_decorator']) retrieved from /home/airflow/.local/lib/python3.7/site-packages/airflow/example_dags/example_short_circuit_decorator.py
[2023-03-14T14:11:44.361+0000] {logging_mixin.py:137} INFO - [2023-03-14T14:11:44.361+0000] {dag.py:2690} INFO - Sync 1 DAGs
[2023-03-14T14:11:44.410+0000] {logging_mixin.py:137} INFO - [2023-03-14T14:11:44.410+0000] {dag.py:3441} INFO - Setting next_dagrun for example_short_circuit_decorator to 2023-03-13T14:11:44.409734+00:00, run_after=2023-03-14T14:11:44.409734+00:00
[2023-03-14T14:11:44.444+0000] {processor.py:175} INFO - Processing /home/airflow/.local/lib/python3.7/site-packages/airflow/example_dags/example_short_circuit_decorator.py took 0.209 seconds
[2023-03-14T14:12:14.523+0000] {processor.py:153} INFO - Started process (PID=4341) to work on /home/airflow/.local/lib/python3.7/site-packages/airflow/example_dags/example_short_circuit_decorator.py
[2023-03-14T14:12:14.525+0000] {processor.py:743} INFO - Processing file /home/airflow/.local/lib/python3.7/site-packages/airflow/example_dags/example_short_circuit_decorator.py for tasks to queue
[2023-03-14T14:12:14.526+0000] {logging_mixin.py:137} INFO - [2023-03-14T14:12:14.526+0000] {dagbag.py:538} INFO - Filling up the DagBag from /home/airflow/.local/lib/python3.7/site-packages/airflow/example_dags/example_short_circuit_decorator.py
[2023-03-14T14:12:14.567+0000] {processor.py:753} INFO - DAG(s) dict_keys(['example_short_circuit_decorator']) retrieved from /home/airflow/.local/lib/python3.7/site-packages/airflow/example_dags/example_short_circuit_decorator.py
[2023-03-14T14:12:14.621+0000] {logging_mixin.py:137} INFO - [2023-03-14T14:12:14.621+0000] {dag.py:2690} INFO - Sync 1 DAGs
[2023-03-14T14:12:14.659+0000] {logging_mixin.py:137} INFO - [2023-03-14T14:12:14.658+0000] {dag.py:3441} INFO - Setting next_dagrun for example_short_circuit_decorator to 2023-03-13T14:12:14.658524+00:00, run_after=2023-03-14T14:12:14.658524+00:00
[2023-03-14T14:12:14.691+0000] {processor.py:175} INFO - Processing /home/airflow/.local/lib/python3.7/site-packages/airflow/example_dags/example_short_circuit_decorator.py took 0.174 seconds
[2023-03-14T14:12:44.869+0000] {processor.py:153} INFO - Started process (PID=4565) to work on /home/airflow/.local/lib/python3.7/site-packages/airflow/example_dags/example_short_circuit_decorator.py
[2023-03-14T14:12:44.870+0000] {processor.py:743} INFO - Processing file /home/airflow/.local/lib/python3.7/site-packages/airflow/example_dags/example_short_circuit_decorator.py for tasks to queue
[2023-03-14T14:12:44.870+0000] {logging_mixin.py:137} INFO - [2023-03-14T14:12:44.870+0000] {dagbag.py:538} INFO - Filling up the DagBag from /home/airflow/.local/lib/python3.7/site-packages/airflow/example_dags/example_short_circuit_decorator.py
[2023-03-14T14:12:44.934+0000] {processor.py:753} INFO - DAG(s) dict_keys(['example_short_circuit_decorator']) retrieved from /home/airflow/.local/lib/python3.7/site-packages/airflow/example_dags/example_short_circuit_decorator.py
[2023-03-14T14:12:45.005+0000] {logging_mixin.py:137} INFO - [2023-03-14T14:12:45.005+0000] {dag.py:2690} INFO - Sync 1 DAGs
[2023-03-14T14:12:45.051+0000] {logging_mixin.py:137} INFO - [2023-03-14T14:12:45.051+0000] {dag.py:3441} INFO - Setting next_dagrun for example_short_circuit_decorator to 2023-03-13T14:12:45.050851+00:00, run_after=2023-03-14T14:12:45.050851+00:00
[2023-03-14T14:12:45.083+0000] {processor.py:175} INFO - Processing /home/airflow/.local/lib/python3.7/site-packages/airflow/example_dags/example_short_circuit_decorator.py took 0.220 seconds
[2023-03-14T14:13:15.729+0000] {processor.py:153} INFO - Started process (PID=4768) to work on /home/airflow/.local/lib/python3.7/site-packages/airflow/example_dags/example_short_circuit_decorator.py
[2023-03-14T14:13:15.730+0000] {processor.py:743} INFO - Processing file /home/airflow/.local/lib/python3.7/site-packages/airflow/example_dags/example_short_circuit_decorator.py for tasks to queue
[2023-03-14T14:13:15.731+0000] {logging_mixin.py:137} INFO - [2023-03-14T14:13:15.731+0000] {dagbag.py:538} INFO - Filling up the DagBag from /home/airflow/.local/lib/python3.7/site-packages/airflow/example_dags/example_short_circuit_decorator.py
[2023-03-14T14:13:15.778+0000] {processor.py:753} INFO - DAG(s) dict_keys(['example_short_circuit_decorator']) retrieved from /home/airflow/.local/lib/python3.7/site-packages/airflow/example_dags/example_short_circuit_decorator.py
[2023-03-14T14:13:15.819+0000] {logging_mixin.py:137} INFO - [2023-03-14T14:13:15.819+0000] {dag.py:2690} INFO - Sync 1 DAGs
[2023-03-14T14:13:15.863+0000] {logging_mixin.py:137} INFO - [2023-03-14T14:13:15.863+0000] {dag.py:3441} INFO - Setting next_dagrun for example_short_circuit_decorator to 2023-03-13T14:13:15.863388+00:00, run_after=2023-03-14T14:13:15.863388+00:00
[2023-03-14T14:13:15.919+0000] {processor.py:175} INFO - Processing /home/airflow/.local/lib/python3.7/site-packages/airflow/example_dags/example_short_circuit_decorator.py took 0.195 seconds
[2023-03-14T14:13:46.356+0000] {processor.py:153} INFO - Started process (PID=4993) to work on /home/airflow/.local/lib/python3.7/site-packages/airflow/example_dags/example_short_circuit_decorator.py
[2023-03-14T14:13:46.357+0000] {processor.py:743} INFO - Processing file /home/airflow/.local/lib/python3.7/site-packages/airflow/example_dags/example_short_circuit_decorator.py for tasks to queue
[2023-03-14T14:13:46.358+0000] {logging_mixin.py:137} INFO - [2023-03-14T14:13:46.358+0000] {dagbag.py:538} INFO - Filling up the DagBag from /home/airflow/.local/lib/python3.7/site-packages/airflow/example_dags/example_short_circuit_decorator.py
[2023-03-14T14:13:46.422+0000] {processor.py:753} INFO - DAG(s) dict_keys(['example_short_circuit_decorator']) retrieved from /home/airflow/.local/lib/python3.7/site-packages/airflow/example_dags/example_short_circuit_decorator.py
[2023-03-14T14:13:46.468+0000] {logging_mixin.py:137} INFO - [2023-03-14T14:13:46.467+0000] {dag.py:2690} INFO - Sync 1 DAGs
[2023-03-14T14:13:46.505+0000] {logging_mixin.py:137} INFO - [2023-03-14T14:13:46.505+0000] {dag.py:3441} INFO - Setting next_dagrun for example_short_circuit_decorator to 2023-03-13T14:13:46.505196+00:00, run_after=2023-03-14T14:13:46.505196+00:00
[2023-03-14T14:13:46.546+0000] {processor.py:175} INFO - Processing /home/airflow/.local/lib/python3.7/site-packages/airflow/example_dags/example_short_circuit_decorator.py took 0.195 seconds
[2023-03-14T14:14:16.932+0000] {processor.py:153} INFO - Started process (PID=5208) to work on /home/airflow/.local/lib/python3.7/site-packages/airflow/example_dags/example_short_circuit_decorator.py
[2023-03-14T14:14:16.944+0000] {processor.py:743} INFO - Processing file /home/airflow/.local/lib/python3.7/site-packages/airflow/example_dags/example_short_circuit_decorator.py for tasks to queue
[2023-03-14T14:14:16.945+0000] {logging_mixin.py:137} INFO - [2023-03-14T14:14:16.945+0000] {dagbag.py:538} INFO - Filling up the DagBag from /home/airflow/.local/lib/python3.7/site-packages/airflow/example_dags/example_short_circuit_decorator.py
[2023-03-14T14:14:17.047+0000] {processor.py:753} INFO - DAG(s) dict_keys(['example_short_circuit_decorator']) retrieved from /home/airflow/.local/lib/python3.7/site-packages/airflow/example_dags/example_short_circuit_decorator.py
[2023-03-14T14:14:17.124+0000] {logging_mixin.py:137} INFO - [2023-03-14T14:14:17.124+0000] {dag.py:2690} INFO - Sync 1 DAGs
[2023-03-14T14:14:17.206+0000] {logging_mixin.py:137} INFO - [2023-03-14T14:14:17.206+0000] {dag.py:3441} INFO - Setting next_dagrun for example_short_circuit_decorator to 2023-03-13T14:14:17.205779+00:00, run_after=2023-03-14T14:14:17.205779+00:00
[2023-03-14T14:14:17.264+0000] {processor.py:175} INFO - Processing /home/airflow/.local/lib/python3.7/site-packages/airflow/example_dags/example_short_circuit_decorator.py took 0.337 seconds
[2023-03-14T14:14:47.827+0000] {processor.py:153} INFO - Started process (PID=5424) to work on /home/airflow/.local/lib/python3.7/site-packages/airflow/example_dags/example_short_circuit_decorator.py
[2023-03-14T14:14:47.850+0000] {processor.py:743} INFO - Processing file /home/airflow/.local/lib/python3.7/site-packages/airflow/example_dags/example_short_circuit_decorator.py for tasks to queue
[2023-03-14T14:14:47.853+0000] {logging_mixin.py:137} INFO - [2023-03-14T14:14:47.853+0000] {dagbag.py:538} INFO - Filling up the DagBag from /home/airflow/.local/lib/python3.7/site-packages/airflow/example_dags/example_short_circuit_decorator.py
[2023-03-14T14:14:47.968+0000] {processor.py:753} INFO - DAG(s) dict_keys(['example_short_circuit_decorator']) retrieved from /home/airflow/.local/lib/python3.7/site-packages/airflow/example_dags/example_short_circuit_decorator.py
[2023-03-14T14:14:48.052+0000] {logging_mixin.py:137} INFO - [2023-03-14T14:14:48.052+0000] {dag.py:2690} INFO - Sync 1 DAGs
[2023-03-14T14:14:48.099+0000] {logging_mixin.py:137} INFO - [2023-03-14T14:14:48.099+0000] {dag.py:3441} INFO - Setting next_dagrun for example_short_circuit_decorator to 2023-03-13T14:14:48.098833+00:00, run_after=2023-03-14T14:14:48.098833+00:00
[2023-03-14T14:14:48.130+0000] {processor.py:175} INFO - Processing /home/airflow/.local/lib/python3.7/site-packages/airflow/example_dags/example_short_circuit_decorator.py took 0.317 seconds
[2023-03-14T14:15:18.526+0000] {processor.py:153} INFO - Started process (PID=5638) to work on /home/airflow/.local/lib/python3.7/site-packages/airflow/example_dags/example_short_circuit_decorator.py
[2023-03-14T14:15:18.527+0000] {processor.py:743} INFO - Processing file /home/airflow/.local/lib/python3.7/site-packages/airflow/example_dags/example_short_circuit_decorator.py for tasks to queue
[2023-03-14T14:15:18.528+0000] {logging_mixin.py:137} INFO - [2023-03-14T14:15:18.528+0000] {dagbag.py:538} INFO - Filling up the DagBag from /home/airflow/.local/lib/python3.7/site-packages/airflow/example_dags/example_short_circuit_decorator.py
[2023-03-14T14:15:18.571+0000] {processor.py:753} INFO - DAG(s) dict_keys(['example_short_circuit_decorator']) retrieved from /home/airflow/.local/lib/python3.7/site-packages/airflow/example_dags/example_short_circuit_decorator.py
[2023-03-14T14:15:18.617+0000] {logging_mixin.py:137} INFO - [2023-03-14T14:15:18.617+0000] {dag.py:2690} INFO - Sync 1 DAGs
[2023-03-14T14:15:18.656+0000] {logging_mixin.py:137} INFO - [2023-03-14T14:15:18.656+0000] {dag.py:3441} INFO - Setting next_dagrun for example_short_circuit_decorator to 2023-03-13T14:15:18.656200+00:00, run_after=2023-03-14T14:15:18.656200+00:00
[2023-03-14T14:15:18.690+0000] {processor.py:175} INFO - Processing /home/airflow/.local/lib/python3.7/site-packages/airflow/example_dags/example_short_circuit_decorator.py took 0.170 seconds
