[2023-03-14T14:02:34.467+0000] {processor.py:153} INFO - Started process (PID=315) to work on /home/airflow/.local/lib/python3.7/site-packages/airflow/example_dags/example_datasets.py
[2023-03-14T14:02:34.475+0000] {processor.py:743} INFO - Processing file /home/airflow/.local/lib/python3.7/site-packages/airflow/example_dags/example_datasets.py for tasks to queue
[2023-03-14T14:02:34.476+0000] {logging_mixin.py:137} INFO - [2023-03-14T14:02:34.476+0000] {dagbag.py:538} INFO - Filling up the DagBag from /home/airflow/.local/lib/python3.7/site-packages/airflow/example_dags/example_datasets.py
[2023-03-14T14:02:34.574+0000] {processor.py:753} INFO - DAG(s) dict_keys(['dataset_consumes_unknown_never_scheduled', 'dataset_consumes_1_never_scheduled', 'dataset_produces_1', 'dataset_produces_2', 'dataset_consumes_1_and_2', 'dataset_consumes_1']) retrieved from /home/airflow/.local/lib/python3.7/site-packages/airflow/example_dags/example_datasets.py
[2023-03-14T14:02:34.998+0000] {logging_mixin.py:137} INFO - [2023-03-14T14:02:34.998+0000] {dag.py:2690} INFO - Sync 6 DAGs
[2023-03-14T14:02:35.083+0000] {logging_mixin.py:137} INFO - [2023-03-14T14:02:35.082+0000] {dag.py:3441} INFO - Setting next_dagrun for dataset_consumes_1 to None, run_after=None
[2023-03-14T14:02:35.092+0000] {logging_mixin.py:137} INFO - [2023-03-14T14:02:35.092+0000] {dag.py:3441} INFO - Setting next_dagrun for dataset_consumes_1_and_2 to None, run_after=None
[2023-03-14T14:02:35.102+0000] {logging_mixin.py:137} INFO - [2023-03-14T14:02:35.102+0000] {dag.py:3441} INFO - Setting next_dagrun for dataset_consumes_1_never_scheduled to None, run_after=None
[2023-03-14T14:02:35.104+0000] {logging_mixin.py:137} INFO - [2023-03-14T14:02:35.104+0000] {dag.py:3441} INFO - Setting next_dagrun for dataset_consumes_unknown_never_scheduled to None, run_after=None
[2023-03-14T14:02:35.109+0000] {logging_mixin.py:137} INFO - [2023-03-14T14:02:35.108+0000] {dag.py:3441} INFO - Setting next_dagrun for dataset_produces_1 to 2023-03-13T00:00:00+00:00, run_after=2023-03-14T00:00:00+00:00
[2023-03-14T14:02:35.115+0000] {logging_mixin.py:137} INFO - [2023-03-14T14:02:35.115+0000] {dag.py:3441} INFO - Setting next_dagrun for dataset_produces_2 to None, run_after=None
[2023-03-14T14:02:35.245+0000] {processor.py:175} INFO - Processing /home/airflow/.local/lib/python3.7/site-packages/airflow/example_dags/example_datasets.py took 0.785 seconds
[2023-03-14T14:03:06.945+0000] {processor.py:153} INFO - Started process (PID=530) to work on /home/airflow/.local/lib/python3.7/site-packages/airflow/example_dags/example_datasets.py
[2023-03-14T14:03:06.946+0000] {processor.py:743} INFO - Processing file /home/airflow/.local/lib/python3.7/site-packages/airflow/example_dags/example_datasets.py for tasks to queue
[2023-03-14T14:03:06.965+0000] {logging_mixin.py:137} INFO - [2023-03-14T14:03:06.965+0000] {dagbag.py:538} INFO - Filling up the DagBag from /home/airflow/.local/lib/python3.7/site-packages/airflow/example_dags/example_datasets.py
[2023-03-14T14:03:07.067+0000] {processor.py:753} INFO - DAG(s) dict_keys(['dataset_consumes_1_and_2', 'dataset_produces_2', 'dataset_consumes_1_never_scheduled', 'dataset_produces_1', 'dataset_consumes_1', 'dataset_consumes_unknown_never_scheduled']) retrieved from /home/airflow/.local/lib/python3.7/site-packages/airflow/example_dags/example_datasets.py
[2023-03-14T14:03:07.319+0000] {logging_mixin.py:137} INFO - [2023-03-14T14:03:07.318+0000] {dag.py:2690} INFO - Sync 6 DAGs
[2023-03-14T14:03:07.435+0000] {logging_mixin.py:137} INFO - [2023-03-14T14:03:07.434+0000] {dag.py:3441} INFO - Setting next_dagrun for dataset_consumes_1 to None, run_after=None
[2023-03-14T14:03:07.447+0000] {logging_mixin.py:137} INFO - [2023-03-14T14:03:07.447+0000] {dag.py:3441} INFO - Setting next_dagrun for dataset_consumes_1_and_2 to None, run_after=None
[2023-03-14T14:03:07.461+0000] {logging_mixin.py:137} INFO - [2023-03-14T14:03:07.461+0000] {dag.py:3441} INFO - Setting next_dagrun for dataset_consumes_1_never_scheduled to None, run_after=None
[2023-03-14T14:03:07.462+0000] {logging_mixin.py:137} INFO - [2023-03-14T14:03:07.462+0000] {dag.py:3441} INFO - Setting next_dagrun for dataset_consumes_unknown_never_scheduled to None, run_after=None
[2023-03-14T14:03:07.469+0000] {logging_mixin.py:137} INFO - [2023-03-14T14:03:07.469+0000] {dag.py:3441} INFO - Setting next_dagrun for dataset_produces_1 to 2023-03-13T00:00:00+00:00, run_after=2023-03-14T00:00:00+00:00
[2023-03-14T14:03:07.472+0000] {logging_mixin.py:137} INFO - [2023-03-14T14:03:07.472+0000] {dag.py:3441} INFO - Setting next_dagrun for dataset_produces_2 to None, run_after=None
[2023-03-14T14:03:07.592+0000] {processor.py:175} INFO - Processing /home/airflow/.local/lib/python3.7/site-packages/airflow/example_dags/example_datasets.py took 0.653 seconds
[2023-03-14T14:03:38.518+0000] {processor.py:153} INFO - Started process (PID=753) to work on /home/airflow/.local/lib/python3.7/site-packages/airflow/example_dags/example_datasets.py
[2023-03-14T14:03:38.522+0000] {processor.py:743} INFO - Processing file /home/airflow/.local/lib/python3.7/site-packages/airflow/example_dags/example_datasets.py for tasks to queue
[2023-03-14T14:03:38.524+0000] {logging_mixin.py:137} INFO - [2023-03-14T14:03:38.523+0000] {dagbag.py:538} INFO - Filling up the DagBag from /home/airflow/.local/lib/python3.7/site-packages/airflow/example_dags/example_datasets.py
[2023-03-14T14:03:38.549+0000] {processor.py:753} INFO - DAG(s) dict_keys(['dataset_produces_1', 'dataset_produces_2', 'dataset_consumes_1_never_scheduled', 'dataset_consumes_1_and_2', 'dataset_consumes_1', 'dataset_consumes_unknown_never_scheduled']) retrieved from /home/airflow/.local/lib/python3.7/site-packages/airflow/example_dags/example_datasets.py
[2023-03-14T14:03:38.612+0000] {logging_mixin.py:137} INFO - [2023-03-14T14:03:38.612+0000] {dag.py:2690} INFO - Sync 6 DAGs
[2023-03-14T14:03:38.657+0000] {logging_mixin.py:137} INFO - [2023-03-14T14:03:38.657+0000] {dag.py:3441} INFO - Setting next_dagrun for dataset_consumes_1 to None, run_after=None
[2023-03-14T14:03:38.661+0000] {logging_mixin.py:137} INFO - [2023-03-14T14:03:38.661+0000] {dag.py:3441} INFO - Setting next_dagrun for dataset_consumes_1_and_2 to None, run_after=None
[2023-03-14T14:03:38.663+0000] {logging_mixin.py:137} INFO - [2023-03-14T14:03:38.663+0000] {dag.py:3441} INFO - Setting next_dagrun for dataset_consumes_1_never_scheduled to None, run_after=None
[2023-03-14T14:03:38.667+0000] {logging_mixin.py:137} INFO - [2023-03-14T14:03:38.667+0000] {dag.py:3441} INFO - Setting next_dagrun for dataset_consumes_unknown_never_scheduled to None, run_after=None
[2023-03-14T14:03:38.672+0000] {logging_mixin.py:137} INFO - [2023-03-14T14:03:38.672+0000] {dag.py:3441} INFO - Setting next_dagrun for dataset_produces_1 to 2023-03-13T00:00:00+00:00, run_after=2023-03-14T00:00:00+00:00
[2023-03-14T14:03:38.674+0000] {logging_mixin.py:137} INFO - [2023-03-14T14:03:38.673+0000] {dag.py:3441} INFO - Setting next_dagrun for dataset_produces_2 to None, run_after=None
[2023-03-14T14:03:38.727+0000] {processor.py:175} INFO - Processing /home/airflow/.local/lib/python3.7/site-packages/airflow/example_dags/example_datasets.py took 0.214 seconds
[2023-03-14T14:04:09.142+0000] {processor.py:153} INFO - Started process (PID=967) to work on /home/airflow/.local/lib/python3.7/site-packages/airflow/example_dags/example_datasets.py
[2023-03-14T14:04:09.143+0000] {processor.py:743} INFO - Processing file /home/airflow/.local/lib/python3.7/site-packages/airflow/example_dags/example_datasets.py for tasks to queue
[2023-03-14T14:04:09.144+0000] {logging_mixin.py:137} INFO - [2023-03-14T14:04:09.144+0000] {dagbag.py:538} INFO - Filling up the DagBag from /home/airflow/.local/lib/python3.7/site-packages/airflow/example_dags/example_datasets.py
[2023-03-14T14:04:09.171+0000] {processor.py:753} INFO - DAG(s) dict_keys(['dataset_consumes_1', 'dataset_consumes_1_and_2', 'dataset_consumes_1_never_scheduled', 'dataset_consumes_unknown_never_scheduled', 'dataset_produces_2', 'dataset_produces_1']) retrieved from /home/airflow/.local/lib/python3.7/site-packages/airflow/example_dags/example_datasets.py
[2023-03-14T14:04:09.249+0000] {logging_mixin.py:137} INFO - [2023-03-14T14:04:09.248+0000] {dag.py:2690} INFO - Sync 6 DAGs
[2023-03-14T14:04:09.328+0000] {logging_mixin.py:137} INFO - [2023-03-14T14:04:09.328+0000] {dag.py:3441} INFO - Setting next_dagrun for dataset_consumes_1 to None, run_after=None
[2023-03-14T14:04:09.334+0000] {logging_mixin.py:137} INFO - [2023-03-14T14:04:09.333+0000] {dag.py:3441} INFO - Setting next_dagrun for dataset_consumes_1_and_2 to None, run_after=None
[2023-03-14T14:04:09.342+0000] {logging_mixin.py:137} INFO - [2023-03-14T14:04:09.337+0000] {dag.py:3441} INFO - Setting next_dagrun for dataset_consumes_1_never_scheduled to None, run_after=None
[2023-03-14T14:04:09.353+0000] {logging_mixin.py:137} INFO - [2023-03-14T14:04:09.353+0000] {dag.py:3441} INFO - Setting next_dagrun for dataset_consumes_unknown_never_scheduled to None, run_after=None
[2023-03-14T14:04:09.357+0000] {logging_mixin.py:137} INFO - [2023-03-14T14:04:09.357+0000] {dag.py:3441} INFO - Setting next_dagrun for dataset_produces_1 to 2023-03-13T00:00:00+00:00, run_after=2023-03-14T00:00:00+00:00
[2023-03-14T14:04:09.359+0000] {logging_mixin.py:137} INFO - [2023-03-14T14:04:09.359+0000] {dag.py:3441} INFO - Setting next_dagrun for dataset_produces_2 to None, run_after=None
[2023-03-14T14:04:09.447+0000] {processor.py:175} INFO - Processing /home/airflow/.local/lib/python3.7/site-packages/airflow/example_dags/example_datasets.py took 0.311 seconds
[2023-03-14T14:04:40.488+0000] {processor.py:153} INFO - Started process (PID=1181) to work on /home/airflow/.local/lib/python3.7/site-packages/airflow/example_dags/example_datasets.py
[2023-03-14T14:04:40.490+0000] {processor.py:743} INFO - Processing file /home/airflow/.local/lib/python3.7/site-packages/airflow/example_dags/example_datasets.py for tasks to queue
[2023-03-14T14:04:40.491+0000] {logging_mixin.py:137} INFO - [2023-03-14T14:04:40.491+0000] {dagbag.py:538} INFO - Filling up the DagBag from /home/airflow/.local/lib/python3.7/site-packages/airflow/example_dags/example_datasets.py
[2023-03-14T14:04:40.518+0000] {processor.py:753} INFO - DAG(s) dict_keys(['dataset_consumes_1_and_2', 'dataset_consumes_1', 'dataset_consumes_1_never_scheduled', 'dataset_produces_2', 'dataset_produces_1', 'dataset_consumes_unknown_never_scheduled']) retrieved from /home/airflow/.local/lib/python3.7/site-packages/airflow/example_dags/example_datasets.py
[2023-03-14T14:04:40.581+0000] {logging_mixin.py:137} INFO - [2023-03-14T14:04:40.581+0000] {dag.py:2690} INFO - Sync 6 DAGs
[2023-03-14T14:04:40.625+0000] {logging_mixin.py:137} INFO - [2023-03-14T14:04:40.625+0000] {dag.py:3441} INFO - Setting next_dagrun for dataset_consumes_1 to None, run_after=None
[2023-03-14T14:04:40.630+0000] {logging_mixin.py:137} INFO - [2023-03-14T14:04:40.629+0000] {dag.py:3441} INFO - Setting next_dagrun for dataset_consumes_1_and_2 to None, run_after=None
[2023-03-14T14:04:40.631+0000] {logging_mixin.py:137} INFO - [2023-03-14T14:04:40.631+0000] {dag.py:3441} INFO - Setting next_dagrun for dataset_consumes_1_never_scheduled to None, run_after=None
[2023-03-14T14:04:40.633+0000] {logging_mixin.py:137} INFO - [2023-03-14T14:04:40.633+0000] {dag.py:3441} INFO - Setting next_dagrun for dataset_consumes_unknown_never_scheduled to None, run_after=None
[2023-03-14T14:04:40.637+0000] {logging_mixin.py:137} INFO - [2023-03-14T14:04:40.636+0000] {dag.py:3441} INFO - Setting next_dagrun for dataset_produces_1 to 2023-03-13T00:00:00+00:00, run_after=2023-03-14T00:00:00+00:00
[2023-03-14T14:04:40.638+0000] {logging_mixin.py:137} INFO - [2023-03-14T14:04:40.638+0000] {dag.py:3441} INFO - Setting next_dagrun for dataset_produces_2 to None, run_after=None
[2023-03-14T14:04:40.686+0000] {processor.py:175} INFO - Processing /home/airflow/.local/lib/python3.7/site-packages/airflow/example_dags/example_datasets.py took 0.203 seconds
[2023-03-14T14:05:11.272+0000] {processor.py:153} INFO - Started process (PID=1395) to work on /home/airflow/.local/lib/python3.7/site-packages/airflow/example_dags/example_datasets.py
[2023-03-14T14:05:11.276+0000] {processor.py:743} INFO - Processing file /home/airflow/.local/lib/python3.7/site-packages/airflow/example_dags/example_datasets.py for tasks to queue
[2023-03-14T14:05:11.277+0000] {logging_mixin.py:137} INFO - [2023-03-14T14:05:11.277+0000] {dagbag.py:538} INFO - Filling up the DagBag from /home/airflow/.local/lib/python3.7/site-packages/airflow/example_dags/example_datasets.py
[2023-03-14T14:05:11.327+0000] {processor.py:753} INFO - DAG(s) dict_keys(['dataset_produces_1', 'dataset_consumes_unknown_never_scheduled', 'dataset_consumes_1', 'dataset_consumes_1_and_2', 'dataset_consumes_1_never_scheduled', 'dataset_produces_2']) retrieved from /home/airflow/.local/lib/python3.7/site-packages/airflow/example_dags/example_datasets.py
[2023-03-14T14:05:11.418+0000] {logging_mixin.py:137} INFO - [2023-03-14T14:05:11.417+0000] {dag.py:2690} INFO - Sync 6 DAGs
[2023-03-14T14:05:11.458+0000] {logging_mixin.py:137} INFO - [2023-03-14T14:05:11.457+0000] {dag.py:3441} INFO - Setting next_dagrun for dataset_consumes_1 to None, run_after=None
[2023-03-14T14:05:11.463+0000] {logging_mixin.py:137} INFO - [2023-03-14T14:05:11.462+0000] {dag.py:3441} INFO - Setting next_dagrun for dataset_consumes_1_and_2 to None, run_after=None
[2023-03-14T14:05:11.464+0000] {logging_mixin.py:137} INFO - [2023-03-14T14:05:11.464+0000] {dag.py:3441} INFO - Setting next_dagrun for dataset_consumes_1_never_scheduled to None, run_after=None
[2023-03-14T14:05:11.466+0000] {logging_mixin.py:137} INFO - [2023-03-14T14:05:11.465+0000] {dag.py:3441} INFO - Setting next_dagrun for dataset_consumes_unknown_never_scheduled to None, run_after=None
[2023-03-14T14:05:11.470+0000] {logging_mixin.py:137} INFO - [2023-03-14T14:05:11.470+0000] {dag.py:3441} INFO - Setting next_dagrun for dataset_produces_1 to 2023-03-13T00:00:00+00:00, run_after=2023-03-14T00:00:00+00:00
[2023-03-14T14:05:11.471+0000] {logging_mixin.py:137} INFO - [2023-03-14T14:05:11.471+0000] {dag.py:3441} INFO - Setting next_dagrun for dataset_produces_2 to None, run_after=None
[2023-03-14T14:05:11.527+0000] {processor.py:175} INFO - Processing /home/airflow/.local/lib/python3.7/site-packages/airflow/example_dags/example_datasets.py took 0.261 seconds
[2023-03-14T14:05:42.224+0000] {processor.py:153} INFO - Started process (PID=1620) to work on /home/airflow/.local/lib/python3.7/site-packages/airflow/example_dags/example_datasets.py
[2023-03-14T14:05:42.233+0000] {processor.py:743} INFO - Processing file /home/airflow/.local/lib/python3.7/site-packages/airflow/example_dags/example_datasets.py for tasks to queue
[2023-03-14T14:05:42.234+0000] {logging_mixin.py:137} INFO - [2023-03-14T14:05:42.234+0000] {dagbag.py:538} INFO - Filling up the DagBag from /home/airflow/.local/lib/python3.7/site-packages/airflow/example_dags/example_datasets.py
[2023-03-14T14:05:42.269+0000] {processor.py:753} INFO - DAG(s) dict_keys(['dataset_consumes_1', 'dataset_consumes_1_never_scheduled', 'dataset_produces_2', 'dataset_produces_1', 'dataset_consumes_unknown_never_scheduled', 'dataset_consumes_1_and_2']) retrieved from /home/airflow/.local/lib/python3.7/site-packages/airflow/example_dags/example_datasets.py
[2023-03-14T14:05:42.438+0000] {logging_mixin.py:137} INFO - [2023-03-14T14:05:42.437+0000] {dag.py:2690} INFO - Sync 6 DAGs
[2023-03-14T14:05:42.505+0000] {logging_mixin.py:137} INFO - [2023-03-14T14:05:42.505+0000] {dag.py:3441} INFO - Setting next_dagrun for dataset_consumes_1 to None, run_after=None
[2023-03-14T14:05:42.518+0000] {logging_mixin.py:137} INFO - [2023-03-14T14:05:42.518+0000] {dag.py:3441} INFO - Setting next_dagrun for dataset_consumes_1_and_2 to None, run_after=None
[2023-03-14T14:05:42.520+0000] {logging_mixin.py:137} INFO - [2023-03-14T14:05:42.520+0000] {dag.py:3441} INFO - Setting next_dagrun for dataset_consumes_1_never_scheduled to None, run_after=None
[2023-03-14T14:05:42.522+0000] {logging_mixin.py:137} INFO - [2023-03-14T14:05:42.521+0000] {dag.py:3441} INFO - Setting next_dagrun for dataset_consumes_unknown_never_scheduled to None, run_after=None
[2023-03-14T14:05:42.532+0000] {logging_mixin.py:137} INFO - [2023-03-14T14:05:42.532+0000] {dag.py:3441} INFO - Setting next_dagrun for dataset_produces_1 to 2023-03-13T00:00:00+00:00, run_after=2023-03-14T00:00:00+00:00
[2023-03-14T14:05:42.534+0000] {logging_mixin.py:137} INFO - [2023-03-14T14:05:42.534+0000] {dag.py:3441} INFO - Setting next_dagrun for dataset_produces_2 to None, run_after=None
[2023-03-14T14:05:42.635+0000] {processor.py:175} INFO - Processing /home/airflow/.local/lib/python3.7/site-packages/airflow/example_dags/example_datasets.py took 0.432 seconds
[2023-03-14T14:06:13.122+0000] {processor.py:153} INFO - Started process (PID=1834) to work on /home/airflow/.local/lib/python3.7/site-packages/airflow/example_dags/example_datasets.py
[2023-03-14T14:06:13.123+0000] {processor.py:743} INFO - Processing file /home/airflow/.local/lib/python3.7/site-packages/airflow/example_dags/example_datasets.py for tasks to queue
[2023-03-14T14:06:13.124+0000] {logging_mixin.py:137} INFO - [2023-03-14T14:06:13.124+0000] {dagbag.py:538} INFO - Filling up the DagBag from /home/airflow/.local/lib/python3.7/site-packages/airflow/example_dags/example_datasets.py
[2023-03-14T14:06:13.165+0000] {processor.py:753} INFO - DAG(s) dict_keys(['dataset_consumes_1_never_scheduled', 'dataset_consumes_1_and_2', 'dataset_consumes_unknown_never_scheduled', 'dataset_consumes_1', 'dataset_produces_1', 'dataset_produces_2']) retrieved from /home/airflow/.local/lib/python3.7/site-packages/airflow/example_dags/example_datasets.py
[2023-03-14T14:06:13.290+0000] {logging_mixin.py:137} INFO - [2023-03-14T14:06:13.290+0000] {dag.py:2690} INFO - Sync 6 DAGs
[2023-03-14T14:06:13.480+0000] {logging_mixin.py:137} INFO - [2023-03-14T14:06:13.480+0000] {dag.py:3441} INFO - Setting next_dagrun for dataset_consumes_1 to None, run_after=None
[2023-03-14T14:06:13.496+0000] {logging_mixin.py:137} INFO - [2023-03-14T14:06:13.495+0000] {dag.py:3441} INFO - Setting next_dagrun for dataset_consumes_1_and_2 to None, run_after=None
[2023-03-14T14:06:13.500+0000] {logging_mixin.py:137} INFO - [2023-03-14T14:06:13.500+0000] {dag.py:3441} INFO - Setting next_dagrun for dataset_consumes_1_never_scheduled to None, run_after=None
[2023-03-14T14:06:13.502+0000] {logging_mixin.py:137} INFO - [2023-03-14T14:06:13.502+0000] {dag.py:3441} INFO - Setting next_dagrun for dataset_consumes_unknown_never_scheduled to None, run_after=None
[2023-03-14T14:06:13.510+0000] {logging_mixin.py:137} INFO - [2023-03-14T14:06:13.510+0000] {dag.py:3441} INFO - Setting next_dagrun for dataset_produces_1 to 2023-03-13T00:00:00+00:00, run_after=2023-03-14T00:00:00+00:00
[2023-03-14T14:06:13.512+0000] {logging_mixin.py:137} INFO - [2023-03-14T14:06:13.512+0000] {dag.py:3441} INFO - Setting next_dagrun for dataset_produces_2 to None, run_after=None
[2023-03-14T14:06:13.601+0000] {processor.py:175} INFO - Processing /home/airflow/.local/lib/python3.7/site-packages/airflow/example_dags/example_datasets.py took 0.492 seconds
[2023-03-14T14:06:43.647+0000] {processor.py:153} INFO - Started process (PID=2051) to work on /home/airflow/.local/lib/python3.7/site-packages/airflow/example_dags/example_datasets.py
[2023-03-14T14:06:43.648+0000] {processor.py:743} INFO - Processing file /home/airflow/.local/lib/python3.7/site-packages/airflow/example_dags/example_datasets.py for tasks to queue
[2023-03-14T14:06:43.649+0000] {logging_mixin.py:137} INFO - [2023-03-14T14:06:43.648+0000] {dagbag.py:538} INFO - Filling up the DagBag from /home/airflow/.local/lib/python3.7/site-packages/airflow/example_dags/example_datasets.py
[2023-03-14T14:06:43.666+0000] {processor.py:753} INFO - DAG(s) dict_keys(['dataset_consumes_unknown_never_scheduled', 'dataset_consumes_1', 'dataset_produces_1', 'dataset_consumes_1_never_scheduled', 'dataset_produces_2', 'dataset_consumes_1_and_2']) retrieved from /home/airflow/.local/lib/python3.7/site-packages/airflow/example_dags/example_datasets.py
[2023-03-14T14:06:43.708+0000] {logging_mixin.py:137} INFO - [2023-03-14T14:06:43.708+0000] {dag.py:2690} INFO - Sync 6 DAGs
[2023-03-14T14:06:43.734+0000] {logging_mixin.py:137} INFO - [2023-03-14T14:06:43.734+0000] {dag.py:3441} INFO - Setting next_dagrun for dataset_consumes_1 to None, run_after=None
[2023-03-14T14:06:43.738+0000] {logging_mixin.py:137} INFO - [2023-03-14T14:06:43.738+0000] {dag.py:3441} INFO - Setting next_dagrun for dataset_consumes_1_and_2 to None, run_after=None
[2023-03-14T14:06:43.739+0000] {logging_mixin.py:137} INFO - [2023-03-14T14:06:43.739+0000] {dag.py:3441} INFO - Setting next_dagrun for dataset_consumes_1_never_scheduled to None, run_after=None
[2023-03-14T14:06:43.740+0000] {logging_mixin.py:137} INFO - [2023-03-14T14:06:43.740+0000] {dag.py:3441} INFO - Setting next_dagrun for dataset_consumes_unknown_never_scheduled to None, run_after=None
[2023-03-14T14:06:43.743+0000] {logging_mixin.py:137} INFO - [2023-03-14T14:06:43.743+0000] {dag.py:3441} INFO - Setting next_dagrun for dataset_produces_1 to 2023-03-13T00:00:00+00:00, run_after=2023-03-14T00:00:00+00:00
[2023-03-14T14:06:43.745+0000] {logging_mixin.py:137} INFO - [2023-03-14T14:06:43.745+0000] {dag.py:3441} INFO - Setting next_dagrun for dataset_produces_2 to None, run_after=None
[2023-03-14T14:06:43.808+0000] {processor.py:175} INFO - Processing /home/airflow/.local/lib/python3.7/site-packages/airflow/example_dags/example_datasets.py took 0.166 seconds
[2023-03-14T14:07:14.240+0000] {processor.py:153} INFO - Started process (PID=2263) to work on /home/airflow/.local/lib/python3.7/site-packages/airflow/example_dags/example_datasets.py
[2023-03-14T14:07:14.250+0000] {processor.py:743} INFO - Processing file /home/airflow/.local/lib/python3.7/site-packages/airflow/example_dags/example_datasets.py for tasks to queue
[2023-03-14T14:07:14.251+0000] {logging_mixin.py:137} INFO - [2023-03-14T14:07:14.251+0000] {dagbag.py:538} INFO - Filling up the DagBag from /home/airflow/.local/lib/python3.7/site-packages/airflow/example_dags/example_datasets.py
[2023-03-14T14:07:14.300+0000] {processor.py:753} INFO - DAG(s) dict_keys(['dataset_produces_1', 'dataset_consumes_1_never_scheduled', 'dataset_produces_2', 'dataset_consumes_1', 'dataset_consumes_unknown_never_scheduled', 'dataset_consumes_1_and_2']) retrieved from /home/airflow/.local/lib/python3.7/site-packages/airflow/example_dags/example_datasets.py
[2023-03-14T14:07:14.361+0000] {logging_mixin.py:137} INFO - [2023-03-14T14:07:14.360+0000] {dag.py:2690} INFO - Sync 6 DAGs
[2023-03-14T14:07:14.468+0000] {logging_mixin.py:137} INFO - [2023-03-14T14:07:14.468+0000] {dag.py:3441} INFO - Setting next_dagrun for dataset_consumes_1 to None, run_after=None
[2023-03-14T14:07:14.492+0000] {logging_mixin.py:137} INFO - [2023-03-14T14:07:14.491+0000] {dag.py:3441} INFO - Setting next_dagrun for dataset_consumes_1_and_2 to None, run_after=None
[2023-03-14T14:07:14.497+0000] {logging_mixin.py:137} INFO - [2023-03-14T14:07:14.497+0000] {dag.py:3441} INFO - Setting next_dagrun for dataset_consumes_1_never_scheduled to None, run_after=None
[2023-03-14T14:07:14.498+0000] {logging_mixin.py:137} INFO - [2023-03-14T14:07:14.498+0000] {dag.py:3441} INFO - Setting next_dagrun for dataset_consumes_unknown_never_scheduled to None, run_after=None
[2023-03-14T14:07:14.513+0000] {logging_mixin.py:137} INFO - [2023-03-14T14:07:14.513+0000] {dag.py:3441} INFO - Setting next_dagrun for dataset_produces_1 to 2023-03-13T00:00:00+00:00, run_after=2023-03-14T00:00:00+00:00
[2023-03-14T14:07:14.517+0000] {logging_mixin.py:137} INFO - [2023-03-14T14:07:14.517+0000] {dag.py:3441} INFO - Setting next_dagrun for dataset_produces_2 to None, run_after=None
[2023-03-14T14:07:15.112+0000] {processor.py:175} INFO - Processing /home/airflow/.local/lib/python3.7/site-packages/airflow/example_dags/example_datasets.py took 0.876 seconds
[2023-03-14T14:07:45.568+0000] {processor.py:153} INFO - Started process (PID=2487) to work on /home/airflow/.local/lib/python3.7/site-packages/airflow/example_dags/example_datasets.py
[2023-03-14T14:07:45.569+0000] {processor.py:743} INFO - Processing file /home/airflow/.local/lib/python3.7/site-packages/airflow/example_dags/example_datasets.py for tasks to queue
[2023-03-14T14:07:45.570+0000] {logging_mixin.py:137} INFO - [2023-03-14T14:07:45.570+0000] {dagbag.py:538} INFO - Filling up the DagBag from /home/airflow/.local/lib/python3.7/site-packages/airflow/example_dags/example_datasets.py
[2023-03-14T14:07:45.622+0000] {processor.py:753} INFO - DAG(s) dict_keys(['dataset_produces_2', 'dataset_produces_1', 'dataset_consumes_unknown_never_scheduled', 'dataset_consumes_1_and_2', 'dataset_consumes_1', 'dataset_consumes_1_never_scheduled']) retrieved from /home/airflow/.local/lib/python3.7/site-packages/airflow/example_dags/example_datasets.py
[2023-03-14T14:07:45.682+0000] {logging_mixin.py:137} INFO - [2023-03-14T14:07:45.681+0000] {dag.py:2690} INFO - Sync 6 DAGs
[2023-03-14T14:07:45.766+0000] {logging_mixin.py:137} INFO - [2023-03-14T14:07:45.765+0000] {dag.py:3441} INFO - Setting next_dagrun for dataset_consumes_1 to None, run_after=None
[2023-03-14T14:07:45.774+0000] {logging_mixin.py:137} INFO - [2023-03-14T14:07:45.774+0000] {dag.py:3441} INFO - Setting next_dagrun for dataset_consumes_1_and_2 to None, run_after=None
[2023-03-14T14:07:45.777+0000] {logging_mixin.py:137} INFO - [2023-03-14T14:07:45.776+0000] {dag.py:3441} INFO - Setting next_dagrun for dataset_consumes_1_never_scheduled to None, run_after=None
[2023-03-14T14:07:45.779+0000] {logging_mixin.py:137} INFO - [2023-03-14T14:07:45.779+0000] {dag.py:3441} INFO - Setting next_dagrun for dataset_consumes_unknown_never_scheduled to None, run_after=None
[2023-03-14T14:07:45.785+0000] {logging_mixin.py:137} INFO - [2023-03-14T14:07:45.785+0000] {dag.py:3441} INFO - Setting next_dagrun for dataset_produces_1 to 2023-03-13T00:00:00+00:00, run_after=2023-03-14T00:00:00+00:00
[2023-03-14T14:07:45.798+0000] {logging_mixin.py:137} INFO - [2023-03-14T14:07:45.797+0000] {dag.py:3441} INFO - Setting next_dagrun for dataset_produces_2 to None, run_after=None
[2023-03-14T14:07:45.882+0000] {processor.py:175} INFO - Processing /home/airflow/.local/lib/python3.7/site-packages/airflow/example_dags/example_datasets.py took 0.333 seconds
[2023-03-14T14:08:16.125+0000] {processor.py:153} INFO - Started process (PID=2703) to work on /home/airflow/.local/lib/python3.7/site-packages/airflow/example_dags/example_datasets.py
[2023-03-14T14:08:16.126+0000] {processor.py:743} INFO - Processing file /home/airflow/.local/lib/python3.7/site-packages/airflow/example_dags/example_datasets.py for tasks to queue
[2023-03-14T14:08:16.127+0000] {logging_mixin.py:137} INFO - [2023-03-14T14:08:16.127+0000] {dagbag.py:538} INFO - Filling up the DagBag from /home/airflow/.local/lib/python3.7/site-packages/airflow/example_dags/example_datasets.py
[2023-03-14T14:08:16.180+0000] {processor.py:753} INFO - DAG(s) dict_keys(['dataset_consumes_1', 'dataset_consumes_1_and_2', 'dataset_consumes_1_never_scheduled', 'dataset_consumes_unknown_never_scheduled', 'dataset_produces_2', 'dataset_produces_1']) retrieved from /home/airflow/.local/lib/python3.7/site-packages/airflow/example_dags/example_datasets.py
[2023-03-14T14:08:16.316+0000] {logging_mixin.py:137} INFO - [2023-03-14T14:08:16.315+0000] {dag.py:2690} INFO - Sync 6 DAGs
[2023-03-14T14:08:16.453+0000] {logging_mixin.py:137} INFO - [2023-03-14T14:08:16.452+0000] {dag.py:3441} INFO - Setting next_dagrun for dataset_consumes_1 to None, run_after=None
[2023-03-14T14:08:16.462+0000] {logging_mixin.py:137} INFO - [2023-03-14T14:08:16.461+0000] {dag.py:3441} INFO - Setting next_dagrun for dataset_consumes_1_and_2 to None, run_after=None
[2023-03-14T14:08:16.465+0000] {logging_mixin.py:137} INFO - [2023-03-14T14:08:16.464+0000] {dag.py:3441} INFO - Setting next_dagrun for dataset_consumes_1_never_scheduled to None, run_after=None
[2023-03-14T14:08:16.467+0000] {logging_mixin.py:137} INFO - [2023-03-14T14:08:16.467+0000] {dag.py:3441} INFO - Setting next_dagrun for dataset_consumes_unknown_never_scheduled to None, run_after=None
[2023-03-14T14:08:16.471+0000] {logging_mixin.py:137} INFO - [2023-03-14T14:08:16.471+0000] {dag.py:3441} INFO - Setting next_dagrun for dataset_produces_1 to 2023-03-13T00:00:00+00:00, run_after=2023-03-14T00:00:00+00:00
[2023-03-14T14:08:16.473+0000] {logging_mixin.py:137} INFO - [2023-03-14T14:08:16.473+0000] {dag.py:3441} INFO - Setting next_dagrun for dataset_produces_2 to None, run_after=None
[2023-03-14T14:08:16.548+0000] {processor.py:175} INFO - Processing /home/airflow/.local/lib/python3.7/site-packages/airflow/example_dags/example_datasets.py took 0.434 seconds
[2023-03-14T14:08:47.239+0000] {processor.py:153} INFO - Started process (PID=2921) to work on /home/airflow/.local/lib/python3.7/site-packages/airflow/example_dags/example_datasets.py
[2023-03-14T14:08:47.245+0000] {processor.py:743} INFO - Processing file /home/airflow/.local/lib/python3.7/site-packages/airflow/example_dags/example_datasets.py for tasks to queue
[2023-03-14T14:08:47.246+0000] {logging_mixin.py:137} INFO - [2023-03-14T14:08:47.246+0000] {dagbag.py:538} INFO - Filling up the DagBag from /home/airflow/.local/lib/python3.7/site-packages/airflow/example_dags/example_datasets.py
[2023-03-14T14:08:47.474+0000] {processor.py:753} INFO - DAG(s) dict_keys(['dataset_consumes_1_and_2', 'dataset_produces_1', 'dataset_produces_2', 'dataset_consumes_unknown_never_scheduled', 'dataset_consumes_1_never_scheduled', 'dataset_consumes_1']) retrieved from /home/airflow/.local/lib/python3.7/site-packages/airflow/example_dags/example_datasets.py
[2023-03-14T14:08:47.998+0000] {logging_mixin.py:137} INFO - [2023-03-14T14:08:47.997+0000] {dag.py:2690} INFO - Sync 6 DAGs
[2023-03-14T14:08:48.266+0000] {logging_mixin.py:137} INFO - [2023-03-14T14:08:48.266+0000] {dag.py:3441} INFO - Setting next_dagrun for dataset_consumes_1 to None, run_after=None
[2023-03-14T14:08:48.285+0000] {logging_mixin.py:137} INFO - [2023-03-14T14:08:48.285+0000] {dag.py:3441} INFO - Setting next_dagrun for dataset_consumes_1_and_2 to None, run_after=None
[2023-03-14T14:08:48.329+0000] {logging_mixin.py:137} INFO - [2023-03-14T14:08:48.329+0000] {dag.py:3441} INFO - Setting next_dagrun for dataset_consumes_1_never_scheduled to None, run_after=None
[2023-03-14T14:08:48.346+0000] {logging_mixin.py:137} INFO - [2023-03-14T14:08:48.346+0000] {dag.py:3441} INFO - Setting next_dagrun for dataset_consumes_unknown_never_scheduled to None, run_after=None
[2023-03-14T14:08:48.367+0000] {logging_mixin.py:137} INFO - [2023-03-14T14:08:48.367+0000] {dag.py:3441} INFO - Setting next_dagrun for dataset_produces_1 to 2023-03-13T00:00:00+00:00, run_after=2023-03-14T00:00:00+00:00
[2023-03-14T14:08:48.401+0000] {logging_mixin.py:137} INFO - [2023-03-14T14:08:48.401+0000] {dag.py:3441} INFO - Setting next_dagrun for dataset_produces_2 to None, run_after=None
[2023-03-14T14:08:48.753+0000] {processor.py:175} INFO - Processing /home/airflow/.local/lib/python3.7/site-packages/airflow/example_dags/example_datasets.py took 1.554 seconds
[2023-03-14T14:09:19.231+0000] {processor.py:153} INFO - Started process (PID=3161) to work on /home/airflow/.local/lib/python3.7/site-packages/airflow/example_dags/example_datasets.py
[2023-03-14T14:09:19.238+0000] {processor.py:743} INFO - Processing file /home/airflow/.local/lib/python3.7/site-packages/airflow/example_dags/example_datasets.py for tasks to queue
[2023-03-14T14:09:19.239+0000] {logging_mixin.py:137} INFO - [2023-03-14T14:09:19.239+0000] {dagbag.py:538} INFO - Filling up the DagBag from /home/airflow/.local/lib/python3.7/site-packages/airflow/example_dags/example_datasets.py
[2023-03-14T14:09:19.275+0000] {processor.py:753} INFO - DAG(s) dict_keys(['dataset_consumes_unknown_never_scheduled', 'dataset_produces_2', 'dataset_consumes_1', 'dataset_produces_1', 'dataset_consumes_1_and_2', 'dataset_consumes_1_never_scheduled']) retrieved from /home/airflow/.local/lib/python3.7/site-packages/airflow/example_dags/example_datasets.py
[2023-03-14T14:09:19.338+0000] {logging_mixin.py:137} INFO - [2023-03-14T14:09:19.337+0000] {dag.py:2690} INFO - Sync 6 DAGs
[2023-03-14T14:09:19.387+0000] {logging_mixin.py:137} INFO - [2023-03-14T14:09:19.387+0000] {dag.py:3441} INFO - Setting next_dagrun for dataset_consumes_1 to None, run_after=None
[2023-03-14T14:09:19.393+0000] {logging_mixin.py:137} INFO - [2023-03-14T14:09:19.393+0000] {dag.py:3441} INFO - Setting next_dagrun for dataset_consumes_1_and_2 to None, run_after=None
[2023-03-14T14:09:19.395+0000] {logging_mixin.py:137} INFO - [2023-03-14T14:09:19.395+0000] {dag.py:3441} INFO - Setting next_dagrun for dataset_consumes_1_never_scheduled to None, run_after=None
[2023-03-14T14:09:19.398+0000] {logging_mixin.py:137} INFO - [2023-03-14T14:09:19.398+0000] {dag.py:3441} INFO - Setting next_dagrun for dataset_consumes_unknown_never_scheduled to None, run_after=None
[2023-03-14T14:09:19.406+0000] {logging_mixin.py:137} INFO - [2023-03-14T14:09:19.406+0000] {dag.py:3441} INFO - Setting next_dagrun for dataset_produces_1 to 2023-03-13T00:00:00+00:00, run_after=2023-03-14T00:00:00+00:00
[2023-03-14T14:09:19.412+0000] {logging_mixin.py:137} INFO - [2023-03-14T14:09:19.412+0000] {dag.py:3441} INFO - Setting next_dagrun for dataset_produces_2 to None, run_after=None
[2023-03-14T14:09:19.617+0000] {processor.py:175} INFO - Processing /home/airflow/.local/lib/python3.7/site-packages/airflow/example_dags/example_datasets.py took 0.394 seconds
[2023-03-14T14:09:50.084+0000] {processor.py:153} INFO - Started process (PID=3380) to work on /home/airflow/.local/lib/python3.7/site-packages/airflow/example_dags/example_datasets.py
[2023-03-14T14:09:50.085+0000] {processor.py:743} INFO - Processing file /home/airflow/.local/lib/python3.7/site-packages/airflow/example_dags/example_datasets.py for tasks to queue
[2023-03-14T14:09:50.086+0000] {logging_mixin.py:137} INFO - [2023-03-14T14:09:50.086+0000] {dagbag.py:538} INFO - Filling up the DagBag from /home/airflow/.local/lib/python3.7/site-packages/airflow/example_dags/example_datasets.py
[2023-03-14T14:09:50.120+0000] {processor.py:753} INFO - DAG(s) dict_keys(['dataset_consumes_unknown_never_scheduled', 'dataset_consumes_1', 'dataset_produces_2', 'dataset_consumes_1_never_scheduled', 'dataset_consumes_1_and_2', 'dataset_produces_1']) retrieved from /home/airflow/.local/lib/python3.7/site-packages/airflow/example_dags/example_datasets.py
[2023-03-14T14:09:50.242+0000] {logging_mixin.py:137} INFO - [2023-03-14T14:09:50.242+0000] {dag.py:2690} INFO - Sync 6 DAGs
[2023-03-14T14:09:50.321+0000] {logging_mixin.py:137} INFO - [2023-03-14T14:09:50.321+0000] {dag.py:3441} INFO - Setting next_dagrun for dataset_consumes_1 to None, run_after=None
[2023-03-14T14:09:50.337+0000] {logging_mixin.py:137} INFO - [2023-03-14T14:09:50.337+0000] {dag.py:3441} INFO - Setting next_dagrun for dataset_consumes_1_and_2 to None, run_after=None
[2023-03-14T14:09:50.339+0000] {logging_mixin.py:137} INFO - [2023-03-14T14:09:50.339+0000] {dag.py:3441} INFO - Setting next_dagrun for dataset_consumes_1_never_scheduled to None, run_after=None
[2023-03-14T14:09:50.343+0000] {logging_mixin.py:137} INFO - [2023-03-14T14:09:50.343+0000] {dag.py:3441} INFO - Setting next_dagrun for dataset_consumes_unknown_never_scheduled to None, run_after=None
[2023-03-14T14:09:50.349+0000] {logging_mixin.py:137} INFO - [2023-03-14T14:09:50.349+0000] {dag.py:3441} INFO - Setting next_dagrun for dataset_produces_1 to 2023-03-13T00:00:00+00:00, run_after=2023-03-14T00:00:00+00:00
[2023-03-14T14:09:50.351+0000] {logging_mixin.py:137} INFO - [2023-03-14T14:09:50.351+0000] {dag.py:3441} INFO - Setting next_dagrun for dataset_produces_2 to None, run_after=None
[2023-03-14T14:09:50.467+0000] {processor.py:175} INFO - Processing /home/airflow/.local/lib/python3.7/site-packages/airflow/example_dags/example_datasets.py took 0.388 seconds
[2023-03-14T14:10:21.325+0000] {processor.py:153} INFO - Started process (PID=3597) to work on /home/airflow/.local/lib/python3.7/site-packages/airflow/example_dags/example_datasets.py
[2023-03-14T14:10:21.328+0000] {processor.py:743} INFO - Processing file /home/airflow/.local/lib/python3.7/site-packages/airflow/example_dags/example_datasets.py for tasks to queue
[2023-03-14T14:10:21.329+0000] {logging_mixin.py:137} INFO - [2023-03-14T14:10:21.329+0000] {dagbag.py:538} INFO - Filling up the DagBag from /home/airflow/.local/lib/python3.7/site-packages/airflow/example_dags/example_datasets.py
[2023-03-14T14:10:21.386+0000] {processor.py:753} INFO - DAG(s) dict_keys(['dataset_produces_2', 'dataset_consumes_1', 'dataset_consumes_1_and_2', 'dataset_consumes_unknown_never_scheduled', 'dataset_consumes_1_never_scheduled', 'dataset_produces_1']) retrieved from /home/airflow/.local/lib/python3.7/site-packages/airflow/example_dags/example_datasets.py
[2023-03-14T14:10:21.456+0000] {logging_mixin.py:137} INFO - [2023-03-14T14:10:21.456+0000] {dag.py:2690} INFO - Sync 6 DAGs
[2023-03-14T14:10:21.541+0000] {logging_mixin.py:137} INFO - [2023-03-14T14:10:21.534+0000] {dag.py:3441} INFO - Setting next_dagrun for dataset_consumes_1 to None, run_after=None
[2023-03-14T14:10:21.559+0000] {logging_mixin.py:137} INFO - [2023-03-14T14:10:21.559+0000] {dag.py:3441} INFO - Setting next_dagrun for dataset_consumes_1_and_2 to None, run_after=None
[2023-03-14T14:10:21.567+0000] {logging_mixin.py:137} INFO - [2023-03-14T14:10:21.566+0000] {dag.py:3441} INFO - Setting next_dagrun for dataset_consumes_1_never_scheduled to None, run_after=None
[2023-03-14T14:10:21.569+0000] {logging_mixin.py:137} INFO - [2023-03-14T14:10:21.569+0000] {dag.py:3441} INFO - Setting next_dagrun for dataset_consumes_unknown_never_scheduled to None, run_after=None
[2023-03-14T14:10:21.578+0000] {logging_mixin.py:137} INFO - [2023-03-14T14:10:21.578+0000] {dag.py:3441} INFO - Setting next_dagrun for dataset_produces_1 to 2023-03-13T00:00:00+00:00, run_after=2023-03-14T00:00:00+00:00
[2023-03-14T14:10:21.583+0000] {logging_mixin.py:137} INFO - [2023-03-14T14:10:21.583+0000] {dag.py:3441} INFO - Setting next_dagrun for dataset_produces_2 to None, run_after=None
[2023-03-14T14:10:21.641+0000] {processor.py:175} INFO - Processing /home/airflow/.local/lib/python3.7/site-packages/airflow/example_dags/example_datasets.py took 0.337 seconds
[2023-03-14T14:10:51.790+0000] {processor.py:153} INFO - Started process (PID=3812) to work on /home/airflow/.local/lib/python3.7/site-packages/airflow/example_dags/example_datasets.py
[2023-03-14T14:10:51.792+0000] {processor.py:743} INFO - Processing file /home/airflow/.local/lib/python3.7/site-packages/airflow/example_dags/example_datasets.py for tasks to queue
[2023-03-14T14:10:51.793+0000] {logging_mixin.py:137} INFO - [2023-03-14T14:10:51.793+0000] {dagbag.py:538} INFO - Filling up the DagBag from /home/airflow/.local/lib/python3.7/site-packages/airflow/example_dags/example_datasets.py
[2023-03-14T14:10:51.817+0000] {processor.py:753} INFO - DAG(s) dict_keys(['dataset_produces_1', 'dataset_consumes_1', 'dataset_consumes_unknown_never_scheduled', 'dataset_consumes_1_never_scheduled', 'dataset_consumes_1_and_2', 'dataset_produces_2']) retrieved from /home/airflow/.local/lib/python3.7/site-packages/airflow/example_dags/example_datasets.py
[2023-03-14T14:10:51.941+0000] {logging_mixin.py:137} INFO - [2023-03-14T14:10:51.940+0000] {dag.py:2690} INFO - Sync 6 DAGs
[2023-03-14T14:10:52.132+0000] {logging_mixin.py:137} INFO - [2023-03-14T14:10:52.132+0000] {dag.py:3441} INFO - Setting next_dagrun for dataset_consumes_1 to None, run_after=None
[2023-03-14T14:10:52.185+0000] {logging_mixin.py:137} INFO - [2023-03-14T14:10:52.184+0000] {dag.py:3441} INFO - Setting next_dagrun for dataset_consumes_1_and_2 to None, run_after=None
[2023-03-14T14:10:52.195+0000] {logging_mixin.py:137} INFO - [2023-03-14T14:10:52.194+0000] {dag.py:3441} INFO - Setting next_dagrun for dataset_consumes_1_never_scheduled to None, run_after=None
[2023-03-14T14:10:52.262+0000] {logging_mixin.py:137} INFO - [2023-03-14T14:10:52.260+0000] {dag.py:3441} INFO - Setting next_dagrun for dataset_consumes_unknown_never_scheduled to None, run_after=None
[2023-03-14T14:10:52.272+0000] {logging_mixin.py:137} INFO - [2023-03-14T14:10:52.272+0000] {dag.py:3441} INFO - Setting next_dagrun for dataset_produces_1 to 2023-03-13T00:00:00+00:00, run_after=2023-03-14T00:00:00+00:00
[2023-03-14T14:10:52.281+0000] {logging_mixin.py:137} INFO - [2023-03-14T14:10:52.281+0000] {dag.py:3441} INFO - Setting next_dagrun for dataset_produces_2 to None, run_after=None
[2023-03-14T14:10:52.748+0000] {processor.py:175} INFO - Processing /home/airflow/.local/lib/python3.7/site-packages/airflow/example_dags/example_datasets.py took 0.963 seconds
[2023-03-14T14:11:23.017+0000] {processor.py:153} INFO - Started process (PID=4026) to work on /home/airflow/.local/lib/python3.7/site-packages/airflow/example_dags/example_datasets.py
[2023-03-14T14:11:23.019+0000] {processor.py:743} INFO - Processing file /home/airflow/.local/lib/python3.7/site-packages/airflow/example_dags/example_datasets.py for tasks to queue
[2023-03-14T14:11:23.020+0000] {logging_mixin.py:137} INFO - [2023-03-14T14:11:23.019+0000] {dagbag.py:538} INFO - Filling up the DagBag from /home/airflow/.local/lib/python3.7/site-packages/airflow/example_dags/example_datasets.py
[2023-03-14T14:11:23.042+0000] {processor.py:753} INFO - DAG(s) dict_keys(['dataset_consumes_unknown_never_scheduled', 'dataset_produces_2', 'dataset_consumes_1_never_scheduled', 'dataset_consumes_1_and_2', 'dataset_consumes_1', 'dataset_produces_1']) retrieved from /home/airflow/.local/lib/python3.7/site-packages/airflow/example_dags/example_datasets.py
[2023-03-14T14:11:23.106+0000] {logging_mixin.py:137} INFO - [2023-03-14T14:11:23.106+0000] {dag.py:2690} INFO - Sync 6 DAGs
[2023-03-14T14:11:23.149+0000] {logging_mixin.py:137} INFO - [2023-03-14T14:11:23.149+0000] {dag.py:3441} INFO - Setting next_dagrun for dataset_consumes_1 to None, run_after=None
[2023-03-14T14:11:23.153+0000] {logging_mixin.py:137} INFO - [2023-03-14T14:11:23.153+0000] {dag.py:3441} INFO - Setting next_dagrun for dataset_consumes_1_and_2 to None, run_after=None
[2023-03-14T14:11:23.155+0000] {logging_mixin.py:137} INFO - [2023-03-14T14:11:23.155+0000] {dag.py:3441} INFO - Setting next_dagrun for dataset_consumes_1_never_scheduled to None, run_after=None
[2023-03-14T14:11:23.157+0000] {logging_mixin.py:137} INFO - [2023-03-14T14:11:23.157+0000] {dag.py:3441} INFO - Setting next_dagrun for dataset_consumes_unknown_never_scheduled to None, run_after=None
[2023-03-14T14:11:23.160+0000] {logging_mixin.py:137} INFO - [2023-03-14T14:11:23.160+0000] {dag.py:3441} INFO - Setting next_dagrun for dataset_produces_1 to 2023-03-13T00:00:00+00:00, run_after=2023-03-14T00:00:00+00:00
[2023-03-14T14:11:23.162+0000] {logging_mixin.py:137} INFO - [2023-03-14T14:11:23.162+0000] {dag.py:3441} INFO - Setting next_dagrun for dataset_produces_2 to None, run_after=None
[2023-03-14T14:11:23.214+0000] {processor.py:175} INFO - Processing /home/airflow/.local/lib/python3.7/site-packages/airflow/example_dags/example_datasets.py took 0.203 seconds
[2023-03-14T14:11:53.494+0000] {processor.py:153} INFO - Started process (PID=4241) to work on /home/airflow/.local/lib/python3.7/site-packages/airflow/example_dags/example_datasets.py
[2023-03-14T14:11:53.496+0000] {processor.py:743} INFO - Processing file /home/airflow/.local/lib/python3.7/site-packages/airflow/example_dags/example_datasets.py for tasks to queue
[2023-03-14T14:11:53.498+0000] {logging_mixin.py:137} INFO - [2023-03-14T14:11:53.498+0000] {dagbag.py:538} INFO - Filling up the DagBag from /home/airflow/.local/lib/python3.7/site-packages/airflow/example_dags/example_datasets.py
[2023-03-14T14:11:53.576+0000] {processor.py:753} INFO - DAG(s) dict_keys(['dataset_consumes_unknown_never_scheduled', 'dataset_produces_1', 'dataset_consumes_1', 'dataset_produces_2', 'dataset_consumes_1_and_2', 'dataset_consumes_1_never_scheduled']) retrieved from /home/airflow/.local/lib/python3.7/site-packages/airflow/example_dags/example_datasets.py
[2023-03-14T14:11:53.800+0000] {logging_mixin.py:137} INFO - [2023-03-14T14:11:53.798+0000] {dag.py:2690} INFO - Sync 6 DAGs
[2023-03-14T14:11:53.968+0000] {logging_mixin.py:137} INFO - [2023-03-14T14:11:53.968+0000] {dag.py:3441} INFO - Setting next_dagrun for dataset_consumes_1 to None, run_after=None
[2023-03-14T14:11:53.980+0000] {logging_mixin.py:137} INFO - [2023-03-14T14:11:53.980+0000] {dag.py:3441} INFO - Setting next_dagrun for dataset_consumes_1_and_2 to None, run_after=None
[2023-03-14T14:11:53.985+0000] {logging_mixin.py:137} INFO - [2023-03-14T14:11:53.985+0000] {dag.py:3441} INFO - Setting next_dagrun for dataset_consumes_1_never_scheduled to None, run_after=None
[2023-03-14T14:11:53.998+0000] {logging_mixin.py:137} INFO - [2023-03-14T14:11:53.997+0000] {dag.py:3441} INFO - Setting next_dagrun for dataset_consumes_unknown_never_scheduled to None, run_after=None
[2023-03-14T14:11:54.028+0000] {logging_mixin.py:137} INFO - [2023-03-14T14:11:54.024+0000] {dag.py:3441} INFO - Setting next_dagrun for dataset_produces_1 to 2023-03-13T00:00:00+00:00, run_after=2023-03-14T00:00:00+00:00
[2023-03-14T14:11:54.031+0000] {logging_mixin.py:137} INFO - [2023-03-14T14:11:54.031+0000] {dag.py:3441} INFO - Setting next_dagrun for dataset_produces_2 to None, run_after=None
[2023-03-14T14:11:54.139+0000] {processor.py:175} INFO - Processing /home/airflow/.local/lib/python3.7/site-packages/airflow/example_dags/example_datasets.py took 0.657 seconds
[2023-03-14T14:12:25.206+0000] {processor.py:153} INFO - Started process (PID=4456) to work on /home/airflow/.local/lib/python3.7/site-packages/airflow/example_dags/example_datasets.py
[2023-03-14T14:12:25.209+0000] {processor.py:743} INFO - Processing file /home/airflow/.local/lib/python3.7/site-packages/airflow/example_dags/example_datasets.py for tasks to queue
[2023-03-14T14:12:25.210+0000] {logging_mixin.py:137} INFO - [2023-03-14T14:12:25.209+0000] {dagbag.py:538} INFO - Filling up the DagBag from /home/airflow/.local/lib/python3.7/site-packages/airflow/example_dags/example_datasets.py
[2023-03-14T14:12:25.234+0000] {processor.py:753} INFO - DAG(s) dict_keys(['dataset_produces_2', 'dataset_consumes_unknown_never_scheduled', 'dataset_produces_1', 'dataset_consumes_1', 'dataset_consumes_1_never_scheduled', 'dataset_consumes_1_and_2']) retrieved from /home/airflow/.local/lib/python3.7/site-packages/airflow/example_dags/example_datasets.py
[2023-03-14T14:12:25.286+0000] {logging_mixin.py:137} INFO - [2023-03-14T14:12:25.286+0000] {dag.py:2690} INFO - Sync 6 DAGs
[2023-03-14T14:12:25.311+0000] {logging_mixin.py:137} INFO - [2023-03-14T14:12:25.311+0000] {dag.py:3441} INFO - Setting next_dagrun for dataset_consumes_1 to None, run_after=None
[2023-03-14T14:12:25.314+0000] {logging_mixin.py:137} INFO - [2023-03-14T14:12:25.314+0000] {dag.py:3441} INFO - Setting next_dagrun for dataset_consumes_1_and_2 to None, run_after=None
[2023-03-14T14:12:25.315+0000] {logging_mixin.py:137} INFO - [2023-03-14T14:12:25.315+0000] {dag.py:3441} INFO - Setting next_dagrun for dataset_consumes_1_never_scheduled to None, run_after=None
[2023-03-14T14:12:25.316+0000] {logging_mixin.py:137} INFO - [2023-03-14T14:12:25.316+0000] {dag.py:3441} INFO - Setting next_dagrun for dataset_consumes_unknown_never_scheduled to None, run_after=None
[2023-03-14T14:12:25.319+0000] {logging_mixin.py:137} INFO - [2023-03-14T14:12:25.319+0000] {dag.py:3441} INFO - Setting next_dagrun for dataset_produces_1 to 2023-03-13T00:00:00+00:00, run_after=2023-03-14T00:00:00+00:00
[2023-03-14T14:12:25.320+0000] {logging_mixin.py:137} INFO - [2023-03-14T14:12:25.320+0000] {dag.py:3441} INFO - Setting next_dagrun for dataset_produces_2 to None, run_after=None
[2023-03-14T14:12:25.363+0000] {processor.py:175} INFO - Processing /home/airflow/.local/lib/python3.7/site-packages/airflow/example_dags/example_datasets.py took 0.161 seconds
[2023-03-14T14:12:56.091+0000] {processor.py:153} INFO - Started process (PID=4671) to work on /home/airflow/.local/lib/python3.7/site-packages/airflow/example_dags/example_datasets.py
[2023-03-14T14:12:56.097+0000] {processor.py:743} INFO - Processing file /home/airflow/.local/lib/python3.7/site-packages/airflow/example_dags/example_datasets.py for tasks to queue
[2023-03-14T14:12:56.105+0000] {logging_mixin.py:137} INFO - [2023-03-14T14:12:56.104+0000] {dagbag.py:538} INFO - Filling up the DagBag from /home/airflow/.local/lib/python3.7/site-packages/airflow/example_dags/example_datasets.py
[2023-03-14T14:12:56.185+0000] {processor.py:753} INFO - DAG(s) dict_keys(['dataset_consumes_1_and_2', 'dataset_consumes_unknown_never_scheduled', 'dataset_produces_2', 'dataset_consumes_1_never_scheduled', 'dataset_produces_1', 'dataset_consumes_1']) retrieved from /home/airflow/.local/lib/python3.7/site-packages/airflow/example_dags/example_datasets.py
[2023-03-14T14:12:56.273+0000] {logging_mixin.py:137} INFO - [2023-03-14T14:12:56.272+0000] {dag.py:2690} INFO - Sync 6 DAGs
[2023-03-14T14:12:56.458+0000] {logging_mixin.py:137} INFO - [2023-03-14T14:12:56.458+0000] {dag.py:3441} INFO - Setting next_dagrun for dataset_consumes_1 to None, run_after=None
[2023-03-14T14:12:56.492+0000] {logging_mixin.py:137} INFO - [2023-03-14T14:12:56.491+0000] {dag.py:3441} INFO - Setting next_dagrun for dataset_consumes_1_and_2 to None, run_after=None
[2023-03-14T14:12:56.504+0000] {logging_mixin.py:137} INFO - [2023-03-14T14:12:56.504+0000] {dag.py:3441} INFO - Setting next_dagrun for dataset_consumes_1_never_scheduled to None, run_after=None
[2023-03-14T14:12:56.515+0000] {logging_mixin.py:137} INFO - [2023-03-14T14:12:56.515+0000] {dag.py:3441} INFO - Setting next_dagrun for dataset_consumes_unknown_never_scheduled to None, run_after=None
[2023-03-14T14:12:56.533+0000] {logging_mixin.py:137} INFO - [2023-03-14T14:12:56.533+0000] {dag.py:3441} INFO - Setting next_dagrun for dataset_produces_1 to 2023-03-13T00:00:00+00:00, run_after=2023-03-14T00:00:00+00:00
[2023-03-14T14:12:56.536+0000] {logging_mixin.py:137} INFO - [2023-03-14T14:12:56.536+0000] {dag.py:3441} INFO - Setting next_dagrun for dataset_produces_2 to None, run_after=None
[2023-03-14T14:12:56.676+0000] {processor.py:175} INFO - Processing /home/airflow/.local/lib/python3.7/site-packages/airflow/example_dags/example_datasets.py took 0.609 seconds
[2023-03-14T14:13:26.897+0000] {processor.py:153} INFO - Started process (PID=4886) to work on /home/airflow/.local/lib/python3.7/site-packages/airflow/example_dags/example_datasets.py
[2023-03-14T14:13:26.898+0000] {processor.py:743} INFO - Processing file /home/airflow/.local/lib/python3.7/site-packages/airflow/example_dags/example_datasets.py for tasks to queue
[2023-03-14T14:13:26.899+0000] {logging_mixin.py:137} INFO - [2023-03-14T14:13:26.899+0000] {dagbag.py:538} INFO - Filling up the DagBag from /home/airflow/.local/lib/python3.7/site-packages/airflow/example_dags/example_datasets.py
[2023-03-14T14:13:26.927+0000] {processor.py:753} INFO - DAG(s) dict_keys(['dataset_consumes_1_never_scheduled', 'dataset_consumes_unknown_never_scheduled', 'dataset_consumes_1_and_2', 'dataset_produces_1', 'dataset_produces_2', 'dataset_consumes_1']) retrieved from /home/airflow/.local/lib/python3.7/site-packages/airflow/example_dags/example_datasets.py
[2023-03-14T14:13:27.032+0000] {logging_mixin.py:137} INFO - [2023-03-14T14:13:27.032+0000] {dag.py:2690} INFO - Sync 6 DAGs
[2023-03-14T14:13:27.074+0000] {logging_mixin.py:137} INFO - [2023-03-14T14:13:27.074+0000] {dag.py:3441} INFO - Setting next_dagrun for dataset_consumes_1 to None, run_after=None
[2023-03-14T14:13:27.079+0000] {logging_mixin.py:137} INFO - [2023-03-14T14:13:27.079+0000] {dag.py:3441} INFO - Setting next_dagrun for dataset_consumes_1_and_2 to None, run_after=None
[2023-03-14T14:13:27.081+0000] {logging_mixin.py:137} INFO - [2023-03-14T14:13:27.081+0000] {dag.py:3441} INFO - Setting next_dagrun for dataset_consumes_1_never_scheduled to None, run_after=None
[2023-03-14T14:13:27.083+0000] {logging_mixin.py:137} INFO - [2023-03-14T14:13:27.082+0000] {dag.py:3441} INFO - Setting next_dagrun for dataset_consumes_unknown_never_scheduled to None, run_after=None
[2023-03-14T14:13:27.087+0000] {logging_mixin.py:137} INFO - [2023-03-14T14:13:27.086+0000] {dag.py:3441} INFO - Setting next_dagrun for dataset_produces_1 to 2023-03-13T00:00:00+00:00, run_after=2023-03-14T00:00:00+00:00
[2023-03-14T14:13:27.088+0000] {logging_mixin.py:137} INFO - [2023-03-14T14:13:27.088+0000] {dag.py:3441} INFO - Setting next_dagrun for dataset_produces_2 to None, run_after=None
[2023-03-14T14:13:27.143+0000] {processor.py:175} INFO - Processing /home/airflow/.local/lib/python3.7/site-packages/airflow/example_dags/example_datasets.py took 0.251 seconds
[2023-03-14T14:13:57.804+0000] {processor.py:153} INFO - Started process (PID=5109) to work on /home/airflow/.local/lib/python3.7/site-packages/airflow/example_dags/example_datasets.py
[2023-03-14T14:13:57.813+0000] {processor.py:743} INFO - Processing file /home/airflow/.local/lib/python3.7/site-packages/airflow/example_dags/example_datasets.py for tasks to queue
[2023-03-14T14:13:57.814+0000] {logging_mixin.py:137} INFO - [2023-03-14T14:13:57.813+0000] {dagbag.py:538} INFO - Filling up the DagBag from /home/airflow/.local/lib/python3.7/site-packages/airflow/example_dags/example_datasets.py
[2023-03-14T14:13:57.879+0000] {processor.py:753} INFO - DAG(s) dict_keys(['dataset_consumes_1_and_2', 'dataset_produces_1', 'dataset_consumes_1', 'dataset_consumes_unknown_never_scheduled', 'dataset_consumes_1_never_scheduled', 'dataset_produces_2']) retrieved from /home/airflow/.local/lib/python3.7/site-packages/airflow/example_dags/example_datasets.py
[2023-03-14T14:13:57.996+0000] {logging_mixin.py:137} INFO - [2023-03-14T14:13:57.996+0000] {dag.py:2690} INFO - Sync 6 DAGs
[2023-03-14T14:13:58.047+0000] {logging_mixin.py:137} INFO - [2023-03-14T14:13:58.047+0000] {dag.py:3441} INFO - Setting next_dagrun for dataset_consumes_1 to None, run_after=None
[2023-03-14T14:13:58.052+0000] {logging_mixin.py:137} INFO - [2023-03-14T14:13:58.052+0000] {dag.py:3441} INFO - Setting next_dagrun for dataset_consumes_1_and_2 to None, run_after=None
[2023-03-14T14:13:58.054+0000] {logging_mixin.py:137} INFO - [2023-03-14T14:13:58.054+0000] {dag.py:3441} INFO - Setting next_dagrun for dataset_consumes_1_never_scheduled to None, run_after=None
[2023-03-14T14:13:58.056+0000] {logging_mixin.py:137} INFO - [2023-03-14T14:13:58.056+0000] {dag.py:3441} INFO - Setting next_dagrun for dataset_consumes_unknown_never_scheduled to None, run_after=None
[2023-03-14T14:13:58.061+0000] {logging_mixin.py:137} INFO - [2023-03-14T14:13:58.061+0000] {dag.py:3441} INFO - Setting next_dagrun for dataset_produces_1 to 2023-03-13T00:00:00+00:00, run_after=2023-03-14T00:00:00+00:00
[2023-03-14T14:13:58.063+0000] {logging_mixin.py:137} INFO - [2023-03-14T14:13:58.062+0000] {dag.py:3441} INFO - Setting next_dagrun for dataset_produces_2 to None, run_after=None
[2023-03-14T14:13:58.166+0000] {processor.py:175} INFO - Processing /home/airflow/.local/lib/python3.7/site-packages/airflow/example_dags/example_datasets.py took 0.368 seconds
[2023-03-14T14:14:29.100+0000] {processor.py:153} INFO - Started process (PID=5325) to work on /home/airflow/.local/lib/python3.7/site-packages/airflow/example_dags/example_datasets.py
[2023-03-14T14:14:29.110+0000] {processor.py:743} INFO - Processing file /home/airflow/.local/lib/python3.7/site-packages/airflow/example_dags/example_datasets.py for tasks to queue
[2023-03-14T14:14:29.111+0000] {logging_mixin.py:137} INFO - [2023-03-14T14:14:29.111+0000] {dagbag.py:538} INFO - Filling up the DagBag from /home/airflow/.local/lib/python3.7/site-packages/airflow/example_dags/example_datasets.py
[2023-03-14T14:14:29.159+0000] {processor.py:753} INFO - DAG(s) dict_keys(['dataset_consumes_unknown_never_scheduled', 'dataset_consumes_1_and_2', 'dataset_produces_2', 'dataset_produces_1', 'dataset_consumes_1_never_scheduled', 'dataset_consumes_1']) retrieved from /home/airflow/.local/lib/python3.7/site-packages/airflow/example_dags/example_datasets.py
[2023-03-14T14:14:29.266+0000] {logging_mixin.py:137} INFO - [2023-03-14T14:14:29.266+0000] {dag.py:2690} INFO - Sync 6 DAGs
[2023-03-14T14:14:29.306+0000] {logging_mixin.py:137} INFO - [2023-03-14T14:14:29.306+0000] {dag.py:3441} INFO - Setting next_dagrun for dataset_consumes_1 to None, run_after=None
[2023-03-14T14:14:29.311+0000] {logging_mixin.py:137} INFO - [2023-03-14T14:14:29.311+0000] {dag.py:3441} INFO - Setting next_dagrun for dataset_consumes_1_and_2 to None, run_after=None
[2023-03-14T14:14:29.313+0000] {logging_mixin.py:137} INFO - [2023-03-14T14:14:29.313+0000] {dag.py:3441} INFO - Setting next_dagrun for dataset_consumes_1_never_scheduled to None, run_after=None
[2023-03-14T14:14:29.315+0000] {logging_mixin.py:137} INFO - [2023-03-14T14:14:29.315+0000] {dag.py:3441} INFO - Setting next_dagrun for dataset_consumes_unknown_never_scheduled to None, run_after=None
[2023-03-14T14:14:29.319+0000] {logging_mixin.py:137} INFO - [2023-03-14T14:14:29.319+0000] {dag.py:3441} INFO - Setting next_dagrun for dataset_produces_1 to 2023-03-13T00:00:00+00:00, run_after=2023-03-14T00:00:00+00:00
[2023-03-14T14:14:29.321+0000] {logging_mixin.py:137} INFO - [2023-03-14T14:14:29.320+0000] {dag.py:3441} INFO - Setting next_dagrun for dataset_produces_2 to None, run_after=None
[2023-03-14T14:14:29.414+0000] {processor.py:175} INFO - Processing /home/airflow/.local/lib/python3.7/site-packages/airflow/example_dags/example_datasets.py took 0.319 seconds
[2023-03-14T14:14:59.902+0000] {processor.py:153} INFO - Started process (PID=5541) to work on /home/airflow/.local/lib/python3.7/site-packages/airflow/example_dags/example_datasets.py
[2023-03-14T14:14:59.917+0000] {processor.py:743} INFO - Processing file /home/airflow/.local/lib/python3.7/site-packages/airflow/example_dags/example_datasets.py for tasks to queue
[2023-03-14T14:14:59.920+0000] {logging_mixin.py:137} INFO - [2023-03-14T14:14:59.920+0000] {dagbag.py:538} INFO - Filling up the DagBag from /home/airflow/.local/lib/python3.7/site-packages/airflow/example_dags/example_datasets.py
[2023-03-14T14:14:59.977+0000] {processor.py:753} INFO - DAG(s) dict_keys(['dataset_consumes_unknown_never_scheduled', 'dataset_consumes_1', 'dataset_consumes_1_and_2', 'dataset_consumes_1_never_scheduled', 'dataset_produces_1', 'dataset_produces_2']) retrieved from /home/airflow/.local/lib/python3.7/site-packages/airflow/example_dags/example_datasets.py
[2023-03-14T14:15:00.163+0000] {logging_mixin.py:137} INFO - [2023-03-14T14:15:00.161+0000] {dag.py:2690} INFO - Sync 6 DAGs
[2023-03-14T14:15:00.301+0000] {logging_mixin.py:137} INFO - [2023-03-14T14:15:00.299+0000] {dag.py:3441} INFO - Setting next_dagrun for dataset_consumes_1 to None, run_after=None
[2023-03-14T14:15:00.313+0000] {logging_mixin.py:137} INFO - [2023-03-14T14:15:00.313+0000] {dag.py:3441} INFO - Setting next_dagrun for dataset_consumes_1_and_2 to None, run_after=None
[2023-03-14T14:15:00.319+0000] {logging_mixin.py:137} INFO - [2023-03-14T14:15:00.319+0000] {dag.py:3441} INFO - Setting next_dagrun for dataset_consumes_1_never_scheduled to None, run_after=None
[2023-03-14T14:15:00.324+0000] {logging_mixin.py:137} INFO - [2023-03-14T14:15:00.324+0000] {dag.py:3441} INFO - Setting next_dagrun for dataset_consumes_unknown_never_scheduled to None, run_after=None
[2023-03-14T14:15:00.337+0000] {logging_mixin.py:137} INFO - [2023-03-14T14:15:00.337+0000] {dag.py:3441} INFO - Setting next_dagrun for dataset_produces_1 to 2023-03-13T00:00:00+00:00, run_after=2023-03-14T00:00:00+00:00
[2023-03-14T14:15:00.339+0000] {logging_mixin.py:137} INFO - [2023-03-14T14:15:00.339+0000] {dag.py:3441} INFO - Setting next_dagrun for dataset_produces_2 to None, run_after=None
[2023-03-14T14:15:00.520+0000] {processor.py:175} INFO - Processing /home/airflow/.local/lib/python3.7/site-packages/airflow/example_dags/example_datasets.py took 0.631 seconds
[2023-03-14T14:15:31.412+0000] {processor.py:153} INFO - Started process (PID=5759) to work on /home/airflow/.local/lib/python3.7/site-packages/airflow/example_dags/example_datasets.py
[2023-03-14T14:15:31.413+0000] {processor.py:743} INFO - Processing file /home/airflow/.local/lib/python3.7/site-packages/airflow/example_dags/example_datasets.py for tasks to queue
[2023-03-14T14:15:31.414+0000] {logging_mixin.py:137} INFO - [2023-03-14T14:15:31.414+0000] {dagbag.py:538} INFO - Filling up the DagBag from /home/airflow/.local/lib/python3.7/site-packages/airflow/example_dags/example_datasets.py
[2023-03-14T14:15:31.440+0000] {processor.py:753} INFO - DAG(s) dict_keys(['dataset_consumes_1', 'dataset_consumes_unknown_never_scheduled', 'dataset_consumes_1_and_2', 'dataset_consumes_1_never_scheduled', 'dataset_produces_2', 'dataset_produces_1']) retrieved from /home/airflow/.local/lib/python3.7/site-packages/airflow/example_dags/example_datasets.py
[2023-03-14T14:15:31.500+0000] {logging_mixin.py:137} INFO - [2023-03-14T14:15:31.499+0000] {dag.py:2690} INFO - Sync 6 DAGs
[2023-03-14T14:15:31.545+0000] {logging_mixin.py:137} INFO - [2023-03-14T14:15:31.544+0000] {dag.py:3441} INFO - Setting next_dagrun for dataset_consumes_1 to None, run_after=None
[2023-03-14T14:15:31.550+0000] {logging_mixin.py:137} INFO - [2023-03-14T14:15:31.550+0000] {dag.py:3441} INFO - Setting next_dagrun for dataset_consumes_1_and_2 to None, run_after=None
[2023-03-14T14:15:31.554+0000] {logging_mixin.py:137} INFO - [2023-03-14T14:15:31.554+0000] {dag.py:3441} INFO - Setting next_dagrun for dataset_consumes_1_never_scheduled to None, run_after=None
[2023-03-14T14:15:31.556+0000] {logging_mixin.py:137} INFO - [2023-03-14T14:15:31.555+0000] {dag.py:3441} INFO - Setting next_dagrun for dataset_consumes_unknown_never_scheduled to None, run_after=None
[2023-03-14T14:15:31.560+0000] {logging_mixin.py:137} INFO - [2023-03-14T14:15:31.560+0000] {dag.py:3441} INFO - Setting next_dagrun for dataset_produces_1 to 2023-03-13T00:00:00+00:00, run_after=2023-03-14T00:00:00+00:00
[2023-03-14T14:15:31.562+0000] {logging_mixin.py:137} INFO - [2023-03-14T14:15:31.562+0000] {dag.py:3441} INFO - Setting next_dagrun for dataset_produces_2 to None, run_after=None
[2023-03-14T14:15:31.611+0000] {processor.py:175} INFO - Processing /home/airflow/.local/lib/python3.7/site-packages/airflow/example_dags/example_datasets.py took 0.205 seconds
