[2023-03-14T14:02:30.530+0000] {processor.py:153} INFO - Started process (PID=270) to work on /home/airflow/.local/lib/python3.7/site-packages/airflow/example_dags/example_local_kubernetes_executor.py
[2023-03-14T14:02:30.531+0000] {processor.py:743} INFO - Processing file /home/airflow/.local/lib/python3.7/site-packages/airflow/example_dags/example_local_kubernetes_executor.py for tasks to queue
[2023-03-14T14:02:30.544+0000] {logging_mixin.py:137} INFO - [2023-03-14T14:02:30.544+0000] {dagbag.py:538} INFO - Filling up the DagBag from /home/airflow/.local/lib/python3.7/site-packages/airflow/example_dags/example_local_kubernetes_executor.py
[2023-03-14T14:02:30.733+0000] {processor.py:753} INFO - DAG(s) dict_keys(['example_local_kubernetes_executor']) retrieved from /home/airflow/.local/lib/python3.7/site-packages/airflow/example_dags/example_local_kubernetes_executor.py
[2023-03-14T14:02:30.955+0000] {logging_mixin.py:137} INFO - [2023-03-14T14:02:30.954+0000] {dag.py:2690} INFO - Sync 1 DAGs
[2023-03-14T14:02:31.265+0000] {logging_mixin.py:137} INFO - [2023-03-14T14:02:31.265+0000] {dag.py:3441} INFO - Setting next_dagrun for example_local_kubernetes_executor to None, run_after=None
[2023-03-14T14:02:31.503+0000] {processor.py:175} INFO - Processing /home/airflow/.local/lib/python3.7/site-packages/airflow/example_dags/example_local_kubernetes_executor.py took 1.008 seconds
[2023-03-14T14:03:02.665+0000] {processor.py:153} INFO - Started process (PID=485) to work on /home/airflow/.local/lib/python3.7/site-packages/airflow/example_dags/example_local_kubernetes_executor.py
[2023-03-14T14:03:02.670+0000] {processor.py:743} INFO - Processing file /home/airflow/.local/lib/python3.7/site-packages/airflow/example_dags/example_local_kubernetes_executor.py for tasks to queue
[2023-03-14T14:03:02.681+0000] {logging_mixin.py:137} INFO - [2023-03-14T14:03:02.681+0000] {dagbag.py:538} INFO - Filling up the DagBag from /home/airflow/.local/lib/python3.7/site-packages/airflow/example_dags/example_local_kubernetes_executor.py
[2023-03-14T14:03:02.991+0000] {processor.py:753} INFO - DAG(s) dict_keys(['example_local_kubernetes_executor']) retrieved from /home/airflow/.local/lib/python3.7/site-packages/airflow/example_dags/example_local_kubernetes_executor.py
[2023-03-14T14:03:03.212+0000] {logging_mixin.py:137} INFO - [2023-03-14T14:03:03.212+0000] {dag.py:2690} INFO - Sync 1 DAGs
[2023-03-14T14:03:03.414+0000] {logging_mixin.py:137} INFO - [2023-03-14T14:03:03.414+0000] {dag.py:3441} INFO - Setting next_dagrun for example_local_kubernetes_executor to None, run_after=None
[2023-03-14T14:03:03.637+0000] {processor.py:175} INFO - Processing /home/airflow/.local/lib/python3.7/site-packages/airflow/example_dags/example_local_kubernetes_executor.py took 0.993 seconds
[2023-03-14T14:03:34.351+0000] {processor.py:153} INFO - Started process (PID=699) to work on /home/airflow/.local/lib/python3.7/site-packages/airflow/example_dags/example_local_kubernetes_executor.py
[2023-03-14T14:03:34.373+0000] {processor.py:743} INFO - Processing file /home/airflow/.local/lib/python3.7/site-packages/airflow/example_dags/example_local_kubernetes_executor.py for tasks to queue
[2023-03-14T14:03:34.374+0000] {logging_mixin.py:137} INFO - [2023-03-14T14:03:34.374+0000] {dagbag.py:538} INFO - Filling up the DagBag from /home/airflow/.local/lib/python3.7/site-packages/airflow/example_dags/example_local_kubernetes_executor.py
[2023-03-14T14:03:34.484+0000] {processor.py:753} INFO - DAG(s) dict_keys(['example_local_kubernetes_executor']) retrieved from /home/airflow/.local/lib/python3.7/site-packages/airflow/example_dags/example_local_kubernetes_executor.py
[2023-03-14T14:03:34.591+0000] {logging_mixin.py:137} INFO - [2023-03-14T14:03:34.591+0000] {dag.py:2690} INFO - Sync 1 DAGs
[2023-03-14T14:03:34.660+0000] {logging_mixin.py:137} INFO - [2023-03-14T14:03:34.660+0000] {dag.py:3441} INFO - Setting next_dagrun for example_local_kubernetes_executor to None, run_after=None
[2023-03-14T14:03:34.694+0000] {processor.py:175} INFO - Processing /home/airflow/.local/lib/python3.7/site-packages/airflow/example_dags/example_local_kubernetes_executor.py took 0.355 seconds
[2023-03-14T14:04:05.408+0000] {processor.py:153} INFO - Started process (PID=915) to work on /home/airflow/.local/lib/python3.7/site-packages/airflow/example_dags/example_local_kubernetes_executor.py
[2023-03-14T14:04:05.424+0000] {processor.py:743} INFO - Processing file /home/airflow/.local/lib/python3.7/site-packages/airflow/example_dags/example_local_kubernetes_executor.py for tasks to queue
[2023-03-14T14:04:05.432+0000] {logging_mixin.py:137} INFO - [2023-03-14T14:04:05.432+0000] {dagbag.py:538} INFO - Filling up the DagBag from /home/airflow/.local/lib/python3.7/site-packages/airflow/example_dags/example_local_kubernetes_executor.py
[2023-03-14T14:04:05.729+0000] {processor.py:753} INFO - DAG(s) dict_keys(['example_local_kubernetes_executor']) retrieved from /home/airflow/.local/lib/python3.7/site-packages/airflow/example_dags/example_local_kubernetes_executor.py
[2023-03-14T14:04:05.983+0000] {logging_mixin.py:137} INFO - [2023-03-14T14:04:05.982+0000] {dag.py:2690} INFO - Sync 1 DAGs
[2023-03-14T14:04:06.150+0000] {logging_mixin.py:137} INFO - [2023-03-14T14:04:06.149+0000] {dag.py:3441} INFO - Setting next_dagrun for example_local_kubernetes_executor to None, run_after=None
[2023-03-14T14:04:06.233+0000] {processor.py:175} INFO - Processing /home/airflow/.local/lib/python3.7/site-packages/airflow/example_dags/example_local_kubernetes_executor.py took 0.864 seconds
[2023-03-14T14:04:36.628+0000] {processor.py:153} INFO - Started process (PID=1128) to work on /home/airflow/.local/lib/python3.7/site-packages/airflow/example_dags/example_local_kubernetes_executor.py
[2023-03-14T14:04:36.637+0000] {processor.py:743} INFO - Processing file /home/airflow/.local/lib/python3.7/site-packages/airflow/example_dags/example_local_kubernetes_executor.py for tasks to queue
[2023-03-14T14:04:36.638+0000] {logging_mixin.py:137} INFO - [2023-03-14T14:04:36.638+0000] {dagbag.py:538} INFO - Filling up the DagBag from /home/airflow/.local/lib/python3.7/site-packages/airflow/example_dags/example_local_kubernetes_executor.py
[2023-03-14T14:04:36.740+0000] {processor.py:753} INFO - DAG(s) dict_keys(['example_local_kubernetes_executor']) retrieved from /home/airflow/.local/lib/python3.7/site-packages/airflow/example_dags/example_local_kubernetes_executor.py
[2023-03-14T14:04:36.861+0000] {logging_mixin.py:137} INFO - [2023-03-14T14:04:36.860+0000] {dag.py:2690} INFO - Sync 1 DAGs
[2023-03-14T14:04:36.942+0000] {logging_mixin.py:137} INFO - [2023-03-14T14:04:36.942+0000] {dag.py:3441} INFO - Setting next_dagrun for example_local_kubernetes_executor to None, run_after=None
[2023-03-14T14:04:36.989+0000] {processor.py:175} INFO - Processing /home/airflow/.local/lib/python3.7/site-packages/airflow/example_dags/example_local_kubernetes_executor.py took 0.368 seconds
[2023-03-14T14:05:07.717+0000] {processor.py:153} INFO - Started process (PID=1342) to work on /home/airflow/.local/lib/python3.7/site-packages/airflow/example_dags/example_local_kubernetes_executor.py
[2023-03-14T14:05:07.744+0000] {processor.py:743} INFO - Processing file /home/airflow/.local/lib/python3.7/site-packages/airflow/example_dags/example_local_kubernetes_executor.py for tasks to queue
[2023-03-14T14:05:07.766+0000] {logging_mixin.py:137} INFO - [2023-03-14T14:05:07.766+0000] {dagbag.py:538} INFO - Filling up the DagBag from /home/airflow/.local/lib/python3.7/site-packages/airflow/example_dags/example_local_kubernetes_executor.py
[2023-03-14T14:05:08.062+0000] {processor.py:753} INFO - DAG(s) dict_keys(['example_local_kubernetes_executor']) retrieved from /home/airflow/.local/lib/python3.7/site-packages/airflow/example_dags/example_local_kubernetes_executor.py
[2023-03-14T14:05:08.329+0000] {logging_mixin.py:137} INFO - [2023-03-14T14:05:08.329+0000] {dag.py:2690} INFO - Sync 1 DAGs
[2023-03-14T14:05:08.400+0000] {logging_mixin.py:137} INFO - [2023-03-14T14:05:08.400+0000] {dag.py:3441} INFO - Setting next_dagrun for example_local_kubernetes_executor to None, run_after=None
[2023-03-14T14:05:08.441+0000] {processor.py:175} INFO - Processing /home/airflow/.local/lib/python3.7/site-packages/airflow/example_dags/example_local_kubernetes_executor.py took 0.775 seconds
[2023-03-14T14:05:38.932+0000] {processor.py:153} INFO - Started process (PID=1558) to work on /home/airflow/.local/lib/python3.7/site-packages/airflow/example_dags/example_local_kubernetes_executor.py
[2023-03-14T14:05:38.940+0000] {processor.py:743} INFO - Processing file /home/airflow/.local/lib/python3.7/site-packages/airflow/example_dags/example_local_kubernetes_executor.py for tasks to queue
[2023-03-14T14:05:38.946+0000] {logging_mixin.py:137} INFO - [2023-03-14T14:05:38.946+0000] {dagbag.py:538} INFO - Filling up the DagBag from /home/airflow/.local/lib/python3.7/site-packages/airflow/example_dags/example_local_kubernetes_executor.py
[2023-03-14T14:05:39.002+0000] {processor.py:753} INFO - DAG(s) dict_keys(['example_local_kubernetes_executor']) retrieved from /home/airflow/.local/lib/python3.7/site-packages/airflow/example_dags/example_local_kubernetes_executor.py
[2023-03-14T14:05:39.045+0000] {logging_mixin.py:137} INFO - [2023-03-14T14:05:39.045+0000] {dag.py:2690} INFO - Sync 1 DAGs
[2023-03-14T14:05:39.086+0000] {logging_mixin.py:137} INFO - [2023-03-14T14:05:39.086+0000] {dag.py:3441} INFO - Setting next_dagrun for example_local_kubernetes_executor to None, run_after=None
[2023-03-14T14:05:39.119+0000] {processor.py:175} INFO - Processing /home/airflow/.local/lib/python3.7/site-packages/airflow/example_dags/example_local_kubernetes_executor.py took 0.223 seconds
[2023-03-14T14:06:10.135+0000] {processor.py:153} INFO - Started process (PID=1772) to work on /home/airflow/.local/lib/python3.7/site-packages/airflow/example_dags/example_local_kubernetes_executor.py
[2023-03-14T14:06:10.144+0000] {processor.py:743} INFO - Processing file /home/airflow/.local/lib/python3.7/site-packages/airflow/example_dags/example_local_kubernetes_executor.py for tasks to queue
[2023-03-14T14:06:10.146+0000] {logging_mixin.py:137} INFO - [2023-03-14T14:06:10.146+0000] {dagbag.py:538} INFO - Filling up the DagBag from /home/airflow/.local/lib/python3.7/site-packages/airflow/example_dags/example_local_kubernetes_executor.py
[2023-03-14T14:06:10.227+0000] {processor.py:753} INFO - DAG(s) dict_keys(['example_local_kubernetes_executor']) retrieved from /home/airflow/.local/lib/python3.7/site-packages/airflow/example_dags/example_local_kubernetes_executor.py
[2023-03-14T14:06:10.311+0000] {logging_mixin.py:137} INFO - [2023-03-14T14:06:10.310+0000] {dag.py:2690} INFO - Sync 1 DAGs
[2023-03-14T14:06:10.365+0000] {logging_mixin.py:137} INFO - [2023-03-14T14:06:10.365+0000] {dag.py:3441} INFO - Setting next_dagrun for example_local_kubernetes_executor to None, run_after=None
[2023-03-14T14:06:10.403+0000] {processor.py:175} INFO - Processing /home/airflow/.local/lib/python3.7/site-packages/airflow/example_dags/example_local_kubernetes_executor.py took 0.280 seconds
[2023-03-14T14:06:41.144+0000] {processor.py:153} INFO - Started process (PID=1999) to work on /home/airflow/.local/lib/python3.7/site-packages/airflow/example_dags/example_local_kubernetes_executor.py
[2023-03-14T14:06:41.145+0000] {processor.py:743} INFO - Processing file /home/airflow/.local/lib/python3.7/site-packages/airflow/example_dags/example_local_kubernetes_executor.py for tasks to queue
[2023-03-14T14:06:41.146+0000] {logging_mixin.py:137} INFO - [2023-03-14T14:06:41.146+0000] {dagbag.py:538} INFO - Filling up the DagBag from /home/airflow/.local/lib/python3.7/site-packages/airflow/example_dags/example_local_kubernetes_executor.py
[2023-03-14T14:06:41.240+0000] {processor.py:753} INFO - DAG(s) dict_keys(['example_local_kubernetes_executor']) retrieved from /home/airflow/.local/lib/python3.7/site-packages/airflow/example_dags/example_local_kubernetes_executor.py
[2023-03-14T14:06:41.360+0000] {logging_mixin.py:137} INFO - [2023-03-14T14:06:41.358+0000] {dag.py:2690} INFO - Sync 1 DAGs
[2023-03-14T14:06:41.412+0000] {logging_mixin.py:137} INFO - [2023-03-14T14:06:41.412+0000] {dag.py:3441} INFO - Setting next_dagrun for example_local_kubernetes_executor to None, run_after=None
[2023-03-14T14:06:41.448+0000] {processor.py:175} INFO - Processing /home/airflow/.local/lib/python3.7/site-packages/airflow/example_dags/example_local_kubernetes_executor.py took 0.310 seconds
[2023-03-14T14:07:11.565+0000] {processor.py:153} INFO - Started process (PID=2213) to work on /home/airflow/.local/lib/python3.7/site-packages/airflow/example_dags/example_local_kubernetes_executor.py
[2023-03-14T14:07:11.568+0000] {processor.py:743} INFO - Processing file /home/airflow/.local/lib/python3.7/site-packages/airflow/example_dags/example_local_kubernetes_executor.py for tasks to queue
[2023-03-14T14:07:11.569+0000] {logging_mixin.py:137} INFO - [2023-03-14T14:07:11.568+0000] {dagbag.py:538} INFO - Filling up the DagBag from /home/airflow/.local/lib/python3.7/site-packages/airflow/example_dags/example_local_kubernetes_executor.py
[2023-03-14T14:07:11.618+0000] {processor.py:753} INFO - DAG(s) dict_keys(['example_local_kubernetes_executor']) retrieved from /home/airflow/.local/lib/python3.7/site-packages/airflow/example_dags/example_local_kubernetes_executor.py
[2023-03-14T14:07:11.656+0000] {logging_mixin.py:137} INFO - [2023-03-14T14:07:11.656+0000] {dag.py:2690} INFO - Sync 1 DAGs
[2023-03-14T14:07:11.692+0000] {logging_mixin.py:137} INFO - [2023-03-14T14:07:11.692+0000] {dag.py:3441} INFO - Setting next_dagrun for example_local_kubernetes_executor to None, run_after=None
[2023-03-14T14:07:11.732+0000] {processor.py:175} INFO - Processing /home/airflow/.local/lib/python3.7/site-packages/airflow/example_dags/example_local_kubernetes_executor.py took 0.171 seconds
[2023-03-14T14:07:42.031+0000] {processor.py:153} INFO - Started process (PID=2426) to work on /home/airflow/.local/lib/python3.7/site-packages/airflow/example_dags/example_local_kubernetes_executor.py
[2023-03-14T14:07:42.032+0000] {processor.py:743} INFO - Processing file /home/airflow/.local/lib/python3.7/site-packages/airflow/example_dags/example_local_kubernetes_executor.py for tasks to queue
[2023-03-14T14:07:42.033+0000] {logging_mixin.py:137} INFO - [2023-03-14T14:07:42.033+0000] {dagbag.py:538} INFO - Filling up the DagBag from /home/airflow/.local/lib/python3.7/site-packages/airflow/example_dags/example_local_kubernetes_executor.py
[2023-03-14T14:07:42.126+0000] {processor.py:753} INFO - DAG(s) dict_keys(['example_local_kubernetes_executor']) retrieved from /home/airflow/.local/lib/python3.7/site-packages/airflow/example_dags/example_local_kubernetes_executor.py
[2023-03-14T14:07:42.178+0000] {logging_mixin.py:137} INFO - [2023-03-14T14:07:42.178+0000] {dag.py:2690} INFO - Sync 1 DAGs
[2023-03-14T14:07:42.221+0000] {logging_mixin.py:137} INFO - [2023-03-14T14:07:42.221+0000] {dag.py:3441} INFO - Setting next_dagrun for example_local_kubernetes_executor to None, run_after=None
[2023-03-14T14:07:42.258+0000] {processor.py:175} INFO - Processing /home/airflow/.local/lib/python3.7/site-packages/airflow/example_dags/example_local_kubernetes_executor.py took 0.244 seconds
[2023-03-14T14:08:12.955+0000] {processor.py:153} INFO - Started process (PID=2643) to work on /home/airflow/.local/lib/python3.7/site-packages/airflow/example_dags/example_local_kubernetes_executor.py
[2023-03-14T14:08:12.959+0000] {processor.py:743} INFO - Processing file /home/airflow/.local/lib/python3.7/site-packages/airflow/example_dags/example_local_kubernetes_executor.py for tasks to queue
[2023-03-14T14:08:12.960+0000] {logging_mixin.py:137} INFO - [2023-03-14T14:08:12.960+0000] {dagbag.py:538} INFO - Filling up the DagBag from /home/airflow/.local/lib/python3.7/site-packages/airflow/example_dags/example_local_kubernetes_executor.py
[2023-03-14T14:08:13.013+0000] {processor.py:753} INFO - DAG(s) dict_keys(['example_local_kubernetes_executor']) retrieved from /home/airflow/.local/lib/python3.7/site-packages/airflow/example_dags/example_local_kubernetes_executor.py
[2023-03-14T14:08:13.084+0000] {logging_mixin.py:137} INFO - [2023-03-14T14:08:13.084+0000] {dag.py:2690} INFO - Sync 1 DAGs
[2023-03-14T14:08:13.130+0000] {logging_mixin.py:137} INFO - [2023-03-14T14:08:13.130+0000] {dag.py:3441} INFO - Setting next_dagrun for example_local_kubernetes_executor to None, run_after=None
[2023-03-14T14:08:13.154+0000] {processor.py:175} INFO - Processing /home/airflow/.local/lib/python3.7/site-packages/airflow/example_dags/example_local_kubernetes_executor.py took 0.203 seconds
[2023-03-14T14:08:43.727+0000] {processor.py:153} INFO - Started process (PID=2867) to work on /home/airflow/.local/lib/python3.7/site-packages/airflow/example_dags/example_local_kubernetes_executor.py
[2023-03-14T14:08:43.728+0000] {processor.py:743} INFO - Processing file /home/airflow/.local/lib/python3.7/site-packages/airflow/example_dags/example_local_kubernetes_executor.py for tasks to queue
[2023-03-14T14:08:43.729+0000] {logging_mixin.py:137} INFO - [2023-03-14T14:08:43.729+0000] {dagbag.py:538} INFO - Filling up the DagBag from /home/airflow/.local/lib/python3.7/site-packages/airflow/example_dags/example_local_kubernetes_executor.py
[2023-03-14T14:08:43.822+0000] {processor.py:753} INFO - DAG(s) dict_keys(['example_local_kubernetes_executor']) retrieved from /home/airflow/.local/lib/python3.7/site-packages/airflow/example_dags/example_local_kubernetes_executor.py
[2023-03-14T14:08:43.918+0000] {logging_mixin.py:137} INFO - [2023-03-14T14:08:43.917+0000] {dag.py:2690} INFO - Sync 1 DAGs
[2023-03-14T14:08:44.050+0000] {logging_mixin.py:137} INFO - [2023-03-14T14:08:44.050+0000] {dag.py:3441} INFO - Setting next_dagrun for example_local_kubernetes_executor to None, run_after=None
[2023-03-14T14:08:44.117+0000] {processor.py:175} INFO - Processing /home/airflow/.local/lib/python3.7/site-packages/airflow/example_dags/example_local_kubernetes_executor.py took 0.396 seconds
[2023-03-14T14:09:15.052+0000] {processor.py:153} INFO - Started process (PID=3106) to work on /home/airflow/.local/lib/python3.7/site-packages/airflow/example_dags/example_local_kubernetes_executor.py
[2023-03-14T14:09:15.073+0000] {processor.py:743} INFO - Processing file /home/airflow/.local/lib/python3.7/site-packages/airflow/example_dags/example_local_kubernetes_executor.py for tasks to queue
[2023-03-14T14:09:15.075+0000] {logging_mixin.py:137} INFO - [2023-03-14T14:09:15.075+0000] {dagbag.py:538} INFO - Filling up the DagBag from /home/airflow/.local/lib/python3.7/site-packages/airflow/example_dags/example_local_kubernetes_executor.py
[2023-03-14T14:09:15.402+0000] {processor.py:753} INFO - DAG(s) dict_keys(['example_local_kubernetes_executor']) retrieved from /home/airflow/.local/lib/python3.7/site-packages/airflow/example_dags/example_local_kubernetes_executor.py
[2023-03-14T14:09:15.669+0000] {logging_mixin.py:137} INFO - [2023-03-14T14:09:15.669+0000] {dag.py:2690} INFO - Sync 1 DAGs
[2023-03-14T14:09:15.848+0000] {logging_mixin.py:137} INFO - [2023-03-14T14:09:15.848+0000] {dag.py:3441} INFO - Setting next_dagrun for example_local_kubernetes_executor to None, run_after=None
[2023-03-14T14:09:16.114+0000] {processor.py:175} INFO - Processing /home/airflow/.local/lib/python3.7/site-packages/airflow/example_dags/example_local_kubernetes_executor.py took 1.092 seconds
[2023-03-14T14:09:47.239+0000] {processor.py:153} INFO - Started process (PID=3336) to work on /home/airflow/.local/lib/python3.7/site-packages/airflow/example_dags/example_local_kubernetes_executor.py
[2023-03-14T14:09:47.242+0000] {processor.py:743} INFO - Processing file /home/airflow/.local/lib/python3.7/site-packages/airflow/example_dags/example_local_kubernetes_executor.py for tasks to queue
[2023-03-14T14:09:47.243+0000] {logging_mixin.py:137} INFO - [2023-03-14T14:09:47.242+0000] {dagbag.py:538} INFO - Filling up the DagBag from /home/airflow/.local/lib/python3.7/site-packages/airflow/example_dags/example_local_kubernetes_executor.py
[2023-03-14T14:09:47.316+0000] {processor.py:753} INFO - DAG(s) dict_keys(['example_local_kubernetes_executor']) retrieved from /home/airflow/.local/lib/python3.7/site-packages/airflow/example_dags/example_local_kubernetes_executor.py
[2023-03-14T14:09:47.401+0000] {logging_mixin.py:137} INFO - [2023-03-14T14:09:47.401+0000] {dag.py:2690} INFO - Sync 1 DAGs
[2023-03-14T14:09:47.493+0000] {logging_mixin.py:137} INFO - [2023-03-14T14:09:47.493+0000] {dag.py:3441} INFO - Setting next_dagrun for example_local_kubernetes_executor to None, run_after=None
[2023-03-14T14:09:47.596+0000] {processor.py:175} INFO - Processing /home/airflow/.local/lib/python3.7/site-packages/airflow/example_dags/example_local_kubernetes_executor.py took 0.367 seconds
[2023-03-14T14:10:17.731+0000] {processor.py:153} INFO - Started process (PID=3549) to work on /home/airflow/.local/lib/python3.7/site-packages/airflow/example_dags/example_local_kubernetes_executor.py
[2023-03-14T14:10:17.736+0000] {processor.py:743} INFO - Processing file /home/airflow/.local/lib/python3.7/site-packages/airflow/example_dags/example_local_kubernetes_executor.py for tasks to queue
[2023-03-14T14:10:17.737+0000] {logging_mixin.py:137} INFO - [2023-03-14T14:10:17.737+0000] {dagbag.py:538} INFO - Filling up the DagBag from /home/airflow/.local/lib/python3.7/site-packages/airflow/example_dags/example_local_kubernetes_executor.py
[2023-03-14T14:10:17.784+0000] {processor.py:753} INFO - DAG(s) dict_keys(['example_local_kubernetes_executor']) retrieved from /home/airflow/.local/lib/python3.7/site-packages/airflow/example_dags/example_local_kubernetes_executor.py
[2023-03-14T14:10:17.876+0000] {logging_mixin.py:137} INFO - [2023-03-14T14:10:17.876+0000] {dag.py:2690} INFO - Sync 1 DAGs
[2023-03-14T14:10:17.961+0000] {logging_mixin.py:137} INFO - [2023-03-14T14:10:17.961+0000] {dag.py:3441} INFO - Setting next_dagrun for example_local_kubernetes_executor to None, run_after=None
[2023-03-14T14:10:18.016+0000] {processor.py:175} INFO - Processing /home/airflow/.local/lib/python3.7/site-packages/airflow/example_dags/example_local_kubernetes_executor.py took 0.291 seconds
[2023-03-14T14:10:48.427+0000] {processor.py:153} INFO - Started process (PID=3767) to work on /home/airflow/.local/lib/python3.7/site-packages/airflow/example_dags/example_local_kubernetes_executor.py
[2023-03-14T14:10:48.429+0000] {processor.py:743} INFO - Processing file /home/airflow/.local/lib/python3.7/site-packages/airflow/example_dags/example_local_kubernetes_executor.py for tasks to queue
[2023-03-14T14:10:48.430+0000] {logging_mixin.py:137} INFO - [2023-03-14T14:10:48.430+0000] {dagbag.py:538} INFO - Filling up the DagBag from /home/airflow/.local/lib/python3.7/site-packages/airflow/example_dags/example_local_kubernetes_executor.py
[2023-03-14T14:10:48.468+0000] {processor.py:753} INFO - DAG(s) dict_keys(['example_local_kubernetes_executor']) retrieved from /home/airflow/.local/lib/python3.7/site-packages/airflow/example_dags/example_local_kubernetes_executor.py
[2023-03-14T14:10:48.520+0000] {logging_mixin.py:137} INFO - [2023-03-14T14:10:48.520+0000] {dag.py:2690} INFO - Sync 1 DAGs
[2023-03-14T14:10:48.585+0000] {logging_mixin.py:137} INFO - [2023-03-14T14:10:48.584+0000] {dag.py:3441} INFO - Setting next_dagrun for example_local_kubernetes_executor to None, run_after=None
[2023-03-14T14:10:48.628+0000] {processor.py:175} INFO - Processing /home/airflow/.local/lib/python3.7/site-packages/airflow/example_dags/example_local_kubernetes_executor.py took 0.207 seconds
[2023-03-14T14:11:18.928+0000] {processor.py:153} INFO - Started process (PID=3981) to work on /home/airflow/.local/lib/python3.7/site-packages/airflow/example_dags/example_local_kubernetes_executor.py
[2023-03-14T14:11:18.940+0000] {processor.py:743} INFO - Processing file /home/airflow/.local/lib/python3.7/site-packages/airflow/example_dags/example_local_kubernetes_executor.py for tasks to queue
[2023-03-14T14:11:18.946+0000] {logging_mixin.py:137} INFO - [2023-03-14T14:11:18.945+0000] {dagbag.py:538} INFO - Filling up the DagBag from /home/airflow/.local/lib/python3.7/site-packages/airflow/example_dags/example_local_kubernetes_executor.py
[2023-03-14T14:11:19.114+0000] {processor.py:753} INFO - DAG(s) dict_keys(['example_local_kubernetes_executor']) retrieved from /home/airflow/.local/lib/python3.7/site-packages/airflow/example_dags/example_local_kubernetes_executor.py
[2023-03-14T14:11:19.172+0000] {logging_mixin.py:137} INFO - [2023-03-14T14:11:19.172+0000] {dag.py:2690} INFO - Sync 1 DAGs
[2023-03-14T14:11:19.212+0000] {logging_mixin.py:137} INFO - [2023-03-14T14:11:19.212+0000] {dag.py:3441} INFO - Setting next_dagrun for example_local_kubernetes_executor to None, run_after=None
[2023-03-14T14:11:19.248+0000] {processor.py:175} INFO - Processing /home/airflow/.local/lib/python3.7/site-packages/airflow/example_dags/example_local_kubernetes_executor.py took 0.334 seconds
[2023-03-14T14:11:49.514+0000] {processor.py:153} INFO - Started process (PID=4196) to work on /home/airflow/.local/lib/python3.7/site-packages/airflow/example_dags/example_local_kubernetes_executor.py
[2023-03-14T14:11:49.515+0000] {processor.py:743} INFO - Processing file /home/airflow/.local/lib/python3.7/site-packages/airflow/example_dags/example_local_kubernetes_executor.py for tasks to queue
[2023-03-14T14:11:49.516+0000] {logging_mixin.py:137} INFO - [2023-03-14T14:11:49.515+0000] {dagbag.py:538} INFO - Filling up the DagBag from /home/airflow/.local/lib/python3.7/site-packages/airflow/example_dags/example_local_kubernetes_executor.py
[2023-03-14T14:11:49.557+0000] {processor.py:753} INFO - DAG(s) dict_keys(['example_local_kubernetes_executor']) retrieved from /home/airflow/.local/lib/python3.7/site-packages/airflow/example_dags/example_local_kubernetes_executor.py
[2023-03-14T14:11:49.600+0000] {logging_mixin.py:137} INFO - [2023-03-14T14:11:49.600+0000] {dag.py:2690} INFO - Sync 1 DAGs
[2023-03-14T14:11:49.644+0000] {logging_mixin.py:137} INFO - [2023-03-14T14:11:49.643+0000] {dag.py:3441} INFO - Setting next_dagrun for example_local_kubernetes_executor to None, run_after=None
[2023-03-14T14:11:49.706+0000] {processor.py:175} INFO - Processing /home/airflow/.local/lib/python3.7/site-packages/airflow/example_dags/example_local_kubernetes_executor.py took 0.196 seconds
[2023-03-14T14:12:20.386+0000] {processor.py:153} INFO - Started process (PID=4411) to work on /home/airflow/.local/lib/python3.7/site-packages/airflow/example_dags/example_local_kubernetes_executor.py
[2023-03-14T14:12:20.392+0000] {processor.py:743} INFO - Processing file /home/airflow/.local/lib/python3.7/site-packages/airflow/example_dags/example_local_kubernetes_executor.py for tasks to queue
[2023-03-14T14:12:20.393+0000] {logging_mixin.py:137} INFO - [2023-03-14T14:12:20.393+0000] {dagbag.py:538} INFO - Filling up the DagBag from /home/airflow/.local/lib/python3.7/site-packages/airflow/example_dags/example_local_kubernetes_executor.py
[2023-03-14T14:12:20.437+0000] {processor.py:753} INFO - DAG(s) dict_keys(['example_local_kubernetes_executor']) retrieved from /home/airflow/.local/lib/python3.7/site-packages/airflow/example_dags/example_local_kubernetes_executor.py
[2023-03-14T14:12:20.486+0000] {logging_mixin.py:137} INFO - [2023-03-14T14:12:20.486+0000] {dag.py:2690} INFO - Sync 1 DAGs
[2023-03-14T14:12:20.526+0000] {logging_mixin.py:137} INFO - [2023-03-14T14:12:20.526+0000] {dag.py:3441} INFO - Setting next_dagrun for example_local_kubernetes_executor to None, run_after=None
[2023-03-14T14:12:20.560+0000] {processor.py:175} INFO - Processing /home/airflow/.local/lib/python3.7/site-packages/airflow/example_dags/example_local_kubernetes_executor.py took 0.180 seconds
[2023-03-14T14:12:50.657+0000] {processor.py:153} INFO - Started process (PID=4626) to work on /home/airflow/.local/lib/python3.7/site-packages/airflow/example_dags/example_local_kubernetes_executor.py
[2023-03-14T14:12:50.658+0000] {processor.py:743} INFO - Processing file /home/airflow/.local/lib/python3.7/site-packages/airflow/example_dags/example_local_kubernetes_executor.py for tasks to queue
[2023-03-14T14:12:50.659+0000] {logging_mixin.py:137} INFO - [2023-03-14T14:12:50.659+0000] {dagbag.py:538} INFO - Filling up the DagBag from /home/airflow/.local/lib/python3.7/site-packages/airflow/example_dags/example_local_kubernetes_executor.py
[2023-03-14T14:12:50.696+0000] {processor.py:753} INFO - DAG(s) dict_keys(['example_local_kubernetes_executor']) retrieved from /home/airflow/.local/lib/python3.7/site-packages/airflow/example_dags/example_local_kubernetes_executor.py
[2023-03-14T14:12:50.740+0000] {logging_mixin.py:137} INFO - [2023-03-14T14:12:50.740+0000] {dag.py:2690} INFO - Sync 1 DAGs
[2023-03-14T14:12:50.781+0000] {logging_mixin.py:137} INFO - [2023-03-14T14:12:50.781+0000] {dag.py:3441} INFO - Setting next_dagrun for example_local_kubernetes_executor to None, run_after=None
[2023-03-14T14:12:50.823+0000] {processor.py:175} INFO - Processing /home/airflow/.local/lib/python3.7/site-packages/airflow/example_dags/example_local_kubernetes_executor.py took 0.173 seconds
[2023-03-14T14:13:21.511+0000] {processor.py:153} INFO - Started process (PID=4841) to work on /home/airflow/.local/lib/python3.7/site-packages/airflow/example_dags/example_local_kubernetes_executor.py
[2023-03-14T14:13:21.513+0000] {processor.py:743} INFO - Processing file /home/airflow/.local/lib/python3.7/site-packages/airflow/example_dags/example_local_kubernetes_executor.py for tasks to queue
[2023-03-14T14:13:21.514+0000] {logging_mixin.py:137} INFO - [2023-03-14T14:13:21.513+0000] {dagbag.py:538} INFO - Filling up the DagBag from /home/airflow/.local/lib/python3.7/site-packages/airflow/example_dags/example_local_kubernetes_executor.py
[2023-03-14T14:13:21.562+0000] {processor.py:753} INFO - DAG(s) dict_keys(['example_local_kubernetes_executor']) retrieved from /home/airflow/.local/lib/python3.7/site-packages/airflow/example_dags/example_local_kubernetes_executor.py
[2023-03-14T14:13:21.621+0000] {logging_mixin.py:137} INFO - [2023-03-14T14:13:21.621+0000] {dag.py:2690} INFO - Sync 1 DAGs
[2023-03-14T14:13:21.661+0000] {logging_mixin.py:137} INFO - [2023-03-14T14:13:21.661+0000] {dag.py:3441} INFO - Setting next_dagrun for example_local_kubernetes_executor to None, run_after=None
[2023-03-14T14:13:21.700+0000] {processor.py:175} INFO - Processing /home/airflow/.local/lib/python3.7/site-packages/airflow/example_dags/example_local_kubernetes_executor.py took 0.194 seconds
[2023-03-14T14:13:51.767+0000] {processor.py:153} INFO - Started process (PID=5055) to work on /home/airflow/.local/lib/python3.7/site-packages/airflow/example_dags/example_local_kubernetes_executor.py
[2023-03-14T14:13:51.773+0000] {processor.py:743} INFO - Processing file /home/airflow/.local/lib/python3.7/site-packages/airflow/example_dags/example_local_kubernetes_executor.py for tasks to queue
[2023-03-14T14:13:51.774+0000] {logging_mixin.py:137} INFO - [2023-03-14T14:13:51.774+0000] {dagbag.py:538} INFO - Filling up the DagBag from /home/airflow/.local/lib/python3.7/site-packages/airflow/example_dags/example_local_kubernetes_executor.py
[2023-03-14T14:13:51.867+0000] {processor.py:753} INFO - DAG(s) dict_keys(['example_local_kubernetes_executor']) retrieved from /home/airflow/.local/lib/python3.7/site-packages/airflow/example_dags/example_local_kubernetes_executor.py
[2023-03-14T14:13:51.961+0000] {logging_mixin.py:137} INFO - [2023-03-14T14:13:51.961+0000] {dag.py:2690} INFO - Sync 1 DAGs
[2023-03-14T14:13:52.129+0000] {logging_mixin.py:137} INFO - [2023-03-14T14:13:52.129+0000] {dag.py:3441} INFO - Setting next_dagrun for example_local_kubernetes_executor to None, run_after=None
[2023-03-14T14:13:52.189+0000] {processor.py:175} INFO - Processing /home/airflow/.local/lib/python3.7/site-packages/airflow/example_dags/example_local_kubernetes_executor.py took 0.432 seconds
[2023-03-14T14:14:22.249+0000] {processor.py:153} INFO - Started process (PID=5271) to work on /home/airflow/.local/lib/python3.7/site-packages/airflow/example_dags/example_local_kubernetes_executor.py
[2023-03-14T14:14:22.251+0000] {processor.py:743} INFO - Processing file /home/airflow/.local/lib/python3.7/site-packages/airflow/example_dags/example_local_kubernetes_executor.py for tasks to queue
[2023-03-14T14:14:22.252+0000] {logging_mixin.py:137} INFO - [2023-03-14T14:14:22.252+0000] {dagbag.py:538} INFO - Filling up the DagBag from /home/airflow/.local/lib/python3.7/site-packages/airflow/example_dags/example_local_kubernetes_executor.py
[2023-03-14T14:14:22.305+0000] {processor.py:753} INFO - DAG(s) dict_keys(['example_local_kubernetes_executor']) retrieved from /home/airflow/.local/lib/python3.7/site-packages/airflow/example_dags/example_local_kubernetes_executor.py
[2023-03-14T14:14:22.377+0000] {logging_mixin.py:137} INFO - [2023-03-14T14:14:22.377+0000] {dag.py:2690} INFO - Sync 1 DAGs
[2023-03-14T14:14:22.419+0000] {logging_mixin.py:137} INFO - [2023-03-14T14:14:22.418+0000] {dag.py:3441} INFO - Setting next_dagrun for example_local_kubernetes_executor to None, run_after=None
[2023-03-14T14:14:22.450+0000] {processor.py:175} INFO - Processing /home/airflow/.local/lib/python3.7/site-packages/airflow/example_dags/example_local_kubernetes_executor.py took 0.205 seconds
[2023-03-14T14:14:53.242+0000] {processor.py:153} INFO - Started process (PID=5486) to work on /home/airflow/.local/lib/python3.7/site-packages/airflow/example_dags/example_local_kubernetes_executor.py
[2023-03-14T14:14:53.247+0000] {processor.py:743} INFO - Processing file /home/airflow/.local/lib/python3.7/site-packages/airflow/example_dags/example_local_kubernetes_executor.py for tasks to queue
[2023-03-14T14:14:53.248+0000] {logging_mixin.py:137} INFO - [2023-03-14T14:14:53.248+0000] {dagbag.py:538} INFO - Filling up the DagBag from /home/airflow/.local/lib/python3.7/site-packages/airflow/example_dags/example_local_kubernetes_executor.py
[2023-03-14T14:14:53.341+0000] {processor.py:753} INFO - DAG(s) dict_keys(['example_local_kubernetes_executor']) retrieved from /home/airflow/.local/lib/python3.7/site-packages/airflow/example_dags/example_local_kubernetes_executor.py
[2023-03-14T14:14:53.393+0000] {logging_mixin.py:137} INFO - [2023-03-14T14:14:53.393+0000] {dag.py:2690} INFO - Sync 1 DAGs
[2023-03-14T14:14:53.465+0000] {logging_mixin.py:137} INFO - [2023-03-14T14:14:53.465+0000] {dag.py:3441} INFO - Setting next_dagrun for example_local_kubernetes_executor to None, run_after=None
[2023-03-14T14:14:53.529+0000] {processor.py:175} INFO - Processing /home/airflow/.local/lib/python3.7/site-packages/airflow/example_dags/example_local_kubernetes_executor.py took 0.299 seconds
[2023-03-14T14:15:23.743+0000] {processor.py:153} INFO - Started process (PID=5709) to work on /home/airflow/.local/lib/python3.7/site-packages/airflow/example_dags/example_local_kubernetes_executor.py
[2023-03-14T14:15:23.744+0000] {processor.py:743} INFO - Processing file /home/airflow/.local/lib/python3.7/site-packages/airflow/example_dags/example_local_kubernetes_executor.py for tasks to queue
[2023-03-14T14:15:23.745+0000] {logging_mixin.py:137} INFO - [2023-03-14T14:15:23.745+0000] {dagbag.py:538} INFO - Filling up the DagBag from /home/airflow/.local/lib/python3.7/site-packages/airflow/example_dags/example_local_kubernetes_executor.py
[2023-03-14T14:15:23.778+0000] {processor.py:753} INFO - DAG(s) dict_keys(['example_local_kubernetes_executor']) retrieved from /home/airflow/.local/lib/python3.7/site-packages/airflow/example_dags/example_local_kubernetes_executor.py
[2023-03-14T14:15:23.815+0000] {logging_mixin.py:137} INFO - [2023-03-14T14:15:23.815+0000] {dag.py:2690} INFO - Sync 1 DAGs
[2023-03-14T14:15:23.866+0000] {logging_mixin.py:137} INFO - [2023-03-14T14:15:23.866+0000] {dag.py:3441} INFO - Setting next_dagrun for example_local_kubernetes_executor to None, run_after=None
[2023-03-14T14:15:23.895+0000] {processor.py:175} INFO - Processing /home/airflow/.local/lib/python3.7/site-packages/airflow/example_dags/example_local_kubernetes_executor.py took 0.156 seconds
