[2023-03-14T14:02:34.996+0000] {processor.py:153} INFO - Started process (PID=326) to work on /home/airflow/.local/lib/python3.7/site-packages/airflow/example_dags/example_kubernetes_executor.py
[2023-03-14T14:02:35.006+0000] {processor.py:743} INFO - Processing file /home/airflow/.local/lib/python3.7/site-packages/airflow/example_dags/example_kubernetes_executor.py for tasks to queue
[2023-03-14T14:02:35.008+0000] {logging_mixin.py:137} INFO - [2023-03-14T14:02:35.007+0000] {dagbag.py:538} INFO - Filling up the DagBag from /home/airflow/.local/lib/python3.7/site-packages/airflow/example_dags/example_kubernetes_executor.py
[2023-03-14T14:02:35.139+0000] {processor.py:753} INFO - DAG(s) dict_keys(['example_kubernetes_executor']) retrieved from /home/airflow/.local/lib/python3.7/site-packages/airflow/example_dags/example_kubernetes_executor.py
[2023-03-14T14:02:35.275+0000] {logging_mixin.py:137} INFO - [2023-03-14T14:02:35.274+0000] {dag.py:2690} INFO - Sync 1 DAGs
[2023-03-14T14:02:35.403+0000] {logging_mixin.py:137} INFO - [2023-03-14T14:02:35.403+0000] {dag.py:3441} INFO - Setting next_dagrun for example_kubernetes_executor to None, run_after=None
[2023-03-14T14:02:35.488+0000] {processor.py:175} INFO - Processing /home/airflow/.local/lib/python3.7/site-packages/airflow/example_dags/example_kubernetes_executor.py took 0.507 seconds
[2023-03-14T14:03:07.465+0000] {processor.py:153} INFO - Started process (PID=540) to work on /home/airflow/.local/lib/python3.7/site-packages/airflow/example_dags/example_kubernetes_executor.py
[2023-03-14T14:03:07.470+0000] {processor.py:743} INFO - Processing file /home/airflow/.local/lib/python3.7/site-packages/airflow/example_dags/example_kubernetes_executor.py for tasks to queue
[2023-03-14T14:03:07.472+0000] {logging_mixin.py:137} INFO - [2023-03-14T14:03:07.472+0000] {dagbag.py:538} INFO - Filling up the DagBag from /home/airflow/.local/lib/python3.7/site-packages/airflow/example_dags/example_kubernetes_executor.py
[2023-03-14T14:03:07.597+0000] {processor.py:753} INFO - DAG(s) dict_keys(['example_kubernetes_executor']) retrieved from /home/airflow/.local/lib/python3.7/site-packages/airflow/example_dags/example_kubernetes_executor.py
[2023-03-14T14:03:07.774+0000] {logging_mixin.py:137} INFO - [2023-03-14T14:03:07.773+0000] {dag.py:2690} INFO - Sync 1 DAGs
[2023-03-14T14:03:07.842+0000] {logging_mixin.py:137} INFO - [2023-03-14T14:03:07.842+0000] {dag.py:3441} INFO - Setting next_dagrun for example_kubernetes_executor to None, run_after=None
[2023-03-14T14:03:07.891+0000] {processor.py:175} INFO - Processing /home/airflow/.local/lib/python3.7/site-packages/airflow/example_dags/example_kubernetes_executor.py took 0.440 seconds
[2023-03-14T14:03:38.526+0000] {processor.py:153} INFO - Started process (PID=756) to work on /home/airflow/.local/lib/python3.7/site-packages/airflow/example_dags/example_kubernetes_executor.py
[2023-03-14T14:03:38.527+0000] {processor.py:743} INFO - Processing file /home/airflow/.local/lib/python3.7/site-packages/airflow/example_dags/example_kubernetes_executor.py for tasks to queue
[2023-03-14T14:03:38.528+0000] {logging_mixin.py:137} INFO - [2023-03-14T14:03:38.528+0000] {dagbag.py:538} INFO - Filling up the DagBag from /home/airflow/.local/lib/python3.7/site-packages/airflow/example_dags/example_kubernetes_executor.py
[2023-03-14T14:03:38.578+0000] {processor.py:753} INFO - DAG(s) dict_keys(['example_kubernetes_executor']) retrieved from /home/airflow/.local/lib/python3.7/site-packages/airflow/example_dags/example_kubernetes_executor.py
[2023-03-14T14:03:38.629+0000] {logging_mixin.py:137} INFO - [2023-03-14T14:03:38.629+0000] {dag.py:2690} INFO - Sync 1 DAGs
[2023-03-14T14:03:38.669+0000] {logging_mixin.py:137} INFO - [2023-03-14T14:03:38.668+0000] {dag.py:3441} INFO - Setting next_dagrun for example_kubernetes_executor to None, run_after=None
[2023-03-14T14:03:38.701+0000] {processor.py:175} INFO - Processing /home/airflow/.local/lib/python3.7/site-packages/airflow/example_dags/example_kubernetes_executor.py took 0.181 seconds
[2023-03-14T14:04:09.198+0000] {processor.py:153} INFO - Started process (PID=968) to work on /home/airflow/.local/lib/python3.7/site-packages/airflow/example_dags/example_kubernetes_executor.py
[2023-03-14T14:04:09.205+0000] {processor.py:743} INFO - Processing file /home/airflow/.local/lib/python3.7/site-packages/airflow/example_dags/example_kubernetes_executor.py for tasks to queue
[2023-03-14T14:04:09.217+0000] {logging_mixin.py:137} INFO - [2023-03-14T14:04:09.216+0000] {dagbag.py:538} INFO - Filling up the DagBag from /home/airflow/.local/lib/python3.7/site-packages/airflow/example_dags/example_kubernetes_executor.py
[2023-03-14T14:04:09.310+0000] {processor.py:753} INFO - DAG(s) dict_keys(['example_kubernetes_executor']) retrieved from /home/airflow/.local/lib/python3.7/site-packages/airflow/example_dags/example_kubernetes_executor.py
[2023-03-14T14:04:09.403+0000] {logging_mixin.py:137} INFO - [2023-03-14T14:04:09.403+0000] {dag.py:2690} INFO - Sync 1 DAGs
[2023-03-14T14:04:09.500+0000] {logging_mixin.py:137} INFO - [2023-03-14T14:04:09.500+0000] {dag.py:3441} INFO - Setting next_dagrun for example_kubernetes_executor to None, run_after=None
[2023-03-14T14:04:09.589+0000] {processor.py:175} INFO - Processing /home/airflow/.local/lib/python3.7/site-packages/airflow/example_dags/example_kubernetes_executor.py took 0.412 seconds
[2023-03-14T14:04:40.505+0000] {processor.py:153} INFO - Started process (PID=1184) to work on /home/airflow/.local/lib/python3.7/site-packages/airflow/example_dags/example_kubernetes_executor.py
[2023-03-14T14:04:40.506+0000] {processor.py:743} INFO - Processing file /home/airflow/.local/lib/python3.7/site-packages/airflow/example_dags/example_kubernetes_executor.py for tasks to queue
[2023-03-14T14:04:40.507+0000] {logging_mixin.py:137} INFO - [2023-03-14T14:04:40.506+0000] {dagbag.py:538} INFO - Filling up the DagBag from /home/airflow/.local/lib/python3.7/site-packages/airflow/example_dags/example_kubernetes_executor.py
[2023-03-14T14:04:40.555+0000] {processor.py:753} INFO - DAG(s) dict_keys(['example_kubernetes_executor']) retrieved from /home/airflow/.local/lib/python3.7/site-packages/airflow/example_dags/example_kubernetes_executor.py
[2023-03-14T14:04:40.601+0000] {logging_mixin.py:137} INFO - [2023-03-14T14:04:40.601+0000] {dag.py:2690} INFO - Sync 1 DAGs
[2023-03-14T14:04:40.640+0000] {logging_mixin.py:137} INFO - [2023-03-14T14:04:40.640+0000] {dag.py:3441} INFO - Setting next_dagrun for example_kubernetes_executor to None, run_after=None
[2023-03-14T14:04:40.670+0000] {processor.py:175} INFO - Processing /home/airflow/.local/lib/python3.7/site-packages/airflow/example_dags/example_kubernetes_executor.py took 0.170 seconds
[2023-03-14T14:05:11.271+0000] {processor.py:153} INFO - Started process (PID=1397) to work on /home/airflow/.local/lib/python3.7/site-packages/airflow/example_dags/example_kubernetes_executor.py
[2023-03-14T14:05:11.273+0000] {processor.py:743} INFO - Processing file /home/airflow/.local/lib/python3.7/site-packages/airflow/example_dags/example_kubernetes_executor.py for tasks to queue
[2023-03-14T14:05:11.274+0000] {logging_mixin.py:137} INFO - [2023-03-14T14:05:11.274+0000] {dagbag.py:538} INFO - Filling up the DagBag from /home/airflow/.local/lib/python3.7/site-packages/airflow/example_dags/example_kubernetes_executor.py
[2023-03-14T14:05:11.339+0000] {processor.py:753} INFO - DAG(s) dict_keys(['example_kubernetes_executor']) retrieved from /home/airflow/.local/lib/python3.7/site-packages/airflow/example_dags/example_kubernetes_executor.py
[2023-03-14T14:05:11.417+0000] {logging_mixin.py:137} INFO - [2023-03-14T14:05:11.417+0000] {dag.py:2690} INFO - Sync 1 DAGs
[2023-03-14T14:05:11.457+0000] {logging_mixin.py:137} INFO - [2023-03-14T14:05:11.456+0000] {dag.py:3441} INFO - Setting next_dagrun for example_kubernetes_executor to None, run_after=None
[2023-03-14T14:05:11.494+0000] {processor.py:175} INFO - Processing /home/airflow/.local/lib/python3.7/site-packages/airflow/example_dags/example_kubernetes_executor.py took 0.229 seconds
[2023-03-14T14:05:42.234+0000] {processor.py:153} INFO - Started process (PID=1622) to work on /home/airflow/.local/lib/python3.7/site-packages/airflow/example_dags/example_kubernetes_executor.py
[2023-03-14T14:05:42.235+0000] {processor.py:743} INFO - Processing file /home/airflow/.local/lib/python3.7/site-packages/airflow/example_dags/example_kubernetes_executor.py for tasks to queue
[2023-03-14T14:05:42.236+0000] {logging_mixin.py:137} INFO - [2023-03-14T14:05:42.236+0000] {dagbag.py:538} INFO - Filling up the DagBag from /home/airflow/.local/lib/python3.7/site-packages/airflow/example_dags/example_kubernetes_executor.py
[2023-03-14T14:05:42.395+0000] {processor.py:753} INFO - DAG(s) dict_keys(['example_kubernetes_executor']) retrieved from /home/airflow/.local/lib/python3.7/site-packages/airflow/example_dags/example_kubernetes_executor.py
[2023-03-14T14:05:42.495+0000] {logging_mixin.py:137} INFO - [2023-03-14T14:05:42.495+0000] {dag.py:2690} INFO - Sync 1 DAGs
[2023-03-14T14:05:42.545+0000] {logging_mixin.py:137} INFO - [2023-03-14T14:05:42.545+0000] {dag.py:3441} INFO - Setting next_dagrun for example_kubernetes_executor to None, run_after=None
[2023-03-14T14:05:42.597+0000] {processor.py:175} INFO - Processing /home/airflow/.local/lib/python3.7/site-packages/airflow/example_dags/example_kubernetes_executor.py took 0.369 seconds
[2023-03-14T14:06:13.145+0000] {processor.py:153} INFO - Started process (PID=1837) to work on /home/airflow/.local/lib/python3.7/site-packages/airflow/example_dags/example_kubernetes_executor.py
[2023-03-14T14:06:13.155+0000] {processor.py:743} INFO - Processing file /home/airflow/.local/lib/python3.7/site-packages/airflow/example_dags/example_kubernetes_executor.py for tasks to queue
[2023-03-14T14:06:13.156+0000] {logging_mixin.py:137} INFO - [2023-03-14T14:06:13.156+0000] {dagbag.py:538} INFO - Filling up the DagBag from /home/airflow/.local/lib/python3.7/site-packages/airflow/example_dags/example_kubernetes_executor.py
[2023-03-14T14:06:13.277+0000] {processor.py:753} INFO - DAG(s) dict_keys(['example_kubernetes_executor']) retrieved from /home/airflow/.local/lib/python3.7/site-packages/airflow/example_dags/example_kubernetes_executor.py
[2023-03-14T14:06:13.491+0000] {logging_mixin.py:137} INFO - [2023-03-14T14:06:13.491+0000] {dag.py:2690} INFO - Sync 1 DAGs
[2023-03-14T14:06:13.570+0000] {logging_mixin.py:137} INFO - [2023-03-14T14:06:13.570+0000] {dag.py:3441} INFO - Setting next_dagrun for example_kubernetes_executor to None, run_after=None
[2023-03-14T14:06:13.631+0000] {processor.py:175} INFO - Processing /home/airflow/.local/lib/python3.7/site-packages/airflow/example_dags/example_kubernetes_executor.py took 0.503 seconds
[2023-03-14T14:06:43.854+0000] {processor.py:153} INFO - Started process (PID=2056) to work on /home/airflow/.local/lib/python3.7/site-packages/airflow/example_dags/example_kubernetes_executor.py
[2023-03-14T14:06:43.855+0000] {processor.py:743} INFO - Processing file /home/airflow/.local/lib/python3.7/site-packages/airflow/example_dags/example_kubernetes_executor.py for tasks to queue
[2023-03-14T14:06:43.856+0000] {logging_mixin.py:137} INFO - [2023-03-14T14:06:43.856+0000] {dagbag.py:538} INFO - Filling up the DagBag from /home/airflow/.local/lib/python3.7/site-packages/airflow/example_dags/example_kubernetes_executor.py
[2023-03-14T14:06:43.900+0000] {processor.py:753} INFO - DAG(s) dict_keys(['example_kubernetes_executor']) retrieved from /home/airflow/.local/lib/python3.7/site-packages/airflow/example_dags/example_kubernetes_executor.py
[2023-03-14T14:06:43.947+0000] {logging_mixin.py:137} INFO - [2023-03-14T14:06:43.947+0000] {dag.py:2690} INFO - Sync 1 DAGs
[2023-03-14T14:06:44.004+0000] {logging_mixin.py:137} INFO - [2023-03-14T14:06:44.004+0000] {dag.py:3441} INFO - Setting next_dagrun for example_kubernetes_executor to None, run_after=None
[2023-03-14T14:06:44.047+0000] {processor.py:175} INFO - Processing /home/airflow/.local/lib/python3.7/site-packages/airflow/example_dags/example_kubernetes_executor.py took 0.198 seconds
[2023-03-14T14:07:14.344+0000] {processor.py:153} INFO - Started process (PID=2268) to work on /home/airflow/.local/lib/python3.7/site-packages/airflow/example_dags/example_kubernetes_executor.py
[2023-03-14T14:07:14.355+0000] {processor.py:743} INFO - Processing file /home/airflow/.local/lib/python3.7/site-packages/airflow/example_dags/example_kubernetes_executor.py for tasks to queue
[2023-03-14T14:07:14.356+0000] {logging_mixin.py:137} INFO - [2023-03-14T14:07:14.355+0000] {dagbag.py:538} INFO - Filling up the DagBag from /home/airflow/.local/lib/python3.7/site-packages/airflow/example_dags/example_kubernetes_executor.py
[2023-03-14T14:07:14.419+0000] {processor.py:753} INFO - DAG(s) dict_keys(['example_kubernetes_executor']) retrieved from /home/airflow/.local/lib/python3.7/site-packages/airflow/example_dags/example_kubernetes_executor.py
[2023-03-14T14:07:14.475+0000] {logging_mixin.py:137} INFO - [2023-03-14T14:07:14.475+0000] {dag.py:2690} INFO - Sync 1 DAGs
[2023-03-14T14:07:14.908+0000] {logging_mixin.py:137} INFO - [2023-03-14T14:07:14.907+0000] {dag.py:3441} INFO - Setting next_dagrun for example_kubernetes_executor to None, run_after=None
[2023-03-14T14:07:15.053+0000] {processor.py:175} INFO - Processing /home/airflow/.local/lib/python3.7/site-packages/airflow/example_dags/example_kubernetes_executor.py took 0.717 seconds
[2023-03-14T14:07:45.622+0000] {processor.py:153} INFO - Started process (PID=2492) to work on /home/airflow/.local/lib/python3.7/site-packages/airflow/example_dags/example_kubernetes_executor.py
[2023-03-14T14:07:45.624+0000] {processor.py:743} INFO - Processing file /home/airflow/.local/lib/python3.7/site-packages/airflow/example_dags/example_kubernetes_executor.py for tasks to queue
[2023-03-14T14:07:45.625+0000] {logging_mixin.py:137} INFO - [2023-03-14T14:07:45.625+0000] {dagbag.py:538} INFO - Filling up the DagBag from /home/airflow/.local/lib/python3.7/site-packages/airflow/example_dags/example_kubernetes_executor.py
[2023-03-14T14:07:45.751+0000] {processor.py:753} INFO - DAG(s) dict_keys(['example_kubernetes_executor']) retrieved from /home/airflow/.local/lib/python3.7/site-packages/airflow/example_dags/example_kubernetes_executor.py
[2023-03-14T14:07:45.820+0000] {logging_mixin.py:137} INFO - [2023-03-14T14:07:45.819+0000] {dag.py:2690} INFO - Sync 1 DAGs
[2023-03-14T14:07:45.862+0000] {logging_mixin.py:137} INFO - [2023-03-14T14:07:45.862+0000] {dag.py:3441} INFO - Setting next_dagrun for example_kubernetes_executor to None, run_after=None
[2023-03-14T14:07:45.914+0000] {processor.py:175} INFO - Processing /home/airflow/.local/lib/python3.7/site-packages/airflow/example_dags/example_kubernetes_executor.py took 0.297 seconds
[2023-03-14T14:08:16.472+0000] {processor.py:153} INFO - Started process (PID=2708) to work on /home/airflow/.local/lib/python3.7/site-packages/airflow/example_dags/example_kubernetes_executor.py
[2023-03-14T14:08:16.473+0000] {processor.py:743} INFO - Processing file /home/airflow/.local/lib/python3.7/site-packages/airflow/example_dags/example_kubernetes_executor.py for tasks to queue
[2023-03-14T14:08:16.474+0000] {logging_mixin.py:137} INFO - [2023-03-14T14:08:16.473+0000] {dagbag.py:538} INFO - Filling up the DagBag from /home/airflow/.local/lib/python3.7/site-packages/airflow/example_dags/example_kubernetes_executor.py
[2023-03-14T14:08:16.634+0000] {processor.py:753} INFO - DAG(s) dict_keys(['example_kubernetes_executor']) retrieved from /home/airflow/.local/lib/python3.7/site-packages/airflow/example_dags/example_kubernetes_executor.py
[2023-03-14T14:08:16.738+0000] {logging_mixin.py:137} INFO - [2023-03-14T14:08:16.738+0000] {dag.py:2690} INFO - Sync 1 DAGs
[2023-03-14T14:08:16.803+0000] {logging_mixin.py:137} INFO - [2023-03-14T14:08:16.803+0000] {dag.py:3441} INFO - Setting next_dagrun for example_kubernetes_executor to None, run_after=None
[2023-03-14T14:08:16.852+0000] {processor.py:175} INFO - Processing /home/airflow/.local/lib/python3.7/site-packages/airflow/example_dags/example_kubernetes_executor.py took 0.399 seconds
[2023-03-14T14:08:48.592+0000] {processor.py:153} INFO - Started process (PID=2929) to work on /home/airflow/.local/lib/python3.7/site-packages/airflow/example_dags/example_kubernetes_executor.py
[2023-03-14T14:08:48.621+0000] {processor.py:743} INFO - Processing file /home/airflow/.local/lib/python3.7/site-packages/airflow/example_dags/example_kubernetes_executor.py for tasks to queue
[2023-03-14T14:08:48.632+0000] {logging_mixin.py:137} INFO - [2023-03-14T14:08:48.632+0000] {dagbag.py:538} INFO - Filling up the DagBag from /home/airflow/.local/lib/python3.7/site-packages/airflow/example_dags/example_kubernetes_executor.py
[2023-03-14T14:08:49.059+0000] {processor.py:753} INFO - DAG(s) dict_keys(['example_kubernetes_executor']) retrieved from /home/airflow/.local/lib/python3.7/site-packages/airflow/example_dags/example_kubernetes_executor.py
[2023-03-14T14:08:49.362+0000] {logging_mixin.py:137} INFO - [2023-03-14T14:08:49.361+0000] {dag.py:2690} INFO - Sync 1 DAGs
[2023-03-14T14:08:49.642+0000] {logging_mixin.py:137} INFO - [2023-03-14T14:08:49.641+0000] {dag.py:3441} INFO - Setting next_dagrun for example_kubernetes_executor to None, run_after=None
[2023-03-14T14:08:49.852+0000] {processor.py:175} INFO - Processing /home/airflow/.local/lib/python3.7/site-packages/airflow/example_dags/example_kubernetes_executor.py took 1.280 seconds
[2023-03-14T14:09:20.696+0000] {processor.py:153} INFO - Started process (PID=3175) to work on /home/airflow/.local/lib/python3.7/site-packages/airflow/example_dags/example_kubernetes_executor.py
[2023-03-14T14:09:20.700+0000] {processor.py:743} INFO - Processing file /home/airflow/.local/lib/python3.7/site-packages/airflow/example_dags/example_kubernetes_executor.py for tasks to queue
[2023-03-14T14:09:20.701+0000] {logging_mixin.py:137} INFO - [2023-03-14T14:09:20.700+0000] {dagbag.py:538} INFO - Filling up the DagBag from /home/airflow/.local/lib/python3.7/site-packages/airflow/example_dags/example_kubernetes_executor.py
[2023-03-14T14:09:20.778+0000] {processor.py:753} INFO - DAG(s) dict_keys(['example_kubernetes_executor']) retrieved from /home/airflow/.local/lib/python3.7/site-packages/airflow/example_dags/example_kubernetes_executor.py
[2023-03-14T14:09:20.908+0000] {logging_mixin.py:137} INFO - [2023-03-14T14:09:20.907+0000] {dag.py:2690} INFO - Sync 1 DAGs
[2023-03-14T14:09:21.017+0000] {logging_mixin.py:137} INFO - [2023-03-14T14:09:21.017+0000] {dag.py:3441} INFO - Setting next_dagrun for example_kubernetes_executor to None, run_after=None
[2023-03-14T14:09:21.092+0000] {processor.py:175} INFO - Processing /home/airflow/.local/lib/python3.7/site-packages/airflow/example_dags/example_kubernetes_executor.py took 0.409 seconds
[2023-03-14T14:09:51.544+0000] {processor.py:153} INFO - Started process (PID=3392) to work on /home/airflow/.local/lib/python3.7/site-packages/airflow/example_dags/example_kubernetes_executor.py
[2023-03-14T14:09:51.545+0000] {processor.py:743} INFO - Processing file /home/airflow/.local/lib/python3.7/site-packages/airflow/example_dags/example_kubernetes_executor.py for tasks to queue
[2023-03-14T14:09:51.546+0000] {logging_mixin.py:137} INFO - [2023-03-14T14:09:51.546+0000] {dagbag.py:538} INFO - Filling up the DagBag from /home/airflow/.local/lib/python3.7/site-packages/airflow/example_dags/example_kubernetes_executor.py
[2023-03-14T14:09:51.605+0000] {processor.py:753} INFO - DAG(s) dict_keys(['example_kubernetes_executor']) retrieved from /home/airflow/.local/lib/python3.7/site-packages/airflow/example_dags/example_kubernetes_executor.py
[2023-03-14T14:09:51.696+0000] {logging_mixin.py:137} INFO - [2023-03-14T14:09:51.696+0000] {dag.py:2690} INFO - Sync 1 DAGs
[2023-03-14T14:09:51.801+0000] {logging_mixin.py:137} INFO - [2023-03-14T14:09:51.800+0000] {dag.py:3441} INFO - Setting next_dagrun for example_kubernetes_executor to None, run_after=None
[2023-03-14T14:09:51.841+0000] {processor.py:175} INFO - Processing /home/airflow/.local/lib/python3.7/site-packages/airflow/example_dags/example_kubernetes_executor.py took 0.302 seconds
[2023-03-14T14:10:22.690+0000] {processor.py:153} INFO - Started process (PID=3607) to work on /home/airflow/.local/lib/python3.7/site-packages/airflow/example_dags/example_kubernetes_executor.py
[2023-03-14T14:10:22.695+0000] {processor.py:743} INFO - Processing file /home/airflow/.local/lib/python3.7/site-packages/airflow/example_dags/example_kubernetes_executor.py for tasks to queue
[2023-03-14T14:10:22.696+0000] {logging_mixin.py:137} INFO - [2023-03-14T14:10:22.696+0000] {dagbag.py:538} INFO - Filling up the DagBag from /home/airflow/.local/lib/python3.7/site-packages/airflow/example_dags/example_kubernetes_executor.py
[2023-03-14T14:10:22.754+0000] {processor.py:753} INFO - DAG(s) dict_keys(['example_kubernetes_executor']) retrieved from /home/airflow/.local/lib/python3.7/site-packages/airflow/example_dags/example_kubernetes_executor.py
[2023-03-14T14:10:22.812+0000] {logging_mixin.py:137} INFO - [2023-03-14T14:10:22.812+0000] {dag.py:2690} INFO - Sync 1 DAGs
[2023-03-14T14:10:22.852+0000] {logging_mixin.py:137} INFO - [2023-03-14T14:10:22.852+0000] {dag.py:3441} INFO - Setting next_dagrun for example_kubernetes_executor to None, run_after=None
[2023-03-14T14:10:22.888+0000] {processor.py:175} INFO - Processing /home/airflow/.local/lib/python3.7/site-packages/airflow/example_dags/example_kubernetes_executor.py took 0.205 seconds
[2023-03-14T14:10:53.817+0000] {processor.py:153} INFO - Started process (PID=3822) to work on /home/airflow/.local/lib/python3.7/site-packages/airflow/example_dags/example_kubernetes_executor.py
[2023-03-14T14:10:53.819+0000] {processor.py:743} INFO - Processing file /home/airflow/.local/lib/python3.7/site-packages/airflow/example_dags/example_kubernetes_executor.py for tasks to queue
[2023-03-14T14:10:53.820+0000] {logging_mixin.py:137} INFO - [2023-03-14T14:10:53.820+0000] {dagbag.py:538} INFO - Filling up the DagBag from /home/airflow/.local/lib/python3.7/site-packages/airflow/example_dags/example_kubernetes_executor.py
[2023-03-14T14:10:53.902+0000] {processor.py:753} INFO - DAG(s) dict_keys(['example_kubernetes_executor']) retrieved from /home/airflow/.local/lib/python3.7/site-packages/airflow/example_dags/example_kubernetes_executor.py
[2023-03-14T14:10:53.986+0000] {logging_mixin.py:137} INFO - [2023-03-14T14:10:53.986+0000] {dag.py:2690} INFO - Sync 1 DAGs
[2023-03-14T14:10:54.088+0000] {logging_mixin.py:137} INFO - [2023-03-14T14:10:54.087+0000] {dag.py:3441} INFO - Setting next_dagrun for example_kubernetes_executor to None, run_after=None
[2023-03-14T14:10:54.164+0000] {processor.py:175} INFO - Processing /home/airflow/.local/lib/python3.7/site-packages/airflow/example_dags/example_kubernetes_executor.py took 0.356 seconds
[2023-03-14T14:11:25.237+0000] {processor.py:153} INFO - Started process (PID=4036) to work on /home/airflow/.local/lib/python3.7/site-packages/airflow/example_dags/example_kubernetes_executor.py
[2023-03-14T14:11:25.263+0000] {processor.py:743} INFO - Processing file /home/airflow/.local/lib/python3.7/site-packages/airflow/example_dags/example_kubernetes_executor.py for tasks to queue
[2023-03-14T14:11:25.264+0000] {logging_mixin.py:137} INFO - [2023-03-14T14:11:25.264+0000] {dagbag.py:538} INFO - Filling up the DagBag from /home/airflow/.local/lib/python3.7/site-packages/airflow/example_dags/example_kubernetes_executor.py
[2023-03-14T14:11:25.309+0000] {processor.py:753} INFO - DAG(s) dict_keys(['example_kubernetes_executor']) retrieved from /home/airflow/.local/lib/python3.7/site-packages/airflow/example_dags/example_kubernetes_executor.py
[2023-03-14T14:11:25.354+0000] {logging_mixin.py:137} INFO - [2023-03-14T14:11:25.353+0000] {dag.py:2690} INFO - Sync 1 DAGs
[2023-03-14T14:11:25.399+0000] {logging_mixin.py:137} INFO - [2023-03-14T14:11:25.399+0000] {dag.py:3441} INFO - Setting next_dagrun for example_kubernetes_executor to None, run_after=None
[2023-03-14T14:11:25.430+0000] {processor.py:175} INFO - Processing /home/airflow/.local/lib/python3.7/site-packages/airflow/example_dags/example_kubernetes_executor.py took 0.199 seconds
[2023-03-14T14:11:55.584+0000] {processor.py:153} INFO - Started process (PID=4251) to work on /home/airflow/.local/lib/python3.7/site-packages/airflow/example_dags/example_kubernetes_executor.py
[2023-03-14T14:11:55.585+0000] {processor.py:743} INFO - Processing file /home/airflow/.local/lib/python3.7/site-packages/airflow/example_dags/example_kubernetes_executor.py for tasks to queue
[2023-03-14T14:11:55.586+0000] {logging_mixin.py:137} INFO - [2023-03-14T14:11:55.586+0000] {dagbag.py:538} INFO - Filling up the DagBag from /home/airflow/.local/lib/python3.7/site-packages/airflow/example_dags/example_kubernetes_executor.py
[2023-03-14T14:11:55.712+0000] {processor.py:753} INFO - DAG(s) dict_keys(['example_kubernetes_executor']) retrieved from /home/airflow/.local/lib/python3.7/site-packages/airflow/example_dags/example_kubernetes_executor.py
[2023-03-14T14:11:55.920+0000] {logging_mixin.py:137} INFO - [2023-03-14T14:11:55.920+0000] {dag.py:2690} INFO - Sync 1 DAGs
[2023-03-14T14:11:56.071+0000] {logging_mixin.py:137} INFO - [2023-03-14T14:11:56.071+0000] {dag.py:3441} INFO - Setting next_dagrun for example_kubernetes_executor to None, run_after=None
[2023-03-14T14:11:56.145+0000] {processor.py:175} INFO - Processing /home/airflow/.local/lib/python3.7/site-packages/airflow/example_dags/example_kubernetes_executor.py took 0.585 seconds
[2023-03-14T14:12:26.374+0000] {processor.py:153} INFO - Started process (PID=4462) to work on /home/airflow/.local/lib/python3.7/site-packages/airflow/example_dags/example_kubernetes_executor.py
[2023-03-14T14:12:26.377+0000] {processor.py:743} INFO - Processing file /home/airflow/.local/lib/python3.7/site-packages/airflow/example_dags/example_kubernetes_executor.py for tasks to queue
[2023-03-14T14:12:26.396+0000] {logging_mixin.py:137} INFO - [2023-03-14T14:12:26.378+0000] {dagbag.py:538} INFO - Filling up the DagBag from /home/airflow/.local/lib/python3.7/site-packages/airflow/example_dags/example_kubernetes_executor.py
[2023-03-14T14:12:26.514+0000] {processor.py:753} INFO - DAG(s) dict_keys(['example_kubernetes_executor']) retrieved from /home/airflow/.local/lib/python3.7/site-packages/airflow/example_dags/example_kubernetes_executor.py
[2023-03-14T14:12:26.607+0000] {logging_mixin.py:137} INFO - [2023-03-14T14:12:26.607+0000] {dag.py:2690} INFO - Sync 1 DAGs
[2023-03-14T14:12:26.752+0000] {logging_mixin.py:137} INFO - [2023-03-14T14:12:26.751+0000] {dag.py:3441} INFO - Setting next_dagrun for example_kubernetes_executor to None, run_after=None
[2023-03-14T14:12:26.847+0000] {processor.py:175} INFO - Processing /home/airflow/.local/lib/python3.7/site-packages/airflow/example_dags/example_kubernetes_executor.py took 0.479 seconds
[2023-03-14T14:12:57.249+0000] {processor.py:153} INFO - Started process (PID=4681) to work on /home/airflow/.local/lib/python3.7/site-packages/airflow/example_dags/example_kubernetes_executor.py
[2023-03-14T14:12:57.251+0000] {processor.py:743} INFO - Processing file /home/airflow/.local/lib/python3.7/site-packages/airflow/example_dags/example_kubernetes_executor.py for tasks to queue
[2023-03-14T14:12:57.252+0000] {logging_mixin.py:137} INFO - [2023-03-14T14:12:57.252+0000] {dagbag.py:538} INFO - Filling up the DagBag from /home/airflow/.local/lib/python3.7/site-packages/airflow/example_dags/example_kubernetes_executor.py
[2023-03-14T14:12:57.388+0000] {processor.py:753} INFO - DAG(s) dict_keys(['example_kubernetes_executor']) retrieved from /home/airflow/.local/lib/python3.7/site-packages/airflow/example_dags/example_kubernetes_executor.py
[2023-03-14T14:12:57.495+0000] {logging_mixin.py:137} INFO - [2023-03-14T14:12:57.495+0000] {dag.py:2690} INFO - Sync 1 DAGs
[2023-03-14T14:12:57.561+0000] {logging_mixin.py:137} INFO - [2023-03-14T14:12:57.561+0000] {dag.py:3441} INFO - Setting next_dagrun for example_kubernetes_executor to None, run_after=None
[2023-03-14T14:12:57.665+0000] {processor.py:175} INFO - Processing /home/airflow/.local/lib/python3.7/site-packages/airflow/example_dags/example_kubernetes_executor.py took 0.421 seconds
[2023-03-14T14:13:27.910+0000] {processor.py:153} INFO - Started process (PID=4894) to work on /home/airflow/.local/lib/python3.7/site-packages/airflow/example_dags/example_kubernetes_executor.py
[2023-03-14T14:13:27.912+0000] {processor.py:743} INFO - Processing file /home/airflow/.local/lib/python3.7/site-packages/airflow/example_dags/example_kubernetes_executor.py for tasks to queue
[2023-03-14T14:13:27.913+0000] {logging_mixin.py:137} INFO - [2023-03-14T14:13:27.913+0000] {dagbag.py:538} INFO - Filling up the DagBag from /home/airflow/.local/lib/python3.7/site-packages/airflow/example_dags/example_kubernetes_executor.py
[2023-03-14T14:13:27.992+0000] {processor.py:753} INFO - DAG(s) dict_keys(['example_kubernetes_executor']) retrieved from /home/airflow/.local/lib/python3.7/site-packages/airflow/example_dags/example_kubernetes_executor.py
[2023-03-14T14:13:28.100+0000] {logging_mixin.py:137} INFO - [2023-03-14T14:13:28.100+0000] {dag.py:2690} INFO - Sync 1 DAGs
[2023-03-14T14:13:28.130+0000] {logging_mixin.py:137} INFO - [2023-03-14T14:13:28.130+0000] {dag.py:3441} INFO - Setting next_dagrun for example_kubernetes_executor to None, run_after=None
[2023-03-14T14:13:28.197+0000] {processor.py:175} INFO - Processing /home/airflow/.local/lib/python3.7/site-packages/airflow/example_dags/example_kubernetes_executor.py took 0.293 seconds
[2023-03-14T14:13:58.355+0000] {processor.py:153} INFO - Started process (PID=5116) to work on /home/airflow/.local/lib/python3.7/site-packages/airflow/example_dags/example_kubernetes_executor.py
[2023-03-14T14:13:58.358+0000] {processor.py:743} INFO - Processing file /home/airflow/.local/lib/python3.7/site-packages/airflow/example_dags/example_kubernetes_executor.py for tasks to queue
[2023-03-14T14:13:58.359+0000] {logging_mixin.py:137} INFO - [2023-03-14T14:13:58.359+0000] {dagbag.py:538} INFO - Filling up the DagBag from /home/airflow/.local/lib/python3.7/site-packages/airflow/example_dags/example_kubernetes_executor.py
[2023-03-14T14:13:58.487+0000] {processor.py:753} INFO - DAG(s) dict_keys(['example_kubernetes_executor']) retrieved from /home/airflow/.local/lib/python3.7/site-packages/airflow/example_dags/example_kubernetes_executor.py
[2023-03-14T14:13:58.781+0000] {logging_mixin.py:137} INFO - [2023-03-14T14:13:58.780+0000] {dag.py:2690} INFO - Sync 1 DAGs
[2023-03-14T14:13:58.883+0000] {logging_mixin.py:137} INFO - [2023-03-14T14:13:58.883+0000] {dag.py:3441} INFO - Setting next_dagrun for example_kubernetes_executor to None, run_after=None
[2023-03-14T14:13:58.970+0000] {processor.py:175} INFO - Processing /home/airflow/.local/lib/python3.7/site-packages/airflow/example_dags/example_kubernetes_executor.py took 0.644 seconds
[2023-03-14T14:14:29.404+0000] {processor.py:153} INFO - Started process (PID=5334) to work on /home/airflow/.local/lib/python3.7/site-packages/airflow/example_dags/example_kubernetes_executor.py
[2023-03-14T14:14:29.417+0000] {processor.py:743} INFO - Processing file /home/airflow/.local/lib/python3.7/site-packages/airflow/example_dags/example_kubernetes_executor.py for tasks to queue
[2023-03-14T14:14:29.418+0000] {logging_mixin.py:137} INFO - [2023-03-14T14:14:29.418+0000] {dagbag.py:538} INFO - Filling up the DagBag from /home/airflow/.local/lib/python3.7/site-packages/airflow/example_dags/example_kubernetes_executor.py
[2023-03-14T14:14:29.472+0000] {processor.py:753} INFO - DAG(s) dict_keys(['example_kubernetes_executor']) retrieved from /home/airflow/.local/lib/python3.7/site-packages/airflow/example_dags/example_kubernetes_executor.py
[2023-03-14T14:14:29.535+0000] {logging_mixin.py:137} INFO - [2023-03-14T14:14:29.535+0000] {dag.py:2690} INFO - Sync 1 DAGs
[2023-03-14T14:14:29.585+0000] {logging_mixin.py:137} INFO - [2023-03-14T14:14:29.585+0000] {dag.py:3441} INFO - Setting next_dagrun for example_kubernetes_executor to None, run_after=None
[2023-03-14T14:14:29.622+0000] {processor.py:175} INFO - Processing /home/airflow/.local/lib/python3.7/site-packages/airflow/example_dags/example_kubernetes_executor.py took 0.224 seconds
[2023-03-14T14:15:00.452+0000] {processor.py:153} INFO - Started process (PID=5549) to work on /home/airflow/.local/lib/python3.7/site-packages/airflow/example_dags/example_kubernetes_executor.py
[2023-03-14T14:15:00.461+0000] {processor.py:743} INFO - Processing file /home/airflow/.local/lib/python3.7/site-packages/airflow/example_dags/example_kubernetes_executor.py for tasks to queue
[2023-03-14T14:15:00.462+0000] {logging_mixin.py:137} INFO - [2023-03-14T14:15:00.462+0000] {dagbag.py:538} INFO - Filling up the DagBag from /home/airflow/.local/lib/python3.7/site-packages/airflow/example_dags/example_kubernetes_executor.py
[2023-03-14T14:15:00.619+0000] {processor.py:753} INFO - DAG(s) dict_keys(['example_kubernetes_executor']) retrieved from /home/airflow/.local/lib/python3.7/site-packages/airflow/example_dags/example_kubernetes_executor.py
[2023-03-14T14:15:00.684+0000] {logging_mixin.py:137} INFO - [2023-03-14T14:15:00.684+0000] {dag.py:2690} INFO - Sync 1 DAGs
[2023-03-14T14:15:00.747+0000] {logging_mixin.py:137} INFO - [2023-03-14T14:15:00.747+0000] {dag.py:3441} INFO - Setting next_dagrun for example_kubernetes_executor to None, run_after=None
[2023-03-14T14:15:00.841+0000] {processor.py:175} INFO - Processing /home/airflow/.local/lib/python3.7/site-packages/airflow/example_dags/example_kubernetes_executor.py took 0.418 seconds
[2023-03-14T14:15:31.422+0000] {processor.py:153} INFO - Started process (PID=5762) to work on /home/airflow/.local/lib/python3.7/site-packages/airflow/example_dags/example_kubernetes_executor.py
[2023-03-14T14:15:31.423+0000] {processor.py:743} INFO - Processing file /home/airflow/.local/lib/python3.7/site-packages/airflow/example_dags/example_kubernetes_executor.py for tasks to queue
[2023-03-14T14:15:31.424+0000] {logging_mixin.py:137} INFO - [2023-03-14T14:15:31.424+0000] {dagbag.py:538} INFO - Filling up the DagBag from /home/airflow/.local/lib/python3.7/site-packages/airflow/example_dags/example_kubernetes_executor.py
[2023-03-14T14:15:31.468+0000] {processor.py:753} INFO - DAG(s) dict_keys(['example_kubernetes_executor']) retrieved from /home/airflow/.local/lib/python3.7/site-packages/airflow/example_dags/example_kubernetes_executor.py
[2023-03-14T14:15:31.528+0000] {logging_mixin.py:137} INFO - [2023-03-14T14:15:31.528+0000] {dag.py:2690} INFO - Sync 1 DAGs
[2023-03-14T14:15:31.571+0000] {logging_mixin.py:137} INFO - [2023-03-14T14:15:31.571+0000] {dag.py:3441} INFO - Setting next_dagrun for example_kubernetes_executor to None, run_after=None
[2023-03-14T14:15:31.602+0000] {processor.py:175} INFO - Processing /home/airflow/.local/lib/python3.7/site-packages/airflow/example_dags/example_kubernetes_executor.py took 0.186 seconds
