[2023-03-14T14:02:33.958+0000] {processor.py:153} INFO - Started process (PID=305) to work on /home/airflow/.local/lib/python3.7/site-packages/airflow/example_dags/tutorial_taskflow_api.py
[2023-03-14T14:02:33.969+0000] {processor.py:743} INFO - Processing file /home/airflow/.local/lib/python3.7/site-packages/airflow/example_dags/tutorial_taskflow_api.py for tasks to queue
[2023-03-14T14:02:33.970+0000] {logging_mixin.py:137} INFO - [2023-03-14T14:02:33.970+0000] {dagbag.py:538} INFO - Filling up the DagBag from /home/airflow/.local/lib/python3.7/site-packages/airflow/example_dags/tutorial_taskflow_api.py
[2023-03-14T14:02:34.068+0000] {processor.py:753} INFO - DAG(s) dict_keys(['tutorial_taskflow_api']) retrieved from /home/airflow/.local/lib/python3.7/site-packages/airflow/example_dags/tutorial_taskflow_api.py
[2023-03-14T14:02:34.162+0000] {logging_mixin.py:137} INFO - [2023-03-14T14:02:34.162+0000] {dag.py:2690} INFO - Sync 1 DAGs
[2023-03-14T14:02:34.261+0000] {logging_mixin.py:137} INFO - [2023-03-14T14:02:34.260+0000] {dag.py:3441} INFO - Setting next_dagrun for tutorial_taskflow_api to None, run_after=None
[2023-03-14T14:02:34.390+0000] {processor.py:175} INFO - Processing /home/airflow/.local/lib/python3.7/site-packages/airflow/example_dags/tutorial_taskflow_api.py took 0.451 seconds
[2023-03-14T14:03:06.452+0000] {processor.py:153} INFO - Started process (PID=520) to work on /home/airflow/.local/lib/python3.7/site-packages/airflow/example_dags/tutorial_taskflow_api.py
[2023-03-14T14:03:06.458+0000] {processor.py:743} INFO - Processing file /home/airflow/.local/lib/python3.7/site-packages/airflow/example_dags/tutorial_taskflow_api.py for tasks to queue
[2023-03-14T14:03:06.459+0000] {logging_mixin.py:137} INFO - [2023-03-14T14:03:06.459+0000] {dagbag.py:538} INFO - Filling up the DagBag from /home/airflow/.local/lib/python3.7/site-packages/airflow/example_dags/tutorial_taskflow_api.py
[2023-03-14T14:03:06.545+0000] {processor.py:753} INFO - DAG(s) dict_keys(['tutorial_taskflow_api']) retrieved from /home/airflow/.local/lib/python3.7/site-packages/airflow/example_dags/tutorial_taskflow_api.py
[2023-03-14T14:03:06.662+0000] {logging_mixin.py:137} INFO - [2023-03-14T14:03:06.661+0000] {dag.py:2690} INFO - Sync 1 DAGs
[2023-03-14T14:03:06.802+0000] {logging_mixin.py:137} INFO - [2023-03-14T14:03:06.801+0000] {dag.py:3441} INFO - Setting next_dagrun for tutorial_taskflow_api to None, run_after=None
[2023-03-14T14:03:06.858+0000] {processor.py:175} INFO - Processing /home/airflow/.local/lib/python3.7/site-packages/airflow/example_dags/tutorial_taskflow_api.py took 0.430 seconds
[2023-03-14T14:03:37.207+0000] {processor.py:153} INFO - Started process (PID=736) to work on /home/airflow/.local/lib/python3.7/site-packages/airflow/example_dags/tutorial_taskflow_api.py
[2023-03-14T14:03:37.208+0000] {processor.py:743} INFO - Processing file /home/airflow/.local/lib/python3.7/site-packages/airflow/example_dags/tutorial_taskflow_api.py for tasks to queue
[2023-03-14T14:03:37.210+0000] {logging_mixin.py:137} INFO - [2023-03-14T14:03:37.209+0000] {dagbag.py:538} INFO - Filling up the DagBag from /home/airflow/.local/lib/python3.7/site-packages/airflow/example_dags/tutorial_taskflow_api.py
[2023-03-14T14:03:37.246+0000] {processor.py:753} INFO - DAG(s) dict_keys(['tutorial_taskflow_api']) retrieved from /home/airflow/.local/lib/python3.7/site-packages/airflow/example_dags/tutorial_taskflow_api.py
[2023-03-14T14:03:37.283+0000] {logging_mixin.py:137} INFO - [2023-03-14T14:03:37.283+0000] {dag.py:2690} INFO - Sync 1 DAGs
[2023-03-14T14:03:37.341+0000] {logging_mixin.py:137} INFO - [2023-03-14T14:03:37.341+0000] {dag.py:3441} INFO - Setting next_dagrun for tutorial_taskflow_api to None, run_after=None
[2023-03-14T14:03:37.371+0000] {processor.py:175} INFO - Processing /home/airflow/.local/lib/python3.7/site-packages/airflow/example_dags/tutorial_taskflow_api.py took 0.169 seconds
[2023-03-14T14:04:08.240+0000] {processor.py:153} INFO - Started process (PID=952) to work on /home/airflow/.local/lib/python3.7/site-packages/airflow/example_dags/tutorial_taskflow_api.py
[2023-03-14T14:04:08.241+0000] {processor.py:743} INFO - Processing file /home/airflow/.local/lib/python3.7/site-packages/airflow/example_dags/tutorial_taskflow_api.py for tasks to queue
[2023-03-14T14:04:08.242+0000] {logging_mixin.py:137} INFO - [2023-03-14T14:04:08.242+0000] {dagbag.py:538} INFO - Filling up the DagBag from /home/airflow/.local/lib/python3.7/site-packages/airflow/example_dags/tutorial_taskflow_api.py
[2023-03-14T14:04:08.275+0000] {processor.py:753} INFO - DAG(s) dict_keys(['tutorial_taskflow_api']) retrieved from /home/airflow/.local/lib/python3.7/site-packages/airflow/example_dags/tutorial_taskflow_api.py
[2023-03-14T14:04:08.314+0000] {logging_mixin.py:137} INFO - [2023-03-14T14:04:08.313+0000] {dag.py:2690} INFO - Sync 1 DAGs
[2023-03-14T14:04:08.352+0000] {logging_mixin.py:137} INFO - [2023-03-14T14:04:08.352+0000] {dag.py:3441} INFO - Setting next_dagrun for tutorial_taskflow_api to None, run_after=None
[2023-03-14T14:04:08.588+0000] {processor.py:175} INFO - Processing /home/airflow/.local/lib/python3.7/site-packages/airflow/example_dags/tutorial_taskflow_api.py took 0.352 seconds
[2023-03-14T14:04:39.104+0000] {processor.py:153} INFO - Started process (PID=1164) to work on /home/airflow/.local/lib/python3.7/site-packages/airflow/example_dags/tutorial_taskflow_api.py
[2023-03-14T14:04:39.112+0000] {processor.py:743} INFO - Processing file /home/airflow/.local/lib/python3.7/site-packages/airflow/example_dags/tutorial_taskflow_api.py for tasks to queue
[2023-03-14T14:04:39.113+0000] {logging_mixin.py:137} INFO - [2023-03-14T14:04:39.113+0000] {dagbag.py:538} INFO - Filling up the DagBag from /home/airflow/.local/lib/python3.7/site-packages/airflow/example_dags/tutorial_taskflow_api.py
[2023-03-14T14:04:39.148+0000] {processor.py:753} INFO - DAG(s) dict_keys(['tutorial_taskflow_api']) retrieved from /home/airflow/.local/lib/python3.7/site-packages/airflow/example_dags/tutorial_taskflow_api.py
[2023-03-14T14:04:39.187+0000] {logging_mixin.py:137} INFO - [2023-03-14T14:04:39.187+0000] {dag.py:2690} INFO - Sync 1 DAGs
[2023-03-14T14:04:39.224+0000] {logging_mixin.py:137} INFO - [2023-03-14T14:04:39.224+0000] {dag.py:3441} INFO - Setting next_dagrun for tutorial_taskflow_api to None, run_after=None
[2023-03-14T14:04:39.256+0000] {processor.py:175} INFO - Processing /home/airflow/.local/lib/python3.7/site-packages/airflow/example_dags/tutorial_taskflow_api.py took 0.155 seconds
[2023-03-14T14:05:09.705+0000] {processor.py:153} INFO - Started process (PID=1378) to work on /home/airflow/.local/lib/python3.7/site-packages/airflow/example_dags/tutorial_taskflow_api.py
[2023-03-14T14:05:09.711+0000] {processor.py:743} INFO - Processing file /home/airflow/.local/lib/python3.7/site-packages/airflow/example_dags/tutorial_taskflow_api.py for tasks to queue
[2023-03-14T14:05:09.716+0000] {logging_mixin.py:137} INFO - [2023-03-14T14:05:09.715+0000] {dagbag.py:538} INFO - Filling up the DagBag from /home/airflow/.local/lib/python3.7/site-packages/airflow/example_dags/tutorial_taskflow_api.py
[2023-03-14T14:05:09.779+0000] {processor.py:753} INFO - DAG(s) dict_keys(['tutorial_taskflow_api']) retrieved from /home/airflow/.local/lib/python3.7/site-packages/airflow/example_dags/tutorial_taskflow_api.py
[2023-03-14T14:05:09.888+0000] {logging_mixin.py:137} INFO - [2023-03-14T14:05:09.877+0000] {dag.py:2690} INFO - Sync 1 DAGs
[2023-03-14T14:05:09.985+0000] {logging_mixin.py:137} INFO - [2023-03-14T14:05:09.985+0000] {dag.py:3441} INFO - Setting next_dagrun for tutorial_taskflow_api to None, run_after=None
[2023-03-14T14:05:10.053+0000] {processor.py:175} INFO - Processing /home/airflow/.local/lib/python3.7/site-packages/airflow/example_dags/tutorial_taskflow_api.py took 0.354 seconds
[2023-03-14T14:05:40.775+0000] {processor.py:153} INFO - Started process (PID=1600) to work on /home/airflow/.local/lib/python3.7/site-packages/airflow/example_dags/tutorial_taskflow_api.py
[2023-03-14T14:05:40.784+0000] {processor.py:743} INFO - Processing file /home/airflow/.local/lib/python3.7/site-packages/airflow/example_dags/tutorial_taskflow_api.py for tasks to queue
[2023-03-14T14:05:40.785+0000] {logging_mixin.py:137} INFO - [2023-03-14T14:05:40.785+0000] {dagbag.py:538} INFO - Filling up the DagBag from /home/airflow/.local/lib/python3.7/site-packages/airflow/example_dags/tutorial_taskflow_api.py
[2023-03-14T14:05:40.853+0000] {processor.py:753} INFO - DAG(s) dict_keys(['tutorial_taskflow_api']) retrieved from /home/airflow/.local/lib/python3.7/site-packages/airflow/example_dags/tutorial_taskflow_api.py
[2023-03-14T14:05:40.929+0000] {logging_mixin.py:137} INFO - [2023-03-14T14:05:40.929+0000] {dag.py:2690} INFO - Sync 1 DAGs
[2023-03-14T14:05:41.013+0000] {logging_mixin.py:137} INFO - [2023-03-14T14:05:41.013+0000] {dag.py:3441} INFO - Setting next_dagrun for tutorial_taskflow_api to None, run_after=None
[2023-03-14T14:05:41.089+0000] {processor.py:175} INFO - Processing /home/airflow/.local/lib/python3.7/site-packages/airflow/example_dags/tutorial_taskflow_api.py took 0.321 seconds
[2023-03-14T14:06:11.506+0000] {processor.py:153} INFO - Started process (PID=1817) to work on /home/airflow/.local/lib/python3.7/site-packages/airflow/example_dags/tutorial_taskflow_api.py
[2023-03-14T14:06:11.512+0000] {processor.py:743} INFO - Processing file /home/airflow/.local/lib/python3.7/site-packages/airflow/example_dags/tutorial_taskflow_api.py for tasks to queue
[2023-03-14T14:06:11.513+0000] {logging_mixin.py:137} INFO - [2023-03-14T14:06:11.513+0000] {dagbag.py:538} INFO - Filling up the DagBag from /home/airflow/.local/lib/python3.7/site-packages/airflow/example_dags/tutorial_taskflow_api.py
[2023-03-14T14:06:11.551+0000] {processor.py:753} INFO - DAG(s) dict_keys(['tutorial_taskflow_api']) retrieved from /home/airflow/.local/lib/python3.7/site-packages/airflow/example_dags/tutorial_taskflow_api.py
[2023-03-14T14:06:11.598+0000] {logging_mixin.py:137} INFO - [2023-03-14T14:06:11.597+0000] {dag.py:2690} INFO - Sync 1 DAGs
[2023-03-14T14:06:11.731+0000] {logging_mixin.py:137} INFO - [2023-03-14T14:06:11.731+0000] {dag.py:3441} INFO - Setting next_dagrun for tutorial_taskflow_api to None, run_after=None
[2023-03-14T14:06:11.827+0000] {processor.py:175} INFO - Processing /home/airflow/.local/lib/python3.7/site-packages/airflow/example_dags/tutorial_taskflow_api.py took 0.327 seconds
[2023-03-14T14:06:42.273+0000] {processor.py:153} INFO - Started process (PID=2036) to work on /home/airflow/.local/lib/python3.7/site-packages/airflow/example_dags/tutorial_taskflow_api.py
[2023-03-14T14:06:42.281+0000] {processor.py:743} INFO - Processing file /home/airflow/.local/lib/python3.7/site-packages/airflow/example_dags/tutorial_taskflow_api.py for tasks to queue
[2023-03-14T14:06:42.282+0000] {logging_mixin.py:137} INFO - [2023-03-14T14:06:42.281+0000] {dagbag.py:538} INFO - Filling up the DagBag from /home/airflow/.local/lib/python3.7/site-packages/airflow/example_dags/tutorial_taskflow_api.py
[2023-03-14T14:06:42.352+0000] {processor.py:753} INFO - DAG(s) dict_keys(['tutorial_taskflow_api']) retrieved from /home/airflow/.local/lib/python3.7/site-packages/airflow/example_dags/tutorial_taskflow_api.py
[2023-03-14T14:06:42.391+0000] {logging_mixin.py:137} INFO - [2023-03-14T14:06:42.390+0000] {dag.py:2690} INFO - Sync 1 DAGs
[2023-03-14T14:06:42.428+0000] {logging_mixin.py:137} INFO - [2023-03-14T14:06:42.428+0000] {dag.py:3441} INFO - Setting next_dagrun for tutorial_taskflow_api to None, run_after=None
[2023-03-14T14:06:42.457+0000] {processor.py:175} INFO - Processing /home/airflow/.local/lib/python3.7/site-packages/airflow/example_dags/tutorial_taskflow_api.py took 0.189 seconds
[2023-03-14T14:07:13.693+0000] {processor.py:153} INFO - Started process (PID=2248) to work on /home/airflow/.local/lib/python3.7/site-packages/airflow/example_dags/tutorial_taskflow_api.py
[2023-03-14T14:07:13.697+0000] {processor.py:743} INFO - Processing file /home/airflow/.local/lib/python3.7/site-packages/airflow/example_dags/tutorial_taskflow_api.py for tasks to queue
[2023-03-14T14:07:13.701+0000] {logging_mixin.py:137} INFO - [2023-03-14T14:07:13.700+0000] {dagbag.py:538} INFO - Filling up the DagBag from /home/airflow/.local/lib/python3.7/site-packages/airflow/example_dags/tutorial_taskflow_api.py
[2023-03-14T14:07:13.789+0000] {processor.py:753} INFO - DAG(s) dict_keys(['tutorial_taskflow_api']) retrieved from /home/airflow/.local/lib/python3.7/site-packages/airflow/example_dags/tutorial_taskflow_api.py
[2023-03-14T14:07:13.838+0000] {logging_mixin.py:137} INFO - [2023-03-14T14:07:13.838+0000] {dag.py:2690} INFO - Sync 1 DAGs
[2023-03-14T14:07:13.895+0000] {logging_mixin.py:137} INFO - [2023-03-14T14:07:13.895+0000] {dag.py:3441} INFO - Setting next_dagrun for tutorial_taskflow_api to None, run_after=None
[2023-03-14T14:07:13.929+0000] {processor.py:175} INFO - Processing /home/airflow/.local/lib/python3.7/site-packages/airflow/example_dags/tutorial_taskflow_api.py took 0.249 seconds
[2023-03-14T14:07:44.915+0000] {processor.py:153} INFO - Started process (PID=2470) to work on /home/airflow/.local/lib/python3.7/site-packages/airflow/example_dags/tutorial_taskflow_api.py
[2023-03-14T14:07:44.916+0000] {processor.py:743} INFO - Processing file /home/airflow/.local/lib/python3.7/site-packages/airflow/example_dags/tutorial_taskflow_api.py for tasks to queue
[2023-03-14T14:07:44.917+0000] {logging_mixin.py:137} INFO - [2023-03-14T14:07:44.916+0000] {dagbag.py:538} INFO - Filling up the DagBag from /home/airflow/.local/lib/python3.7/site-packages/airflow/example_dags/tutorial_taskflow_api.py
[2023-03-14T14:07:44.977+0000] {processor.py:753} INFO - DAG(s) dict_keys(['tutorial_taskflow_api']) retrieved from /home/airflow/.local/lib/python3.7/site-packages/airflow/example_dags/tutorial_taskflow_api.py
[2023-03-14T14:07:45.045+0000] {logging_mixin.py:137} INFO - [2023-03-14T14:07:45.045+0000] {dag.py:2690} INFO - Sync 1 DAGs
[2023-03-14T14:07:45.109+0000] {logging_mixin.py:137} INFO - [2023-03-14T14:07:45.108+0000] {dag.py:3441} INFO - Setting next_dagrun for tutorial_taskflow_api to None, run_after=None
[2023-03-14T14:07:45.149+0000] {processor.py:175} INFO - Processing /home/airflow/.local/lib/python3.7/site-packages/airflow/example_dags/tutorial_taskflow_api.py took 0.247 seconds
[2023-03-14T14:08:15.554+0000] {processor.py:153} INFO - Started process (PID=2687) to work on /home/airflow/.local/lib/python3.7/site-packages/airflow/example_dags/tutorial_taskflow_api.py
[2023-03-14T14:08:15.564+0000] {processor.py:743} INFO - Processing file /home/airflow/.local/lib/python3.7/site-packages/airflow/example_dags/tutorial_taskflow_api.py for tasks to queue
[2023-03-14T14:08:15.565+0000] {logging_mixin.py:137} INFO - [2023-03-14T14:08:15.564+0000] {dagbag.py:538} INFO - Filling up the DagBag from /home/airflow/.local/lib/python3.7/site-packages/airflow/example_dags/tutorial_taskflow_api.py
[2023-03-14T14:08:15.648+0000] {processor.py:753} INFO - DAG(s) dict_keys(['tutorial_taskflow_api']) retrieved from /home/airflow/.local/lib/python3.7/site-packages/airflow/example_dags/tutorial_taskflow_api.py
[2023-03-14T14:08:15.688+0000] {logging_mixin.py:137} INFO - [2023-03-14T14:08:15.688+0000] {dag.py:2690} INFO - Sync 1 DAGs
[2023-03-14T14:08:15.744+0000] {logging_mixin.py:137} INFO - [2023-03-14T14:08:15.744+0000] {dag.py:3441} INFO - Setting next_dagrun for tutorial_taskflow_api to None, run_after=None
[2023-03-14T14:08:15.779+0000] {processor.py:175} INFO - Processing /home/airflow/.local/lib/python3.7/site-packages/airflow/example_dags/tutorial_taskflow_api.py took 0.232 seconds
[2023-03-14T14:08:45.863+0000] {processor.py:153} INFO - Started process (PID=2901) to work on /home/airflow/.local/lib/python3.7/site-packages/airflow/example_dags/tutorial_taskflow_api.py
[2023-03-14T14:08:45.865+0000] {processor.py:743} INFO - Processing file /home/airflow/.local/lib/python3.7/site-packages/airflow/example_dags/tutorial_taskflow_api.py for tasks to queue
[2023-03-14T14:08:45.866+0000] {logging_mixin.py:137} INFO - [2023-03-14T14:08:45.866+0000] {dagbag.py:538} INFO - Filling up the DagBag from /home/airflow/.local/lib/python3.7/site-packages/airflow/example_dags/tutorial_taskflow_api.py
[2023-03-14T14:08:45.891+0000] {processor.py:753} INFO - DAG(s) dict_keys(['tutorial_taskflow_api']) retrieved from /home/airflow/.local/lib/python3.7/site-packages/airflow/example_dags/tutorial_taskflow_api.py
[2023-03-14T14:08:45.924+0000] {logging_mixin.py:137} INFO - [2023-03-14T14:08:45.924+0000] {dag.py:2690} INFO - Sync 1 DAGs
[2023-03-14T14:08:45.948+0000] {logging_mixin.py:137} INFO - [2023-03-14T14:08:45.948+0000] {dag.py:3441} INFO - Setting next_dagrun for tutorial_taskflow_api to None, run_after=None
[2023-03-14T14:08:45.976+0000] {processor.py:175} INFO - Processing /home/airflow/.local/lib/python3.7/site-packages/airflow/example_dags/tutorial_taskflow_api.py took 0.117 seconds
[2023-03-14T14:09:18.913+0000] {processor.py:153} INFO - Started process (PID=3151) to work on /home/airflow/.local/lib/python3.7/site-packages/airflow/example_dags/tutorial_taskflow_api.py
[2023-03-14T14:09:18.914+0000] {processor.py:743} INFO - Processing file /home/airflow/.local/lib/python3.7/site-packages/airflow/example_dags/tutorial_taskflow_api.py for tasks to queue
[2023-03-14T14:09:18.917+0000] {logging_mixin.py:137} INFO - [2023-03-14T14:09:18.917+0000] {dagbag.py:538} INFO - Filling up the DagBag from /home/airflow/.local/lib/python3.7/site-packages/airflow/example_dags/tutorial_taskflow_api.py
[2023-03-14T14:09:19.010+0000] {processor.py:753} INFO - DAG(s) dict_keys(['tutorial_taskflow_api']) retrieved from /home/airflow/.local/lib/python3.7/site-packages/airflow/example_dags/tutorial_taskflow_api.py
[2023-03-14T14:09:19.070+0000] {logging_mixin.py:137} INFO - [2023-03-14T14:09:19.069+0000] {dag.py:2690} INFO - Sync 1 DAGs
[2023-03-14T14:09:19.123+0000] {logging_mixin.py:137} INFO - [2023-03-14T14:09:19.123+0000] {dag.py:3441} INFO - Setting next_dagrun for tutorial_taskflow_api to None, run_after=None
[2023-03-14T14:09:19.162+0000] {processor.py:175} INFO - Processing /home/airflow/.local/lib/python3.7/site-packages/airflow/example_dags/tutorial_taskflow_api.py took 0.255 seconds
[2023-03-14T14:09:49.751+0000] {processor.py:153} INFO - Started process (PID=3370) to work on /home/airflow/.local/lib/python3.7/site-packages/airflow/example_dags/tutorial_taskflow_api.py
[2023-03-14T14:09:49.752+0000] {processor.py:743} INFO - Processing file /home/airflow/.local/lib/python3.7/site-packages/airflow/example_dags/tutorial_taskflow_api.py for tasks to queue
[2023-03-14T14:09:49.766+0000] {logging_mixin.py:137} INFO - [2023-03-14T14:09:49.753+0000] {dagbag.py:538} INFO - Filling up the DagBag from /home/airflow/.local/lib/python3.7/site-packages/airflow/example_dags/tutorial_taskflow_api.py
[2023-03-14T14:09:49.873+0000] {processor.py:753} INFO - DAG(s) dict_keys(['tutorial_taskflow_api']) retrieved from /home/airflow/.local/lib/python3.7/site-packages/airflow/example_dags/tutorial_taskflow_api.py
[2023-03-14T14:09:49.930+0000] {logging_mixin.py:137} INFO - [2023-03-14T14:09:49.930+0000] {dag.py:2690} INFO - Sync 1 DAGs
[2023-03-14T14:09:49.997+0000] {logging_mixin.py:137} INFO - [2023-03-14T14:09:49.996+0000] {dag.py:3441} INFO - Setting next_dagrun for tutorial_taskflow_api to None, run_after=None
[2023-03-14T14:09:50.030+0000] {processor.py:175} INFO - Processing /home/airflow/.local/lib/python3.7/site-packages/airflow/example_dags/tutorial_taskflow_api.py took 0.292 seconds
[2023-03-14T14:10:20.804+0000] {processor.py:153} INFO - Started process (PID=3585) to work on /home/airflow/.local/lib/python3.7/site-packages/airflow/example_dags/tutorial_taskflow_api.py
[2023-03-14T14:10:20.809+0000] {processor.py:743} INFO - Processing file /home/airflow/.local/lib/python3.7/site-packages/airflow/example_dags/tutorial_taskflow_api.py for tasks to queue
[2023-03-14T14:10:20.810+0000] {logging_mixin.py:137} INFO - [2023-03-14T14:10:20.810+0000] {dagbag.py:538} INFO - Filling up the DagBag from /home/airflow/.local/lib/python3.7/site-packages/airflow/example_dags/tutorial_taskflow_api.py
[2023-03-14T14:10:20.842+0000] {processor.py:753} INFO - DAG(s) dict_keys(['tutorial_taskflow_api']) retrieved from /home/airflow/.local/lib/python3.7/site-packages/airflow/example_dags/tutorial_taskflow_api.py
[2023-03-14T14:10:20.902+0000] {logging_mixin.py:137} INFO - [2023-03-14T14:10:20.901+0000] {dag.py:2690} INFO - Sync 1 DAGs
[2023-03-14T14:10:20.981+0000] {logging_mixin.py:137} INFO - [2023-03-14T14:10:20.981+0000] {dag.py:3441} INFO - Setting next_dagrun for tutorial_taskflow_api to None, run_after=None
[2023-03-14T14:10:21.033+0000] {processor.py:175} INFO - Processing /home/airflow/.local/lib/python3.7/site-packages/airflow/example_dags/tutorial_taskflow_api.py took 0.235 seconds
[2023-03-14T14:10:51.256+0000] {processor.py:153} INFO - Started process (PID=3800) to work on /home/airflow/.local/lib/python3.7/site-packages/airflow/example_dags/tutorial_taskflow_api.py
[2023-03-14T14:10:51.257+0000] {processor.py:743} INFO - Processing file /home/airflow/.local/lib/python3.7/site-packages/airflow/example_dags/tutorial_taskflow_api.py for tasks to queue
[2023-03-14T14:10:51.258+0000] {logging_mixin.py:137} INFO - [2023-03-14T14:10:51.258+0000] {dagbag.py:538} INFO - Filling up the DagBag from /home/airflow/.local/lib/python3.7/site-packages/airflow/example_dags/tutorial_taskflow_api.py
[2023-03-14T14:10:51.306+0000] {processor.py:753} INFO - DAG(s) dict_keys(['tutorial_taskflow_api']) retrieved from /home/airflow/.local/lib/python3.7/site-packages/airflow/example_dags/tutorial_taskflow_api.py
[2023-03-14T14:10:51.393+0000] {logging_mixin.py:137} INFO - [2023-03-14T14:10:51.392+0000] {dag.py:2690} INFO - Sync 1 DAGs
[2023-03-14T14:10:51.464+0000] {logging_mixin.py:137} INFO - [2023-03-14T14:10:51.464+0000] {dag.py:3441} INFO - Setting next_dagrun for tutorial_taskflow_api to None, run_after=None
[2023-03-14T14:10:51.544+0000] {processor.py:175} INFO - Processing /home/airflow/.local/lib/python3.7/site-packages/airflow/example_dags/tutorial_taskflow_api.py took 0.293 seconds
[2023-03-14T14:11:21.796+0000] {processor.py:153} INFO - Started process (PID=4014) to work on /home/airflow/.local/lib/python3.7/site-packages/airflow/example_dags/tutorial_taskflow_api.py
[2023-03-14T14:11:21.800+0000] {processor.py:743} INFO - Processing file /home/airflow/.local/lib/python3.7/site-packages/airflow/example_dags/tutorial_taskflow_api.py for tasks to queue
[2023-03-14T14:11:21.801+0000] {logging_mixin.py:137} INFO - [2023-03-14T14:11:21.801+0000] {dagbag.py:538} INFO - Filling up the DagBag from /home/airflow/.local/lib/python3.7/site-packages/airflow/example_dags/tutorial_taskflow_api.py
[2023-03-14T14:11:21.839+0000] {processor.py:753} INFO - DAG(s) dict_keys(['tutorial_taskflow_api']) retrieved from /home/airflow/.local/lib/python3.7/site-packages/airflow/example_dags/tutorial_taskflow_api.py
[2023-03-14T14:11:21.883+0000] {logging_mixin.py:137} INFO - [2023-03-14T14:11:21.882+0000] {dag.py:2690} INFO - Sync 1 DAGs
[2023-03-14T14:11:21.930+0000] {logging_mixin.py:137} INFO - [2023-03-14T14:11:21.929+0000] {dag.py:3441} INFO - Setting next_dagrun for tutorial_taskflow_api to None, run_after=None
[2023-03-14T14:11:21.977+0000] {processor.py:175} INFO - Processing /home/airflow/.local/lib/python3.7/site-packages/airflow/example_dags/tutorial_taskflow_api.py took 0.187 seconds
[2023-03-14T14:11:52.804+0000] {processor.py:153} INFO - Started process (PID=4231) to work on /home/airflow/.local/lib/python3.7/site-packages/airflow/example_dags/tutorial_taskflow_api.py
[2023-03-14T14:11:52.828+0000] {processor.py:743} INFO - Processing file /home/airflow/.local/lib/python3.7/site-packages/airflow/example_dags/tutorial_taskflow_api.py for tasks to queue
[2023-03-14T14:11:52.829+0000] {logging_mixin.py:137} INFO - [2023-03-14T14:11:52.829+0000] {dagbag.py:538} INFO - Filling up the DagBag from /home/airflow/.local/lib/python3.7/site-packages/airflow/example_dags/tutorial_taskflow_api.py
[2023-03-14T14:11:52.956+0000] {processor.py:753} INFO - DAG(s) dict_keys(['tutorial_taskflow_api']) retrieved from /home/airflow/.local/lib/python3.7/site-packages/airflow/example_dags/tutorial_taskflow_api.py
[2023-03-14T14:11:53.169+0000] {logging_mixin.py:137} INFO - [2023-03-14T14:11:53.169+0000] {dag.py:2690} INFO - Sync 1 DAGs
[2023-03-14T14:11:53.300+0000] {logging_mixin.py:137} INFO - [2023-03-14T14:11:53.300+0000] {dag.py:3441} INFO - Setting next_dagrun for tutorial_taskflow_api to None, run_after=None
[2023-03-14T14:11:53.373+0000] {processor.py:175} INFO - Processing /home/airflow/.local/lib/python3.7/site-packages/airflow/example_dags/tutorial_taskflow_api.py took 0.587 seconds
[2023-03-14T14:12:24.000+0000] {processor.py:153} INFO - Started process (PID=4446) to work on /home/airflow/.local/lib/python3.7/site-packages/airflow/example_dags/tutorial_taskflow_api.py
[2023-03-14T14:12:24.004+0000] {processor.py:743} INFO - Processing file /home/airflow/.local/lib/python3.7/site-packages/airflow/example_dags/tutorial_taskflow_api.py for tasks to queue
[2023-03-14T14:12:24.005+0000] {logging_mixin.py:137} INFO - [2023-03-14T14:12:24.005+0000] {dagbag.py:538} INFO - Filling up the DagBag from /home/airflow/.local/lib/python3.7/site-packages/airflow/example_dags/tutorial_taskflow_api.py
[2023-03-14T14:12:24.037+0000] {processor.py:753} INFO - DAG(s) dict_keys(['tutorial_taskflow_api']) retrieved from /home/airflow/.local/lib/python3.7/site-packages/airflow/example_dags/tutorial_taskflow_api.py
[2023-03-14T14:12:24.084+0000] {logging_mixin.py:137} INFO - [2023-03-14T14:12:24.084+0000] {dag.py:2690} INFO - Sync 1 DAGs
[2023-03-14T14:12:24.127+0000] {logging_mixin.py:137} INFO - [2023-03-14T14:12:24.127+0000] {dag.py:3441} INFO - Setting next_dagrun for tutorial_taskflow_api to None, run_after=None
[2023-03-14T14:12:24.164+0000] {processor.py:175} INFO - Processing /home/airflow/.local/lib/python3.7/site-packages/airflow/example_dags/tutorial_taskflow_api.py took 0.170 seconds
[2023-03-14T14:12:54.429+0000] {processor.py:153} INFO - Started process (PID=4661) to work on /home/airflow/.local/lib/python3.7/site-packages/airflow/example_dags/tutorial_taskflow_api.py
[2023-03-14T14:12:54.437+0000] {processor.py:743} INFO - Processing file /home/airflow/.local/lib/python3.7/site-packages/airflow/example_dags/tutorial_taskflow_api.py for tasks to queue
[2023-03-14T14:12:54.440+0000] {logging_mixin.py:137} INFO - [2023-03-14T14:12:54.440+0000] {dagbag.py:538} INFO - Filling up the DagBag from /home/airflow/.local/lib/python3.7/site-packages/airflow/example_dags/tutorial_taskflow_api.py
[2023-03-14T14:12:54.611+0000] {processor.py:753} INFO - DAG(s) dict_keys(['tutorial_taskflow_api']) retrieved from /home/airflow/.local/lib/python3.7/site-packages/airflow/example_dags/tutorial_taskflow_api.py
[2023-03-14T14:12:54.730+0000] {logging_mixin.py:137} INFO - [2023-03-14T14:12:54.730+0000] {dag.py:2690} INFO - Sync 1 DAGs
[2023-03-14T14:12:54.856+0000] {logging_mixin.py:137} INFO - [2023-03-14T14:12:54.841+0000] {dag.py:3441} INFO - Setting next_dagrun for tutorial_taskflow_api to None, run_after=None
[2023-03-14T14:12:54.899+0000] {processor.py:175} INFO - Processing /home/airflow/.local/lib/python3.7/site-packages/airflow/example_dags/tutorial_taskflow_api.py took 0.518 seconds
[2023-03-14T14:13:25.342+0000] {processor.py:153} INFO - Started process (PID=4876) to work on /home/airflow/.local/lib/python3.7/site-packages/airflow/example_dags/tutorial_taskflow_api.py
[2023-03-14T14:13:25.345+0000] {processor.py:743} INFO - Processing file /home/airflow/.local/lib/python3.7/site-packages/airflow/example_dags/tutorial_taskflow_api.py for tasks to queue
[2023-03-14T14:13:25.346+0000] {logging_mixin.py:137} INFO - [2023-03-14T14:13:25.346+0000] {dagbag.py:538} INFO - Filling up the DagBag from /home/airflow/.local/lib/python3.7/site-packages/airflow/example_dags/tutorial_taskflow_api.py
[2023-03-14T14:13:25.385+0000] {processor.py:753} INFO - DAG(s) dict_keys(['tutorial_taskflow_api']) retrieved from /home/airflow/.local/lib/python3.7/site-packages/airflow/example_dags/tutorial_taskflow_api.py
[2023-03-14T14:13:25.501+0000] {logging_mixin.py:137} INFO - [2023-03-14T14:13:25.501+0000] {dag.py:2690} INFO - Sync 1 DAGs
[2023-03-14T14:13:25.649+0000] {logging_mixin.py:137} INFO - [2023-03-14T14:13:25.649+0000] {dag.py:3441} INFO - Setting next_dagrun for tutorial_taskflow_api to None, run_after=None
[2023-03-14T14:13:25.758+0000] {processor.py:175} INFO - Processing /home/airflow/.local/lib/python3.7/site-packages/airflow/example_dags/tutorial_taskflow_api.py took 0.421 seconds
[2023-03-14T14:13:56.024+0000] {processor.py:153} INFO - Started process (PID=5090) to work on /home/airflow/.local/lib/python3.7/site-packages/airflow/example_dags/tutorial_taskflow_api.py
[2023-03-14T14:13:56.033+0000] {processor.py:743} INFO - Processing file /home/airflow/.local/lib/python3.7/site-packages/airflow/example_dags/tutorial_taskflow_api.py for tasks to queue
[2023-03-14T14:13:56.036+0000] {logging_mixin.py:137} INFO - [2023-03-14T14:13:56.035+0000] {dagbag.py:538} INFO - Filling up the DagBag from /home/airflow/.local/lib/python3.7/site-packages/airflow/example_dags/tutorial_taskflow_api.py
[2023-03-14T14:13:56.170+0000] {processor.py:753} INFO - DAG(s) dict_keys(['tutorial_taskflow_api']) retrieved from /home/airflow/.local/lib/python3.7/site-packages/airflow/example_dags/tutorial_taskflow_api.py
[2023-03-14T14:13:56.274+0000] {logging_mixin.py:137} INFO - [2023-03-14T14:13:56.273+0000] {dag.py:2690} INFO - Sync 1 DAGs
[2023-03-14T14:13:56.505+0000] {logging_mixin.py:137} INFO - [2023-03-14T14:13:56.505+0000] {dag.py:3441} INFO - Setting next_dagrun for tutorial_taskflow_api to None, run_after=None
[2023-03-14T14:13:56.694+0000] {processor.py:175} INFO - Processing /home/airflow/.local/lib/python3.7/site-packages/airflow/example_dags/tutorial_taskflow_api.py took 0.678 seconds
[2023-03-14T14:14:26.882+0000] {processor.py:153} INFO - Started process (PID=5306) to work on /home/airflow/.local/lib/python3.7/site-packages/airflow/example_dags/tutorial_taskflow_api.py
[2023-03-14T14:14:26.884+0000] {processor.py:743} INFO - Processing file /home/airflow/.local/lib/python3.7/site-packages/airflow/example_dags/tutorial_taskflow_api.py for tasks to queue
[2023-03-14T14:14:26.885+0000] {logging_mixin.py:137} INFO - [2023-03-14T14:14:26.885+0000] {dagbag.py:538} INFO - Filling up the DagBag from /home/airflow/.local/lib/python3.7/site-packages/airflow/example_dags/tutorial_taskflow_api.py
[2023-03-14T14:14:26.920+0000] {processor.py:753} INFO - DAG(s) dict_keys(['tutorial_taskflow_api']) retrieved from /home/airflow/.local/lib/python3.7/site-packages/airflow/example_dags/tutorial_taskflow_api.py
[2023-03-14T14:14:26.960+0000] {logging_mixin.py:137} INFO - [2023-03-14T14:14:26.960+0000] {dag.py:2690} INFO - Sync 1 DAGs
[2023-03-14T14:14:27.007+0000] {logging_mixin.py:137} INFO - [2023-03-14T14:14:27.007+0000] {dag.py:3441} INFO - Setting next_dagrun for tutorial_taskflow_api to None, run_after=None
[2023-03-14T14:14:27.037+0000] {processor.py:175} INFO - Processing /home/airflow/.local/lib/python3.7/site-packages/airflow/example_dags/tutorial_taskflow_api.py took 0.161 seconds
[2023-03-14T14:14:57.329+0000] {processor.py:153} INFO - Started process (PID=5531) to work on /home/airflow/.local/lib/python3.7/site-packages/airflow/example_dags/tutorial_taskflow_api.py
[2023-03-14T14:14:57.333+0000] {processor.py:743} INFO - Processing file /home/airflow/.local/lib/python3.7/site-packages/airflow/example_dags/tutorial_taskflow_api.py for tasks to queue
[2023-03-14T14:14:57.335+0000] {logging_mixin.py:137} INFO - [2023-03-14T14:14:57.335+0000] {dagbag.py:538} INFO - Filling up the DagBag from /home/airflow/.local/lib/python3.7/site-packages/airflow/example_dags/tutorial_taskflow_api.py
[2023-03-14T14:14:57.428+0000] {processor.py:753} INFO - DAG(s) dict_keys(['tutorial_taskflow_api']) retrieved from /home/airflow/.local/lib/python3.7/site-packages/airflow/example_dags/tutorial_taskflow_api.py
[2023-03-14T14:14:57.580+0000] {logging_mixin.py:137} INFO - [2023-03-14T14:14:57.580+0000] {dag.py:2690} INFO - Sync 1 DAGs
[2023-03-14T14:14:57.673+0000] {logging_mixin.py:137} INFO - [2023-03-14T14:14:57.673+0000] {dag.py:3441} INFO - Setting next_dagrun for tutorial_taskflow_api to None, run_after=None
[2023-03-14T14:14:57.756+0000] {processor.py:175} INFO - Processing /home/airflow/.local/lib/python3.7/site-packages/airflow/example_dags/tutorial_taskflow_api.py took 0.438 seconds
[2023-03-14T14:15:27.906+0000] {processor.py:153} INFO - Started process (PID=5744) to work on /home/airflow/.local/lib/python3.7/site-packages/airflow/example_dags/tutorial_taskflow_api.py
[2023-03-14T14:15:27.916+0000] {processor.py:743} INFO - Processing file /home/airflow/.local/lib/python3.7/site-packages/airflow/example_dags/tutorial_taskflow_api.py for tasks to queue
[2023-03-14T14:15:27.919+0000] {logging_mixin.py:137} INFO - [2023-03-14T14:15:27.918+0000] {dagbag.py:538} INFO - Filling up the DagBag from /home/airflow/.local/lib/python3.7/site-packages/airflow/example_dags/tutorial_taskflow_api.py
[2023-03-14T14:15:27.999+0000] {processor.py:753} INFO - DAG(s) dict_keys(['tutorial_taskflow_api']) retrieved from /home/airflow/.local/lib/python3.7/site-packages/airflow/example_dags/tutorial_taskflow_api.py
[2023-03-14T14:15:28.139+0000] {logging_mixin.py:137} INFO - [2023-03-14T14:15:28.139+0000] {dag.py:2690} INFO - Sync 1 DAGs
[2023-03-14T14:15:28.260+0000] {logging_mixin.py:137} INFO - [2023-03-14T14:15:28.260+0000] {dag.py:3441} INFO - Setting next_dagrun for tutorial_taskflow_api to None, run_after=None
[2023-03-14T14:15:28.329+0000] {processor.py:175} INFO - Processing /home/airflow/.local/lib/python3.7/site-packages/airflow/example_dags/tutorial_taskflow_api.py took 0.429 seconds
