[2023-03-14T14:02:33.273+0000] {processor.py:153} INFO - Started process (PID=296) to work on /home/airflow/.local/lib/python3.7/site-packages/airflow/example_dags/tutorial.py
[2023-03-14T14:02:33.281+0000] {processor.py:743} INFO - Processing file /home/airflow/.local/lib/python3.7/site-packages/airflow/example_dags/tutorial.py for tasks to queue
[2023-03-14T14:02:33.282+0000] {logging_mixin.py:137} INFO - [2023-03-14T14:02:33.282+0000] {dagbag.py:538} INFO - Filling up the DagBag from /home/airflow/.local/lib/python3.7/site-packages/airflow/example_dags/tutorial.py
[2023-03-14T14:02:33.379+0000] {processor.py:753} INFO - DAG(s) dict_keys(['tutorial']) retrieved from /home/airflow/.local/lib/python3.7/site-packages/airflow/example_dags/tutorial.py
[2023-03-14T14:02:33.601+0000] {logging_mixin.py:137} INFO - [2023-03-14T14:02:33.601+0000] {dag.py:2690} INFO - Sync 1 DAGs
[2023-03-14T14:02:33.849+0000] {logging_mixin.py:137} INFO - [2023-03-14T14:02:33.848+0000] {dag.py:3441} INFO - Setting next_dagrun for tutorial to 2023-03-13T14:02:33.848334+00:00, run_after=2023-03-14T14:02:33.848334+00:00
[2023-03-14T14:02:33.965+0000] {processor.py:175} INFO - Processing /home/airflow/.local/lib/python3.7/site-packages/airflow/example_dags/tutorial.py took 0.714 seconds
[2023-03-14T14:03:05.764+0000] {processor.py:153} INFO - Started process (PID=510) to work on /home/airflow/.local/lib/python3.7/site-packages/airflow/example_dags/tutorial.py
[2023-03-14T14:03:05.767+0000] {processor.py:743} INFO - Processing file /home/airflow/.local/lib/python3.7/site-packages/airflow/example_dags/tutorial.py for tasks to queue
[2023-03-14T14:03:05.769+0000] {logging_mixin.py:137} INFO - [2023-03-14T14:03:05.769+0000] {dagbag.py:538} INFO - Filling up the DagBag from /home/airflow/.local/lib/python3.7/site-packages/airflow/example_dags/tutorial.py
[2023-03-14T14:03:05.831+0000] {processor.py:753} INFO - DAG(s) dict_keys(['tutorial']) retrieved from /home/airflow/.local/lib/python3.7/site-packages/airflow/example_dags/tutorial.py
[2023-03-14T14:03:05.999+0000] {logging_mixin.py:137} INFO - [2023-03-14T14:03:05.993+0000] {dag.py:2690} INFO - Sync 1 DAGs
[2023-03-14T14:03:06.181+0000] {logging_mixin.py:137} INFO - [2023-03-14T14:03:06.181+0000] {dag.py:3441} INFO - Setting next_dagrun for tutorial to 2023-03-13T14:03:06.181039+00:00, run_after=2023-03-14T14:03:06.181039+00:00
[2023-03-14T14:03:06.276+0000] {processor.py:175} INFO - Processing /home/airflow/.local/lib/python3.7/site-packages/airflow/example_dags/tutorial.py took 0.522 seconds
[2023-03-14T14:03:37.003+0000] {processor.py:153} INFO - Started process (PID=726) to work on /home/airflow/.local/lib/python3.7/site-packages/airflow/example_dags/tutorial.py
[2023-03-14T14:03:37.006+0000] {processor.py:743} INFO - Processing file /home/airflow/.local/lib/python3.7/site-packages/airflow/example_dags/tutorial.py for tasks to queue
[2023-03-14T14:03:37.008+0000] {logging_mixin.py:137} INFO - [2023-03-14T14:03:37.008+0000] {dagbag.py:538} INFO - Filling up the DagBag from /home/airflow/.local/lib/python3.7/site-packages/airflow/example_dags/tutorial.py
[2023-03-14T14:03:37.034+0000] {processor.py:753} INFO - DAG(s) dict_keys(['tutorial']) retrieved from /home/airflow/.local/lib/python3.7/site-packages/airflow/example_dags/tutorial.py
[2023-03-14T14:03:37.072+0000] {logging_mixin.py:137} INFO - [2023-03-14T14:03:37.072+0000] {dag.py:2690} INFO - Sync 1 DAGs
[2023-03-14T14:03:37.112+0000] {logging_mixin.py:137} INFO - [2023-03-14T14:03:37.112+0000] {dag.py:3441} INFO - Setting next_dagrun for tutorial to 2023-03-13T14:03:37.112215+00:00, run_after=2023-03-14T14:03:37.112215+00:00
[2023-03-14T14:03:37.143+0000] {processor.py:175} INFO - Processing /home/airflow/.local/lib/python3.7/site-packages/airflow/example_dags/tutorial.py took 0.147 seconds
[2023-03-14T14:04:07.817+0000] {processor.py:153} INFO - Started process (PID=940) to work on /home/airflow/.local/lib/python3.7/site-packages/airflow/example_dags/tutorial.py
[2023-03-14T14:04:07.818+0000] {processor.py:743} INFO - Processing file /home/airflow/.local/lib/python3.7/site-packages/airflow/example_dags/tutorial.py for tasks to queue
[2023-03-14T14:04:07.820+0000] {logging_mixin.py:137} INFO - [2023-03-14T14:04:07.820+0000] {dagbag.py:538} INFO - Filling up the DagBag from /home/airflow/.local/lib/python3.7/site-packages/airflow/example_dags/tutorial.py
[2023-03-14T14:04:07.842+0000] {processor.py:753} INFO - DAG(s) dict_keys(['tutorial']) retrieved from /home/airflow/.local/lib/python3.7/site-packages/airflow/example_dags/tutorial.py
[2023-03-14T14:04:07.949+0000] {logging_mixin.py:137} INFO - [2023-03-14T14:04:07.948+0000] {dag.py:2690} INFO - Sync 1 DAGs
[2023-03-14T14:04:07.997+0000] {logging_mixin.py:137} INFO - [2023-03-14T14:04:07.996+0000] {dag.py:3441} INFO - Setting next_dagrun for tutorial to 2023-03-13T14:04:07.995669+00:00, run_after=2023-03-14T14:04:07.995669+00:00
[2023-03-14T14:04:08.060+0000] {processor.py:175} INFO - Processing /home/airflow/.local/lib/python3.7/site-packages/airflow/example_dags/tutorial.py took 0.249 seconds
[2023-03-14T14:04:38.658+0000] {processor.py:153} INFO - Started process (PID=1153) to work on /home/airflow/.local/lib/python3.7/site-packages/airflow/example_dags/tutorial.py
[2023-03-14T14:04:38.659+0000] {processor.py:743} INFO - Processing file /home/airflow/.local/lib/python3.7/site-packages/airflow/example_dags/tutorial.py for tasks to queue
[2023-03-14T14:04:38.665+0000] {logging_mixin.py:137} INFO - [2023-03-14T14:04:38.665+0000] {dagbag.py:538} INFO - Filling up the DagBag from /home/airflow/.local/lib/python3.7/site-packages/airflow/example_dags/tutorial.py
[2023-03-14T14:04:38.735+0000] {processor.py:753} INFO - DAG(s) dict_keys(['tutorial']) retrieved from /home/airflow/.local/lib/python3.7/site-packages/airflow/example_dags/tutorial.py
[2023-03-14T14:04:38.812+0000] {logging_mixin.py:137} INFO - [2023-03-14T14:04:38.812+0000] {dag.py:2690} INFO - Sync 1 DAGs
[2023-03-14T14:04:38.951+0000] {logging_mixin.py:137} INFO - [2023-03-14T14:04:38.951+0000] {dag.py:3441} INFO - Setting next_dagrun for tutorial to 2023-03-13T14:04:38.951032+00:00, run_after=2023-03-14T14:04:38.951032+00:00
[2023-03-14T14:04:39.002+0000] {processor.py:175} INFO - Processing /home/airflow/.local/lib/python3.7/site-packages/airflow/example_dags/tutorial.py took 0.354 seconds
[2023-03-14T14:05:09.060+0000] {processor.py:153} INFO - Started process (PID=1363) to work on /home/airflow/.local/lib/python3.7/site-packages/airflow/example_dags/tutorial.py
[2023-03-14T14:05:09.062+0000] {processor.py:743} INFO - Processing file /home/airflow/.local/lib/python3.7/site-packages/airflow/example_dags/tutorial.py for tasks to queue
[2023-03-14T14:05:09.063+0000] {logging_mixin.py:137} INFO - [2023-03-14T14:05:09.063+0000] {dagbag.py:538} INFO - Filling up the DagBag from /home/airflow/.local/lib/python3.7/site-packages/airflow/example_dags/tutorial.py
[2023-03-14T14:05:09.108+0000] {processor.py:753} INFO - DAG(s) dict_keys(['tutorial']) retrieved from /home/airflow/.local/lib/python3.7/site-packages/airflow/example_dags/tutorial.py
[2023-03-14T14:05:09.159+0000] {logging_mixin.py:137} INFO - [2023-03-14T14:05:09.158+0000] {dag.py:2690} INFO - Sync 1 DAGs
[2023-03-14T14:05:09.258+0000] {logging_mixin.py:137} INFO - [2023-03-14T14:05:09.258+0000] {dag.py:3441} INFO - Setting next_dagrun for tutorial to 2023-03-13T14:05:09.257567+00:00, run_after=2023-03-14T14:05:09.257567+00:00
[2023-03-14T14:05:09.341+0000] {processor.py:175} INFO - Processing /home/airflow/.local/lib/python3.7/site-packages/airflow/example_dags/tutorial.py took 0.292 seconds
[2023-03-14T14:05:40.408+0000] {processor.py:153} INFO - Started process (PID=1590) to work on /home/airflow/.local/lib/python3.7/site-packages/airflow/example_dags/tutorial.py
[2023-03-14T14:05:40.409+0000] {processor.py:743} INFO - Processing file /home/airflow/.local/lib/python3.7/site-packages/airflow/example_dags/tutorial.py for tasks to queue
[2023-03-14T14:05:40.419+0000] {logging_mixin.py:137} INFO - [2023-03-14T14:05:40.419+0000] {dagbag.py:538} INFO - Filling up the DagBag from /home/airflow/.local/lib/python3.7/site-packages/airflow/example_dags/tutorial.py
[2023-03-14T14:05:40.444+0000] {processor.py:753} INFO - DAG(s) dict_keys(['tutorial']) retrieved from /home/airflow/.local/lib/python3.7/site-packages/airflow/example_dags/tutorial.py
[2023-03-14T14:05:40.481+0000] {logging_mixin.py:137} INFO - [2023-03-14T14:05:40.481+0000] {dag.py:2690} INFO - Sync 1 DAGs
[2023-03-14T14:05:40.520+0000] {logging_mixin.py:137} INFO - [2023-03-14T14:05:40.520+0000] {dag.py:3441} INFO - Setting next_dagrun for tutorial to 2023-03-13T14:05:40.520031+00:00, run_after=2023-03-14T14:05:40.520031+00:00
[2023-03-14T14:05:40.561+0000] {processor.py:175} INFO - Processing /home/airflow/.local/lib/python3.7/site-packages/airflow/example_dags/tutorial.py took 0.157 seconds
[2023-03-14T14:06:11.187+0000] {processor.py:153} INFO - Started process (PID=1805) to work on /home/airflow/.local/lib/python3.7/site-packages/airflow/example_dags/tutorial.py
[2023-03-14T14:06:11.193+0000] {processor.py:743} INFO - Processing file /home/airflow/.local/lib/python3.7/site-packages/airflow/example_dags/tutorial.py for tasks to queue
[2023-03-14T14:06:11.193+0000] {logging_mixin.py:137} INFO - [2023-03-14T14:06:11.193+0000] {dagbag.py:538} INFO - Filling up the DagBag from /home/airflow/.local/lib/python3.7/site-packages/airflow/example_dags/tutorial.py
[2023-03-14T14:06:11.251+0000] {processor.py:753} INFO - DAG(s) dict_keys(['tutorial']) retrieved from /home/airflow/.local/lib/python3.7/site-packages/airflow/example_dags/tutorial.py
[2023-03-14T14:06:11.314+0000] {logging_mixin.py:137} INFO - [2023-03-14T14:06:11.314+0000] {dag.py:2690} INFO - Sync 1 DAGs
[2023-03-14T14:06:11.384+0000] {logging_mixin.py:137} INFO - [2023-03-14T14:06:11.384+0000] {dag.py:3441} INFO - Setting next_dagrun for tutorial to 2023-03-13T14:06:11.384351+00:00, run_after=2023-03-14T14:06:11.384351+00:00
[2023-03-14T14:06:11.431+0000] {processor.py:175} INFO - Processing /home/airflow/.local/lib/python3.7/site-packages/airflow/example_dags/tutorial.py took 0.264 seconds
[2023-03-14T14:06:41.949+0000] {processor.py:153} INFO - Started process (PID=2024) to work on /home/airflow/.local/lib/python3.7/site-packages/airflow/example_dags/tutorial.py
[2023-03-14T14:06:41.950+0000] {processor.py:743} INFO - Processing file /home/airflow/.local/lib/python3.7/site-packages/airflow/example_dags/tutorial.py for tasks to queue
[2023-03-14T14:06:41.951+0000] {logging_mixin.py:137} INFO - [2023-03-14T14:06:41.951+0000] {dagbag.py:538} INFO - Filling up the DagBag from /home/airflow/.local/lib/python3.7/site-packages/airflow/example_dags/tutorial.py
[2023-03-14T14:06:41.973+0000] {processor.py:753} INFO - DAG(s) dict_keys(['tutorial']) retrieved from /home/airflow/.local/lib/python3.7/site-packages/airflow/example_dags/tutorial.py
[2023-03-14T14:06:42.011+0000] {logging_mixin.py:137} INFO - [2023-03-14T14:06:42.010+0000] {dag.py:2690} INFO - Sync 1 DAGs
[2023-03-14T14:06:42.051+0000] {logging_mixin.py:137} INFO - [2023-03-14T14:06:42.050+0000] {dag.py:3441} INFO - Setting next_dagrun for tutorial to 2023-03-13T14:06:42.050387+00:00, run_after=2023-03-14T14:06:42.050387+00:00
[2023-03-14T14:06:42.080+0000] {processor.py:175} INFO - Processing /home/airflow/.local/lib/python3.7/site-packages/airflow/example_dags/tutorial.py took 0.137 seconds
[2023-03-14T14:07:13.392+0000] {processor.py:153} INFO - Started process (PID=2236) to work on /home/airflow/.local/lib/python3.7/site-packages/airflow/example_dags/tutorial.py
[2023-03-14T14:07:13.396+0000] {processor.py:743} INFO - Processing file /home/airflow/.local/lib/python3.7/site-packages/airflow/example_dags/tutorial.py for tasks to queue
[2023-03-14T14:07:13.405+0000] {logging_mixin.py:137} INFO - [2023-03-14T14:07:13.405+0000] {dagbag.py:538} INFO - Filling up the DagBag from /home/airflow/.local/lib/python3.7/site-packages/airflow/example_dags/tutorial.py
[2023-03-14T14:07:13.443+0000] {processor.py:753} INFO - DAG(s) dict_keys(['tutorial']) retrieved from /home/airflow/.local/lib/python3.7/site-packages/airflow/example_dags/tutorial.py
[2023-03-14T14:07:13.503+0000] {logging_mixin.py:137} INFO - [2023-03-14T14:07:13.503+0000] {dag.py:2690} INFO - Sync 1 DAGs
[2023-03-14T14:07:13.566+0000] {logging_mixin.py:137} INFO - [2023-03-14T14:07:13.566+0000] {dag.py:3441} INFO - Setting next_dagrun for tutorial to 2023-03-13T14:07:13.565805+00:00, run_after=2023-03-14T14:07:13.565805+00:00
[2023-03-14T14:07:13.614+0000] {processor.py:175} INFO - Processing /home/airflow/.local/lib/python3.7/site-packages/airflow/example_dags/tutorial.py took 0.226 seconds
[2023-03-14T14:07:43.672+0000] {processor.py:153} INFO - Started process (PID=2453) to work on /home/airflow/.local/lib/python3.7/site-packages/airflow/example_dags/tutorial.py
[2023-03-14T14:07:43.674+0000] {processor.py:743} INFO - Processing file /home/airflow/.local/lib/python3.7/site-packages/airflow/example_dags/tutorial.py for tasks to queue
[2023-03-14T14:07:43.675+0000] {logging_mixin.py:137} INFO - [2023-03-14T14:07:43.675+0000] {dagbag.py:538} INFO - Filling up the DagBag from /home/airflow/.local/lib/python3.7/site-packages/airflow/example_dags/tutorial.py
[2023-03-14T14:07:43.696+0000] {processor.py:753} INFO - DAG(s) dict_keys(['tutorial']) retrieved from /home/airflow/.local/lib/python3.7/site-packages/airflow/example_dags/tutorial.py
[2023-03-14T14:07:43.743+0000] {logging_mixin.py:137} INFO - [2023-03-14T14:07:43.743+0000] {dag.py:2690} INFO - Sync 1 DAGs
[2023-03-14T14:07:43.801+0000] {logging_mixin.py:137} INFO - [2023-03-14T14:07:43.799+0000] {dag.py:3441} INFO - Setting next_dagrun for tutorial to 2023-03-13T14:07:43.799163+00:00, run_after=2023-03-14T14:07:43.799163+00:00
[2023-03-14T14:07:43.845+0000] {processor.py:175} INFO - Processing /home/airflow/.local/lib/python3.7/site-packages/airflow/example_dags/tutorial.py took 0.179 seconds
[2023-03-14T14:08:14.877+0000] {processor.py:153} INFO - Started process (PID=2677) to work on /home/airflow/.local/lib/python3.7/site-packages/airflow/example_dags/tutorial.py
[2023-03-14T14:08:14.884+0000] {processor.py:743} INFO - Processing file /home/airflow/.local/lib/python3.7/site-packages/airflow/example_dags/tutorial.py for tasks to queue
[2023-03-14T14:08:14.891+0000] {logging_mixin.py:137} INFO - [2023-03-14T14:08:14.888+0000] {dagbag.py:538} INFO - Filling up the DagBag from /home/airflow/.local/lib/python3.7/site-packages/airflow/example_dags/tutorial.py
[2023-03-14T14:08:14.922+0000] {processor.py:753} INFO - DAG(s) dict_keys(['tutorial']) retrieved from /home/airflow/.local/lib/python3.7/site-packages/airflow/example_dags/tutorial.py
[2023-03-14T14:08:15.022+0000] {logging_mixin.py:137} INFO - [2023-03-14T14:08:15.022+0000] {dag.py:2690} INFO - Sync 1 DAGs
[2023-03-14T14:08:15.264+0000] {logging_mixin.py:137} INFO - [2023-03-14T14:08:15.264+0000] {dag.py:3441} INFO - Setting next_dagrun for tutorial to 2023-03-13T14:08:15.263851+00:00, run_after=2023-03-14T14:08:15.263851+00:00
[2023-03-14T14:08:15.355+0000] {processor.py:175} INFO - Processing /home/airflow/.local/lib/python3.7/site-packages/airflow/example_dags/tutorial.py took 0.489 seconds
[2023-03-14T14:08:45.725+0000] {processor.py:153} INFO - Started process (PID=2896) to work on /home/airflow/.local/lib/python3.7/site-packages/airflow/example_dags/tutorial.py
[2023-03-14T14:08:45.726+0000] {processor.py:743} INFO - Processing file /home/airflow/.local/lib/python3.7/site-packages/airflow/example_dags/tutorial.py for tasks to queue
[2023-03-14T14:08:45.727+0000] {logging_mixin.py:137} INFO - [2023-03-14T14:08:45.727+0000] {dagbag.py:538} INFO - Filling up the DagBag from /home/airflow/.local/lib/python3.7/site-packages/airflow/example_dags/tutorial.py
[2023-03-14T14:08:45.743+0000] {processor.py:753} INFO - DAG(s) dict_keys(['tutorial']) retrieved from /home/airflow/.local/lib/python3.7/site-packages/airflow/example_dags/tutorial.py
[2023-03-14T14:08:45.785+0000] {logging_mixin.py:137} INFO - [2023-03-14T14:08:45.785+0000] {dag.py:2690} INFO - Sync 1 DAGs
[2023-03-14T14:08:45.811+0000] {logging_mixin.py:137} INFO - [2023-03-14T14:08:45.811+0000] {dag.py:3441} INFO - Setting next_dagrun for tutorial to 2023-03-13T14:08:45.811069+00:00, run_after=2023-03-14T14:08:45.811069+00:00
[2023-03-14T14:08:45.835+0000] {processor.py:175} INFO - Processing /home/airflow/.local/lib/python3.7/site-packages/airflow/example_dags/tutorial.py took 0.113 seconds
[2023-03-14T14:09:18.360+0000] {processor.py:153} INFO - Started process (PID=3138) to work on /home/airflow/.local/lib/python3.7/site-packages/airflow/example_dags/tutorial.py
[2023-03-14T14:09:18.385+0000] {processor.py:743} INFO - Processing file /home/airflow/.local/lib/python3.7/site-packages/airflow/example_dags/tutorial.py for tasks to queue
[2023-03-14T14:09:18.386+0000] {logging_mixin.py:137} INFO - [2023-03-14T14:09:18.386+0000] {dagbag.py:538} INFO - Filling up the DagBag from /home/airflow/.local/lib/python3.7/site-packages/airflow/example_dags/tutorial.py
[2023-03-14T14:09:18.538+0000] {processor.py:753} INFO - DAG(s) dict_keys(['tutorial']) retrieved from /home/airflow/.local/lib/python3.7/site-packages/airflow/example_dags/tutorial.py
[2023-03-14T14:09:18.625+0000] {logging_mixin.py:137} INFO - [2023-03-14T14:09:18.625+0000] {dag.py:2690} INFO - Sync 1 DAGs
[2023-03-14T14:09:18.769+0000] {logging_mixin.py:137} INFO - [2023-03-14T14:09:18.768+0000] {dag.py:3441} INFO - Setting next_dagrun for tutorial to 2023-03-13T14:09:18.762824+00:00, run_after=2023-03-14T14:09:18.762824+00:00
[2023-03-14T14:09:18.838+0000] {processor.py:175} INFO - Processing /home/airflow/.local/lib/python3.7/site-packages/airflow/example_dags/tutorial.py took 0.490 seconds
[2023-03-14T14:09:49.461+0000] {processor.py:153} INFO - Started process (PID=3360) to work on /home/airflow/.local/lib/python3.7/site-packages/airflow/example_dags/tutorial.py
[2023-03-14T14:09:49.464+0000] {processor.py:743} INFO - Processing file /home/airflow/.local/lib/python3.7/site-packages/airflow/example_dags/tutorial.py for tasks to queue
[2023-03-14T14:09:49.465+0000] {logging_mixin.py:137} INFO - [2023-03-14T14:09:49.465+0000] {dagbag.py:538} INFO - Filling up the DagBag from /home/airflow/.local/lib/python3.7/site-packages/airflow/example_dags/tutorial.py
[2023-03-14T14:09:49.488+0000] {processor.py:753} INFO - DAG(s) dict_keys(['tutorial']) retrieved from /home/airflow/.local/lib/python3.7/site-packages/airflow/example_dags/tutorial.py
[2023-03-14T14:09:49.556+0000] {logging_mixin.py:137} INFO - [2023-03-14T14:09:49.556+0000] {dag.py:2690} INFO - Sync 1 DAGs
[2023-03-14T14:09:49.627+0000] {logging_mixin.py:137} INFO - [2023-03-14T14:09:49.626+0000] {dag.py:3441} INFO - Setting next_dagrun for tutorial to 2023-03-13T14:09:49.626540+00:00, run_after=2023-03-14T14:09:49.626540+00:00
[2023-03-14T14:09:49.676+0000] {processor.py:175} INFO - Processing /home/airflow/.local/lib/python3.7/site-packages/airflow/example_dags/tutorial.py took 0.266 seconds
[2023-03-14T14:10:20.352+0000] {processor.py:153} INFO - Started process (PID=3573) to work on /home/airflow/.local/lib/python3.7/site-packages/airflow/example_dags/tutorial.py
[2023-03-14T14:10:20.363+0000] {processor.py:743} INFO - Processing file /home/airflow/.local/lib/python3.7/site-packages/airflow/example_dags/tutorial.py for tasks to queue
[2023-03-14T14:10:20.365+0000] {logging_mixin.py:137} INFO - [2023-03-14T14:10:20.365+0000] {dagbag.py:538} INFO - Filling up the DagBag from /home/airflow/.local/lib/python3.7/site-packages/airflow/example_dags/tutorial.py
[2023-03-14T14:10:20.410+0000] {processor.py:753} INFO - DAG(s) dict_keys(['tutorial']) retrieved from /home/airflow/.local/lib/python3.7/site-packages/airflow/example_dags/tutorial.py
[2023-03-14T14:10:20.516+0000] {logging_mixin.py:137} INFO - [2023-03-14T14:10:20.513+0000] {dag.py:2690} INFO - Sync 1 DAGs
[2023-03-14T14:10:20.653+0000] {logging_mixin.py:137} INFO - [2023-03-14T14:10:20.653+0000] {dag.py:3441} INFO - Setting next_dagrun for tutorial to 2023-03-13T14:10:20.652583+00:00, run_after=2023-03-14T14:10:20.652583+00:00
[2023-03-14T14:10:20.704+0000] {processor.py:175} INFO - Processing /home/airflow/.local/lib/python3.7/site-packages/airflow/example_dags/tutorial.py took 0.360 seconds
[2023-03-14T14:10:50.860+0000] {processor.py:153} INFO - Started process (PID=3788) to work on /home/airflow/.local/lib/python3.7/site-packages/airflow/example_dags/tutorial.py
[2023-03-14T14:10:50.869+0000] {processor.py:743} INFO - Processing file /home/airflow/.local/lib/python3.7/site-packages/airflow/example_dags/tutorial.py for tasks to queue
[2023-03-14T14:10:50.870+0000] {logging_mixin.py:137} INFO - [2023-03-14T14:10:50.870+0000] {dagbag.py:538} INFO - Filling up the DagBag from /home/airflow/.local/lib/python3.7/site-packages/airflow/example_dags/tutorial.py
[2023-03-14T14:10:50.908+0000] {processor.py:753} INFO - DAG(s) dict_keys(['tutorial']) retrieved from /home/airflow/.local/lib/python3.7/site-packages/airflow/example_dags/tutorial.py
[2023-03-14T14:10:50.989+0000] {logging_mixin.py:137} INFO - [2023-03-14T14:10:50.989+0000] {dag.py:2690} INFO - Sync 1 DAGs
[2023-03-14T14:10:51.057+0000] {logging_mixin.py:137} INFO - [2023-03-14T14:10:51.057+0000] {dag.py:3441} INFO - Setting next_dagrun for tutorial to 2023-03-13T14:10:51.046334+00:00, run_after=2023-03-14T14:10:51.046334+00:00
[2023-03-14T14:10:51.097+0000] {processor.py:175} INFO - Processing /home/airflow/.local/lib/python3.7/site-packages/airflow/example_dags/tutorial.py took 0.244 seconds
[2023-03-14T14:11:21.539+0000] {processor.py:153} INFO - Started process (PID=4003) to work on /home/airflow/.local/lib/python3.7/site-packages/airflow/example_dags/tutorial.py
[2023-03-14T14:11:21.543+0000] {processor.py:743} INFO - Processing file /home/airflow/.local/lib/python3.7/site-packages/airflow/example_dags/tutorial.py for tasks to queue
[2023-03-14T14:11:21.543+0000] {logging_mixin.py:137} INFO - [2023-03-14T14:11:21.543+0000] {dagbag.py:538} INFO - Filling up the DagBag from /home/airflow/.local/lib/python3.7/site-packages/airflow/example_dags/tutorial.py
[2023-03-14T14:11:21.584+0000] {processor.py:753} INFO - DAG(s) dict_keys(['tutorial']) retrieved from /home/airflow/.local/lib/python3.7/site-packages/airflow/example_dags/tutorial.py
[2023-03-14T14:11:21.631+0000] {logging_mixin.py:137} INFO - [2023-03-14T14:11:21.631+0000] {dag.py:2690} INFO - Sync 1 DAGs
[2023-03-14T14:11:21.686+0000] {logging_mixin.py:137} INFO - [2023-03-14T14:11:21.686+0000] {dag.py:3441} INFO - Setting next_dagrun for tutorial to 2023-03-13T14:11:21.686195+00:00, run_after=2023-03-14T14:11:21.686195+00:00
[2023-03-14T14:11:21.721+0000] {processor.py:175} INFO - Processing /home/airflow/.local/lib/python3.7/site-packages/airflow/example_dags/tutorial.py took 0.188 seconds
[2023-03-14T14:11:51.944+0000] {processor.py:153} INFO - Started process (PID=4219) to work on /home/airflow/.local/lib/python3.7/site-packages/airflow/example_dags/tutorial.py
[2023-03-14T14:11:51.946+0000] {processor.py:743} INFO - Processing file /home/airflow/.local/lib/python3.7/site-packages/airflow/example_dags/tutorial.py for tasks to queue
[2023-03-14T14:11:51.947+0000] {logging_mixin.py:137} INFO - [2023-03-14T14:11:51.946+0000] {dagbag.py:538} INFO - Filling up the DagBag from /home/airflow/.local/lib/python3.7/site-packages/airflow/example_dags/tutorial.py
[2023-03-14T14:11:51.996+0000] {processor.py:753} INFO - DAG(s) dict_keys(['tutorial']) retrieved from /home/airflow/.local/lib/python3.7/site-packages/airflow/example_dags/tutorial.py
[2023-03-14T14:11:52.050+0000] {logging_mixin.py:137} INFO - [2023-03-14T14:11:52.050+0000] {dag.py:2690} INFO - Sync 1 DAGs
[2023-03-14T14:11:52.186+0000] {logging_mixin.py:137} INFO - [2023-03-14T14:11:52.186+0000] {dag.py:3441} INFO - Setting next_dagrun for tutorial to 2023-03-13T14:11:52.185660+00:00, run_after=2023-03-14T14:11:52.185660+00:00
[2023-03-14T14:11:52.264+0000] {processor.py:175} INFO - Processing /home/airflow/.local/lib/python3.7/site-packages/airflow/example_dags/tutorial.py took 0.327 seconds
[2023-03-14T14:12:22.793+0000] {processor.py:153} INFO - Started process (PID=4433) to work on /home/airflow/.local/lib/python3.7/site-packages/airflow/example_dags/tutorial.py
[2023-03-14T14:12:22.797+0000] {processor.py:743} INFO - Processing file /home/airflow/.local/lib/python3.7/site-packages/airflow/example_dags/tutorial.py for tasks to queue
[2023-03-14T14:12:22.799+0000] {logging_mixin.py:137} INFO - [2023-03-14T14:12:22.798+0000] {dagbag.py:538} INFO - Filling up the DagBag from /home/airflow/.local/lib/python3.7/site-packages/airflow/example_dags/tutorial.py
[2023-03-14T14:12:22.819+0000] {processor.py:753} INFO - DAG(s) dict_keys(['tutorial']) retrieved from /home/airflow/.local/lib/python3.7/site-packages/airflow/example_dags/tutorial.py
[2023-03-14T14:12:22.859+0000] {logging_mixin.py:137} INFO - [2023-03-14T14:12:22.859+0000] {dag.py:2690} INFO - Sync 1 DAGs
[2023-03-14T14:12:22.905+0000] {logging_mixin.py:137} INFO - [2023-03-14T14:12:22.905+0000] {dag.py:3441} INFO - Setting next_dagrun for tutorial to 2023-03-13T14:12:22.905201+00:00, run_after=2023-03-14T14:12:22.905201+00:00
[2023-03-14T14:12:22.942+0000] {processor.py:175} INFO - Processing /home/airflow/.local/lib/python3.7/site-packages/airflow/example_dags/tutorial.py took 0.154 seconds
[2023-03-14T14:12:53.067+0000] {processor.py:153} INFO - Started process (PID=4649) to work on /home/airflow/.local/lib/python3.7/site-packages/airflow/example_dags/tutorial.py
[2023-03-14T14:12:53.070+0000] {processor.py:743} INFO - Processing file /home/airflow/.local/lib/python3.7/site-packages/airflow/example_dags/tutorial.py for tasks to queue
[2023-03-14T14:12:53.073+0000] {logging_mixin.py:137} INFO - [2023-03-14T14:12:53.073+0000] {dagbag.py:538} INFO - Filling up the DagBag from /home/airflow/.local/lib/python3.7/site-packages/airflow/example_dags/tutorial.py
[2023-03-14T14:12:53.097+0000] {processor.py:753} INFO - DAG(s) dict_keys(['tutorial']) retrieved from /home/airflow/.local/lib/python3.7/site-packages/airflow/example_dags/tutorial.py
[2023-03-14T14:12:53.171+0000] {logging_mixin.py:137} INFO - [2023-03-14T14:12:53.170+0000] {dag.py:2690} INFO - Sync 1 DAGs
[2023-03-14T14:12:53.219+0000] {logging_mixin.py:137} INFO - [2023-03-14T14:12:53.219+0000] {dag.py:3441} INFO - Setting next_dagrun for tutorial to 2023-03-13T14:12:53.219007+00:00, run_after=2023-03-14T14:12:53.219007+00:00
[2023-03-14T14:12:53.273+0000] {processor.py:175} INFO - Processing /home/airflow/.local/lib/python3.7/site-packages/airflow/example_dags/tutorial.py took 0.245 seconds
[2023-03-14T14:13:23.981+0000] {processor.py:153} INFO - Started process (PID=4863) to work on /home/airflow/.local/lib/python3.7/site-packages/airflow/example_dags/tutorial.py
[2023-03-14T14:13:23.984+0000] {processor.py:743} INFO - Processing file /home/airflow/.local/lib/python3.7/site-packages/airflow/example_dags/tutorial.py for tasks to queue
[2023-03-14T14:13:23.987+0000] {logging_mixin.py:137} INFO - [2023-03-14T14:13:23.985+0000] {dagbag.py:538} INFO - Filling up the DagBag from /home/airflow/.local/lib/python3.7/site-packages/airflow/example_dags/tutorial.py
[2023-03-14T14:13:24.047+0000] {processor.py:753} INFO - DAG(s) dict_keys(['tutorial']) retrieved from /home/airflow/.local/lib/python3.7/site-packages/airflow/example_dags/tutorial.py
[2023-03-14T14:13:24.133+0000] {logging_mixin.py:137} INFO - [2023-03-14T14:13:24.133+0000] {dag.py:2690} INFO - Sync 1 DAGs
[2023-03-14T14:13:24.204+0000] {logging_mixin.py:137} INFO - [2023-03-14T14:13:24.204+0000] {dag.py:3441} INFO - Setting next_dagrun for tutorial to 2023-03-13T14:13:24.203849+00:00, run_after=2023-03-14T14:13:24.203849+00:00
[2023-03-14T14:13:24.260+0000] {processor.py:175} INFO - Processing /home/airflow/.local/lib/python3.7/site-packages/airflow/example_dags/tutorial.py took 0.291 seconds
[2023-03-14T14:13:54.601+0000] {processor.py:153} INFO - Started process (PID=5076) to work on /home/airflow/.local/lib/python3.7/site-packages/airflow/example_dags/tutorial.py
[2023-03-14T14:13:54.605+0000] {processor.py:743} INFO - Processing file /home/airflow/.local/lib/python3.7/site-packages/airflow/example_dags/tutorial.py for tasks to queue
[2023-03-14T14:13:54.606+0000] {logging_mixin.py:137} INFO - [2023-03-14T14:13:54.606+0000] {dagbag.py:538} INFO - Filling up the DagBag from /home/airflow/.local/lib/python3.7/site-packages/airflow/example_dags/tutorial.py
[2023-03-14T14:13:54.632+0000] {processor.py:753} INFO - DAG(s) dict_keys(['tutorial']) retrieved from /home/airflow/.local/lib/python3.7/site-packages/airflow/example_dags/tutorial.py
[2023-03-14T14:13:54.668+0000] {logging_mixin.py:137} INFO - [2023-03-14T14:13:54.668+0000] {dag.py:2690} INFO - Sync 1 DAGs
[2023-03-14T14:13:54.753+0000] {logging_mixin.py:137} INFO - [2023-03-14T14:13:54.753+0000] {dag.py:3441} INFO - Setting next_dagrun for tutorial to 2023-03-13T14:13:54.753239+00:00, run_after=2023-03-14T14:13:54.753239+00:00
[2023-03-14T14:13:54.822+0000] {processor.py:175} INFO - Processing /home/airflow/.local/lib/python3.7/site-packages/airflow/example_dags/tutorial.py took 0.244 seconds
[2023-03-14T14:14:25.675+0000] {processor.py:153} INFO - Started process (PID=5293) to work on /home/airflow/.local/lib/python3.7/site-packages/airflow/example_dags/tutorial.py
[2023-03-14T14:14:25.681+0000] {processor.py:743} INFO - Processing file /home/airflow/.local/lib/python3.7/site-packages/airflow/example_dags/tutorial.py for tasks to queue
[2023-03-14T14:14:25.682+0000] {logging_mixin.py:137} INFO - [2023-03-14T14:14:25.681+0000] {dagbag.py:538} INFO - Filling up the DagBag from /home/airflow/.local/lib/python3.7/site-packages/airflow/example_dags/tutorial.py
[2023-03-14T14:14:25.715+0000] {processor.py:753} INFO - DAG(s) dict_keys(['tutorial']) retrieved from /home/airflow/.local/lib/python3.7/site-packages/airflow/example_dags/tutorial.py
[2023-03-14T14:14:25.754+0000] {logging_mixin.py:137} INFO - [2023-03-14T14:14:25.754+0000] {dag.py:2690} INFO - Sync 1 DAGs
[2023-03-14T14:14:25.798+0000] {logging_mixin.py:137} INFO - [2023-03-14T14:14:25.798+0000] {dag.py:3441} INFO - Setting next_dagrun for tutorial to 2023-03-13T14:14:25.798073+00:00, run_after=2023-03-14T14:14:25.798073+00:00
[2023-03-14T14:14:25.828+0000] {processor.py:175} INFO - Processing /home/airflow/.local/lib/python3.7/site-packages/airflow/example_dags/tutorial.py took 0.167 seconds
[2023-03-14T14:14:56.363+0000] {processor.py:153} INFO - Started process (PID=5518) to work on /home/airflow/.local/lib/python3.7/site-packages/airflow/example_dags/tutorial.py
[2023-03-14T14:14:56.366+0000] {processor.py:743} INFO - Processing file /home/airflow/.local/lib/python3.7/site-packages/airflow/example_dags/tutorial.py for tasks to queue
[2023-03-14T14:14:56.368+0000] {logging_mixin.py:137} INFO - [2023-03-14T14:14:56.368+0000] {dagbag.py:538} INFO - Filling up the DagBag from /home/airflow/.local/lib/python3.7/site-packages/airflow/example_dags/tutorial.py
[2023-03-14T14:14:56.418+0000] {processor.py:753} INFO - DAG(s) dict_keys(['tutorial']) retrieved from /home/airflow/.local/lib/python3.7/site-packages/airflow/example_dags/tutorial.py
[2023-03-14T14:14:56.587+0000] {logging_mixin.py:137} INFO - [2023-03-14T14:14:56.586+0000] {dag.py:2690} INFO - Sync 1 DAGs
[2023-03-14T14:14:56.674+0000] {logging_mixin.py:137} INFO - [2023-03-14T14:14:56.674+0000] {dag.py:3441} INFO - Setting next_dagrun for tutorial to 2023-03-13T14:14:56.673870+00:00, run_after=2023-03-14T14:14:56.673870+00:00
[2023-03-14T14:14:56.746+0000] {processor.py:175} INFO - Processing /home/airflow/.local/lib/python3.7/site-packages/airflow/example_dags/tutorial.py took 0.388 seconds
[2023-03-14T14:15:27.244+0000] {processor.py:153} INFO - Started process (PID=5731) to work on /home/airflow/.local/lib/python3.7/site-packages/airflow/example_dags/tutorial.py
[2023-03-14T14:15:27.247+0000] {processor.py:743} INFO - Processing file /home/airflow/.local/lib/python3.7/site-packages/airflow/example_dags/tutorial.py for tasks to queue
[2023-03-14T14:15:27.249+0000] {logging_mixin.py:137} INFO - [2023-03-14T14:15:27.249+0000] {dagbag.py:538} INFO - Filling up the DagBag from /home/airflow/.local/lib/python3.7/site-packages/airflow/example_dags/tutorial.py
[2023-03-14T14:15:27.295+0000] {processor.py:753} INFO - DAG(s) dict_keys(['tutorial']) retrieved from /home/airflow/.local/lib/python3.7/site-packages/airflow/example_dags/tutorial.py
[2023-03-14T14:15:27.362+0000] {logging_mixin.py:137} INFO - [2023-03-14T14:15:27.362+0000] {dag.py:2690} INFO - Sync 1 DAGs
[2023-03-14T14:15:27.471+0000] {logging_mixin.py:137} INFO - [2023-03-14T14:15:27.470+0000] {dag.py:3441} INFO - Setting next_dagrun for tutorial to 2023-03-13T14:15:27.470321+00:00, run_after=2023-03-14T14:15:27.470321+00:00
[2023-03-14T14:15:27.561+0000] {processor.py:175} INFO - Processing /home/airflow/.local/lib/python3.7/site-packages/airflow/example_dags/tutorial.py took 0.322 seconds
