[2023-03-14T14:08:49.342+0000] {taskinstance.py:1083} INFO - Dependencies all met for <TaskInstance: example_bash_operator.runme_1 scheduled__2023-03-13T00:00:00+00:00 [queued]>
[2023-03-14T14:08:49.425+0000] {taskinstance.py:1083} INFO - Dependencies all met for <TaskInstance: example_bash_operator.runme_1 scheduled__2023-03-13T00:00:00+00:00 [queued]>
[2023-03-14T14:08:49.425+0000] {taskinstance.py:1279} INFO - 
--------------------------------------------------------------------------------
[2023-03-14T14:08:49.437+0000] {taskinstance.py:1280} INFO - Starting attempt 1 of 1
[2023-03-14T14:08:49.439+0000] {taskinstance.py:1281} INFO - 
--------------------------------------------------------------------------------
[2023-03-14T14:08:49.512+0000] {taskinstance.py:1300} INFO - Executing <Task(BashOperator): runme_1> on 2023-03-13 00:00:00+00:00
[2023-03-14T14:08:49.541+0000] {standard_task_runner.py:55} INFO - Started process 2937 to run task
[2023-03-14T14:08:49.621+0000] {standard_task_runner.py:82} INFO - Running: ['***', 'tasks', 'run', 'example_bash_operator', 'runme_1', 'scheduled__2023-03-13T00:00:00+00:00', '--job-id', '5', '--raw', '--subdir', '/home/***/.local/lib/python3.7/site-packages/***/example_dags/example_bash_operator.py', '--cfg-path', '/tmp/tmpzekuhor0']
[2023-03-14T14:08:49.622+0000] {standard_task_runner.py:83} INFO - Job 5: Subtask runme_1
[2023-03-14T14:08:50.314+0000] {task_command.py:388} INFO - Running <TaskInstance: example_bash_operator.runme_1 scheduled__2023-03-13T00:00:00+00:00 [running]> on host 3af46df20a26
[2023-03-14T14:08:50.840+0000] {taskinstance.py:1509} INFO - Exporting the following env vars:
AIRFLOW_CTX_DAG_OWNER=***
AIRFLOW_CTX_DAG_ID=example_bash_operator
AIRFLOW_CTX_TASK_ID=runme_1
AIRFLOW_CTX_EXECUTION_DATE=2023-03-13T00:00:00+00:00
AIRFLOW_CTX_TRY_NUMBER=1
AIRFLOW_CTX_DAG_RUN_ID=scheduled__2023-03-13T00:00:00+00:00
[2023-03-14T14:08:50.938+0000] {subprocess.py:63} INFO - Tmp dir root location: 
 /tmp
[2023-03-14T14:08:50.945+0000] {subprocess.py:75} INFO - Running command: ['/bin/bash', '-c', 'echo "example_bash_operator__runme_1__20230313" && sleep 1']
[2023-03-14T14:08:51.038+0000] {subprocess.py:86} INFO - Output:
[2023-03-14T14:08:51.279+0000] {subprocess.py:93} INFO - example_bash_operator__runme_1__20230313
[2023-03-14T14:08:52.303+0000] {subprocess.py:97} INFO - Command exited with return code 0
[2023-03-14T14:08:52.530+0000] {taskinstance.py:1323} INFO - Marking task as SUCCESS. dag_id=example_bash_operator, task_id=runme_1, execution_date=20230313T000000, start_date=20230314T140849, end_date=20230314T140852
[2023-03-14T14:08:52.709+0000] {local_task_job.py:208} INFO - Task exited with return code 0
[2023-03-14T14:08:52.827+0000] {taskinstance.py:2578} INFO - 1 downstream tasks scheduled from follow-on schedule check
