[2023-03-14T14:08:54.334+0000] {taskinstance.py:1083} INFO - Dependencies all met for <TaskInstance: example_bash_operator.run_after_loop scheduled__2023-03-13T00:00:00+00:00 [queued]>
[2023-03-14T14:08:54.352+0000] {taskinstance.py:1083} INFO - Dependencies all met for <TaskInstance: example_bash_operator.run_after_loop scheduled__2023-03-13T00:00:00+00:00 [queued]>
[2023-03-14T14:08:54.352+0000] {taskinstance.py:1279} INFO - 
--------------------------------------------------------------------------------
[2023-03-14T14:08:54.352+0000] {taskinstance.py:1280} INFO - Starting attempt 1 of 1
[2023-03-14T14:08:54.352+0000] {taskinstance.py:1281} INFO - 
--------------------------------------------------------------------------------
[2023-03-14T14:08:54.387+0000] {taskinstance.py:1300} INFO - Executing <Task(BashOperator): run_after_loop> on 2023-03-13 00:00:00+00:00
[2023-03-14T14:08:54.394+0000] {standard_task_runner.py:55} INFO - Started process 3002 to run task
[2023-03-14T14:08:54.405+0000] {standard_task_runner.py:82} INFO - Running: ['***', 'tasks', 'run', 'example_bash_operator', 'run_after_loop', 'scheduled__2023-03-13T00:00:00+00:00', '--job-id', '8', '--raw', '--subdir', '/home/***/.local/lib/python3.7/site-packages/***/example_dags/example_bash_operator.py', '--cfg-path', '/tmp/tmppj8xln_5']
[2023-03-14T14:08:54.406+0000] {standard_task_runner.py:83} INFO - Job 8: Subtask run_after_loop
[2023-03-14T14:08:54.718+0000] {task_command.py:388} INFO - Running <TaskInstance: example_bash_operator.run_after_loop scheduled__2023-03-13T00:00:00+00:00 [running]> on host 3af46df20a26
[2023-03-14T14:08:55.036+0000] {taskinstance.py:1509} INFO - Exporting the following env vars:
AIRFLOW_CTX_DAG_OWNER=***
AIRFLOW_CTX_DAG_ID=example_bash_operator
AIRFLOW_CTX_TASK_ID=run_after_loop
AIRFLOW_CTX_EXECUTION_DATE=2023-03-13T00:00:00+00:00
AIRFLOW_CTX_TRY_NUMBER=1
AIRFLOW_CTX_DAG_RUN_ID=scheduled__2023-03-13T00:00:00+00:00
[2023-03-14T14:08:55.045+0000] {subprocess.py:63} INFO - Tmp dir root location: 
 /tmp
[2023-03-14T14:08:55.051+0000] {subprocess.py:75} INFO - Running command: ['/bin/bash', '-c', 'echo 1']
[2023-03-14T14:08:55.143+0000] {subprocess.py:86} INFO - Output:
[2023-03-14T14:08:55.150+0000] {subprocess.py:93} INFO - 1
[2023-03-14T14:08:55.152+0000] {subprocess.py:97} INFO - Command exited with return code 0
[2023-03-14T14:08:55.393+0000] {taskinstance.py:1323} INFO - Marking task as SUCCESS. dag_id=example_bash_operator, task_id=run_after_loop, execution_date=20230313T000000, start_date=20230314T140854, end_date=20230314T140855
[2023-03-14T14:08:55.523+0000] {local_task_job.py:208} INFO - Task exited with return code 0
[2023-03-14T14:08:55.701+0000] {taskinstance.py:2578} INFO - 0 downstream tasks scheduled from follow-on schedule check
