[2023-03-14T14:09:16.526+0000] {taskinstance.py:1083} INFO - Dependencies all met for <TaskInstance: example_bash_operator.this_will_skip manual__2023-03-14T14:09:12.070525+00:00 [queued]>
[2023-03-14T14:09:16.571+0000] {taskinstance.py:1083} INFO - Dependencies all met for <TaskInstance: example_bash_operator.this_will_skip manual__2023-03-14T14:09:12.070525+00:00 [queued]>
[2023-03-14T14:09:16.571+0000] {taskinstance.py:1279} INFO - 
--------------------------------------------------------------------------------
[2023-03-14T14:09:16.575+0000] {taskinstance.py:1280} INFO - Starting attempt 1 of 1
[2023-03-14T14:09:16.576+0000] {taskinstance.py:1281} INFO - 
--------------------------------------------------------------------------------
[2023-03-14T14:09:16.683+0000] {taskinstance.py:1300} INFO - Executing <Task(BashOperator): this_will_skip> on 2023-03-14 14:09:12.070525+00:00
[2023-03-14T14:09:16.706+0000] {standard_task_runner.py:55} INFO - Started process 3119 to run task
[2023-03-14T14:09:16.730+0000] {standard_task_runner.py:82} INFO - Running: ['***', 'tasks', 'run', 'example_bash_operator', 'this_will_skip', 'manual__2023-03-14T14:09:12.070525+00:00', '--job-id', '9', '--raw', '--subdir', '/home/***/.local/lib/python3.7/site-packages/***/example_dags/example_bash_operator.py', '--cfg-path', '/tmp/tmpyjh8b1ym']
[2023-03-14T14:09:16.730+0000] {standard_task_runner.py:83} INFO - Job 9: Subtask this_will_skip
[2023-03-14T14:09:17.231+0000] {task_command.py:388} INFO - Running <TaskInstance: example_bash_operator.this_will_skip manual__2023-03-14T14:09:12.070525+00:00 [running]> on host 3af46df20a26
[2023-03-14T14:09:17.990+0000] {taskinstance.py:1509} INFO - Exporting the following env vars:
AIRFLOW_CTX_DAG_OWNER=***
AIRFLOW_CTX_DAG_ID=example_bash_operator
AIRFLOW_CTX_TASK_ID=this_will_skip
AIRFLOW_CTX_EXECUTION_DATE=2023-03-14T14:09:12.070525+00:00
AIRFLOW_CTX_TRY_NUMBER=1
AIRFLOW_CTX_DAG_RUN_ID=manual__2023-03-14T14:09:12.070525+00:00
[2023-03-14T14:09:18.019+0000] {subprocess.py:63} INFO - Tmp dir root location: 
 /tmp
[2023-03-14T14:09:18.039+0000] {subprocess.py:75} INFO - Running command: ['/bin/bash', '-c', 'echo "hello world"; exit 99;']
[2023-03-14T14:09:18.136+0000] {subprocess.py:86} INFO - Output:
[2023-03-14T14:09:18.335+0000] {subprocess.py:93} INFO - hello world
[2023-03-14T14:09:18.352+0000] {subprocess.py:97} INFO - Command exited with return code 99
[2023-03-14T14:09:18.353+0000] {taskinstance.py:1398} INFO - Bash command returned exit code 99. Skipping.
[2023-03-14T14:09:18.402+0000] {taskinstance.py:1323} INFO - Marking task as SKIPPED. dag_id=example_bash_operator, task_id=this_will_skip, execution_date=20230314T140912, start_date=20230314T140916, end_date=20230314T140918
[2023-03-14T14:09:18.569+0000] {local_task_job.py:208} INFO - Task exited with return code 0
[2023-03-14T14:09:18.644+0000] {taskinstance.py:2578} INFO - 0 downstream tasks scheduled from follow-on schedule check
