[2023-03-14T14:09:17.370+0000] {taskinstance.py:1083} INFO - Dependencies all met for <TaskInstance: example_bash_operator.also_run_this manual__2023-03-14T14:09:12.070525+00:00 [queued]>
[2023-03-14T14:09:17.468+0000] {taskinstance.py:1083} INFO - Dependencies all met for <TaskInstance: example_bash_operator.also_run_this manual__2023-03-14T14:09:12.070525+00:00 [queued]>
[2023-03-14T14:09:17.472+0000] {taskinstance.py:1279} INFO - 
--------------------------------------------------------------------------------
[2023-03-14T14:09:17.473+0000] {taskinstance.py:1280} INFO - Starting attempt 1 of 1
[2023-03-14T14:09:17.473+0000] {taskinstance.py:1281} INFO - 
--------------------------------------------------------------------------------
[2023-03-14T14:09:17.588+0000] {taskinstance.py:1300} INFO - Executing <Task(BashOperator): also_run_this> on 2023-03-14 14:09:12.070525+00:00
[2023-03-14T14:09:17.616+0000] {standard_task_runner.py:55} INFO - Started process 3133 to run task
[2023-03-14T14:09:17.658+0000] {standard_task_runner.py:82} INFO - Running: ['***', 'tasks', 'run', 'example_bash_operator', 'also_run_this', 'manual__2023-03-14T14:09:12.070525+00:00', '--job-id', '13', '--raw', '--subdir', '/home/***/.local/lib/python3.7/site-packages/***/example_dags/example_bash_operator.py', '--cfg-path', '/tmp/tmphh925_1i']
[2023-03-14T14:09:17.672+0000] {standard_task_runner.py:83} INFO - Job 13: Subtask also_run_this
[2023-03-14T14:09:18.189+0000] {task_command.py:388} INFO - Running <TaskInstance: example_bash_operator.also_run_this manual__2023-03-14T14:09:12.070525+00:00 [running]> on host 3af46df20a26
[2023-03-14T14:09:18.645+0000] {taskinstance.py:1509} INFO - Exporting the following env vars:
AIRFLOW_CTX_DAG_OWNER=***
AIRFLOW_CTX_DAG_ID=example_bash_operator
AIRFLOW_CTX_TASK_ID=also_run_this
AIRFLOW_CTX_EXECUTION_DATE=2023-03-14T14:09:12.070525+00:00
AIRFLOW_CTX_TRY_NUMBER=1
AIRFLOW_CTX_DAG_RUN_ID=manual__2023-03-14T14:09:12.070525+00:00
[2023-03-14T14:09:18.648+0000] {subprocess.py:63} INFO - Tmp dir root location: 
 /tmp
[2023-03-14T14:09:18.652+0000] {subprocess.py:75} INFO - Running command: ['/bin/bash', '-c', 'echo "ti_key=example_bash_operator__also_run_this__20230314"']
[2023-03-14T14:09:18.723+0000] {subprocess.py:86} INFO - Output:
[2023-03-14T14:09:18.735+0000] {subprocess.py:93} INFO - ti_key=example_bash_operator__also_run_this__20230314
[2023-03-14T14:09:18.738+0000] {subprocess.py:97} INFO - Command exited with return code 0
[2023-03-14T14:09:18.814+0000] {taskinstance.py:1323} INFO - Marking task as SUCCESS. dag_id=example_bash_operator, task_id=also_run_this, execution_date=20230314T140912, start_date=20230314T140917, end_date=20230314T140918
[2023-03-14T14:09:18.883+0000] {local_task_job.py:208} INFO - Task exited with return code 0
[2023-03-14T14:09:18.971+0000] {taskinstance.py:2578} INFO - 0 downstream tasks scheduled from follow-on schedule check
