[2023-03-14T14:09:16.886+0000] {taskinstance.py:1083} INFO - Dependencies all met for <TaskInstance: example_bash_operator.runme_1 manual__2023-03-14T14:09:12.070525+00:00 [queued]>
[2023-03-14T14:09:17.017+0000] {taskinstance.py:1083} INFO - Dependencies all met for <TaskInstance: example_bash_operator.runme_1 manual__2023-03-14T14:09:12.070525+00:00 [queued]>
[2023-03-14T14:09:17.018+0000] {taskinstance.py:1279} INFO - 
--------------------------------------------------------------------------------
[2023-03-14T14:09:17.018+0000] {taskinstance.py:1280} INFO - Starting attempt 1 of 1
[2023-03-14T14:09:17.019+0000] {taskinstance.py:1281} INFO - 
--------------------------------------------------------------------------------
[2023-03-14T14:09:17.152+0000] {taskinstance.py:1300} INFO - Executing <Task(BashOperator): runme_1> on 2023-03-14 14:09:12.070525+00:00
[2023-03-14T14:09:17.202+0000] {standard_task_runner.py:55} INFO - Started process 3127 to run task
[2023-03-14T14:09:17.249+0000] {standard_task_runner.py:82} INFO - Running: ['***', 'tasks', 'run', 'example_bash_operator', 'runme_1', 'manual__2023-03-14T14:09:12.070525+00:00', '--job-id', '12', '--raw', '--subdir', '/home/***/.local/lib/python3.7/site-packages/***/example_dags/example_bash_operator.py', '--cfg-path', '/tmp/tmp8q9z7n4d']
[2023-03-14T14:09:17.253+0000] {standard_task_runner.py:83} INFO - Job 12: Subtask runme_1
[2023-03-14T14:09:17.855+0000] {task_command.py:388} INFO - Running <TaskInstance: example_bash_operator.runme_1 manual__2023-03-14T14:09:12.070525+00:00 [running]> on host 3af46df20a26
[2023-03-14T14:09:18.445+0000] {taskinstance.py:1509} INFO - Exporting the following env vars:
AIRFLOW_CTX_DAG_OWNER=***
AIRFLOW_CTX_DAG_ID=example_bash_operator
AIRFLOW_CTX_TASK_ID=runme_1
AIRFLOW_CTX_EXECUTION_DATE=2023-03-14T14:09:12.070525+00:00
AIRFLOW_CTX_TRY_NUMBER=1
AIRFLOW_CTX_DAG_RUN_ID=manual__2023-03-14T14:09:12.070525+00:00
[2023-03-14T14:09:18.449+0000] {subprocess.py:63} INFO - Tmp dir root location: 
 /tmp
[2023-03-14T14:09:18.453+0000] {subprocess.py:75} INFO - Running command: ['/bin/bash', '-c', 'echo "example_bash_operator__runme_1__20230314" && sleep 1']
[2023-03-14T14:09:18.505+0000] {subprocess.py:86} INFO - Output:
[2023-03-14T14:09:18.532+0000] {subprocess.py:93} INFO - example_bash_operator__runme_1__20230314
[2023-03-14T14:09:19.542+0000] {subprocess.py:97} INFO - Command exited with return code 0
[2023-03-14T14:09:19.666+0000] {taskinstance.py:1323} INFO - Marking task as SUCCESS. dag_id=example_bash_operator, task_id=runme_1, execution_date=20230314T140912, start_date=20230314T140916, end_date=20230314T140919
[2023-03-14T14:09:19.823+0000] {local_task_job.py:208} INFO - Task exited with return code 0
[2023-03-14T14:09:19.874+0000] {taskinstance.py:2578} INFO - 1 downstream tasks scheduled from follow-on schedule check
