[2023-03-14T14:09:16.814+0000] {taskinstance.py:1083} INFO - Dependencies all met for <TaskInstance: example_bash_operator.runme_0 manual__2023-03-14T14:09:12.070525+00:00 [queued]>
[2023-03-14T14:09:16.869+0000] {taskinstance.py:1083} INFO - Dependencies all met for <TaskInstance: example_bash_operator.runme_0 manual__2023-03-14T14:09:12.070525+00:00 [queued]>
[2023-03-14T14:09:16.870+0000] {taskinstance.py:1279} INFO - 
--------------------------------------------------------------------------------
[2023-03-14T14:09:16.870+0000] {taskinstance.py:1280} INFO - Starting attempt 1 of 1
[2023-03-14T14:09:16.870+0000] {taskinstance.py:1281} INFO - 
--------------------------------------------------------------------------------
[2023-03-14T14:09:16.973+0000] {taskinstance.py:1300} INFO - Executing <Task(BashOperator): runme_0> on 2023-03-14 14:09:12.070525+00:00
[2023-03-14T14:09:17.022+0000] {standard_task_runner.py:55} INFO - Started process 3123 to run task
[2023-03-14T14:09:17.089+0000] {standard_task_runner.py:82} INFO - Running: ['***', 'tasks', 'run', 'example_bash_operator', 'runme_0', 'manual__2023-03-14T14:09:12.070525+00:00', '--job-id', '11', '--raw', '--subdir', '/home/***/.local/lib/python3.7/site-packages/***/example_dags/example_bash_operator.py', '--cfg-path', '/tmp/tmpk6hhtixb']
[2023-03-14T14:09:17.090+0000] {standard_task_runner.py:83} INFO - Job 11: Subtask runme_0
[2023-03-14T14:09:17.529+0000] {task_command.py:388} INFO - Running <TaskInstance: example_bash_operator.runme_0 manual__2023-03-14T14:09:12.070525+00:00 [running]> on host 3af46df20a26
[2023-03-14T14:09:18.224+0000] {taskinstance.py:1509} INFO - Exporting the following env vars:
AIRFLOW_CTX_DAG_OWNER=***
AIRFLOW_CTX_DAG_ID=example_bash_operator
AIRFLOW_CTX_TASK_ID=runme_0
AIRFLOW_CTX_EXECUTION_DATE=2023-03-14T14:09:12.070525+00:00
AIRFLOW_CTX_TRY_NUMBER=1
AIRFLOW_CTX_DAG_RUN_ID=manual__2023-03-14T14:09:12.070525+00:00
[2023-03-14T14:09:18.263+0000] {subprocess.py:63} INFO - Tmp dir root location: 
 /tmp
[2023-03-14T14:09:18.264+0000] {subprocess.py:75} INFO - Running command: ['/bin/bash', '-c', 'echo "example_bash_operator__runme_0__20230314" && sleep 1']
[2023-03-14T14:09:18.323+0000] {subprocess.py:86} INFO - Output:
[2023-03-14T14:09:18.340+0000] {subprocess.py:93} INFO - example_bash_operator__runme_0__20230314
[2023-03-14T14:09:19.398+0000] {subprocess.py:97} INFO - Command exited with return code 0
[2023-03-14T14:09:19.492+0000] {taskinstance.py:1323} INFO - Marking task as SUCCESS. dag_id=example_bash_operator, task_id=runme_0, execution_date=20230314T140912, start_date=20230314T140916, end_date=20230314T140919
[2023-03-14T14:09:19.627+0000] {local_task_job.py:208} INFO - Task exited with return code 0
[2023-03-14T14:09:19.717+0000] {taskinstance.py:2578} INFO - 0 downstream tasks scheduled from follow-on schedule check
